<?xml version="1.0" encoding="UTF-8"?>

<table>
   <tr>
      <td>'</td>
      <td>
         <em>er</em>
         <ex>troeren</ex>
         <ex>terme</ex>
         <ex>esmerellier</ex>
         <ex>mengiertant</ex>
      </td>
      <td>
         <em>ier</em>
         <ex>olentiers</ex>
         <ex>aidierne
</ex>
         <ex>chevaliers</ex>
         <ex>mostiere
</ex>
         <ex>plenier.</ex>
      </td>
      <td>
         <em>os</em>
         <ex>osdirai</ex>
         <ex>nosentr</ex>
         <ex>oseoir</ex>
         <ex>faireosoel</ex>
         <ex>nosa</ex>
         <ex>nosde</ex>
         <ex>eosai</ex>
         <ex>osne</ex>
         <ex>nosa</ex>
         <ex>nosfumes</ex>
         <ex>nos</ex>
         <ex>nosaparoit</ex>
         <ex>osraconteroie</ex>
         <ex>nos</ex>
         <ex>nospe</ex>
         <ex>nosen
</ex>
         <ex>os</ex>
         <ex>osdiroie</ex>
         <ex>osconterai</ex>
         <ex>osen</ex>
         <ex>osos</ex>
         <ex>os
</ex>
         <ex>nose</ex>
      </td>
      <td>
         <em>re</em>
         <ex>prendre.</ex>
         <ex>premiers</ex>
         <ex>entendrene</ex>
      </td>
      <td>
         <em>s</em>
         <ex>us
</ex>
         <ex>sacreficesar</ex>
         <ex>bones</ex>
      </td>
      <td>
         <em>ue</em>
         <ex>queuns</ex>
         <ex>esqueqi</ex>
      </td>
      <td>
         <em>us</em>
         <ex>Beaussignors</ex>
         <ex>Beaussignor</ex>
         <ex>Beausperes</ex>
         <ex>estusde</ex>
         <ex>plus
</ex>
         <ex>plusententi</ex>
         <ex>Beaus
</ex>
         <ex>esperitueusce</ex>
         <ex>Beausfreres</ex>
         <ex>essiausmetre</ex>
         <ex>arceaus</ex>
         <ex>arceaus</ex>
         <ex>enceausdist</ex>
         <ex>porceaus.</ex>
         <ex>enceausau
</ex>
         <ex>Beaussire</ex>
         <ex>enceaussa</ex>
         <ex>enusde</ex>
         <ex>arceaus</ex>
         <ex>ceusqi</ex>
         <ex>dusgardes</ex>
         <ex>enus</ex>
         <ex>iustenues.</ex>
         <ex>tieuschoses</ex>
         <ex>enciaushauz</ex>
         <ex>ceusqi</ex>
         <ex>Beausfiuz</ex>
         <ex>enuscoment</ex>
         <ex>engigneusestoient</ex>
         <ex>enceausdeli</ex>
         <ex>morteusl</ex>
         <ex>euserrachoient
</ex>
         <ex>languereusclop</ex>
         <ex>languereusa</ex>
         <ex>eusensamble</ex>
         <ex>eusq</ex>
         <ex>estussanz</ex>
         <ex>enceauspuceles</ex>
         <ex>chasteausdes
</ex>
         <ex>palezineuspelerins</ex>
         <ex>enceaustenoit</ex>
         <ex>piausde</ex>
         <ex>beausmiracles.</ex>
         <ex>allus</ex>
         <ex>erus</ex>
         <ex>plusconter</ex>
      </td>
   </tr>
   <tr>
      <td>a'</td>
      <td>
         <em>an</em>
         <ex>afairesant</ex>
      </td>
   </tr>
   <tr>
      <td>aᷤ</td>
      <td>
         <em>as</em>
         <ex>ase</ex>
      </td>
   </tr>
   <tr>
      <td>bƺ</td>
      <td>
         <em>bus</em>
         <ex>omnibus</ex>
         <ex>ebus
</ex>
      </td>
   </tr>
   <tr>
      <td>cͥ</td>
      <td>
         <em>Cri</em>
         <ex>Crist</ex>
      </td>
      <td>
         <em>cri</em>
         <ex>ntecrist</ex>
      </td>
   </tr>
   <tr>
      <td>d'</td>
      <td>
         <em>dre</em>
         <ex>pendreen</ex>
      </td>
   </tr>
   <tr>
      <td>dͤ</td>
      <td>
         <em>de</em>
         <ex>gardede</ex>
      </td>
   </tr>
   <tr>
      <td>d</td>
      <td>
         <em>Domin</em>
         <ex>Domins</ex>
         <ex>Domine</ex>
      </td>
   </tr>
   <tr>
      <td>e'</td>
      <td>
         <em>en</em>
         <ex>laidengier</ex>
      </td>
   </tr>
   <tr>
      <td>eᷤ</td>
      <td>
         <em>es</em>
         <ex>deciplessi</ex>
         <ex>mesla</ex>
         <ex>iresli
</ex>
         <ex>choses.</ex>
         <ex>auques</ex>
         <ex>Mespor</ex>
      </td>
   </tr>
   <tr>
      <td>iͣ</td>
      <td>
         <em>rai</em>
         <ex>destraig</ex>
      </td>
   </tr>
   <tr>
      <td>iᷤ</td>
      <td>
         <em>is</em>
         <ex>puisqe</ex>
      </td>
   </tr>
   <tr>
      <td>mlt'</td>
      <td>
         <em>molt</em>
         <ex>moltde</ex>
         <ex>rochemoltestoit</ex>
         <ex>molt
</ex>
         <ex>molta</ex>
         <ex>moltso</ex>
         <ex>moltdocement</ex>
         <ex>moltcruelment</ex>
         <ex>moltdesirroit
</ex>
         <ex>molt</ex>
         <ex>molt</ex>
         <ex>moltdolenz</ex>
         <ex>moltcombrisiez</ex>
         <ex>moltestoit</ex>
         <ex>demoltgrant
</ex>
         <ex>moltbenignement</ex>
         <ex>eslectionmoltproierent</ex>
         <ex>moltgrant</ex>
         <ex>moltriches</ex>
         <ex>moltdolenz
</ex>
         <ex>moltpetit.</ex>
         <ex>moltiau</ex>
         <ex>moltgrant</ex>
         <ex>moltcar</ex>
         <ex>moltqe</ex>
         <ex>moltbenignement.</ex>
         <ex>moltfelon</ex>
         <ex>moltso</ex>
         <ex>moltprodome</ex>
         <ex>moltco</ex>
      </td>
   </tr>
   <tr>
      <td>m̃</td>
      <td>
         <em>mur</em>
         <ex>forsmurs</ex>
      </td>
   </tr>
   <tr>
      <td>m̅</td>
      <td>
         <em>men</em>
         <ex>longuement</ex>
         <ex>isnelement</ex>
         <ex>premierement</ex>
         <ex>meesmement</ex>
         <ex>habundanment.</ex>
         <ex>solement</ex>
         <ex>amonestement</ex>
         <ex>tormenz</ex>
         <ex>ement</ex>
         <ex>eraiement</ex>
         <ex>mencement</ex>
         <ex>dediement</ex>
         <ex>assiduelment</ex>
         <ex>heitiement</ex>
         <ex>tormentoit</ex>
         <ex>oignement</ex>
         <ex>longuement.</ex>
         <ex>esleecement.</ex>
         <ex>erranment</ex>
         <ex>comandemenz</ex>
         <ex>comandement</ex>
         <ex>durement</ex>
         <ex>docement</ex>
         <ex>rement</ex>
         <ex>benignement</ex>
         <ex>menablement</ex>
         <ex>solement</ex>
         <ex>belement</ex>
         <ex>seulement</ex>
         <ex>hautement</ex>
         <ex>raiement</ex>
         <ex>solement</ex>
         <ex>seulement</ex>
         <ex>pleinement</ex>
         <ex>hardiement</ex>
         <ex>meesmement</ex>
         <ex>seulement</ex>
         <ex>Ensement</ex>
         <ex>isnelement</ex>
         <ex>ement.</ex>
         <ex>autrement</ex>
         <ex>pleinement</ex>
      </td>
      <td>
         <em>mer</em>
         <ex>merel</ex>
      </td>
   </tr>
   <tr>
      <td>mͣ</td>
      <td>
         <em>Mar</em>
         <ex> Mart</ex>
         <ex>Mart</ex>
      </td>
   </tr>
   <tr>
      <td>nͣ</td>
      <td>
         <em>an</em>
         <ex>Qant</ex>
         <ex>mestierant</ex>
         <ex>qant</ex>
         <ex>Qant</ex>
         <ex>qant</ex>
         <ex>qant</ex>
         <ex>Qant</ex>
         <ex>Qant</ex>
         <ex>qant</ex>
         <ex>Qant</ex>
         <ex>Qant</ex>
         <ex>Qant</ex>
         <ex>Qant</ex>
         <ex>Qant</ex>
         <ex>Qant</ex>
         <ex>Qant</ex>
         <ex>qant</ex>
         <ex>qant</ex>
         <ex>Qant</ex>
         <ex>Qant</ex>
         <ex>qant</ex>
         <ex>qant</ex>
         <ex>qant</ex>
         <ex>qant</ex>
         <ex>Qant</ex>
         <ex>Qant</ex>
         <ex>qant</ex>
         <ex>Qant</ex>
         <ex>Qant</ex>
         <ex>qant</ex>
         <ex>qant</ex>
         <ex>Qant</ex>
         <ex>Qant</ex>
         <ex>Qant</ex>
         <ex>qant</ex>
         <ex>Qant</ex>
         <ex>Qant</ex>
         <ex>Qant</ex>
         <ex>qant</ex>
         <ex>qant</ex>
         <ex>qant</ex>
         <ex>qant</ex>
         <ex>qant</ex>
         <ex>qant</ex>
         <ex>qant</ex>
         <ex>Qant</ex>
         <ex>Qant</ex>
         <ex>Qant</ex>
         <ex>Qant</ex>
         <ex>qant</ex>
         <ex>Qant</ex>
         <ex>qant</ex>
         <ex>qant</ex>
         <ex>qant</ex>
         <ex>Qant</ex>
         <ex>qant</ex>
      </td>
      <td>
         <em>ran</em>
         <ex>granz</ex>
         <ex>granz</ex>
         <ex>grant</ex>
         <ex>grant</ex>
         <ex>grant</ex>
         <ex>grant</ex>
         <ex>grant</ex>
         <ex>grant</ex>
         <ex>grant</ex>
         <ex>grans</ex>
         <ex>grant</ex>
         <ex>grant</ex>
         <ex>grant</ex>
         <ex>grant</ex>
         <ex>grant</ex>
         <ex>granz</ex>
         <ex>grant</ex>
         <ex>granz</ex>
         <ex>grant</ex>
         <ex>grant</ex>
         <ex>grant</ex>
         <ex>grant</ex>
         <ex>grant</ex>
         <ex>grant</ex>
         <ex>grant</ex>
         <ex>granz</ex>
         <ex>grant</ex>
         <ex>grant</ex>
      </td>
   </tr>
   <tr>
      <td>nͥ</td>
      <td>
         <em>nier</em>
         <ex>maniere</ex>
      </td>
   </tr>
   <tr>
      <td>nͬ</td>
      <td>
         <em>nor</em>
         <ex>signordedenz</ex>
      </td>
   </tr>
   <tr>
      <td>nᷤ</td>
      <td>
         <em>ns</em>
         <ex>tens.</ex>
      </td>
   </tr>
   <tr>
      <td>o'</td>
      <td>
         <em>om</em>
         <ex>comli</ex>
         <ex>preudomseinz
</ex>
         <ex>comil</ex>
         <ex>comla</ex>
         <ex>preudom.</ex>
      </td>
      <td>
         <em>on</em>
         <ex>orisona</ex>
         <ex>confessor</ex>
         <ex>confessor</ex>
         <ex>son
</ex>
         <ex>conment</ex>
      </td>
   </tr>
   <tr>
      <td>pͥ</td>
      <td>
         <em>pri</em>
         <ex>espris</ex>
         <ex>prise.</ex>
         <ex>primes</ex>
         <ex>prist</ex>
         <ex>lesprinces</ex>
         <ex>repris</ex>
         <ex>prist</ex>
      </td>
   </tr>
   <tr>
      <td>pͬ</td>
      <td>
         <em>pr</em>
         <ex> pres</ex>
         <ex>esqepres</ex>
      </td>
   </tr>
   <tr>
      <td>q'</td>
      <td>
         <em>q'e</em>
         <ex>q'eles</ex>
         <ex>q'ele</ex>
      </td>
   </tr>
   <tr>
      <td>qƺ</td>
      <td>
         <em>que</em>
         <ex>usque</ex>
      </td>
   </tr>
   <tr>
      <td>qͤ</td>
      <td>
         <em>qe</em>
         <ex>qesi</ex>
      </td>
   </tr>
   <tr>
      <td>qͥ</td>
      <td>
         <em>q'i</em>
         <ex>q'il</ex>
         <ex>q'il</ex>
         <ex>ceq'il</ex>
         <ex>teleq'il</ex>
         <ex>q'il</ex>
         <ex>q'il</ex>
         <ex>q'il</ex>
         <ex>q'il</ex>
         <ex>foisq'il</ex>
      </td>
      <td>
         <em>qi</em>
         <ex>eritqi </ex>
         <ex>esqisi</ex>
         <ex>qiadis</ex>
         <ex>teqi</ex>
         <ex>teqi</ex>
      </td>
   </tr>
   <tr>
      <td>rͤ</td>
      <td>
         <em>re</em>
         <ex>eincoreesgarder</ex>
      </td>
   </tr>
   <tr>
      <td>rͥ</td>
      <td>
         <em>ri</em>
         <ex>grief</ex>
      </td>
   </tr>
   <tr>
      <td>s'</td>
      <td>
         <em>seint</em>
         <ex>seintartin</ex>
         <ex>seintartin</ex>
         <ex>seintartin</ex>
         <ex>seint </ex>
         <ex>seintt</ex>
         <ex>de.seint.</ex>
         <ex>.seint.</ex>
      </td>
   </tr>
   <tr>
      <td>tº</td>
      <td>
         <em>tro</em>
         <ex>estroite.</ex>
      </td>
   </tr>
   <tr>
      <td>tͧ</td>
      <td>
         <em>tur</em>
         <ex>nature</ex>
      </td>
   </tr>
   <tr>
      <td>tᵉ</td>
      <td>
         <em>tre</em>
         <ex>autrel</ex>
         <ex>nostreignor
</ex>
         <ex>nostreignor
</ex>
         <ex>autres</ex>
         <ex>contree</ex>
         <ex>nostreignor</ex>
         <ex>mestres</ex>
         <ex>prestres</ex>
      </td>
   </tr>
   <tr>
      <td>uͥ</td>
      <td>
         <em>vri</em>
         <ex>covrir</ex>
      </td>
   </tr>
   <tr>
      <td>ñ</td>
      <td>
         <em>non</em>
         <ex>non
</ex>
         <ex> non</ex>
      </td>
   </tr>
   <tr>
      <td>ā</td>
      <td>
         <em>am</em>
         <ex>Penitentiam</ex>
         <ex>ensamble</ex>
      </td>
      <td>
         <em>an</em>
         <ex>grant</ex>
         <ex>semblant</ex>
         <ex>marcheanz</ex>
         <ex>meintenant</ex>
         <ex>creance</ex>
         <ex>tramblant</ex>
         <ex>sanblance</ex>
         <ex>enfant</ex>
         <ex>grant</ex>
         <ex>deant</ex>
         <ex>rance</ex>
         <ex>preecant</ex>
         <ex>rance.</ex>
         <ex>tant</ex>
         <ex>anssambl</ex>
         <ex>demandai</ex>
         <ex>grant</ex>
         <ex>manmon
</ex>
         <ex>demanda</ex>
         <ex>sanz
</ex>
         <ex>tant</ex>
         <ex>deant</ex>
         <ex>doutance.</ex>
         <ex>creance</ex>
         <ex>deant</ex>
         <ex>tant</ex>
         <ex>aant</ex>
         <ex>enfant</ex>
         <ex>nsanble</ex>
         <ex>tant</ex>
         <ex>portanz</ex>
         <ex>granz</ex>
         <ex>granz</ex>
         <ex>serant</ex>
         <ex>estrange</ex>
         <ex>sanz</ex>
         <ex>ramembrance</ex>
         <ex>demorance</ex>
         <ex>grant</ex>
         <ex>seranz</ex>
         <ex>ensanble</ex>
         <ex>tant</ex>
         <ex>aant</ex>
         <ex>tant</ex>
         <ex>tant</ex>
         <ex>grant</ex>
         <ex>deant</ex>
         <ex>tant</ex>
         <ex>demanda</ex>
         <ex>deant</ex>
         <ex>repentanz</ex>
         <ex>meintenant</ex>
         <ex>tant</ex>
         <ex>aant</ex>
         <ex>grant</ex>
         <ex>deant</ex>
         <ex>tant</ex>
         <ex>tant</ex>
         <ex>grant</ex>
      </td>
   </tr>
   <tr>
      <td>ē</td>
      <td>
         <em>em</em>
         <ex>temple.</ex>
         <ex>temp</ex>
         <ex>lempereor</ex>
      </td>
      <td>
         <em>en</em>
         <ex>meintient</ex>
         <ex>citoienfirent</ex>
         <ex>esmurent</ex>
         <ex>Quenusurier</ex>
         <ex>genz</ex>
         <ex>tenpore</ex>
         <ex>tenp</ex>
         <ex>distrent</ex>
         <ex>lendemein</ex>
         <ex>prendre</ex>
         <ex>eroient</ex>
         <ex>ssent</ex>
         <ex>paiena</ex>
         <ex>firent</ex>
         <ex>estoient.</ex>
         <ex>alerent</ex>
         <ex>enorter</ex>
         <ex>griement</ex>
         <ex>bien
</ex>
         <ex>biense</ex>
         <ex>pristrent</ex>
         <ex>mengoit</ex>
         <ex>estoient</ex>
         <ex>estoient</ex>
         <ex>mandement</ex>
         <ex>biensanz</ex>
         <ex>distrent</ex>
         <ex>erent</ex>
         <ex>nen </ex>
         <ex>rendi</ex>
         <ex>doient
</ex>
         <ex>respondirent</ex>
         <ex>oenceaus</ex>
         <ex>denpnabitur.</ex>
         <ex>eoient</ex>
         <ex>indrent</ex>
         <ex>pristrent</ex>
         <ex>cenz</ex>
         <ex>cenz</ex>
         <ex>indrent</ex>
         <ex>fesoient</ex>
         <ex>proierent</ex>
         <ex>nenn</ex>
         <ex>menbres</ex>
         <ex>comena</ex>
         <ex>baptizierent</ex>
         <ex>arrestoient.</ex>
         <ex>descendoit</ex>
         <ex>mistrent</ex>
         <ex>respondirent</ex>
         <ex>chastement</ex>
         <ex>olentiers </ex>
         <ex>estoient</ex>
         <ex>lendemein</ex>
         <ex>oierent</ex>
         <ex>estoient</ex>
         <ex>descendre</ex>
         <ex>croient</ex>
         <ex>estoient</ex>
         <ex>pensoient</ex>
         <ex>oient</ex>
         <ex>eoient
</ex>
         <ex>aoroient</ex>
         <ex>trenchier</ex>
         <ex>noient</ex>
         <ex>rieng</ex>
         <ex>paiens</ex>
         <ex>estoient</ex>
         <ex>portoient</ex>
         <ex>ment</ex>
         <ex>menco</ex>
         <ex>biens</ex>
         <ex>roient</ex>
         <ex>indulgense.</ex>
         <ex>bienraconterai</ex>
         <ex>eillierent</ex>
         <ex>bienqe</ex>
         <ex>estoient</ex>
         <ex>enostre</ex>
         <ex>emporteroient</ex>
         <ex>ssent</ex>
         <ex>entendoit</ex>
         <ex>entendi</ex>
         <ex>porpensa</ex>
         <ex>ellierent</ex>
         <ex>erent</ex>
         <ex>genz</ex>
         <ex>estoient</ex>
         <ex>firent</ex>
         <ex>indrent</ex>
         <ex>mendiz</ex>
         <ex>assemblerent</ex>
         <ex>nenconois
</ex>
         <ex>ceens</ex>
         <ex>estoient</ex>
         <ex>argent</ex>
         <ex>amerent.</ex>
         <ex>estoient</ex>
         <ex>nient</ex>
         <ex>riens</ex>
         <ex>proierent</ex>
         <ex>mistrent</ex>
         <ex>ernement</ex>
         <ex>retiegnent</ex>
         <ex>entendoient</ex>
         <ex>dementieres</ex>
         <ex>siens</ex>
         <ex>oient</ex>
         <ex>irent</ex>
         <ex>prendoit</ex>
         <ex>conurent</ex>
         <ex>ssent.</ex>
         <ex>distrent</ex>
         <ex>trestrent</ex>
         <ex>furent</ex>
         <ex>erent.</ex>
         <ex>bienq</ex>
         <ex>partirent</ex>
         <ex>fussent</ex>
         <ex>rendez</ex>
         <ex>donerent</ex>
         <ex>firent</ex>
         <ex>assiduelment</ex>
         <ex>boient.</ex>
         <ex>fussent</ex>
         <ex>prendroient</ex>
         <ex>entrefirent</ex>
         <ex>oient</ex>
         <ex>emporteroient</ex>
         <ex>mistrent</ex>
         <ex>prendre</ex>
         <ex>demanderent</ex>
         <ex>distrent</ex>
         <ex>irent</ex>
         <ex>distrent</ex>
         <ex>distrent</ex>
         <ex>estoient</ex>
         <ex>retrestrent</ex>
         <ex>oient</ex>
         <ex>repristrent</ex>
         <ex>ent</ex>
         <ex>menroient</ex>
         <ex>diemence</ex>
         <ex>ocistrent.</ex>
         <ex>oelent</ex>
         <ex>demorerent</ex>
         <ex>oencel</ex>
         <ex>reclaiment.</ex>
         <ex>senreperierent</ex>
         <ex>menpuisses</ex>
         <ex>alerent</ex>
         <ex>oenceaus</ex>
         <ex>rient</ex>
         <ex>enz</ex>
         <ex>trentiesme</ex>
         <ex>desirroient</ex>
         <ex>argent</ex>
         <ex>soent</ex>
         <ex>menalai</ex>
         <ex>esgardoient.</ex>
         <ex>mencierent</ex>
         <ex>ententi</ex>
         <ex>assistrent</ex>
         <ex>estoient</ex>
         <ex>ient</ex>
         <ex>ssent</ex>
         <ex>hantent</ex>
         <ex>indrent</ex>
         <ex>mengoit</ex>
         <ex>entreil</ex>
         <ex>mengier</ex>
         <ex>oencel</ex>
         <ex>amoient
</ex>
         <ex>habitent</ex>
         <ex>ssent</ex>
         <ex>longement</ex>
         <ex>eoient</ex>
         <ex>irent</ex>
         <ex>ensanglent</ex>
         <ex>comencierent</ex>
         <ex>prensignast
</ex>
         <ex>prensigniez</ex>
         <ex>tesmoignent</ex>
         <ex>fussent</ex>
         <ex>empense.</ex>
         <ex>nentiegent</ex>
         <ex>biensachiez</ex>
         <ex>ient</ex>
         <ex>tesmoigneroient.</ex>
         <ex>tesmoigneroient</ex>
         <ex>dolenz</ex>
         <ex>bienq</ex>
         <ex>bienles</ex>
         <ex>riens</ex>
         <ex>olent</ex>
         <ex>puent</ex>
      </td>
   </tr>
   <tr>
      <td>ĩ</td>
      <td>
         <em>in</em>
         <ex>seint</ex>
         <ex>seint</ex>
         <ex>seint</ex>
         <ex>estreinz</ex>
         <ex>seinz</ex>
         <ex>seinz</ex>
         <ex>seinz</ex>
         <ex>ausint</ex>
         <ex>seinz</ex>
         <ex>ceint</ex>
         <ex>seint</ex>
         <ex>seinz</ex>
         <ex>Einsint</ex>
         <ex>eintenant
</ex>
         <ex>seint</ex>
         <ex>seint</ex>
         <ex>Seinz</ex>
         <ex>int</ex>
         <ex>seint</ex>
         <ex>aint</ex>
         <ex>ceint</ex>
         <ex>meins</ex>
         <ex>seinz</ex>
         <ex>meintenant</ex>
         <ex>seint</ex>
         <ex>amin</ex>
         <ex>seint</ex>
         <ex>seinz</ex>
         <ex>seinte</ex>
         <ex>seint</ex>
         <ex>meins</ex>
         <ex>Seintismes</ex>
         <ex>einz</ex>
         <ex>einsint</ex>
         <ex>meintenissent
</ex>
         <ex>seinz</ex>
         <ex>seinz</ex>
         <ex>ainz</ex>
         <ex>peinnes
</ex>
         <ex>seint</ex>
         <ex>int
</ex>
         <ex>seinz</ex>
         <ex>tesmoing</ex>
         <ex>seint</ex>
         <ex>vint</ex>
         <ex>seinz</ex>
         <ex>int</ex>
         <ex>seinz</ex>
         <ex>seinz</ex>
         <ex>tin</ex>
         <ex>tin</ex>
         <ex>certeinnement</ex>
         <ex>loing</ex>
         <ex>artins</ex>
         <ex>artin</ex>
         <ex>artin</ex>
         <ex>seinz</ex>
         <ex>artin</ex>
         <ex>seinte</ex>
         <ex>artins</ex>
         <ex>oitint</ex>
         <ex>seint</ex>
         <ex>meinz</ex>
         <ex>seint</ex>
         <ex>meins</ex>
         <ex>int</ex>
         <ex>Meintenant</ex>
         <ex>seinz</ex>
         <ex>seinz</ex>
         <ex>seint</ex>
         <ex>meinz</ex>
         <ex>seinte
</ex>
         <ex>seint</ex>
         <ex>seint</ex>
         <ex>meinune</ex>
         <ex>aint</ex>
         <ex>seinz</ex>
         <ex>seint</ex>
         <ex>oisins
</ex>
         <ex>seinz</ex>
         <ex>seinte</ex>
         <ex>Einsint</ex>
         <ex>seint</ex>
         <ex>seinz</ex>
         <ex>pleins</ex>
         <ex>einz</ex>
         <ex>eleint</ex>
         <ex>seint</ex>
         <ex>seint</ex>
         <ex>aussint</ex>
         <ex>seinz</ex>
         <ex>int</ex>
         <ex>seinz</ex>
         <ex>seint</ex>
         <ex>seint</ex>
         <ex>einsint</ex>
         <ex>ausint</ex>
         <ex>loing</ex>
         <ex>larrecinne
</ex>
         <ex>ing</ex>
         <ex>seint</ex>
         <ex>loing</ex>
         <ex>seinz</ex>
         <ex>seint</ex>
         <ex>seint</ex>
         <ex>enins</ex>
         <ex>meins</ex>
         <ex>seinz</ex>
         <ex>loing</ex>
         <ex>Seinz</ex>
         <ex>artins</ex>
         <ex>int</ex>
         <ex>seint</ex>
         <ex>seint</ex>
         <ex>destreins</ex>
         <ex>seint</ex>
         <ex>reint</ex>
         <ex>compleindre.</ex>
         <ex>artins</ex>
         <ex>meintenir</ex>
      </td>
   </tr>
   <tr>
      <td>ō</td>
      <td>
         <em>om</em>
         <ex>comnos</ex>
         <ex>comil</ex>
         <ex>come</ex>
         <ex>com</ex>
         <ex>comil</ex>
         <ex>nombre.</ex>
         <ex>coml</ex>
         <ex>comli</ex>
         <ex>comtoz</ex>
         <ex>com</ex>
         <ex>comil</ex>
         <ex>comnos</ex>
         <ex>comli</ex>
         <ex>preudommout</ex>
         <ex>homli</ex>
         <ex>comil</ex>
      </td>
      <td>
         <em>on</em>
         <ex>Dont</ex>
         <ex>resoignons</ex>
         <ex>noncierent</ex>
         <ex>mesons</ex>
         <ex>mesonqe</ex>
         <ex>sonser</ex>
         <ex>ision </ex>
         <ex>respondoit</ex>
         <ex>dragonqe</ex>
         <ex>nonsi</ex>
         <ex>beneon.</ex>
         <ex>sont</ex>
         <ex>cont</ex>
         <ex>montaigne</ex>
         <ex>nonmee</ex>
         <ex>anoncierent</ex>
         <ex>cond</ex>
         <ex>conpaignie</ex>
         <ex>raconte</ex>
         <ex>parfondece.</ex>
         <ex>non</ex>
         <ex>mons</ex>
         <ex>barons</ex>
         <ex>contes
</ex>
         <ex>non.</ex>
         <ex>bons</ex>
         <ex>confuson</ex>
         <ex>adonc</ex>
         <ex>respons</ex>
         <ex>oiron</ex>
         <ex>conter</ex>
         <ex>nont</ex>
         <ex>respondi</ex>
         <ex>temptationestoient
</ex>
         <ex>trencherons</ex>
         <ex>con</ex>
         <ex>conseil
</ex>
         <ex>meson</ex>
         <ex>meson.</ex>
         <ex>mesonen</ex>
         <ex>son</ex>
         <ex>son</ex>
         <ex>conmen</ex>
         <ex>pissonniaus</ex>
         <ex>puissons</ex>
         <ex>translationdel</ex>
         <ex>translationdel</ex>
         <ex>raconter</ex>
         <ex>aons</ex>
         <ex>monchier</ex>
         <ex>Dont</ex>
         <ex>dont</ex>
         <ex>oroisons</ex>
         <ex>dont</ex>
         <ex>sonaguet.</ex>
         <ex>beneonpuis</ex>
         <ex>puissons</ex>
         <ex>compaignons</ex>
         <ex>Adont</ex>
         <ex>tonbe</ex>
         <ex>monsigneur</ex>
         <ex>nonbre</ex>
         <ex>mona</ex>
         <ex>proions</ex>
         <ex>nonm</ex>
         <ex>monde.</ex>
         <ex>compaignons</ex>
         <ex>dont</ex>
         <ex>otionoste</ex>
         <ex>ethron</ex>
         <ex>monfil</ex>
         <ex>dont</ex>
         <ex>orisons</ex>
         <ex>ironnee</ex>
         <ex>Dont</ex>
         <ex>dont</ex>
         <ex>conpaignie</ex>
         <ex>compaignoni</ex>
         <ex>sonfil
</ex>
         <ex>raconterei</ex>
         <ex>racontes</ex>
         <ex>cont</ex>
         <ex>monfil</ex>
         <ex>non.</ex>
         <ex>orissons</ex>
         <ex>dont</ex>
      </td>
   </tr>
   <tr>
      <td>ŧ</td>
      <td>
         <em>it</em>
         <ex>oitqi</ex>
      </td>
   </tr>
   <tr>
      <td>ʑ</td>
      <td>
         <em>rum</em>
         <ex>celorumnisi</ex>
      </td>
   </tr>
   <tr>
      <td>ͤ</td>
      <td>
         <em>re</em>
         <ex>nostreignor.</ex>
         <ex>nostreires</ex>
         <ex>ostregrant</ex>
         <ex>mestres</ex>
         <ex>nostreignor</ex>
         <ex>demostreen</ex>
         <ex>autres</ex>
         <ex>nostreie</ex>
         <ex>estretoz</ex>
         <ex>mestreqe</ex>
         <ex>oeres</ex>
         <ex>lires</ex>
      </td>
   </tr>
   <tr>
      <td>ᵈ</td>
      <td>
         <em>d</em>
         <ex>ad</ex>
      </td>
   </tr>
   <tr>
      <td>ᷤ</td>
      <td>
         <em>s</em>
         <ex>Jerosmes</ex>
         <ex>osne</ex>
         <ex>noirsespris</ex>
         <ex>fantosmes.</ex>
         <ex>unsdes</ex>
         <ex>forsdel</ex>
         <ex>deablesa</ex>
         <ex>resuscites</ex>
         <ex>sacisos</ex>
         <ex>poissons</ex>
         <ex>poissanz</ex>
         <ex>miracles</ex>
         <ex>miracles</ex>
         <ex>apesiesl</ex>
         <ex>puis</ex>
         <ex>puisfist</ex>
         <ex>seintimese</ex>
         <ex>miraclespluiseurs</ex>
         <ex>icholasfesoient
</ex>
         <ex>pluiseurschoses</ex>
         <ex>puisle</ex>
         <ex>resne</ex>
         <ex>alascha</ex>
         <ex>misne</ex>
         <ex>portes.</ex>
         <ex>fantosmespar</ex>
      </td>
   </tr>
   <tr>
      <td>ṫ</td>
      <td>
         <em>te</em>
         <ex>detere.</ex>
         <ex>tere</ex>
         <ex>terre</ex>
         <ex>terre</ex>
         <ex>terre</ex>
      </td>
      <td>
         <em>ter</em>
         <ex>isiter</ex>
         <ex>terre</ex>
         <ex> terre</ex>
      </td>
      <td>
         <em>té</em>
         <ex>resuscitési</ex>
      </td>
   </tr>
   <tr>
      <td>⁊</td>
      <td>
         <em>Et</em>
         <ex>resplendissant.Ete</ex>
      </td>
      <td>
         <em>Et </em>
         <ex>chosesEt si</ex>
      </td>
      <td>
         <em>et </em>
         <ex>et de</ex>
         <ex>abstinenceet de</ex>
         <ex>ieet li</ex>
         <ex>et d</ex>
         <ex>et les</ex>
         <ex>et en</ex>
         <ex>et en
</ex>
         <ex>et diroient</ex>
         <ex> et a</ex>
         <ex>acreset si
</ex>
         <ex>borgneset aussi</ex>
         <ex>et parla</ex>
         <ex>et der</ex>
         <ex>sitezet molt
</ex>
         <ex>et a</ex>
         <ex>et mis</ex>
         <ex>et uns</ex>
         <ex>enceinteet si
</ex>
         <ex>et ot</ex>
         <ex>enfantet si</ex>
         <ex> et mout</ex>
         <ex>blasmeet tout</ex>
         <ex>et li</ex>
         <ex>et por</ex>
         <ex>et si</ex>
         <ex>et ta</ex>
         <ex>luxureet ex</ex>
         <ex>et si</ex>
         <ex>escondissoitet cil</ex>
         <ex>et de</ex>
         <ex>et sanz</ex>
         <ex>et si</ex>
         <ex>aet a</ex>
         <ex>et si</ex>
         <ex>demandet se</ex>
         <ex>et si</ex>
         <ex> et e</ex>
         <ex>et geterent</ex>
         <ex>et de</ex>
         <ex> et en</ex>
         <ex>et sachiez</ex>
         <ex>deet s</ex>
         <ex>leeet si</ex>
         <ex>et ceste
</ex>
         <ex>homeet dites</ex>
         <ex>erentet la</ex>
         <ex>esqeet si</ex>
         <ex>smeset s</ex>
         <ex>et ala</ex>
         <ex>et la</ex>
         <ex>et en</ex>
         <ex>citet ploroit</ex>
         <ex>et par</ex>
         <ex>et ala</ex>
         <ex>et qant</ex>
         <ex>dedenzet a</ex>
         <ex>citet mout</ex>
         <ex>et d</ex>
         <ex>et de</ex>
         <ex>et les</ex>
         <ex>et dites</ex>
         <ex>et de</ex>
         <ex>seinteet maintint</ex>
         <ex> et la</ex>
         <ex>et son</ex>
         <ex>et honestement
</ex>
         <ex> et a</ex>
         <ex>et reigne</ex>
         <ex>et de</ex>
         <ex>et sages.</ex>
         <ex>et entendre.</ex>
         <ex>et </ex>
         <ex>et latin</ex>
         <ex>diligenceet si</ex>
         <ex>benignementet fu</ex>
         <ex>et fez</ex>
         <ex>et apris
</ex>
         <ex>et doctrinez</ex>
         <ex>et latin</ex>
         <ex>et ebreu
</ex>
         <ex>et araboi</ex>
         <ex>araboiet caldeu</ex>
         <ex>dampneeet estre</ex>
         <ex>et le</ex>
         <ex>latinet aniel</ex>
         <ex>et le</ex>
         <ex>et le
</ex>
         <ex>et de</ex>
         <ex>et mout</ex>
         <ex>et le</ex>
         <ex>et mout</ex>
         <ex>furentet einsint</ex>
         <ex>espoentezet por</ex>
         <ex>herbergieret li</ex>
         <ex>docementet si</ex>
         <ex>et si</ex>
         <ex>et gueri</ex>
         <ex>lonieet si</ex>
         <ex>frereset si</ex>
         <ex>et si</ex>
         <ex>et si</ex>
         <ex>et si</ex>
         <ex>et au</ex>
         <ex>pasteuret en</ex>
         <ex>luiet si</ex>
         <ex>et bons</ex>
         <ex>bienet li
</ex>
         <ex>et endormi</ex>
         <ex>et ensignoit.</ex>
         <ex>pastureet sanz
</ex>
         <ex>et pleinz
</ex>
         <ex>et a</ex>
         <ex>et us</ex>
         <ex>maniereet qu</ex>
         <ex> et li</ex>
         <ex>asneet q</ex>
         <ex>et mengi</ex>
         <ex> et por</ex>
         <ex>et si</ex>
         <ex>et d</ex>
         <ex>asneet si
</ex>
         <ex>oiret si</ex>
         <ex>et tailliez</ex>
         <ex>graceet aloit</ex>
         <ex>ensambleet el</ex>
         <ex>aportoitet atreioit</ex>
         <ex>et fosses</ex>
         <ex>et qarrieres</ex>
         <ex>et ala</ex>
         <ex>et q</ex>
         <ex>eilliezet molt</ex>
         <ex>et de</ex>
         <ex>asneset por</ex>
         <ex>et li</ex>
         <ex>oieet einsint</ex>
         <ex>et il</ex>
         <ex>durementet lors</ex>
         <ex>et hisdeuse.</ex>
         <ex>et si</ex>
         <ex>et cha</ex>
         <ex>et li</ex>
         <ex>et puis</ex>
         <ex>mengieret apr</ex>
         <ex>et fere.</ex>
         <ex>mandaet atornerent</ex>
         <ex>et aai</ex>
         <ex>et doz</ex>
         <ex>et les</ex>
         <ex>orriereset nostre</ex>
         <ex>et atorn</ex>
         <ex>distet anon</ex>
         <ex>et pardon
</ex>
         <ex>et si</ex>
         <ex>et amonesta</ex>
         <ex>et les
</ex>
         <ex>oizet si</ex>
         <ex>et a</ex>
         <ex>respondiet dist</ex>
         <ex>droitureet leide</ex>
         <ex>et misericorde
</ex>
         <ex>et aidier</ex>
         <ex>et doner</ex>
         <ex>et pre</ex>
         <ex>aet si</ex>
         <ex>et otroions</ex>
         <ex>et nostre</ex>
         <ex>et a</ex>
         <ex>et reci</ex>
         <ex>et lor</ex>
         <ex>prononciet la</ex>
         <ex>et d</ex>
         <ex>et d</ex>
         <ex> et si
</ex>
         <ex>et or.</ex>
         <ex>estroiteet a</ex>
         <ex>et ense</ex>
         <ex>et reigne
</ex>
         <ex>et ses</ex>
         <ex>mondeet totes
</ex>
         <ex>lignieet en</ex>
         <ex>et plus</ex>
         <ex>retreireet por</ex>
         <ex>et les</ex>
         <ex>pereet l</ex>
         <ex>homet apr</ex>
         <ex>tierzet qi</ex>
         <ex>et go</ex>
         <ex>lettreset il</ex>
         <ex>mentet por</ex>
         <ex>potet nus</ex>
         <ex>et honestes</ex>
         <ex>et il</ex>
         <ex>et entier</ex>
         <ex>et si</ex>
         <ex>et cone</ex>
         <ex>meriteet de</ex>
         <ex>aqerreet qui</ex>
         <ex>et tra</ex>
         <ex>et q</ex>
         <ex>queroitet il</ex>
         <ex>oet entendi</ex>
         <ex>et conseilla</ex>
         <ex>potet sot</ex>
         <ex>et docement.</ex>
         <ex>desertet qi
</ex>
         <ex>zet leiz</ex>
         <ex>desozet de</ex>
         <ex>solitaireet por</ex>
         <ex>cheailleet le</ex>
         <ex>habitoitet encore</ex>
         <ex>et si</ex>
         <ex>corset li</ex>
         <ex>rocheet il</ex>
         <ex>fereet si</ex>
         <ex>et de</ex>
         <ex>asqueset nostre</ex>
         <ex>et tes</ex>
         <ex>deliceset mes
</ex>
         <ex>prestreset prist</ex>
         <ex>luiet ala</ex>
         <ex>monset par</ex>
         <ex>et par</ex>
         <ex>et si</ex>
         <ex>ignoret por</ex>
         <ex>geuneset por</ex>
         <ex>et est</ex>
         <ex>et a</ex>
         <ex>hanteret a</ex>
         <ex>sosteniret il</ex>
         <ex>et doctri</ex>
         <ex>et li
</ex>
         <ex>tenteet essaie</ex>
         <ex>iaireet si</ex>
         <ex>et tint</ex>
         <ex>et departiz</ex>
         <ex>penseeet une</ex>
         <ex>mereet int</ex>
         <ex>et d</ex>
         <ex>dedenzet si</ex>
         <ex>et retorna</ex>
         <ex>et ortiez</ex>
         <ex>ortiezet qe</ex>
         <ex>et osta</ex>
         <ex>et mua
</ex>
         <ex>et 
</ex>
         <ex>et sa</ex>
         <ex>et de
</ex>
         <ex>et de</ex>
         <ex>et les</ex>
         <ex>et trespassez</ex>
         <ex>et enfo</ex>
         <ex>aet si</ex>
         <ex>et si
</ex>
         <ex>et lor</ex>
         <ex>moutet si</ex>
         <ex>et distrent</ex>
         <ex>chastoieret a</ex>
         <ex>ieet apr</ex>
         <ex>antet il</ex>
         <ex>et ola</ex>
         <ex>pieceset aussint</ex>
         <ex>et sot</ex>
         <ex>docementet si</ex>
         <ex>meurset les</ex>
         <ex>et repe</ex>
         <ex>repairoientet par</ex>
         <ex>arrestoientet desoz</ex>
         <ex>ensigniet doctri</ex>
         <ex>aprendreet por</ex>
         <ex>et ses</ex>
         <ex>et si</ex>
         <ex>et por</ex>
         <ex>filet </ex>
         <ex>et de</ex>
         <ex>et fetes</ex>
         <ex>forset si
</ex>
         <ex>foizet amonesta</ex>
         <ex>contaet dist</ex>
         <ex>et blasma</ex>
         <ex>folieet li
</ex>
         <ex>amenderoitet atant</ex>
         <ex>eet si</ex>
         <ex>et les</ex>
         <ex>apelezet a</ex>
         <ex>moineet </ex>
         <ex>choseet </ex>
         <ex>et estorees</ex>
         <ex>rocheet estoit</ex>
         <ex>et tra</ex>
         <ex>perilet grant</ex>
         <ex>aet si</ex>
         <ex>et penable</ex>
         <ex>et en</ex>
         <ex>et mout</ex>
         <ex>sorentet si</ex>
         <ex>et il</ex>
         <ex>et si</ex>
         <ex>et os</ex>
         <ex>moisteet ausint</ex>
         <ex>eet tantost</ex>
         <ex>et ont</ex>
         <ex>et orties</ex>
         <ex>fereet cil</ex>
         <ex>et a</ex>
         <ex>et des</ex>
         <ex>oiret si</ex>
         <ex>et si</ex>
         <ex>et dist.</ex>
         <ex>eet meintenant</ex>
         <ex>et si</ex>
         <ex>et qi</ex>
         <ex>et assez
</ex>
         <ex>set meintenant</ex>
         <ex>tretet esloigni</ex>
         <ex>et son</ex>
         <ex>et repera</ex>
         <ex>eet il</ex>
         <ex>et espoori</ex>
         <ex> et li
</ex>
         <ex>et fet</ex>
         <ex>et monteplioient</ex>
         <ex>et par
</ex>
         <ex>ieet si</ex>
         <ex>et de</ex>
         <ex>et sa</ex>
         <ex>isitoientet qi</ex>
         <ex>et por</ex>
         <ex>grezet tantost</ex>
         <ex>et la</ex>
         <ex>mengieret si</ex>
         <ex>soloitet </ex>
         <ex> et si</ex>
         <ex>peinet si</ex>
         <ex>et si</ex>
         <ex>correet si</ex>
         <ex>et autre</ex>
         <ex>autreet si</ex>
         <ex>seurementet si</ex>
         <ex>corbiauset </ex>
         <ex>et la</ex>
         <ex>entretendroientet karoleroient
</ex>
         <ex>et oeroient
</ex>
         <ex>et enflameroient</ex>
         <ex>et mist</ex>
         <ex>et freres</ex>
         <ex>et tint
</ex>
         <ex>solieret il</ex>
         <ex>et fondi</ex>
         <ex>et si</ex>
         <ex>et a</ex>
         <ex>choseet qu</ex>
         <ex>et o</ex>
         <ex>et de
</ex>
         <ex>doleet destruist</ex>
         <ex>et a</ex>
         <ex>abatreet en</ex>
         <ex>et la</ex>
         <ex>et a</ex>
         <ex>et por</ex>
         <ex>oitet grant</ex>
         <ex>et por</ex>
         <ex>isionet si</ex>
         <ex>et ses</ex>
         <ex>noiret espris</ex>
         <ex>et li</ex>
         <ex>et entendoient
</ex>
         <ex> et </ex>
         <ex>et le
</ex>
         <ex>et les</ex>
         <ex>et por</ex>
         <ex>semblerentet puis</ex>
         <ex>laet q</ex>
         <ex>et le</ex>
         <ex>orissonet sa</ex>
         <ex>geet eus</ex>
         <ex>et aoree</ex>
         <ex>et enflambez.</ex>
         <ex>esteindreet il</ex>
         <ex>et si</ex>
         <ex>et n</ex>
         <ex>fereet </ex>
         <ex>fesoientet si</ex>
         <ex>et mout</ex>
         <ex>et combrisiez</ex>
         <ex>et morz.</ex>
         <ex>et heitiez</ex>
         <ex>et rala</ex>
         <ex>et mout</ex>
         <ex>femeet si</ex>
         <ex>et si</ex>
         <ex>et dont</ex>
         <ex>et dont
</ex>
         <ex>mengiet la</ex>
         <ex>et le
</ex>
         <ex>piezet si</ex>
         <ex>et regehirent
</ex>
         <ex>et distrent</ex>
         <ex>et si</ex>
         <ex>et sa
</ex>
         <ex>onet por</ex>
         <ex>et l</ex>
         <ex>pret en</ex>
         <ex>et delitable</ex>
         <ex>delitableet tieus</ex>
         <ex>compaignonet si</ex>
         <ex> et la</ex>
         <ex>fonteineet leu</ex>
         <ex>et reposer</ex>
         <ex>fonteineet tant</ex>
         <ex>et sa</ex>
         <ex>oieet si</ex>
         <ex> et comen</ex>
         <ex>et a</ex>
         <ex>coupeet bien</ex>
         <ex>deet q</ex>
         <ex>luiet si</ex>
         <ex>ensuset si</ex>
         <ex>reset atorner</ex>
         <ex>seet si</ex>
         <ex>et ses</ex>
         <ex>et li</ex>
         <ex>et li</ex>
         <ex>aloientet qi</ex>
         <ex>eet ensamble</ex>
         <ex>et il</ex>
         <ex>et sa</ex>
         <ex>et enten</ex>
         <ex>et a</ex>
         <ex>et puis</ex>
         <ex>aprocieret conterent</ex>
         <ex>et cone</ex>
         <ex>ceailleet tantost</ex>
         <ex>et autre</ex>
         <ex>terreet qui
</ex>
         <ex>feteset a</ex>
         <ex>antet si</ex>
         <ex>aet apr</ex>
         <ex> et en</ex>
         <ex>norieet au</ex>
         <ex>et sa
</ex>
         <ex>et entendez</ex>
         <ex> et de
</ex>
         <ex>meret puis</ex>
         <ex>et issi</ex>
         <ex>preudet seinz
</ex>
         <ex>et de</ex>
         <ex>et dist</ex>
         <ex>et ment</ex>
         <ex> et si
</ex>
         <ex>prestreet si</ex>
         <ex>et par</ex>
         <ex>et par</ex>
         <ex>leuset les</ex>
         <ex>et li
</ex>
         <ex>et cont</ex>
         <ex>et religieus</ex>
         <ex>et ses</ex>
         <ex>deableet gueriz</ex>
         <ex>et si</ex>
         <ex>charet si</ex>
         <ex>deableet en
</ex>
         <ex>et heitiez</ex>
         <ex>heitiezet bi</ex>
         <ex>et ceste</ex>
         <ex>oublieeet il</ex>
         <ex>moroientet li
</ex>
         <ex>et esle</ex>
         <ex> et arriere</ex>
         <ex>prestreet tantost</ex>
         <ex>et mout</ex>
         <ex>et si
</ex>
         <ex>antet si</ex>
         <ex>et ceste</ex>
         <ex>et si</ex>
         <ex>et estoree</ex>
         <ex>et totes</ex>
         <ex>paienset a</ex>
         <ex>otroiet qe
</ex>
         <ex>et mi</ex>
         <ex>eet pristr</ex>
         <ex>eret abatirent</ex>
         <ex>et depecierent</ex>
         <ex>perirentet par</ex>
         <ex>nonet puis</ex>
         <ex>et de</ex>
         <ex> et l</ex>
         <ex>fistet ala</ex>
         <ex>barilliauset li</ex>
         <ex>et si</ex>
         <ex>et tu</ex>
         <ex>et res</ex>
         <ex> et ala</ex>
         <ex>et tantost</ex>
         <ex>et grant
</ex>
         <ex>et par</ex>
         <ex>et par</ex>
         <ex>ignoret a</ex>
         <ex>oientet </ex>
         <ex>et amonester</ex>
         <ex>et l</ex>
         <ex>et il</ex>
         <ex>et </ex>
         <ex>et si</ex>
         <ex>et tu</ex>
         <ex>feteet si</ex>
         <ex>espreeet uns
</ex>
         <ex>penseret a</ex>
         <ex>corageet en</ex>
         <ex>gieret cui</ex>
         <ex>et qi</ex>
         <ex>et si</ex>
         <ex>meinet le</ex>
         <ex>iceet qu</ex>
         <ex>penset la</ex>
         <ex>felonieet la</ex>
         <ex>et nissoit</ex>
         <ex>et les</ex>
         <ex>et si</ex>
         <ex>seulementet demein</ex>
         <ex>et la</ex>
         <ex>et en</ex>
         <ex>ignoret par</ex>
         <ex>et sorent</ex>
         <ex>et besoigne.</ex>
         <ex>aet si</ex>
         <ex>et por</ex>
         <ex>iroientet si</ex>
         <ex>et de</ex>
         <ex> et li</ex>
         <ex>et de</ex>
         <ex>enet bien</ex>
         <ex>oset si</ex>
         <ex>et le</ex>
         <ex>gerontet l</ex>
         <ex>reet les</ex>
         <ex>et alerent</ex>
         <ex>et a</ex>
         <ex>diligenseet ce</ex>
         <ex>et au</ex>
         <ex>aussintet si</ex>
         <ex>ensignaet demostra
</ex>
         <ex>et establir</ex>
         <ex>et li</ex>
         <ex>ditet molt</ex>
         <ex>et si</ex>
         <ex>et demostrasses</ex>
         <ex>et ou
</ex>
         <ex>et dis</ex>
         <ex>dormantet de</ex>
         <ex>et ensignai</ex>
         <ex>et si</ex>
         <ex>reet orde</ex>
         <ex>et de</ex>
         <ex>celeeet ses</ex>
         <ex>et en</ex>
         <ex>et ceste
</ex>
         <ex> et si</ex>
         <ex>et dist</ex>
         <ex>honteet grant</ex>
         <ex>et amendez</ex>
         <ex>et si</ex>
         <ex>et aloient</ex>
         <ex>et lor
</ex>
         <ex>et lor</ex>
         <ex>et si</ex>
         <ex>blieeet si</ex>
         <ex>et si</ex>
         <ex>ceet si</ex>
         <ex>estoientet ce</ex>
         <ex>et sa</ex>
         <ex> et sanz
</ex>
         <ex>et sa
</ex>
         <ex>et issi</ex>
         <ex>et la</ex>
         <ex>et si</ex>
         <ex>et distr</ex>
         <ex>et si</ex>
         <ex>et sacree</ex>
         <ex>et si</ex>
         <ex>erenceet puis</ex>
         <ex>pereset la
</ex>
         <ex>et entendre</ex>
         <ex>et amonestoit</ex>
         <ex>et de</ex>
         <ex>et tenist
</ex>
         <ex>homeet tantost</ex>
         <ex>et ocirre</ex>
         <ex>eet il</ex>
         <ex>contoitet disoit</ex>
         <ex> et si</ex>
         <ex>eet si</ex>
         <ex>et si</ex>
         <ex>et 
</ex>
         <ex>costumeet cil</ex>
         <ex>et si</ex>
         <ex>et les</ex>
         <ex>et oians
</ex>
         <ex>durementet tant</ex>
         <ex>et or</ex>
         <ex>et nuit</ex>
         <ex>tozet de</ex>
         <ex>et dona</ex>
         <ex>net si</ex>
         <ex>uileet c</ex>
         <ex>et a</ex>
         <ex>obedienceset lors</ex>
         <ex>et droiture.</ex>
         <ex>et cil</ex>
         <ex>et blasmez</ex>
         <ex>croissoitet tant</ex>
         <ex>et li</ex>
         <ex>et de</ex>
         <ex>et amonesta</ex>
         <ex>et humilit</ex>
         <ex> et si</ex>
         <ex>et si</ex>
         <ex>et estoree.</ex>
         <ex>et si</ex>
         <ex>et mout</ex>
         <ex>corset lors</ex>
         <ex>oeeet a</ex>
         <ex>et de
</ex>
         <ex>roiet en</ex>
         <ex>et si</ex>
         <ex>et pleins
</ex>
         <ex>durementet a</ex>
         <ex>et a</ex>
         <ex>et ses</ex>
         <ex>et si</ex>
         <ex>et ensignast.</ex>
         <ex>et li</ex>
         <ex>aleret </ex>
         <ex>et rece</ex>
         <ex>et puis</ex>
         <ex>et a</ex>
         <ex>et a</ex>
         <ex>cruiautet sa</ex>
         <ex>eoiret sa</ex>
         <ex>et en</ex>
         <ex>olentet par
</ex>
         <ex>et qi</ex>
         <ex>et par</ex>
         <ex> et par</ex>
         <ex>et par</ex>
         <ex>eet la</ex>
         <ex>et demenoit</ex>
         <ex>et a</ex>
         <ex>et si</ex>
         <ex>et si</ex>
         <ex>et dist</ex>
         <ex>et coucha</ex>
         <ex>et </ex>
         <ex>resusciet si</ex>
         <ex>oret par</ex>
         <ex>et heiti</ex>
         <ex> et i</ex>
         <ex>et atornee</ex>
         <ex>et otro</ex>
         <ex>irginitet por</ex>
         <ex>noneet a</ex>
         <ex>liezet qi</ex>
         <ex>porteet parloit
</ex>
         <ex>liet la</ex>
         <ex>et mostroit
</ex>
         <ex>costumeet  </ex>
         <ex>liet ne</ex>
         <ex>ensembleet parlerent
</ex>
         <ex>et si</ex>
         <ex>et dist</ex>
         <ex>et si</ex>
         <ex>et la</ex>
         <ex>et si</ex>
         <ex>et puis</ex>
         <ex>et rele</ex>
         <ex>et espart</ex>
         <ex>et si
</ex>
         <ex>enteret une</ex>
         <ex>et tou</ex>
         <ex>et esparti.</ex>
         <ex> et q</ex>
         <ex>aet si</ex>
         <ex> et tu</ex>
         <ex>et il</ex>
         <ex>oet entendi.</ex>
         <ex>et si</ex>
         <ex>refirentet saoulerent
</ex>
         <ex>et esclarciz.</ex>
         <ex>ceailleet </ex>
         <ex>et li</ex>
         <ex>et si</ex>
         <ex>et loenges</ex>
         <ex>et non</ex>
         <ex> et si</ex>
         <ex>et d</ex>
         <ex>iseet sanz</ex>
         <ex> et isi</ex>
         <ex>et por</ex>
         <ex>et de</ex>
         <ex>leuet li</ex>
         <ex>et lor</ex>
         <ex>mienuitet li</ex>
         <ex>et dist</ex>
         <ex>et au</ex>
         <ex>et tierce</ex>
         <ex>lumiereet de</ex>
         <ex>et esmer</ex>
         <ex>clartet l</ex>
         <ex>et mis</ex>
         <ex>et enquist</ex>
         <ex>et dist</ex>
         <ex>eritet la
</ex>
         <ex>et retreire</ex>
         <ex>et a</ex>
         <ex>et escrist</ex>
         <ex>et qu</ex>
         <ex>et tant
</ex>
         <ex>et non</ex>
         <ex>esqiet ses</ex>
         <ex>fezet tout</ex>
         <ex>ilet dist</ex>
         <ex>et a</ex>
         <ex>et a</ex>
         <ex>ilet re</ex>
         <ex>estoientet il</ex>
         <ex>ceailleet li</ex>
         <ex>et resplendissanz</ex>
         <ex>ceailleet des
</ex>
         <ex>et mout</ex>
         <ex>antet si</ex>
         <ex>et edefiee</ex>
         <ex>et si</ex>
         <ex>et fet
</ex>
         <ex>et regne</ex>
         <ex>morset al</ex>
         <ex>et par</ex>
         <ex>auset par</ex>
         <ex>et par</ex>
         <ex>et nuit</ex>
         <ex>lasseeet la</ex>
         <ex>et aloit</ex>
         <ex>et fu</ex>
         <ex>et toute</ex>
         <ex>tenueet re</ex>
         <ex>ieet loa</ex>
         <ex>et gracia</ex>
         <ex>ignoret seint</ex>
         <ex> et entendu</ex>
         <ex>dolenteset esgarees</ex>
         <ex>et cria
</ex>
         <ex>et regne</ex>
         <ex>echoitet en</ex>
         <ex>armeset si</ex>
         <ex>et de</ex>
         <ex>nonet sa</ex>
         <ex>et uns</ex>
         <ex>et li</ex>
         <ex>et disoit</ex>
         <ex>celoet nisi</ex>
         <ex>aproismeet qi</ex>
         <ex>et del
</ex>
         <ex>et mout</ex>
         <ex>et ses</ex>
         <ex>et la</ex>
         <ex>ignoret si</ex>
         <ex>et ensignoit</ex>
         <ex>et sa
</ex>
         <ex>et </ex>
         <ex>doctrineet 
</ex>
         <ex>et </ex>
         <ex>et pluiseurs</ex>
         <ex>proceinset par</ex>
         <ex>et fere.</ex>
         <ex>et la</ex>
         <ex>comsomeeet q</ex>
         <ex>decipleset q</ex>
         <ex>et lor</ex>
         <ex>oet pluiseurs</ex>
         <ex>et de</ex>
         <ex>et essia</ex>
         <ex>et dras</ex>
         <ex>formeet il</ex>
         <ex>distet il</ex>
         <ex>rostiet une</ex>
         <ex>et si</ex>
         <ex>et si</ex>
         <ex>ignoret par</ex>
         <ex>et preeschant</ex>
         <ex>preeschantet si</ex>
         <ex>et del</ex>
         <ex>et del</ex>
         <ex>speritet si</ex>
         <ex>et de</ex>
         <ex>speritet a</ex>
         <ex>et il</ex>
         <ex>et si</ex>
         <ex>pleset ensamble</ex>
         <ex>et en</ex>
         <ex>et par</ex>
         <ex>et par</ex>
         <ex>feuet si</ex>
         <ex>et doctrinez
</ex>
         <ex>languageset si</ex>
         <ex>et il</ex>
         <ex>et anoncier
</ex>
         <ex>apostreset qi</ex>
         <ex> et pluseurs</ex>
         <ex>et preechant</ex>
         <ex>et le</ex>
         <ex>cieuset preechant</ex>
         <ex>et disant</ex>
         <ex>et ﻿</ex>
         <ex>predicationset faisoient</ex>
         <ex>et li
</ex>
         <ex>et ses</ex>
         <ex>det q</ex>
         <ex>et a</ex>
         <ex>creanceet mis</ex>
         <ex>et prestres</ex>
         <ex>et autre
</ex>
         <ex>et ne</ex>
         <ex>et ne</ex>
         <ex>eet sa</ex>
         <ex>et molt
</ex>
         <ex>et an</ex>
         <ex>et distrent</ex>
         <ex>aeurentet si</ex>
         <ex>et cone</ex>
         <ex>personeset si</ex>
         <ex>et il
</ex>
         <ex>aoroientet si</ex>
         <ex>parmenableet si</ex>
         <ex>et nule</ex>
         <ex>conforteret si</ex>
         <ex>et dist</ex>
         <ex>et baptizatus
</ex>
         <ex>eritet  </ex>
         <ex>et anon</ex>
         <ex>et baptiziez</ex>
         <ex>et qi</ex>
         <ex>ignoret por</ex>
         <ex>et de</ex>
         <ex>et a</ex>
         <ex>et dire</ex>
         <ex>et sires</ex>
         <ex>et tote</ex>
         <ex>et si</ex>
         <ex>et en</ex>
         <ex>et abandone</ex>
         <ex>et amenistre</ex>
         <ex>et deguerpiz</ex>
         <ex>dit et en</ex>
         <ex>et li</ex>
         <ex>et parti</ex>
         <ex>et ne</ex>
         <ex>et si</ex>
         <ex>et tantost</ex>
         <ex>atoucheet e</ex>
         <ex>ignoret il</ex>
         <ex>dormiret si</ex>
         <ex>et les</ex>
         <ex>et froides</ex>
         <ex>eret si</ex>
         <ex>et qe</ex>
         <ex>tet semant</ex>
         <ex>et a</ex>
         <ex>et refet</ex>
         <ex>estoitet der</ex>
         <ex>et forsenee
</ex>
         <ex>et a</ex>
         <ex>et tormentent</ex>
         <ex>seleet qe</ex>
         <ex>et si</ex>
         <ex>et seine.</ex>
         <ex>esteset qi</ex>
         <ex>et benignitez</ex>
         <ex>benignitezet misericorde 
</ex>
         <ex>et douceur</ex>
         <ex>et grant</ex>
         <ex>humilitet assidueus</ex>
         <ex>et comanda</ex>
         <ex>et de</ex>
         <ex>et estrangla</ex>
         <ex>et la</ex>
         <ex>et tuit</ex>
         <ex>et si</ex>
         <ex>et a</ex>
         <ex>et si</ex>
         <ex>et si</ex>
         <ex>et par</ex>
         <ex>et si</ex>
         <ex>et pou</ex>
         <ex>et par</ex>
         <ex>et au</ex>
         <ex>et si</ex>
         <ex>et rac</ex>
         <ex>enfeset qant</ex>
         <ex>homeet puis</ex>
         <ex>et a</ex>
         <ex>et si</ex>
         <ex>et rege</ex>
         <ex>emportoientet si</ex>
         <ex>oieet a</ex>
         <ex>doceuret teniebres</ex>
         <ex>et pleignement</ex>
         <ex>et criees</ex>
         <ex>crieeset granz</ex>
         <ex>et tristreces</ex>
         <ex>tristreceset froidures
</ex>
         <ex>desmesureeset chaleurs</ex>
         <ex>et grant</ex>
         <ex>faillentet morsures</ex>
         <ex>serpenzet si</ex>
         <ex>et misere</ex>
         <ex>misereet l</ex>
         <ex>lezet hisdeus</ex>
         <ex>et d</ex>
         <ex>zet par</ex>
         <ex>et autres</ex>
         <ex>et a</ex>
         <ex>et annonce</ex>
         <ex>et cenz</ex>
         <ex>donset de</ex>
         <ex>et lor
</ex>
         <ex>et detruist</ex>
         <ex>et d</ex>
         <ex>genzet si</ex>
         <ex>et del</ex>
         <ex>et de</ex>
         <ex>et ceus</ex>
         <ex>et si</ex>
         <ex>ignoret si</ex>
         <ex>meinset trest</ex>
         <ex>et qu</ex>
         <ex>et alerent
</ex>
         <ex>noset por</ex>
         <ex>et si</ex>
         <ex>et usticent.</ex>
         <ex>laet alerent</ex>
         <ex>piezet si</ex>
         <ex>et de</ex>
         <ex>et as</ex>
         <ex>et de</ex>
         <ex>et cens</ex>
         <ex>et a</ex>
         <ex>et </ex>
         <ex>et d</ex>
         <ex>et de</ex>
         <ex>homeet si</ex>
         <ex>ignoret puis</ex>
         <ex>et fu</ex>
         <ex>et gloi</ex>
         <ex>et rendi</ex>
         <ex>dotanceet bien</ex>
         <ex>toiet la</ex>
         <ex>et essaucerai.</ex>
         <ex>diteet puis</ex>
         <ex>euset si</ex>
         <ex>et go</ex>
         <ex>et si</ex>
         <ex>nonet cele</ex>
         <ex>ignoret a</ex>
         <ex>et liiez</ex>
         <ex>et it</ex>
         <ex>et creance</ex>
         <ex>et son</ex>
         <ex>et le
</ex>
         <ex>et cil</ex>
         <ex>et sanez</ex>
         <ex>sanezet re</ex>
         <ex>et si</ex>
         <ex> et li</ex>
         <ex>et sa
</ex>
         <ex>et si</ex>
         <ex>et l</ex>
         <ex> et si</ex>
         <ex>et anoncier</ex>
         <ex>tet baptirent</ex>
         <ex>cruelmentet puis
</ex>
         <ex>et si</ex>
         <ex> et lumiere</ex>
         <ex>derrompirentet li</ex>
         <ex>rentet tuit</ex>
         <ex>et granz</ex>
         <ex>et effoudre</ex>
         <ex>et tonoire</ex>
         <ex>tonoireet esparz
</ex>
         <ex> et a</ex>
         <ex>et ferirent</ex>
         <ex> et ses</ex>
         <ex>et si</ex>
         <ex>et si</ex>
         <ex>crucefierentet au
</ex>
         <ex>ezet a</ex>
         <ex>et ensigniez</ex>
         <ex>tantet puis
</ex>
         <ex>et si</ex>
         <ex>et meesme</ex>
         <ex>et li</ex>
         <ex>et a</ex>
         <ex>et anonce.</ex>
         <ex>et la</ex>
         <ex>granzet petiz</ex>
         <ex>assemblassentet eus</ex>
         <ex>et mos</ex>
         <ex>et del</ex>
         <ex>et del</ex>
         <ex> et de</ex>
         <ex>et de</ex>
         <ex>et de</ex>
         <ex>et destrui</ex>
         <ex>reet le</ex>
         <ex>et abatre.</ex>
         <ex>eet ense</ex>
         <ex>et l</ex>
         <ex>et entendez</ex>
         <ex>et d</ex>
         <ex>et de</ex>
         <ex>et de</ex>
         <ex>igneset si</ex>
         <ex>luiet dist</ex>
         <ex>et uree
</ex>
         <ex>et tote</ex>
         <ex>et si</ex>
         <ex>meret tenoit</ex>
         <ex>et de</ex>
         <ex>et de</ex>
         <ex>det a</ex>
         <ex>alet d</ex>
         <ex>et por</ex>
         <ex>paroleset si</ex>
         <ex>et or</ex>
         <ex>et en</ex>
         <ex>et en</ex>
         <ex>neset bien</ex>
         <ex>cueret de</ex>
         <ex>et serroit</ex>
         <ex>et donast
</ex>
         <ex>cielet si</ex>
         <ex> et si</ex>
         <ex>et q</ex>
         <ex>et d</ex>
         <ex>et de</ex>
         <ex>et de</ex>
         <ex>et dona</ex>
         <ex>et pro</ex>
         <ex>et par
</ex>
         <ex>et molt
</ex>
         <ex>ireet si</ex>
         <ex>et decolee.</ex>
         <ex>et si</ex>
         <ex>graceet si</ex>
         <ex>breet qe</ex>
         <ex>et dese</ex>
         <ex>et si</ex>
         <ex>et cil</ex>
         <ex>et arrazin</ex>
         <ex>soleilet si</ex>
         <ex>et tout</ex>
         <ex>et disant</ex>
         <ex>ignoret tu</ex>
         <ex>ducet si</ex>
         <ex>et conta</ex>
         <ex>et e</ex>
         <ex>pooret tuit</ex>
         <ex>et qi</ex>
         <ex>heireet si</ex>
         <ex>piezet si</ex>
         <ex>escuieret si</ex>
         <ex>crestienset si</ex>
         <ex>et si</ex>
         <ex>exet sires</ex>
         <ex>et si
</ex>
         <ex>et qi</ex>
         <ex>et si</ex>
         <ex>et si</ex>
         <ex>pardonet indulgense.</ex>
         <ex>deet si</ex>
         <ex>pardonet remission</ex>
         <ex>et des</ex>
         <ex>et toz</ex>
         <ex>et ses</ex>
         <ex>et totes</ex>
         <ex>et toz</ex>
         <ex>et femes</ex>
         <ex>et d</ex>
         <ex>euet chastiaus
</ex>
         <ex>et ignes</ex>
         <ex>igneset terres</ex>
         <ex>terreset quanq</ex>
         <ex>et por</ex>
         <ex>et si</ex>
         <ex>herbergieret por</ex>
         <ex>reet si</ex>
         <ex>et trametoit</ex>
         <ex>et si</ex>
         <ex>et comandoit</ex>
         <ex>et d</ex>
         <ex>proieet si</ex>
         <ex>et le</ex>
         <ex>et sa
</ex>
         <ex>et comand</ex>
         <ex>et puis
</ex>
         <ex>deet creoient</ex>
         <ex>preechoitet anon</ex>
         <ex>et la</ex>
         <ex>et tuit</ex>
         <ex>luiet si</ex>
         <ex>et si</ex>
         <ex>et de
</ex>
         <ex>et si</ex>
         <ex>foiet de</ex>
         <ex>ignoret bap</ex>
         <ex> et rendi</ex>
         <ex>et ses</ex>
         <ex>et lontaignes</ex>
         <ex>lontaigneset si</ex>
         <ex>et por</ex>
         <ex>et mis</ex>
         <ex>prissonet batuz</ex>
         <ex>et route.</ex>
         <ex>et ta</ex>
         <ex>et quanq</ex>
         <ex>et pardon</ex>
         <ex>pardonet q</ex>
         <ex>et les
</ex>
         <ex> et misericorde</ex>
         <ex>apostreet toz
</ex>
         <ex>et se</ex>
         <ex>et li</ex>
         <ex>periuset par</ex>
         <ex>et si</ex>
         <ex>clerementet alerent</ex>
         <ex>et lor
</ex>
         <ex>et desme</ex>
         <ex>tet tant</ex>
         <ex>fosseet la</ex>
         <ex>et c</ex>
         <ex>et princes</ex>
         <ex>forset autres</ex>
         <ex>et en</ex>
         <ex>ducet ala</ex>
         <ex>deet molt
</ex>
         <ex>terreset assamblees</ex>
         <ex>ooientet molt
</ex>
         <ex>et de</ex>
         <ex>et de</ex>
         <ex>oloientet estre
</ex>
         <ex>ploroitet a</ex>
         <ex> et tuit</ex>
         <ex>et tuit</ex>
         <ex>fereet me</ex>
         <ex>et tuit</ex>
         <ex>deschauzet en</ex>
         <ex>et il</ex>
         <ex>et esgarder.</ex>
         <ex>terreet li</ex>
         <ex>et esgarder</ex>
         <ex>et si</ex>
         <ex>et esgarder.</ex>
         <ex>et si</ex>
         <ex>opienset lez
</ex>
         <ex>et hisdeus</ex>
         <ex>et si</ex>
         <ex>et desmesurez</ex>
         <ex>desmesurezet iols</ex>
         <ex>et d</ex>
         <ex>et cornues
</ex>
         <ex>issoientet si</ex>
         <ex>et grosses</ex>
         <ex>oientet par</ex>
         <ex>grandeset lees</ex>
         <ex>et si</ex>
         <ex>et par</ex>
         <ex>et si</ex>
         <ex>et si</ex>
         <ex>fosseet si</ex>
         <ex>et ire
</ex>
         <ex>et male</ex>
         <ex> et si</ex>
         <ex>et en</ex>
         <ex>oleet ou</ex>
         <ex>abiteet la</ex>
         <ex>et toz</ex>
         <ex>et fe</ex>
         <ex>et par</ex>
         <ex>et si</ex>
         <ex>eset si</ex>
         <ex>et heitez</ex>
         <ex>ieet parla</ex>
         <ex>et gloirefierent.</ex>
         <ex>et toz</ex>
         <ex>et a</ex>
         <ex>et conte</ex>
         <ex>et noierent.</ex>
         <ex>et si</ex>
         <ex>et torbes
</ex>
         <ex>et l</ex>
         <ex>derriereset si</ex>
         <ex>espoentezet li
</ex>
         <ex>deffenderreset q</ex>
         <ex>docementet si</ex>
         <ex>et omnia</ex>
         <ex>et douter.</ex>
         <ex>et si</ex>
         <ex>deet saces</ex>
         <ex>et des</ex>
         <ex>dureeet par</ex>
         <ex>arresteret puis</ex>
         <ex>deet de</ex>
         <ex>et a</ex>
         <ex>et repeire</ex>
         <ex>corset si</ex>
         <ex>et si</ex>
         <ex>et molt</ex>
         <ex>et si</ex>
         <ex>et go</ex>
         <ex>et dis</ex>
         <ex>et dist</ex>
         <ex>et a</ex>
         <ex>et est</ex>
         <ex>mortet angeles</ex>
         <ex>deableet qi</ex>
         <ex>et de</ex>
         <ex>misereset si</ex>
         <ex>estet si</ex>
         <ex>et si
</ex>
         <ex>genzet ne</ex>
         <ex>et deguer</ex>
         <ex>et li</ex>
         <ex>et toz</ex>
         <ex>resusciteret qi</ex>
         <ex>et loenges</ex>
         <ex>demostreret bene</ex>
         <ex>et gloirefierent.</ex>
         <ex>otionet toz</ex>
         <ex>et lor</ex>
         <ex>ignoret li</ex>
         <ex>entoret si</ex>
         <ex>et d</ex>
         <ex>eet tieus
</ex>
         <ex>iandeet si</ex>
         <ex>et en</ex>
         <ex>et en</ex>
         <ex>reset qanc</ex>
         <ex>et a</ex>
         <ex>angileet les</ex>
         <ex>et mout</ex>
         <ex>reset lor</ex>
         <ex>encelet par</ex>
         <ex>et mistrent</ex>
         <ex>neet tout
</ex>
         <ex>estoientet si</ex>
         <ex>et abatissent</ex>
         <ex>et lor</ex>
         <ex>et lor</ex>
         <ex>arsissentet si</ex>
         <ex>et aorassent
</ex>
         <ex>et toz
</ex>
         <ex>et bene</ex>
         <ex>et en</ex>
         <ex>et son</ex>
         <ex>et dit</ex>
         <ex>meret tout
</ex>
         <ex>et tote
</ex>
         <ex>et tout</ex>
         <ex> et  </ex>
         <ex> et </ex>
         <ex>et la</ex>
         <ex>et longue</ex>
         <ex>longueet lee</ex>
         <ex>et deguerpissent</ex>
         <ex>loiset arsissent
</ex>
         <ex>et destruisis</ex>
         <ex>et lor
</ex>
         <ex>inet de</ex>
         <ex>et fai</ex>
         <ex>menableet encore</ex>
         <ex>et li</ex>
         <ex>et tristrece.</ex>
         <ex>et autrui</ex>
         <ex>et mat</ex>
         <ex>et paine.</ex>
         <ex>dolenset las</ex>
         <ex>et de</ex>
         <ex>estoitet si
</ex>
         <ex>et secoroit</ex>
         <ex>secoroitet les</ex>
         <ex>estrangeset les</ex>
         <ex>et les
</ex>
         <ex>orpheninset bien</ex>
         <ex>fistet dist</ex>
         <ex>uchementet qi</ex>
         <ex>et as</ex>
         <ex>et re</ex>
         <ex>esqeet mout</ex>
         <ex>et mout</ex>
         <ex>et en</ex>
         <ex>et entendoit</ex>
         <ex>homeet puis</ex>
         <ex>et a</ex>
         <ex>crestienset crueus</ex>
         <ex>et de</ex>
         <ex>et poestis</ex>
         <ex>et dire
</ex>
         <ex>et les</ex>
         <ex>dreset fere
</ex>
         <ex> et dit</ex>
         <ex>guerieset pluiseurs</ex>
         <ex>femeet si</ex>
         <ex>languereuset resuscite</ex>
         <ex>et par</ex>
         <ex>conseilet si</ex>
         <ex>oret argent</ex>
         <ex>comandet ala</ex>
         <ex>et si</ex>
         <ex>et ta</ex>
         <ex>et tesmoignes</ex>
         <ex>sostenueset resuscites</ex>
         <ex>et conte
</ex>
         <ex>et de</ex>
         <ex>comandementet q</ex>
         <ex>et tote</ex>
         <ex>et regenerez</ex>
         <ex>dameet la</ex>
         <ex>et si</ex>
         <ex>et la</ex>
         <ex>et si</ex>
         <ex>rriereet qant</ex>
         <ex>mariet tantost</ex>
         <ex>et l</ex>
         <ex>baptizieet li</ex>
         <ex>et establi</ex>
         <ex>fioientet la</ex>
         <ex>et formee</ex>
         <ex>et donoit
</ex>
         <ex> et l</ex>
         <ex>et en</ex>
         <ex>upiteret toz</ex>
         <ex>et por</ex>
         <ex>et les</ex>
         <ex>et si</ex>
         <ex>et nos</ex>
         <ex>mageset si</ex>
         <ex>et terre.</ex>
         <ex>et si</ex>
         <ex>puissanzet si</ex>
         <ex>autreet o</ex>
         <ex>orissonset en</ex>
         <ex>citet tuit</ex>
         <ex>et li</ex>
         <ex>encontreet si</ex>
         <ex>et depechier</ex>
         <ex>et si</ex>
         <ex>et failliz</ex>
         <ex>et furent</ex>
         <ex>citet grant
</ex>
         <ex>et granz</ex>
         <ex>luiet alerent</ex>
         <ex>et a</ex>
         <ex>et reco</ex>
         <ex>et lui</ex>
         <ex>et sa</ex>
         <ex>compaignieet esqui</ex>
         <ex>et de</ex>
         <ex>et si</ex>
         <ex>et fondre.</ex>
         <ex>et lor</ex>
         <ex>oirset s</ex>
         <ex>et religieuse</ex>
         <ex>et si</ex>
         <ex>preesceet annonce</ex>
         <ex>perilet si</ex>
         <ex>et assambl</ex>
         <ex>deet liiez</ex>
         <ex>chaeneset lor</ex>
         <ex>contet mout</ex>
         <ex>maniereet si
</ex>
         <ex>et par</ex>
         <ex>et form</ex>
         <ex>santet si</ex>
         <ex>nonet a</ex>
         <ex>et loenges.</ex>
         <ex>et si</ex>
         <ex>creatureet la</ex>
         <ex>et sanc
</ex>
         <ex>et escume</ex>
         <ex>et de</ex>
         <ex>et de</ex>
         <ex>alierset fist</ex>
         <ex>et de</ex>
         <ex>et granz</ex>
         <ex>et desirroit
</ex>
         <ex>paroleset sa</ex>
         <ex>et alassent</ex>
         <ex>maniereset apr</ex>
         <ex>entrerentet mencierent
</ex>
         <ex>et pesible.</ex>
         <ex>contesseet pluiseurs</ex>
         <ex>repairierentet si</ex>
         <ex>palagreet cou</ex>
         <ex>sierentet la</ex>
         <ex>terreet la</ex>
         <ex>et la</ex>
         <ex>ignoret la</ex>
         <ex>enueet cil</ex>
         <ex>et haiti</ex>
         <ex>et a</ex>
         <ex>serset a</ex>
         <ex>aet li</ex>
         <ex>et mout</ex>
         <ex>et aornee</ex>
         <ex>et sacra﻿</ex>
         <ex> et cele</ex>
         <ex>et de</ex>
         <ex>luiet si</ex>
         <ex>et si</ex>
         <ex>oieset si</ex>
         <ex>et conoistre.</ex>
         <ex>mageet fu</ex>
         <ex>et hisdeus.</ex>
         <ex>noirset tresq</ex>
         <ex>et par</ex>
         <ex>et par</ex>
         <ex>ardanzet puans
</ex>
         <ex>et si</ex>
         <ex>eoiret esgarder</ex>
         <ex>et si</ex>
         <ex>ditet puis</ex>
         <ex>abiteet la</ex>
         <ex>et frois</ex>
         <ex>homeet fist</ex>
         <ex>et ce</ex>
         <ex>et sanez.</ex>
         <ex>tet tuit</ex>
         <ex>et cele</ex>
         <ex>et de</ex>
         <ex> et de</ex>
         <ex>oret si</ex>
         <ex>et lampes</ex>
         <ex>et son</ex>
         <ex>et de</ex>
         <ex>euseset de</ex>
         <ex>oret nuit</ex>
         <ex>et chandelabres</ex>
         <ex>oret une</ex>
         <ex>et l</ex>
         <ex>feteset consomees</ex>
         <ex> et si</ex>
         <ex>et sacrons
</ex>
         <ex>et de</ex>
         <ex>et de</ex>
         <ex>et de</ex>
         <ex>et ins</ex>
         <ex>et bues</ex>
         <ex>et aches</ex>
         <ex>acheset oleilles
</ex>
         <ex>et enoisons</ex>
         <ex>et tr</ex>
         <ex>et pa</ex>
         <ex>citet qe</ex>
         <ex>et poest</ex>
         <ex>et heiti</ex>
         <ex>et a</ex>
         <ex> et ses</ex>
         <ex>et assamblees</ex>
         <ex>apelaet si
</ex>
         <ex>liezet si</ex>
         <ex>et si</ex>
         <ex>et de</ex>
         <ex>et ses</ex>
         <ex>et de</ex>
         <ex>et cuens
</ex>
         <ex> et el</ex>
         <ex>et bele
</ex>
         <ex>et haute</ex>
         <ex>senzet plein</ex>
         <ex>et de
</ex>
         <ex>et chas</ex>
         <ex>et feire.</ex>
         <ex>et si</ex>
         <ex>et li
</ex>
         <ex>et si</ex>
         <ex>et sa</ex>
         <ex>et gracierent</ex>
         <ex>gracierentet toz</ex>
         <ex>et en</ex>
         <ex>signorieet qe</ex>
         <ex>et le</ex>
         <ex>et costume</ex>
         <ex>costumeet li</ex>
         <ex>et clers</ex>
         <ex>mortet si</ex>
         <ex>et feire</ex>
         <ex>esqeset autres</ex>
         <ex>tet fussent</ex>
         <ex>et en</ex>
         <ex>et establi</ex>
         <ex>et por</ex>
         <ex>et les</ex>
         <ex>estoientet si</ex>
         <ex>et estemenz.</ex>
         <ex>et si
</ex>
         <ex>et fet
</ex>
         <ex>et ce</ex>
         <ex>et assembler</ex>
         <ex>sermoneret lor</ex>
         <ex>ignoret lor
</ex>
         <ex>et si</ex>
         <ex>graceet si
</ex>
         <ex>homet qant</ex>
         <ex>et li</ex>
         <ex>et li</ex>
         <ex>et regne</ex>
         <ex>et estoient</ex>
         <ex>et en
</ex>
         <ex>elleset en</ex>
         <ex>reset eunoient
</ex>
         <ex>espreet adonc</ex>
         <ex>et e</ex>
         <ex>et orde</ex>
         <ex>deet 
</ex>
         <ex>et par</ex>
         <ex>et ﻿</ex>
         <ex>deet fist</ex>
         <ex>eglisseset atorna
</ex>
         <ex>et entendement</ex>
         <ex>ignoret a</ex>
         <ex> et par</ex>
         <ex>det par</ex>
         <ex>et si</ex>
         <ex>et lor</ex>
         <ex>doctrineet sermonez</ex>
         <ex>et pree</ex>
         <ex>direet lor</ex>
         <ex>angileet sa</ex>
         <ex>et a</ex>
         <ex>paroleset les
</ex>
         <ex>et re</ex>
         <ex>ieet pluiseurs</ex>
         <ex>et e</ex>
         <ex>baptesmeet puis</ex>
         <ex>et de</ex>
         <ex>et taire.</ex>
         <ex>et par</ex>
         <ex>et molt</ex>
         <ex>et mes</ex>
         <ex>iret a</ex>
         <ex>promiseet a</ex>
         <ex>et aiment.</ex>
         <ex>toiet si</ex>
         <ex>et ensamble</ex>
         <ex>et les</ex>
         <ex>rset ensamble</ex>
         <ex>irgeset de</ex>
         <ex>frereset serras</ex>
         <ex>et par</ex>
         <ex>ireset li</ex>
         <ex>et dist</ex>
         <ex>ieet qe</ex>
         <ex>puepleet un</ex>
         <ex>et autre</ex>
         <ex>et assemblassent</ex>
         <ex>onet absolution</ex>
         <ex>oet les</ex>
         <ex>foiet tornez
</ex>
         <ex>et sa</ex>
         <ex>det oite</ex>
         <ex>et cil</ex>
         <ex>et cil</ex>
         <ex>delet les</ex>
         <ex>et en
</ex>
         <ex>et rendoit
</ex>
         <ex>et loenges</ex>
         <ex>ceet puis</ex>
         <ex>et por
</ex>
         <ex>et a</ex>
         <ex>creanceet puis</ex>
         <ex>espreet lors</ex>
         <ex>et e</ex>
         <ex>doctrinastet enseignast</ex>
         <ex>ieet lors</ex>
         <ex>et a</ex>
         <ex>et ao</ex>
         <ex>et coment</ex>
         <ex>orzet coment</ex>
         <ex>et ensigniez.</ex>
         <ex>et garde.</ex>
         <ex>et chastem</ex>
         <ex>tet qe</ex>
         <ex>ucheoret si</ex>
         <ex>et desfaillies</ex>
         <ex>fianceet doit</ex>
         <ex>et del</ex>
         <ex>et del
</ex>
         <ex>et d</ex>
         <ex>espreet dont</ex>
         <ex>graceet si</ex>
         <ex>et bene</ex>
         <ex>et ait</ex>
         <ex>oset os</ex>
         <ex>reet qi</ex>
         <ex>et qi</ex>
         <ex>et si
</ex>
         <ex>et or</ex>
         <ex>et erais
</ex>
         <ex>et garde</ex>
         <ex>et ires</ex>
         <ex>et la</ex>
         <ex>establieet faite</ex>
         <ex>et tendi</ex>
         <ex>cielet fist</ex>
         <ex>et si</ex>
         <ex>mestreset qi</ex>
         <ex>nonet qi</ex>
         <ex>et estoient</ex>
         <ex>cielet crioient
</ex>
         <ex>ssentet si</ex>
         <ex>et si</ex>
         <ex>et la</ex>
         <ex>contreeset si</ex>
         <ex>parenzet obe</ex>
         <ex>et nostre</ex>
         <ex>et loerent.</ex>
         <ex> et esle</ex>
         <ex>membreset tantost
</ex>
         <ex>et sanez</ex>
         <ex>et si</ex>
         <ex>et por</ex>
         <ex>rirentet donerent</ex>
         <ex>clartet grant
</ex>
         <ex>et le</ex>
         <ex>clercet li</ex>
         <ex>zet mis</ex>
         <ex> et li</ex>
         <ex>ugleet cil</ex>
         <ex>et d</ex>
         <ex> et par
</ex>
         <ex>itet regne</ex>
         <ex>et olentiers</ex>
         <ex>et entendre</ex>
         <ex>et retenir</ex>
         <ex>et </ex>
         <ex>et les</ex>
         <ex>sontet aise</ex>
         <ex>et de
</ex>
         <ex>et de</ex>
         <ex>lonieet de</ex>
         <ex>et a</ex>
         <ex>et pris</ex>
         <ex>et par</ex>
         <ex>tormenzet par</ex>
         <ex>et geunes</ex>
         <ex>geuneset par</ex>
         <ex>et a</ex>
         <ex>confessorset mes</ex>
         <ex>et de</ex>
         <ex>et de</ex>
         <ex>et hauz</ex>
         <ex>et ri</ex>
         <ex>et a</ex>
         <ex>et sa</ex>
         <ex>et a</ex>
         <ex>hermitageet si</ex>
         <ex>et retraist</ex>
         <ex>et ensam</ex>
         <ex>et che</ex>
         <ex>et si</ex>
         <ex>et si</ex>
         <ex>paignonset dou</ex>
         <ex>ouret piti</ex>
         <ex>pitiet benignet</ex>
         <ex> et charit</ex>
         <ex>charitet pacience</ex>
         <ex>pacienceet bone
</ex>
         <ex>olentet hu</ex>
         <ex>mondeet si</ex>
         <ex>et si</ex>
         <ex>et de</ex>
         <ex>eoitet par</ex>
         <ex>tiers et portoient
</ex>
         <ex>et re</ex>
         <ex>baptesmeet si</ex>
         <ex>et paine.</ex>
         <ex>et les</ex>
         <ex>chetiset norrissoit</ex>
         <ex>besoigneuset re</ex>
         <ex>reet l</ex>
         <ex>et donoit</ex>
         <ex>reset a</ex>
         <ex>et besoigneus</ex>
         <ex>entet bien
</ex>
         <ex>et </ex>
         <ex>ozet li</ex>
         <ex>et besoigneuz</ex>
         <ex>et a
</ex>
         <ex>et donast</ex>
         <ex>fublet la</ex>
         <ex>et de</ex>
         <ex>reet l</ex>
         <ex>et mist
</ex>
         <ex>et gemirent</ex>
         <ex>et il
</ex>
         <ex>et affublez</ex>
         <ex>et cone</ex>
         <ex>et en</ex>
         <ex> et la</ex>
         <ex>ignor et por</ex>
         <ex>anzet si</ex>
         <ex>et fu</ex>
         <ex>et a</ex>
         <ex>et li</ex>
         <ex>alierset si</ex>
         <ex>lessieret de</ex>
         <ex>et si</ex>
         <ex>euet qe
</ex>
         <ex>eet cil</ex>
         <ex>et tes</ex>
         <ex>et d</ex>
         <ex>demeinet non</ex>
         <ex>et non</ex>
         <ex>antet tote</ex>
         <ex>et sanz
</ex>
         <ex>heaumeet el</ex>
         <ex>tresperceraiet trespasserai</ex>
         <ex>paiset si</ex>
         <ex>euset totes</ex>
         <ex>et les</ex>
         <ex>citet qi</ex>
         <ex>et de
</ex>
         <ex>et si</ex>
         <ex>pieceet </ex>
         <ex>et sa</ex>
         <ex>paienet si</ex>
         <ex>et de
</ex>
         <ex>et dolenz</ex>
         <ex>contreeet si</ex>
         <ex>et pro</ex>
         <ex>et robeor</ex>
         <ex>et seisi</ex>
         <ex>et a</ex>
         <ex>oieet puis</ex>
         <ex>estoitet de</ex>
         <ex>et s</ex>
         <ex>et en</ex>
         <ex>et dotance</ex>
         <ex>et les</ex>
         <ex>et a</ex>
         <ex>ignoret si</ex>
         <ex>oieet si</ex>
         <ex>pieceet molt</ex>
         <ex>et molt</ex>
         <ex> et si
</ex>
         <ex>loet a</ex>
         <ex>et pluisors</ex>
         <ex>s et mestre</ex>
         <ex>prestreset contre</ex>
         <ex>et eraies</ex>
         <ex>et batirent</ex>
         <ex>et le</ex>
         <ex>et la</ex>
         <ex>et pres</ex>
         <ex>arresteret por</ex>
         <ex>et apris</ex>
         <ex>et fie</ex>
         <ex>departizet ert</ex>
         <ex>annoncieret preechier</ex>
         <ex>et il</ex>
         <ex>cheailleet li</ex>
         <ex>et pro</ex>
         <ex>et pour</ex>
         <ex>et lor</ex>
         <ex>oientet si</ex>
         <ex>et a</ex>
         <ex>deet fu</ex>
         <ex>et apr</ex>
         <ex>eureet esqui</ex>
         <ex>et mena</ex>
         <ex>et preudome</ex>
         <ex>et de</ex>
         <ex>criet de</ex>
         <ex>estreet l</ex>
         <ex>et conta
</ex>
         <ex>cordeet tolue</ex>
         <ex>et fist</ex>
         <ex>estantet si</ex>
         <ex>homeet tuit</ex>
         <ex>et en</ex>
         <ex>prodomet sages</ex>
         <ex>et si</ex>
         <ex>issuet non</ex>
         <ex>et des</ex>
         <ex>et une</ex>
         <ex>eschiet qe</ex>
         <ex>pastoret go</ex>
         <ex>et li
</ex>
         <ex>esqeet es</ex>
         <ex>estuzet de</ex>
         <ex>reet ileinement</ex>
         <ex>et de</ex>
         <ex>et entendoit</ex>
         <ex>reet en</ex>
         <ex>et por</ex>
         <ex>et un</ex>
         <ex>et si</ex>
         <ex>eet de</ex>
         <ex>et d</ex>
         <ex>oieet cele</ex>
         <ex>luiet qi</ex>
         <ex>et sa</ex>
         <ex>sonceleset lor</ex>
         <ex> et doctrin</ex>
         <ex>escritureset a</ex>
         <ex>encelet li</ex>
         <ex>pereet si</ex>
         <ex>et en</ex>
         <ex>et dures.</ex>
         <ex>eset moles</ex>
         <ex>olentezet lor
</ex>
         <ex> et a</ex>
         <ex>et seins</ex>
         <ex>diteet tout</ex>
         <ex>et a</ex>
         <ex>et signorie</ex>
         <ex>siecleset a</ex>
         <ex>mortet doutoient.</ex>
         <ex>et les</ex>
         <ex>pereet lor</ex>
         <ex>et dire</ex>
         <ex>orissonset a</ex>
         <ex>contreeet si</ex>
         <ex>et fere</ex>
         <ex>et clart</ex>
         <ex>clartet lumiere.</ex>
         <ex>beleet mout</ex>
         <ex>et q</ex>
         <ex>et sanz</ex>
         <ex>et les</ex>
         <ex>nonet en</ex>
         <ex>et mart</ex>
         <ex>et par</ex>
         <ex>et a</ex>
         <ex>et demostrast</ex>
         <ex>et sa</ex>
         <ex>et de</ex>
         <ex>et hisdeus
</ex>
         <ex>et cruel</ex>
         <ex>nonet de</ex>
         <ex>parlaet si</ex>
         <ex>apelezet si</ex>
         <ex> lerreset ensamble</ex>
         <ex>frereset a</ex>
         <ex>eet lors</ex>
         <ex>despechieret desfere.</ex>
         <ex>et de</ex>
         <ex>ret cil</ex>
         <ex>doelet grant</ex>
         <ex>et s</ex>
         <ex>et a</ex>
         <ex>et en</ex>
         <ex>ssentet q</ex>
         <ex>et esmer</ex>
         <ex>et qe</ex>
         <ex>et d</ex>
         <ex>aoroientet faisoient</ex>
         <ex>et de</ex>
         <ex>et droit</ex>
         <ex>et lonc</ex>
         <ex>paieneet les</ex>
         <ex>abatistet encore</ex>
         <ex>sacret bene</ex>
         <ex>beneet q</ex>
         <ex>et honorassent.</ex>
         <ex>et a</ex>
         <ex>et lui</ex>
         <ex>et ensi</ex>
         <ex>et abatre</ex>
         <ex>et bene</ex>
         <ex>et por</ex>
         <ex>et si</ex>
         <ex>et mostres
</ex>
         <ex>et contes</ex>
         <ex>oiret s</ex>
         <ex>feireet qe</ex>
         <ex>et che</ex>
         <ex>ensambleet a</ex>
         <ex>bienet si</ex>
         <ex>et con</ex>
         <ex>et lor</ex>
         <ex>et pendoit</ex>
         <ex>liementet a</ex>
         <ex>et de
</ex>
         <ex>loinget si</ex>
         <ex>et esperdu</ex>
         <ex>et sanz</ex>
         <ex>et a</ex>
         <ex>et pesanz</ex>
         <ex>pesanzet de</ex>
         <ex>et grant</ex>
         <ex>eet li</ex>
         <ex>et a</ex>
         <ex>ignoret si</ex>
         <ex>et lor</ex>
         <ex>exempleset par</ex>
         <ex>et lor</ex>
         <ex>et faisoit</ex>
         <ex>et autieus</ex>
         <ex>loet </ex>
         <ex>et paien</ex>
         <ex>et cil</ex>
         <ex>orisonset lor</ex>
         <ex>et a</ex>
         <ex>et celebrees.
</ex>
         <ex>et destruire.</ex>
         <ex>pleinet la</ex>
         <ex>et granz</ex>
         <ex>entet se</ex>
         <ex>et li</ex>
         <ex>et destruiz</ex>
         <ex>destruizet que</ex>
         <ex> et sau</ex>
         <ex>celleet a</ex>
         <ex>mostieret la</ex>
         <ex>et en</ex>
         <ex>et a</ex>
         <ex>et descon</ex>
         <ex>et qe</ex>
         <ex>et des</ex>
         <ex>et totes
</ex>
         <ex>et tuit</ex>
         <ex>et en</ex>
         <ex>et espoent</ex>
         <ex>et crurent.</ex>
         <ex>oizet distrent</ex>
         <ex>et aoroit</ex>
         <ex>et croire</ex>
         <ex>et les</ex>
         <ex>et despire.</ex>
         <ex>et en</ex>
         <ex>et sanz
</ex>
         <ex>douteet li</ex>
         <ex>et maumis.</ex>
         <ex>et a</ex>
         <ex>et a</ex>
         <ex>et formee</ex>
         <ex>et bien
</ex>
         <ex>et a</ex>
         <ex>et grant</ex>
         <ex>et ocirre.</ex>
         <ex>et che</ex>
         <ex>exampleset tieus</ex>
         <ex>miracleset par</ex>
         <ex>eritet q</ex>
         <ex>et lor</ex>
         <ex>et depecier.</ex>
         <ex>et tieus</ex>
         <ex>et curer
</ex>
         <ex>et entendre.</ex>
         <ex>membreset si</ex>
         <ex>et si</ex>
         <ex>et entendi</ex>
         <ex>et a</ex>
         <ex>assemblezet pluisors</ex>
         <ex>amoientet a</ex>
         <ex>et entendre</ex>
         <ex>et perist</ex>
         <ex>itet de</ex>
         <ex>et ce</ex>
         <ex>et a</ex>
         <ex>et a</ex>
         <ex>et cil</ex>
         <ex>seleet granz</ex>
         <ex>et atendoient</ex>
         <ex>et sa</ex>
         <ex>et seigna</ex>
         <ex>puceleet tantost</ex>
         <ex>ignoret tuit</ex>
         <ex>droiteet </ex>
         <ex> et curee</ex>
         <ex>et tiesmo</ex>
         <ex>et gre</ex>
         <ex>et sanez.</ex>
         <ex>denzet crioit</ex>
         <ex>et demenoit
</ex>
         <ex>et si</ex>
         <ex>estoitet tant</ex>
         <ex>et si</ex>
         <ex>et tel</ex>
         <ex>presignieret apr</ex>
         <ex>set toz</ex>
         <ex>et par</ex>
         <ex>homeet la</ex>
         <ex>et aguetier</ex>
         <ex>et mout
</ex>
         <ex>et tenist</ex>
         <ex>estoitet entra</ex>
         <ex>dolantet mout
</ex>
         <ex>et ocirre</ex>
         <ex>pooret sanz</ex>
         <ex>et q</ex>
         <ex>fremiret a</ex>
         <ex>et a</ex>
         <ex>et si</ex>
         <ex>et mengue.</ex>
         <ex>chautet tout</ex>
         <ex>dedenzet ne</ex>
         <ex>derrierset de</ex>
         <ex>et molt</ex>
         <ex>esmaieet torblee
</ex>
         <ex>et confondre.</ex>
         <ex>et en</ex>
         <ex>et dist</ex>
         <ex>et en</ex>
         <ex>et escoutoit</ex>
         <ex>deableset li</ex>
         <ex>estoientet fors</ex>
         <ex>et ses</ex>
         <ex>et la</ex>
         <ex>et le
</ex>
         <ex>et bene</ex>
         <ex>et o</ex>
         <ex>et mondez</ex>
         <ex>et en</ex>
         <ex>ignoret au</ex>
         <ex>oezet entendez</ex>
         <ex>et corrompue</ex>
         <ex>qarteineset par</ex>
         <ex>puceleet en</ex>
         <ex>guerieet mondee</ex>
         <ex>et irge.</ex>
         <ex>et bene</ex>
         <ex>oitet la</ex>
         <ex>reeet li
</ex>
         <ex>et si</ex>
         <ex>et re</ex>
         <ex>et del</ex>
         <ex>combrisiezet si</ex>
         <ex>nuitet il</ex>
         <ex>et si</ex>
         <ex>lendemeinet si</ex>
         <ex>et de
</ex>
         <ex>pluiseurset ra</ex>
         <ex>genzet puis</ex>
         <ex>reset le</ex>
         <ex>et il</ex>
         <ex>guerissonset ocioit</ex>
         <ex>et sanz</ex>
         <ex>et dist</ex>
         <ex>et par
</ex>
         <ex>batailleet ce</ex>
         <ex>desfendreet por</ex>
         <ex>mostreeset tante</ex>
         <ex>et grant</ex>
         <ex>et l</ex>
         <ex>meset de</ex>
         <ex>et en
</ex>
         <ex>butet tantost</ex>
         <ex>et enuz</ex>
         <ex>street li</ex>
         <ex>lignieet acompliz</ex>
         <ex>et couce</ex>
         <ex>et el</ex>
         <ex>matet confus</ex>
         <ex>et tel
</ex>
         <ex>et tel</ex>
         <ex>et matin.</ex>
         <ex>et conter</ex>
         <ex>maniereet si</ex>
         <ex>et a</ex>
         <ex>estoientet molt</ex>
         <ex>et cont</ex>
         <ex>et requis.</ex>
         <ex>et destruiz</ex>
         <ex>et qi</ex>
         <ex>et desconfiz</ex>
         <ex>et si</ex>
         <ex>pereoret tant</ex>
         <ex>et tant
</ex>
         <ex>et entendez
</ex>
         <ex>foizet si</ex>
         <ex>et si</ex>
         <ex>et molt</ex>
         <ex>et a</ex>
         <ex>et fere</ex>
         <ex>et tolue
</ex>
         <ex>parleret il</ex>
         <ex>reset si</ex>
         <ex>et cont</ex>
         <ex>mandaet dist</ex>
         <ex>et cerchassent</ex>
         <ex>doleuret ceste</ex>
         <ex>et cerche</ex>
         <ex>et puis</ex>
         <ex>forestet si</ex>
         <ex>ouet qant</ex>
         <ex>et entendre</ex>
         <ex>et qi</ex>
         <ex> et dit</ex>
         <ex>et apa</ex>
         <ex>et de</ex>
         <ex> et ce</ex>
         <ex>et sa</ex>
         <ex>et sa</ex>
         <ex>paroleset si</ex>
         <ex>et deguerpi</ex>
         <ex> et puis</ex>
         <ex>et ses</ex>
         <ex>fezet les</ex>
         <ex>et si</ex>
         <ex>et les</ex>
         <ex>et la</ex>
         <ex>ieet si</ex>
         <ex>et leis</ex>
         <ex>et misericorde.</ex>
         <ex>et entendre</ex>
         <ex>et a</ex>
         <ex>et sermonoit</ex>
         <ex>et sa</ex>
         <ex>apelezet l</ex>
         <ex>oitet t</ex>
         <ex>reset por</ex>
         <ex>ieet tant</ex>
         <ex>et de</ex>
         <ex>et la</ex>
         <ex>et une</ex>
         <ex>demoranceet non</ex>
         <ex>et lor</ex>
         <ex>et si</ex>
         <ex> et en</ex>
         <ex>compaignieet cil
</ex>
         <ex>creanceet par</ex>
         <ex>loet de</ex>
         <ex>et eu</ex>
         <ex>euet portoient
</ex>
         <ex>et de</ex>
         <ex>estoitet qi</ex>
         <ex>et entendi</ex>
         <ex>friret si</ex>
         <ex>luiet par</ex>
         <ex> et entendi</ex>
         <ex>et tra</ex>
         <ex>miseet cele</ex>
         <ex>estueet par</ex>
         <ex>et conisteroiz</ex>
         <ex>elleet si
</ex>
         <ex>et entendre.</ex>
         <ex>et grant
</ex>
         <ex>et la</ex>
         <ex>eoitet mur</ex>
         <ex>autreset me</ex>
         <ex>estueet por</ex>
         <ex>et molt</ex>
         <ex>et molt</ex>
         <ex>iolset taster</ex>
         <ex>zet nepor</ex>
         <ex>et a</ex>
         <ex>et a</ex>
         <ex>pooitet si</ex>
         <ex>et </ex>
         <ex>et a</ex>
         <ex>ienentet de</ex>
         <ex>et eoir</ex>
         <ex>et die</ex>
         <ex>seuset li</ex>
         <ex>maniereet si
</ex>
         <ex>reet corone</ex>
         <ex>pierreset chau</ex>
         <ex>doreeet molt</ex>
         <ex>et de</ex>
         <ex>et de</ex>
         <ex> et por</ex>
         <ex>et si</ex>
         <ex>direet apr</ex>
         <ex>et corone</ex>
         <ex>et en</ex>
         <ex>mortet a</ex>
         <ex>oizet cele</ex>
         <ex>reet la</ex>
         <ex> et dit</ex>
         <ex>neset si</ex>
         <ex>et de</ex>
         <ex>biet raconterai</ex>
         <ex>gieret c</ex>
         <ex>piezet si</ex>
         <ex>et pechi</ex>
         <ex>et de</ex>
         <ex>siecleet qe
</ex>
         <ex>direet i</ex>
         <ex>et dire</ex>
         <ex>direet dont</ex>
         <ex>pluiseurset resuscitoit</ex>
         <ex>morset a</ex>
         <ex>et les
</ex>
         <ex>fuiet qi</ex>
         <ex>et dire.</ex>
         <ex>et por
</ex>
         <ex>set de</ex>
         <ex>et fesoit</ex>
         <ex>et gesir</ex>
         <ex>gesiret si</ex>
         <ex>estoitet oste</ex>
         <ex>et il</ex>
         <ex>et li
</ex>
         <ex>et la</ex>
         <ex>et si
</ex>
         <ex>et une
</ex>
         <ex>estet li</ex>
         <ex>ardoiret a</ex>
         <ex>et destraignoit</ex>
         <ex>et serrez</ex>
         <ex>et si</ex>
         <ex>sonset si</ex>
         <ex>foiet par</ex>
         <ex>desfermeret il
</ex>
         <ex>croizet ses</ex>
         <ex>entendreet sa</ex>
         <ex>definaet lessa</ex>
         <ex>decipleset a</ex>
         <ex>entreet </ex>
         <ex>oientet cha</ex>
         <ex>et men</ex>
         <ex>et si</ex>
         <ex>entet si</ex>
         <ex>et qant
</ex>
         <ex>et les</ex>
         <ex>leuet si</ex>
         <ex>et entendre</ex>
         <ex>et as
</ex>
         <ex>montaigneset li</ex>
         <ex>oitet la</ex>
         <ex>et grant</ex>
         <ex>demeneret se</ex>
         <ex>oizet si</ex>
         <ex>et descon</ex>
         <ex>saufet si</ex>
         <ex>et de</ex>
         <ex>et si</ex>
         <ex>ignoret a</ex>
         <ex>et faire.</ex>
         <ex>et en</ex>
         <ex>et seur</ex>
         <ex>et les</ex>
         <ex>cielet si</ex>
         <ex>et de</ex>
         <ex>lumiereet tot</ex>
         <ex>et tant</ex>
         <ex>indrentet tuit</ex>
         <ex>et as</ex>
         <ex>oieset me</ex>
         <ex>demenoientet com</ex>
         <ex>et assamblez</ex>
         <ex>et emis</ex>
         <ex>reet i</ex>
         <ex>et chantees.</ex>
         <ex>et un
</ex>
         <ex>eageet au</ex>
         <ex>deet si</ex>
         <ex>contet dit.</ex>
         <ex>aet il</ex>
         <ex>deet cil</ex>
         <ex>euset une</ex>
         <ex>oloientet si</ex>
         <ex>neet si</ex>
         <ex>et olons</ex>
         <ex>mondeet parti</ex>
         <ex>iandeset si</ex>
         <ex>onset esleeciez</ex>
         <ex>ertuzet de</ex>
         <ex>et doi</ex>
         <ex>entet nous</ex>
         <ex>deet si</ex>
         <ex>morzet a</ex>
         <ex>et pro</ex>
         <ex>et droiture</ex>
         <ex>et a</ex>
         <ex>loet l</ex>
         <ex>et la
</ex>
         <ex>et li</ex>
         <ex>et distrent</ex>
         <ex>et de</ex>
         <ex>nefet toutes</ex>
         <ex>confuzet repeirierent</ex>
         <ex>et de</ex>
         <ex>et entendue.</ex>
         <ex>et de</ex>
         <ex>et de</ex>
         <ex>et mout</ex>
         <ex>matineset de</ex>
         <ex>et de</ex>
         <ex>oet entendi</ex>
         <ex>et ent</ex>
         <ex>encoreet si</ex>
         <ex>tendreet les</ex>
         <ex>et por</ex>
         <ex>et li
</ex>
         <ex>acreset si</ex>
         <ex>et par
</ex>
         <ex>et entendoit</ex>
         <ex>et la</ex>
         <ex>et si</ex>
         <ex>et e</ex>
         <ex>ieet por</ex>
         <ex>et demeinent</ex>
         <ex> et entendu</ex>
         <ex>et lor</ex>
         <ex>sesiret prendre</ex>
         <ex>et confuz</ex>
         <ex>et tristres.</ex>
         <ex>et l</ex>
         <ex>et puis</ex>
         <ex>et isnielement</ex>
         <ex>et ent</ex>
         <ex>et florie.</ex>
         <ex>et il</ex>
         <ex>et finee</ex>
         <ex>fineeet cil</ex>
         <ex>et ennuiez</ex>
         <ex>troublezet bien</ex>
         <ex>ensambleet mout</ex>
         <ex>et l</ex>
         <ex>preudomet seinz</ex>
         <ex>homet bene</ex>
         <ex>et les</ex>
         <ex>enoientet cui</ex>
         <ex>confonduzet seinte</ex>
         <ex>enforcieet qi</ex>
         <ex>geleset la</ex>
         <ex>irgeset qi</ex>
         <ex>et leesche</ex>
         <ex>et crieres</ex>
         <ex>et regne</ex>
         <ex>homet de</ex>
         <ex> et en</ex>
         <ex>et plus</ex>
         <ex>estudeet molt
</ex>
         <ex>et consomee</ex>
         <ex>et dire</ex>
         <ex>et somee</ex>
         <ex>et toz</ex>
         <ex>et les</ex>
         <ex>et les</ex>
         <ex>et bene</ex>
         <ex>ret por</ex>
         <ex>et metre</ex>
         <ex>et a</ex>
         <ex>antet qant</ex>
         <ex>sarquet puis</ex>
         <ex>et por</ex>
         <ex>dolenzet si</ex>
         <ex>et molt
</ex>
         <ex>et si</ex>
         <ex>esqiet ceste</ex>
         <ex>et li
</ex>
         <ex>et en</ex>
         <ex>et en</ex>
         <ex>et por</ex>
         <ex>elset il</ex>
         <ex>estoitet il</ex>
         <ex>abbeset puis</ex>
         <ex>laet lor</ex>
         <ex>oset por</ex>
         <ex>et tristre</ex>
         <ex>reet li</ex>
         <ex>et li</ex>
         <ex>esqeet les</ex>
         <ex>et les</ex>
         <ex>et cierges</ex>
         <ex>chanteret si</ex>
         <ex>et misent</ex>
         <ex>et assis</ex>
         <ex>nonet la</ex>
         <ex>chanteeet il</ex>
         <ex>set si</ex>
         <ex> et dit</ex>
         <ex>eet qe</ex>
         <ex>autruiet ce</ex>
         <ex>et regne</ex>
         <ex>eet essaucie</ex>
         <ex>essaucieet qe</ex>
         <ex>et </ex>
         <ex> et en</ex>
         <ex>et nessent.</ex>
         <ex> et la</ex>
         <ex> et de</ex>
         <ex>contreeet mout</ex>
         <ex>oiret de</ex>
         <ex>et de</ex>
         <ex>et de
</ex>
         <ex>et cremoit</ex>
         <ex>et mout</ex>
         <ex>euet ser</ex>
         <ex>et de</ex>
         <ex>set so</ex>
         <ex>et dont</ex>
         <ex>et les</ex>
         <ex>eset les</ex>
         <ex>et les</ex>
         <ex>mengiet il</ex>
         <ex>et si
</ex>
         <ex>et e</ex>
         <ex>et en</ex>
         <ex>et chas</ex>
         <ex> et si
</ex>
         <ex>et si</ex>
         <ex>et mon</ex>
         <ex>contet dit</ex>
         <ex> et </ex>
         <ex>et mi</ex>
         <ex>sericorset qi</ex>
         <ex>et ape</ex>
         <ex>et entendre.</ex>
         <ex>et droiture.</ex>
         <ex>pereset la</ex>
         <ex>et le</ex>
         <ex>et amenda</ex>
         <ex>et la</ex>
         <ex>et par</ex>
         <ex>et rectori</ex>
         <ex>et di</ex>
         <ex>enfeset bien</ex>
         <ex>et ama</ex>
         <ex>reatouret son</ex>
         <ex>et entendans</ex>
         <ex>femeet si</ex>
         <ex>filet si</ex>
         <ex>oieet m</ex>
         <ex>esleeceet l</ex>
         <ex>et les</ex>
         <ex>estoitet furent</ex>
         <ex>mostieret menez</ex>
         <ex>et en</ex>
         <ex>et g</ex>
         <ex>et sa
</ex>
         <ex> et de</ex>
         <ex>et de</ex>
         <ex>et une</ex>
         <ex>et si
</ex>
         <ex>gardezet nostre
</ex>
         <ex>et retint.</ex>
         <ex>et argent</ex>
         <ex>plotet se</ex>
         <ex>et fors
</ex>
         <ex>saleet ala</ex>
         <ex>dedenzet na</ex>
         <ex>citet ala</ex>
         <ex>et si</ex>
         <ex>et dona</ex>
         <ex>et a</ex>
         <ex>reset le</ex>
         <ex>et dona</ex>
         <ex>ignoret dont</ex>
         <ex>aumosneset ce</ex>
         <ex>penseeet estoit</ex>
         <ex>et en</ex>
         <ex>et en</ex>
         <ex> et dit</ex>
         <ex>et demanda
</ex>
         <ex>ilet si</ex>
         <ex>et si</ex>
         <ex>et misericors
</ex>
         <ex>et secorables.</ex>
         <ex>et di</ex>
         <ex>direet gisoit
</ex>
         <ex>et disoit</ex>
         <ex>ignoret en</ex>
         <ex>ignoret li</ex>
         <ex>luiet la</ex>
         <ex>ditet parl</ex>
         <ex>celuiet cil</ex>
         <ex>et proia
</ex>
         <ex>demostrastet ensignast
</ex>
         <ex>misericordeet nostre</ex>
         <ex>eglisseet puis</ex>
         <ex>estoitet de</ex>
         <ex>et dist</ex>
         <ex>et pleinz
</ex>
         <ex>paroleset li</ex>
         <ex>et amener</ex>
         <ex>et sot</ex>
         <ex>et depueplez</ex>
         <ex>contreeet par</ex>
         <ex>et li</ex>
         <ex>et se</ex>
         <ex>portet tant</ex>
         <ex>terreet si</ex>
         <ex>empereoret ensemble</ex>
         <ex>luiet si</ex>
         <ex>et piti</ex>
         <ex>et misericor</ex>
         <ex>et besoigneus</ex>
         <ex>et si</ex>
         <ex>et done</ex>
         <ex>ieet si</ex>
         <ex>et oelle</ex>
         <ex>et raemplir</ex>
         <ex>et si</ex>
         <ex>et li</ex>
         <ex>et si</ex>
         <ex>et istrai</ex>
         <ex>oieet si</ex>
         <ex>maniereet si</ex>
         <ex>et men</ex>
         <ex>et dire</ex>
         <ex>et menoit</ex>
         <ex>et si</ex>
         <ex>et par
</ex>
         <ex>et atendrai</ex>
         <ex>et l</ex>
         <ex>et menoit</ex>
         <ex>entet qi</ex>
         <ex>anuizet de</ex>
         <ex>et les</ex>
         <ex>et le</ex>
         <ex>et sa</ex>
         <ex>et en</ex>
         <ex>et ceste</ex>
         <ex>et metre</ex>
         <ex>et departir</ex>
         <ex>et enque</ex>
         <ex>et pene</ex>
         <ex>ieet ment</ex>
         <ex>et esploiti</ex>
         <ex>esploitiet coment</ex>
         <ex>et coment</ex>
         <ex>oret la</ex>
         <ex>et de</ex>
         <ex>et la</ex>
         <ex>et li</ex>
         <ex>eilliezet qi</ex>
         <ex>esteset e</ex>
         <ex>et assoa</ex>
         <ex>et s</ex>
         <ex>et en</ex>
         <ex>euet si</ex>
         <ex>remestet trespassa</ex>
         <ex>et li</ex>
         <ex>et tuit</ex>
         <ex>maladeset rendoit</ex>
         <ex>et nuit</ex>
         <ex>et loenges</ex>
         <ex>loengeset li</ex>
         <ex>et pardon</ex>
         <ex>pechiezet qu</ex>
         <ex>ameet li
</ex>
         <ex>oieet a</ex>
         <ex>empereoret li
</ex>
         <ex>et enseignie.</ex>
         <ex>eet si</ex>
         <ex> et si</ex>
         <ex>et la</ex>
         <ex>signorieet si</ex>
         <ex>et dist</ex>
         <ex>et por</ex>
         <ex>et embraser</ex>
         <ex>et si</ex>
         <ex>et qieus</ex>
         <ex>et de</ex>
         <ex>eoitet qe</ex>
         <ex>et grant</ex>
         <ex>orissonset en
</ex>
         <ex>gaboientet assailloient</ex>
         <ex>et il
</ex>
         <ex>et trespassez</ex>
         <ex>et aussint</ex>
         <ex>resplendissanzet en</ex>
         <ex>et lire</ex>
         <ex>et si</ex>
         <ex>mesonet ore</ex>
         <ex>morzet tenoit</ex>
         <ex>richementet si</ex>
         <ex>tet ensemble</ex>
         <ex>et tuit</ex>
         <ex>omeet granz</ex>
         <ex>pereorset ci</ex>
         <ex>et q</ex>
         <ex>meinet lor</ex>
         <ex>et li</ex>
         <ex>et esponst</ex>
         <ex>reset si</ex>
         <ex>euset se</ex>
         <ex>plorantet criant</ex>
         <ex>et si
</ex>
         <ex>eet quel
</ex>
         <ex>pasmaet de</ex>
         <ex>et sostenue.</ex>
         <ex>descireret a</ex>
         <ex>eneorset ses
</ex>
         <ex>forseneeet regardoit
</ex>
         <ex>et a</ex>
         <ex>et cui</ex>
         <ex>et redemenoit</ex>
         <ex>oiset si</ex>
         <ex>et toutes</ex>
         <ex>et plorez</ex>
         <ex>et demenez</ex>
         <ex>et disoit</ex>
         <ex>et moi</ex>
         <ex>oset si</ex>
         <ex>et confortoient
</ex>
         <ex>et ploroit</ex>
         <ex>et a</ex>
         <ex>et si
</ex>
         <ex>et la</ex>
         <ex>et esmer</ex>
         <ex>et si</ex>
         <ex>et a</ex>
         <ex>mereet a</ex>
         <ex>citet si</ex>
         <ex>et dire</ex>
         <ex> et cil</ex>
         <ex>maladieset languereus</ex>
         <ex>et ooient</ex>
         <ex> et  </ex>
         <ex>et argent</ex>
         <ex>reet la</ex>
         <ex>et li</ex>
         <ex>et a</ex>
         <ex>et loenges</ex>
         <ex> et d</ex>
         <ex>et d</ex>
         <ex>tet de</ex>
         <ex>et mistrent</ex>
         <ex>et fet</ex>
         <ex> et </ex>
         <ex>mentet par</ex>
         <ex>atentet qi</ex>
         <ex>zet a</ex>
         <ex>eslongentet ser</ex>
         <ex>et pai</ex>
         <ex>irontet a</ex>
         <ex>et o</ex>
         <ex>et o</ex>
         <ex>et o</ex>
         <ex>et en</ex>
         <ex>tendreet la</ex>
         <ex>et regne</ex>
         <ex>entendieet o</ex>
         <ex>racontentet dient
</ex>
         <ex>et les</ex>
         <ex>et por</ex>
         <ex>et qi</ex>
         <ex>et sa</ex>
         <ex>et andui</ex>
         <ex>et ser</ex>
         <ex>et amer</ex>
         <ex>escoleet li</ex>
         <ex>et del</ex>
         <ex>gieet si</ex>
         <ex>et misericorde</ex>
         <ex>et oieus</ex>
         <ex>et l</ex>
         <ex>et sa</ex>
         <ex>et sa</ex>
         <ex>morurentet de</ex>
         <ex> et dona</ex>
         <ex>et en</ex>
         <ex>celuiet lors</ex>
         <ex> et par</ex>
         <ex>et gueriz.</ex>
         <ex>et muiant</ex>
         <ex>muiantet cil</ex>
         <ex>oientet li</ex>
         <ex>conselet a</ex>
         <ex>deet il</ex>
         <ex>metezet secoroit</ex>
         <ex>et esparse</ex>
         <ex>et sa</ex>
         <ex>contreeet trespasse</ex>
         <ex>et menroit</ex>
         <ex>et en</ex>
         <ex>et cil</ex>
         <ex> et deli</ex>
         <ex>estoitet por</ex>
         <ex>et q</ex>
         <ex>et pooir.</ex>
         <ex>piezet si
</ex>
         <ex>estionset qi</ex>
         <ex>corset amenisterrons</ex>
         <ex>liezet bene</ex>
         <ex>ignoret rendi</ex>
         <ex>et a</ex>
         <ex>et ses
</ex>
         <ex>liezet heitiez</ex>
         <ex>et li</ex>
         <ex>et droituriers</ex>
         <ex>et mis</ex>
         <ex>et nuiz</ex>
         <ex>et a</ex>
         <ex>et autres</ex>
         <ex>feteet qant</ex>
         <ex> et quel</ex>
         <ex>et escu</ex>
         <ex>et d</ex>
         <ex>et de</ex>
         <ex>et ni</ex>
         <ex>ieet puis</ex>
         <ex>et apr</ex>
         <ex>et l</ex>
         <ex>et puis</ex>
         <ex>entet alerent</ex>
         <ex>et menoit</ex>
         <ex>homeet por
</ex>
         <ex>et herber</ex>
         <ex>et donees</ex>
         <ex>et sanee</ex>
         <ex>et tant</ex>
         <ex>esqeset il</ex>
         <ex>et si</ex>
         <ex>luiet 
</ex>
         <ex>enerationet li</ex>
         <ex>esqeet qant</ex>
         <ex>et por</ex>
         <ex>et misericorz</ex>
         <ex>et par</ex>
         <ex>et bien
</ex>
         <ex>et alez</ex>
         <ex>et ostas</ex>
         <ex>et qi</ex>
         <ex>et molt</ex>
         <ex>plorantet tant</ex>
         <ex>et de</ex>
         <ex>ageet si
</ex>
         <ex>et pure</ex>
         <ex>et ren</ex>
         <ex>et atornee</ex>
         <ex>et de</ex>
         <ex>et meintenant</ex>
         <ex>et plus</ex>
         <ex>et comencie</ex>
         <ex>eet ele
</ex>
         <ex>et d</ex>
         <ex>et le</ex>
         <ex>et les</ex>
         <ex>orset si</ex>
         <ex>et la</ex>
         <ex>et ge</ex>
         <ex>et de</ex>
         <ex>ignoret si</ex>
         <ex>apaisastet si</ex>
         <ex>acostumeeet tuit</ex>
         <ex>et ne</ex>
         <ex>et dis</ex>
         <ex>et li
</ex>
         <ex>et de</ex>
         <ex>et de</ex>
         <ex>et por
</ex>
         <ex>fereet ele</ex>
         <ex>et bien</ex>
         <ex>et li</ex>
         <ex>et li</ex>
         <ex>reposteet aombree</ex>
         <ex>boiset de</ex>
         <ex>et a</ex>
         <ex>et plai</ex>
         <ex>et ses</ex>
         <ex> et en
</ex>
         <ex>et li</ex>
         <ex> et il</ex>
         <ex>estoitet de</ex>
         <ex>contreeet por</ex>
         <ex>et qi</ex>
         <ex> et na</ex>
         <ex>et le</ex>
         <ex>et l</ex>
         <ex>enet coment</ex>
         <ex>roiset li</ex>
         <ex>piezet si</ex>
         <ex>mesfetet si</ex>
         <ex>et despenses</ex>
         <ex>pardonastet si</ex>
         <ex>et li</ex>
         <ex>orissonset apr</ex>
         <ex>et por</ex>
         <ex>paroleset si</ex>
         <ex>et oloit
</ex>
         <ex>et granz</ex>
         <ex>et qi</ex>
         <ex>et or.</ex>
         <ex>paistreset go</ex>
         <ex>et par</ex>
         <ex>et par</ex>
         <ex>apostreet l</ex>
         <ex>et en</ex>
         <ex>et en</ex>
         <ex>et seint</ex>
         <ex>et a</ex>
         <ex>aet li</ex>
         <ex>terreet por</ex>
         <ex>et do</ex>
         <ex>moineset de</ex>
         <ex>regneet meesmement</ex>
         <ex>et par</ex>
         <ex>et par
</ex>
         <ex>et qu</ex>
         <ex>et mena
</ex>
         <ex>et par</ex>
         <ex>et ho</ex>
         <ex>luiet la</ex>
         <ex>et si</ex>
         <ex>et manda</ex>
         <ex>choseset tant</ex>
         <ex>et si</ex>
         <ex>et de</ex>
         <ex>et si</ex>
         <ex>et heiti</ex>
         <ex>racontezet si</ex>
         <ex>et de</ex>
         <ex>et de</ex>
         <ex>cleset del</ex>
         <ex>et il</ex>
         <ex>fetet q</ex>
         <ex>solementet le</ex>
         <ex>deguerpissoitet au</ex>
         <ex>et le</ex>
         <ex>piezet si</ex>
         <ex>proiereet li</ex>
         <ex>eet il</ex>
         <ex>et tel</ex>
         <ex> et de</ex>
         <ex>apostreset por</ex>
         <ex>apostoileet si</ex>
         <ex>graceset si</ex>
         <ex>et puis</ex>
         <ex>et si</ex>
         <ex>et por</ex>
         <ex>et dist</ex>
         <ex>meret qi</ex>
         <ex>et par</ex>
         <ex>et par</ex>
         <ex>et sanz</ex>
         <ex>et metre</ex>
         <ex> et por
</ex>
         <ex>et en</ex>
         <ex>et en</ex>
         <ex>tenset il</ex>
         <ex>et or</ex>
         <ex>finet il</ex>
         <ex>et dist</ex>
         <ex>espiritueuset si</ex>
         <ex>et ala</ex>
         <ex> et deguerpi</ex>
         <ex>siecleet re</ex>
         <ex>et la
</ex>
         <ex>et requerons</ex>
         <ex>et secorre</ex>
         <ex>et le</ex>
         <ex>et regne</ex>
         <ex>et enten</ex>
         <ex>et croit</ex>
         <ex>et les</ex>
         <ex>et droiture</ex>
         <ex>et che</ex>
         <ex>et puceles
</ex>
         <ex>et dire</ex>
         <ex>et pueplee</ex>
         <ex>et la</ex>
         <ex>et les
</ex>
         <ex>richesceset de</ex>
         <ex>et de</ex>
         <ex>et lor</ex>
         <ex>proiereset si</ex>
         <ex>et la</ex>
         <ex>et le</ex>
         <ex>foieet atant</ex>
         <ex>et il</ex>
         <ex>et sa</ex>
         <ex>seet si</ex>
         <ex>et retenoit</ex>
         <ex>et dire</ex>
         <ex>et de</ex>
         <ex>et tant</ex>
         <ex>et sa</ex>
         <ex>et lor
</ex>
         <ex>et conseillier</ex>
         <ex>et puce</ex>
         <ex>et cui</ex>
         <ex>et sostenoient.</ex>
         <ex>et po</ex>
         <ex>ilet eles</ex>
         <ex>pechiet de</ex>
         <ex>chemiseet ala</ex>
         <ex>coiementet pui</ex>
         <ex>et lez</ex>
         <ex>et si</ex>
         <ex>et establies</ex>
         <ex>et qi</ex>
         <ex>et qe</ex>
         <ex>homeset qe</ex>
         <ex>et disoit</ex>
         <ex>gardaet it</ex>
         <ex>et a</ex>
         <ex>toiet si</ex>
         <ex>et humles
</ex>
         <ex>et si</ex>
         <ex>rendueet si
</ex>
         <ex>et donoit</ex>
         <ex>et or</ex>
         <ex>et nuit</ex>
         <ex>et de
</ex>
         <ex> et de</ex>
         <ex>et a</ex>
         <ex>et cont</ex>
         <ex>contet li</ex>
         <ex>et son</ex>
         <ex>homet religieus</ex>
         <ex>religieuset a</ex>
         <ex> et li</ex>
         <ex>eslectionet proierent</ex>
         <ex>et a</ex>
         <ex>et a</ex>
         <ex>et clers</ex>
         <ex>et en</ex>
         <ex>et ensignier</ex>
         <ex>puepleet l</ex>
         <ex>amonestet proierent</ex>
         <ex>eschiet ententis</ex>
         <ex>forset s</ex>
         <ex>glisseet celui</ex>
         <ex>et si</ex>
         <ex>esqeet si</ex>
         <ex>oet si</ex>
         <ex>et en</ex>
         <ex>orissonset il</ex>
         <ex>fistet a</ex>
         <ex>oiastet si</ex>
         <ex>pristet si</ex>
         <ex>et dous
</ex>
         <ex>chiefet si</ex>
         <ex>et si</ex>
         <ex>oieet nostre</ex>
         <ex>et a</ex>
         <ex>donet dont</ex>
         <ex>et l</ex>
         <ex>chaereet l</ex>
         <ex>et costume</ex>
         <ex>durementet bien</ex>
         <ex>et de</ex>
         <ex>charitet cele
</ex>
         <ex>et amegrissoit</ex>
         <ex>euneset si</ex>
         <ex> et eschi</ex>
         <ex>et sa</ex>
         <ex>et les</ex>
         <ex>et ra</ex>
         <ex>renomeeet partout</ex>
         <ex>et li</ex>
         <ex>et li
</ex>
         <ex>puissanzet li</ex>
         <ex>et prees</ex>
         <ex>donet li</ex>
         <ex>tenset ie</ex>
         <ex>conteret dire.</ex>
         <ex>felonieet e</ex>
         <ex>esforciezet les</ex>
         <ex>et par</ex>
         <ex>et e</ex>
         <ex>et granz</ex>
         <ex>ieet lor</ex>
         <ex>et lor</ex>
         <ex>et lor
</ex>
         <ex>rompueset lor
</ex>
         <ex>et si</ex>
         <ex>et a</ex>
         <ex>euet a</ex>
         <ex>homeet ce</ex>
         <ex>et as
</ex>
         <ex>et la</ex>
         <ex>eet eus</ex>
         <ex>ignoret loant</ex>
         <ex>estoitet l</ex>
         <ex>estoitet tantost</ex>
         <ex>secorset a</ex>
         <ex>et distrent</ex>
         <ex>respondiet dist</ex>
         <ex>et par</ex>
         <ex>foiet par</ex>
         <ex>et de</ex>
         <ex>et de</ex>
         <ex> et secoruz</ex>
         <ex>terreet en</ex>
         <ex>aet si</ex>
         <ex>et aidast</ex>
         <ex>et secorust.</ex>
         <ex>det aloient</ex>
         <ex>nefet a</ex>
         <ex>et ses</ex>
         <ex>contreeet bien</ex>
         <ex>ancreset li</ex>
         <ex>bonset droituriers</ex>
         <ex>portet dont</ex>
         <ex>eillierentet neqedent</ex>
         <ex>empereoret lors</ex>
         <ex>ensambleet rendirent
</ex>
         <ex>et qu</ex>
         <ex>et sa</ex>
         <ex>autreet en</ex>
         <ex>et repleniez.</ex>
         <ex>seneet os</ex>
         <ex>et o</ex>
         <ex>et encore</ex>
         <ex>et eraie
</ex>
         <ex>et d</ex>
         <ex>aoroientet en</ex>
         <ex>fianceet la</ex>
         <ex>creanceet le</ex>
         <ex>et debrissa</ex>
         <ex>et en</ex>
         <ex>et est</ex>
         <ex>et engigne</ex>
         <ex>aet e</ex>
         <ex>et en</ex>
         <ex>reet li</ex>
         <ex>et debonaires</ex>
         <ex>et entr</ex>
         <ex>euset dist</ex>
         <ex>oreet qe</ex>
         <ex>ditet li</ex>
         <ex>et por</ex>
         <ex>et mand</ex>
         <ex>et arstrent</ex>
         <ex>elleet la</ex>
         <ex>oet a</ex>
         <ex>et de</ex>
         <ex>aleeet li</ex>
         <ex>et loenges</ex>
         <ex>costumeet puis</ex>
         <ex>et doctri</ex>
         <ex>reset so</ex>
         <ex>et de</ex>
         <ex>et doctrinez</ex>
         <ex>beneet puis</ex>
         <ex>et hetiez
</ex>
         <ex>eoret le</ex>
         <ex>et l</ex>
         <ex>autreet le</ex>
         <ex>neset genz</ex>
         <ex>euset alassent
</ex>
         <ex>et ser</ex>
         <ex>et iandes</ex>
         <ex>et tout</ex>
         <ex>mazet li</ex>
         <ex>meret il</ex>
         <ex>granzet orible</ex>
         <ex>terreet pristrent</ex>
         <ex>costumeet lor</ex>
         <ex>reet alerent</ex>
         <ex>et d</ex>
         <ex>et marchi</ex>
         <ex>marchiet grant</ex>
         <ex>et la</ex>
         <ex>et adont</ex>
         <ex>et si</ex>
         <ex>oset de</ex>
         <ex>et si</ex>
         <ex>et qi</ex>
         <ex>et sa</ex>
         <ex>otroierentet si</ex>
         <ex>uneet de</ex>
         <ex> et li</ex>
         <ex>et </ex>
         <ex>et homes</ex>
         <ex>luiet si</ex>
         <ex>ocirreet por</ex>
         <ex>et a</ex>
         <ex>et a</ex>
         <ex>et espris</ex>
         <ex>et eus</ex>
         <ex>et si</ex>
         <ex> et </ex>
         <ex>laet qant</ex>
         <ex>et a</ex>
         <ex>reet cil</ex>
         <ex>traiteset apareilliez</ex>
         <ex>toliet si</ex>
         <ex>et puissanz</ex>
         <ex>et granz</ex>
         <ex>et por</ex>
         <ex> et seur</ex>
         <ex>luiet li</ex>
         <ex>pooiret qi</ex>
         <ex>et entenz</ex>
         <ex>et celi</ex>
         <ex>et si</ex>
         <ex>et corroces</ex>
         <ex> et </ex>
         <ex>et si</ex>
         <ex>et de</ex>
         <ex>destruizet si</ex>
         <ex>et d</ex>
         <ex>esteret si</ex>
         <ex>doucementet si</ex>
         <ex>amoret 
</ex>
         <ex>ageet alerent</ex>
         <ex>aleret firent</ex>
         <ex>pereoret les</ex>
         <ex>et bo</ex>
         <ex>oiset damoi</ex>
         <ex>et les</ex>
         <ex>et de</ex>
         <ex>et quist</ex>
         <ex>et en</ex>
         <ex>ieet q</ex>
         <ex>et regarz</ex>
         <ex>entet qe</ex>
         <ex>sonet mortel</ex>
         <ex>bienet cil</ex>
         <ex>et argent</ex>
         <ex>oloiret a</ex>
         <ex>et d</ex>
         <ex>et si</ex>
         <ex>et conta
</ex>
         <ex>certeinementet sanz</ex>
         <ex>oset si
</ex>
         <ex>et qie</ex>
         <ex>et amis
</ex>
         <ex>et ous</ex>
         <ex>et entendue</ex>
         <ex>et dite.</ex>
         <ex>oet entendi</ex>
         <ex>et a</ex>
         <ex>et si</ex>
         <ex>et distrent</ex>
         <ex>et semons</ex>
         <ex>semonset si</ex>
         <ex>et aemplir</ex>
         <ex>forcieret si</ex>
         <ex>et mestiers</ex>
         <ex>peset si</ex>
         <ex>et si</ex>
         <ex>et sanz</ex>
         <ex>chartreet si</ex>
         <ex>bienet si</ex>
         <ex>homet pleins
</ex>
         <ex>treet si</ex>
         <ex>princeset si</ex>
         <ex>reret si</ex>
         <ex>espoentezet comencierent</ex>
         <ex>et a</ex>
         <ex>et lor</ex>
         <ex>detraireet a</ex>
         <ex>reset si</ex>
         <ex>et disoient</ex>
         <ex>et ceste</ex>
         <ex>et sanz</ex>
         <ex>et sanz</ex>
         <ex>grantet ne</ex>
         <ex>et plor</ex>
         <ex>et puis</ex>
         <ex>periret re</ex>
         <ex>et deli</ex>
         <ex>deet s</ex>
         <ex> et si</ex>
         <ex>aussintet si</ex>
         <ex>et besier
</ex>
         <ex>pitiet la</ex>
         <ex>et a</ex>
         <ex>et ne</ex>
         <ex>misericordeet ne</ex>
         <ex>ieet nostre</ex>
         <ex>litet li</ex>
         <ex>et si</ex>
         <ex>prissonet por</ex>
         <ex>et si</ex>
         <ex>ret se</ex>
         <ex>geet q</ex>
         <ex>ociset qe</ex>
         <ex>et as</ex>
         <ex>et de</ex>
         <ex>set tieus</ex>
         <ex>tiet ala
</ex>
         <ex>et perduz</ex>
         <ex>chartreet se</ex>
         <ex>mpereoret si</ex>
         <ex>et soit</ex>
         <ex>erset ta</ex>
         <ex>et li</ex>
         <ex>espoentezet manda</ex>
         <ex>et ses</ex>
         <ex>baronset si</ex>
         <ex>semblantet si</ex>
         <ex>et par
</ex>
         <ex>et espoen</ex>
         <ex>et respondi</ex>
         <ex>et si</ex>
         <ex>aprendreet bien</ex>
         <ex>et si</ex>
         <ex>ssentet si</ex>
         <ex>et de</ex>
         <ex>lignieet se</ex>
         <ex>et si</ex>
         <ex>et qe</ex>
         <ex>et nos</ex>
         <ex>deet si</ex>
         <ex>et entendus</ex>
         <ex>terreset ensus
</ex>
         <ex>distet puis</ex>
         <ex>estoitet de</ex>
         <ex>bontet si</ex>
         <ex>conteret dire</ex>
         <ex>et por</ex>
         <ex> et retraire</ex>
         <ex>et si</ex>
         <ex>et si</ex>
         <ex>et a</ex>
         <ex>rezet si
</ex>
         <ex>et essiaus</ex>
         <ex>et aornez</ex>
         <ex>eet q</ex>
         <ex>deraet si</ex>
         <ex>oioitet tant</ex>
         <ex>besieret por</ex>
         <ex>et si</ex>
         <ex>ceet autres</ex>
         <ex>estoitet si</ex>
         <ex>oioitet les</ex>
         <ex>cielet si</ex>
         <ex>et esmer</ex>
         <ex>et nule</ex>
         <ex>choseset tu</ex>
         <ex>et a</ex>
         <ex>et des
</ex>
         <ex>scritureset qu</ex>
         <ex>et as</ex>
         <ex>loantet bene</ex>
         <ex>itet regne</ex>
         <ex>geleet la</ex>
         <ex>corset le</ex>
         <ex>boucheet tantost</ex>
         <ex>et sa
</ex>
         <ex>et .</ex>
         <ex>adonqeset qant</ex>
         <ex>et si</ex>
         <ex>et tra</ex>
         <ex>celiet tantost</ex>
         <ex>ignoret la</ex>
         <ex>et </ex>
         <ex>euet sa
</ex>
         <ex>et la
</ex>
         <ex>nonet si</ex>
         <ex>et si</ex>
         <ex>et ait</ex>
         <ex>et par</ex>
         <ex>et les</ex>
         <ex>membreset pui</ex>
         <ex>ignoret tantost</ex>
         <ex>sanezet si</ex>
         <ex>et graciant</ex>
         <ex>et tro</ex>
         <ex>et d</ex>
         <ex>et pleines</ex>
         <ex>et a</ex>
         <ex>homeet si</ex>
         <ex>estet a</ex>
         <ex>et deli</ex>
         <ex>et haitiez</ex>
         <ex>et reclamez
</ex>
         <ex>miracleset d</ex>
         <ex>ieet ala</ex>
         <ex>tet si</ex>
         <ex>et si</ex>
         <ex>croizet puis</ex>
         <ex>et eripe</ex>
         <ex>tuamet sal</ex>
         <ex>protectoremet in</ex>
         <ex> et </ex>
         <ex>et 
</ex>
         <ex>et de
</ex>
         <ex>et si</ex>
         <ex>et eslee</ex>
         <ex>et li</ex>
         <ex>et de</ex>
         <ex>et desciroient</ex>
         <ex>et le</ex>
         <ex>et o</ex>
         <ex>eneet si</ex>
         <ex>esqeset cil</ex>
         <ex>corset si</ex>
         <ex>et co</ex>
         <ex>et li</ex>
         <ex>et par</ex>
         <ex>et molt
</ex>
         <ex>miracleet fet</ex>
         <ex>deset adonc</ex>
         <ex>et no</ex>
         <ex>et amoit</ex>
         <ex>et anz
</ex>
         <ex>oitet qe</ex>
         <ex>passionet </ex>
         <ex>elizet enfo</ex>
         <ex>eglisseet si</ex>
         <ex>tureet haute</ex>
         <ex> et esgard</ex>
         <ex>et l</ex>
         <ex> et de</ex>
         <ex>ret de</ex>
         <ex>ret de</ex>
         <ex>deet de</ex>
         <ex>et q</ex>
         <ex>liquieuret d</ex>
         <ex>ditet fet
</ex>
         <ex>et muz</ex>
         <ex>et der</ex>
         <ex>et envoiez</ex>
         <ex>uileet la</ex>
         <ex>et mis</ex>
         <ex>et en</ex>
         <ex>et li</ex>
         <ex>et entendre</ex>
         <ex>et acrut</ex>
         <ex>pluset plus</ex>
         <ex>loinget pres</ex>
         <ex>et des</ex>
         <ex> et qe</ex>
         <ex>genzet de</ex>
         <ex>anet la</ex>
         <ex>confessoret puis</ex>
         <ex>et molt</ex>
         <ex>rieret si</ex>
         <ex>et comen</ex>
         <ex>oeeet comen</ex>
         <ex>ret dont</ex>
         <ex>et la</ex>
         <ex>resgardaet si</ex>
         <ex>reet loa</ex>
         <ex> et celui</ex>
         <ex> et si
</ex>
         <ex>et les</ex>
         <ex>luiet puis
</ex>
         <ex>estet droiture</ex>
         <ex> et a</ex>
         <ex>homeet li</ex>
         <ex>charchiet les
</ex>
         <ex>et les</ex>
         <ex>et fist</ex>
         <ex>et besoinz.</ex>
         <ex>et sa</ex>
         <ex>et ses</ex>
         <ex>et ses
</ex>
         <ex>zet assez</ex>
         <ex>mesnieet puis</ex>
         <ex>et isnie</ex>
         <ex>et droiturier.</ex>
         <ex>et sa</ex>
         <ex>et che</ex>
         <ex>et ses</ex>
         <ex>leet por</ex>
         <ex>meret la</ex>
         <ex>et de
</ex>
         <ex>et son</ex>
         <ex>et perderont</ex>
         <ex>aet plus</ex>
         <ex>perduet la</ex>
         <ex>et toute</ex>
         <ex>et demenerent</ex>
         <ex>et del</ex>
         <ex>et sa</ex>
         <ex>signeuret si</ex>
         <ex>autelet si</ex>
         <ex>et raconta</ex>
         <ex>oitiseet coment</ex>
         <ex>et son</ex>
         <ex>et la</ex>
         <ex>et tuit</ex>
         <ex>oieet rendirent</ex>
         <ex>et loenges
</ex>
         <ex>et a</ex>
         <ex>et si</ex>
         <ex>oeeet puis</ex>
         <ex>meret si</ex>
         <ex>brazet port</ex>
         <ex>ageet li</ex>
         <ex>et puis</ex>
         <ex>et autres</ex>
         <ex>oieet si</ex>
         <ex>et le</ex>
         <ex>et li</ex>
         <ex>et a</ex>
         <ex>et oianz</ex>
         <ex>et a</ex>
         <ex>reset si
</ex>
         <ex>et par</ex>
         <ex>garderet par</ex>
         <ex>nieret rele</ex>
         <ex>homet q</ex>
         <ex>racleet por</ex>
         <ex>euet ses</ex>
         <ex>autelet si</ex>
         <ex>gageset </ex>
         <ex>et par</ex>
         <ex>et si</ex>
         <ex>respitet il</ex>
         <ex> et olentiers.</ex>
         <ex>faiteet li</ex>
         <ex>oitet si</ex>
         <ex>et pa</ex>
         <ex>et autres</ex>
         <ex>et si</ex>
         <ex>et pai</ex>
         <ex>et as</ex>
         <ex>et dist</ex>
         <ex>et par</ex>
         <ex>crestienet si</ex>
         <ex>et si</ex>
         <ex>creoitet </ex>
         <ex>et cre</ex>
         <ex>creet q</ex>
         <ex>et </ex>
         <ex>et re</ex>
         <ex>et autres</ex>
         <ex>et autres</ex>
         <ex>breet le</ex>
         <ex>eglisseet por</ex>
         <ex> et le</ex>
         <ex>boisdieet por</ex>
         <ex>et desco</ex>
         <ex>et ale</ex>
         <ex>autelet si</ex>
         <ex>et trest
</ex>
         <ex>oieet li</ex>
         <ex>oieet si</ex>
         <ex>entureet tant
</ex>
         <ex>crestienet si</ex>
         <ex> et si</ex>
         <ex>et defrois</ex>
         <ex>et bien</ex>
         <ex>et a</ex>
         <ex>parzet li</ex>
         <ex>intet si</ex>
         <ex>et prist</ex>
         <ex>et nurent</ex>
         <ex> et dece</ex>
         <ex>et qant</ex>
         <ex>toiet tres</ex>
         <ex>eet ho</ex>
         <ex>et ami</ex>
         <ex>boisiezet qe</ex>
         <ex>deserteet se</ex>
         <ex>et tote</ex>
         <ex>mesnieet toz
</ex>
         <ex>et hei</ex>
         <ex>et ala</ex>
         <ex>autelet si</ex>
         <ex>coupableset puis</ex>
         <ex>mentet si</ex>
         <ex>et tote
</ex>
         <ex>et honora</ex>
         <ex>tet mon</ex>
         <ex>ret sa</ex>
         <ex>et aempli</ex>
         <ex>et sa</ex>
         <ex>et regne
</ex>
         <ex>det si</ex>
         <ex>et ardoir</ex>
         <ex>et la</ex>
         <ex>et de</ex>
         <ex> et esgardee.</ex>
         <ex>nerentet si</ex>
         <ex>plorantet distrent</ex>
         <ex>et au</ex>
         <ex>et par</ex>
         <ex>et a</ex>
         <ex>oirset proies.</ex>
         <ex>et sa</ex>
         <ex>et d</ex>
         <ex>et de</ex>
         <ex>et sa</ex>
         <ex>richesceet puis</ex>
         <ex>et si</ex>
         <ex>changeet si</ex>
         <ex>et si</ex>
         <ex>et lessa</ex>
         <ex>endroientet pr</ex>
         <ex>et l</ex>
         <ex>et les</ex>
         <ex>et entendez</ex>
         <ex>et pree</ex>
         <ex>ploreret grant</ex>
         <ex>et qui</ex>
         <ex>et si</ex>
         <ex>et de</ex>
         <ex>et prisses</ex>
         <ex>arrazinet lors</ex>
         <ex>et si</ex>
         <ex>et chetif</ex>
         <ex>et ceste
</ex>
         <ex>et tolistes</ex>
         <ex>et autres</ex>
         <ex>et combien</ex>
         <ex>et prises</ex>
         <ex>et puis
</ex>
         <ex>lueset emblees</ex>
         <ex>gardeet si</ex>
         <ex>espoentezet por</ex>
         <ex>et sa</ex>
         <ex>oucementet si</ex>
         <ex>et droituriers</ex>
         <ex>et misericors</ex>
         <ex>et granz</ex>
         <ex>et puissanz</ex>
         <ex>et sanz</ex>
         <ex>et sanz</ex>
         <ex>omeet si</ex>
         <ex>et se</ex>
         <ex>et it</ex>
         <ex>et si</ex>
         <ex>luiet tote
</ex>
         <ex>et sa</ex>
         <ex>et si</ex>
         <ex>et gracierent</ex>
         <ex>et </ex>
         <ex>et en</ex>
         <ex>det einsi</ex>
         <ex>et honeurent</ex>
         <ex>miracleset ceste</ex>
         <ex>det totes</ex>
         <ex> et cil</ex>
         <ex>eglisseset li</ex>
         <ex>festeset honeur</ex>
         <ex>et honeurent.</ex>
         <ex>et entendez</ex>
         <ex>ieet ses</ex>
         <ex>festeset li</ex>
         <ex>et socors</ex>
         <ex>et secorre</ex>
         <ex>besoinzet desliier</ex>
         <ex>mestieret liiez</ex>
         <ex>et de</ex>
         <ex>et reg</ex>
         <ex>miracleet pluiseurs</ex>
         <ex>et embelir</ex>
         <ex>et d</ex>
         <ex>et corages</ex>
         <ex>et si</ex>
         <ex> et en</ex>
         <ex>indrentet q</ex>
         <ex>citet it</ex>
         <ex>et a</ex>
         <ex>et auques</ex>
         <ex>meret corurent</ex>
         <ex>et a</ex>
         <ex>et d</ex>
         <ex>et sorent</ex>
         <ex>et pis</ex>
         <ex>et sorent</ex>
         <ex>fereet si</ex>
         <ex>marcheandiseet de</ex>
         <ex>oileset repairierent</ex>
         <ex>et e</ex>
         <ex>gardoientet pou</ex>
         <ex>et lacierent</ex>
         <ex>heaumeset ceinstr</ex>
         <ex>et mistrent
</ex>
         <ex>forzet hardiz
</ex>
         <ex>et mout
</ex>
         <ex>et distrent</ex>
         <ex>et ou</ex>
         <ex>et lor</ex>
         <ex>et enseignierent</ex>
         <ex>eschaperet mout</ex>
         <ex>durementet li</ex>
         <ex>leuset la</ex>
         <ex>et duc
</ex>
         <ex>et disoient</ex>
         <ex>et au</ex>
         <ex>et si</ex>
         <ex>et enquerez</ex>
         <ex>et si</ex>
         <ex>et ist</ex>
         <ex>et departez</ex>
         <ex>et male</ex>
         <ex> et q</ex>
         <ex>et mout</ex>
         <ex>clerzet pueple</ex>
         <ex>isionet si</ex>
         <ex>regionet se
</ex>
         <ex>et il
</ex>
         <ex>et por</ex>
         <ex>et perdi</ex>
         <ex>et la</ex>
         <ex>duelet si</ex>
         <ex>et argent</ex>
         <ex>seet les</ex>
         <ex>et plo</ex>
         <ex>et crioient</ex>
         <ex>et si</ex>
         <ex> et estri</ex>
         <ex>eglisseet si</ex>
         <ex>et har</ex>
         <ex>et li</ex>
         <ex>toitet qant</ex>
         <ex>et si</ex>
         <ex>et ostas</ex>
         <ex>elizet il</ex>
         <ex>moitiet il</ex>
         <ex>estoitet si</ex>
         <ex>et atrest</ex>
         <ex>nonet li</ex>
         <ex>diligenseet par</ex>
         <ex>amoret par</ex>
         <ex>et atrest
</ex>
         <ex>ertureet il</ex>
         <ex>et toz</ex>
         <ex>et sanz</ex>
         <ex>et trest</ex>
         <ex>decoroientet si
</ex>
         <ex>et a</ex>
         <ex>durementet li</ex>
         <ex>et si</ex>
         <ex>estrangeset ers</ex>
         <ex>et ta</ex>
         <ex>et ceste
</ex>
         <ex>delet si</ex>
         <ex>et la</ex>
         <ex>et puis</ex>
         <ex>et mises</ex>
         <ex>et en</ex>
         <ex>et q</ex>
         <ex>et loerent</ex>
         <ex>et en</ex>
         <ex>et le</ex>
         <ex>et drecierent</ex>
         <ex>et trestrent</ex>
         <ex>et fort</ex>
         <ex>et droiturier
</ex>
         <ex>et si</ex>
         <ex>et tuit</ex>
         <ex>et il</ex>
         <ex>meret il</ex>
         <ex>et lor</ex>
         <ex>rompreet lor</ex>
         <ex>et a</ex>
         <ex>et si</ex>
         <ex>et dont</ex>
         <ex>et si</ex>
         <ex>et si</ex>
         <ex>et demenoient</ex>
         <ex>doleurset li</ex>
         <ex>et si
</ex>
         <ex>et nostre</ex>
         <ex>et nostre</ex>
         <ex>et si</ex>
         <ex>deet puis</ex>
         <ex>et par</ex>
         <ex>et disoient</ex>
         <ex>et s</ex>
         <ex>et depe</ex>
         <ex>leret a</ex>
         <ex>et qatre</ex>
         <ex>et mises</ex>
         <ex>borseet qe</ex>
         <ex>tet si
</ex>
         <ex>et entendez</ex>
         <ex>apesaet cil</ex>
         <ex>et mon</ex>
         <ex>fereet si</ex>
         <ex>et dedenz</ex>
         <ex>det puis</ex>
         <ex>otionet par</ex>
         <ex>cleret au</ex>
         <ex>leesceet la</ex>
         <ex> et corurent</ex>
         <ex>auet pristrent</ex>
         <ex>et lor</ex>
         <ex>zet toz</ex>
         <ex>et puceles</ex>
         <ex>ielet o</ex>
         <ex>chasteaet des
</ex>
         <ex> et plus</ex>
         <ex>et alez</ex>
         <ex>et a</ex>
         <ex>et a</ex>
         <ex>ardanzet chantoient</ex>
         <ex>et droiture.</ex>
         <ex>et a</ex>
         <ex>et bene</ex>
         <ex>et si</ex>
         <ex>otet bene</ex>
         <ex> et sa
</ex>
         <ex>chiet metre</ex>
         <ex>et l</ex>
         <ex>onset granz</ex>
         <ex>et esploitierent</ex>
         <ex>et par</ex>
         <ex>milet wi</ex>
         <ex>tanteet siet</ex>
         <ex>et mout</ex>
         <ex>deset peres</ex>
         <ex>et esqui</ex>
         <ex>et ense</ex>
         <ex>eglisseet la</ex>
         <ex>anzet sessante</ex>
         <ex>delet si</ex>
         <ex>et crestiens</ex>
         <ex> et conte
</ex>
         <ex>et pleins</ex>
         <ex>et disoit</ex>
         <ex>roiet tresq</ex>
         <ex>et au</ex>
         <ex>et dedenz</ex>
         <ex>et tot</ex>
         <ex>antet derriere</ex>
         <ex>ignoret par</ex>
         <ex>et heitiez</ex>
         <ex>et si</ex>
         <ex>et gueriz
</ex>
         <ex>et pluiseurs</ex>
         <ex>et del</ex>
         <ex>et des</ex>
         <ex>et des</ex>
         <ex>maladieet l</ex>
         <ex>et clope</ex>
         <ex>sechieet l</ex>
         <ex>enfermetet la</ex>
         <ex>et pale</ex>
         <ex>et a</ex>
         <ex>et ses</ex>
         <ex>et gueriz</ex>
         <ex>et sors</ex>
         <ex>et muz
</ex>
         <ex>et a</ex>
         <ex>corset por</ex>
         <ex>pechiezet le</ex>
         <ex>et </ex>
         <ex>det </ex>
         <ex>deet autres</ex>
         <ex>esqeset tuit</ex>
         <ex>det grant</ex>
         <ex>et si</ex>
         <ex>et sa</ex>
         <ex>et de</ex>
         <ex>et e</ex>
         <ex>et tantost</ex>
         <ex>et a</ex>
         <ex>et mon</ex>
         <ex>et mout
</ex>
         <ex>et le</ex>
         <ex>et le</ex>
         <ex>aleret au</ex>
         <ex>et por</ex>
         <ex>et por</ex>
         <ex>exet mes</ex>
         <ex>et aidast.</ex>
         <ex>ploreret a</ex>
         <ex>anuiet en</ex>
         <ex>deet si</ex>
         <ex>et il</ex>
         <ex>et par</ex>
         <ex>plaierentet ocistr</ex>
         <ex>fuelleset puis</ex>
         <ex>pelerinet en</ex>
         <ex>et enquist</ex>
         <ex>aloientet cil</ex>
         <ex>respondiet dist</ex>
         <ex>corrociet son</ex>
         <ex>et par</ex>
         <ex>piezet si</ex>
         <ex>luiet ses</ex>
         <ex>et en</ex>
         <ex>et par</ex>
         <ex>et loerent</ex>
         <ex>signeuret si</ex>
         <ex>et il</ex>
         <ex>et cruieus.</ex>
         <ex>et si
</ex>
         <ex>et li
</ex>
         <ex>et puis</ex>
         <ex>et grant
</ex>
         <ex>et lors</ex>
         <ex>et par</ex>
         <ex>et deli</ex>
         <ex>et de</ex>
         <ex>et reclaim</ex>
         <ex>teireet si</ex>
         <ex>et miseri</ex>
         <ex>et de</ex>
         <ex>et amoit</ex>
         <ex>ploreret a</ex>
         <ex> et secoruz</ex>
         <ex>finet si</ex>
         <ex>ignoret se</ex>
         <ex>et a</ex>
         <ex> et qe</ex>
         <ex>et si</ex>
         <ex>et gueriz</ex>
         <ex>aparuzet qu</ex>
         <ex>graceet il</ex>
         <ex>et proioient</ex>
         <ex>et deli</ex>
         <ex>premierset qi</ex>
         <ex>et honorez</ex>
         <ex>ieet qu</ex>
         <ex>et pardon</ex>
         <ex>prestreset as</ex>
         <ex>et les</ex>
         <ex>et irent</ex>
         <ex>et disoit</ex>
         <ex>confessoret si</ex>
         <ex>toiet a</ex>
         <ex>oieet qu</ex>
         <ex>et a</ex>
         <ex>et donee</ex>
         <ex>et consomee</ex>
         <ex> et dedia</ex>
         <ex>oneuret en</ex>
         <ex>et a</ex>
         <ex>et seintement</ex>
         <ex>et si</ex>
         <ex>et sa</ex>
         <ex>et si</ex>
         <ex>et orde</ex>
         <ex>et en</ex>
         <ex>proiaet requist</ex>
         <ex>et orz</ex>
         <ex>et del</ex>
         <ex>et des</ex>
         <ex>et mout</ex>
         <ex>genzet de</ex>
         <ex>et chascun</ex>
         <ex>et la</ex>
         <ex>icholaet fesoient
</ex>
         <ex>et sa</ex>
         <ex>et ses
</ex>
         <ex>fiuzet lor</ex>
         <ex>et lor</ex>
         <ex>et larrons</ex>
         <ex>et sa</ex>
         <ex>et lor</ex>
         <ex>et lor</ex>
         <ex> et sa</ex>
         <ex>et lor</ex>
         <ex>et lor</ex>
         <ex>et lor</ex>
         <ex>debatreet si</ex>
         <ex>et crioit</ex>
         <ex>et si</ex>
         <ex>et di</ex>
         <ex> et mes</ex>
         <ex>et do</ex>
         <ex>et qe</ex>
         <ex>ieet apr</ex>
         <ex>et nos
</ex>
         <ex>et si</ex>
         <ex>rentet si</ex>
         <ex>proiereset si</ex>
         <ex>et norri</ex>
         <ex>et alaitai</ex>
         <ex>et ausint</ex>
         <ex>risteet dolente</ex>
         <ex>et toz</ex>
         <ex>et qe</ex>
         <ex>et la</ex>
         <ex>femeet si</ex>
         <ex>et si</ex>
         <ex>et des</ex>
         <ex>et donons
</ex>
         <ex> et sa
</ex>
         <ex>et oelle</ex>
         <ex>et a</ex>
         <ex>rendreet e</ex>
         <ex>et si</ex>
         <ex>moiet si</ex>
         <ex>proiereet les</ex>
         <ex>et creons</ex>
         <ex>creatureet qe</ex>
         <ex>et de</ex>
         <ex>et des</ex>
         <ex>et regnes</ex>
         <ex>et de</ex>
         <ex>et les</ex>
         <ex>et finez</ex>
         <ex>apertenoitet li</ex>
         <ex>prestreet li</ex>
         <ex>et a</ex>
         <ex>doieet si</ex>
         <ex>reet li</ex>
         <ex>souspireret a</ex>
         <ex>et amenez</ex>
         <ex>prisonet qe</ex>
         <ex>et sa</ex>
         <ex>et celebroient</ex>
         <ex>humlementet mout</ex>
         <ex>et si</ex>
         <ex>et si</ex>
         <ex>et messires</ex>
         <ex>et sa
</ex>
         <ex>et li</ex>
         <ex> et .</ex>
         <ex>et si
</ex>
         <ex>et par</ex>
         <ex>proiereet </ex>
         <ex>iolset qe</ex>
         <ex>et regnes</ex>
         <ex>et la</ex>
         <ex>et de</ex>
         <ex> et dit</ex>
         <ex>ignoret loerent</ex>
         <ex>et apele</ex>
         <ex>et por</ex>
         <ex>et regne</ex>
         <ex>et nostre</ex>
         <ex>et des</ex>
         <ex>et son</ex>
         <ex>get pres</ex>
         <ex>et par</ex>
         <ex>sambleet alerent</ex>
         <ex>et si
</ex>
         <ex>et proierent</ex>
         <ex>et por</ex>
         <ex>douceet a</ex>
         <ex>et mue</ex>
         <ex>et autres</ex>
         <ex>et dist</ex>
         <ex>et font</ex>
         <ex>et lor
</ex>
         <ex>et st</ex>
         <ex>et trest</ex>
         <ex>estenduet lors</ex>
         <ex>et si
</ex>
         <ex>noteet d</ex>
         <ex>tostet qant</ex>
         <ex> et q</ex>
         <ex>et tant</ex>
         <ex>et par
</ex>
         <ex>et mout</ex>
         <ex>steset tres</ex>
         <ex>et les</ex>
         <ex>et socorre</ex>
         <ex>et esgarees</ex>
         <ex>et piti</ex>
         <ex>et regne</ex>
         <ex> et distrent</ex>
         <ex>et des</ex>
         <ex> et distrent</ex>
         <ex> et des
</ex>
         <ex>et de</ex>
         <ex>et baisai</ex>
         <ex>et men</ex>
         <ex>oieet un</ex>
         <ex> et si
</ex>
         <ex>et int
</ex>
         <ex>moiet si</ex>
         <ex>et qe</ex>
         <ex>et li
</ex>
         <ex>enuzet e</ex>
         <ex>aet de</ex>
         <ex>et tante</ex>
         <ex>et tu
</ex>
         <ex>et la</ex>
         <ex>oieet ment</ex>
         <ex>gardeeet qele</ex>
         <ex>et qele
</ex>
         <ex>doneeet quels</ex>
         <ex>et quels</ex>
         <ex>et ser</ex>
         <ex>et croient.</ex>
         <ex>et en</ex>
         <ex>ret entendre</ex>
         <ex>et son</ex>
         <ex> et si</ex>
         <ex> et se</ex>
         <ex>et raconte
</ex>
         <ex>set si
</ex>
         <ex>et de</ex>
         <ex>et lessiez.</ex>
         <ex>amiset puis</ex>
         <ex>orronset entenderons.</ex>
         <ex>meset fe</ex>
         <ex>escoutameset il</ex>
         <ex>toiet e</ex>
         <ex>et droit</ex>
         <ex>et sanz
</ex>
         <ex>et isiter</ex>
         <ex>seinzet me</ex>
         <ex>et feire</ex>
         <ex>et droiture.</ex>
         <ex>terreet noz
</ex>
         <ex>et periz</ex>
         <ex>compaignonset si
</ex>
         <ex>et enqerre</ex>
         <ex>feteet co</ex>
         <ex>et hisdeus.</ex>
         <ex>et de</ex>
         <ex>et de</ex>
         <ex>et par</ex>
         <ex>et cil</ex>
         <ex>benignementet si</ex>
         <ex>ageet q</ex>
         <ex>et raler
</ex>
         <ex>rreet de</ex>
         <ex>habitoientet s</ex>
         <ex>deseureet puis</ex>
         <ex>geet un</ex>
         <ex>et de</ex>
         <ex>et li</ex>
         <ex>et fumes</ex>
         <ex>et saou</ex>
         <ex>et delitable.</ex>
         <ex>orgeet bone</ex>
         <ex>paroleet si</ex>
         <ex>et la</ex>
         <ex>trespasseeet li</ex>
         <ex>habitacleet si</ex>
         <ex>et enclose</ex>
         <ex>encloseet faite</ex>
         <ex>et nos</ex>
         <ex>et entendu</ex>
         <ex>osteet ses
</ex>
         <ex>reset il</ex>
         <ex>ageet nos
</ex>
         <ex>et les</ex>
         <ex>et granz
</ex>
         <ex> et por</ex>
         <ex> et estoit</ex>
         <ex>et mes</ex>
         <ex>preudet mout</ex>
         <ex>et ensigniez
</ex>
         <ex>et endoctrinez</ex>
         <ex>latinet de</ex>
         <ex>greuet d</ex>
         <ex>parleret si</ex>
         <ex> et fait</ex>
         <ex>moigneset </ex>
         <ex>et d</ex>
         <ex>et d</ex>
         <ex>orgueilet de</ex>
         <ex>et li</ex>
         <ex>manoientet preudome
</ex>
         <ex>et se</ex>
         <ex>et de</ex>
         <ex>abet quanq</ex>
         <ex>euset qi</ex>
         <ex>et feire.</ex>
         <ex>et autre
</ex>
         <ex>et establi</ex>
         <ex>abbeset trametoit</ex>
         <ex>et le
</ex>
         <ex>anzet li</ex>
         <ex>et oribles.</ex>
         <ex>colet la</ex>
         <ex>luiet si</ex>
         <ex>fetet bien</ex>
         <ex>et li</ex>
         <ex>et ferme</ex>
         <ex>huiset si
</ex>
         <ex>et co</ex>
         <ex>ertuet por</ex>
         <ex>et alerent</ex>
         <ex>deserzet l</ex>
         <ex>neet la</ex>
         <ex>estoitet a</ex>
         <ex>et del</ex>
         <ex>et la
</ex>
         <ex>et seche</ex>
         <ex>et de</ex>
         <ex>et si
</ex>
         <ex>et sa</ex>
         <ex>besteet de</ex>
         <ex>et la
</ex>
         <ex> et es</ex>
         <ex>liueset del</ex>
         <ex>esbanoieret por
</ex>
         <ex>ermitageet de</ex>
         <ex>et de</ex>
         <ex>serainet por</ex>
         <ex>et mes
</ex>
         <ex>dotanceet nos</ex>
         <ex>iluecet ele</ex>
         <ex>arbreet donc</ex>
         <ex>et li</ex>
         <ex>donaet la</ex>
         <ex>et tint</ex>
         <ex>et entendre</ex>
         <ex>et de
</ex>
         <ex>ertuet qe</ex>
         <ex>et a</ex>
         <ex>toutet qant</ex>
         <ex>et q</ex>
         <ex>abessieet si</ex>
         <ex>testeet puis</ex>
         <ex>et plus</ex>
         <ex>et raconter</ex>
         <ex>et cels</ex>
         <ex>et de</ex>
         <ex>et si</ex>
         <ex>orneret sont</ex>
         <ex>et en</ex>
         <ex>et lo</ex>
         <ex>et por</ex>
         <ex>raconteret dire</ex>
         <ex>peinset lor</ex>
         <ex>et sau</ex>
         <ex>orset leur</ex>
         <ex>et a</ex>
         <ex>et a</ex>
         <ex>pitiet cil</ex>
         <ex>et il</ex>
         <ex>entet regardoit
</ex>
         <ex>eet por</ex>
         <ex>et do</ex>
         <ex>et demandoit</ex>
         <ex>lionceauset tantost</ex>
         <ex>isitet si</ex>
         <ex>homeet si</ex>
         <ex>faitet por</ex>
         <ex>et dire.</ex>
         <ex> et dit.</ex>
         <ex>erbeset de</ex>
         <ex>nuisableset legiere</ex>
         <ex>pristrentet i</ex>
         <ex>gieret la</ex>
         <ex>et a</ex>
         <ex>reret torner</ex>
         <ex>mengieret les
</ex>
         <ex>nonet einsint</ex>
         <ex>besteet ce
</ex>
         <ex>et de</ex>
         <ex>et qi</ex>
         <ex>habitentet qe</ex>
         <ex>et mois.</ex>
         <ex>et des</ex>
         <ex>et qe</ex>
         <ex>et dire</ex>
         <ex>aleret de</ex>
         <ex>puiet le</ex>
         <ex>buefet le</ex>
         <ex>aet a</ex>
         <ex>fistet en</ex>
         <ex>et habi</ex>
         <ex>ieet si
</ex>
         <ex>contreeet si</ex>
         <ex>nonet de</ex>
         <ex>et qi</ex>
         <ex> et dit</ex>
         <ex>et de</ex>
         <ex>solementet e</ex>
         <ex>foiet par</ex>
         <ex>omeset a</ex>
         <ex>et lor</ex>
         <ex>et d</ex>
         <ex>autreet e</ex>
         <ex>et lor</ex>
         <ex>ditet en</ex>
         <ex>mileet el</ex>
         <ex>ruileet tenoient
</ex>
         <ex>et esle</ex>
         <ex>et bien</ex>
         <ex>meurset de</ex>
         <ex>conseuset cest
</ex>
         <ex>et a</ex>
         <ex>et li</ex>
         <ex>soffriret ses</ex>
         <ex>et faire</ex>
         <ex>dreet si</ex>
         <ex>entureet si</ex>
         <ex>et feire.</ex>
         <ex>et par</ex>
         <ex>ignoret por</ex>
         <ex>atargementet meintenant</ex>
         <ex>mandet liez</ex>
         <ex>et pro</ex>
         <ex>et dist</ex>
         <ex>distet </ex>
         <ex>olontierset sanz</ex>
         <ex>penseeet qu</ex>
         <ex>meinet grant</ex>
         <ex>et d</ex>
         <ex>eillieret le</ex>
         <ex>finet adonc
</ex>
         <ex>et a</ex>
         <ex> et a</ex>
         <ex>et portant
</ex>
         <ex>fuelleset si</ex>
         <ex>et d</ex>
         <ex>et la</ex>
         <ex>et retreites</ex>
         <ex>et o</ex>
         <ex>et it</ex>
         <ex>homeset molt</ex>
         <ex> et doctrin</ex>
         <ex>et solitaire</ex>
         <ex>et pure</ex>
         <ex>et plus</ex>
         <ex>femeet a</ex>
         <ex>et a</ex>
         <ex>siecleet lessast
</ex>
         <ex>et a</ex>
         <ex>celleet l</ex>
         <ex>proceineet ou</ex>
         <ex>blasmeret li</ex>
         <ex>et a</ex>
         <ex>et les</ex>
         <ex>ermitageet si</ex>
         <ex>conteeset dites</ex>
         <ex>et de</ex>
         <ex>et a
</ex>
         <ex>et des</ex>
         <ex>et de</ex>
         <ex>moiet se
</ex>
         <ex>et a</ex>
         <ex>escriteet cis</ex>
         <ex>et mes</ex>
         <ex>et mer</ex>
         <ex>meret par</ex>
         <ex> portezet si
</ex>
         <ex>et dite.</ex>
         <ex>homet dont</ex>
         <ex>trespasseeet e</ex>
         <ex>et tuit</ex>
         <ex>et seit</ex>
         <ex>et en</ex>
         <ex>et en</ex>
         <ex>deet par
</ex>
         <ex>det meesmement</ex>
         <ex> et tes</ex>
         <ex>et pluiseurs</ex>
         <ex>et e</ex>
         <ex>et saces
</ex>
         <ex> et si</ex>
         <ex>et dire</ex>
         <ex>et dites</ex>
         <ex>et com</ex>
         <ex>siecleet si</ex>
         <ex>cielet si</ex>
         <ex>siecleet entre</ex>
         <ex>puepleet entre</ex>
         <ex>gaitoientet entre</ex>
         <ex>et de</ex>
         <ex>ieet chascun
</ex>
         <ex>et escandres.</ex>
         <ex>leuet eschapa</ex>
         <ex>et a</ex>
         <ex>et ra</ex>
         <ex>et guerissoit</ex>
         <ex>serpenzet apaisoit</ex>
         <ex>ageset curoit</ex>
         <ex>et sa</ex>
         <ex>reet por
</ex>
         <ex>firentet qe</ex>
         <ex>et il</ex>
         <ex>et dist</ex>
         <ex>det les
</ex>
         <ex>anacorinteset les
</ex>
         <ex>et toute
</ex>
         <ex>et tote</ex>
         <ex>et nde</ex>
         <ex>ndeet tote
</ex>
         <ex>aleeet le</ex>
         <ex>et par</ex>
         <ex>et conoissent</ex>
         <ex>prestreet clerc</ex>
         <ex>clercet roi</ex>
         <ex>roiet conte</ex>
         <ex>conteet prince</ex>
         <ex>princeet li</ex>
         <ex>et cre</ex>
         <ex>et ses</ex>
         <ex>et lor</ex>
         <ex>et fist</ex>
         <ex>pliret feire</ex>
         <ex>honteet ont</ex>
         <ex>et faisoit</ex>
         <ex>traitieret parler</ex>
         <ex>et la</ex>
         <ex>paroleet si</ex>
         <ex>aet si</ex>
         <ex>et dire</ex>
         <ex>enfanceet por</ex>
         <ex>et le</ex>
         <ex> et si
</ex>
         <ex>et proi</ex>
         <ex>et aurai.</ex>
         <ex>diet parole
</ex>
         <ex>et croi</ex>
         <ex>muset sanz</ex>
         <ex>paroleet tu</ex>
         <ex>et ses</ex>
         <ex>et si</ex>
         <ex>et e</ex>
         <ex>paroleset la
</ex>
         <ex>et si
</ex>
         <ex>et dit</ex>
         <ex>reet si</ex>
         <ex>et qant</ex>
         <ex>et dire</ex>
         <ex>luiet en</ex>
         <ex>siecleet qe</ex>
         <ex>mostet e
</ex>
         <ex>et pluiseur</ex>
         <ex>et si
</ex>
         <ex>et cou</ex>
         <ex>et a</ex>
         <ex>mellastet q</ex>
         <ex>et ure
</ex>
         <ex>euet si</ex>
         <ex>et si</ex>
         <ex>orissonset si</ex>
         <ex>mieet puis</ex>
         <ex>donaet se</ex>
         <ex>esqeet si</ex>
         <ex>et si</ex>
         <ex>estiret q</ex>
         <ex>aparellieet li</ex>
         <ex>paroleet par</ex>
         <ex>et par</ex>
         <ex>et corte</ex>
         <ex>petitet ce</ex>
         <ex>reet si</ex>
         <ex>reet il</ex>
         <ex>hautet ce</ex>
         <ex>puepleet non</ex>
         <ex>partieet une</ex>
         <ex>et uns
</ex>
         <ex>prestreset moine</ex>
         <ex>et bel
</ex>
         <ex>apelezet crestiens</ex>
         <ex>et si</ex>
         <ex>homeet re</ex>
         <ex> et entre</ex>
         <ex>et estendu</ex>
         <ex>et par</ex>
         <ex>forset sanc</ex>
         <ex>sonet en</ex>
         <ex>set tout</ex>
         <ex>haitiezet fu</ex>
         <ex>enimet de</ex>
         <ex>et nos</ex>
         <ex>estoientet por</ex>
         <ex>choseet il</ex>
         <ex>et il</ex>
         <ex>estemenzet asfublez</ex>
         <ex>et a</ex>
         <ex>eslancieret s</ex>
         <ex>peineset si
</ex>
         <ex>corrociezet molt</ex>
         <ex>homeet le</ex>
         <ex>et a</ex>
         <ex>batreet a</ex>
         <ex>motet de</ex>
         <ex>desciret tout
</ex>
         <ex>asneet puis</ex>
         <ex>bastonset de</ex>
         <ex>et eoir</ex>
         <ex>et a</ex>
         <ex>et enten</ex>
         <ex>zet molt</ex>
         <ex>oieset si</ex>
         <ex>oret par</ex>
         <ex>et benignement.</ex>
         <ex>et a</ex>
         <ex> et la
</ex>
         <ex>racleet pluiseurs</ex>
         <ex>celeeset tant</ex>
         <ex>et cela</ex>
         <ex>doutezet si</ex>
         <ex>et en</ex>
         <ex>et retraire
</ex>
         <ex>et de</ex>
         <ex>et sot</ex>
         <ex>et sot</ex>
         <ex>et esploiter.</ex>
         <ex>et a</ex>
         <ex>et a</ex>
         <ex>et a</ex>
         <ex>et creez.</ex>
         <ex>et a</ex>
         <ex>et si
</ex>
         <ex>et a</ex>
         <ex>aet la</ex>
         <ex>et lie.</ex>
         <ex>cielet a</ex>
         <ex>homeet li</ex>
         <ex>neret ne</ex>
         <ex>et si</ex>
         <ex>ieet il</ex>
         <ex>aet si</ex>
         <ex>et croi</ex>
         <ex>fermementet nus</ex>
         <ex>aussintet ce</ex>
         <ex>apostreset as
</ex>
         <ex>et de</ex>
         <ex>et di</ex>
         <ex>ret nos</ex>
         <ex>et dite.</ex>
         <ex>et de</ex>
         <ex>et autre</ex>
         <ex>chiefet si
</ex>
         <ex>et de</ex>
         <ex>mengierset si</ex>
         <ex>et nuiz</ex>
         <ex>et ses</ex>
         <ex>et si</ex>
         <ex>palezet q</ex>
         <ex>desfermeeset li
</ex>
         <ex>roiet qant</ex>
         <ex>seoitet toz</ex>
         <ex>et si</ex>
         <ex>proiereet le</ex>
         <ex>mengieret l</ex>
         <ex>et molt</ex>
         <ex>et o</ex>
         <ex>et a</ex>
         <ex>et e</ex>
         <ex>dureeet bien</ex>
         <ex>et miracles</ex>
         <ex>et seintes</ex>
         <ex>laet ut</ex>
         <ex>et de</ex>
         <ex>geet pristrent</ex>
         <ex>et porent.</ex>
         <ex>et grant
</ex>
         <ex>teet tantost</ex>
         <ex>entrezet cil</ex>
         <ex>et deli</ex>
         <ex>et sa</ex>
         <ex>paignieet la
</ex>
         <ex>corneset cruelment</ex>
         <ex>bleciezet ele</ex>
         <ex>et a</ex>
         <ex>et molt
</ex>
         <ex>encontreet si</ex>
         <ex>esteet si</ex>
         <ex>et adonc</ex>
         <ex>et se</ex>
         <ex>piezet li</ex>
         <ex>foucet a</ex>
         <ex>compaignieet ele</ex>
         <ex>et fu</ex>
         <ex>prestreset ceus</ex>
         <ex>eneorset chiens</ex>
         <ex>et lee</ex>
         <ex>leeet li
</ex>
         <ex>issentet q</ex>
         <ex>et fo</ex>
         <ex>paroleet se</ex>
         <ex>et ala</ex>
         <ex>et grant</ex>
         <ex>aet si</ex>
         <ex>corageet li</ex>
         <ex>enchauciet il</ex>
         <ex>ristet ele</ex>
         <ex>et si</ex>
         <ex>et en</ex>
         <ex> et orde</ex>
         <ex> et dit
</ex>
         <ex>noset si</ex>
         <ex>et en</ex>
         <ex>compaignieet si</ex>
         <ex>champaigneet la</ex>
         <ex>mesonet la</ex>
         <ex>abstinanceet si</ex>
         <ex> et si</ex>
         <ex>et amonester</ex>
         <ex>et par</ex>
         <ex>et dist.</ex>
         <ex>et honorer</ex>
         <ex>et de</ex>
         <ex>homeet si</ex>
         <ex>enueet qe</ex>
         <ex>et isiter</ex>
         <ex>et a</ex>
         <ex>demostreret une</ex>
         <ex>et molt</ex>
         <ex>oiret entendre</ex>
         <ex>doneeet de</ex>
         <ex>cheintureet il</ex>
         <ex>et celes</ex>
         <ex>et lor</ex>
         <ex>et quels</ex>
         <ex>et </ex>
         <ex>et bien
</ex>
         <ex>et a</ex>
         <ex>laet atendions</ex>
         <ex>et la</ex>
         <ex>parlassentet dont</ex>
         <ex>pooret fumes
</ex>
         <ex>autreset si
</ex>
         <ex>sentueet a</ex>
         <ex>et oiz</ex>
         <ex>mieet si</ex>
         <ex> et  </ex>
         <ex> et resnierent</ex>
         <ex>et lerent.</ex>
         <ex>et lor</ex>
         <ex>et l</ex>
         <ex>et dist.</ex>
         <ex> et </ex>
         <ex>et de</ex>
         <ex>et blasmoit</ex>
         <ex>et nos</ex>
         <ex>et espro</ex>
         <ex>et molt
</ex>
         <ex>et mer</ex>
         <ex>parzet a</ex>
         <ex>et dit.</ex>
         <ex>entureet si</ex>
         <ex>Signoret si</ex>
         <ex>et dist</ex>
         <ex>et enqe</ex>
         <ex>et les</ex>
         <ex>et dites</ex>
         <ex>diteset com</ex>
         <ex>et aprisses.</ex>
         <ex> et si</ex>
         <ex>paroleset il
</ex>
         <ex>estionset si
</ex>
         <ex>mesonet si</ex>
         <ex>amiset qi
</ex>
         <ex> et si
</ex>
         <ex>deguerpissomeset por</ex>
         <ex>trespasseeet la</ex>
         <ex> et </ex>
         <ex> et il</ex>
         <ex>et e</ex>
         <ex>qeroientet il
</ex>
         <ex>et qe</ex>
         <ex>et desiroient</ex>
         <ex> et </ex>
         <ex>et dire</ex>
         <ex>ieret 
</ex>
         <ex>choseset e</ex>
         <ex>et die</ex>
         <ex>et habitent</ex>
         <ex>et dire.</ex>
         <ex>homeet si</ex>
         <ex>et dist</ex>
         <ex> et li
</ex>
         <ex>et reqe</ex>
         <ex>et li</ex>
         <ex>beneet puis</ex>
         <ex>tet puis
</ex>
         <ex>et le</ex>
         <ex>entreet si</ex>
         <ex>et lonc</ex>
         <ex>encoreet si</ex>
         <ex>et d</ex>
         <ex>et disoit</ex>
         <ex>et diroit
</ex>
         <ex>ensambleet qant</ex>
         <ex>et engr</ex>
         <ex>issiret si</ex>
         <ex>et dire</ex>
         <ex>et a</ex>
         <ex>peineset lendemein
</ex>
         <ex>dormoientet il</ex>
         <ex>fermementet li</ex>
         <ex>et tu</ex>
         <ex>et si</ex>
         <ex>et firent</ex>
         <ex>signoret si
</ex>
         <ex>songeset qe</ex>
         <ex>porteet por</ex>
         <ex>quierset demandes.</ex>
         <ex>laet li</ex>
         <ex>et si</ex>
         <ex>et manda</ex>
         <ex>eilloitet destruisoit.</ex>
         <ex>et dire</ex>
         <ex>et dist</ex>
         <ex>contet se</ex>
         <ex>et i</ex>
         <ex>et ceste</ex>
         <ex>et son</ex>
         <ex>et a</ex>
         <ex>eret si</ex>
         <ex>airet si</ex>
         <ex>paumeset si</ex>
         <ex>et esparz</ex>
         <ex>nueset por</ex>
         <ex>mandastet si</ex>
         <ex>nonet li</ex>
         <ex> et batu</ex>
         <ex>et chaci</ex>
         <ex>et fors</ex>
         <ex>et contrue</ex>
         <ex>et tempeste</ex>
         <ex>et les</ex>
         <ex>et toz</ex>
         <ex>terreset tant</ex>
         <ex>et meintes
</ex>
         <ex>aet si</ex>
         <ex>et deman</ex>
         <ex>deet li</ex>
         <ex>feteet dite</ex>
         <ex>et si</ex>
         <ex>et le</ex>
         <ex>tet meesmement</ex>
         <ex>et dire
</ex>
         <ex>furentet cil</ex>
         <ex>contet dit</ex>
         <ex>et par
</ex>
         <ex>creatureet a</ex>
         <ex>desfendueet ala
</ex>
         <ex>zet si</ex>
         <ex>et plus</ex>
         <ex>et entendi</ex>
         <ex> et mis
</ex>
         <ex>grantet mer</ex>
         <ex>et espes
</ex>
         <ex>et mas</ex>
         <ex>toret la</ex>
         <ex>miseet aoree</ex>
         <ex>et li</ex>
         <ex>et la</ex>
         <ex>et abatist</ex>
         <ex>et en</ex>
         <ex>et si</ex>
         <ex>et une</ex>
         <ex>et les
</ex>
         <ex>et dite</ex>
         <ex>cestuiet si
</ex>
         <ex>et molt</ex>
         <ex>chastelet deseu</ex>
         <ex>et it</ex>
         <ex>et mer</ex>
         <ex>colombeet seur
</ex>
         <ex>et debrisa</ex>
         <ex>et </ex>
         <ex>et entent.</ex>
         <ex>eet uns
</ex>
         <ex>homeet si
</ex>
         <ex>et si
</ex>
         <ex>et enten</ex>
         <ex>dentet li</ex>
         <ex>solementet bien</ex>
         <ex>peschieret si</ex>
         <ex>et si</ex>
         <ex>et si</ex>
         <ex>aet si</ex>
         <ex>graceset loenges.</ex>
         <ex>gemmeset la</ex>
         <ex>et entendre</ex>
         <ex> et si</ex>
         <ex>empereoret meintenu</ex>
         <ex>aet la</ex>
         <ex>espoentezet si</ex>
         <ex>et ses</ex>
         <ex>hermiteset q</ex>
         <ex>et les</ex>
         <ex>et as</ex>
         <ex>et ceus</ex>
         <ex>mieet por</ex>
         <ex>fereet de</ex>
         <ex>encontreet si</ex>
         <ex>et a</ex>
         <ex>et si</ex>
         <ex>et dist</ex>
         <ex>palezet entre</ex>
         <ex>et a</ex>
         <ex>oret entendre</ex>
         <ex>et le</ex>
         <ex>parleret ce</ex>
         <ex>et cruiels</ex>
         <ex>et del</ex>
         <ex>emperereset neqe</ex>
         <ex>regneet </ex>
         <ex>despenduet l</ex>
         <ex>pooret </ex>
         <ex>et distrent</ex>
         <ex>mentet tel</ex>
         <ex>afaireet si</ex>
         <ex>et si</ex>
         <ex>et ou</ex>
         <ex>foiet de</ex>
         <ex> et de
</ex>
         <ex>aet si</ex>
         <ex>droitet qe</ex>
         <ex>et si</ex>
         <ex>comunitet a</ex>
         <ex>et de</ex>
         <ex>et a</ex>
         <ex>noireet a</ex>
         <ex>empereoret se</ex>
         <ex>olentierset si</ex>
         <ex>et preud</ex>
         <ex>raet si</ex>
         <ex>set il</ex>
         <ex>et si</ex>
         <ex>doleuret fere</ex>
         <ex>ertuet si</ex>
         <ex>et il</ex>
         <ex> et de</ex>
         <ex>et </ex>
         <ex>et tant</ex>
         <ex>puiset de</ex>
         <ex>et espro</ex>
         <ex>et si</ex>
         <ex>eet ein</ex>
         <ex>et gueriz.</ex>
         <ex>et dist</ex>
         <ex>et plui</ex>
         <ex>meret il</ex>
         <ex>et une</ex>
         <ex>et lor</ex>
         <ex>derrompreet leur</ex>
         <ex>et a</ex>
         <ex>et seqeur
</ex>
         <ex>et deli</ex>
         <ex>et la</ex>
         <ex>departieet cil</ex>
         <ex>et icaires</ex>
         <ex>et secors</ex>
         <ex>et de</ex>
         <ex>roigneet de</ex>
         <ex>ignoret si</ex>
         <ex>et par</ex>
         <ex>nuizet en
</ex>
         <ex>et si</ex>
         <ex>et conta</ex>
         <ex>et toute</ex>
         <ex>et si</ex>
         <ex>iandeset li</ex>
         <ex>et si
</ex>
         <ex>et este</ex>
         <ex>et cri</ex>
         <ex>et la</ex>
         <ex>maniereset a</ex>
         <ex>seureet li</ex>
         <ex>alerieet par
</ex>
         <ex>fantosmeet par</ex>
         <ex>et disoit.</ex>
         <ex>et autres</ex>
         <ex>et si</ex>
         <ex>et pardon</ex>
         <ex>et q</ex>
         <ex>et a</ex>
         <ex>choseset e</ex>
         <ex>et si</ex>
         <ex>et par</ex>
         <ex>conditionet de</ex>
         <ex>aet si</ex>
         <ex>et 
</ex>
         <ex>resconseet tens</ex>
         <ex>et les
</ex>
         <ex>nuleet si</ex>
         <ex>et si</ex>
         <ex>et le</ex>
         <ex>et es</ex>
         <ex>estrangeset </ex>
         <ex>et es</ex>
         <ex>et es</ex>
         <ex>et es</ex>
         <ex>citezet si</ex>
         <ex>et so</ex>
         <ex>et ra</ex>
         <ex>et ta
</ex>
         <ex>et qi</ex>
         <ex>et a</ex>
         <ex>huiet hier</ex>
         <ex>et raconteras</ex>
         <ex> et par</ex>
         <ex>et par</ex>
         <ex> et par</ex>
         <ex>enet encore</ex>
         <ex>racontasseset en</ex>
         <ex> et en</ex>
         <ex>et par</ex>
         <ex>et en</ex>
         <ex>et proi</ex>
         <ex>et cont</ex>
         <ex>contet si</ex>
         <ex>fleurset herbes</ex>
         <ex>et de</ex>
         <ex>fistet treita</ex>
         <ex>et si</ex>
         <ex>et os</ex>
      </td>
   </tr>
   <tr>
      <td>⁊ </td>
      <td>
         <em>Et </em>
         <ex>creanceEt si</ex>
      </td>
   </tr>
   <tr>
      <td>ꝙ</td>
      <td>
         <em>qe</em>
         <ex> qe</ex>
         <ex>qe</ex>
         <ex>qetu</ex>
         <ex>esqes</ex>
         <ex>ilueqes</ex>
         <ex>siqenus</ex>
      </td>
   </tr>
   <tr>
      <td>ꝯ</td>
      <td>
         <em>com</em>
         <ex>comil</ex>
         <ex>com</ex>
         <ex>com</ex>
         <ex>compeins</ex>
         <ex>comil</ex>
         <ex>comele</ex>
         <ex>compaignie</ex>
         <ex>compaig</ex>
         <ex>sacompaignie</ex>
      </td>
      <td>
         <em>con</em>
         <ex>Ciconmence</ex>
         <ex>Ciconmence</ex>
         <ex>Dontconmen</ex>
         <ex>conmanda</ex>
         <ex>conmanda.</ex>
         <ex>siconmanda
</ex>
         <ex>conmanda</ex>
         <ex>conmandoit</ex>
         <ex>conman</ex>
         <ex>tconme</ex>
         <ex>iconmencierent</ex>
         <ex>conmandement</ex>
         <ex>conmen</ex>
         <ex>conmanda</ex>
         <ex>conment</ex>
         <ex>conment</ex>
         <ex>moineconmanda</ex>
         <ex>connissoit</ex>
         <ex>conmanda</ex>
         <ex>conmandement</ex>
         <ex> conmencierent</ex>
         <ex>conmen</ex>
         <ex>conment</ex>
         <ex>conman</ex>
         <ex>conman</ex>
         <ex>contree</ex>
         <ex>conterai</ex>
         <ex>conmen</ex>
         <ex>conmanda</ex>
         <ex>conman</ex>
         <ex>conmandemenz</ex>
         <ex>conment</ex>
         <ex>conmanda</ex>
         <ex>conmencierent</ex>
         <ex>conmence</ex>
         <ex>conne</ex>
         <ex>conme</ex>
         <ex>conme</ex>
         <ex>entrerentconmencierent
</ex>
         <ex>conmandemenz</ex>
         <ex>conmen</ex>
         <ex>conmandement</ex>
         <ex>meconmandas</ex>
         <ex>conm</ex>
         <ex>conmandemenz</ex>
         <ex>conpaignons</ex>
         <ex>conmen</ex>
         <ex>conmencierent</ex>
         <ex>conmanda</ex>
         <ex>conmen</ex>
         <ex>conman</ex>
         <ex>conmen</ex>
         <ex>conmen</ex>
         <ex>conmen</ex>
         <ex>Doncconmanda</ex>
         <ex>conmen</ex>
         <ex>leconmant</ex>
         <ex>conment</ex>
         <ex>liconmanda</ex>
         <ex>conment</ex>
         <ex>conmanda</ex>
         <ex>conmen</ex>
         <ex>liconmencie</ex>
         <ex>conmen</ex>
         <ex>conmencierent</ex>
         <ex>conmen</ex>
         <ex>conmen</ex>
         <ex>siconme</ex>
         <ex>conmencie</ex>
         <ex>encontre</ex>
         <ex>conme
</ex>
         <ex>conmen</ex>
         <ex>Siconme</ex>
         <ex>liconmen</ex>
         <ex>conmen</ex>
         <ex>conmanda</ex>
         <ex>conselle</ex>
         <ex>conselle</ex>
         <ex>orsconmanda</ex>
         <ex>conmanda</ex>
         <ex>conment</ex>
         <ex>conmanda</ex>
         <ex>conpaignie</ex>
         <ex>conm</ex>
         <ex>sconmunement</ex>
         <ex>conmanda</ex>
         <ex>conment</ex>
         <ex>cont</ex>
         <ex>conmen</ex>
         <ex>conme</ex>
         <ex>conme</ex>
         <ex>conme</ex>
         <ex>conment</ex>
         <ex>leconmandement</ex>
         <ex>deconmander
</ex>
         <ex>conmencierent</ex>
         <ex>conmencierent</ex>
         <ex>conmen</ex>
         <ex>siconme</ex>
         <ex>conme</ex>
         <ex>conme</ex>
         <ex>conmen</ex>
         <ex>conmant</ex>
         <ex>conmencier
</ex>
         <ex>conmandement</ex>
         <ex> conmandez</ex>
         <ex>laconpagnie</ex>
         <ex>conmence</ex>
         <ex>conmence
</ex>
         <ex>conment</ex>
         <ex>consomee</ex>
         <ex>conmencierent</ex>
         <ex>conme
</ex>
         <ex>conmencierent</ex>
         <ex>siconil
</ex>
         <ex>conme</ex>
         <ex>ieconment</ex>
         <ex>conmen</ex>
         <ex>ilconmanderent</ex>
         <ex>conmanderent</ex>
         <ex>sesconmandemenz</ex>
         <ex>conmenci</ex>
         <ex>leconmandement</ex>
         <ex>conmencierent</ex>
         <ex>conme</ex>
         <ex>conme</ex>
         <ex>conmanda</ex>
         <ex>conmence</ex>
         <ex>conmence
</ex>
         <ex>conmen</ex>
         <ex>conme</ex>
         <ex>conmencent</ex>
         <ex>confessor.</ex>
         <ex>conmencent</ex>
         <ex>confessor.</ex>
         <ex>conmen</ex>
         <ex>oitconmand</ex>
         <ex>conmand</ex>
         <ex>leconmencierent
</ex>
         <ex>lorconmanda
</ex>
         <ex>conmandast
</ex>
         <ex>ocirreconment</ex>
         <ex>conme</ex>
         <ex>conmande</ex>
         <ex>conment</ex>
         <ex>connurent</ex>
         <ex>conmande</ex>
         <ex>conmencierent</ex>
         <ex>conmencie</ex>
         <ex>conmen</ex>
         <ex>conment</ex>
         <ex>conmande</ex>
         <ex>liconmandemens</ex>
         <ex>conmen</ex>
         <ex>conmencierent</ex>
         <ex>raconte</ex>
         <ex>raconte</ex>
         <ex>conmen</ex>
         <ex>oieconment</ex>
         <ex>conme</ex>
         <ex>conmen</ex>
         <ex>conmanda</ex>
         <ex>conmande</ex>
         <ex>leconmandement</ex>
         <ex>conme</ex>
         <ex>conme</ex>
         <ex>conmencier</ex>
         <ex>leconmen</ex>
         <ex>conmanda</ex>
         <ex>conme</ex>
         <ex>conme</ex>
         <ex>laconmanda
</ex>
         <ex>conmen</ex>
         <ex>oscontro</ex>
         <ex>conmencierent</ex>
         <ex>congi</ex>
         <ex>conmen</ex>
         <ex>conmen</ex>
         <ex>conme</ex>
         <ex>siconme
</ex>
         <ex>conme</ex>
         <ex>connoi</ex>
         <ex>conme</ex>
         <ex>conmen</ex>
         <ex>conmen</ex>
         <ex>liconmen</ex>
         <ex>conman</ex>
         <ex>conmen</ex>
         <ex>conmandoit</ex>
         <ex>conme
</ex>
         <ex>conmanda</ex>
         <ex>conmanz</ex>
         <ex>conmand</ex>
         <ex>conmanz</ex>
         <ex>conmandemenz</ex>
         <ex>conmanderoit</ex>
         <ex>conman</ex>
         <ex>conmandement</ex>
         <ex>conmen</ex>
         <ex>lesconmandemenz</ex>
         <ex>conman</ex>
         <ex>lacontree</ex>
         <ex>conmencierent</ex>
         <ex>conmenci</ex>
         <ex>conne</ex>
         <ex>encontre</ex>
         <ex>aconplir</ex>
         <ex>conme</ex>
         <ex>conmence
</ex>
         <ex>conmen</ex>
         <ex>conmencement</ex>
         <ex>conmand</ex>
         <ex>conmanda</ex>
         <ex>conment</ex>
         <ex>conient
</ex>
         <ex>conme</ex>
         <ex>conme</ex>
         <ex>conmencierent</ex>
         <ex>conmencierent</ex>
         <ex>conme</ex>
         <ex>lesconmencierent</ex>
         <ex>conne</ex>
         <ex>conmencement</ex>
         <ex>conment</ex>
         <ex>conmen</ex>
         <ex>conmen</ex>
         <ex>siconmen</ex>
         <ex>conmander</ex>
         <ex>conmanda</ex>
         <ex>conmencierent</ex>
         <ex>conmanda</ex>
         <ex>conmandement
</ex>
         <ex>liconmen</ex>
         <ex>conmen</ex>
         <ex>leconmandement</ex>
         <ex>conmen</ex>
         <ex>conmanda</ex>
         <ex>conme</ex>
         <ex>conmencierent
</ex>
         <ex>lacontree</ex>
         <ex>conment</ex>
         <ex>conmen</ex>
         <ex>conmanda</ex>
         <ex>conmen</ex>
         <ex>conme</ex>
      </td>
   </tr>
   <tr>
      <td></td>
      <td>
         <em>qe</em>
         <ex>onqes</ex>
         <ex>onqes</ex>
         <ex>tresqeas</ex>
         <ex>onqes</ex>
         <ex>esqeen</ex>
         <ex>qeil</ex>
         <ex>onqes</ex>
         <ex>onqes</ex>
         <ex>qels</ex>
         <ex>onqes</ex>
         <ex>anqeonqes</ex>
         <ex>onqes</ex>
         <ex>reisonsqetu</ex>
         <ex>auqes</ex>
         <ex>qee</ex>
         <ex>asqes</ex>
         <ex>reqerre</ex>
      </td>
   </tr>
   <tr>
      <td>﻿p</td>
      <td>
         <em>pre</em>
         <ex>pretres</ex>
         <ex>lipreost</ex>
      </td>
      <td>
         <em>pré</em>
         <ex>Aprés</ex>
         <ex>Aprés</ex>
      </td>
   </tr>
   <tr>
      <td>﻿ꝑ</td>
      <td>
         <em>Per</em>
         <ex>﻿Pere</ex>
      </td>
      <td>
         <em>par</em>
         <ex>ne﻿parla</ex>
         <ex>parmons</ex>
         <ex>departi
</ex>
         <ex>﻿partie.</ex>
         <ex>forceparla</ex>
         <ex>parmiracles</ex>
         <ex>oirpar
</ex>
         <ex>parta</ex>
         <ex>paroles</ex>
         <ex>parties</ex>
         <ex>es﻿partirent</ex>
         <ex>baptesmeparlor</ex>
         <ex>﻿parlor</ex>
         <ex>﻿parmoi</ex>
         <ex>foiparcoi</ex>
         <ex>﻿partirent</ex>
         <ex>aparut</ex>
         <ex>cenz﻿parn</ex>
         <ex>lumiere﻿parmenable</ex>
         <ex>﻿parta</ex>
         <ex>﻿parles</ex>
         <ex>parce</ex>
         <ex>parmenable.</ex>
         <ex>de﻿parti</ex>
         <ex>﻿partotes</ex>
         <ex>﻿parmenable</ex>
         <ex>﻿parler
</ex>
         <ex>departie</ex>
         <ex>﻿par</ex>
         <ex>departiroit</ex>
         <ex>﻿parcest</ex>
         <ex>﻿parcom
</ex>
         <ex>messepargrant</ex>
         <ex>partote
</ex>
         <ex>﻿parses
</ex>
         <ex>lesparoles</ex>
         <ex>﻿parnostre</ex>
         <ex>sacra﻿pargrant</ex>
         <ex>﻿partotes</ex>
         <ex>eparlui
</ex>
         <ex>de﻿parti</ex>
         <ex>pargeunes</ex>
         <ex>parmenable</ex>
         <ex>departoit</ex>
         <ex>departies.</ex>
         <ex>parmi</ex>
         <ex>partie</ex>
         <ex>parles</ex>
         <ex>seulementparnon</ex>
         <ex>departir</ex>
         <ex>partout
</ex>
         <ex>parma</ex>
         <ex>par
</ex>
         <ex>departi
</ex>
         <ex>seisiparmi</ex>
         <ex>parole</ex>
         <ex>departi</ex>
         <ex>amesparson</ex>
         <ex>partout</ex>
         <ex>pardesputisons</ex>
         <ex>pareraies</ex>
         <ex>part</ex>
         <ex>parl</ex>
         <ex>parl</ex>
         <ex>parsa</ex>
         <ex>deparnostre</ex>
         <ex>pardolereuse</ex>
         <ex>departi</ex>
         <ex>parla</ex>
         <ex>par</ex>
         <ex>parler</ex>
         <ex>autrepartie</ex>
         <ex>par</ex>
         <ex>sipar</ex>
         <ex>departi</ex>
         <ex>parsa</ex>
         <ex>parsa</ex>
         <ex>parla</ex>
         <ex>parla
</ex>
         <ex>pardon</ex>
         <ex>parla</ex>
         <ex>examplespartieus</ex>
         <ex>parla</ex>
         <ex>partoi</ex>
         <ex>dignesparcui
</ex>
         <ex>parla</ex>
         <ex>partel</ex>
         <ex>parle</ex>
         <ex>parbones</ex>
         <ex>depar</ex>
         <ex>departisist</ex>
         <ex>parsa
</ex>
         <ex>parla</ex>
         <ex>parderriers</ex>
         <ex>parla</ex>
         <ex>departi</ex>
         <ex>par
</ex>
         <ex>metezparce</ex>
         <ex>parmout</ex>
         <ex>donaparla</ex>
         <ex>parlui</ex>
         <ex>oitparla</ex>
         <ex>parsi</ex>
         <ex>alparune</ex>
         <ex>parne</ex>
         <ex>paroles
</ex>
         <ex>parle</ex>
         <ex>par.</ex>
         <ex>parmeintes</ex>
         <ex>siparloit</ex>
         <ex>parl</ex>
         <ex>parmout</ex>
         <ex>parlui
</ex>
         <ex>parses</ex>
         <ex>parmellor
</ex>
         <ex>parloit</ex>
         <ex>parla</ex>
         <ex>parla</ex>
         <ex>parler</ex>
         <ex>cezparoles.</ex>
         <ex>parmeintes</ex>
         <ex>parla</ex>
         <ex>aparut</ex>
         <ex>parler</ex>
         <ex>parle</ex>
         <ex>parmeintes</ex>
         <ex>pardeseure</ex>
         <ex>arsparla</ex>
         <ex>parson</ex>
         <ex>qeparraie</ex>
         <ex>parmenable</ex>
         <ex>mesparoles.</ex>
         <ex>parsa</ex>
         <ex>departirent</ex>
         <ex>parautel
</ex>
         <ex>parole
</ex>
         <ex>enparmenable</ex>
         <ex>parles</ex>
         <ex>parmenable.</ex>
         <ex>departi</ex>
         <ex>paroles</ex>
         <ex>paroles</ex>
         <ex>deparnostre</ex>
         <ex>parnostre</ex>
         <ex>departir
</ex>
         <ex>fuparles</ex>
         <ex>partie</ex>
         <ex>parerit</ex>
         <ex>enoientparcui</ex>
         <ex>partoz</ex>
         <ex>emparmenable</ex>
         <ex>sparenir.</ex>
         <ex>parmolt</ex>
         <ex>touteparfete</ex>
         <ex>parla</ex>
         <ex>paroles</ex>
         <ex>parla</ex>
         <ex>legierementparl</ex>
         <ex>croireparl</ex>
         <ex>﻿partout</ex>
         <ex>parsa</ex>
         <ex>parla</ex>
         <ex>departi</ex>
         <ex>﻿parties</ex>
         <ex>﻿parsa</ex>
         <ex>parle</ex>
         <ex>parmenable.</ex>
         <ex>mandaparmolt</ex>
         <ex>suesfrepartoi</ex>
         <ex>parses</ex>
         <ex>fuparle</ex>
         <ex>partoz</ex>
         <ex>﻿paroles</ex>
         <ex>﻿partout</ex>
         <ex>﻿partie</ex>
         <ex>﻿parsa</ex>
         <ex>oientpargrant
</ex>
         <ex>de﻿partie</ex>
         <ex> ﻿parla</ex>
         <ex>﻿parti</ex>
         <ex>﻿parmout</ex>
         <ex>﻿parmi</ex>
         <ex>﻿parmi</ex>
         <ex>parmenable</ex>
         <ex>tantparmer</ex>
         <ex>﻿partirent</ex>
         <ex>reporterentparnuit</ex>
         <ex>languagespartoute</ex>
         <ex>totespars.</ex>
         <ex>parmout</ex>
         <ex>totesparz</ex>
         <ex>teesparles</ex>
         <ex>﻿parmout</ex>
         <ex> parta</ex>
         <ex> parler</ex>
         <ex> parler</ex>
         <ex>nosparlions</ex>
         <ex>parla</ex>
         <ex>parsonges
</ex>
         <ex>parla</ex>
         <ex>paroles
</ex>
         <ex>departi</ex>
         <ex>partie</ex>
         <ex>departi</ex>
         <ex>departi</ex>
         <ex>partir</ex>
         <ex>para</ex>
         <ex>parcharmes.</ex>
         <ex>mparla</ex>
         <ex>abbesparla</ex>
         <ex>departi</ex>
         <ex>partie</ex>
         <ex>partoz</ex>
         <ex>par</ex>
         <ex>parbrief</ex>
         <ex>departoit.</ex>
         <ex>para</ex>
         <ex>pardon</ex>
         <ex>anzparces</ex>
         <ex>partrois</ex>
         <ex>parla</ex>
         <ex>arriereparce</ex>
         <ex>departirent</ex>
         <ex>parla</ex>
         <ex>parvomite.</ex>
         <ex>parla
</ex>
         <ex>paroles</ex>
         <ex>parenir
</ex>
         <ex>parla</ex>
         <ex>departiz</ex>
         <ex>part
</ex>
         <ex>oientparruile</ex>
         <ex>autrepartie</ex>
         <ex>parla
</ex>
         <ex>laparo</ex>
         <ex>departi</ex>
         <ex>sparceste</ex>
         <ex>departi</ex>
         <ex>parmer</ex>
         <ex>partote</ex>
         <ex>pareus</ex>
         <ex>parla</ex>
         <ex>parloient</ex>
         <ex>Tuparoles
</ex>
         <ex>ndepartote
</ex>
         <ex>parties</ex>
         <ex>pareu</ex>
         <ex>paroe</ex>
         <ex>departisist</ex>
         <ex>faitepargrant
</ex>
         <ex>partoz</ex>
         <ex>partoz</ex>
         <ex>partoz</ex>
         <ex>pargrant</ex>
         <ex>parmenable</ex>
         <ex>departi</ex>
         <ex>parl</ex>
         <ex>parmeintes</ex>
         <ex>foizparmi</ex>
         <ex>parlerent.</ex>
         <ex>lui par</ex>
         <ex>nespara</ex>
         <ex>parenue</ex>
         <ex>parlions</ex>
         <ex>parson</ex>
         <ex>departi</ex>
         <ex>partesmoins</ex>
         <ex>departement</ex>
         <ex>﻿parmout</ex>
         <ex>par﻿ses</ex>
         <ex>﻿par.</ex>
         <ex>autrepart</ex>
         <ex>﻿parlor</ex>
         <ex>﻿parole</ex>
         <ex>departirent</ex>
      </td>
      <td>
         <em>per</em>
         <ex>desesper﻿</ex>
         <ex>sperit</ex>
         <ex>a﻿pertement</ex>
         <ex>em﻿pereres</ex>
         <ex>empereres</ex>
         <ex>em﻿pereres</ex>
         <ex>﻿peres</ex>
         <ex>ses﻿peres</ex>
         <ex>em﻿pereres</ex>
         <ex>pere</ex>
         <ex>empereors</ex>
         <ex>empereor
</ex>
         <ex>empereres</ex>
         <ex>empereor</ex>
         <ex>empereres
</ex>
         <ex>empereres</ex>
         <ex>empereor</ex>
         <ex>aperut</ex>
         <ex>esperit</ex>
         <ex>peres</ex>
         <ex>empereres</ex>
         <ex>empereres</ex>
         <ex>empereor</ex>
         <ex>empereres</ex>
         <ex>empereres
</ex>
         <ex>empereres</ex>
         <ex>empereor
</ex>
         <ex>empereres</ex>
         <ex>empereres</ex>
         <ex>emperere</ex>
         <ex>empereor</ex>
         <ex>empereor</ex>
         <ex>empereor</ex>
         <ex>empereor</ex>
         <ex>empereres</ex>
         <ex>apertement</ex>
         <ex>sperit</ex>
         <ex>esperiz</ex>
         <ex>aperce</ex>
         <ex>esperiz</ex>
         <ex>em﻿pereor</ex>
         <ex>empereor</ex>
         <ex>em﻿pereor</ex>
         <ex>em﻿pereor</ex>
         <ex>em﻿pereor</ex>
         <ex>em﻿pereres
</ex>
         <ex>em﻿pereres</ex>
         <ex>empereres</ex>
         <ex>em﻿pereres
</ex>
         <ex>em﻿pereres</ex>
         <ex>mpereres</ex>
         <ex>empereres
</ex>
         <ex>empereor.</ex>
         <ex>a﻿pertement</ex>
         <ex>empereres</ex>
         <ex>﻿pere</ex>
         <ex>aperce</ex>
         <ex>aperce</ex>
         <ex>em﻿pereor</ex>
         <ex>empereres</ex>
         <ex>em﻿pereor
</ex>
      </td>
      <td>
         <em>pre</em>
         <ex>prestre</ex>
         <ex>Liprestres</ex>
         <ex>prestre</ex>
      </td>
      <td>
         <em>pro</em>
         <ex>apropinquabit</ex>
      </td>
   </tr>
   <tr>
      <td>﻿﻿﻿spū</td>
      <td>
         <em>spiritu</em>
         <ex>etspiritu</ex>
      </td>
   </tr>
   <tr>
      <td>﻿﻿﻿uͤ</td>
      <td>
         <em>vre</em>
         <ex>oevres</ex>
         <ex>povres</ex>
         <ex>oevres</ex>
         <ex>oevres</ex>
      </td>
   </tr>
   <tr>
      <td>﻿﻿﻿uͥ</td>
      <td>
         <em>uer</em>
         <ex>fuerit</ex>
      </td>
   </tr>
   <tr>
      <td>﻿﻿﻿ū</td>
      <td>
         <em>um</em>
         <ex>regnumcelo</ex>
         <ex>regnumDei</ex>
         <ex>epotianum</ex>
         <ex>eternumin</ex>
      </td>
      <td>
         <em>un</em>
         <ex>dunchastel</ex>
         <ex>chascunleu</ex>
         <ex>Aucunbien</ex>
         <ex>chascunor</ex>
      </td>
      <td>
         <em>ver</em>
         <ex>envers</ex>
         <ex>vertuz</ex>
         <ex>diverses</ex>
         <ex>envers</ex>
         <ex>envers</ex>
      </td>
   </tr>
</table>Vie de saint JéromeWauchier de DenainAriane Pinche2017ParisBibliothèque nationale de Francefr. 00412Oeuvres hagiographiques de Wauchier de Denain1285Notice tiré de la base Jonas, Anne-Françoise Leurquin et Marie-Laure Savoye,
                     notice de "PARIS, Bibliothèque nationale de France, Manuscrits, fr. 00412" dans
                     la base Jonas-IRHT/CNRS (permalink : http://jonas.irht.cnrs.fr/manuscrit/45533). Consultation du
                     03/07/2015 fol.103-fol.170Wauchier de DenainOeuvres hagiographiques de Wauchier de DenainDe saint Martin mout doit on doucement et volentiers le bien oïr et
                        entendreparchemin33024521 Senions, 245 foliosCarolineThis pointer pattern extracts chapter and sectionThis pointer pattern extracts chapter.Honoire4e siecle5e siecleFlavius Honorius, empereur de la partie occidentale de
                     l'empire romain de 395 à 423.EusebiusPère de saint
                     Jérôme.MarmoriusSarrazins, propriétaire de Deudoné.DeudonéFils de JechronApolloineÉvêque d'ExcorandeEufrosinefemme du pèlerin JechronJechronpèlerin d'ExcorandeCorras10931152Conrad III, empereur d'AllemagneLeonsÉvêque de CupersaneGodinsArchevêque d'ArgentaneErnolsArnulphus, évêque de ButuntumArmanieJeune fille, personnage de la Vie de
                           saint NicolasAlexisAlexis 1er Commène, empereur de Constantinoples
                     de 1081 à 1118.Benoit (saint)480547Saint Benoit, patriarche et législateur des moines
                     d'Occident, fondateur de l'ordre des bénédictins. Abbé du Mont-Cassin, il est
                     célèbre pour sa règle de vie monastique, la règle de saint Benoit.George (saint)Saint GeorgeRodevalduspersonnage contant parmi les marchands de Bari.eustachepersonnage contant parmi les marchands de Bari.Lupuspersonnage contant parmi les prêtres qui accompagnent
                     les marchands de Bari.Mathiuspersonnage contant parmi les prêtres qui accompagnent
                     les marchands de Bari.Mathiuspersonnage contant parmi les jeunes gens qui
                     accompagnent les marchands de Bari.Alixandrepersonnage contant parmi les jeunes gens qui
                     accompagnent les marchands de Bari.LuciusEmpereur romain.AntiocusAntiochus, gouverneur responsable du martyre de
                        saint Serge et saint
                        Bace en 303.Bace (saint)3e siecle303Saint Bace (Bacchus), martyr avec saint Serge en 303.Serge (saint)3e siecle303Saint Serge, martyr avec saint
                        Bace en 303.Théodore (saint)4e siecle4e siecleSaint Théodore de le Tiron, moine de Constantinople, martyr du 4.Etiene?37Saint Etienne, premier martyr chrétien, il fait partie
                     de la première communaité chrétienne de Jérusalem.Macairefin du 3e siècle334Saint Machaire, évêque de Jérusalem, la Vie présente ici une erreur historique en le
                     faisant pape.Justinien48214 novembre 565Justinien 1er, empereur de
                        Constantinople de 527 à 565,
                     cela induit une erreur de datation, due à l'interpolation d'éléments provenant
                     de la vie de Nicolas de Sion..HylarionClerc qui assiste aux derniers soins mortuaires de
                        saint Nicolas.PhelippeÉvêque de la cité de Feliton (Phellos).ArchemiusArtemas, prêtre présent au moment de la mort de
                        saint Nicolas.ChemelausHermelaus, prêtre présent au moment de la mort de
                        saint Nicolas.NicolasArchidiacre, présent au moment de la mort de saint Nicolas.Nicolaspersonnage de la Vie de saint
                        Nicolas, originaire de la ville de SivineMichel (saint)Saint Michel, archangeConstentinConstantin Ier, Empereur de
                     RomeYlarienGardien de la prison des trois princes condamnés à
                     mort.AlbaniesAlblabius, préfet du prétoire sous Constantin Ier.SymonidesPersonnage de la vie de saint Martial, haut dignitaire
                     sous Constantin Ier.EudoxiusPersonnage de la vie de saint Martial, haut dignitaire
                     sous Constantin Ier.DyoscurusSaint Dioscuride, martyr vers 244.CressentiusSaint Crescent, martyr vers 244.EustacheEustathius, consul impérial sous Constantin 1er.UrsusPersonnage de la Vie de saint
                        Nicolas, officier impérial envoyé en mission secrète et qui sera
                     condamné à mort par l'empereur.AquileonPersonnage de la Vie de saint
                        Nicolas, officier impérial envoyé en mission secrète et qui sera
                     condamné à mort par l'empereur.NepotiensPersonnage de la Vie de saint
                        Nicolas, officier impérial envoyé en mission secrète et qui sera
                     condamné à mort par l'empereur.Dianedéesse du panthéon latin.Nicolas (saint)CharlemagneEmpereur des FrancsPriussaint hommeFlaviRoi du sud de la France, personnage de la vie de
                        saint GillesVeredemiusErmite, personnage de la vie de saint GillesAureliusArchidiacre de Césaire, personnage de la vie de saint
                        GillesTheocriteVeuve, personnage de la vie de saint GillesCésaireEvêque d'ArlesGillesTheodorusPère de saint
                     GillesPelagieMère de saint
                     GillesJean (Baptiste)Personnage biblique, Jean le
                        Baptiste fut prédicateur en Judée avant Jésus de Nazareth.Valentinien37115 mai 392Valentinien II, fils de Valentinien Ier, est
                     empereur romain de 375 à 392.GallusPersonnage de la Des dialogues sur les vertus de saint
                        Martin, il aurait été un disciple de saint Martin.PostumienPersonnage de la Des dialogues sur les vertus de saint
                        Martin, il aurait été un moine explorateur qui a rencontrer les saints
                     pères du désert.360420SeverusSulpice Sévère, auteur latin des Dialogues sur les vertus de saint Martin et de la Vie de saint Martin, il se met en scène comme étant l'un
                     des trois interlocuteurs des Dialogues sur les vertus de
                        saint Martin.Martin (saint)316397Saint Martin de Tours est né dans en Hongrie dans la colonie
                     romaine de Sabaria en 316. Il est mort à
                        Candes en France le 8 novembre
                     397.Jésus Christ030Jésus-Christ est le nom donné par l'ensemble des chrétiens au
                     prophète qu'ils considèrent comme le Messie Les chrétiens reconnaissent
                     Jésus-Christ comme le Messie et le Fils unique de Dieu.Maximin1738 août 384Magnus Clemens
                     Maximusest un officier romain qui à la tête des légions de Bretagne
                     renversa en 383 l'empereur Gratien, et régna sur l'Occident jusqu'en 388, où il
                     fut vaincu et tué par les troupes de Théodose.ArboriusMagnus Arborius, élu comte des largesses sacrées en 379,
                     puis préfet de Rome en 380, il aurait été l’un des protecteurs de saint Martin,
                     voir Sulpice Sévère, Vie de saint
                           Martin. Tome II, éd. Jacques Fontaine, Paris Éd du Cerf, 1968,
                        p.874.ItacheIthacium, evêque d'Ossobona et meneur du parti épiscopal
                     hostile à Priscillien, voir Chadwick, Priscillian, p.51-55.Priscillien340385Évêque
                     d'Avila, hérésiarque, il est le fondateur de la secte priscillianiste. Il fut
                     banni d'Espagne par un décret de Gratien puis exécuté en 385.TheonisteÉvêque gallo-romain, il est le seul parmi les Ithaciens
                     a avoir rompu avec la faction en condamnant publiquement ses agissementsFelicesÉvêqueCyprien3e siècle258Evêque de
                     Carthage, martyr, victime des persécutions de l'empereur Valérien
                     (253-260).Chaton-95-46Marcus Porcius Cato, dit Caton d'Utique, homme d'Etat romain, en
                     63, lors de la conjuration de Catilina, il prit le parti de Cicéron. Lors des
                     guerres civiles (-49), il se prononça pour Pompée et prit les armes contre César. Après la défaite de Metellus Scipion à Thapsus le 6 avril
                     46, Caton, plutôt que de perdre sa liberté, préféra se suicider en se
                     transperçant de son épée.Cesar12 juillet en 100 av. J-C.15 mars en 44 av. J-C.Caius Iulius Caesar, général romain, fin
                     stratège, suite aux guerres civiles (49-45) qu'il remportera, il se fera nommer
                     dictateur à vie de Rome avant d'être assassiné par Brutus aux Ides de Mars 44.
                  Pompeusle 29 septembre 106 av. J-C.le 28 septembre 48 av. J-C.Cnaeus Pompeius Magnus, général et homme politique
                     romain, il s'opposa à Jules César durant les
                     guerres civiles qu'il perdit lors de la bataille de Pharsale en 48 av. J-C. Il
                     prit alors la fuite vers l'Égypte où il fut assassiné sur la plage de
                     Péluse.Lucanle 3 novembre 39le 28 septembre 65Marcus Annaeus Lucanus, célèbre orateur et écrivain
                     romain, neveu de Sénèque, il composa la Pharsale, épopée
                     qui relate la guerre civile qui opposa Pompée et César entre 49 et 48
                     av. J.-C.Origene (sanit)185254Père de
                     l'Eglise, considéré comme le fondateur de l'exégèse biblique pour avoir
                     commenté tous les livres de l'Ancien et du Nouveau Testament. IL est également
                     connu pour être l'auteur du Traité des principes
                     (231).Jerome (saint)345le 20 septembre 420Père et
                     docteur de l'Eglise, célèbre traducteur de la bible latine. Il est l'un des
                     principaux opposants aux idées d'Origène.BelguisunPersonnage des Dialogues, il
                     semble être un ami de Gallus, peut-être un disciple de saint Martin. J.Fontaine
                     suggère que ce nom pourrait être un cognomen ethnique, voir
                           Sulpice Sévère, Gallus,
                           Dialogues sur les "vertus" de saint Martin, éd. Jacques Fontaine,
                        Paris Éd du Cerf, 2006, p.133Antoine251356Antoine le grand, Antoine d'Egypte ou Antoine
                        l'Ermite est considéré comme le fondateur du l'érémitisme
                     chrétien.Paul228341Paul de Thèbes ou Paul l'ermite est l'une des
                     figures fondatrices du monachisme, avec saint
                        Antoine.Jehan360432Jean Cassien ou Jean l'ermite prêtre et
                     moine, originaire d'Egypte, il établit sa communauté sur l'île de
                     Chypre.CyrenenseNom d'un personnage des Dialogues, vieux prêtre de auquel Postumien prêta sa copie de la Vie de saint Martin de
                        Sulpice Sévère. Son nom n'est pas
                     indiqué dans la source latine, mais il est fait mention du fait qu'il est
                     originaire de Cyrénaïque, cyrenensis. L'attribution de
                     ce nom au prêtre est peut-être lié à une confusion de Wauchier de Denain.ZachariePersonnage biblique, il serait le père de saint
                        Jean le Baptiste. Trop vieux pour
                     avoir un enfant, le Seigneur lui Apparais pour lui annoncer la naissance d'un
                     fils qui serait prophète. Zacharie est alors frappé de stupeur jusqu'à la
                     naissance de son fils. Il retrouvera la parole pour proclamer que le nom de son
                     fils est Jean, tel que le Seigneur le lui avait demander.EvanchiusPersonnage des Dialogues, oncle chrétien de GallusAgnes4e siècle4e siècleMartyr
                     romaineCecile3e siècle3e siècleMartyr
                     romaineMarie MagdalenePersonnage biblique, disciple femme de Jesus-Christ.Pere??64Pêcheur de
                     Galilée, devenu un des douze apôtres de Jésus-Christ. Il est le premier évêque
                     de RomeRefrigeriusPersonnage des Dialogues,
                     prêtre.EucheriusPersonnage des Dialogues,
                     consul.CelsusPersonnage des Dialogues,
                     consul.ValentinienPersonnage des Dialogues, evêque
                     du temps de saint Martin.VictricusPersonnage des Dialogues, evêque
                     de Rouen du temps de saint Martin.AvicienPersonnage des Dialogues, comte
                     de Tours du temps de saint Martin.SaturninePersonnage des Dialogues,
                     prêtre.ArpagePersonnage des Dialogues,
                     prêtre.AgaridutPersonnage des Dialogues,
                     gentilhomme, il arrive au monastère où se trouvent Sulpice Sevère, Postumien
                     et Gallus avec Refregerius.EvangilusPersonnage des Dialogues,
                     prêtre.MariePersonnage biblique, la vierge Marie est
                     la mère de Dieu.JupiterDieu romainMercuriusDieu romainMarcelPersonnage des Dialogues, prêtre
                     d'Amboise.ChatonPersonnage des Dialogues, diacre
                     de l'éveque saint Martin.JudasPersonnage biblique, apôtre qui trahit le Christ pour le
                     livrer à Ponce Pilate.Brice444Saint Brice de Tours,
                     Ordoné évêque de Tours en 397, il est le successeur de saint Martin. Il possède
                     une mauvaise réputation en raison de son affection pour le luxe et les chevaux
                     Paulin353431Paulin de Nole, né à Bordeaux vers 353,
                     mort à Nole en 431, est un poète et un ecclésiastique latin contemporain de
                     saint Augustin et de Martin de Tours, qui
                     l'encouragea dans sa vocation religieuse. Il a été évêque de Nole de 409 à sa
                     mort.PomponiePersonnage des Dialogues, ami de
                        Gallus.GauchierWauchier de Denain, auteur du recueil hagriographique
                        Li seint ConfessorDuc de NamurPhilippe de Namur, duc de Namur et comte de Hainault,
                     mécène de Wauchier de Denain.ValentiensSeigneur de la ville de Tours pendant que saint
                        Martin était évêque.PannonieRégion romaine d'Europe centrale, actuelle HongrieDalmasserégion romaine, actuelle CroatieStridonVille romaine, située entre la Pannonie et la Dalmatie,
                     où est né saint JérômeSeinte Marie de la charitéPrieuré clunisien de la Charité-sur-LoireBabiloineBabylone (Egypte)Seinte CroizÉglise près de LiègeExcorandeVille où habitait le pélerin Jechron. Le
                     nom est vraisemblement une déformation d'Alexandrette, port du Levant, en arabe
                        IskanderouWAUCHIER DE DENAIN, La vie de Mon Signeur Seint Nicholas le Beneoit confessor, éd. John
                        Jay Thompson, Genève, Suisse, Droz, 1999, p.253. AlemmaigneAllemagneLiegeVille de LiègeBoniventBénévent, ville du samniumEscaucvilleCupersaneCopertino, ville au Sud de BariArgentaneArgentanum, ville de BruttiumVerontheneVille de Butuntum près de BariPiseVille de Pise en ItalieCathapanLieu de la sépulture de saint Nicolas de BariTraneVille, proche de Bari.MacreMakri, presqu'île au large de la LycieMagestreMagiste, île au large de la LycieCacaviusCaccavus, île au large de la LycieAntiocheBarBari, ville italienne qui se trouve dans les pouilles.CalabreLa calabre, région d'Italie située à l'extrême sud-ouest de la
                     péninsuleSebastéSébastée, ville d'Arménie MineureFelitonPhellos, ville de LycieSivineSibinos, ville de Lycie, proche de MyreSaint-Syonabbaye fondée par saint Nicolas à
                        Myre, lieu de sa première
                     sépulture.NecapolieNeapolis, ville de LycieCrobeDomaine de l'archange de saint
                     MichelQuaparseCyparissus, ville de LycieLapresLisceLa lycie, province du sud de l'Asie mineure.CostantinopleConstantinopleVigauteGraphie fautive de Vigante qui désigne Byzance, capitale de la Thrace et du
                     futur empire romain d'Orient de Constantin à partir de 330.MyrreCapitale de Lycie et ville de épiscopale de saint
                        NicolasPatrePatara, ville de Lycie et ville de naissance de saint NicolasToivreFleuve du Tibre qui traverse Rome.CabinoneCabinonensem, nom latin de la ville de Cavaillon.ChypreMonastère de Sainte-CroixOrléansFranceNemausenseNemausensis, nom latin de la ville de Nîme.GardoneRivière du GardonRhôneArlesProvenceCaphseLieu inconnu, peut-être issu d'une confusion sur le texte latin (à
                     terminer)EgypteOrientNerbone43.184277 3.0030779999999595Marselle43.296482 5.369779999999992AufriqeAlixandre31.2000924 29.91873869999995CyreneRome41.8919300 12.5113300BethleemJerusalemOccidentNilNitreroge merSynayAiseThebesIndesSyreEthyopeHermenieBosforeTours47.3833300 0.6833300ChartreClaudomiasTrieveMansSensEmbaiseTouraineEspagneLombardieGrèceCarthageAchaïeChorinteAtheinesEuropeCholomaideSezilePuille<table>
   <tr>
      <td>'</td>
      <td>
         <em>er</em>
         <ex>troeren</ex>
         <ex>terme</ex>
         <ex>esmerellier</ex>
         <ex>mengiertant</ex>
      </td>
      <td>
         <em>ier</em>
         <ex>olentiers</ex>
         <ex>aidierne
</ex>
         <ex>chevaliers</ex>
         <ex>mostiere
</ex>
         <ex>plenier.</ex>
      </td>
      <td>
         <em>os</em>
         <ex>osdirai</ex>
         <ex>nosentr</ex>
         <ex>oseoir</ex>
         <ex>faireosoel</ex>
         <ex>nosa</ex>
         <ex>nosde</ex>
         <ex>eosai</ex>
         <ex>osne</ex>
         <ex>nosa</ex>
         <ex>nosfumes</ex>
         <ex>nos</ex>
         <ex>nosaparoit</ex>
         <ex>osraconteroie</ex>
         <ex>nos</ex>
         <ex>nospe</ex>
         <ex>nosen
</ex>
         <ex>os</ex>
         <ex>osdiroie</ex>
         <ex>osconterai</ex>
         <ex>osen</ex>
         <ex>osos</ex>
         <ex>os
</ex>
         <ex>nose</ex>
      </td>
      <td>
         <em>re</em>
         <ex>prendre.</ex>
         <ex>premiers</ex>
         <ex>entendrene</ex>
      </td>
      <td>
         <em>s</em>
         <ex>us
</ex>
         <ex>sacreficesar</ex>
         <ex>bones</ex>
      </td>
      <td>
         <em>ue</em>
         <ex>queuns</ex>
         <ex>esqueqi</ex>
      </td>
      <td>
         <em>us</em>
         <ex>Beaussignors</ex>
         <ex>Beaussignor</ex>
         <ex>Beausperes</ex>
         <ex>estusde</ex>
         <ex>plus
</ex>
         <ex>plusententi</ex>
         <ex>Beaus
</ex>
         <ex>esperitueusce</ex>
         <ex>Beausfreres</ex>
         <ex>essiausmetre</ex>
         <ex>arceaus</ex>
         <ex>arceaus</ex>
         <ex>enceausdist</ex>
         <ex>porceaus.</ex>
         <ex>enceausau
</ex>
         <ex>Beaussire</ex>
         <ex>enceaussa</ex>
         <ex>enusde</ex>
         <ex>arceaus</ex>
         <ex>ceusqi</ex>
         <ex>dusgardes</ex>
         <ex>enus</ex>
         <ex>iustenues.</ex>
         <ex>tieuschoses</ex>
         <ex>enciaushauz</ex>
         <ex>ceusqi</ex>
         <ex>Beausfiuz</ex>
         <ex>enuscoment</ex>
         <ex>engigneusestoient</ex>
         <ex>enceausdeli</ex>
         <ex>morteusl</ex>
         <ex>euserrachoient
</ex>
         <ex>languereusclop</ex>
         <ex>languereusa</ex>
         <ex>eusensamble</ex>
         <ex>eusq</ex>
         <ex>estussanz</ex>
         <ex>enceauspuceles</ex>
         <ex>chasteausdes
</ex>
         <ex>palezineuspelerins</ex>
         <ex>enceaustenoit</ex>
         <ex>piausde</ex>
         <ex>beausmiracles.</ex>
         <ex>allus</ex>
         <ex>erus</ex>
         <ex>plusconter</ex>
      </td>
   </tr>
   <tr>
      <td>a'</td>
      <td>
         <em>an</em>
         <ex>afairesant</ex>
      </td>
   </tr>
   <tr>
      <td>aᷤ</td>
      <td>
         <em>as</em>
         <ex>ase</ex>
      </td>
   </tr>
   <tr>
      <td>bƺ</td>
      <td>
         <em>bus</em>
         <ex>omnibus</ex>
         <ex>ebus
</ex>
      </td>
   </tr>
   <tr>
      <td>cͥ</td>
      <td>
         <em>Cri</em>
         <ex>Crist</ex>
      </td>
      <td>
         <em>cri</em>
         <ex>ntecrist</ex>
      </td>
   </tr>
   <tr>
      <td>d'</td>
      <td>
         <em>dre</em>
         <ex>pendreen</ex>
      </td>
   </tr>
   <tr>
      <td>dͤ</td>
      <td>
         <em>de</em>
         <ex>gardede</ex>
      </td>
   </tr>
   <tr>
      <td>d</td>
      <td>
         <em>Domin</em>
         <ex>Domins</ex>
         <ex>Domine</ex>
      </td>
   </tr>
   <tr>
      <td>e'</td>
      <td>
         <em>en</em>
         <ex>laidengier</ex>
      </td>
   </tr>
   <tr>
      <td>eᷤ</td>
      <td>
         <em>es</em>
         <ex>deciplessi</ex>
         <ex>mesla</ex>
         <ex>iresli
</ex>
         <ex>choses.</ex>
         <ex>auques</ex>
         <ex>Mespor</ex>
      </td>
   </tr>
   <tr>
      <td>iͣ</td>
      <td>
         <em>rai</em>
         <ex>destraig</ex>
      </td>
   </tr>
   <tr>
      <td>iᷤ</td>
      <td>
         <em>is</em>
         <ex>puisqe</ex>
      </td>
   </tr>
   <tr>
      <td>mlt'</td>
      <td>
         <em>molt</em>
         <ex>moltde</ex>
         <ex>rochemoltestoit</ex>
         <ex>molt
</ex>
         <ex>molta</ex>
         <ex>moltso</ex>
         <ex>moltdocement</ex>
         <ex>moltcruelment</ex>
         <ex>moltdesirroit
</ex>
         <ex>molt</ex>
         <ex>molt</ex>
         <ex>moltdolenz</ex>
         <ex>moltcombrisiez</ex>
         <ex>moltestoit</ex>
         <ex>demoltgrant
</ex>
         <ex>moltbenignement</ex>
         <ex>eslectionmoltproierent</ex>
         <ex>moltgrant</ex>
         <ex>moltriches</ex>
         <ex>moltdolenz
</ex>
         <ex>moltpetit.</ex>
         <ex>moltiau</ex>
         <ex>moltgrant</ex>
         <ex>moltcar</ex>
         <ex>moltqe</ex>
         <ex>moltbenignement.</ex>
         <ex>moltfelon</ex>
         <ex>moltso</ex>
         <ex>moltprodome</ex>
         <ex>moltco</ex>
      </td>
   </tr>
   <tr>
      <td>m̃</td>
      <td>
         <em>mur</em>
         <ex>forsmurs</ex>
      </td>
   </tr>
   <tr>
      <td>m̅</td>
      <td>
         <em>men</em>
         <ex>longuement</ex>
         <ex>isnelement</ex>
         <ex>premierement</ex>
         <ex>meesmement</ex>
         <ex>habundanment.</ex>
         <ex>solement</ex>
         <ex>amonestement</ex>
         <ex>tormenz</ex>
         <ex>ement</ex>
         <ex>eraiement</ex>
         <ex>mencement</ex>
         <ex>dediement</ex>
         <ex>assiduelment</ex>
         <ex>heitiement</ex>
         <ex>tormentoit</ex>
         <ex>oignement</ex>
         <ex>longuement.</ex>
         <ex>esleecement.</ex>
         <ex>erranment</ex>
         <ex>comandemenz</ex>
         <ex>comandement</ex>
         <ex>durement</ex>
         <ex>docement</ex>
         <ex>rement</ex>
         <ex>benignement</ex>
         <ex>menablement</ex>
         <ex>solement</ex>
         <ex>belement</ex>
         <ex>seulement</ex>
         <ex>hautement</ex>
         <ex>raiement</ex>
         <ex>solement</ex>
         <ex>seulement</ex>
         <ex>pleinement</ex>
         <ex>hardiement</ex>
         <ex>meesmement</ex>
         <ex>seulement</ex>
         <ex>Ensement</ex>
         <ex>isnelement</ex>
         <ex>ement.</ex>
         <ex>autrement</ex>
         <ex>pleinement</ex>
      </td>
      <td>
         <em>mer</em>
         <ex>merel</ex>
      </td>
   </tr>
   <tr>
      <td>mͣ</td>
      <td>
         <em>Mar</em>
         <ex> Mart</ex>
         <ex>Mart</ex>
      </td>
   </tr>
   <tr>
      <td>nͣ</td>
      <td>
         <em>an</em>
         <ex>Qant</ex>
         <ex>mestierant</ex>
         <ex>qant</ex>
         <ex>Qant</ex>
         <ex>qant</ex>
         <ex>qant</ex>
         <ex>Qant</ex>
         <ex>Qant</ex>
         <ex>qant</ex>
         <ex>Qant</ex>
         <ex>Qant</ex>
         <ex>Qant</ex>
         <ex>Qant</ex>
         <ex>Qant</ex>
         <ex>Qant</ex>
         <ex>Qant</ex>
         <ex>qant</ex>
         <ex>qant</ex>
         <ex>Qant</ex>
         <ex>Qant</ex>
         <ex>qant</ex>
         <ex>qant</ex>
         <ex>qant</ex>
         <ex>qant</ex>
         <ex>Qant</ex>
         <ex>Qant</ex>
         <ex>qant</ex>
         <ex>Qant</ex>
         <ex>Qant</ex>
         <ex>qant</ex>
         <ex>qant</ex>
         <ex>Qant</ex>
         <ex>Qant</ex>
         <ex>Qant</ex>
         <ex>qant</ex>
         <ex>Qant</ex>
         <ex>Qant</ex>
         <ex>Qant</ex>
         <ex>qant</ex>
         <ex>qant</ex>
         <ex>qant</ex>
         <ex>qant</ex>
         <ex>qant</ex>
         <ex>qant</ex>
         <ex>qant</ex>
         <ex>Qant</ex>
         <ex>Qant</ex>
         <ex>Qant</ex>
         <ex>Qant</ex>
         <ex>qant</ex>
         <ex>Qant</ex>
         <ex>qant</ex>
         <ex>qant</ex>
         <ex>qant</ex>
         <ex>Qant</ex>
         <ex>qant</ex>
      </td>
      <td>
         <em>ran</em>
         <ex>granz</ex>
         <ex>granz</ex>
         <ex>grant</ex>
         <ex>grant</ex>
         <ex>grant</ex>
         <ex>grant</ex>
         <ex>grant</ex>
         <ex>grant</ex>
         <ex>grant</ex>
         <ex>grans</ex>
         <ex>grant</ex>
         <ex>grant</ex>
         <ex>grant</ex>
         <ex>grant</ex>
         <ex>grant</ex>
         <ex>granz</ex>
         <ex>grant</ex>
         <ex>granz</ex>
         <ex>grant</ex>
         <ex>grant</ex>
         <ex>grant</ex>
         <ex>grant</ex>
         <ex>grant</ex>
         <ex>grant</ex>
         <ex>grant</ex>
         <ex>granz</ex>
         <ex>grant</ex>
         <ex>grant</ex>
      </td>
   </tr>
   <tr>
      <td>nͥ</td>
      <td>
         <em>nier</em>
         <ex>maniere</ex>
      </td>
   </tr>
   <tr>
      <td>nͬ</td>
      <td>
         <em>nor</em>
         <ex>signordedenz</ex>
      </td>
   </tr>
   <tr>
      <td>nᷤ</td>
      <td>
         <em>ns</em>
         <ex>tens.</ex>
      </td>
   </tr>
   <tr>
      <td>o'</td>
      <td>
         <em>om</em>
         <ex>comli</ex>
         <ex>preudomseinz
</ex>
         <ex>comil</ex>
         <ex>comla</ex>
         <ex>preudom.</ex>
      </td>
      <td>
         <em>on</em>
         <ex>orisona</ex>
         <ex>confessor</ex>
         <ex>confessor</ex>
         <ex>son
</ex>
         <ex>conment</ex>
      </td>
   </tr>
   <tr>
      <td>pͥ</td>
      <td>
         <em>pri</em>
         <ex>espris</ex>
         <ex>prise.</ex>
         <ex>primes</ex>
         <ex>prist</ex>
         <ex>lesprinces</ex>
         <ex>repris</ex>
         <ex>prist</ex>
      </td>
   </tr>
   <tr>
      <td>pͬ</td>
      <td>
         <em>pr</em>
         <ex> pres</ex>
         <ex>esqepres</ex>
      </td>
   </tr>
   <tr>
      <td>q'</td>
      <td>
         <em>q'e</em>
         <ex>q'eles</ex>
         <ex>q'ele</ex>
      </td>
   </tr>
   <tr>
      <td>qƺ</td>
      <td>
         <em>que</em>
         <ex>usque</ex>
      </td>
   </tr>
   <tr>
      <td>qͤ</td>
      <td>
         <em>qe</em>
         <ex>qesi</ex>
      </td>
   </tr>
   <tr>
      <td>qͥ</td>
      <td>
         <em>q'i</em>
         <ex>q'il</ex>
         <ex>q'il</ex>
         <ex>ceq'il</ex>
         <ex>teleq'il</ex>
         <ex>q'il</ex>
         <ex>q'il</ex>
         <ex>q'il</ex>
         <ex>q'il</ex>
         <ex>foisq'il</ex>
      </td>
      <td>
         <em>qi</em>
         <ex>eritqi </ex>
         <ex>esqisi</ex>
         <ex>qiadis</ex>
         <ex>teqi</ex>
         <ex>teqi</ex>
      </td>
   </tr>
   <tr>
      <td>rͤ</td>
      <td>
         <em>re</em>
         <ex>eincoreesgarder</ex>
      </td>
   </tr>
   <tr>
      <td>rͥ</td>
      <td>
         <em>ri</em>
         <ex>grief</ex>
      </td>
   </tr>
   <tr>
      <td>s'</td>
      <td>
         <em>seint</em>
         <ex>seintartin</ex>
         <ex>seintartin</ex>
         <ex>seintartin</ex>
         <ex>seint </ex>
         <ex>seintt</ex>
         <ex>de.seint.</ex>
         <ex>.seint.</ex>
      </td>
   </tr>
   <tr>
      <td>tº</td>
      <td>
         <em>tro</em>
         <ex>estroite.</ex>
      </td>
   </tr>
   <tr>
      <td>tͧ</td>
      <td>
         <em>tur</em>
         <ex>nature</ex>
      </td>
   </tr>
   <tr>
      <td>tᵉ</td>
      <td>
         <em>tre</em>
         <ex>autrel</ex>
         <ex>nostreignor
</ex>
         <ex>nostreignor
</ex>
         <ex>autres</ex>
         <ex>contree</ex>
         <ex>nostreignor</ex>
         <ex>mestres</ex>
         <ex>prestres</ex>
      </td>
   </tr>
   <tr>
      <td>uͥ</td>
      <td>
         <em>vri</em>
         <ex>covrir</ex>
      </td>
   </tr>
   <tr>
      <td>ñ</td>
      <td>
         <em>non</em>
         <ex>non
</ex>
         <ex> non</ex>
      </td>
   </tr>
   <tr>
      <td>ā</td>
      <td>
         <em>am</em>
         <ex>Penitentiam</ex>
         <ex>ensamble</ex>
      </td>
      <td>
         <em>an</em>
         <ex>grant</ex>
         <ex>semblant</ex>
         <ex>marcheanz</ex>
         <ex>meintenant</ex>
         <ex>creance</ex>
         <ex>tramblant</ex>
         <ex>sanblance</ex>
         <ex>enfant</ex>
         <ex>grant</ex>
         <ex>deant</ex>
         <ex>rance</ex>
         <ex>preecant</ex>
         <ex>rance.</ex>
         <ex>tant</ex>
         <ex>anssambl</ex>
         <ex>demandai</ex>
         <ex>grant</ex>
         <ex>manmon
</ex>
         <ex>demanda</ex>
         <ex>sanz
</ex>
         <ex>tant</ex>
         <ex>deant</ex>
         <ex>doutance.</ex>
         <ex>creance</ex>
         <ex>deant</ex>
         <ex>tant</ex>
         <ex>aant</ex>
         <ex>enfant</ex>
         <ex>nsanble</ex>
         <ex>tant</ex>
         <ex>portanz</ex>
         <ex>granz</ex>
         <ex>granz</ex>
         <ex>serant</ex>
         <ex>estrange</ex>
         <ex>sanz</ex>
         <ex>ramembrance</ex>
         <ex>demorance</ex>
         <ex>grant</ex>
         <ex>seranz</ex>
         <ex>ensanble</ex>
         <ex>tant</ex>
         <ex>aant</ex>
         <ex>tant</ex>
         <ex>tant</ex>
         <ex>grant</ex>
         <ex>deant</ex>
         <ex>tant</ex>
         <ex>demanda</ex>
         <ex>deant</ex>
         <ex>repentanz</ex>
         <ex>meintenant</ex>
         <ex>tant</ex>
         <ex>aant</ex>
         <ex>grant</ex>
         <ex>deant</ex>
         <ex>tant</ex>
         <ex>tant</ex>
         <ex>grant</ex>
      </td>
   </tr>
   <tr>
      <td>ē</td>
      <td>
         <em>em</em>
         <ex>temple.</ex>
         <ex>temp</ex>
         <ex>lempereor</ex>
      </td>
      <td>
         <em>en</em>
         <ex>meintient</ex>
         <ex>citoienfirent</ex>
         <ex>esmurent</ex>
         <ex>Quenusurier</ex>
         <ex>genz</ex>
         <ex>tenpore</ex>
         <ex>tenp</ex>
         <ex>distrent</ex>
         <ex>lendemein</ex>
         <ex>prendre</ex>
         <ex>eroient</ex>
         <ex>ssent</ex>
         <ex>paiena</ex>
         <ex>firent</ex>
         <ex>estoient.</ex>
         <ex>alerent</ex>
         <ex>enorter</ex>
         <ex>griement</ex>
         <ex>bien
</ex>
         <ex>biense</ex>
         <ex>pristrent</ex>
         <ex>mengoit</ex>
         <ex>estoient</ex>
         <ex>estoient</ex>
         <ex>mandement</ex>
         <ex>biensanz</ex>
         <ex>distrent</ex>
         <ex>erent</ex>
         <ex>nen </ex>
         <ex>rendi</ex>
         <ex>doient
</ex>
         <ex>respondirent</ex>
         <ex>oenceaus</ex>
         <ex>denpnabitur.</ex>
         <ex>eoient</ex>
         <ex>indrent</ex>
         <ex>pristrent</ex>
         <ex>cenz</ex>
         <ex>cenz</ex>
         <ex>indrent</ex>
         <ex>fesoient</ex>
         <ex>proierent</ex>
         <ex>nenn</ex>
         <ex>menbres</ex>
         <ex>comena</ex>
         <ex>baptizierent</ex>
         <ex>arrestoient.</ex>
         <ex>descendoit</ex>
         <ex>mistrent</ex>
         <ex>respondirent</ex>
         <ex>chastement</ex>
         <ex>olentiers </ex>
         <ex>estoient</ex>
         <ex>lendemein</ex>
         <ex>oierent</ex>
         <ex>estoient</ex>
         <ex>descendre</ex>
         <ex>croient</ex>
         <ex>estoient</ex>
         <ex>pensoient</ex>
         <ex>oient</ex>
         <ex>eoient
</ex>
         <ex>aoroient</ex>
         <ex>trenchier</ex>
         <ex>noient</ex>
         <ex>rieng</ex>
         <ex>paiens</ex>
         <ex>estoient</ex>
         <ex>portoient</ex>
         <ex>ment</ex>
         <ex>menco</ex>
         <ex>biens</ex>
         <ex>roient</ex>
         <ex>indulgense.</ex>
         <ex>bienraconterai</ex>
         <ex>eillierent</ex>
         <ex>bienqe</ex>
         <ex>estoient</ex>
         <ex>enostre</ex>
         <ex>emporteroient</ex>
         <ex>ssent</ex>
         <ex>entendoit</ex>
         <ex>entendi</ex>
         <ex>porpensa</ex>
         <ex>ellierent</ex>
         <ex>erent</ex>
         <ex>genz</ex>
         <ex>estoient</ex>
         <ex>firent</ex>
         <ex>indrent</ex>
         <ex>mendiz</ex>
         <ex>assemblerent</ex>
         <ex>nenconois
</ex>
         <ex>ceens</ex>
         <ex>estoient</ex>
         <ex>argent</ex>
         <ex>amerent.</ex>
         <ex>estoient</ex>
         <ex>nient</ex>
         <ex>riens</ex>
         <ex>proierent</ex>
         <ex>mistrent</ex>
         <ex>ernement</ex>
         <ex>retiegnent</ex>
         <ex>entendoient</ex>
         <ex>dementieres</ex>
         <ex>siens</ex>
         <ex>oient</ex>
         <ex>irent</ex>
         <ex>prendoit</ex>
         <ex>conurent</ex>
         <ex>ssent.</ex>
         <ex>distrent</ex>
         <ex>trestrent</ex>
         <ex>furent</ex>
         <ex>erent.</ex>
         <ex>bienq</ex>
         <ex>partirent</ex>
         <ex>fussent</ex>
         <ex>rendez</ex>
         <ex>donerent</ex>
         <ex>firent</ex>
         <ex>assiduelment</ex>
         <ex>boient.</ex>
         <ex>fussent</ex>
         <ex>prendroient</ex>
         <ex>entrefirent</ex>
         <ex>oient</ex>
         <ex>emporteroient</ex>
         <ex>mistrent</ex>
         <ex>prendre</ex>
         <ex>demanderent</ex>
         <ex>distrent</ex>
         <ex>irent</ex>
         <ex>distrent</ex>
         <ex>distrent</ex>
         <ex>estoient</ex>
         <ex>retrestrent</ex>
         <ex>oient</ex>
         <ex>repristrent</ex>
         <ex>ent</ex>
         <ex>menroient</ex>
         <ex>diemence</ex>
         <ex>ocistrent.</ex>
         <ex>oelent</ex>
         <ex>demorerent</ex>
         <ex>oencel</ex>
         <ex>reclaiment.</ex>
         <ex>senreperierent</ex>
         <ex>menpuisses</ex>
         <ex>alerent</ex>
         <ex>oenceaus</ex>
         <ex>rient</ex>
         <ex>enz</ex>
         <ex>trentiesme</ex>
         <ex>desirroient</ex>
         <ex>argent</ex>
         <ex>soent</ex>
         <ex>menalai</ex>
         <ex>esgardoient.</ex>
         <ex>mencierent</ex>
         <ex>ententi</ex>
         <ex>assistrent</ex>
         <ex>estoient</ex>
         <ex>ient</ex>
         <ex>ssent</ex>
         <ex>hantent</ex>
         <ex>indrent</ex>
         <ex>mengoit</ex>
         <ex>entreil</ex>
         <ex>mengier</ex>
         <ex>oencel</ex>
         <ex>amoient
</ex>
         <ex>habitent</ex>
         <ex>ssent</ex>
         <ex>longement</ex>
         <ex>eoient</ex>
         <ex>irent</ex>
         <ex>ensanglent</ex>
         <ex>comencierent</ex>
         <ex>prensignast
</ex>
         <ex>prensigniez</ex>
         <ex>tesmoignent</ex>
         <ex>fussent</ex>
         <ex>empense.</ex>
         <ex>nentiegent</ex>
         <ex>biensachiez</ex>
         <ex>ient</ex>
         <ex>tesmoigneroient.</ex>
         <ex>tesmoigneroient</ex>
         <ex>dolenz</ex>
         <ex>bienq</ex>
         <ex>bienles</ex>
         <ex>riens</ex>
         <ex>olent</ex>
         <ex>puent</ex>
      </td>
   </tr>
   <tr>
      <td>ĩ</td>
      <td>
         <em>in</em>
         <ex>seint</ex>
         <ex>seint</ex>
         <ex>seint</ex>
         <ex>estreinz</ex>
         <ex>seinz</ex>
         <ex>seinz</ex>
         <ex>seinz</ex>
         <ex>ausint</ex>
         <ex>seinz</ex>
         <ex>ceint</ex>
         <ex>seint</ex>
         <ex>seinz</ex>
         <ex>Einsint</ex>
         <ex>eintenant
</ex>
         <ex>seint</ex>
         <ex>seint</ex>
         <ex>Seinz</ex>
         <ex>int</ex>
         <ex>seint</ex>
         <ex>aint</ex>
         <ex>ceint</ex>
         <ex>meins</ex>
         <ex>seinz</ex>
         <ex>meintenant</ex>
         <ex>seint</ex>
         <ex>amin</ex>
         <ex>seint</ex>
         <ex>seinz</ex>
         <ex>seinte</ex>
         <ex>seint</ex>
         <ex>meins</ex>
         <ex>Seintismes</ex>
         <ex>einz</ex>
         <ex>einsint</ex>
         <ex>meintenissent
</ex>
         <ex>seinz</ex>
         <ex>seinz</ex>
         <ex>ainz</ex>
         <ex>peinnes
</ex>
         <ex>seint</ex>
         <ex>int
</ex>
         <ex>seinz</ex>
         <ex>tesmoing</ex>
         <ex>seint</ex>
         <ex>vint</ex>
         <ex>seinz</ex>
         <ex>int</ex>
         <ex>seinz</ex>
         <ex>seinz</ex>
         <ex>tin</ex>
         <ex>tin</ex>
         <ex>certeinnement</ex>
         <ex>loing</ex>
         <ex>artins</ex>
         <ex>artin</ex>
         <ex>artin</ex>
         <ex>seinz</ex>
         <ex>artin</ex>
         <ex>seinte</ex>
         <ex>artins</ex>
         <ex>oitint</ex>
         <ex>seint</ex>
         <ex>meinz</ex>
         <ex>seint</ex>
         <ex>meins</ex>
         <ex>int</ex>
         <ex>Meintenant</ex>
         <ex>seinz</ex>
         <ex>seinz</ex>
         <ex>seint</ex>
         <ex>meinz</ex>
         <ex>seinte
</ex>
         <ex>seint</ex>
         <ex>seint</ex>
         <ex>meinune</ex>
         <ex>aint</ex>
         <ex>seinz</ex>
         <ex>seint</ex>
         <ex>oisins
</ex>
         <ex>seinz</ex>
         <ex>seinte</ex>
         <ex>Einsint</ex>
         <ex>seint</ex>
         <ex>seinz</ex>
         <ex>pleins</ex>
         <ex>einz</ex>
         <ex>eleint</ex>
         <ex>seint</ex>
         <ex>seint</ex>
         <ex>aussint</ex>
         <ex>seinz</ex>
         <ex>int</ex>
         <ex>seinz</ex>
         <ex>seint</ex>
         <ex>seint</ex>
         <ex>einsint</ex>
         <ex>ausint</ex>
         <ex>loing</ex>
         <ex>larrecinne
</ex>
         <ex>ing</ex>
         <ex>seint</ex>
         <ex>loing</ex>
         <ex>seinz</ex>
         <ex>seint</ex>
         <ex>seint</ex>
         <ex>enins</ex>
         <ex>meins</ex>
         <ex>seinz</ex>
         <ex>loing</ex>
         <ex>Seinz</ex>
         <ex>artins</ex>
         <ex>int</ex>
         <ex>seint</ex>
         <ex>seint</ex>
         <ex>destreins</ex>
         <ex>seint</ex>
         <ex>reint</ex>
         <ex>compleindre.</ex>
         <ex>artins</ex>
         <ex>meintenir</ex>
      </td>
   </tr>
   <tr>
      <td>ō</td>
      <td>
         <em>om</em>
         <ex>comnos</ex>
         <ex>comil</ex>
         <ex>come</ex>
         <ex>com</ex>
         <ex>comil</ex>
         <ex>nombre.</ex>
         <ex>coml</ex>
         <ex>comli</ex>
         <ex>comtoz</ex>
         <ex>com</ex>
         <ex>comil</ex>
         <ex>comnos</ex>
         <ex>comli</ex>
         <ex>preudommout</ex>
         <ex>homli</ex>
         <ex>comil</ex>
      </td>
      <td>
         <em>on</em>
         <ex>Dont</ex>
         <ex>resoignons</ex>
         <ex>noncierent</ex>
         <ex>mesons</ex>
         <ex>mesonqe</ex>
         <ex>sonser</ex>
         <ex>ision </ex>
         <ex>respondoit</ex>
         <ex>dragonqe</ex>
         <ex>nonsi</ex>
         <ex>beneon.</ex>
         <ex>sont</ex>
         <ex>cont</ex>
         <ex>montaigne</ex>
         <ex>nonmee</ex>
         <ex>anoncierent</ex>
         <ex>cond</ex>
         <ex>conpaignie</ex>
         <ex>raconte</ex>
         <ex>parfondece.</ex>
         <ex>non</ex>
         <ex>mons</ex>
         <ex>barons</ex>
         <ex>contes
</ex>
         <ex>non.</ex>
         <ex>bons</ex>
         <ex>confuson</ex>
         <ex>adonc</ex>
         <ex>respons</ex>
         <ex>oiron</ex>
         <ex>conter</ex>
         <ex>nont</ex>
         <ex>respondi</ex>
         <ex>temptationestoient
</ex>
         <ex>trencherons</ex>
         <ex>con</ex>
         <ex>conseil
</ex>
         <ex>meson</ex>
         <ex>meson.</ex>
         <ex>mesonen</ex>
         <ex>son</ex>
         <ex>son</ex>
         <ex>conmen</ex>
         <ex>pissonniaus</ex>
         <ex>puissons</ex>
         <ex>translationdel</ex>
         <ex>translationdel</ex>
         <ex>raconter</ex>
         <ex>aons</ex>
         <ex>monchier</ex>
         <ex>Dont</ex>
         <ex>dont</ex>
         <ex>oroisons</ex>
         <ex>dont</ex>
         <ex>sonaguet.</ex>
         <ex>beneonpuis</ex>
         <ex>puissons</ex>
         <ex>compaignons</ex>
         <ex>Adont</ex>
         <ex>tonbe</ex>
         <ex>monsigneur</ex>
         <ex>nonbre</ex>
         <ex>mona</ex>
         <ex>proions</ex>
         <ex>nonm</ex>
         <ex>monde.</ex>
         <ex>compaignons</ex>
         <ex>dont</ex>
         <ex>otionoste</ex>
         <ex>ethron</ex>
         <ex>monfil</ex>
         <ex>dont</ex>
         <ex>orisons</ex>
         <ex>ironnee</ex>
         <ex>Dont</ex>
         <ex>dont</ex>
         <ex>conpaignie</ex>
         <ex>compaignoni</ex>
         <ex>sonfil
</ex>
         <ex>raconterei</ex>
         <ex>racontes</ex>
         <ex>cont</ex>
         <ex>monfil</ex>
         <ex>non.</ex>
         <ex>orissons</ex>
         <ex>dont</ex>
      </td>
   </tr>
   <tr>
      <td>ŧ</td>
      <td>
         <em>it</em>
         <ex>oitqi</ex>
      </td>
   </tr>
   <tr>
      <td>ʑ</td>
      <td>
         <em>rum</em>
         <ex>celorumnisi</ex>
      </td>
   </tr>
   <tr>
      <td>ͤ</td>
      <td>
         <em>re</em>
         <ex>nostreignor.</ex>
         <ex>nostreires</ex>
         <ex>ostregrant</ex>
         <ex>mestres</ex>
         <ex>nostreignor</ex>
         <ex>demostreen</ex>
         <ex>autres</ex>
         <ex>nostreie</ex>
         <ex>estretoz</ex>
         <ex>mestreqe</ex>
         <ex>oeres</ex>
         <ex>lires</ex>
      </td>
   </tr>
   <tr>
      <td>ᵈ</td>
      <td>
         <em>d</em>
         <ex>ad</ex>
      </td>
   </tr>
   <tr>
      <td>ᷤ</td>
      <td>
         <em>s</em>
         <ex>Jerosmes</ex>
         <ex>osne</ex>
         <ex>noirsespris</ex>
         <ex>fantosmes.</ex>
         <ex>unsdes</ex>
         <ex>forsdel</ex>
         <ex>deablesa</ex>
         <ex>resuscites</ex>
         <ex>sacisos</ex>
         <ex>poissons</ex>
         <ex>poissanz</ex>
         <ex>miracles</ex>
         <ex>miracles</ex>
         <ex>apesiesl</ex>
         <ex>puis</ex>
         <ex>puisfist</ex>
         <ex>seintimese</ex>
         <ex>miraclespluiseurs</ex>
         <ex>icholasfesoient
</ex>
         <ex>pluiseurschoses</ex>
         <ex>puisle</ex>
         <ex>resne</ex>
         <ex>alascha</ex>
         <ex>misne</ex>
         <ex>portes.</ex>
         <ex>fantosmespar</ex>
      </td>
   </tr>
   <tr>
      <td>ṫ</td>
      <td>
         <em>te</em>
         <ex>detere.</ex>
         <ex>tere</ex>
         <ex>terre</ex>
         <ex>terre</ex>
         <ex>terre</ex>
      </td>
      <td>
         <em>ter</em>
         <ex>isiter</ex>
         <ex>terre</ex>
         <ex> terre</ex>
      </td>
      <td>
         <em>té</em>
         <ex>resuscitési</ex>
      </td>
   </tr>
   <tr>
      <td>⁊</td>
      <td>
         <em>Et</em>
         <ex>resplendissant.Ete</ex>
      </td>
      <td>
         <em>Et </em>
         <ex>chosesEt si</ex>
      </td>
      <td>
         <em>et </em>
         <ex>et de</ex>
         <ex>abstinenceet de</ex>
         <ex>ieet li</ex>
         <ex>et d</ex>
         <ex>et les</ex>
         <ex>et en</ex>
         <ex>et en
</ex>
         <ex>et diroient</ex>
         <ex> et a</ex>
         <ex>acreset si
</ex>
         <ex>borgneset aussi</ex>
         <ex>et parla</ex>
         <ex>et der</ex>
         <ex>sitezet molt
</ex>
         <ex>et a</ex>
         <ex>et mis</ex>
         <ex>et uns</ex>
         <ex>enceinteet si
</ex>
         <ex>et ot</ex>
         <ex>enfantet si</ex>
         <ex> et mout</ex>
         <ex>blasmeet tout</ex>
         <ex>et li</ex>
         <ex>et por</ex>
         <ex>et si</ex>
         <ex>et ta</ex>
         <ex>luxureet ex</ex>
         <ex>et si</ex>
         <ex>escondissoitet cil</ex>
         <ex>et de</ex>
         <ex>et sanz</ex>
         <ex>et si</ex>
         <ex>aet a</ex>
         <ex>et si</ex>
         <ex>demandet se</ex>
         <ex>et si</ex>
         <ex> et e</ex>
         <ex>et geterent</ex>
         <ex>et de</ex>
         <ex> et en</ex>
         <ex>et sachiez</ex>
         <ex>deet s</ex>
         <ex>leeet si</ex>
         <ex>et ceste
</ex>
         <ex>homeet dites</ex>
         <ex>erentet la</ex>
         <ex>esqeet si</ex>
         <ex>smeset s</ex>
         <ex>et ala</ex>
         <ex>et la</ex>
         <ex>et en</ex>
         <ex>citet ploroit</ex>
         <ex>et par</ex>
         <ex>et ala</ex>
         <ex>et qant</ex>
         <ex>dedenzet a</ex>
         <ex>citet mout</ex>
         <ex>et d</ex>
         <ex>et de</ex>
         <ex>et les</ex>
         <ex>et dites</ex>
         <ex>et de</ex>
         <ex>seinteet maintint</ex>
         <ex> et la</ex>
         <ex>et son</ex>
         <ex>et honestement
</ex>
         <ex> et a</ex>
         <ex>et reigne</ex>
         <ex>et de</ex>
         <ex>et sages.</ex>
         <ex>et entendre.</ex>
         <ex>et </ex>
         <ex>et latin</ex>
         <ex>diligenceet si</ex>
         <ex>benignementet fu</ex>
         <ex>et fez</ex>
         <ex>et apris
</ex>
         <ex>et doctrinez</ex>
         <ex>et latin</ex>
         <ex>et ebreu
</ex>
         <ex>et araboi</ex>
         <ex>araboiet caldeu</ex>
         <ex>dampneeet estre</ex>
         <ex>et le</ex>
         <ex>latinet aniel</ex>
         <ex>et le</ex>
         <ex>et le
</ex>
         <ex>et de</ex>
         <ex>et mout</ex>
         <ex>et le</ex>
         <ex>et mout</ex>
         <ex>furentet einsint</ex>
         <ex>espoentezet por</ex>
         <ex>herbergieret li</ex>
         <ex>docementet si</ex>
         <ex>et si</ex>
         <ex>et gueri</ex>
         <ex>lonieet si</ex>
         <ex>frereset si</ex>
         <ex>et si</ex>
         <ex>et si</ex>
         <ex>et si</ex>
         <ex>et au</ex>
         <ex>pasteuret en</ex>
         <ex>luiet si</ex>
         <ex>et bons</ex>
         <ex>bienet li
</ex>
         <ex>et endormi</ex>
         <ex>et ensignoit.</ex>
         <ex>pastureet sanz
</ex>
         <ex>et pleinz
</ex>
         <ex>et a</ex>
         <ex>et us</ex>
         <ex>maniereet qu</ex>
         <ex> et li</ex>
         <ex>asneet q</ex>
         <ex>et mengi</ex>
         <ex> et por</ex>
         <ex>et si</ex>
         <ex>et d</ex>
         <ex>asneet si
</ex>
         <ex>oiret si</ex>
         <ex>et tailliez</ex>
         <ex>graceet aloit</ex>
         <ex>ensambleet el</ex>
         <ex>aportoitet atreioit</ex>
         <ex>et fosses</ex>
         <ex>et qarrieres</ex>
         <ex>et ala</ex>
         <ex>et q</ex>
         <ex>eilliezet molt</ex>
         <ex>et de</ex>
         <ex>asneset por</ex>
         <ex>et li</ex>
         <ex>oieet einsint</ex>
         <ex>et il</ex>
         <ex>durementet lors</ex>
         <ex>et hisdeuse.</ex>
         <ex>et si</ex>
         <ex>et cha</ex>
         <ex>et li</ex>
         <ex>et puis</ex>
         <ex>mengieret apr</ex>
         <ex>et fere.</ex>
         <ex>mandaet atornerent</ex>
         <ex>et aai</ex>
         <ex>et doz</ex>
         <ex>et les</ex>
         <ex>orriereset nostre</ex>
         <ex>et atorn</ex>
         <ex>distet anon</ex>
         <ex>et pardon
</ex>
         <ex>et si</ex>
         <ex>et amonesta</ex>
         <ex>et les
</ex>
         <ex>oizet si</ex>
         <ex>et a</ex>
         <ex>respondiet dist</ex>
         <ex>droitureet leide</ex>
         <ex>et misericorde
</ex>
         <ex>et aidier</ex>
         <ex>et doner</ex>
         <ex>et pre</ex>
         <ex>aet si</ex>
         <ex>et otroions</ex>
         <ex>et nostre</ex>
         <ex>et a</ex>
         <ex>et reci</ex>
         <ex>et lor</ex>
         <ex>prononciet la</ex>
         <ex>et d</ex>
         <ex>et d</ex>
         <ex> et si
</ex>
         <ex>et or.</ex>
         <ex>estroiteet a</ex>
         <ex>et ense</ex>
         <ex>et reigne
</ex>
         <ex>et ses</ex>
         <ex>mondeet totes
</ex>
         <ex>lignieet en</ex>
         <ex>et plus</ex>
         <ex>retreireet por</ex>
         <ex>et les</ex>
         <ex>pereet l</ex>
         <ex>homet apr</ex>
         <ex>tierzet qi</ex>
         <ex>et go</ex>
         <ex>lettreset il</ex>
         <ex>mentet por</ex>
         <ex>potet nus</ex>
         <ex>et honestes</ex>
         <ex>et il</ex>
         <ex>et entier</ex>
         <ex>et si</ex>
         <ex>et cone</ex>
         <ex>meriteet de</ex>
         <ex>aqerreet qui</ex>
         <ex>et tra</ex>
         <ex>et q</ex>
         <ex>queroitet il</ex>
         <ex>oet entendi</ex>
         <ex>et conseilla</ex>
         <ex>potet sot</ex>
         <ex>et docement.</ex>
         <ex>desertet qi
</ex>
         <ex>zet leiz</ex>
         <ex>desozet de</ex>
         <ex>solitaireet por</ex>
         <ex>cheailleet le</ex>
         <ex>habitoitet encore</ex>
         <ex>et si</ex>
         <ex>corset li</ex>
         <ex>rocheet il</ex>
         <ex>fereet si</ex>
         <ex>et de</ex>
         <ex>asqueset nostre</ex>
         <ex>et tes</ex>
         <ex>deliceset mes
</ex>
         <ex>prestreset prist</ex>
         <ex>luiet ala</ex>
         <ex>monset par</ex>
         <ex>et par</ex>
         <ex>et si</ex>
         <ex>ignoret por</ex>
         <ex>geuneset por</ex>
         <ex>et est</ex>
         <ex>et a</ex>
         <ex>hanteret a</ex>
         <ex>sosteniret il</ex>
         <ex>et doctri</ex>
         <ex>et li
</ex>
         <ex>tenteet essaie</ex>
         <ex>iaireet si</ex>
         <ex>et tint</ex>
         <ex>et departiz</ex>
         <ex>penseeet une</ex>
         <ex>mereet int</ex>
         <ex>et d</ex>
         <ex>dedenzet si</ex>
         <ex>et retorna</ex>
         <ex>et ortiez</ex>
         <ex>ortiezet qe</ex>
         <ex>et osta</ex>
         <ex>et mua
</ex>
         <ex>et 
</ex>
         <ex>et sa</ex>
         <ex>et de
</ex>
         <ex>et de</ex>
         <ex>et les</ex>
         <ex>et trespassez</ex>
         <ex>et enfo</ex>
         <ex>aet si</ex>
         <ex>et si
</ex>
         <ex>et lor</ex>
         <ex>moutet si</ex>
         <ex>et distrent</ex>
         <ex>chastoieret a</ex>
         <ex>ieet apr</ex>
         <ex>antet il</ex>
         <ex>et ola</ex>
         <ex>pieceset aussint</ex>
         <ex>et sot</ex>
         <ex>docementet si</ex>
         <ex>meurset les</ex>
         <ex>et repe</ex>
         <ex>repairoientet par</ex>
         <ex>arrestoientet desoz</ex>
         <ex>ensigniet doctri</ex>
         <ex>aprendreet por</ex>
         <ex>et ses</ex>
         <ex>et si</ex>
         <ex>et por</ex>
         <ex>filet </ex>
         <ex>et de</ex>
         <ex>et fetes</ex>
         <ex>forset si
</ex>
         <ex>foizet amonesta</ex>
         <ex>contaet dist</ex>
         <ex>et blasma</ex>
         <ex>folieet li
</ex>
         <ex>amenderoitet atant</ex>
         <ex>eet si</ex>
         <ex>et les</ex>
         <ex>apelezet a</ex>
         <ex>moineet </ex>
         <ex>choseet </ex>
         <ex>et estorees</ex>
         <ex>rocheet estoit</ex>
         <ex>et tra</ex>
         <ex>perilet grant</ex>
         <ex>aet si</ex>
         <ex>et penable</ex>
         <ex>et en</ex>
         <ex>et mout</ex>
         <ex>sorentet si</ex>
         <ex>et il</ex>
         <ex>et si</ex>
         <ex>et os</ex>
         <ex>moisteet ausint</ex>
         <ex>eet tantost</ex>
         <ex>et ont</ex>
         <ex>et orties</ex>
         <ex>fereet cil</ex>
         <ex>et a</ex>
         <ex>et des</ex>
         <ex>oiret si</ex>
         <ex>et si</ex>
         <ex>et dist.</ex>
         <ex>eet meintenant</ex>
         <ex>et si</ex>
         <ex>et qi</ex>
         <ex>et assez
</ex>
         <ex>set meintenant</ex>
         <ex>tretet esloigni</ex>
         <ex>et son</ex>
         <ex>et repera</ex>
         <ex>eet il</ex>
         <ex>et espoori</ex>
         <ex> et li
</ex>
         <ex>et fet</ex>
         <ex>et monteplioient</ex>
         <ex>et par
</ex>
         <ex>ieet si</ex>
         <ex>et de</ex>
         <ex>et sa</ex>
         <ex>isitoientet qi</ex>
         <ex>et por</ex>
         <ex>grezet tantost</ex>
         <ex>et la</ex>
         <ex>mengieret si</ex>
         <ex>soloitet </ex>
         <ex> et si</ex>
         <ex>peinet si</ex>
         <ex>et si</ex>
         <ex>correet si</ex>
         <ex>et autre</ex>
         <ex>autreet si</ex>
         <ex>seurementet si</ex>
         <ex>corbiauset </ex>
         <ex>et la</ex>
         <ex>entretendroientet karoleroient
</ex>
         <ex>et oeroient
</ex>
         <ex>et enflameroient</ex>
         <ex>et mist</ex>
         <ex>et freres</ex>
         <ex>et tint
</ex>
         <ex>solieret il</ex>
         <ex>et fondi</ex>
         <ex>et si</ex>
         <ex>et a</ex>
         <ex>choseet qu</ex>
         <ex>et o</ex>
         <ex>et de
</ex>
         <ex>doleet destruist</ex>
         <ex>et a</ex>
         <ex>abatreet en</ex>
         <ex>et la</ex>
         <ex>et a</ex>
         <ex>et por</ex>
         <ex>oitet grant</ex>
         <ex>et por</ex>
         <ex>isionet si</ex>
         <ex>et ses</ex>
         <ex>noiret espris</ex>
         <ex>et li</ex>
         <ex>et entendoient
</ex>
         <ex> et </ex>
         <ex>et le
</ex>
         <ex>et les</ex>
         <ex>et por</ex>
         <ex>semblerentet puis</ex>
         <ex>laet q</ex>
         <ex>et le</ex>
         <ex>orissonet sa</ex>
         <ex>geet eus</ex>
         <ex>et aoree</ex>
         <ex>et enflambez.</ex>
         <ex>esteindreet il</ex>
         <ex>et si</ex>
         <ex>et n</ex>
         <ex>fereet </ex>
         <ex>fesoientet si</ex>
         <ex>et mout</ex>
         <ex>et combrisiez</ex>
         <ex>et morz.</ex>
         <ex>et heitiez</ex>
         <ex>et rala</ex>
         <ex>et mout</ex>
         <ex>femeet si</ex>
         <ex>et si</ex>
         <ex>et dont</ex>
         <ex>et dont
</ex>
         <ex>mengiet la</ex>
         <ex>et le
</ex>
         <ex>piezet si</ex>
         <ex>et regehirent
</ex>
         <ex>et distrent</ex>
         <ex>et si</ex>
         <ex>et sa
</ex>
         <ex>onet por</ex>
         <ex>et l</ex>
         <ex>pret en</ex>
         <ex>et delitable</ex>
         <ex>delitableet tieus</ex>
         <ex>compaignonet si</ex>
         <ex> et la</ex>
         <ex>fonteineet leu</ex>
         <ex>et reposer</ex>
         <ex>fonteineet tant</ex>
         <ex>et sa</ex>
         <ex>oieet si</ex>
         <ex> et comen</ex>
         <ex>et a</ex>
         <ex>coupeet bien</ex>
         <ex>deet q</ex>
         <ex>luiet si</ex>
         <ex>ensuset si</ex>
         <ex>reset atorner</ex>
         <ex>seet si</ex>
         <ex>et ses</ex>
         <ex>et li</ex>
         <ex>et li</ex>
         <ex>aloientet qi</ex>
         <ex>eet ensamble</ex>
         <ex>et il</ex>
         <ex>et sa</ex>
         <ex>et enten</ex>
         <ex>et a</ex>
         <ex>et puis</ex>
         <ex>aprocieret conterent</ex>
         <ex>et cone</ex>
         <ex>ceailleet tantost</ex>
         <ex>et autre</ex>
         <ex>terreet qui
</ex>
         <ex>feteset a</ex>
         <ex>antet si</ex>
         <ex>aet apr</ex>
         <ex> et en</ex>
         <ex>norieet au</ex>
         <ex>et sa
</ex>
         <ex>et entendez</ex>
         <ex> et de
</ex>
         <ex>meret puis</ex>
         <ex>et issi</ex>
         <ex>preudet seinz
</ex>
         <ex>et de</ex>
         <ex>et dist</ex>
         <ex>et ment</ex>
         <ex> et si
</ex>
         <ex>prestreet si</ex>
         <ex>et par</ex>
         <ex>et par</ex>
         <ex>leuset les</ex>
         <ex>et li
</ex>
         <ex>et cont</ex>
         <ex>et religieus</ex>
         <ex>et ses</ex>
         <ex>deableet gueriz</ex>
         <ex>et si</ex>
         <ex>charet si</ex>
         <ex>deableet en
</ex>
         <ex>et heitiez</ex>
         <ex>heitiezet bi</ex>
         <ex>et ceste</ex>
         <ex>oublieeet il</ex>
         <ex>moroientet li
</ex>
         <ex>et esle</ex>
         <ex> et arriere</ex>
         <ex>prestreet tantost</ex>
         <ex>et mout</ex>
         <ex>et si
</ex>
         <ex>antet si</ex>
         <ex>et ceste</ex>
         <ex>et si</ex>
         <ex>et estoree</ex>
         <ex>et totes</ex>
         <ex>paienset a</ex>
         <ex>otroiet qe
</ex>
         <ex>et mi</ex>
         <ex>eet pristr</ex>
         <ex>eret abatirent</ex>
         <ex>et depecierent</ex>
         <ex>perirentet par</ex>
         <ex>nonet puis</ex>
         <ex>et de</ex>
         <ex> et l</ex>
         <ex>fistet ala</ex>
         <ex>barilliauset li</ex>
         <ex>et si</ex>
         <ex>et tu</ex>
         <ex>et res</ex>
         <ex> et ala</ex>
         <ex>et tantost</ex>
         <ex>et grant
</ex>
         <ex>et par</ex>
         <ex>et par</ex>
         <ex>ignoret a</ex>
         <ex>oientet </ex>
         <ex>et amonester</ex>
         <ex>et l</ex>
         <ex>et il</ex>
         <ex>et </ex>
         <ex>et si</ex>
         <ex>et tu</ex>
         <ex>feteet si</ex>
         <ex>espreeet uns
</ex>
         <ex>penseret a</ex>
         <ex>corageet en</ex>
         <ex>gieret cui</ex>
         <ex>et qi</ex>
         <ex>et si</ex>
         <ex>meinet le</ex>
         <ex>iceet qu</ex>
         <ex>penset la</ex>
         <ex>felonieet la</ex>
         <ex>et nissoit</ex>
         <ex>et les</ex>
         <ex>et si</ex>
         <ex>seulementet demein</ex>
         <ex>et la</ex>
         <ex>et en</ex>
         <ex>ignoret par</ex>
         <ex>et sorent</ex>
         <ex>et besoigne.</ex>
         <ex>aet si</ex>
         <ex>et por</ex>
         <ex>iroientet si</ex>
         <ex>et de</ex>
         <ex> et li</ex>
         <ex>et de</ex>
         <ex>enet bien</ex>
         <ex>oset si</ex>
         <ex>et le</ex>
         <ex>gerontet l</ex>
         <ex>reet les</ex>
         <ex>et alerent</ex>
         <ex>et a</ex>
         <ex>diligenseet ce</ex>
         <ex>et au</ex>
         <ex>aussintet si</ex>
         <ex>ensignaet demostra
</ex>
         <ex>et establir</ex>
         <ex>et li</ex>
         <ex>ditet molt</ex>
         <ex>et si</ex>
         <ex>et demostrasses</ex>
         <ex>et ou
</ex>
         <ex>et dis</ex>
         <ex>dormantet de</ex>
         <ex>et ensignai</ex>
         <ex>et si</ex>
         <ex>reet orde</ex>
         <ex>et de</ex>
         <ex>celeeet ses</ex>
         <ex>et en</ex>
         <ex>et ceste
</ex>
         <ex> et si</ex>
         <ex>et dist</ex>
         <ex>honteet grant</ex>
         <ex>et amendez</ex>
         <ex>et si</ex>
         <ex>et aloient</ex>
         <ex>et lor
</ex>
         <ex>et lor</ex>
         <ex>et si</ex>
         <ex>blieeet si</ex>
         <ex>et si</ex>
         <ex>ceet si</ex>
         <ex>estoientet ce</ex>
         <ex>et sa</ex>
         <ex> et sanz
</ex>
         <ex>et sa
</ex>
         <ex>et issi</ex>
         <ex>et la</ex>
         <ex>et si</ex>
         <ex>et distr</ex>
         <ex>et si</ex>
         <ex>et sacree</ex>
         <ex>et si</ex>
         <ex>erenceet puis</ex>
         <ex>pereset la
</ex>
         <ex>et entendre</ex>
         <ex>et amonestoit</ex>
         <ex>et de</ex>
         <ex>et tenist
</ex>
         <ex>homeet tantost</ex>
         <ex>et ocirre</ex>
         <ex>eet il</ex>
         <ex>contoitet disoit</ex>
         <ex> et si</ex>
         <ex>eet si</ex>
         <ex>et si</ex>
         <ex>et 
</ex>
         <ex>costumeet cil</ex>
         <ex>et si</ex>
         <ex>et les</ex>
         <ex>et oians
</ex>
         <ex>durementet tant</ex>
         <ex>et or</ex>
         <ex>et nuit</ex>
         <ex>tozet de</ex>
         <ex>et dona</ex>
         <ex>net si</ex>
         <ex>uileet c</ex>
         <ex>et a</ex>
         <ex>obedienceset lors</ex>
         <ex>et droiture.</ex>
         <ex>et cil</ex>
         <ex>et blasmez</ex>
         <ex>croissoitet tant</ex>
         <ex>et li</ex>
         <ex>et de</ex>
         <ex>et amonesta</ex>
         <ex>et humilit</ex>
         <ex> et si</ex>
         <ex>et si</ex>
         <ex>et estoree.</ex>
         <ex>et si</ex>
         <ex>et mout</ex>
         <ex>corset lors</ex>
         <ex>oeeet a</ex>
         <ex>et de
</ex>
         <ex>roiet en</ex>
         <ex>et si</ex>
         <ex>et pleins
</ex>
         <ex>durementet a</ex>
         <ex>et a</ex>
         <ex>et ses</ex>
         <ex>et si</ex>
         <ex>et ensignast.</ex>
         <ex>et li</ex>
         <ex>aleret </ex>
         <ex>et rece</ex>
         <ex>et puis</ex>
         <ex>et a</ex>
         <ex>et a</ex>
         <ex>cruiautet sa</ex>
         <ex>eoiret sa</ex>
         <ex>et en</ex>
         <ex>olentet par
</ex>
         <ex>et qi</ex>
         <ex>et par</ex>
         <ex> et par</ex>
         <ex>et par</ex>
         <ex>eet la</ex>
         <ex>et demenoit</ex>
         <ex>et a</ex>
         <ex>et si</ex>
         <ex>et si</ex>
         <ex>et dist</ex>
         <ex>et coucha</ex>
         <ex>et </ex>
         <ex>resusciet si</ex>
         <ex>oret par</ex>
         <ex>et heiti</ex>
         <ex> et i</ex>
         <ex>et atornee</ex>
         <ex>et otro</ex>
         <ex>irginitet por</ex>
         <ex>noneet a</ex>
         <ex>liezet qi</ex>
         <ex>porteet parloit
</ex>
         <ex>liet la</ex>
         <ex>et mostroit
</ex>
         <ex>costumeet  </ex>
         <ex>liet ne</ex>
         <ex>ensembleet parlerent
</ex>
         <ex>et si</ex>
         <ex>et dist</ex>
         <ex>et si</ex>
         <ex>et la</ex>
         <ex>et si</ex>
         <ex>et puis</ex>
         <ex>et rele</ex>
         <ex>et espart</ex>
         <ex>et si
</ex>
         <ex>enteret une</ex>
         <ex>et tou</ex>
         <ex>et esparti.</ex>
         <ex> et q</ex>
         <ex>aet si</ex>
         <ex> et tu</ex>
         <ex>et il</ex>
         <ex>oet entendi.</ex>
         <ex>et si</ex>
         <ex>refirentet saoulerent
</ex>
         <ex>et esclarciz.</ex>
         <ex>ceailleet </ex>
         <ex>et li</ex>
         <ex>et si</ex>
         <ex>et loenges</ex>
         <ex>et non</ex>
         <ex> et si</ex>
         <ex>et d</ex>
         <ex>iseet sanz</ex>
         <ex> et isi</ex>
         <ex>et por</ex>
         <ex>et de</ex>
         <ex>leuet li</ex>
         <ex>et lor</ex>
         <ex>mienuitet li</ex>
         <ex>et dist</ex>
         <ex>et au</ex>
         <ex>et tierce</ex>
         <ex>lumiereet de</ex>
         <ex>et esmer</ex>
         <ex>clartet l</ex>
         <ex>et mis</ex>
         <ex>et enquist</ex>
         <ex>et dist</ex>
         <ex>eritet la
</ex>
         <ex>et retreire</ex>
         <ex>et a</ex>
         <ex>et escrist</ex>
         <ex>et qu</ex>
         <ex>et tant
</ex>
         <ex>et non</ex>
         <ex>esqiet ses</ex>
         <ex>fezet tout</ex>
         <ex>ilet dist</ex>
         <ex>et a</ex>
         <ex>et a</ex>
         <ex>ilet re</ex>
         <ex>estoientet il</ex>
         <ex>ceailleet li</ex>
         <ex>et resplendissanz</ex>
         <ex>ceailleet des
</ex>
         <ex>et mout</ex>
         <ex>antet si</ex>
         <ex>et edefiee</ex>
         <ex>et si</ex>
         <ex>et fet
</ex>
         <ex>et regne</ex>
         <ex>morset al</ex>
         <ex>et par</ex>
         <ex>auset par</ex>
         <ex>et par</ex>
         <ex>et nuit</ex>
         <ex>lasseeet la</ex>
         <ex>et aloit</ex>
         <ex>et fu</ex>
         <ex>et toute</ex>
         <ex>tenueet re</ex>
         <ex>ieet loa</ex>
         <ex>et gracia</ex>
         <ex>ignoret seint</ex>
         <ex> et entendu</ex>
         <ex>dolenteset esgarees</ex>
         <ex>et cria
</ex>
         <ex>et regne</ex>
         <ex>echoitet en</ex>
         <ex>armeset si</ex>
         <ex>et de</ex>
         <ex>nonet sa</ex>
         <ex>et uns</ex>
         <ex>et li</ex>
         <ex>et disoit</ex>
         <ex>celoet nisi</ex>
         <ex>aproismeet qi</ex>
         <ex>et del
</ex>
         <ex>et mout</ex>
         <ex>et ses</ex>
         <ex>et la</ex>
         <ex>ignoret si</ex>
         <ex>et ensignoit</ex>
         <ex>et sa
</ex>
         <ex>et </ex>
         <ex>doctrineet 
</ex>
         <ex>et </ex>
         <ex>et pluiseurs</ex>
         <ex>proceinset par</ex>
         <ex>et fere.</ex>
         <ex>et la</ex>
         <ex>comsomeeet q</ex>
         <ex>decipleset q</ex>
         <ex>et lor</ex>
         <ex>oet pluiseurs</ex>
         <ex>et de</ex>
         <ex>et essia</ex>
         <ex>et dras</ex>
         <ex>formeet il</ex>
         <ex>distet il</ex>
         <ex>rostiet une</ex>
         <ex>et si</ex>
         <ex>et si</ex>
         <ex>ignoret par</ex>
         <ex>et preeschant</ex>
         <ex>preeschantet si</ex>
         <ex>et del</ex>
         <ex>et del</ex>
         <ex>speritet si</ex>
         <ex>et de</ex>
         <ex>speritet a</ex>
         <ex>et il</ex>
         <ex>et si</ex>
         <ex>pleset ensamble</ex>
         <ex>et en</ex>
         <ex>et par</ex>
         <ex>et par</ex>
         <ex>feuet si</ex>
         <ex>et doctrinez
</ex>
         <ex>languageset si</ex>
         <ex>et il</ex>
         <ex>et anoncier
</ex>
         <ex>apostreset qi</ex>
         <ex> et pluseurs</ex>
         <ex>et preechant</ex>
         <ex>et le</ex>
         <ex>cieuset preechant</ex>
         <ex>et disant</ex>
         <ex>et ﻿</ex>
         <ex>predicationset faisoient</ex>
         <ex>et li
</ex>
         <ex>et ses</ex>
         <ex>det q</ex>
         <ex>et a</ex>
         <ex>creanceet mis</ex>
         <ex>et prestres</ex>
         <ex>et autre
</ex>
         <ex>et ne</ex>
         <ex>et ne</ex>
         <ex>eet sa</ex>
         <ex>et molt
</ex>
         <ex>et an</ex>
         <ex>et distrent</ex>
         <ex>aeurentet si</ex>
         <ex>et cone</ex>
         <ex>personeset si</ex>
         <ex>et il
</ex>
         <ex>aoroientet si</ex>
         <ex>parmenableet si</ex>
         <ex>et nule</ex>
         <ex>conforteret si</ex>
         <ex>et dist</ex>
         <ex>et baptizatus
</ex>
         <ex>eritet  </ex>
         <ex>et anon</ex>
         <ex>et baptiziez</ex>
         <ex>et qi</ex>
         <ex>ignoret por</ex>
         <ex>et de</ex>
         <ex>et a</ex>
         <ex>et dire</ex>
         <ex>et sires</ex>
         <ex>et tote</ex>
         <ex>et si</ex>
         <ex>et en</ex>
         <ex>et abandone</ex>
         <ex>et amenistre</ex>
         <ex>et deguerpiz</ex>
         <ex>dit et en</ex>
         <ex>et li</ex>
         <ex>et parti</ex>
         <ex>et ne</ex>
         <ex>et si</ex>
         <ex>et tantost</ex>
         <ex>atoucheet e</ex>
         <ex>ignoret il</ex>
         <ex>dormiret si</ex>
         <ex>et les</ex>
         <ex>et froides</ex>
         <ex>eret si</ex>
         <ex>et qe</ex>
         <ex>tet semant</ex>
         <ex>et a</ex>
         <ex>et refet</ex>
         <ex>estoitet der</ex>
         <ex>et forsenee
</ex>
         <ex>et a</ex>
         <ex>et tormentent</ex>
         <ex>seleet qe</ex>
         <ex>et si</ex>
         <ex>et seine.</ex>
         <ex>esteset qi</ex>
         <ex>et benignitez</ex>
         <ex>benignitezet misericorde 
</ex>
         <ex>et douceur</ex>
         <ex>et grant</ex>
         <ex>humilitet assidueus</ex>
         <ex>et comanda</ex>
         <ex>et de</ex>
         <ex>et estrangla</ex>
         <ex>et la</ex>
         <ex>et tuit</ex>
         <ex>et si</ex>
         <ex>et a</ex>
         <ex>et si</ex>
         <ex>et si</ex>
         <ex>et par</ex>
         <ex>et si</ex>
         <ex>et pou</ex>
         <ex>et par</ex>
         <ex>et au</ex>
         <ex>et si</ex>
         <ex>et rac</ex>
         <ex>enfeset qant</ex>
         <ex>homeet puis</ex>
         <ex>et a</ex>
         <ex>et si</ex>
         <ex>et rege</ex>
         <ex>emportoientet si</ex>
         <ex>oieet a</ex>
         <ex>doceuret teniebres</ex>
         <ex>et pleignement</ex>
         <ex>et criees</ex>
         <ex>crieeset granz</ex>
         <ex>et tristreces</ex>
         <ex>tristreceset froidures
</ex>
         <ex>desmesureeset chaleurs</ex>
         <ex>et grant</ex>
         <ex>faillentet morsures</ex>
         <ex>serpenzet si</ex>
         <ex>et misere</ex>
         <ex>misereet l</ex>
         <ex>lezet hisdeus</ex>
         <ex>et d</ex>
         <ex>zet par</ex>
         <ex>et autres</ex>
         <ex>et a</ex>
         <ex>et annonce</ex>
         <ex>et cenz</ex>
         <ex>donset de</ex>
         <ex>et lor
</ex>
         <ex>et detruist</ex>
         <ex>et d</ex>
         <ex>genzet si</ex>
         <ex>et del</ex>
         <ex>et de</ex>
         <ex>et ceus</ex>
         <ex>et si</ex>
         <ex>ignoret si</ex>
         <ex>meinset trest</ex>
         <ex>et qu</ex>
         <ex>et alerent
</ex>
         <ex>noset por</ex>
         <ex>et si</ex>
         <ex>et usticent.</ex>
         <ex>laet alerent</ex>
         <ex>piezet si</ex>
         <ex>et de</ex>
         <ex>et as</ex>
         <ex>et de</ex>
         <ex>et cens</ex>
         <ex>et a</ex>
         <ex>et </ex>
         <ex>et d</ex>
         <ex>et de</ex>
         <ex>homeet si</ex>
         <ex>ignoret puis</ex>
         <ex>et fu</ex>
         <ex>et gloi</ex>
         <ex>et rendi</ex>
         <ex>dotanceet bien</ex>
         <ex>toiet la</ex>
         <ex>et essaucerai.</ex>
         <ex>diteet puis</ex>
         <ex>euset si</ex>
         <ex>et go</ex>
         <ex>et si</ex>
         <ex>nonet cele</ex>
         <ex>ignoret a</ex>
         <ex>et liiez</ex>
         <ex>et it</ex>
         <ex>et creance</ex>
         <ex>et son</ex>
         <ex>et le
</ex>
         <ex>et cil</ex>
         <ex>et sanez</ex>
         <ex>sanezet re</ex>
         <ex>et si</ex>
         <ex> et li</ex>
         <ex>et sa
</ex>
         <ex>et si</ex>
         <ex>et l</ex>
         <ex> et si</ex>
         <ex>et anoncier</ex>
         <ex>tet baptirent</ex>
         <ex>cruelmentet puis
</ex>
         <ex>et si</ex>
         <ex> et lumiere</ex>
         <ex>derrompirentet li</ex>
         <ex>rentet tuit</ex>
         <ex>et granz</ex>
         <ex>et effoudre</ex>
         <ex>et tonoire</ex>
         <ex>tonoireet esparz
</ex>
         <ex> et a</ex>
         <ex>et ferirent</ex>
         <ex> et ses</ex>
         <ex>et si</ex>
         <ex>et si</ex>
         <ex>crucefierentet au
</ex>
         <ex>ezet a</ex>
         <ex>et ensigniez</ex>
         <ex>tantet puis
</ex>
         <ex>et si</ex>
         <ex>et meesme</ex>
         <ex>et li</ex>
         <ex>et a</ex>
         <ex>et anonce.</ex>
         <ex>et la</ex>
         <ex>granzet petiz</ex>
         <ex>assemblassentet eus</ex>
         <ex>et mos</ex>
         <ex>et del</ex>
         <ex>et del</ex>
         <ex> et de</ex>
         <ex>et de</ex>
         <ex>et de</ex>
         <ex>et destrui</ex>
         <ex>reet le</ex>
         <ex>et abatre.</ex>
         <ex>eet ense</ex>
         <ex>et l</ex>
         <ex>et entendez</ex>
         <ex>et d</ex>
         <ex>et de</ex>
         <ex>et de</ex>
         <ex>igneset si</ex>
         <ex>luiet dist</ex>
         <ex>et uree
</ex>
         <ex>et tote</ex>
         <ex>et si</ex>
         <ex>meret tenoit</ex>
         <ex>et de</ex>
         <ex>et de</ex>
         <ex>det a</ex>
         <ex>alet d</ex>
         <ex>et por</ex>
         <ex>paroleset si</ex>
         <ex>et or</ex>
         <ex>et en</ex>
         <ex>et en</ex>
         <ex>neset bien</ex>
         <ex>cueret de</ex>
         <ex>et serroit</ex>
         <ex>et donast
</ex>
         <ex>cielet si</ex>
         <ex> et si</ex>
         <ex>et q</ex>
         <ex>et d</ex>
         <ex>et de</ex>
         <ex>et de</ex>
         <ex>et dona</ex>
         <ex>et pro</ex>
         <ex>et par
</ex>
         <ex>et molt
</ex>
         <ex>ireet si</ex>
         <ex>et decolee.</ex>
         <ex>et si</ex>
         <ex>graceet si</ex>
         <ex>breet qe</ex>
         <ex>et dese</ex>
         <ex>et si</ex>
         <ex>et cil</ex>
         <ex>et arrazin</ex>
         <ex>soleilet si</ex>
         <ex>et tout</ex>
         <ex>et disant</ex>
         <ex>ignoret tu</ex>
         <ex>ducet si</ex>
         <ex>et conta</ex>
         <ex>et e</ex>
         <ex>pooret tuit</ex>
         <ex>et qi</ex>
         <ex>heireet si</ex>
         <ex>piezet si</ex>
         <ex>escuieret si</ex>
         <ex>crestienset si</ex>
         <ex>et si</ex>
         <ex>exet sires</ex>
         <ex>et si
</ex>
         <ex>et qi</ex>
         <ex>et si</ex>
         <ex>et si</ex>
         <ex>pardonet indulgense.</ex>
         <ex>deet si</ex>
         <ex>pardonet remission</ex>
         <ex>et des</ex>
         <ex>et toz</ex>
         <ex>et ses</ex>
         <ex>et totes</ex>
         <ex>et toz</ex>
         <ex>et femes</ex>
         <ex>et d</ex>
         <ex>euet chastiaus
</ex>
         <ex>et ignes</ex>
         <ex>igneset terres</ex>
         <ex>terreset quanq</ex>
         <ex>et por</ex>
         <ex>et si</ex>
         <ex>herbergieret por</ex>
         <ex>reet si</ex>
         <ex>et trametoit</ex>
         <ex>et si</ex>
         <ex>et comandoit</ex>
         <ex>et d</ex>
         <ex>proieet si</ex>
         <ex>et le</ex>
         <ex>et sa
</ex>
         <ex>et comand</ex>
         <ex>et puis
</ex>
         <ex>deet creoient</ex>
         <ex>preechoitet anon</ex>
         <ex>et la</ex>
         <ex>et tuit</ex>
         <ex>luiet si</ex>
         <ex>et si</ex>
         <ex>et de
</ex>
         <ex>et si</ex>
         <ex>foiet de</ex>
         <ex>ignoret bap</ex>
         <ex> et rendi</ex>
         <ex>et ses</ex>
         <ex>et lontaignes</ex>
         <ex>lontaigneset si</ex>
         <ex>et por</ex>
         <ex>et mis</ex>
         <ex>prissonet batuz</ex>
         <ex>et route.</ex>
         <ex>et ta</ex>
         <ex>et quanq</ex>
         <ex>et pardon</ex>
         <ex>pardonet q</ex>
         <ex>et les
</ex>
         <ex> et misericorde</ex>
         <ex>apostreet toz
</ex>
         <ex>et se</ex>
         <ex>et li</ex>
         <ex>periuset par</ex>
         <ex>et si</ex>
         <ex>clerementet alerent</ex>
         <ex>et lor
</ex>
         <ex>et desme</ex>
         <ex>tet tant</ex>
         <ex>fosseet la</ex>
         <ex>et c</ex>
         <ex>et princes</ex>
         <ex>forset autres</ex>
         <ex>et en</ex>
         <ex>ducet ala</ex>
         <ex>deet molt
</ex>
         <ex>terreset assamblees</ex>
         <ex>ooientet molt
</ex>
         <ex>et de</ex>
         <ex>et de</ex>
         <ex>oloientet estre
</ex>
         <ex>ploroitet a</ex>
         <ex> et tuit</ex>
         <ex>et tuit</ex>
         <ex>fereet me</ex>
         <ex>et tuit</ex>
         <ex>deschauzet en</ex>
         <ex>et il</ex>
         <ex>et esgarder.</ex>
         <ex>terreet li</ex>
         <ex>et esgarder</ex>
         <ex>et si</ex>
         <ex>et esgarder.</ex>
         <ex>et si</ex>
         <ex>opienset lez
</ex>
         <ex>et hisdeus</ex>
         <ex>et si</ex>
         <ex>et desmesurez</ex>
         <ex>desmesurezet iols</ex>
         <ex>et d</ex>
         <ex>et cornues
</ex>
         <ex>issoientet si</ex>
         <ex>et grosses</ex>
         <ex>oientet par</ex>
         <ex>grandeset lees</ex>
         <ex>et si</ex>
         <ex>et par</ex>
         <ex>et si</ex>
         <ex>et si</ex>
         <ex>fosseet si</ex>
         <ex>et ire
</ex>
         <ex>et male</ex>
         <ex> et si</ex>
         <ex>et en</ex>
         <ex>oleet ou</ex>
         <ex>abiteet la</ex>
         <ex>et toz</ex>
         <ex>et fe</ex>
         <ex>et par</ex>
         <ex>et si</ex>
         <ex>eset si</ex>
         <ex>et heitez</ex>
         <ex>ieet parla</ex>
         <ex>et gloirefierent.</ex>
         <ex>et toz</ex>
         <ex>et a</ex>
         <ex>et conte</ex>
         <ex>et noierent.</ex>
         <ex>et si</ex>
         <ex>et torbes
</ex>
         <ex>et l</ex>
         <ex>derriereset si</ex>
         <ex>espoentezet li
</ex>
         <ex>deffenderreset q</ex>
         <ex>docementet si</ex>
         <ex>et omnia</ex>
         <ex>et douter.</ex>
         <ex>et si</ex>
         <ex>deet saces</ex>
         <ex>et des</ex>
         <ex>dureeet par</ex>
         <ex>arresteret puis</ex>
         <ex>deet de</ex>
         <ex>et a</ex>
         <ex>et repeire</ex>
         <ex>corset si</ex>
         <ex>et si</ex>
         <ex>et molt</ex>
         <ex>et si</ex>
         <ex>et go</ex>
         <ex>et dis</ex>
         <ex>et dist</ex>
         <ex>et a</ex>
         <ex>et est</ex>
         <ex>mortet angeles</ex>
         <ex>deableet qi</ex>
         <ex>et de</ex>
         <ex>misereset si</ex>
         <ex>estet si</ex>
         <ex>et si
</ex>
         <ex>genzet ne</ex>
         <ex>et deguer</ex>
         <ex>et li</ex>
         <ex>et toz</ex>
         <ex>resusciteret qi</ex>
         <ex>et loenges</ex>
         <ex>demostreret bene</ex>
         <ex>et gloirefierent.</ex>
         <ex>otionet toz</ex>
         <ex>et lor</ex>
         <ex>ignoret li</ex>
         <ex>entoret si</ex>
         <ex>et d</ex>
         <ex>eet tieus
</ex>
         <ex>iandeet si</ex>
         <ex>et en</ex>
         <ex>et en</ex>
         <ex>reset qanc</ex>
         <ex>et a</ex>
         <ex>angileet les</ex>
         <ex>et mout</ex>
         <ex>reset lor</ex>
         <ex>encelet par</ex>
         <ex>et mistrent</ex>
         <ex>neet tout
</ex>
         <ex>estoientet si</ex>
         <ex>et abatissent</ex>
         <ex>et lor</ex>
         <ex>et lor</ex>
         <ex>arsissentet si</ex>
         <ex>et aorassent
</ex>
         <ex>et toz
</ex>
         <ex>et bene</ex>
         <ex>et en</ex>
         <ex>et son</ex>
         <ex>et dit</ex>
         <ex>meret tout
</ex>
         <ex>et tote
</ex>
         <ex>et tout</ex>
         <ex> et  </ex>
         <ex> et </ex>
         <ex>et la</ex>
         <ex>et longue</ex>
         <ex>longueet lee</ex>
         <ex>et deguerpissent</ex>
         <ex>loiset arsissent
</ex>
         <ex>et destruisis</ex>
         <ex>et lor
</ex>
         <ex>inet de</ex>
         <ex>et fai</ex>
         <ex>menableet encore</ex>
         <ex>et li</ex>
         <ex>et tristrece.</ex>
         <ex>et autrui</ex>
         <ex>et mat</ex>
         <ex>et paine.</ex>
         <ex>dolenset las</ex>
         <ex>et de</ex>
         <ex>estoitet si
</ex>
         <ex>et secoroit</ex>
         <ex>secoroitet les</ex>
         <ex>estrangeset les</ex>
         <ex>et les
</ex>
         <ex>orpheninset bien</ex>
         <ex>fistet dist</ex>
         <ex>uchementet qi</ex>
         <ex>et as</ex>
         <ex>et re</ex>
         <ex>esqeet mout</ex>
         <ex>et mout</ex>
         <ex>et en</ex>
         <ex>et entendoit</ex>
         <ex>homeet puis</ex>
         <ex>et a</ex>
         <ex>crestienset crueus</ex>
         <ex>et de</ex>
         <ex>et poestis</ex>
         <ex>et dire
</ex>
         <ex>et les</ex>
         <ex>dreset fere
</ex>
         <ex> et dit</ex>
         <ex>guerieset pluiseurs</ex>
         <ex>femeet si</ex>
         <ex>languereuset resuscite</ex>
         <ex>et par</ex>
         <ex>conseilet si</ex>
         <ex>oret argent</ex>
         <ex>comandet ala</ex>
         <ex>et si</ex>
         <ex>et ta</ex>
         <ex>et tesmoignes</ex>
         <ex>sostenueset resuscites</ex>
         <ex>et conte
</ex>
         <ex>et de</ex>
         <ex>comandementet q</ex>
         <ex>et tote</ex>
         <ex>et regenerez</ex>
         <ex>dameet la</ex>
         <ex>et si</ex>
         <ex>et la</ex>
         <ex>et si</ex>
         <ex>rriereet qant</ex>
         <ex>mariet tantost</ex>
         <ex>et l</ex>
         <ex>baptizieet li</ex>
         <ex>et establi</ex>
         <ex>fioientet la</ex>
         <ex>et formee</ex>
         <ex>et donoit
</ex>
         <ex> et l</ex>
         <ex>et en</ex>
         <ex>upiteret toz</ex>
         <ex>et por</ex>
         <ex>et les</ex>
         <ex>et si</ex>
         <ex>et nos</ex>
         <ex>mageset si</ex>
         <ex>et terre.</ex>
         <ex>et si</ex>
         <ex>puissanzet si</ex>
         <ex>autreet o</ex>
         <ex>orissonset en</ex>
         <ex>citet tuit</ex>
         <ex>et li</ex>
         <ex>encontreet si</ex>
         <ex>et depechier</ex>
         <ex>et si</ex>
         <ex>et failliz</ex>
         <ex>et furent</ex>
         <ex>citet grant
</ex>
         <ex>et granz</ex>
         <ex>luiet alerent</ex>
         <ex>et a</ex>
         <ex>et reco</ex>
         <ex>et lui</ex>
         <ex>et sa</ex>
         <ex>compaignieet esqui</ex>
         <ex>et de</ex>
         <ex>et si</ex>
         <ex>et fondre.</ex>
         <ex>et lor</ex>
         <ex>oirset s</ex>
         <ex>et religieuse</ex>
         <ex>et si</ex>
         <ex>preesceet annonce</ex>
         <ex>perilet si</ex>
         <ex>et assambl</ex>
         <ex>deet liiez</ex>
         <ex>chaeneset lor</ex>
         <ex>contet mout</ex>
         <ex>maniereet si
</ex>
         <ex>et par</ex>
         <ex>et form</ex>
         <ex>santet si</ex>
         <ex>nonet a</ex>
         <ex>et loenges.</ex>
         <ex>et si</ex>
         <ex>creatureet la</ex>
         <ex>et sanc
</ex>
         <ex>et escume</ex>
         <ex>et de</ex>
         <ex>et de</ex>
         <ex>alierset fist</ex>
         <ex>et de</ex>
         <ex>et granz</ex>
         <ex>et desirroit
</ex>
         <ex>paroleset sa</ex>
         <ex>et alassent</ex>
         <ex>maniereset apr</ex>
         <ex>entrerentet mencierent
</ex>
         <ex>et pesible.</ex>
         <ex>contesseet pluiseurs</ex>
         <ex>repairierentet si</ex>
         <ex>palagreet cou</ex>
         <ex>sierentet la</ex>
         <ex>terreet la</ex>
         <ex>et la</ex>
         <ex>ignoret la</ex>
         <ex>enueet cil</ex>
         <ex>et haiti</ex>
         <ex>et a</ex>
         <ex>serset a</ex>
         <ex>aet li</ex>
         <ex>et mout</ex>
         <ex>et aornee</ex>
         <ex>et sacra﻿</ex>
         <ex> et cele</ex>
         <ex>et de</ex>
         <ex>luiet si</ex>
         <ex>et si</ex>
         <ex>oieset si</ex>
         <ex>et conoistre.</ex>
         <ex>mageet fu</ex>
         <ex>et hisdeus.</ex>
         <ex>noirset tresq</ex>
         <ex>et par</ex>
         <ex>et par</ex>
         <ex>ardanzet puans
</ex>
         <ex>et si</ex>
         <ex>eoiret esgarder</ex>
         <ex>et si</ex>
         <ex>ditet puis</ex>
         <ex>abiteet la</ex>
         <ex>et frois</ex>
         <ex>homeet fist</ex>
         <ex>et ce</ex>
         <ex>et sanez.</ex>
         <ex>tet tuit</ex>
         <ex>et cele</ex>
         <ex>et de</ex>
         <ex> et de</ex>
         <ex>oret si</ex>
         <ex>et lampes</ex>
         <ex>et son</ex>
         <ex>et de</ex>
         <ex>euseset de</ex>
         <ex>oret nuit</ex>
         <ex>et chandelabres</ex>
         <ex>oret une</ex>
         <ex>et l</ex>
         <ex>feteset consomees</ex>
         <ex> et si</ex>
         <ex>et sacrons
</ex>
         <ex>et de</ex>
         <ex>et de</ex>
         <ex>et de</ex>
         <ex>et ins</ex>
         <ex>et bues</ex>
         <ex>et aches</ex>
         <ex>acheset oleilles
</ex>
         <ex>et enoisons</ex>
         <ex>et tr</ex>
         <ex>et pa</ex>
         <ex>citet qe</ex>
         <ex>et poest</ex>
         <ex>et heiti</ex>
         <ex>et a</ex>
         <ex> et ses</ex>
         <ex>et assamblees</ex>
         <ex>apelaet si
</ex>
         <ex>liezet si</ex>
         <ex>et si</ex>
         <ex>et de</ex>
         <ex>et ses</ex>
         <ex>et de</ex>
         <ex>et cuens
</ex>
         <ex> et el</ex>
         <ex>et bele
</ex>
         <ex>et haute</ex>
         <ex>senzet plein</ex>
         <ex>et de
</ex>
         <ex>et chas</ex>
         <ex>et feire.</ex>
         <ex>et si</ex>
         <ex>et li
</ex>
         <ex>et si</ex>
         <ex>et sa</ex>
         <ex>et gracierent</ex>
         <ex>gracierentet toz</ex>
         <ex>et en</ex>
         <ex>signorieet qe</ex>
         <ex>et le</ex>
         <ex>et costume</ex>
         <ex>costumeet li</ex>
         <ex>et clers</ex>
         <ex>mortet si</ex>
         <ex>et feire</ex>
         <ex>esqeset autres</ex>
         <ex>tet fussent</ex>
         <ex>et en</ex>
         <ex>et establi</ex>
         <ex>et por</ex>
         <ex>et les</ex>
         <ex>estoientet si</ex>
         <ex>et estemenz.</ex>
         <ex>et si
</ex>
         <ex>et fet
</ex>
         <ex>et ce</ex>
         <ex>et assembler</ex>
         <ex>sermoneret lor</ex>
         <ex>ignoret lor
</ex>
         <ex>et si</ex>
         <ex>graceet si
</ex>
         <ex>homet qant</ex>
         <ex>et li</ex>
         <ex>et li</ex>
         <ex>et regne</ex>
         <ex>et estoient</ex>
         <ex>et en
</ex>
         <ex>elleset en</ex>
         <ex>reset eunoient
</ex>
         <ex>espreet adonc</ex>
         <ex>et e</ex>
         <ex>et orde</ex>
         <ex>deet 
</ex>
         <ex>et par</ex>
         <ex>et ﻿</ex>
         <ex>deet fist</ex>
         <ex>eglisseset atorna
</ex>
         <ex>et entendement</ex>
         <ex>ignoret a</ex>
         <ex> et par</ex>
         <ex>det par</ex>
         <ex>et si</ex>
         <ex>et lor</ex>
         <ex>doctrineet sermonez</ex>
         <ex>et pree</ex>
         <ex>direet lor</ex>
         <ex>angileet sa</ex>
         <ex>et a</ex>
         <ex>paroleset les
</ex>
         <ex>et re</ex>
         <ex>ieet pluiseurs</ex>
         <ex>et e</ex>
         <ex>baptesmeet puis</ex>
         <ex>et de</ex>
         <ex>et taire.</ex>
         <ex>et par</ex>
         <ex>et molt</ex>
         <ex>et mes</ex>
         <ex>iret a</ex>
         <ex>promiseet a</ex>
         <ex>et aiment.</ex>
         <ex>toiet si</ex>
         <ex>et ensamble</ex>
         <ex>et les</ex>
         <ex>rset ensamble</ex>
         <ex>irgeset de</ex>
         <ex>frereset serras</ex>
         <ex>et par</ex>
         <ex>ireset li</ex>
         <ex>et dist</ex>
         <ex>ieet qe</ex>
         <ex>puepleet un</ex>
         <ex>et autre</ex>
         <ex>et assemblassent</ex>
         <ex>onet absolution</ex>
         <ex>oet les</ex>
         <ex>foiet tornez
</ex>
         <ex>et sa</ex>
         <ex>det oite</ex>
         <ex>et cil</ex>
         <ex>et cil</ex>
         <ex>delet les</ex>
         <ex>et en
</ex>
         <ex>et rendoit
</ex>
         <ex>et loenges</ex>
         <ex>ceet puis</ex>
         <ex>et por
</ex>
         <ex>et a</ex>
         <ex>creanceet puis</ex>
         <ex>espreet lors</ex>
         <ex>et e</ex>
         <ex>doctrinastet enseignast</ex>
         <ex>ieet lors</ex>
         <ex>et a</ex>
         <ex>et ao</ex>
         <ex>et coment</ex>
         <ex>orzet coment</ex>
         <ex>et ensigniez.</ex>
         <ex>et garde.</ex>
         <ex>et chastem</ex>
         <ex>tet qe</ex>
         <ex>ucheoret si</ex>
         <ex>et desfaillies</ex>
         <ex>fianceet doit</ex>
         <ex>et del</ex>
         <ex>et del
</ex>
         <ex>et d</ex>
         <ex>espreet dont</ex>
         <ex>graceet si</ex>
         <ex>et bene</ex>
         <ex>et ait</ex>
         <ex>oset os</ex>
         <ex>reet qi</ex>
         <ex>et qi</ex>
         <ex>et si
</ex>
         <ex>et or</ex>
         <ex>et erais
</ex>
         <ex>et garde</ex>
         <ex>et ires</ex>
         <ex>et la</ex>
         <ex>establieet faite</ex>
         <ex>et tendi</ex>
         <ex>cielet fist</ex>
         <ex>et si</ex>
         <ex>mestreset qi</ex>
         <ex>nonet qi</ex>
         <ex>et estoient</ex>
         <ex>cielet crioient
</ex>
         <ex>ssentet si</ex>
         <ex>et si</ex>
         <ex>et la</ex>
         <ex>contreeset si</ex>
         <ex>parenzet obe</ex>
         <ex>et nostre</ex>
         <ex>et loerent.</ex>
         <ex> et esle</ex>
         <ex>membreset tantost
</ex>
         <ex>et sanez</ex>
         <ex>et si</ex>
         <ex>et por</ex>
         <ex>rirentet donerent</ex>
         <ex>clartet grant
</ex>
         <ex>et le</ex>
         <ex>clercet li</ex>
         <ex>zet mis</ex>
         <ex> et li</ex>
         <ex>ugleet cil</ex>
         <ex>et d</ex>
         <ex> et par
</ex>
         <ex>itet regne</ex>
         <ex>et olentiers</ex>
         <ex>et entendre</ex>
         <ex>et retenir</ex>
         <ex>et </ex>
         <ex>et les</ex>
         <ex>sontet aise</ex>
         <ex>et de
</ex>
         <ex>et de</ex>
         <ex>lonieet de</ex>
         <ex>et a</ex>
         <ex>et pris</ex>
         <ex>et par</ex>
         <ex>tormenzet par</ex>
         <ex>et geunes</ex>
         <ex>geuneset par</ex>
         <ex>et a</ex>
         <ex>confessorset mes</ex>
         <ex>et de</ex>
         <ex>et de</ex>
         <ex>et hauz</ex>
         <ex>et ri</ex>
         <ex>et a</ex>
         <ex>et sa</ex>
         <ex>et a</ex>
         <ex>hermitageet si</ex>
         <ex>et retraist</ex>
         <ex>et ensam</ex>
         <ex>et che</ex>
         <ex>et si</ex>
         <ex>et si</ex>
         <ex>paignonset dou</ex>
         <ex>ouret piti</ex>
         <ex>pitiet benignet</ex>
         <ex> et charit</ex>
         <ex>charitet pacience</ex>
         <ex>pacienceet bone
</ex>
         <ex>olentet hu</ex>
         <ex>mondeet si</ex>
         <ex>et si</ex>
         <ex>et de</ex>
         <ex>eoitet par</ex>
         <ex>tiers et portoient
</ex>
         <ex>et re</ex>
         <ex>baptesmeet si</ex>
         <ex>et paine.</ex>
         <ex>et les</ex>
         <ex>chetiset norrissoit</ex>
         <ex>besoigneuset re</ex>
         <ex>reet l</ex>
         <ex>et donoit</ex>
         <ex>reset a</ex>
         <ex>et besoigneus</ex>
         <ex>entet bien
</ex>
         <ex>et </ex>
         <ex>ozet li</ex>
         <ex>et besoigneuz</ex>
         <ex>et a
</ex>
         <ex>et donast</ex>
         <ex>fublet la</ex>
         <ex>et de</ex>
         <ex>reet l</ex>
         <ex>et mist
</ex>
         <ex>et gemirent</ex>
         <ex>et il
</ex>
         <ex>et affublez</ex>
         <ex>et cone</ex>
         <ex>et en</ex>
         <ex> et la</ex>
         <ex>ignor et por</ex>
         <ex>anzet si</ex>
         <ex>et fu</ex>
         <ex>et a</ex>
         <ex>et li</ex>
         <ex>alierset si</ex>
         <ex>lessieret de</ex>
         <ex>et si</ex>
         <ex>euet qe
</ex>
         <ex>eet cil</ex>
         <ex>et tes</ex>
         <ex>et d</ex>
         <ex>demeinet non</ex>
         <ex>et non</ex>
         <ex>antet tote</ex>
         <ex>et sanz
</ex>
         <ex>heaumeet el</ex>
         <ex>tresperceraiet trespasserai</ex>
         <ex>paiset si</ex>
         <ex>euset totes</ex>
         <ex>et les</ex>
         <ex>citet qi</ex>
         <ex>et de
</ex>
         <ex>et si</ex>
         <ex>pieceet </ex>
         <ex>et sa</ex>
         <ex>paienet si</ex>
         <ex>et de
</ex>
         <ex>et dolenz</ex>
         <ex>contreeet si</ex>
         <ex>et pro</ex>
         <ex>et robeor</ex>
         <ex>et seisi</ex>
         <ex>et a</ex>
         <ex>oieet puis</ex>
         <ex>estoitet de</ex>
         <ex>et s</ex>
         <ex>et en</ex>
         <ex>et dotance</ex>
         <ex>et les</ex>
         <ex>et a</ex>
         <ex>ignoret si</ex>
         <ex>oieet si</ex>
         <ex>pieceet molt</ex>
         <ex>et molt</ex>
         <ex> et si
</ex>
         <ex>loet a</ex>
         <ex>et pluisors</ex>
         <ex>s et mestre</ex>
         <ex>prestreset contre</ex>
         <ex>et eraies</ex>
         <ex>et batirent</ex>
         <ex>et le</ex>
         <ex>et la</ex>
         <ex>et pres</ex>
         <ex>arresteret por</ex>
         <ex>et apris</ex>
         <ex>et fie</ex>
         <ex>departizet ert</ex>
         <ex>annoncieret preechier</ex>
         <ex>et il</ex>
         <ex>cheailleet li</ex>
         <ex>et pro</ex>
         <ex>et pour</ex>
         <ex>et lor</ex>
         <ex>oientet si</ex>
         <ex>et a</ex>
         <ex>deet fu</ex>
         <ex>et apr</ex>
         <ex>eureet esqui</ex>
         <ex>et mena</ex>
         <ex>et preudome</ex>
         <ex>et de</ex>
         <ex>criet de</ex>
         <ex>estreet l</ex>
         <ex>et conta
</ex>
         <ex>cordeet tolue</ex>
         <ex>et fist</ex>
         <ex>estantet si</ex>
         <ex>homeet tuit</ex>
         <ex>et en</ex>
         <ex>prodomet sages</ex>
         <ex>et si</ex>
         <ex>issuet non</ex>
         <ex>et des</ex>
         <ex>et une</ex>
         <ex>eschiet qe</ex>
         <ex>pastoret go</ex>
         <ex>et li
</ex>
         <ex>esqeet es</ex>
         <ex>estuzet de</ex>
         <ex>reet ileinement</ex>
         <ex>et de</ex>
         <ex>et entendoit</ex>
         <ex>reet en</ex>
         <ex>et por</ex>
         <ex>et un</ex>
         <ex>et si</ex>
         <ex>eet de</ex>
         <ex>et d</ex>
         <ex>oieet cele</ex>
         <ex>luiet qi</ex>
         <ex>et sa</ex>
         <ex>sonceleset lor</ex>
         <ex> et doctrin</ex>
         <ex>escritureset a</ex>
         <ex>encelet li</ex>
         <ex>pereet si</ex>
         <ex>et en</ex>
         <ex>et dures.</ex>
         <ex>eset moles</ex>
         <ex>olentezet lor
</ex>
         <ex> et a</ex>
         <ex>et seins</ex>
         <ex>diteet tout</ex>
         <ex>et a</ex>
         <ex>et signorie</ex>
         <ex>siecleset a</ex>
         <ex>mortet doutoient.</ex>
         <ex>et les</ex>
         <ex>pereet lor</ex>
         <ex>et dire</ex>
         <ex>orissonset a</ex>
         <ex>contreeet si</ex>
         <ex>et fere</ex>
         <ex>et clart</ex>
         <ex>clartet lumiere.</ex>
         <ex>beleet mout</ex>
         <ex>et q</ex>
         <ex>et sanz</ex>
         <ex>et les</ex>
         <ex>nonet en</ex>
         <ex>et mart</ex>
         <ex>et par</ex>
         <ex>et a</ex>
         <ex>et demostrast</ex>
         <ex>et sa</ex>
         <ex>et de</ex>
         <ex>et hisdeus
</ex>
         <ex>et cruel</ex>
         <ex>nonet de</ex>
         <ex>parlaet si</ex>
         <ex>apelezet si</ex>
         <ex> lerreset ensamble</ex>
         <ex>frereset a</ex>
         <ex>eet lors</ex>
         <ex>despechieret desfere.</ex>
         <ex>et de</ex>
         <ex>ret cil</ex>
         <ex>doelet grant</ex>
         <ex>et s</ex>
         <ex>et a</ex>
         <ex>et en</ex>
         <ex>ssentet q</ex>
         <ex>et esmer</ex>
         <ex>et qe</ex>
         <ex>et d</ex>
         <ex>aoroientet faisoient</ex>
         <ex>et de</ex>
         <ex>et droit</ex>
         <ex>et lonc</ex>
         <ex>paieneet les</ex>
         <ex>abatistet encore</ex>
         <ex>sacret bene</ex>
         <ex>beneet q</ex>
         <ex>et honorassent.</ex>
         <ex>et a</ex>
         <ex>et lui</ex>
         <ex>et ensi</ex>
         <ex>et abatre</ex>
         <ex>et bene</ex>
         <ex>et por</ex>
         <ex>et si</ex>
         <ex>et mostres
</ex>
         <ex>et contes</ex>
         <ex>oiret s</ex>
         <ex>feireet qe</ex>
         <ex>et che</ex>
         <ex>ensambleet a</ex>
         <ex>bienet si</ex>
         <ex>et con</ex>
         <ex>et lor</ex>
         <ex>et pendoit</ex>
         <ex>liementet a</ex>
         <ex>et de
</ex>
         <ex>loinget si</ex>
         <ex>et esperdu</ex>
         <ex>et sanz</ex>
         <ex>et a</ex>
         <ex>et pesanz</ex>
         <ex>pesanzet de</ex>
         <ex>et grant</ex>
         <ex>eet li</ex>
         <ex>et a</ex>
         <ex>ignoret si</ex>
         <ex>et lor</ex>
         <ex>exempleset par</ex>
         <ex>et lor</ex>
         <ex>et faisoit</ex>
         <ex>et autieus</ex>
         <ex>loet </ex>
         <ex>et paien</ex>
         <ex>et cil</ex>
         <ex>orisonset lor</ex>
         <ex>et a</ex>
         <ex>et celebrees.
</ex>
         <ex>et destruire.</ex>
         <ex>pleinet la</ex>
         <ex>et granz</ex>
         <ex>entet se</ex>
         <ex>et li</ex>
         <ex>et destruiz</ex>
         <ex>destruizet que</ex>
         <ex> et sau</ex>
         <ex>celleet a</ex>
         <ex>mostieret la</ex>
         <ex>et en</ex>
         <ex>et a</ex>
         <ex>et descon</ex>
         <ex>et qe</ex>
         <ex>et des</ex>
         <ex>et totes
</ex>
         <ex>et tuit</ex>
         <ex>et en</ex>
         <ex>et espoent</ex>
         <ex>et crurent.</ex>
         <ex>oizet distrent</ex>
         <ex>et aoroit</ex>
         <ex>et croire</ex>
         <ex>et les</ex>
         <ex>et despire.</ex>
         <ex>et en</ex>
         <ex>et sanz
</ex>
         <ex>douteet li</ex>
         <ex>et maumis.</ex>
         <ex>et a</ex>
         <ex>et a</ex>
         <ex>et formee</ex>
         <ex>et bien
</ex>
         <ex>et a</ex>
         <ex>et grant</ex>
         <ex>et ocirre.</ex>
         <ex>et che</ex>
         <ex>exampleset tieus</ex>
         <ex>miracleset par</ex>
         <ex>eritet q</ex>
         <ex>et lor</ex>
         <ex>et depecier.</ex>
         <ex>et tieus</ex>
         <ex>et curer
</ex>
         <ex>et entendre.</ex>
         <ex>membreset si</ex>
         <ex>et si</ex>
         <ex>et entendi</ex>
         <ex>et a</ex>
         <ex>assemblezet pluisors</ex>
         <ex>amoientet a</ex>
         <ex>et entendre</ex>
         <ex>et perist</ex>
         <ex>itet de</ex>
         <ex>et ce</ex>
         <ex>et a</ex>
         <ex>et a</ex>
         <ex>et cil</ex>
         <ex>seleet granz</ex>
         <ex>et atendoient</ex>
         <ex>et sa</ex>
         <ex>et seigna</ex>
         <ex>puceleet tantost</ex>
         <ex>ignoret tuit</ex>
         <ex>droiteet </ex>
         <ex> et curee</ex>
         <ex>et tiesmo</ex>
         <ex>et gre</ex>
         <ex>et sanez.</ex>
         <ex>denzet crioit</ex>
         <ex>et demenoit
</ex>
         <ex>et si</ex>
         <ex>estoitet tant</ex>
         <ex>et si</ex>
         <ex>et tel</ex>
         <ex>presignieret apr</ex>
         <ex>set toz</ex>
         <ex>et par</ex>
         <ex>homeet la</ex>
         <ex>et aguetier</ex>
         <ex>et mout
</ex>
         <ex>et tenist</ex>
         <ex>estoitet entra</ex>
         <ex>dolantet mout
</ex>
         <ex>et ocirre</ex>
         <ex>pooret sanz</ex>
         <ex>et q</ex>
         <ex>fremiret a</ex>
         <ex>et a</ex>
         <ex>et si</ex>
         <ex>et mengue.</ex>
         <ex>chautet tout</ex>
         <ex>dedenzet ne</ex>
         <ex>derrierset de</ex>
         <ex>et molt</ex>
         <ex>esmaieet torblee
</ex>
         <ex>et confondre.</ex>
         <ex>et en</ex>
         <ex>et dist</ex>
         <ex>et en</ex>
         <ex>et escoutoit</ex>
         <ex>deableset li</ex>
         <ex>estoientet fors</ex>
         <ex>et ses</ex>
         <ex>et la</ex>
         <ex>et le
</ex>
         <ex>et bene</ex>
         <ex>et o</ex>
         <ex>et mondez</ex>
         <ex>et en</ex>
         <ex>ignoret au</ex>
         <ex>oezet entendez</ex>
         <ex>et corrompue</ex>
         <ex>qarteineset par</ex>
         <ex>puceleet en</ex>
         <ex>guerieet mondee</ex>
         <ex>et irge.</ex>
         <ex>et bene</ex>
         <ex>oitet la</ex>
         <ex>reeet li
</ex>
         <ex>et si</ex>
         <ex>et re</ex>
         <ex>et del</ex>
         <ex>combrisiezet si</ex>
         <ex>nuitet il</ex>
         <ex>et si</ex>
         <ex>lendemeinet si</ex>
         <ex>et de
</ex>
         <ex>pluiseurset ra</ex>
         <ex>genzet puis</ex>
         <ex>reset le</ex>
         <ex>et il</ex>
         <ex>guerissonset ocioit</ex>
         <ex>et sanz</ex>
         <ex>et dist</ex>
         <ex>et par
</ex>
         <ex>batailleet ce</ex>
         <ex>desfendreet por</ex>
         <ex>mostreeset tante</ex>
         <ex>et grant</ex>
         <ex>et l</ex>
         <ex>meset de</ex>
         <ex>et en
</ex>
         <ex>butet tantost</ex>
         <ex>et enuz</ex>
         <ex>street li</ex>
         <ex>lignieet acompliz</ex>
         <ex>et couce</ex>
         <ex>et el</ex>
         <ex>matet confus</ex>
         <ex>et tel
</ex>
         <ex>et tel</ex>
         <ex>et matin.</ex>
         <ex>et conter</ex>
         <ex>maniereet si</ex>
         <ex>et a</ex>
         <ex>estoientet molt</ex>
         <ex>et cont</ex>
         <ex>et requis.</ex>
         <ex>et destruiz</ex>
         <ex>et qi</ex>
         <ex>et desconfiz</ex>
         <ex>et si</ex>
         <ex>pereoret tant</ex>
         <ex>et tant
</ex>
         <ex>et entendez
</ex>
         <ex>foizet si</ex>
         <ex>et si</ex>
         <ex>et molt</ex>
         <ex>et a</ex>
         <ex>et fere</ex>
         <ex>et tolue
</ex>
         <ex>parleret il</ex>
         <ex>reset si</ex>
         <ex>et cont</ex>
         <ex>mandaet dist</ex>
         <ex>et cerchassent</ex>
         <ex>doleuret ceste</ex>
         <ex>et cerche</ex>
         <ex>et puis</ex>
         <ex>forestet si</ex>
         <ex>ouet qant</ex>
         <ex>et entendre</ex>
         <ex>et qi</ex>
         <ex> et dit</ex>
         <ex>et apa</ex>
         <ex>et de</ex>
         <ex> et ce</ex>
         <ex>et sa</ex>
         <ex>et sa</ex>
         <ex>paroleset si</ex>
         <ex>et deguerpi</ex>
         <ex> et puis</ex>
         <ex>et ses</ex>
         <ex>fezet les</ex>
         <ex>et si</ex>
         <ex>et les</ex>
         <ex>et la</ex>
         <ex>ieet si</ex>
         <ex>et leis</ex>
         <ex>et misericorde.</ex>
         <ex>et entendre</ex>
         <ex>et a</ex>
         <ex>et sermonoit</ex>
         <ex>et sa</ex>
         <ex>apelezet l</ex>
         <ex>oitet t</ex>
         <ex>reset por</ex>
         <ex>ieet tant</ex>
         <ex>et de</ex>
         <ex>et la</ex>
         <ex>et une</ex>
         <ex>demoranceet non</ex>
         <ex>et lor</ex>
         <ex>et si</ex>
         <ex> et en</ex>
         <ex>compaignieet cil
</ex>
         <ex>creanceet par</ex>
         <ex>loet de</ex>
         <ex>et eu</ex>
         <ex>euet portoient
</ex>
         <ex>et de</ex>
         <ex>estoitet qi</ex>
         <ex>et entendi</ex>
         <ex>friret si</ex>
         <ex>luiet par</ex>
         <ex> et entendi</ex>
         <ex>et tra</ex>
         <ex>miseet cele</ex>
         <ex>estueet par</ex>
         <ex>et conisteroiz</ex>
         <ex>elleet si
</ex>
         <ex>et entendre.</ex>
         <ex>et grant
</ex>
         <ex>et la</ex>
         <ex>eoitet mur</ex>
         <ex>autreset me</ex>
         <ex>estueet por</ex>
         <ex>et molt</ex>
         <ex>et molt</ex>
         <ex>iolset taster</ex>
         <ex>zet nepor</ex>
         <ex>et a</ex>
         <ex>et a</ex>
         <ex>pooitet si</ex>
         <ex>et </ex>
         <ex>et a</ex>
         <ex>ienentet de</ex>
         <ex>et eoir</ex>
         <ex>et die</ex>
         <ex>seuset li</ex>
         <ex>maniereet si
</ex>
         <ex>reet corone</ex>
         <ex>pierreset chau</ex>
         <ex>doreeet molt</ex>
         <ex>et de</ex>
         <ex>et de</ex>
         <ex> et por</ex>
         <ex>et si</ex>
         <ex>direet apr</ex>
         <ex>et corone</ex>
         <ex>et en</ex>
         <ex>mortet a</ex>
         <ex>oizet cele</ex>
         <ex>reet la</ex>
         <ex> et dit</ex>
         <ex>neset si</ex>
         <ex>et de</ex>
         <ex>biet raconterai</ex>
         <ex>gieret c</ex>
         <ex>piezet si</ex>
         <ex>et pechi</ex>
         <ex>et de</ex>
         <ex>siecleet qe
</ex>
         <ex>direet i</ex>
         <ex>et dire</ex>
         <ex>direet dont</ex>
         <ex>pluiseurset resuscitoit</ex>
         <ex>morset a</ex>
         <ex>et les
</ex>
         <ex>fuiet qi</ex>
         <ex>et dire.</ex>
         <ex>et por
</ex>
         <ex>set de</ex>
         <ex>et fesoit</ex>
         <ex>et gesir</ex>
         <ex>gesiret si</ex>
         <ex>estoitet oste</ex>
         <ex>et il</ex>
         <ex>et li
</ex>
         <ex>et la</ex>
         <ex>et si
</ex>
         <ex>et une
</ex>
         <ex>estet li</ex>
         <ex>ardoiret a</ex>
         <ex>et destraignoit</ex>
         <ex>et serrez</ex>
         <ex>et si</ex>
         <ex>sonset si</ex>
         <ex>foiet par</ex>
         <ex>desfermeret il
</ex>
         <ex>croizet ses</ex>
         <ex>entendreet sa</ex>
         <ex>definaet lessa</ex>
         <ex>decipleset a</ex>
         <ex>entreet </ex>
         <ex>oientet cha</ex>
         <ex>et men</ex>
         <ex>et si</ex>
         <ex>entet si</ex>
         <ex>et qant
</ex>
         <ex>et les</ex>
         <ex>leuet si</ex>
         <ex>et entendre</ex>
         <ex>et as
</ex>
         <ex>montaigneset li</ex>
         <ex>oitet la</ex>
         <ex>et grant</ex>
         <ex>demeneret se</ex>
         <ex>oizet si</ex>
         <ex>et descon</ex>
         <ex>saufet si</ex>
         <ex>et de</ex>
         <ex>et si</ex>
         <ex>ignoret a</ex>
         <ex>et faire.</ex>
         <ex>et en</ex>
         <ex>et seur</ex>
         <ex>et les</ex>
         <ex>cielet si</ex>
         <ex>et de</ex>
         <ex>lumiereet tot</ex>
         <ex>et tant</ex>
         <ex>indrentet tuit</ex>
         <ex>et as</ex>
         <ex>oieset me</ex>
         <ex>demenoientet com</ex>
         <ex>et assamblez</ex>
         <ex>et emis</ex>
         <ex>reet i</ex>
         <ex>et chantees.</ex>
         <ex>et un
</ex>
         <ex>eageet au</ex>
         <ex>deet si</ex>
         <ex>contet dit.</ex>
         <ex>aet il</ex>
         <ex>deet cil</ex>
         <ex>euset une</ex>
         <ex>oloientet si</ex>
         <ex>neet si</ex>
         <ex>et olons</ex>
         <ex>mondeet parti</ex>
         <ex>iandeset si</ex>
         <ex>onset esleeciez</ex>
         <ex>ertuzet de</ex>
         <ex>et doi</ex>
         <ex>entet nous</ex>
         <ex>deet si</ex>
         <ex>morzet a</ex>
         <ex>et pro</ex>
         <ex>et droiture</ex>
         <ex>et a</ex>
         <ex>loet l</ex>
         <ex>et la
</ex>
         <ex>et li</ex>
         <ex>et distrent</ex>
         <ex>et de</ex>
         <ex>nefet toutes</ex>
         <ex>confuzet repeirierent</ex>
         <ex>et de</ex>
         <ex>et entendue.</ex>
         <ex>et de</ex>
         <ex>et de</ex>
         <ex>et mout</ex>
         <ex>matineset de</ex>
         <ex>et de</ex>
         <ex>oet entendi</ex>
         <ex>et ent</ex>
         <ex>encoreet si</ex>
         <ex>tendreet les</ex>
         <ex>et por</ex>
         <ex>et li
</ex>
         <ex>acreset si</ex>
         <ex>et par
</ex>
         <ex>et entendoit</ex>
         <ex>et la</ex>
         <ex>et si</ex>
         <ex>et e</ex>
         <ex>ieet por</ex>
         <ex>et demeinent</ex>
         <ex> et entendu</ex>
         <ex>et lor</ex>
         <ex>sesiret prendre</ex>
         <ex>et confuz</ex>
         <ex>et tristres.</ex>
         <ex>et l</ex>
         <ex>et puis</ex>
         <ex>et isnielement</ex>
         <ex>et ent</ex>
         <ex>et florie.</ex>
         <ex>et il</ex>
         <ex>et finee</ex>
         <ex>fineeet cil</ex>
         <ex>et ennuiez</ex>
         <ex>troublezet bien</ex>
         <ex>ensambleet mout</ex>
         <ex>et l</ex>
         <ex>preudomet seinz</ex>
         <ex>homet bene</ex>
         <ex>et les</ex>
         <ex>enoientet cui</ex>
         <ex>confonduzet seinte</ex>
         <ex>enforcieet qi</ex>
         <ex>geleset la</ex>
         <ex>irgeset qi</ex>
         <ex>et leesche</ex>
         <ex>et crieres</ex>
         <ex>et regne</ex>
         <ex>homet de</ex>
         <ex> et en</ex>
         <ex>et plus</ex>
         <ex>estudeet molt
</ex>
         <ex>et consomee</ex>
         <ex>et dire</ex>
         <ex>et somee</ex>
         <ex>et toz</ex>
         <ex>et les</ex>
         <ex>et les</ex>
         <ex>et bene</ex>
         <ex>ret por</ex>
         <ex>et metre</ex>
         <ex>et a</ex>
         <ex>antet qant</ex>
         <ex>sarquet puis</ex>
         <ex>et por</ex>
         <ex>dolenzet si</ex>
         <ex>et molt
</ex>
         <ex>et si</ex>
         <ex>esqiet ceste</ex>
         <ex>et li
</ex>
         <ex>et en</ex>
         <ex>et en</ex>
         <ex>et por</ex>
         <ex>elset il</ex>
         <ex>estoitet il</ex>
         <ex>abbeset puis</ex>
         <ex>laet lor</ex>
         <ex>oset por</ex>
         <ex>et tristre</ex>
         <ex>reet li</ex>
         <ex>et li</ex>
         <ex>esqeet les</ex>
         <ex>et les</ex>
         <ex>et cierges</ex>
         <ex>chanteret si</ex>
         <ex>et misent</ex>
         <ex>et assis</ex>
         <ex>nonet la</ex>
         <ex>chanteeet il</ex>
         <ex>set si</ex>
         <ex> et dit</ex>
         <ex>eet qe</ex>
         <ex>autruiet ce</ex>
         <ex>et regne</ex>
         <ex>eet essaucie</ex>
         <ex>essaucieet qe</ex>
         <ex>et </ex>
         <ex> et en</ex>
         <ex>et nessent.</ex>
         <ex> et la</ex>
         <ex> et de</ex>
         <ex>contreeet mout</ex>
         <ex>oiret de</ex>
         <ex>et de</ex>
         <ex>et de
</ex>
         <ex>et cremoit</ex>
         <ex>et mout</ex>
         <ex>euet ser</ex>
         <ex>et de</ex>
         <ex>set so</ex>
         <ex>et dont</ex>
         <ex>et les</ex>
         <ex>eset les</ex>
         <ex>et les</ex>
         <ex>mengiet il</ex>
         <ex>et si
</ex>
         <ex>et e</ex>
         <ex>et en</ex>
         <ex>et chas</ex>
         <ex> et si
</ex>
         <ex>et si</ex>
         <ex>et mon</ex>
         <ex>contet dit</ex>
         <ex> et </ex>
         <ex>et mi</ex>
         <ex>sericorset qi</ex>
         <ex>et ape</ex>
         <ex>et entendre.</ex>
         <ex>et droiture.</ex>
         <ex>pereset la</ex>
         <ex>et le</ex>
         <ex>et amenda</ex>
         <ex>et la</ex>
         <ex>et par</ex>
         <ex>et rectori</ex>
         <ex>et di</ex>
         <ex>enfeset bien</ex>
         <ex>et ama</ex>
         <ex>reatouret son</ex>
         <ex>et entendans</ex>
         <ex>femeet si</ex>
         <ex>filet si</ex>
         <ex>oieet m</ex>
         <ex>esleeceet l</ex>
         <ex>et les</ex>
         <ex>estoitet furent</ex>
         <ex>mostieret menez</ex>
         <ex>et en</ex>
         <ex>et g</ex>
         <ex>et sa
</ex>
         <ex> et de</ex>
         <ex>et de</ex>
         <ex>et une</ex>
         <ex>et si
</ex>
         <ex>gardezet nostre
</ex>
         <ex>et retint.</ex>
         <ex>et argent</ex>
         <ex>plotet se</ex>
         <ex>et fors
</ex>
         <ex>saleet ala</ex>
         <ex>dedenzet na</ex>
         <ex>citet ala</ex>
         <ex>et si</ex>
         <ex>et dona</ex>
         <ex>et a</ex>
         <ex>reset le</ex>
         <ex>et dona</ex>
         <ex>ignoret dont</ex>
         <ex>aumosneset ce</ex>
         <ex>penseeet estoit</ex>
         <ex>et en</ex>
         <ex>et en</ex>
         <ex> et dit</ex>
         <ex>et demanda
</ex>
         <ex>ilet si</ex>
         <ex>et si</ex>
         <ex>et misericors
</ex>
         <ex>et secorables.</ex>
         <ex>et di</ex>
         <ex>direet gisoit
</ex>
         <ex>et disoit</ex>
         <ex>ignoret en</ex>
         <ex>ignoret li</ex>
         <ex>luiet la</ex>
         <ex>ditet parl</ex>
         <ex>celuiet cil</ex>
         <ex>et proia
</ex>
         <ex>demostrastet ensignast
</ex>
         <ex>misericordeet nostre</ex>
         <ex>eglisseet puis</ex>
         <ex>estoitet de</ex>
         <ex>et dist</ex>
         <ex>et pleinz
</ex>
         <ex>paroleset li</ex>
         <ex>et amener</ex>
         <ex>et sot</ex>
         <ex>et depueplez</ex>
         <ex>contreeet par</ex>
         <ex>et li</ex>
         <ex>et se</ex>
         <ex>portet tant</ex>
         <ex>terreet si</ex>
         <ex>empereoret ensemble</ex>
         <ex>luiet si</ex>
         <ex>et piti</ex>
         <ex>et misericor</ex>
         <ex>et besoigneus</ex>
         <ex>et si</ex>
         <ex>et done</ex>
         <ex>ieet si</ex>
         <ex>et oelle</ex>
         <ex>et raemplir</ex>
         <ex>et si</ex>
         <ex>et li</ex>
         <ex>et si</ex>
         <ex>et istrai</ex>
         <ex>oieet si</ex>
         <ex>maniereet si</ex>
         <ex>et men</ex>
         <ex>et dire</ex>
         <ex>et menoit</ex>
         <ex>et si</ex>
         <ex>et par
</ex>
         <ex>et atendrai</ex>
         <ex>et l</ex>
         <ex>et menoit</ex>
         <ex>entet qi</ex>
         <ex>anuizet de</ex>
         <ex>et les</ex>
         <ex>et le</ex>
         <ex>et sa</ex>
         <ex>et en</ex>
         <ex>et ceste</ex>
         <ex>et metre</ex>
         <ex>et departir</ex>
         <ex>et enque</ex>
         <ex>et pene</ex>
         <ex>ieet ment</ex>
         <ex>et esploiti</ex>
         <ex>esploitiet coment</ex>
         <ex>et coment</ex>
         <ex>oret la</ex>
         <ex>et de</ex>
         <ex>et la</ex>
         <ex>et li</ex>
         <ex>eilliezet qi</ex>
         <ex>esteset e</ex>
         <ex>et assoa</ex>
         <ex>et s</ex>
         <ex>et en</ex>
         <ex>euet si</ex>
         <ex>remestet trespassa</ex>
         <ex>et li</ex>
         <ex>et tuit</ex>
         <ex>maladeset rendoit</ex>
         <ex>et nuit</ex>
         <ex>et loenges</ex>
         <ex>loengeset li</ex>
         <ex>et pardon</ex>
         <ex>pechiezet qu</ex>
         <ex>ameet li
</ex>
         <ex>oieet a</ex>
         <ex>empereoret li
</ex>
         <ex>et enseignie.</ex>
         <ex>eet si</ex>
         <ex> et si</ex>
         <ex>et la</ex>
         <ex>signorieet si</ex>
         <ex>et dist</ex>
         <ex>et por</ex>
         <ex>et embraser</ex>
         <ex>et si</ex>
         <ex>et qieus</ex>
         <ex>et de</ex>
         <ex>eoitet qe</ex>
         <ex>et grant</ex>
         <ex>orissonset en
</ex>
         <ex>gaboientet assailloient</ex>
         <ex>et il
</ex>
         <ex>et trespassez</ex>
         <ex>et aussint</ex>
         <ex>resplendissanzet en</ex>
         <ex>et lire</ex>
         <ex>et si</ex>
         <ex>mesonet ore</ex>
         <ex>morzet tenoit</ex>
         <ex>richementet si</ex>
         <ex>tet ensemble</ex>
         <ex>et tuit</ex>
         <ex>omeet granz</ex>
         <ex>pereorset ci</ex>
         <ex>et q</ex>
         <ex>meinet lor</ex>
         <ex>et li</ex>
         <ex>et esponst</ex>
         <ex>reset si</ex>
         <ex>euset se</ex>
         <ex>plorantet criant</ex>
         <ex>et si
</ex>
         <ex>eet quel
</ex>
         <ex>pasmaet de</ex>
         <ex>et sostenue.</ex>
         <ex>descireret a</ex>
         <ex>eneorset ses
</ex>
         <ex>forseneeet regardoit
</ex>
         <ex>et a</ex>
         <ex>et cui</ex>
         <ex>et redemenoit</ex>
         <ex>oiset si</ex>
         <ex>et toutes</ex>
         <ex>et plorez</ex>
         <ex>et demenez</ex>
         <ex>et disoit</ex>
         <ex>et moi</ex>
         <ex>oset si</ex>
         <ex>et confortoient
</ex>
         <ex>et ploroit</ex>
         <ex>et a</ex>
         <ex>et si
</ex>
         <ex>et la</ex>
         <ex>et esmer</ex>
         <ex>et si</ex>
         <ex>et a</ex>
         <ex>mereet a</ex>
         <ex>citet si</ex>
         <ex>et dire</ex>
         <ex> et cil</ex>
         <ex>maladieset languereus</ex>
         <ex>et ooient</ex>
         <ex> et  </ex>
         <ex>et argent</ex>
         <ex>reet la</ex>
         <ex>et li</ex>
         <ex>et a</ex>
         <ex>et loenges</ex>
         <ex> et d</ex>
         <ex>et d</ex>
         <ex>tet de</ex>
         <ex>et mistrent</ex>
         <ex>et fet</ex>
         <ex> et </ex>
         <ex>mentet par</ex>
         <ex>atentet qi</ex>
         <ex>zet a</ex>
         <ex>eslongentet ser</ex>
         <ex>et pai</ex>
         <ex>irontet a</ex>
         <ex>et o</ex>
         <ex>et o</ex>
         <ex>et o</ex>
         <ex>et en</ex>
         <ex>tendreet la</ex>
         <ex>et regne</ex>
         <ex>entendieet o</ex>
         <ex>racontentet dient
</ex>
         <ex>et les</ex>
         <ex>et por</ex>
         <ex>et qi</ex>
         <ex>et sa</ex>
         <ex>et andui</ex>
         <ex>et ser</ex>
         <ex>et amer</ex>
         <ex>escoleet li</ex>
         <ex>et del</ex>
         <ex>gieet si</ex>
         <ex>et misericorde</ex>
         <ex>et oieus</ex>
         <ex>et l</ex>
         <ex>et sa</ex>
         <ex>et sa</ex>
         <ex>morurentet de</ex>
         <ex> et dona</ex>
         <ex>et en</ex>
         <ex>celuiet lors</ex>
         <ex> et par</ex>
         <ex>et gueriz.</ex>
         <ex>et muiant</ex>
         <ex>muiantet cil</ex>
         <ex>oientet li</ex>
         <ex>conselet a</ex>
         <ex>deet il</ex>
         <ex>metezet secoroit</ex>
         <ex>et esparse</ex>
         <ex>et sa</ex>
         <ex>contreeet trespasse</ex>
         <ex>et menroit</ex>
         <ex>et en</ex>
         <ex>et cil</ex>
         <ex> et deli</ex>
         <ex>estoitet por</ex>
         <ex>et q</ex>
         <ex>et pooir.</ex>
         <ex>piezet si
</ex>
         <ex>estionset qi</ex>
         <ex>corset amenisterrons</ex>
         <ex>liezet bene</ex>
         <ex>ignoret rendi</ex>
         <ex>et a</ex>
         <ex>et ses
</ex>
         <ex>liezet heitiez</ex>
         <ex>et li</ex>
         <ex>et droituriers</ex>
         <ex>et mis</ex>
         <ex>et nuiz</ex>
         <ex>et a</ex>
         <ex>et autres</ex>
         <ex>feteet qant</ex>
         <ex> et quel</ex>
         <ex>et escu</ex>
         <ex>et d</ex>
         <ex>et de</ex>
         <ex>et ni</ex>
         <ex>ieet puis</ex>
         <ex>et apr</ex>
         <ex>et l</ex>
         <ex>et puis</ex>
         <ex>entet alerent</ex>
         <ex>et menoit</ex>
         <ex>homeet por
</ex>
         <ex>et herber</ex>
         <ex>et donees</ex>
         <ex>et sanee</ex>
         <ex>et tant</ex>
         <ex>esqeset il</ex>
         <ex>et si</ex>
         <ex>luiet 
</ex>
         <ex>enerationet li</ex>
         <ex>esqeet qant</ex>
         <ex>et por</ex>
         <ex>et misericorz</ex>
         <ex>et par</ex>
         <ex>et bien
</ex>
         <ex>et alez</ex>
         <ex>et ostas</ex>
         <ex>et qi</ex>
         <ex>et molt</ex>
         <ex>plorantet tant</ex>
         <ex>et de</ex>
         <ex>ageet si
</ex>
         <ex>et pure</ex>
         <ex>et ren</ex>
         <ex>et atornee</ex>
         <ex>et de</ex>
         <ex>et meintenant</ex>
         <ex>et plus</ex>
         <ex>et comencie</ex>
         <ex>eet ele
</ex>
         <ex>et d</ex>
         <ex>et le</ex>
         <ex>et les</ex>
         <ex>orset si</ex>
         <ex>et la</ex>
         <ex>et ge</ex>
         <ex>et de</ex>
         <ex>ignoret si</ex>
         <ex>apaisastet si</ex>
         <ex>acostumeeet tuit</ex>
         <ex>et ne</ex>
         <ex>et dis</ex>
         <ex>et li
</ex>
         <ex>et de</ex>
         <ex>et de</ex>
         <ex>et por
</ex>
         <ex>fereet ele</ex>
         <ex>et bien</ex>
         <ex>et li</ex>
         <ex>et li</ex>
         <ex>reposteet aombree</ex>
         <ex>boiset de</ex>
         <ex>et a</ex>
         <ex>et plai</ex>
         <ex>et ses</ex>
         <ex> et en
</ex>
         <ex>et li</ex>
         <ex> et il</ex>
         <ex>estoitet de</ex>
         <ex>contreeet por</ex>
         <ex>et qi</ex>
         <ex> et na</ex>
         <ex>et le</ex>
         <ex>et l</ex>
         <ex>enet coment</ex>
         <ex>roiset li</ex>
         <ex>piezet si</ex>
         <ex>mesfetet si</ex>
         <ex>et despenses</ex>
         <ex>pardonastet si</ex>
         <ex>et li</ex>
         <ex>orissonset apr</ex>
         <ex>et por</ex>
         <ex>paroleset si</ex>
         <ex>et oloit
</ex>
         <ex>et granz</ex>
         <ex>et qi</ex>
         <ex>et or.</ex>
         <ex>paistreset go</ex>
         <ex>et par</ex>
         <ex>et par</ex>
         <ex>apostreet l</ex>
         <ex>et en</ex>
         <ex>et en</ex>
         <ex>et seint</ex>
         <ex>et a</ex>
         <ex>aet li</ex>
         <ex>terreet por</ex>
         <ex>et do</ex>
         <ex>moineset de</ex>
         <ex>regneet meesmement</ex>
         <ex>et par</ex>
         <ex>et par
</ex>
         <ex>et qu</ex>
         <ex>et mena
</ex>
         <ex>et par</ex>
         <ex>et ho</ex>
         <ex>luiet la</ex>
         <ex>et si</ex>
         <ex>et manda</ex>
         <ex>choseset tant</ex>
         <ex>et si</ex>
         <ex>et de</ex>
         <ex>et si</ex>
         <ex>et heiti</ex>
         <ex>racontezet si</ex>
         <ex>et de</ex>
         <ex>et de</ex>
         <ex>cleset del</ex>
         <ex>et il</ex>
         <ex>fetet q</ex>
         <ex>solementet le</ex>
         <ex>deguerpissoitet au</ex>
         <ex>et le</ex>
         <ex>piezet si</ex>
         <ex>proiereet li</ex>
         <ex>eet il</ex>
         <ex>et tel</ex>
         <ex> et de</ex>
         <ex>apostreset por</ex>
         <ex>apostoileet si</ex>
         <ex>graceset si</ex>
         <ex>et puis</ex>
         <ex>et si</ex>
         <ex>et por</ex>
         <ex>et dist</ex>
         <ex>meret qi</ex>
         <ex>et par</ex>
         <ex>et par</ex>
         <ex>et sanz</ex>
         <ex>et metre</ex>
         <ex> et por
</ex>
         <ex>et en</ex>
         <ex>et en</ex>
         <ex>tenset il</ex>
         <ex>et or</ex>
         <ex>finet il</ex>
         <ex>et dist</ex>
         <ex>espiritueuset si</ex>
         <ex>et ala</ex>
         <ex> et deguerpi</ex>
         <ex>siecleet re</ex>
         <ex>et la
</ex>
         <ex>et requerons</ex>
         <ex>et secorre</ex>
         <ex>et le</ex>
         <ex>et regne</ex>
         <ex>et enten</ex>
         <ex>et croit</ex>
         <ex>et les</ex>
         <ex>et droiture</ex>
         <ex>et che</ex>
         <ex>et puceles
</ex>
         <ex>et dire</ex>
         <ex>et pueplee</ex>
         <ex>et la</ex>
         <ex>et les
</ex>
         <ex>richesceset de</ex>
         <ex>et de</ex>
         <ex>et lor</ex>
         <ex>proiereset si</ex>
         <ex>et la</ex>
         <ex>et le</ex>
         <ex>foieet atant</ex>
         <ex>et il</ex>
         <ex>et sa</ex>
         <ex>seet si</ex>
         <ex>et retenoit</ex>
         <ex>et dire</ex>
         <ex>et de</ex>
         <ex>et tant</ex>
         <ex>et sa</ex>
         <ex>et lor
</ex>
         <ex>et conseillier</ex>
         <ex>et puce</ex>
         <ex>et cui</ex>
         <ex>et sostenoient.</ex>
         <ex>et po</ex>
         <ex>ilet eles</ex>
         <ex>pechiet de</ex>
         <ex>chemiseet ala</ex>
         <ex>coiementet pui</ex>
         <ex>et lez</ex>
         <ex>et si</ex>
         <ex>et establies</ex>
         <ex>et qi</ex>
         <ex>et qe</ex>
         <ex>homeset qe</ex>
         <ex>et disoit</ex>
         <ex>gardaet it</ex>
         <ex>et a</ex>
         <ex>toiet si</ex>
         <ex>et humles
</ex>
         <ex>et si</ex>
         <ex>rendueet si
</ex>
         <ex>et donoit</ex>
         <ex>et or</ex>
         <ex>et nuit</ex>
         <ex>et de
</ex>
         <ex> et de</ex>
         <ex>et a</ex>
         <ex>et cont</ex>
         <ex>contet li</ex>
         <ex>et son</ex>
         <ex>homet religieus</ex>
         <ex>religieuset a</ex>
         <ex> et li</ex>
         <ex>eslectionet proierent</ex>
         <ex>et a</ex>
         <ex>et a</ex>
         <ex>et clers</ex>
         <ex>et en</ex>
         <ex>et ensignier</ex>
         <ex>puepleet l</ex>
         <ex>amonestet proierent</ex>
         <ex>eschiet ententis</ex>
         <ex>forset s</ex>
         <ex>glisseet celui</ex>
         <ex>et si</ex>
         <ex>esqeet si</ex>
         <ex>oet si</ex>
         <ex>et en</ex>
         <ex>orissonset il</ex>
         <ex>fistet a</ex>
         <ex>oiastet si</ex>
         <ex>pristet si</ex>
         <ex>et dous
</ex>
         <ex>chiefet si</ex>
         <ex>et si</ex>
         <ex>oieet nostre</ex>
         <ex>et a</ex>
         <ex>donet dont</ex>
         <ex>et l</ex>
         <ex>chaereet l</ex>
         <ex>et costume</ex>
         <ex>durementet bien</ex>
         <ex>et de</ex>
         <ex>charitet cele
</ex>
         <ex>et amegrissoit</ex>
         <ex>euneset si</ex>
         <ex> et eschi</ex>
         <ex>et sa</ex>
         <ex>et les</ex>
         <ex>et ra</ex>
         <ex>renomeeet partout</ex>
         <ex>et li</ex>
         <ex>et li
</ex>
         <ex>puissanzet li</ex>
         <ex>et prees</ex>
         <ex>donet li</ex>
         <ex>tenset ie</ex>
         <ex>conteret dire.</ex>
         <ex>felonieet e</ex>
         <ex>esforciezet les</ex>
         <ex>et par</ex>
         <ex>et e</ex>
         <ex>et granz</ex>
         <ex>ieet lor</ex>
         <ex>et lor</ex>
         <ex>et lor
</ex>
         <ex>rompueset lor
</ex>
         <ex>et si</ex>
         <ex>et a</ex>
         <ex>euet a</ex>
         <ex>homeet ce</ex>
         <ex>et as
</ex>
         <ex>et la</ex>
         <ex>eet eus</ex>
         <ex>ignoret loant</ex>
         <ex>estoitet l</ex>
         <ex>estoitet tantost</ex>
         <ex>secorset a</ex>
         <ex>et distrent</ex>
         <ex>respondiet dist</ex>
         <ex>et par</ex>
         <ex>foiet par</ex>
         <ex>et de</ex>
         <ex>et de</ex>
         <ex> et secoruz</ex>
         <ex>terreet en</ex>
         <ex>aet si</ex>
         <ex>et aidast</ex>
         <ex>et secorust.</ex>
         <ex>det aloient</ex>
         <ex>nefet a</ex>
         <ex>et ses</ex>
         <ex>contreeet bien</ex>
         <ex>ancreset li</ex>
         <ex>bonset droituriers</ex>
         <ex>portet dont</ex>
         <ex>eillierentet neqedent</ex>
         <ex>empereoret lors</ex>
         <ex>ensambleet rendirent
</ex>
         <ex>et qu</ex>
         <ex>et sa</ex>
         <ex>autreet en</ex>
         <ex>et repleniez.</ex>
         <ex>seneet os</ex>
         <ex>et o</ex>
         <ex>et encore</ex>
         <ex>et eraie
</ex>
         <ex>et d</ex>
         <ex>aoroientet en</ex>
         <ex>fianceet la</ex>
         <ex>creanceet le</ex>
         <ex>et debrissa</ex>
         <ex>et en</ex>
         <ex>et est</ex>
         <ex>et engigne</ex>
         <ex>aet e</ex>
         <ex>et en</ex>
         <ex>reet li</ex>
         <ex>et debonaires</ex>
         <ex>et entr</ex>
         <ex>euset dist</ex>
         <ex>oreet qe</ex>
         <ex>ditet li</ex>
         <ex>et por</ex>
         <ex>et mand</ex>
         <ex>et arstrent</ex>
         <ex>elleet la</ex>
         <ex>oet a</ex>
         <ex>et de</ex>
         <ex>aleeet li</ex>
         <ex>et loenges</ex>
         <ex>costumeet puis</ex>
         <ex>et doctri</ex>
         <ex>reset so</ex>
         <ex>et de</ex>
         <ex>et doctrinez</ex>
         <ex>beneet puis</ex>
         <ex>et hetiez
</ex>
         <ex>eoret le</ex>
         <ex>et l</ex>
         <ex>autreet le</ex>
         <ex>neset genz</ex>
         <ex>euset alassent
</ex>
         <ex>et ser</ex>
         <ex>et iandes</ex>
         <ex>et tout</ex>
         <ex>mazet li</ex>
         <ex>meret il</ex>
         <ex>granzet orible</ex>
         <ex>terreet pristrent</ex>
         <ex>costumeet lor</ex>
         <ex>reet alerent</ex>
         <ex>et d</ex>
         <ex>et marchi</ex>
         <ex>marchiet grant</ex>
         <ex>et la</ex>
         <ex>et adont</ex>
         <ex>et si</ex>
         <ex>oset de</ex>
         <ex>et si</ex>
         <ex>et qi</ex>
         <ex>et sa</ex>
         <ex>otroierentet si</ex>
         <ex>uneet de</ex>
         <ex> et li</ex>
         <ex>et </ex>
         <ex>et homes</ex>
         <ex>luiet si</ex>
         <ex>ocirreet por</ex>
         <ex>et a</ex>
         <ex>et a</ex>
         <ex>et espris</ex>
         <ex>et eus</ex>
         <ex>et si</ex>
         <ex> et </ex>
         <ex>laet qant</ex>
         <ex>et a</ex>
         <ex>reet cil</ex>
         <ex>traiteset apareilliez</ex>
         <ex>toliet si</ex>
         <ex>et puissanz</ex>
         <ex>et granz</ex>
         <ex>et por</ex>
         <ex> et seur</ex>
         <ex>luiet li</ex>
         <ex>pooiret qi</ex>
         <ex>et entenz</ex>
         <ex>et celi</ex>
         <ex>et si</ex>
         <ex>et corroces</ex>
         <ex> et </ex>
         <ex>et si</ex>
         <ex>et de</ex>
         <ex>destruizet si</ex>
         <ex>et d</ex>
         <ex>esteret si</ex>
         <ex>doucementet si</ex>
         <ex>amoret 
</ex>
         <ex>ageet alerent</ex>
         <ex>aleret firent</ex>
         <ex>pereoret les</ex>
         <ex>et bo</ex>
         <ex>oiset damoi</ex>
         <ex>et les</ex>
         <ex>et de</ex>
         <ex>et quist</ex>
         <ex>et en</ex>
         <ex>ieet q</ex>
         <ex>et regarz</ex>
         <ex>entet qe</ex>
         <ex>sonet mortel</ex>
         <ex>bienet cil</ex>
         <ex>et argent</ex>
         <ex>oloiret a</ex>
         <ex>et d</ex>
         <ex>et si</ex>
         <ex>et conta
</ex>
         <ex>certeinementet sanz</ex>
         <ex>oset si
</ex>
         <ex>et qie</ex>
         <ex>et amis
</ex>
         <ex>et ous</ex>
         <ex>et entendue</ex>
         <ex>et dite.</ex>
         <ex>oet entendi</ex>
         <ex>et a</ex>
         <ex>et si</ex>
         <ex>et distrent</ex>
         <ex>et semons</ex>
         <ex>semonset si</ex>
         <ex>et aemplir</ex>
         <ex>forcieret si</ex>
         <ex>et mestiers</ex>
         <ex>peset si</ex>
         <ex>et si</ex>
         <ex>et sanz</ex>
         <ex>chartreet si</ex>
         <ex>bienet si</ex>
         <ex>homet pleins
</ex>
         <ex>treet si</ex>
         <ex>princeset si</ex>
         <ex>reret si</ex>
         <ex>espoentezet comencierent</ex>
         <ex>et a</ex>
         <ex>et lor</ex>
         <ex>detraireet a</ex>
         <ex>reset si</ex>
         <ex>et disoient</ex>
         <ex>et ceste</ex>
         <ex>et sanz</ex>
         <ex>et sanz</ex>
         <ex>grantet ne</ex>
         <ex>et plor</ex>
         <ex>et puis</ex>
         <ex>periret re</ex>
         <ex>et deli</ex>
         <ex>deet s</ex>
         <ex> et si</ex>
         <ex>aussintet si</ex>
         <ex>et besier
</ex>
         <ex>pitiet la</ex>
         <ex>et a</ex>
         <ex>et ne</ex>
         <ex>misericordeet ne</ex>
         <ex>ieet nostre</ex>
         <ex>litet li</ex>
         <ex>et si</ex>
         <ex>prissonet por</ex>
         <ex>et si</ex>
         <ex>ret se</ex>
         <ex>geet q</ex>
         <ex>ociset qe</ex>
         <ex>et as</ex>
         <ex>et de</ex>
         <ex>set tieus</ex>
         <ex>tiet ala
</ex>
         <ex>et perduz</ex>
         <ex>chartreet se</ex>
         <ex>mpereoret si</ex>
         <ex>et soit</ex>
         <ex>erset ta</ex>
         <ex>et li</ex>
         <ex>espoentezet manda</ex>
         <ex>et ses</ex>
         <ex>baronset si</ex>
         <ex>semblantet si</ex>
         <ex>et par
</ex>
         <ex>et espoen</ex>
         <ex>et respondi</ex>
         <ex>et si</ex>
         <ex>aprendreet bien</ex>
         <ex>et si</ex>
         <ex>ssentet si</ex>
         <ex>et de</ex>
         <ex>lignieet se</ex>
         <ex>et si</ex>
         <ex>et qe</ex>
         <ex>et nos</ex>
         <ex>deet si</ex>
         <ex>et entendus</ex>
         <ex>terreset ensus
</ex>
         <ex>distet puis</ex>
         <ex>estoitet de</ex>
         <ex>bontet si</ex>
         <ex>conteret dire</ex>
         <ex>et por</ex>
         <ex> et retraire</ex>
         <ex>et si</ex>
         <ex>et si</ex>
         <ex>et a</ex>
         <ex>rezet si
</ex>
         <ex>et essiaus</ex>
         <ex>et aornez</ex>
         <ex>eet q</ex>
         <ex>deraet si</ex>
         <ex>oioitet tant</ex>
         <ex>besieret por</ex>
         <ex>et si</ex>
         <ex>ceet autres</ex>
         <ex>estoitet si</ex>
         <ex>oioitet les</ex>
         <ex>cielet si</ex>
         <ex>et esmer</ex>
         <ex>et nule</ex>
         <ex>choseset tu</ex>
         <ex>et a</ex>
         <ex>et des
</ex>
         <ex>scritureset qu</ex>
         <ex>et as</ex>
         <ex>loantet bene</ex>
         <ex>itet regne</ex>
         <ex>geleet la</ex>
         <ex>corset le</ex>
         <ex>boucheet tantost</ex>
         <ex>et sa
</ex>
         <ex>et .</ex>
         <ex>adonqeset qant</ex>
         <ex>et si</ex>
         <ex>et tra</ex>
         <ex>celiet tantost</ex>
         <ex>ignoret la</ex>
         <ex>et </ex>
         <ex>euet sa
</ex>
         <ex>et la
</ex>
         <ex>nonet si</ex>
         <ex>et si</ex>
         <ex>et ait</ex>
         <ex>et par</ex>
         <ex>et les</ex>
         <ex>membreset pui</ex>
         <ex>ignoret tantost</ex>
         <ex>sanezet si</ex>
         <ex>et graciant</ex>
         <ex>et tro</ex>
         <ex>et d</ex>
         <ex>et pleines</ex>
         <ex>et a</ex>
         <ex>homeet si</ex>
         <ex>estet a</ex>
         <ex>et deli</ex>
         <ex>et haitiez</ex>
         <ex>et reclamez
</ex>
         <ex>miracleset d</ex>
         <ex>ieet ala</ex>
         <ex>tet si</ex>
         <ex>et si</ex>
         <ex>croizet puis</ex>
         <ex>et eripe</ex>
         <ex>tuamet sal</ex>
         <ex>protectoremet in</ex>
         <ex> et </ex>
         <ex>et 
</ex>
         <ex>et de
</ex>
         <ex>et si</ex>
         <ex>et eslee</ex>
         <ex>et li</ex>
         <ex>et de</ex>
         <ex>et desciroient</ex>
         <ex>et le</ex>
         <ex>et o</ex>
         <ex>eneet si</ex>
         <ex>esqeset cil</ex>
         <ex>corset si</ex>
         <ex>et co</ex>
         <ex>et li</ex>
         <ex>et par</ex>
         <ex>et molt
</ex>
         <ex>miracleet fet</ex>
         <ex>deset adonc</ex>
         <ex>et no</ex>
         <ex>et amoit</ex>
         <ex>et anz
</ex>
         <ex>oitet qe</ex>
         <ex>passionet </ex>
         <ex>elizet enfo</ex>
         <ex>eglisseet si</ex>
         <ex>tureet haute</ex>
         <ex> et esgard</ex>
         <ex>et l</ex>
         <ex> et de</ex>
         <ex>ret de</ex>
         <ex>ret de</ex>
         <ex>deet de</ex>
         <ex>et q</ex>
         <ex>liquieuret d</ex>
         <ex>ditet fet
</ex>
         <ex>et muz</ex>
         <ex>et der</ex>
         <ex>et envoiez</ex>
         <ex>uileet la</ex>
         <ex>et mis</ex>
         <ex>et en</ex>
         <ex>et li</ex>
         <ex>et entendre</ex>
         <ex>et acrut</ex>
         <ex>pluset plus</ex>
         <ex>loinget pres</ex>
         <ex>et des</ex>
         <ex> et qe</ex>
         <ex>genzet de</ex>
         <ex>anet la</ex>
         <ex>confessoret puis</ex>
         <ex>et molt</ex>
         <ex>rieret si</ex>
         <ex>et comen</ex>
         <ex>oeeet comen</ex>
         <ex>ret dont</ex>
         <ex>et la</ex>
         <ex>resgardaet si</ex>
         <ex>reet loa</ex>
         <ex> et celui</ex>
         <ex> et si
</ex>
         <ex>et les</ex>
         <ex>luiet puis
</ex>
         <ex>estet droiture</ex>
         <ex> et a</ex>
         <ex>homeet li</ex>
         <ex>charchiet les
</ex>
         <ex>et les</ex>
         <ex>et fist</ex>
         <ex>et besoinz.</ex>
         <ex>et sa</ex>
         <ex>et ses</ex>
         <ex>et ses
</ex>
         <ex>zet assez</ex>
         <ex>mesnieet puis</ex>
         <ex>et isnie</ex>
         <ex>et droiturier.</ex>
         <ex>et sa</ex>
         <ex>et che</ex>
         <ex>et ses</ex>
         <ex>leet por</ex>
         <ex>meret la</ex>
         <ex>et de
</ex>
         <ex>et son</ex>
         <ex>et perderont</ex>
         <ex>aet plus</ex>
         <ex>perduet la</ex>
         <ex>et toute</ex>
         <ex>et demenerent</ex>
         <ex>et del</ex>
         <ex>et sa</ex>
         <ex>signeuret si</ex>
         <ex>autelet si</ex>
         <ex>et raconta</ex>
         <ex>oitiseet coment</ex>
         <ex>et son</ex>
         <ex>et la</ex>
         <ex>et tuit</ex>
         <ex>oieet rendirent</ex>
         <ex>et loenges
</ex>
         <ex>et a</ex>
         <ex>et si</ex>
         <ex>oeeet puis</ex>
         <ex>meret si</ex>
         <ex>brazet port</ex>
         <ex>ageet li</ex>
         <ex>et puis</ex>
         <ex>et autres</ex>
         <ex>oieet si</ex>
         <ex>et le</ex>
         <ex>et li</ex>
         <ex>et a</ex>
         <ex>et oianz</ex>
         <ex>et a</ex>
         <ex>reset si
</ex>
         <ex>et par</ex>
         <ex>garderet par</ex>
         <ex>nieret rele</ex>
         <ex>homet q</ex>
         <ex>racleet por</ex>
         <ex>euet ses</ex>
         <ex>autelet si</ex>
         <ex>gageset </ex>
         <ex>et par</ex>
         <ex>et si</ex>
         <ex>respitet il</ex>
         <ex> et olentiers.</ex>
         <ex>faiteet li</ex>
         <ex>oitet si</ex>
         <ex>et pa</ex>
         <ex>et autres</ex>
         <ex>et si</ex>
         <ex>et pai</ex>
         <ex>et as</ex>
         <ex>et dist</ex>
         <ex>et par</ex>
         <ex>crestienet si</ex>
         <ex>et si</ex>
         <ex>creoitet </ex>
         <ex>et cre</ex>
         <ex>creet q</ex>
         <ex>et </ex>
         <ex>et re</ex>
         <ex>et autres</ex>
         <ex>et autres</ex>
         <ex>breet le</ex>
         <ex>eglisseet por</ex>
         <ex> et le</ex>
         <ex>boisdieet por</ex>
         <ex>et desco</ex>
         <ex>et ale</ex>
         <ex>autelet si</ex>
         <ex>et trest
</ex>
         <ex>oieet li</ex>
         <ex>oieet si</ex>
         <ex>entureet tant
</ex>
         <ex>crestienet si</ex>
         <ex> et si</ex>
         <ex>et defrois</ex>
         <ex>et bien</ex>
         <ex>et a</ex>
         <ex>parzet li</ex>
         <ex>intet si</ex>
         <ex>et prist</ex>
         <ex>et nurent</ex>
         <ex> et dece</ex>
         <ex>et qant</ex>
         <ex>toiet tres</ex>
         <ex>eet ho</ex>
         <ex>et ami</ex>
         <ex>boisiezet qe</ex>
         <ex>deserteet se</ex>
         <ex>et tote</ex>
         <ex>mesnieet toz
</ex>
         <ex>et hei</ex>
         <ex>et ala</ex>
         <ex>autelet si</ex>
         <ex>coupableset puis</ex>
         <ex>mentet si</ex>
         <ex>et tote
</ex>
         <ex>et honora</ex>
         <ex>tet mon</ex>
         <ex>ret sa</ex>
         <ex>et aempli</ex>
         <ex>et sa</ex>
         <ex>et regne
</ex>
         <ex>det si</ex>
         <ex>et ardoir</ex>
         <ex>et la</ex>
         <ex>et de</ex>
         <ex> et esgardee.</ex>
         <ex>nerentet si</ex>
         <ex>plorantet distrent</ex>
         <ex>et au</ex>
         <ex>et par</ex>
         <ex>et a</ex>
         <ex>oirset proies.</ex>
         <ex>et sa</ex>
         <ex>et d</ex>
         <ex>et de</ex>
         <ex>et sa</ex>
         <ex>richesceet puis</ex>
         <ex>et si</ex>
         <ex>changeet si</ex>
         <ex>et si</ex>
         <ex>et lessa</ex>
         <ex>endroientet pr</ex>
         <ex>et l</ex>
         <ex>et les</ex>
         <ex>et entendez</ex>
         <ex>et pree</ex>
         <ex>ploreret grant</ex>
         <ex>et qui</ex>
         <ex>et si</ex>
         <ex>et de</ex>
         <ex>et prisses</ex>
         <ex>arrazinet lors</ex>
         <ex>et si</ex>
         <ex>et chetif</ex>
         <ex>et ceste
</ex>
         <ex>et tolistes</ex>
         <ex>et autres</ex>
         <ex>et combien</ex>
         <ex>et prises</ex>
         <ex>et puis
</ex>
         <ex>lueset emblees</ex>
         <ex>gardeet si</ex>
         <ex>espoentezet por</ex>
         <ex>et sa</ex>
         <ex>oucementet si</ex>
         <ex>et droituriers</ex>
         <ex>et misericors</ex>
         <ex>et granz</ex>
         <ex>et puissanz</ex>
         <ex>et sanz</ex>
         <ex>et sanz</ex>
         <ex>omeet si</ex>
         <ex>et se</ex>
         <ex>et it</ex>
         <ex>et si</ex>
         <ex>luiet tote
</ex>
         <ex>et sa</ex>
         <ex>et si</ex>
         <ex>et gracierent</ex>
         <ex>et </ex>
         <ex>et en</ex>
         <ex>det einsi</ex>
         <ex>et honeurent</ex>
         <ex>miracleset ceste</ex>
         <ex>det totes</ex>
         <ex> et cil</ex>
         <ex>eglisseset li</ex>
         <ex>festeset honeur</ex>
         <ex>et honeurent.</ex>
         <ex>et entendez</ex>
         <ex>ieet ses</ex>
         <ex>festeset li</ex>
         <ex>et socors</ex>
         <ex>et secorre</ex>
         <ex>besoinzet desliier</ex>
         <ex>mestieret liiez</ex>
         <ex>et de</ex>
         <ex>et reg</ex>
         <ex>miracleet pluiseurs</ex>
         <ex>et embelir</ex>
         <ex>et d</ex>
         <ex>et corages</ex>
         <ex>et si</ex>
         <ex> et en</ex>
         <ex>indrentet q</ex>
         <ex>citet it</ex>
         <ex>et a</ex>
         <ex>et auques</ex>
         <ex>meret corurent</ex>
         <ex>et a</ex>
         <ex>et d</ex>
         <ex>et sorent</ex>
         <ex>et pis</ex>
         <ex>et sorent</ex>
         <ex>fereet si</ex>
         <ex>marcheandiseet de</ex>
         <ex>oileset repairierent</ex>
         <ex>et e</ex>
         <ex>gardoientet pou</ex>
         <ex>et lacierent</ex>
         <ex>heaumeset ceinstr</ex>
         <ex>et mistrent
</ex>
         <ex>forzet hardiz
</ex>
         <ex>et mout
</ex>
         <ex>et distrent</ex>
         <ex>et ou</ex>
         <ex>et lor</ex>
         <ex>et enseignierent</ex>
         <ex>eschaperet mout</ex>
         <ex>durementet li</ex>
         <ex>leuset la</ex>
         <ex>et duc
</ex>
         <ex>et disoient</ex>
         <ex>et au</ex>
         <ex>et si</ex>
         <ex>et enquerez</ex>
         <ex>et si</ex>
         <ex>et ist</ex>
         <ex>et departez</ex>
         <ex>et male</ex>
         <ex> et q</ex>
         <ex>et mout</ex>
         <ex>clerzet pueple</ex>
         <ex>isionet si</ex>
         <ex>regionet se
</ex>
         <ex>et il
</ex>
         <ex>et por</ex>
         <ex>et perdi</ex>
         <ex>et la</ex>
         <ex>duelet si</ex>
         <ex>et argent</ex>
         <ex>seet les</ex>
         <ex>et plo</ex>
         <ex>et crioient</ex>
         <ex>et si</ex>
         <ex> et estri</ex>
         <ex>eglisseet si</ex>
         <ex>et har</ex>
         <ex>et li</ex>
         <ex>toitet qant</ex>
         <ex>et si</ex>
         <ex>et ostas</ex>
         <ex>elizet il</ex>
         <ex>moitiet il</ex>
         <ex>estoitet si</ex>
         <ex>et atrest</ex>
         <ex>nonet li</ex>
         <ex>diligenseet par</ex>
         <ex>amoret par</ex>
         <ex>et atrest
</ex>
         <ex>ertureet il</ex>
         <ex>et toz</ex>
         <ex>et sanz</ex>
         <ex>et trest</ex>
         <ex>decoroientet si
</ex>
         <ex>et a</ex>
         <ex>durementet li</ex>
         <ex>et si</ex>
         <ex>estrangeset ers</ex>
         <ex>et ta</ex>
         <ex>et ceste
</ex>
         <ex>delet si</ex>
         <ex>et la</ex>
         <ex>et puis</ex>
         <ex>et mises</ex>
         <ex>et en</ex>
         <ex>et q</ex>
         <ex>et loerent</ex>
         <ex>et en</ex>
         <ex>et le</ex>
         <ex>et drecierent</ex>
         <ex>et trestrent</ex>
         <ex>et fort</ex>
         <ex>et droiturier
</ex>
         <ex>et si</ex>
         <ex>et tuit</ex>
         <ex>et il</ex>
         <ex>meret il</ex>
         <ex>et lor</ex>
         <ex>rompreet lor</ex>
         <ex>et a</ex>
         <ex>et si</ex>
         <ex>et dont</ex>
         <ex>et si</ex>
         <ex>et si</ex>
         <ex>et demenoient</ex>
         <ex>doleurset li</ex>
         <ex>et si
</ex>
         <ex>et nostre</ex>
         <ex>et nostre</ex>
         <ex>et si</ex>
         <ex>deet puis</ex>
         <ex>et par</ex>
         <ex>et disoient</ex>
         <ex>et s</ex>
         <ex>et depe</ex>
         <ex>leret a</ex>
         <ex>et qatre</ex>
         <ex>et mises</ex>
         <ex>borseet qe</ex>
         <ex>tet si
</ex>
         <ex>et entendez</ex>
         <ex>apesaet cil</ex>
         <ex>et mon</ex>
         <ex>fereet si</ex>
         <ex>et dedenz</ex>
         <ex>det puis</ex>
         <ex>otionet par</ex>
         <ex>cleret au</ex>
         <ex>leesceet la</ex>
         <ex> et corurent</ex>
         <ex>auet pristrent</ex>
         <ex>et lor</ex>
         <ex>zet toz</ex>
         <ex>et puceles</ex>
         <ex>ielet o</ex>
         <ex>chasteaet des
</ex>
         <ex> et plus</ex>
         <ex>et alez</ex>
         <ex>et a</ex>
         <ex>et a</ex>
         <ex>ardanzet chantoient</ex>
         <ex>et droiture.</ex>
         <ex>et a</ex>
         <ex>et bene</ex>
         <ex>et si</ex>
         <ex>otet bene</ex>
         <ex> et sa
</ex>
         <ex>chiet metre</ex>
         <ex>et l</ex>
         <ex>onset granz</ex>
         <ex>et esploitierent</ex>
         <ex>et par</ex>
         <ex>milet wi</ex>
         <ex>tanteet siet</ex>
         <ex>et mout</ex>
         <ex>deset peres</ex>
         <ex>et esqui</ex>
         <ex>et ense</ex>
         <ex>eglisseet la</ex>
         <ex>anzet sessante</ex>
         <ex>delet si</ex>
         <ex>et crestiens</ex>
         <ex> et conte
</ex>
         <ex>et pleins</ex>
         <ex>et disoit</ex>
         <ex>roiet tresq</ex>
         <ex>et au</ex>
         <ex>et dedenz</ex>
         <ex>et tot</ex>
         <ex>antet derriere</ex>
         <ex>ignoret par</ex>
         <ex>et heitiez</ex>
         <ex>et si</ex>
         <ex>et gueriz
</ex>
         <ex>et pluiseurs</ex>
         <ex>et del</ex>
         <ex>et des</ex>
         <ex>et des</ex>
         <ex>maladieet l</ex>
         <ex>et clope</ex>
         <ex>sechieet l</ex>
         <ex>enfermetet la</ex>
         <ex>et pale</ex>
         <ex>et a</ex>
         <ex>et ses</ex>
         <ex>et gueriz</ex>
         <ex>et sors</ex>
         <ex>et muz
</ex>
         <ex>et a</ex>
         <ex>corset por</ex>
         <ex>pechiezet le</ex>
         <ex>et </ex>
         <ex>det </ex>
         <ex>deet autres</ex>
         <ex>esqeset tuit</ex>
         <ex>det grant</ex>
         <ex>et si</ex>
         <ex>et sa</ex>
         <ex>et de</ex>
         <ex>et e</ex>
         <ex>et tantost</ex>
         <ex>et a</ex>
         <ex>et mon</ex>
         <ex>et mout
</ex>
         <ex>et le</ex>
         <ex>et le</ex>
         <ex>aleret au</ex>
         <ex>et por</ex>
         <ex>et por</ex>
         <ex>exet mes</ex>
         <ex>et aidast.</ex>
         <ex>ploreret a</ex>
         <ex>anuiet en</ex>
         <ex>deet si</ex>
         <ex>et il</ex>
         <ex>et par</ex>
         <ex>plaierentet ocistr</ex>
         <ex>fuelleset puis</ex>
         <ex>pelerinet en</ex>
         <ex>et enquist</ex>
         <ex>aloientet cil</ex>
         <ex>respondiet dist</ex>
         <ex>corrociet son</ex>
         <ex>et par</ex>
         <ex>piezet si</ex>
         <ex>luiet ses</ex>
         <ex>et en</ex>
         <ex>et par</ex>
         <ex>et loerent</ex>
         <ex>signeuret si</ex>
         <ex>et il</ex>
         <ex>et cruieus.</ex>
         <ex>et si
</ex>
         <ex>et li
</ex>
         <ex>et puis</ex>
         <ex>et grant
</ex>
         <ex>et lors</ex>
         <ex>et par</ex>
         <ex>et deli</ex>
         <ex>et de</ex>
         <ex>et reclaim</ex>
         <ex>teireet si</ex>
         <ex>et miseri</ex>
         <ex>et de</ex>
         <ex>et amoit</ex>
         <ex>ploreret a</ex>
         <ex> et secoruz</ex>
         <ex>finet si</ex>
         <ex>ignoret se</ex>
         <ex>et a</ex>
         <ex> et qe</ex>
         <ex>et si</ex>
         <ex>et gueriz</ex>
         <ex>aparuzet qu</ex>
         <ex>graceet il</ex>
         <ex>et proioient</ex>
         <ex>et deli</ex>
         <ex>premierset qi</ex>
         <ex>et honorez</ex>
         <ex>ieet qu</ex>
         <ex>et pardon</ex>
         <ex>prestreset as</ex>
         <ex>et les</ex>
         <ex>et irent</ex>
         <ex>et disoit</ex>
         <ex>confessoret si</ex>
         <ex>toiet a</ex>
         <ex>oieet qu</ex>
         <ex>et a</ex>
         <ex>et donee</ex>
         <ex>et consomee</ex>
         <ex> et dedia</ex>
         <ex>oneuret en</ex>
         <ex>et a</ex>
         <ex>et seintement</ex>
         <ex>et si</ex>
         <ex>et sa</ex>
         <ex>et si</ex>
         <ex>et orde</ex>
         <ex>et en</ex>
         <ex>proiaet requist</ex>
         <ex>et orz</ex>
         <ex>et del</ex>
         <ex>et des</ex>
         <ex>et mout</ex>
         <ex>genzet de</ex>
         <ex>et chascun</ex>
         <ex>et la</ex>
         <ex>icholaet fesoient
</ex>
         <ex>et sa</ex>
         <ex>et ses
</ex>
         <ex>fiuzet lor</ex>
         <ex>et lor</ex>
         <ex>et larrons</ex>
         <ex>et sa</ex>
         <ex>et lor</ex>
         <ex>et lor</ex>
         <ex> et sa</ex>
         <ex>et lor</ex>
         <ex>et lor</ex>
         <ex>et lor</ex>
         <ex>debatreet si</ex>
         <ex>et crioit</ex>
         <ex>et si</ex>
         <ex>et di</ex>
         <ex> et mes</ex>
         <ex>et do</ex>
         <ex>et qe</ex>
         <ex>ieet apr</ex>
         <ex>et nos
</ex>
         <ex>et si</ex>
         <ex>rentet si</ex>
         <ex>proiereset si</ex>
         <ex>et norri</ex>
         <ex>et alaitai</ex>
         <ex>et ausint</ex>
         <ex>risteet dolente</ex>
         <ex>et toz</ex>
         <ex>et qe</ex>
         <ex>et la</ex>
         <ex>femeet si</ex>
         <ex>et si</ex>
         <ex>et des</ex>
         <ex>et donons
</ex>
         <ex> et sa
</ex>
         <ex>et oelle</ex>
         <ex>et a</ex>
         <ex>rendreet e</ex>
         <ex>et si</ex>
         <ex>moiet si</ex>
         <ex>proiereet les</ex>
         <ex>et creons</ex>
         <ex>creatureet qe</ex>
         <ex>et de</ex>
         <ex>et des</ex>
         <ex>et regnes</ex>
         <ex>et de</ex>
         <ex>et les</ex>
         <ex>et finez</ex>
         <ex>apertenoitet li</ex>
         <ex>prestreet li</ex>
         <ex>et a</ex>
         <ex>doieet si</ex>
         <ex>reet li</ex>
         <ex>souspireret a</ex>
         <ex>et amenez</ex>
         <ex>prisonet qe</ex>
         <ex>et sa</ex>
         <ex>et celebroient</ex>
         <ex>humlementet mout</ex>
         <ex>et si</ex>
         <ex>et si</ex>
         <ex>et messires</ex>
         <ex>et sa
</ex>
         <ex>et li</ex>
         <ex> et .</ex>
         <ex>et si
</ex>
         <ex>et par</ex>
         <ex>proiereet </ex>
         <ex>iolset qe</ex>
         <ex>et regnes</ex>
         <ex>et la</ex>
         <ex>et de</ex>
         <ex> et dit</ex>
         <ex>ignoret loerent</ex>
         <ex>et apele</ex>
         <ex>et por</ex>
         <ex>et regne</ex>
         <ex>et nostre</ex>
         <ex>et des</ex>
         <ex>et son</ex>
         <ex>get pres</ex>
         <ex>et par</ex>
         <ex>sambleet alerent</ex>
         <ex>et si
</ex>
         <ex>et proierent</ex>
         <ex>et por</ex>
         <ex>douceet a</ex>
         <ex>et mue</ex>
         <ex>et autres</ex>
         <ex>et dist</ex>
         <ex>et font</ex>
         <ex>et lor
</ex>
         <ex>et st</ex>
         <ex>et trest</ex>
         <ex>estenduet lors</ex>
         <ex>et si
</ex>
         <ex>noteet d</ex>
         <ex>tostet qant</ex>
         <ex> et q</ex>
         <ex>et tant</ex>
         <ex>et par
</ex>
         <ex>et mout</ex>
         <ex>steset tres</ex>
         <ex>et les</ex>
         <ex>et socorre</ex>
         <ex>et esgarees</ex>
         <ex>et piti</ex>
         <ex>et regne</ex>
         <ex> et distrent</ex>
         <ex>et des</ex>
         <ex> et distrent</ex>
         <ex> et des
</ex>
         <ex>et de</ex>
         <ex>et baisai</ex>
         <ex>et men</ex>
         <ex>oieet un</ex>
         <ex> et si
</ex>
         <ex>et int
</ex>
         <ex>moiet si</ex>
         <ex>et qe</ex>
         <ex>et li
</ex>
         <ex>enuzet e</ex>
         <ex>aet de</ex>
         <ex>et tante</ex>
         <ex>et tu
</ex>
         <ex>et la</ex>
         <ex>oieet ment</ex>
         <ex>gardeeet qele</ex>
         <ex>et qele
</ex>
         <ex>doneeet quels</ex>
         <ex>et quels</ex>
         <ex>et ser</ex>
         <ex>et croient.</ex>
         <ex>et en</ex>
         <ex>ret entendre</ex>
         <ex>et son</ex>
         <ex> et si</ex>
         <ex> et se</ex>
         <ex>et raconte
</ex>
         <ex>set si
</ex>
         <ex>et de</ex>
         <ex>et lessiez.</ex>
         <ex>amiset puis</ex>
         <ex>orronset entenderons.</ex>
         <ex>meset fe</ex>
         <ex>escoutameset il</ex>
         <ex>toiet e</ex>
         <ex>et droit</ex>
         <ex>et sanz
</ex>
         <ex>et isiter</ex>
         <ex>seinzet me</ex>
         <ex>et feire</ex>
         <ex>et droiture.</ex>
         <ex>terreet noz
</ex>
         <ex>et periz</ex>
         <ex>compaignonset si
</ex>
         <ex>et enqerre</ex>
         <ex>feteet co</ex>
         <ex>et hisdeus.</ex>
         <ex>et de</ex>
         <ex>et de</ex>
         <ex>et par</ex>
         <ex>et cil</ex>
         <ex>benignementet si</ex>
         <ex>ageet q</ex>
         <ex>et raler
</ex>
         <ex>rreet de</ex>
         <ex>habitoientet s</ex>
         <ex>deseureet puis</ex>
         <ex>geet un</ex>
         <ex>et de</ex>
         <ex>et li</ex>
         <ex>et fumes</ex>
         <ex>et saou</ex>
         <ex>et delitable.</ex>
         <ex>orgeet bone</ex>
         <ex>paroleet si</ex>
         <ex>et la</ex>
         <ex>trespasseeet li</ex>
         <ex>habitacleet si</ex>
         <ex>et enclose</ex>
         <ex>encloseet faite</ex>
         <ex>et nos</ex>
         <ex>et entendu</ex>
         <ex>osteet ses
</ex>
         <ex>reset il</ex>
         <ex>ageet nos
</ex>
         <ex>et les</ex>
         <ex>et granz
</ex>
         <ex> et por</ex>
         <ex> et estoit</ex>
         <ex>et mes</ex>
         <ex>preudet mout</ex>
         <ex>et ensigniez
</ex>
         <ex>et endoctrinez</ex>
         <ex>latinet de</ex>
         <ex>greuet d</ex>
         <ex>parleret si</ex>
         <ex> et fait</ex>
         <ex>moigneset </ex>
         <ex>et d</ex>
         <ex>et d</ex>
         <ex>orgueilet de</ex>
         <ex>et li</ex>
         <ex>manoientet preudome
</ex>
         <ex>et se</ex>
         <ex>et de</ex>
         <ex>abet quanq</ex>
         <ex>euset qi</ex>
         <ex>et feire.</ex>
         <ex>et autre
</ex>
         <ex>et establi</ex>
         <ex>abbeset trametoit</ex>
         <ex>et le
</ex>
         <ex>anzet li</ex>
         <ex>et oribles.</ex>
         <ex>colet la</ex>
         <ex>luiet si</ex>
         <ex>fetet bien</ex>
         <ex>et li</ex>
         <ex>et ferme</ex>
         <ex>huiset si
</ex>
         <ex>et co</ex>
         <ex>ertuet por</ex>
         <ex>et alerent</ex>
         <ex>deserzet l</ex>
         <ex>neet la</ex>
         <ex>estoitet a</ex>
         <ex>et del</ex>
         <ex>et la
</ex>
         <ex>et seche</ex>
         <ex>et de</ex>
         <ex>et si
</ex>
         <ex>et sa</ex>
         <ex>besteet de</ex>
         <ex>et la
</ex>
         <ex> et es</ex>
         <ex>liueset del</ex>
         <ex>esbanoieret por
</ex>
         <ex>ermitageet de</ex>
         <ex>et de</ex>
         <ex>serainet por</ex>
         <ex>et mes
</ex>
         <ex>dotanceet nos</ex>
         <ex>iluecet ele</ex>
         <ex>arbreet donc</ex>
         <ex>et li</ex>
         <ex>donaet la</ex>
         <ex>et tint</ex>
         <ex>et entendre</ex>
         <ex>et de
</ex>
         <ex>ertuet qe</ex>
         <ex>et a</ex>
         <ex>toutet qant</ex>
         <ex>et q</ex>
         <ex>abessieet si</ex>
         <ex>testeet puis</ex>
         <ex>et plus</ex>
         <ex>et raconter</ex>
         <ex>et cels</ex>
         <ex>et de</ex>
         <ex>et si</ex>
         <ex>orneret sont</ex>
         <ex>et en</ex>
         <ex>et lo</ex>
         <ex>et por</ex>
         <ex>raconteret dire</ex>
         <ex>peinset lor</ex>
         <ex>et sau</ex>
         <ex>orset leur</ex>
         <ex>et a</ex>
         <ex>et a</ex>
         <ex>pitiet cil</ex>
         <ex>et il</ex>
         <ex>entet regardoit
</ex>
         <ex>eet por</ex>
         <ex>et do</ex>
         <ex>et demandoit</ex>
         <ex>lionceauset tantost</ex>
         <ex>isitet si</ex>
         <ex>homeet si</ex>
         <ex>faitet por</ex>
         <ex>et dire.</ex>
         <ex> et dit.</ex>
         <ex>erbeset de</ex>
         <ex>nuisableset legiere</ex>
         <ex>pristrentet i</ex>
         <ex>gieret la</ex>
         <ex>et a</ex>
         <ex>reret torner</ex>
         <ex>mengieret les
</ex>
         <ex>nonet einsint</ex>
         <ex>besteet ce
</ex>
         <ex>et de</ex>
         <ex>et qi</ex>
         <ex>habitentet qe</ex>
         <ex>et mois.</ex>
         <ex>et des</ex>
         <ex>et qe</ex>
         <ex>et dire</ex>
         <ex>aleret de</ex>
         <ex>puiet le</ex>
         <ex>buefet le</ex>
         <ex>aet a</ex>
         <ex>fistet en</ex>
         <ex>et habi</ex>
         <ex>ieet si
</ex>
         <ex>contreeet si</ex>
         <ex>nonet de</ex>
         <ex>et qi</ex>
         <ex> et dit</ex>
         <ex>et de</ex>
         <ex>solementet e</ex>
         <ex>foiet par</ex>
         <ex>omeset a</ex>
         <ex>et lor</ex>
         <ex>et d</ex>
         <ex>autreet e</ex>
         <ex>et lor</ex>
         <ex>ditet en</ex>
         <ex>mileet el</ex>
         <ex>ruileet tenoient
</ex>
         <ex>et esle</ex>
         <ex>et bien</ex>
         <ex>meurset de</ex>
         <ex>conseuset cest
</ex>
         <ex>et a</ex>
         <ex>et li</ex>
         <ex>soffriret ses</ex>
         <ex>et faire</ex>
         <ex>dreet si</ex>
         <ex>entureet si</ex>
         <ex>et feire.</ex>
         <ex>et par</ex>
         <ex>ignoret por</ex>
         <ex>atargementet meintenant</ex>
         <ex>mandet liez</ex>
         <ex>et pro</ex>
         <ex>et dist</ex>
         <ex>distet </ex>
         <ex>olontierset sanz</ex>
         <ex>penseeet qu</ex>
         <ex>meinet grant</ex>
         <ex>et d</ex>
         <ex>eillieret le</ex>
         <ex>finet adonc
</ex>
         <ex>et a</ex>
         <ex> et a</ex>
         <ex>et portant
</ex>
         <ex>fuelleset si</ex>
         <ex>et d</ex>
         <ex>et la</ex>
         <ex>et retreites</ex>
         <ex>et o</ex>
         <ex>et it</ex>
         <ex>homeset molt</ex>
         <ex> et doctrin</ex>
         <ex>et solitaire</ex>
         <ex>et pure</ex>
         <ex>et plus</ex>
         <ex>femeet a</ex>
         <ex>et a</ex>
         <ex>siecleet lessast
</ex>
         <ex>et a</ex>
         <ex>celleet l</ex>
         <ex>proceineet ou</ex>
         <ex>blasmeret li</ex>
         <ex>et a</ex>
         <ex>et les</ex>
         <ex>ermitageet si</ex>
         <ex>conteeset dites</ex>
         <ex>et de</ex>
         <ex>et a
</ex>
         <ex>et des</ex>
         <ex>et de</ex>
         <ex>moiet se
</ex>
         <ex>et a</ex>
         <ex>escriteet cis</ex>
         <ex>et mes</ex>
         <ex>et mer</ex>
         <ex>meret par</ex>
         <ex> portezet si
</ex>
         <ex>et dite.</ex>
         <ex>homet dont</ex>
         <ex>trespasseeet e</ex>
         <ex>et tuit</ex>
         <ex>et seit</ex>
         <ex>et en</ex>
         <ex>et en</ex>
         <ex>deet par
</ex>
         <ex>det meesmement</ex>
         <ex> et tes</ex>
         <ex>et pluiseurs</ex>
         <ex>et e</ex>
         <ex>et saces
</ex>
         <ex> et si</ex>
         <ex>et dire</ex>
         <ex>et dites</ex>
         <ex>et com</ex>
         <ex>siecleet si</ex>
         <ex>cielet si</ex>
         <ex>siecleet entre</ex>
         <ex>puepleet entre</ex>
         <ex>gaitoientet entre</ex>
         <ex>et de</ex>
         <ex>ieet chascun
</ex>
         <ex>et escandres.</ex>
         <ex>leuet eschapa</ex>
         <ex>et a</ex>
         <ex>et ra</ex>
         <ex>et guerissoit</ex>
         <ex>serpenzet apaisoit</ex>
         <ex>ageset curoit</ex>
         <ex>et sa</ex>
         <ex>reet por
</ex>
         <ex>firentet qe</ex>
         <ex>et il</ex>
         <ex>et dist</ex>
         <ex>det les
</ex>
         <ex>anacorinteset les
</ex>
         <ex>et toute
</ex>
         <ex>et tote</ex>
         <ex>et nde</ex>
         <ex>ndeet tote
</ex>
         <ex>aleeet le</ex>
         <ex>et par</ex>
         <ex>et conoissent</ex>
         <ex>prestreet clerc</ex>
         <ex>clercet roi</ex>
         <ex>roiet conte</ex>
         <ex>conteet prince</ex>
         <ex>princeet li</ex>
         <ex>et cre</ex>
         <ex>et ses</ex>
         <ex>et lor</ex>
         <ex>et fist</ex>
         <ex>pliret feire</ex>
         <ex>honteet ont</ex>
         <ex>et faisoit</ex>
         <ex>traitieret parler</ex>
         <ex>et la</ex>
         <ex>paroleet si</ex>
         <ex>aet si</ex>
         <ex>et dire</ex>
         <ex>enfanceet por</ex>
         <ex>et le</ex>
         <ex> et si
</ex>
         <ex>et proi</ex>
         <ex>et aurai.</ex>
         <ex>diet parole
</ex>
         <ex>et croi</ex>
         <ex>muset sanz</ex>
         <ex>paroleet tu</ex>
         <ex>et ses</ex>
         <ex>et si</ex>
         <ex>et e</ex>
         <ex>paroleset la
</ex>
         <ex>et si
</ex>
         <ex>et dit</ex>
         <ex>reet si</ex>
         <ex>et qant</ex>
         <ex>et dire</ex>
         <ex>luiet en</ex>
         <ex>siecleet qe</ex>
         <ex>mostet e
</ex>
         <ex>et pluiseur</ex>
         <ex>et si
</ex>
         <ex>et cou</ex>
         <ex>et a</ex>
         <ex>mellastet q</ex>
         <ex>et ure
</ex>
         <ex>euet si</ex>
         <ex>et si</ex>
         <ex>orissonset si</ex>
         <ex>mieet puis</ex>
         <ex>donaet se</ex>
         <ex>esqeet si</ex>
         <ex>et si</ex>
         <ex>estiret q</ex>
         <ex>aparellieet li</ex>
         <ex>paroleet par</ex>
         <ex>et par</ex>
         <ex>et corte</ex>
         <ex>petitet ce</ex>
         <ex>reet si</ex>
         <ex>reet il</ex>
         <ex>hautet ce</ex>
         <ex>puepleet non</ex>
         <ex>partieet une</ex>
         <ex>et uns
</ex>
         <ex>prestreset moine</ex>
         <ex>et bel
</ex>
         <ex>apelezet crestiens</ex>
         <ex>et si</ex>
         <ex>homeet re</ex>
         <ex> et entre</ex>
         <ex>et estendu</ex>
         <ex>et par</ex>
         <ex>forset sanc</ex>
         <ex>sonet en</ex>
         <ex>set tout</ex>
         <ex>haitiezet fu</ex>
         <ex>enimet de</ex>
         <ex>et nos</ex>
         <ex>estoientet por</ex>
         <ex>choseet il</ex>
         <ex>et il</ex>
         <ex>estemenzet asfublez</ex>
         <ex>et a</ex>
         <ex>eslancieret s</ex>
         <ex>peineset si
</ex>
         <ex>corrociezet molt</ex>
         <ex>homeet le</ex>
         <ex>et a</ex>
         <ex>batreet a</ex>
         <ex>motet de</ex>
         <ex>desciret tout
</ex>
         <ex>asneet puis</ex>
         <ex>bastonset de</ex>
         <ex>et eoir</ex>
         <ex>et a</ex>
         <ex>et enten</ex>
         <ex>zet molt</ex>
         <ex>oieset si</ex>
         <ex>oret par</ex>
         <ex>et benignement.</ex>
         <ex>et a</ex>
         <ex> et la
</ex>
         <ex>racleet pluiseurs</ex>
         <ex>celeeset tant</ex>
         <ex>et cela</ex>
         <ex>doutezet si</ex>
         <ex>et en</ex>
         <ex>et retraire
</ex>
         <ex>et de</ex>
         <ex>et sot</ex>
         <ex>et sot</ex>
         <ex>et esploiter.</ex>
         <ex>et a</ex>
         <ex>et a</ex>
         <ex>et a</ex>
         <ex>et creez.</ex>
         <ex>et a</ex>
         <ex>et si
</ex>
         <ex>et a</ex>
         <ex>aet la</ex>
         <ex>et lie.</ex>
         <ex>cielet a</ex>
         <ex>homeet li</ex>
         <ex>neret ne</ex>
         <ex>et si</ex>
         <ex>ieet il</ex>
         <ex>aet si</ex>
         <ex>et croi</ex>
         <ex>fermementet nus</ex>
         <ex>aussintet ce</ex>
         <ex>apostreset as
</ex>
         <ex>et de</ex>
         <ex>et di</ex>
         <ex>ret nos</ex>
         <ex>et dite.</ex>
         <ex>et de</ex>
         <ex>et autre</ex>
         <ex>chiefet si
</ex>
         <ex>et de</ex>
         <ex>mengierset si</ex>
         <ex>et nuiz</ex>
         <ex>et ses</ex>
         <ex>et si</ex>
         <ex>palezet q</ex>
         <ex>desfermeeset li
</ex>
         <ex>roiet qant</ex>
         <ex>seoitet toz</ex>
         <ex>et si</ex>
         <ex>proiereet le</ex>
         <ex>mengieret l</ex>
         <ex>et molt</ex>
         <ex>et o</ex>
         <ex>et a</ex>
         <ex>et e</ex>
         <ex>dureeet bien</ex>
         <ex>et miracles</ex>
         <ex>et seintes</ex>
         <ex>laet ut</ex>
         <ex>et de</ex>
         <ex>geet pristrent</ex>
         <ex>et porent.</ex>
         <ex>et grant
</ex>
         <ex>teet tantost</ex>
         <ex>entrezet cil</ex>
         <ex>et deli</ex>
         <ex>et sa</ex>
         <ex>paignieet la
</ex>
         <ex>corneset cruelment</ex>
         <ex>bleciezet ele</ex>
         <ex>et a</ex>
         <ex>et molt
</ex>
         <ex>encontreet si</ex>
         <ex>esteet si</ex>
         <ex>et adonc</ex>
         <ex>et se</ex>
         <ex>piezet li</ex>
         <ex>foucet a</ex>
         <ex>compaignieet ele</ex>
         <ex>et fu</ex>
         <ex>prestreset ceus</ex>
         <ex>eneorset chiens</ex>
         <ex>et lee</ex>
         <ex>leeet li
</ex>
         <ex>issentet q</ex>
         <ex>et fo</ex>
         <ex>paroleet se</ex>
         <ex>et ala</ex>
         <ex>et grant</ex>
         <ex>aet si</ex>
         <ex>corageet li</ex>
         <ex>enchauciet il</ex>
         <ex>ristet ele</ex>
         <ex>et si</ex>
         <ex>et en</ex>
         <ex> et orde</ex>
         <ex> et dit
</ex>
         <ex>noset si</ex>
         <ex>et en</ex>
         <ex>compaignieet si</ex>
         <ex>champaigneet la</ex>
         <ex>mesonet la</ex>
         <ex>abstinanceet si</ex>
         <ex> et si</ex>
         <ex>et amonester</ex>
         <ex>et par</ex>
         <ex>et dist.</ex>
         <ex>et honorer</ex>
         <ex>et de</ex>
         <ex>homeet si</ex>
         <ex>enueet qe</ex>
         <ex>et isiter</ex>
         <ex>et a</ex>
         <ex>demostreret une</ex>
         <ex>et molt</ex>
         <ex>oiret entendre</ex>
         <ex>doneeet de</ex>
         <ex>cheintureet il</ex>
         <ex>et celes</ex>
         <ex>et lor</ex>
         <ex>et quels</ex>
         <ex>et </ex>
         <ex>et bien
</ex>
         <ex>et a</ex>
         <ex>laet atendions</ex>
         <ex>et la</ex>
         <ex>parlassentet dont</ex>
         <ex>pooret fumes
</ex>
         <ex>autreset si
</ex>
         <ex>sentueet a</ex>
         <ex>et oiz</ex>
         <ex>mieet si</ex>
         <ex> et  </ex>
         <ex> et resnierent</ex>
         <ex>et lerent.</ex>
         <ex>et lor</ex>
         <ex>et l</ex>
         <ex>et dist.</ex>
         <ex> et </ex>
         <ex>et de</ex>
         <ex>et blasmoit</ex>
         <ex>et nos</ex>
         <ex>et espro</ex>
         <ex>et molt
</ex>
         <ex>et mer</ex>
         <ex>parzet a</ex>
         <ex>et dit.</ex>
         <ex>entureet si</ex>
         <ex>Signoret si</ex>
         <ex>et dist</ex>
         <ex>et enqe</ex>
         <ex>et les</ex>
         <ex>et dites</ex>
         <ex>diteset com</ex>
         <ex>et aprisses.</ex>
         <ex> et si</ex>
         <ex>paroleset il
</ex>
         <ex>estionset si
</ex>
         <ex>mesonet si</ex>
         <ex>amiset qi
</ex>
         <ex> et si
</ex>
         <ex>deguerpissomeset por</ex>
         <ex>trespasseeet la</ex>
         <ex> et </ex>
         <ex> et il</ex>
         <ex>et e</ex>
         <ex>qeroientet il
</ex>
         <ex>et qe</ex>
         <ex>et desiroient</ex>
         <ex> et </ex>
         <ex>et dire</ex>
         <ex>ieret 
</ex>
         <ex>choseset e</ex>
         <ex>et die</ex>
         <ex>et habitent</ex>
         <ex>et dire.</ex>
         <ex>homeet si</ex>
         <ex>et dist</ex>
         <ex> et li
</ex>
         <ex>et reqe</ex>
         <ex>et li</ex>
         <ex>beneet puis</ex>
         <ex>tet puis
</ex>
         <ex>et le</ex>
         <ex>entreet si</ex>
         <ex>et lonc</ex>
         <ex>encoreet si</ex>
         <ex>et d</ex>
         <ex>et disoit</ex>
         <ex>et diroit
</ex>
         <ex>ensambleet qant</ex>
         <ex>et engr</ex>
         <ex>issiret si</ex>
         <ex>et dire</ex>
         <ex>et a</ex>
         <ex>peineset lendemein
</ex>
         <ex>dormoientet il</ex>
         <ex>fermementet li</ex>
         <ex>et tu</ex>
         <ex>et si</ex>
         <ex>et firent</ex>
         <ex>signoret si
</ex>
         <ex>songeset qe</ex>
         <ex>porteet por</ex>
         <ex>quierset demandes.</ex>
         <ex>laet li</ex>
         <ex>et si</ex>
         <ex>et manda</ex>
         <ex>eilloitet destruisoit.</ex>
         <ex>et dire</ex>
         <ex>et dist</ex>
         <ex>contet se</ex>
         <ex>et i</ex>
         <ex>et ceste</ex>
         <ex>et son</ex>
         <ex>et a</ex>
         <ex>eret si</ex>
         <ex>airet si</ex>
         <ex>paumeset si</ex>
         <ex>et esparz</ex>
         <ex>nueset por</ex>
         <ex>mandastet si</ex>
         <ex>nonet li</ex>
         <ex> et batu</ex>
         <ex>et chaci</ex>
         <ex>et fors</ex>
         <ex>et contrue</ex>
         <ex>et tempeste</ex>
         <ex>et les</ex>
         <ex>et toz</ex>
         <ex>terreset tant</ex>
         <ex>et meintes
</ex>
         <ex>aet si</ex>
         <ex>et deman</ex>
         <ex>deet li</ex>
         <ex>feteet dite</ex>
         <ex>et si</ex>
         <ex>et le</ex>
         <ex>tet meesmement</ex>
         <ex>et dire
</ex>
         <ex>furentet cil</ex>
         <ex>contet dit</ex>
         <ex>et par
</ex>
         <ex>creatureet a</ex>
         <ex>desfendueet ala
</ex>
         <ex>zet si</ex>
         <ex>et plus</ex>
         <ex>et entendi</ex>
         <ex> et mis
</ex>
         <ex>grantet mer</ex>
         <ex>et espes
</ex>
         <ex>et mas</ex>
         <ex>toret la</ex>
         <ex>miseet aoree</ex>
         <ex>et li</ex>
         <ex>et la</ex>
         <ex>et abatist</ex>
         <ex>et en</ex>
         <ex>et si</ex>
         <ex>et une</ex>
         <ex>et les
</ex>
         <ex>et dite</ex>
         <ex>cestuiet si
</ex>
         <ex>et molt</ex>
         <ex>chastelet deseu</ex>
         <ex>et it</ex>
         <ex>et mer</ex>
         <ex>colombeet seur
</ex>
         <ex>et debrisa</ex>
         <ex>et </ex>
         <ex>et entent.</ex>
         <ex>eet uns
</ex>
         <ex>homeet si
</ex>
         <ex>et si
</ex>
         <ex>et enten</ex>
         <ex>dentet li</ex>
         <ex>solementet bien</ex>
         <ex>peschieret si</ex>
         <ex>et si</ex>
         <ex>et si</ex>
         <ex>aet si</ex>
         <ex>graceset loenges.</ex>
         <ex>gemmeset la</ex>
         <ex>et entendre</ex>
         <ex> et si</ex>
         <ex>empereoret meintenu</ex>
         <ex>aet la</ex>
         <ex>espoentezet si</ex>
         <ex>et ses</ex>
         <ex>hermiteset q</ex>
         <ex>et les</ex>
         <ex>et as</ex>
         <ex>et ceus</ex>
         <ex>mieet por</ex>
         <ex>fereet de</ex>
         <ex>encontreet si</ex>
         <ex>et a</ex>
         <ex>et si</ex>
         <ex>et dist</ex>
         <ex>palezet entre</ex>
         <ex>et a</ex>
         <ex>oret entendre</ex>
         <ex>et le</ex>
         <ex>parleret ce</ex>
         <ex>et cruiels</ex>
         <ex>et del</ex>
         <ex>emperereset neqe</ex>
         <ex>regneet </ex>
         <ex>despenduet l</ex>
         <ex>pooret </ex>
         <ex>et distrent</ex>
         <ex>mentet tel</ex>
         <ex>afaireet si</ex>
         <ex>et si</ex>
         <ex>et ou</ex>
         <ex>foiet de</ex>
         <ex> et de
</ex>
         <ex>aet si</ex>
         <ex>droitet qe</ex>
         <ex>et si</ex>
         <ex>comunitet a</ex>
         <ex>et de</ex>
         <ex>et a</ex>
         <ex>noireet a</ex>
         <ex>empereoret se</ex>
         <ex>olentierset si</ex>
         <ex>et preud</ex>
         <ex>raet si</ex>
         <ex>set il</ex>
         <ex>et si</ex>
         <ex>doleuret fere</ex>
         <ex>ertuet si</ex>
         <ex>et il</ex>
         <ex> et de</ex>
         <ex>et </ex>
         <ex>et tant</ex>
         <ex>puiset de</ex>
         <ex>et espro</ex>
         <ex>et si</ex>
         <ex>eet ein</ex>
         <ex>et gueriz.</ex>
         <ex>et dist</ex>
         <ex>et plui</ex>
         <ex>meret il</ex>
         <ex>et une</ex>
         <ex>et lor</ex>
         <ex>derrompreet leur</ex>
         <ex>et a</ex>
         <ex>et seqeur
</ex>
         <ex>et deli</ex>
         <ex>et la</ex>
         <ex>departieet cil</ex>
         <ex>et icaires</ex>
         <ex>et secors</ex>
         <ex>et de</ex>
         <ex>roigneet de</ex>
         <ex>ignoret si</ex>
         <ex>et par</ex>
         <ex>nuizet en
</ex>
         <ex>et si</ex>
         <ex>et conta</ex>
         <ex>et toute</ex>
         <ex>et si</ex>
         <ex>iandeset li</ex>
         <ex>et si
</ex>
         <ex>et este</ex>
         <ex>et cri</ex>
         <ex>et la</ex>
         <ex>maniereset a</ex>
         <ex>seureet li</ex>
         <ex>alerieet par
</ex>
         <ex>fantosmeet par</ex>
         <ex>et disoit.</ex>
         <ex>et autres</ex>
         <ex>et si</ex>
         <ex>et pardon</ex>
         <ex>et q</ex>
         <ex>et a</ex>
         <ex>choseset e</ex>
         <ex>et si</ex>
         <ex>et par</ex>
         <ex>conditionet de</ex>
         <ex>aet si</ex>
         <ex>et 
</ex>
         <ex>resconseet tens</ex>
         <ex>et les
</ex>
         <ex>nuleet si</ex>
         <ex>et si</ex>
         <ex>et le</ex>
         <ex>et es</ex>
         <ex>estrangeset </ex>
         <ex>et es</ex>
         <ex>et es</ex>
         <ex>et es</ex>
         <ex>citezet si</ex>
         <ex>et so</ex>
         <ex>et ra</ex>
         <ex>et ta
</ex>
         <ex>et qi</ex>
         <ex>et a</ex>
         <ex>huiet hier</ex>
         <ex>et raconteras</ex>
         <ex> et par</ex>
         <ex>et par</ex>
         <ex> et par</ex>
         <ex>enet encore</ex>
         <ex>racontasseset en</ex>
         <ex> et en</ex>
         <ex>et par</ex>
         <ex>et en</ex>
         <ex>et proi</ex>
         <ex>et cont</ex>
         <ex>contet si</ex>
         <ex>fleurset herbes</ex>
         <ex>et de</ex>
         <ex>fistet treita</ex>
         <ex>et si</ex>
         <ex>et os</ex>
      </td>
   </tr>
   <tr>
      <td>⁊ </td>
      <td>
         <em>Et </em>
         <ex>creanceEt si</ex>
      </td>
   </tr>
   <tr>
      <td>ꝙ</td>
      <td>
         <em>qe</em>
         <ex> qe</ex>
         <ex>qe</ex>
         <ex>qetu</ex>
         <ex>esqes</ex>
         <ex>ilueqes</ex>
         <ex>siqenus</ex>
      </td>
   </tr>
   <tr>
      <td>ꝯ</td>
      <td>
         <em>com</em>
         <ex>comil</ex>
         <ex>com</ex>
         <ex>com</ex>
         <ex>compeins</ex>
         <ex>comil</ex>
         <ex>comele</ex>
         <ex>compaignie</ex>
         <ex>compaig</ex>
         <ex>sacompaignie</ex>
      </td>
      <td>
         <em>con</em>
         <ex>Ciconmence</ex>
         <ex>Ciconmence</ex>
         <ex>Dontconmen</ex>
         <ex>conmanda</ex>
         <ex>conmanda.</ex>
         <ex>siconmanda
</ex>
         <ex>conmanda</ex>
         <ex>conmandoit</ex>
         <ex>conman</ex>
         <ex>tconme</ex>
         <ex>iconmencierent</ex>
         <ex>conmandement</ex>
         <ex>conmen</ex>
         <ex>conmanda</ex>
         <ex>conment</ex>
         <ex>conment</ex>
         <ex>moineconmanda</ex>
         <ex>connissoit</ex>
         <ex>conmanda</ex>
         <ex>conmandement</ex>
         <ex> conmencierent</ex>
         <ex>conmen</ex>
         <ex>conment</ex>
         <ex>conman</ex>
         <ex>conman</ex>
         <ex>contree</ex>
         <ex>conterai</ex>
         <ex>conmen</ex>
         <ex>conmanda</ex>
         <ex>conman</ex>
         <ex>conmandemenz</ex>
         <ex>conment</ex>
         <ex>conmanda</ex>
         <ex>conmencierent</ex>
         <ex>conmence</ex>
         <ex>conne</ex>
         <ex>conme</ex>
         <ex>conme</ex>
         <ex>entrerentconmencierent
</ex>
         <ex>conmandemenz</ex>
         <ex>conmen</ex>
         <ex>conmandement</ex>
         <ex>meconmandas</ex>
         <ex>conm</ex>
         <ex>conmandemenz</ex>
         <ex>conpaignons</ex>
         <ex>conmen</ex>
         <ex>conmencierent</ex>
         <ex>conmanda</ex>
         <ex>conmen</ex>
         <ex>conman</ex>
         <ex>conmen</ex>
         <ex>conmen</ex>
         <ex>conmen</ex>
         <ex>Doncconmanda</ex>
         <ex>conmen</ex>
         <ex>leconmant</ex>
         <ex>conment</ex>
         <ex>liconmanda</ex>
         <ex>conment</ex>
         <ex>conmanda</ex>
         <ex>conmen</ex>
         <ex>liconmencie</ex>
         <ex>conmen</ex>
         <ex>conmencierent</ex>
         <ex>conmen</ex>
         <ex>conmen</ex>
         <ex>siconme</ex>
         <ex>conmencie</ex>
         <ex>encontre</ex>
         <ex>conme
</ex>
         <ex>conmen</ex>
         <ex>Siconme</ex>
         <ex>liconmen</ex>
         <ex>conmen</ex>
         <ex>conmanda</ex>
         <ex>conselle</ex>
         <ex>conselle</ex>
         <ex>orsconmanda</ex>
         <ex>conmanda</ex>
         <ex>conment</ex>
         <ex>conmanda</ex>
         <ex>conpaignie</ex>
         <ex>conm</ex>
         <ex>sconmunement</ex>
         <ex>conmanda</ex>
         <ex>conment</ex>
         <ex>cont</ex>
         <ex>conmen</ex>
         <ex>conme</ex>
         <ex>conme</ex>
         <ex>conme</ex>
         <ex>conment</ex>
         <ex>leconmandement</ex>
         <ex>deconmander
</ex>
         <ex>conmencierent</ex>
         <ex>conmencierent</ex>
         <ex>conmen</ex>
         <ex>siconme</ex>
         <ex>conme</ex>
         <ex>conme</ex>
         <ex>conmen</ex>
         <ex>conmant</ex>
         <ex>conmencier
</ex>
         <ex>conmandement</ex>
         <ex> conmandez</ex>
         <ex>laconpagnie</ex>
         <ex>conmence</ex>
         <ex>conmence
</ex>
         <ex>conment</ex>
         <ex>consomee</ex>
         <ex>conmencierent</ex>
         <ex>conme
</ex>
         <ex>conmencierent</ex>
         <ex>siconil
</ex>
         <ex>conme</ex>
         <ex>ieconment</ex>
         <ex>conmen</ex>
         <ex>ilconmanderent</ex>
         <ex>conmanderent</ex>
         <ex>sesconmandemenz</ex>
         <ex>conmenci</ex>
         <ex>leconmandement</ex>
         <ex>conmencierent</ex>
         <ex>conme</ex>
         <ex>conme</ex>
         <ex>conmanda</ex>
         <ex>conmence</ex>
         <ex>conmence
</ex>
         <ex>conmen</ex>
         <ex>conme</ex>
         <ex>conmencent</ex>
         <ex>confessor.</ex>
         <ex>conmencent</ex>
         <ex>confessor.</ex>
         <ex>conmen</ex>
         <ex>oitconmand</ex>
         <ex>conmand</ex>
         <ex>leconmencierent
</ex>
         <ex>lorconmanda
</ex>
         <ex>conmandast
</ex>
         <ex>ocirreconment</ex>
         <ex>conme</ex>
         <ex>conmande</ex>
         <ex>conment</ex>
         <ex>connurent</ex>
         <ex>conmande</ex>
         <ex>conmencierent</ex>
         <ex>conmencie</ex>
         <ex>conmen</ex>
         <ex>conment</ex>
         <ex>conmande</ex>
         <ex>liconmandemens</ex>
         <ex>conmen</ex>
         <ex>conmencierent</ex>
         <ex>raconte</ex>
         <ex>raconte</ex>
         <ex>conmen</ex>
         <ex>oieconment</ex>
         <ex>conme</ex>
         <ex>conmen</ex>
         <ex>conmanda</ex>
         <ex>conmande</ex>
         <ex>leconmandement</ex>
         <ex>conme</ex>
         <ex>conme</ex>
         <ex>conmencier</ex>
         <ex>leconmen</ex>
         <ex>conmanda</ex>
         <ex>conme</ex>
         <ex>conme</ex>
         <ex>laconmanda
</ex>
         <ex>conmen</ex>
         <ex>oscontro</ex>
         <ex>conmencierent</ex>
         <ex>congi</ex>
         <ex>conmen</ex>
         <ex>conmen</ex>
         <ex>conme</ex>
         <ex>siconme
</ex>
         <ex>conme</ex>
         <ex>connoi</ex>
         <ex>conme</ex>
         <ex>conmen</ex>
         <ex>conmen</ex>
         <ex>liconmen</ex>
         <ex>conman</ex>
         <ex>conmen</ex>
         <ex>conmandoit</ex>
         <ex>conme
</ex>
         <ex>conmanda</ex>
         <ex>conmanz</ex>
         <ex>conmand</ex>
         <ex>conmanz</ex>
         <ex>conmandemenz</ex>
         <ex>conmanderoit</ex>
         <ex>conman</ex>
         <ex>conmandement</ex>
         <ex>conmen</ex>
         <ex>lesconmandemenz</ex>
         <ex>conman</ex>
         <ex>lacontree</ex>
         <ex>conmencierent</ex>
         <ex>conmenci</ex>
         <ex>conne</ex>
         <ex>encontre</ex>
         <ex>aconplir</ex>
         <ex>conme</ex>
         <ex>conmence
</ex>
         <ex>conmen</ex>
         <ex>conmencement</ex>
         <ex>conmand</ex>
         <ex>conmanda</ex>
         <ex>conment</ex>
         <ex>conient
</ex>
         <ex>conme</ex>
         <ex>conme</ex>
         <ex>conmencierent</ex>
         <ex>conmencierent</ex>
         <ex>conme</ex>
         <ex>lesconmencierent</ex>
         <ex>conne</ex>
         <ex>conmencement</ex>
         <ex>conment</ex>
         <ex>conmen</ex>
         <ex>conmen</ex>
         <ex>siconmen</ex>
         <ex>conmander</ex>
         <ex>conmanda</ex>
         <ex>conmencierent</ex>
         <ex>conmanda</ex>
         <ex>conmandement
</ex>
         <ex>liconmen</ex>
         <ex>conmen</ex>
         <ex>leconmandement</ex>
         <ex>conmen</ex>
         <ex>conmanda</ex>
         <ex>conme</ex>
         <ex>conmencierent
</ex>
         <ex>lacontree</ex>
         <ex>conment</ex>
         <ex>conmen</ex>
         <ex>conmanda</ex>
         <ex>conmen</ex>
         <ex>conme</ex>
      </td>
   </tr>
   <tr>
      <td></td>
      <td>
         <em>qe</em>
         <ex>onqes</ex>
         <ex>onqes</ex>
         <ex>tresqeas</ex>
         <ex>onqes</ex>
         <ex>esqeen</ex>
         <ex>qeil</ex>
         <ex>onqes</ex>
         <ex>onqes</ex>
         <ex>qels</ex>
         <ex>onqes</ex>
         <ex>anqeonqes</ex>
         <ex>onqes</ex>
         <ex>reisonsqetu</ex>
         <ex>auqes</ex>
         <ex>qee</ex>
         <ex>asqes</ex>
         <ex>reqerre</ex>
      </td>
   </tr>
   <tr>
      <td>﻿p</td>
      <td>
         <em>pre</em>
         <ex>pretres</ex>
         <ex>lipreost</ex>
      </td>
      <td>
         <em>pré</em>
         <ex>Aprés</ex>
         <ex>Aprés</ex>
      </td>
   </tr>
   <tr>
      <td>﻿ꝑ</td>
      <td>
         <em>Per</em>
         <ex>﻿Pere</ex>
      </td>
      <td>
         <em>par</em>
         <ex>ne﻿parla</ex>
         <ex>parmons</ex>
         <ex>departi
</ex>
         <ex>﻿partie.</ex>
         <ex>forceparla</ex>
         <ex>parmiracles</ex>
         <ex>oirpar
</ex>
         <ex>parta</ex>
         <ex>paroles</ex>
         <ex>parties</ex>
         <ex>es﻿partirent</ex>
         <ex>baptesmeparlor</ex>
         <ex>﻿parlor</ex>
         <ex>﻿parmoi</ex>
         <ex>foiparcoi</ex>
         <ex>﻿partirent</ex>
         <ex>aparut</ex>
         <ex>cenz﻿parn</ex>
         <ex>lumiere﻿parmenable</ex>
         <ex>﻿parta</ex>
         <ex>﻿parles</ex>
         <ex>parce</ex>
         <ex>parmenable.</ex>
         <ex>de﻿parti</ex>
         <ex>﻿partotes</ex>
         <ex>﻿parmenable</ex>
         <ex>﻿parler
</ex>
         <ex>departie</ex>
         <ex>﻿par</ex>
         <ex>departiroit</ex>
         <ex>﻿parcest</ex>
         <ex>﻿parcom
</ex>
         <ex>messepargrant</ex>
         <ex>partote
</ex>
         <ex>﻿parses
</ex>
         <ex>lesparoles</ex>
         <ex>﻿parnostre</ex>
         <ex>sacra﻿pargrant</ex>
         <ex>﻿partotes</ex>
         <ex>eparlui
</ex>
         <ex>de﻿parti</ex>
         <ex>pargeunes</ex>
         <ex>parmenable</ex>
         <ex>departoit</ex>
         <ex>departies.</ex>
         <ex>parmi</ex>
         <ex>partie</ex>
         <ex>parles</ex>
         <ex>seulementparnon</ex>
         <ex>departir</ex>
         <ex>partout
</ex>
         <ex>parma</ex>
         <ex>par
</ex>
         <ex>departi
</ex>
         <ex>seisiparmi</ex>
         <ex>parole</ex>
         <ex>departi</ex>
         <ex>amesparson</ex>
         <ex>partout</ex>
         <ex>pardesputisons</ex>
         <ex>pareraies</ex>
         <ex>part</ex>
         <ex>parl</ex>
         <ex>parl</ex>
         <ex>parsa</ex>
         <ex>deparnostre</ex>
         <ex>pardolereuse</ex>
         <ex>departi</ex>
         <ex>parla</ex>
         <ex>par</ex>
         <ex>parler</ex>
         <ex>autrepartie</ex>
         <ex>par</ex>
         <ex>sipar</ex>
         <ex>departi</ex>
         <ex>parsa</ex>
         <ex>parsa</ex>
         <ex>parla</ex>
         <ex>parla
</ex>
         <ex>pardon</ex>
         <ex>parla</ex>
         <ex>examplespartieus</ex>
         <ex>parla</ex>
         <ex>partoi</ex>
         <ex>dignesparcui
</ex>
         <ex>parla</ex>
         <ex>partel</ex>
         <ex>parle</ex>
         <ex>parbones</ex>
         <ex>depar</ex>
         <ex>departisist</ex>
         <ex>parsa
</ex>
         <ex>parla</ex>
         <ex>parderriers</ex>
         <ex>parla</ex>
         <ex>departi</ex>
         <ex>par
</ex>
         <ex>metezparce</ex>
         <ex>parmout</ex>
         <ex>donaparla</ex>
         <ex>parlui</ex>
         <ex>oitparla</ex>
         <ex>parsi</ex>
         <ex>alparune</ex>
         <ex>parne</ex>
         <ex>paroles
</ex>
         <ex>parle</ex>
         <ex>par.</ex>
         <ex>parmeintes</ex>
         <ex>siparloit</ex>
         <ex>parl</ex>
         <ex>parmout</ex>
         <ex>parlui
</ex>
         <ex>parses</ex>
         <ex>parmellor
</ex>
         <ex>parloit</ex>
         <ex>parla</ex>
         <ex>parla</ex>
         <ex>parler</ex>
         <ex>cezparoles.</ex>
         <ex>parmeintes</ex>
         <ex>parla</ex>
         <ex>aparut</ex>
         <ex>parler</ex>
         <ex>parle</ex>
         <ex>parmeintes</ex>
         <ex>pardeseure</ex>
         <ex>arsparla</ex>
         <ex>parson</ex>
         <ex>qeparraie</ex>
         <ex>parmenable</ex>
         <ex>mesparoles.</ex>
         <ex>parsa</ex>
         <ex>departirent</ex>
         <ex>parautel
</ex>
         <ex>parole
</ex>
         <ex>enparmenable</ex>
         <ex>parles</ex>
         <ex>parmenable.</ex>
         <ex>departi</ex>
         <ex>paroles</ex>
         <ex>paroles</ex>
         <ex>deparnostre</ex>
         <ex>parnostre</ex>
         <ex>departir
</ex>
         <ex>fuparles</ex>
         <ex>partie</ex>
         <ex>parerit</ex>
         <ex>enoientparcui</ex>
         <ex>partoz</ex>
         <ex>emparmenable</ex>
         <ex>sparenir.</ex>
         <ex>parmolt</ex>
         <ex>touteparfete</ex>
         <ex>parla</ex>
         <ex>paroles</ex>
         <ex>parla</ex>
         <ex>legierementparl</ex>
         <ex>croireparl</ex>
         <ex>﻿partout</ex>
         <ex>parsa</ex>
         <ex>parla</ex>
         <ex>departi</ex>
         <ex>﻿parties</ex>
         <ex>﻿parsa</ex>
         <ex>parle</ex>
         <ex>parmenable.</ex>
         <ex>mandaparmolt</ex>
         <ex>suesfrepartoi</ex>
         <ex>parses</ex>
         <ex>fuparle</ex>
         <ex>partoz</ex>
         <ex>﻿paroles</ex>
         <ex>﻿partout</ex>
         <ex>﻿partie</ex>
         <ex>﻿parsa</ex>
         <ex>oientpargrant
</ex>
         <ex>de﻿partie</ex>
         <ex> ﻿parla</ex>
         <ex>﻿parti</ex>
         <ex>﻿parmout</ex>
         <ex>﻿parmi</ex>
         <ex>﻿parmi</ex>
         <ex>parmenable</ex>
         <ex>tantparmer</ex>
         <ex>﻿partirent</ex>
         <ex>reporterentparnuit</ex>
         <ex>languagespartoute</ex>
         <ex>totespars.</ex>
         <ex>parmout</ex>
         <ex>totesparz</ex>
         <ex>teesparles</ex>
         <ex>﻿parmout</ex>
         <ex> parta</ex>
         <ex> parler</ex>
         <ex> parler</ex>
         <ex>nosparlions</ex>
         <ex>parla</ex>
         <ex>parsonges
</ex>
         <ex>parla</ex>
         <ex>paroles
</ex>
         <ex>departi</ex>
         <ex>partie</ex>
         <ex>departi</ex>
         <ex>departi</ex>
         <ex>partir</ex>
         <ex>para</ex>
         <ex>parcharmes.</ex>
         <ex>mparla</ex>
         <ex>abbesparla</ex>
         <ex>departi</ex>
         <ex>partie</ex>
         <ex>partoz</ex>
         <ex>par</ex>
         <ex>parbrief</ex>
         <ex>departoit.</ex>
         <ex>para</ex>
         <ex>pardon</ex>
         <ex>anzparces</ex>
         <ex>partrois</ex>
         <ex>parla</ex>
         <ex>arriereparce</ex>
         <ex>departirent</ex>
         <ex>parla</ex>
         <ex>parvomite.</ex>
         <ex>parla
</ex>
         <ex>paroles</ex>
         <ex>parenir
</ex>
         <ex>parla</ex>
         <ex>departiz</ex>
         <ex>part
</ex>
         <ex>oientparruile</ex>
         <ex>autrepartie</ex>
         <ex>parla
</ex>
         <ex>laparo</ex>
         <ex>departi</ex>
         <ex>sparceste</ex>
         <ex>departi</ex>
         <ex>parmer</ex>
         <ex>partote</ex>
         <ex>pareus</ex>
         <ex>parla</ex>
         <ex>parloient</ex>
         <ex>Tuparoles
</ex>
         <ex>ndepartote
</ex>
         <ex>parties</ex>
         <ex>pareu</ex>
         <ex>paroe</ex>
         <ex>departisist</ex>
         <ex>faitepargrant
</ex>
         <ex>partoz</ex>
         <ex>partoz</ex>
         <ex>partoz</ex>
         <ex>pargrant</ex>
         <ex>parmenable</ex>
         <ex>departi</ex>
         <ex>parl</ex>
         <ex>parmeintes</ex>
         <ex>foizparmi</ex>
         <ex>parlerent.</ex>
         <ex>lui par</ex>
         <ex>nespara</ex>
         <ex>parenue</ex>
         <ex>parlions</ex>
         <ex>parson</ex>
         <ex>departi</ex>
         <ex>partesmoins</ex>
         <ex>departement</ex>
         <ex>﻿parmout</ex>
         <ex>par﻿ses</ex>
         <ex>﻿par.</ex>
         <ex>autrepart</ex>
         <ex>﻿parlor</ex>
         <ex>﻿parole</ex>
         <ex>departirent</ex>
      </td>
      <td>
         <em>per</em>
         <ex>desesper﻿</ex>
         <ex>sperit</ex>
         <ex>a﻿pertement</ex>
         <ex>em﻿pereres</ex>
         <ex>empereres</ex>
         <ex>em﻿pereres</ex>
         <ex>﻿peres</ex>
         <ex>ses﻿peres</ex>
         <ex>em﻿pereres</ex>
         <ex>pere</ex>
         <ex>empereors</ex>
         <ex>empereor
</ex>
         <ex>empereres</ex>
         <ex>empereor</ex>
         <ex>empereres
</ex>
         <ex>empereres</ex>
         <ex>empereor</ex>
         <ex>aperut</ex>
         <ex>esperit</ex>
         <ex>peres</ex>
         <ex>empereres</ex>
         <ex>empereres</ex>
         <ex>empereor</ex>
         <ex>empereres</ex>
         <ex>empereres
</ex>
         <ex>empereres</ex>
         <ex>empereor
</ex>
         <ex>empereres</ex>
         <ex>empereres</ex>
         <ex>emperere</ex>
         <ex>empereor</ex>
         <ex>empereor</ex>
         <ex>empereor</ex>
         <ex>empereor</ex>
         <ex>empereres</ex>
         <ex>apertement</ex>
         <ex>sperit</ex>
         <ex>esperiz</ex>
         <ex>aperce</ex>
         <ex>esperiz</ex>
         <ex>em﻿pereor</ex>
         <ex>empereor</ex>
         <ex>em﻿pereor</ex>
         <ex>em﻿pereor</ex>
         <ex>em﻿pereor</ex>
         <ex>em﻿pereres
</ex>
         <ex>em﻿pereres</ex>
         <ex>empereres</ex>
         <ex>em﻿pereres
</ex>
         <ex>em﻿pereres</ex>
         <ex>mpereres</ex>
         <ex>empereres
</ex>
         <ex>empereor.</ex>
         <ex>a﻿pertement</ex>
         <ex>empereres</ex>
         <ex>﻿pere</ex>
         <ex>aperce</ex>
         <ex>aperce</ex>
         <ex>em﻿pereor</ex>
         <ex>empereres</ex>
         <ex>em﻿pereor
</ex>
      </td>
      <td>
         <em>pre</em>
         <ex>prestre</ex>
         <ex>Liprestres</ex>
         <ex>prestre</ex>
      </td>
      <td>
         <em>pro</em>
         <ex>apropinquabit</ex>
      </td>
   </tr>
   <tr>
      <td>﻿﻿﻿spū</td>
      <td>
         <em>spiritu</em>
         <ex>etspiritu</ex>
      </td>
   </tr>
   <tr>
      <td>﻿﻿﻿uͤ</td>
      <td>
         <em>vre</em>
         <ex>oevres</ex>
         <ex>povres</ex>
         <ex>oevres</ex>
         <ex>oevres</ex>
      </td>
   </tr>
   <tr>
      <td>﻿﻿﻿uͥ</td>
      <td>
         <em>uer</em>
         <ex>fuerit</ex>
      </td>
   </tr>
   <tr>
      <td>﻿﻿﻿ū</td>
      <td>
         <em>um</em>
         <ex>regnumcelo</ex>
         <ex>regnumDei</ex>
         <ex>epotianum</ex>
         <ex>eternumin</ex>
      </td>
      <td>
         <em>un</em>
         <ex>dunchastel</ex>
         <ex>chascunleu</ex>
         <ex>Aucunbien</ex>
         <ex>chascunor</ex>
      </td>
      <td>
         <em>ver</em>
         <ex>envers</ex>
         <ex>vertuz</ex>
         <ex>diverses</ex>
         <ex>envers</ex>
         <ex>envers</ex>
      </td>
   </tr>
</table>Vie de saint BenoitWauchier de DenainAriane Pinche2017ParisBibliothèque nationale de Francefr. 00412Oeuvres hagiographiques de Wauchier de Denain1285Notice tiré de la base Jonas, Anne-Françoise Leurquin et Marie-Laure Savoye,
                     notice de "PARIS, Bibliothèque nationale de France, Manuscrits, fr. 00412" dans
                     la base Jonas-IRHT/CNRS (permalink : http://jonas.irht.cnrs.fr/manuscrit/45533). Consultation du
                     03/07/2015 fol.103-fol.170Wauchier de DenainOeuvres hagiographiques de Wauchier de DenainDe saint Martin mout doit on doucement et volentiers le bien oïr et
                        entendreparchemin33024521 Senions, 245 foliosCarolineThis pointer pattern extracts chapter and sectionThis pointer pattern extracts chapter.Gregoire540604Grégoire le grand, pape de Rome de 590 à 604, auteur des
                        Dialogues dont la Vie de saint Benoit fait partie.AppollinDieu romainSaint Germein6e siècle541Saint Germain de Capoue, Evêque de Capoue en Italie. Il
                     était ami de Saint Benoît.SernanduAbbé, Personnage de la Vie de Saint BenoitScolasticaNonne, Personnage de la Vie de Saint BenoitZallaHomme de mauvaise réputation, Personnage de la Vie de
                        Saint BenoitAgapitesSous-diacre de Saint
                        BenoitPelerinsMoine de Saint
                     BenoitYlaratesConvers du mont
                        Cassin, Personnage de la Vie de Saint
                        BenoitTheoprobusHomme noble, Personnage de la Vie de Saint BenoitCostanceÉvêque d'Aquino,
                     Personnage de la Vie de Saint BenoitRudichCompagnon du roi Totila, Personnage de la Vie de Saint
                        BenoitBlidinCompagnon du roi Totila, Personnage de la Vie de Saint
                        BenoitVultCompagnon du roi Totila, Personnage de la Vie de Saint
                        BenoitRingosServiteur du roi Totila, Personnage de la Vie de Saint
                        BenoitThotila552Totila, roi ostrogoths, élu roi d'Italie en 541FlorentinPrêtre, personnage de la Vie de Saint BenoitGotusPersonnage de la Vie de Saint
                        BenoitPompeienAbbé, personnage de la Vie de Saint BenoitPlacidumFils d'Theralius
                     envoié auprès de saint Benoit.ThéraliusNoble qui envoia son fils Placidum auprès de saint Benoit.MaurumFils d'Evitius
                     envoié auprès de saint Benoit.EvitusNoble qui envoia son fils Maurum auprès de saint Benoit.DeudonnezAbbé, personnage de la Vie de Saint BenoitRomeinMoine, personnage de la Vie de Saint BenoitValentinienAbbé du monastère de Latran, puis moine du monastère du mont
                        CassinSimplicesTroisième successeur de saint Benoit à la tête du
                     monestère de Mont-Cassin.HonoresAbbé du monastère où saint Benoit rentra dans les ordres
                     à l'époque de Grégoire de Tours.ConstentinSuccesseur de saint Benoit à la tête du monestère de
                     Mont-CassinGrégoire538594Saint Grégoire de Tours, historien et hagiographe, évêque de Tours de 573 à sa
                     mort.Honoire4e siecle5e siecleFlavius Honorius, empereur de la partie occidentale de
                     l'empire romain de 395 à 423.EusebiusPère de saint
                     Jérôme.MarmoriusSarrazins, propriétaire de Deudoné.DeudonéFils de JechronApolloineÉvêque d'ExcorandeEufrosinefemme du pèlerin JechronJechronpèlerin d'ExcorandeCorras10931152Conrad III, empereur d'AllemagneLeonsÉvêque de CupersaneGodinsArchevêque d'ArgentaneErnolsArnulphus, évêque de ButuntumArmanieJeune fille, personnage de la Vie de
                           saint NicolasAlexisAlexis 1er Commène, empereur de Constantinoples
                     de 1081 à 1118.Benoit (saint)480547Saint Benoit, patriarche et législateur des moines
                     d'Occident, fondateur de l'ordre des bénédictins. Abbé du Mont-Cassin, il est célèbre pour sa règle de vie
                     monastique, la règle de saint Benoit.George (saint)Saint GeorgeRodevalduspersonnage contant parmi les marchands de Bari.eustachepersonnage contant parmi les marchands de Bari.Lupuspersonnage contant parmi les prêtres qui accompagnent
                     les marchands de Bari.Mathiuspersonnage contant parmi les prêtres qui accompagnent
                     les marchands de Bari.Mathiuspersonnage contant parmi les jeunes gens qui
                     accompagnent les marchands de Bari.Alixandrepersonnage contant parmi les jeunes gens qui
                     accompagnent les marchands de Bari.LuciusEmpereur romain.AntiocusAntiochus, gouverneur responsable du martyre de
                        saint Serge et saint
                        Bace en 303.Bace (saint)3e siecle303Saint Bace (Bacchus), martyr avec saint Serge en 303.Serge (saint)3e siecle303Saint Serge, martyr avec saint
                        Bace en 303.Théodore (saint)4e siecle4e siecleSaint Théodore de le Tiron, moine de Constantinople, martyr du 4.Etiene?37Saint Etienne, premier martyr chrétien, il fait partie
                     de la première communaité chrétienne de Jérusalem.Macairefin du 3e siècle334Saint Machaire, évêque de Jérusalem, la Vie présente ici une erreur historique en le
                     faisant pape.Justinien48214 novembre 565Justinien 1er, empereur de
                        Constantinople de 527 à 565,
                     cela induit une erreur de datation, due à l'interpolation d'éléments provenant
                     de la vie de Nicolas de Sion..HylarionClerc qui assiste aux derniers soins mortuaires de
                        saint Nicolas.PhelippeÉvêque de la cité de Feliton (Phellos).ArchemiusArtemas, prêtre présent au moment de la mort de
                        saint Nicolas.ChemelausHermelaus, prêtre présent au moment de la mort de
                        saint Nicolas.NicolasArchidiacre, présent au moment de la mort de saint Nicolas.Nicolaspersonnage de la Vie de saint
                        Nicolas, originaire de la ville de SivineMichel (saint)Saint Michel, archangeConstentinConstantin Ier, Empereur de
                     RomeYlarienGardien de la prison des trois princes condamnés à
                     mort.AlbaniesAlblabius, préfet du prétoire sous Constantin Ier.SymonidesPersonnage de la vie de saint Martial, haut dignitaire
                     sous Constantin Ier.EudoxiusPersonnage de la vie de saint Martial, haut dignitaire
                     sous Constantin Ier.DyoscurusSaint Dioscuride, martyr vers 244.CressentiusSaint Crescent, martyr vers 244.EustacheEustathius, consul impérial sous Constantin 1er.UrsusPersonnage de la Vie de saint
                        Nicolas, officier impérial envoyé en mission secrète et qui sera
                     condamné à mort par l'empereur.AquileonPersonnage de la Vie de saint
                        Nicolas, officier impérial envoyé en mission secrète et qui sera
                     condamné à mort par l'empereur.NepotiensPersonnage de la Vie de saint
                        Nicolas, officier impérial envoyé en mission secrète et qui sera
                     condamné à mort par l'empereur.Dianedéesse du panthéon latin.Nicolas (saint)CharlemagneEmpereur des FrancsPriussaint hommeFlaviRoi du sud de la France, personnage de la vie de
                        saint GillesVeredemiusErmite, personnage de la vie de saint GillesAureliusArchidiacre de Césaire, personnage de la vie de saint
                        GillesTheocriteVeuve, personnage de la vie de saint GillesCésaireEvêque d'ArlesGillesTheodorusPère de saint
                     GillesPelagieMère de saint
                     GillesJean (Baptiste)Personnage biblique, Jean le
                        Baptiste fut prédicateur en Judée avant Jésus de Nazareth.Valentinien37115 mai 392Valentinien II, fils de Valentinien Ier, est
                     empereur romain de 375 à 392.GallusPersonnage de la Des dialogues sur les vertus de saint
                        Martin, il aurait été un disciple de saint Martin.PostumienPersonnage de la Des dialogues sur les vertus de saint
                        Martin, il aurait été un moine explorateur qui a rencontrer les saints
                     pères du désert.360420SeverusSulpice Sévère, auteur latin des Dialogues sur les vertus de saint Martin et de la Vie de saint Martin, il se met en scène comme étant l'un
                     des trois interlocuteurs des Dialogues sur les vertus de
                        saint Martin.Martin (saint)316397Saint Martin de Tours est né dans en Hongrie dans la colonie
                     romaine de Sabaria en 316. Il est mort à
                        Candes en France le 8 novembre
                     397.Jésus Christ030Jésus-Christ est le nom donné par l'ensemble des chrétiens au
                     prophète qu'ils considèrent comme le Messie Les chrétiens reconnaissent
                     Jésus-Christ comme le Messie et le Fils unique de Dieu.Maximin1738 août 384Magnus Clemens
                     Maximusest un officier romain qui à la tête des légions de Bretagne
                     renversa en 383 l'empereur Gratien, et régna sur l'Occident jusqu'en 388, où il
                     fut vaincu et tué par les troupes de Théodose.ArboriusMagnus Arborius, élu comte des largesses sacrées en 379,
                     puis préfet de Rome en 380, il aurait été l’un des protecteurs de saint Martin,
                     voir Sulpice Sévère, Vie de saint
                           Martin. Tome II, éd. Jacques Fontaine, Paris Éd du Cerf, 1968,
                        p.874.ItacheIthacium, evêque d'Ossobona et meneur du parti épiscopal
                     hostile à Priscillien, voir Chadwick, Priscillian, p.51-55.Priscillien340385Évêque
                     d'Avila, hérésiarque, il est le fondateur de la secte priscillianiste. Il fut
                     banni d'Espagne par un décret de Gratien puis exécuté en 385.TheonisteÉvêque gallo-romain, il est le seul parmi les Ithaciens
                     a avoir rompu avec la faction en condamnant publiquement ses agissementsFelicesÉvêqueCyprien3e siècle258Evêque de
                     Carthage, martyr, victime des persécutions de l'empereur Valérien
                     (253-260).Chaton-95-46Marcus Porcius Cato, dit Caton d'Utique, homme d'Etat romain, en
                     63, lors de la conjuration de Catilina, il prit le parti de Cicéron. Lors des
                     guerres civiles (-49), il se prononça pour Pompée et prit les armes contre César. Après la défaite de Metellus Scipion à Thapsus le 6 avril
                     46, Caton, plutôt que de perdre sa liberté, préféra se suicider en se
                     transperçant de son épée.Cesar12 juillet en 100 av. J-C.15 mars en 44 av. J-C.Caius Iulius Caesar, général romain, fin
                     stratège, suite aux guerres civiles (49-45) qu'il remportera, il se fera nommer
                     dictateur à vie de Rome avant d'être assassiné par Brutus aux Ides de Mars 44.
                  Pompeusle 29 septembre 106 av. J-C.le 28 septembre 48 av. J-C.Cnaeus Pompeius Magnus, général et homme politique
                     romain, il s'opposa à Jules César durant les
                     guerres civiles qu'il perdit lors de la bataille de Pharsale en 48 av. J-C. Il
                     prit alors la fuite vers l'Égypte où il fut assassiné sur la plage de
                     Péluse.Lucanle 3 novembre 39le 28 septembre 65Marcus Annaeus Lucanus, célèbre orateur et écrivain
                     romain, neveu de Sénèque, il composa la Pharsale, épopée
                     qui relate la guerre civile qui opposa Pompée et César entre 49 et 48
                     av. J.-C.Origene (sanit)185254Père de
                     l'Eglise, considéré comme le fondateur de l'exégèse biblique pour avoir
                     commenté tous les livres de l'Ancien et du Nouveau Testament. IL est également
                     connu pour être l'auteur du Traité des principes
                     (231).Jerome (saint)345le 20 septembre 420Père et
                     docteur de l'Eglise, célèbre traducteur de la bible latine. Il est l'un des
                     principaux opposants aux idées d'Origène.BelguisunPersonnage des Dialogues, il
                     semble être un ami de Gallus, peut-être un disciple de saint Martin. J.Fontaine
                     suggère que ce nom pourrait être un cognomen ethnique, voir
                           Sulpice Sévère, Gallus,
                           Dialogues sur les "vertus" de saint Martin, éd. Jacques Fontaine,
                        Paris Éd du Cerf, 2006, p.133Antoine251356Antoine le grand, Antoine d'Egypte ou Antoine
                        l'Ermite est considéré comme le fondateur du l'érémitisme
                     chrétien.Paul228341Paul de Thèbes ou Paul l'ermite est l'une des
                     figures fondatrices du monachisme, avec saint
                        Antoine.Jehan360432Jean Cassien ou Jean l'ermite prêtre et
                     moine, originaire d'Egypte, il établit sa communauté sur l'île de
                     Chypre.CyrenenseNom d'un personnage des Dialogues, vieux prêtre de auquel Postumien prêta sa copie de la Vie de saint Martin de
                        Sulpice Sévère. Son nom n'est pas
                     indiqué dans la source latine, mais il est fait mention du fait qu'il est
                     originaire de Cyrénaïque, cyrenensis. L'attribution de
                     ce nom au prêtre est peut-être lié à une confusion de Wauchier de Denain.ZachariePersonnage biblique, il serait le père de saint
                        Jean le Baptiste. Trop vieux pour
                     avoir un enfant, le Seigneur lui Apparais pour lui annoncer la naissance d'un
                     fils qui serait prophète. Zacharie est alors frappé de stupeur jusqu'à la
                     naissance de son fils. Il retrouvera la parole pour proclamer que le nom de son
                     fils est Jean, tel que le Seigneur le lui avait demander.EvanchiusPersonnage des Dialogues, oncle chrétien de GallusAgnes4e siècle4e siècleMartyr
                     romaineCecile3e siècle3e siècleMartyr
                     romaineMarie MagdalenePersonnage biblique, disciple femme de Jesus-Christ.Pere??64Pêcheur de
                     Galilée, devenu un des douze apôtres de Jésus-Christ. Il est le premier évêque
                     de RomeRefrigeriusPersonnage des Dialogues,
                     prêtre.EucheriusPersonnage des Dialogues,
                     consul.CelsusPersonnage des Dialogues,
                     consul.ValentinienPersonnage des Dialogues, evêque
                     du temps de saint Martin.VictricusPersonnage des Dialogues, evêque
                     de Rouen du temps de saint Martin.AvicienPersonnage des Dialogues, comte
                     de Tours du temps de saint Martin.SaturninePersonnage des Dialogues,
                     prêtre.ArpagePersonnage des Dialogues,
                     prêtre.AgaridutPersonnage des Dialogues,
                     gentilhomme, il arrive au monastère où se trouvent Sulpice Sevère, Postumien
                     et Gallus avec Refregerius.EvangilusPersonnage des Dialogues,
                     prêtre.MariePersonnage biblique, la vierge Marie est
                     la mère de Dieu.JupiterDieu romainMercuriusDieu romainMarcelPersonnage des Dialogues, prêtre
                     d'Amboise.ChatonPersonnage des Dialogues, diacre
                     de l'éveque saint Martin.JudasPersonnage biblique, apôtre qui trahit le Christ pour le
                     livrer à Ponce Pilate.Brice444Saint Brice de Tours,
                     Ordoné évêque de Tours en 397, il est le successeur de saint Martin. Il possède
                     une mauvaise réputation en raison de son affection pour le luxe et les chevaux
                     Paulin353431Paulin de Nole, né à Bordeaux vers 353,
                     mort à Nole en 431, est un poète et un ecclésiastique latin contemporain de
                     saint Augustin et de Martin de Tours, qui
                     l'encouragea dans sa vocation religieuse. Il a été évêque de Nole de 409 à sa
                     mort.PomponiePersonnage des Dialogues, ami de
                        Gallus.GauchierWauchier de Denain, auteur du recueil hagriographique
                        Li seint ConfessorDuc de NamurPhilippe de Namur, duc de Namur et comte de Hainault,
                     mécène de Wauchier de Denain.ValentiensSeigneur de la ville de Tours pendant que saint
                        Martin était évêque.Chaples41.0860925, 14.250207Capoue, ville italienne de CampanieTeracenence41.2241, 13.2495Terracine, ville italienne du LatiumAquinense41.4407, 13.7Aquino, ville italienne du LatiumTamisseVille de la Vie de saint BenoitSulie37.751645425, 14.6747958 Sicile, province romaine.Sublacus41.926211, 13.094892Sublaqueum, ville italienne.EffideActuelle Affile, ville située dans la zone métropolitaine de Rome. Lieu où
                     séjourna saint BenoitLatran41.885906, 12.506156Site religieux de Rome qui réunit, entre autres, la basilique de
                     Saint-Jean-de-Latran et le palais du Latran, séjour principal des papes entre
                     le IVe et le XIVe siècle.Nurse42.794246, 13.096435Nursie, ville d'Italie. Lieu de naissance de saint
                        BenoitMont Cassin41.4863253, 13.8252693333Mont Cassin, situé dans le latium en Italie. Vers 530, saint Benoit y fonda son abbaye et y rédigea la
                     règle de saint Benoit.PannonieRégion romaine d'Europe centrale, actuelle HongrieDalmasserégion romaine, actuelle CroatieStridonVille romaine, située entre la Pannonie et la Dalmatie,
                     où est né saint JérômeSeinte Marie de la charitéPrieuré clunisien de la Charité-sur-LoireBabiloineBabylone (Egypte)Seinte CroizÉglise près de LiègeExcorandeVille où habitait le pélerin Jechron. Le
                     nom est vraisemblement une déformation d'Alexandrette, port du Levant, en arabe
                        IskanderouWAUCHIER DE DENAIN, La vie de Mon Signeur Seint Nicholas le Beneoit confessor, éd. John
                        Jay Thompson, Genève, Suisse, Droz, 1999, p.253. AlemmaigneAllemagneLiegeVille de LiègeBoniventBénévent, ville du samniumEscaucvilleCupersaneCopertino, ville au Sud de BariArgentaneArgentanum, ville de BruttiumVerontheneVille de Butuntum près de BariPiseVille de Pise en ItalieCathapanLieu de la sépulture de saint Nicolas de BariTraneVille, proche de Bari.MacreMakri, presqu'île au large de la LycieMagestreMagiste, île au large de la LycieCacaviusCaccavus, île au large de la LycieAntiocheBarBari, ville italienne qui se trouve dans les pouilles.CalabreLa calabre, région d'Italie située à l'extrême sud-ouest de la
                     péninsuleSebastéSébastée, ville d'Arménie MineureFelitonPhellos, ville de LycieSivineSibinos, ville de Lycie, proche de MyreSaint-Syonabbaye fondée par saint Nicolas à
                        Myre, lieu de sa première
                     sépulture.NecapolieNeapolis, ville de LycieCrobeDomaine de l'archange de saint
                     MichelQuaparseCyparissus, ville de LycieLapresLisceLa lycie, province du sud de l'Asie mineure.CostantinopleConstantinopleVigauteGraphie fautive de Vigante qui désigne Byzance, capitale de la Thrace et du
                     futur empire romain d'Orient de Constantin à partir de 330.MyrreCapitale de Lycie et ville de épiscopale de saint
                        NicolasPatrePatara, ville de Lycie et ville de naissance de saint NicolasToivreFleuve du Tibre qui traverse Rome.CabinoneCabinonensem, nom latin de la ville de Cavaillon.ChypreMonastère de Sainte-CroixOrléansFranceNemausenseNemausensis, nom latin de la ville de Nîme.GardoneRivière du GardonRhôneArlesProvenceCaphseLieu inconnu, peut-être issu d'une confusion sur le texte latin (à
                     terminer)EgypteOrientNerbone43.184277 3.0030779999999595Marselle43.296482 5.369779999999992AufriqeAlixandre31.2000924 29.91873869999995CyreneRome41.8919300 12.5113300BethleemJerusalemOccidentNilNitreroge merSynayAiseThebesIndesSyreEthyopeHermenieBosforeTours47.3833300 0.6833300ChartreClaudomiasTrieveMansSensEmbaiseVille d'AmboiseTouraineEspagneLombardieGreceCarthageAchaïeChorinteAtheinesAthènesEuropeCholomaideSezileSicilePuilleLes pouilles, région de l'Italie méridoniale<table>
   <tr>
      <td>'</td>
      <td>
         <em>er</em>
         <ex>troeren</ex>
         <ex>terme</ex>
         <ex>esmerellier</ex>
         <ex>mengiertant</ex>
      </td>
      <td>
         <em>ier</em>
         <ex>olentiers</ex>
         <ex>aidierne
</ex>
         <ex>chevaliers</ex>
         <ex>mostiere
</ex>
         <ex>plenier.</ex>
      </td>
      <td>
         <em>os</em>
         <ex>osdirai</ex>
         <ex>nosentr</ex>
         <ex>oseoir</ex>
         <ex>faireosoel</ex>
         <ex>nosa</ex>
         <ex>nosde</ex>
         <ex>eosai</ex>
         <ex>osne</ex>
         <ex>nosa</ex>
         <ex>nosfumes</ex>
         <ex>nos</ex>
         <ex>nosaparoit</ex>
         <ex>osraconteroie</ex>
         <ex>nos</ex>
         <ex>nospe</ex>
         <ex>nosen
</ex>
         <ex>os</ex>
         <ex>osdiroie</ex>
         <ex>osconterai</ex>
         <ex>osen</ex>
         <ex>osos</ex>
         <ex>os
</ex>
         <ex>nose</ex>
      </td>
      <td>
         <em>re</em>
         <ex>prendre.</ex>
         <ex>premiers</ex>
         <ex>entendrene</ex>
      </td>
      <td>
         <em>s</em>
         <ex>us
</ex>
         <ex>sacreficesar</ex>
         <ex>bones</ex>
      </td>
      <td>
         <em>ue</em>
         <ex>queuns</ex>
         <ex>esqueqi</ex>
      </td>
      <td>
         <em>us</em>
         <ex>Beaussignors</ex>
         <ex>Beaussignor</ex>
         <ex>Beausperes</ex>
         <ex>estusde</ex>
         <ex>plus
</ex>
         <ex>plusententi</ex>
         <ex>Beaus
</ex>
         <ex>esperitueusce</ex>
         <ex>Beausfreres</ex>
         <ex>essiausmetre</ex>
         <ex>arceaus</ex>
         <ex>arceaus</ex>
         <ex>enceausdist</ex>
         <ex>porceaus.</ex>
         <ex>enceausau
</ex>
         <ex>Beaussire</ex>
         <ex>enceaussa</ex>
         <ex>enusde</ex>
         <ex>arceaus</ex>
         <ex>ceusqi</ex>
         <ex>dusgardes</ex>
         <ex>enus</ex>
         <ex>iustenues.</ex>
         <ex>tieuschoses</ex>
         <ex>enciaushauz</ex>
         <ex>ceusqi</ex>
         <ex>Beausfiuz</ex>
         <ex>enuscoment</ex>
         <ex>engigneusestoient</ex>
         <ex>enceausdeli</ex>
         <ex>morteusl</ex>
         <ex>euserrachoient
</ex>
         <ex>languereusclop</ex>
         <ex>languereusa</ex>
         <ex>eusensamble</ex>
         <ex>eusq</ex>
         <ex>estussanz</ex>
         <ex>enceauspuceles</ex>
         <ex>chasteausdes
</ex>
         <ex>palezineuspelerins</ex>
         <ex>enceaustenoit</ex>
         <ex>piausde</ex>
         <ex>beausmiracles.</ex>
         <ex>allus</ex>
         <ex>erus</ex>
         <ex>plusconter</ex>
      </td>
   </tr>
   <tr>
      <td>a'</td>
      <td>
         <em>an</em>
         <ex>afairesant</ex>
      </td>
   </tr>
   <tr>
      <td>aᷤ</td>
      <td>
         <em>as</em>
         <ex>ase</ex>
      </td>
   </tr>
   <tr>
      <td>bƺ</td>
      <td>
         <em>bus</em>
         <ex>omnibus</ex>
         <ex>ebus
</ex>
      </td>
   </tr>
   <tr>
      <td>cͥ</td>
      <td>
         <em>Cri</em>
         <ex>Crist</ex>
      </td>
      <td>
         <em>cri</em>
         <ex>ntecrist</ex>
      </td>
   </tr>
   <tr>
      <td>d'</td>
      <td>
         <em>dre</em>
         <ex>pendreen</ex>
      </td>
   </tr>
   <tr>
      <td>dͤ</td>
      <td>
         <em>de</em>
         <ex>gardede</ex>
      </td>
   </tr>
   <tr>
      <td>d</td>
      <td>
         <em>Domin</em>
         <ex>Domins</ex>
         <ex>Domine</ex>
      </td>
   </tr>
   <tr>
      <td>e'</td>
      <td>
         <em>en</em>
         <ex>laidengier</ex>
      </td>
   </tr>
   <tr>
      <td>eᷤ</td>
      <td>
         <em>es</em>
         <ex>deciplessi</ex>
         <ex>mesla</ex>
         <ex>iresli
</ex>
         <ex>choses.</ex>
         <ex>auques</ex>
         <ex>Mespor</ex>
      </td>
   </tr>
   <tr>
      <td>iͣ</td>
      <td>
         <em>rai</em>
         <ex>destraig</ex>
      </td>
   </tr>
   <tr>
      <td>iᷤ</td>
      <td>
         <em>is</em>
         <ex>puisqe</ex>
      </td>
   </tr>
   <tr>
      <td>mlt'</td>
      <td>
         <em>molt</em>
         <ex>moltde</ex>
         <ex>rochemoltestoit</ex>
         <ex>molt
</ex>
         <ex>molta</ex>
         <ex>moltso</ex>
         <ex>moltdocement</ex>
         <ex>moltcruelment</ex>
         <ex>moltdesirroit
</ex>
         <ex>molt</ex>
         <ex>molt</ex>
         <ex>moltdolenz</ex>
         <ex>moltcombrisiez</ex>
         <ex>moltestoit</ex>
         <ex>demoltgrant
</ex>
         <ex>moltbenignement</ex>
         <ex>eslectionmoltproierent</ex>
         <ex>moltgrant</ex>
         <ex>moltriches</ex>
         <ex>moltdolenz
</ex>
         <ex>moltpetit.</ex>
         <ex>moltiau</ex>
         <ex>moltgrant</ex>
         <ex>moltcar</ex>
         <ex>moltqe</ex>
         <ex>moltbenignement.</ex>
         <ex>moltfelon</ex>
         <ex>moltso</ex>
         <ex>moltprodome</ex>
         <ex>moltco</ex>
      </td>
   </tr>
   <tr>
      <td>m̃</td>
      <td>
         <em>mur</em>
         <ex>forsmurs</ex>
      </td>
   </tr>
   <tr>
      <td>m̅</td>
      <td>
         <em>men</em>
         <ex>longuement</ex>
         <ex>isnelement</ex>
         <ex>premierement</ex>
         <ex>meesmement</ex>
         <ex>habundanment.</ex>
         <ex>solement</ex>
         <ex>amonestement</ex>
         <ex>tormenz</ex>
         <ex>ement</ex>
         <ex>eraiement</ex>
         <ex>mencement</ex>
         <ex>dediement</ex>
         <ex>assiduelment</ex>
         <ex>heitiement</ex>
         <ex>tormentoit</ex>
         <ex>oignement</ex>
         <ex>longuement.</ex>
         <ex>esleecement.</ex>
         <ex>erranment</ex>
         <ex>comandemenz</ex>
         <ex>comandement</ex>
         <ex>durement</ex>
         <ex>docement</ex>
         <ex>rement</ex>
         <ex>benignement</ex>
         <ex>menablement</ex>
         <ex>solement</ex>
         <ex>belement</ex>
         <ex>seulement</ex>
         <ex>hautement</ex>
         <ex>raiement</ex>
         <ex>solement</ex>
         <ex>seulement</ex>
         <ex>pleinement</ex>
         <ex>hardiement</ex>
         <ex>meesmement</ex>
         <ex>seulement</ex>
         <ex>Ensement</ex>
         <ex>isnelement</ex>
         <ex>ement.</ex>
         <ex>autrement</ex>
         <ex>pleinement</ex>
      </td>
      <td>
         <em>mer</em>
         <ex>merel</ex>
      </td>
   </tr>
   <tr>
      <td>mͣ</td>
      <td>
         <em>Mar</em>
         <ex> Mart</ex>
         <ex>Mart</ex>
      </td>
   </tr>
   <tr>
      <td>nͣ</td>
      <td>
         <em>an</em>
         <ex>Qant</ex>
         <ex>mestierant</ex>
         <ex>qant</ex>
         <ex>Qant</ex>
         <ex>qant</ex>
         <ex>qant</ex>
         <ex>Qant</ex>
         <ex>Qant</ex>
         <ex>qant</ex>
         <ex>Qant</ex>
         <ex>Qant</ex>
         <ex>Qant</ex>
         <ex>Qant</ex>
         <ex>Qant</ex>
         <ex>Qant</ex>
         <ex>Qant</ex>
         <ex>qant</ex>
         <ex>qant</ex>
         <ex>Qant</ex>
         <ex>Qant</ex>
         <ex>qant</ex>
         <ex>qant</ex>
         <ex>qant</ex>
         <ex>qant</ex>
         <ex>Qant</ex>
         <ex>Qant</ex>
         <ex>qant</ex>
         <ex>Qant</ex>
         <ex>Qant</ex>
         <ex>qant</ex>
         <ex>qant</ex>
         <ex>Qant</ex>
         <ex>Qant</ex>
         <ex>Qant</ex>
         <ex>qant</ex>
         <ex>Qant</ex>
         <ex>Qant</ex>
         <ex>Qant</ex>
         <ex>qant</ex>
         <ex>qant</ex>
         <ex>qant</ex>
         <ex>qant</ex>
         <ex>qant</ex>
         <ex>qant</ex>
         <ex>qant</ex>
         <ex>Qant</ex>
         <ex>Qant</ex>
         <ex>Qant</ex>
         <ex>Qant</ex>
         <ex>qant</ex>
         <ex>Qant</ex>
         <ex>qant</ex>
         <ex>qant</ex>
         <ex>qant</ex>
         <ex>Qant</ex>
         <ex>qant</ex>
      </td>
      <td>
         <em>ran</em>
         <ex>granz</ex>
         <ex>granz</ex>
         <ex>grant</ex>
         <ex>grant</ex>
         <ex>grant</ex>
         <ex>grant</ex>
         <ex>grant</ex>
         <ex>grant</ex>
         <ex>grant</ex>
         <ex>grans</ex>
         <ex>grant</ex>
         <ex>grant</ex>
         <ex>grant</ex>
         <ex>grant</ex>
         <ex>grant</ex>
         <ex>granz</ex>
         <ex>grant</ex>
         <ex>granz</ex>
         <ex>grant</ex>
         <ex>grant</ex>
         <ex>grant</ex>
         <ex>grant</ex>
         <ex>grant</ex>
         <ex>grant</ex>
         <ex>grant</ex>
         <ex>granz</ex>
         <ex>grant</ex>
         <ex>grant</ex>
      </td>
   </tr>
   <tr>
      <td>nͥ</td>
      <td>
         <em>nier</em>
         <ex>maniere</ex>
      </td>
   </tr>
   <tr>
      <td>nͬ</td>
      <td>
         <em>nor</em>
         <ex>signordedenz</ex>
      </td>
   </tr>
   <tr>
      <td>nᷤ</td>
      <td>
         <em>ns</em>
         <ex>tens.</ex>
      </td>
   </tr>
   <tr>
      <td>o'</td>
      <td>
         <em>om</em>
         <ex>comli</ex>
         <ex>preudomseinz
</ex>
         <ex>comil</ex>
         <ex>comla</ex>
         <ex>preudom.</ex>
      </td>
      <td>
         <em>on</em>
         <ex>orisona</ex>
         <ex>confessor</ex>
         <ex>confessor</ex>
         <ex>son
</ex>
         <ex>conment</ex>
      </td>
   </tr>
   <tr>
      <td>pͥ</td>
      <td>
         <em>pri</em>
         <ex>espris</ex>
         <ex>prise.</ex>
         <ex>primes</ex>
         <ex>prist</ex>
         <ex>lesprinces</ex>
         <ex>repris</ex>
         <ex>prist</ex>
      </td>
   </tr>
   <tr>
      <td>pͬ</td>
      <td>
         <em>pr</em>
         <ex> pres</ex>
         <ex>esqepres</ex>
      </td>
   </tr>
   <tr>
      <td>q'</td>
      <td>
         <em>q'e</em>
         <ex>q'eles</ex>
         <ex>q'ele</ex>
      </td>
   </tr>
   <tr>
      <td>qƺ</td>
      <td>
         <em>que</em>
         <ex>usque</ex>
      </td>
   </tr>
   <tr>
      <td>qͤ</td>
      <td>
         <em>qe</em>
         <ex>qesi</ex>
      </td>
   </tr>
   <tr>
      <td>qͥ</td>
      <td>
         <em>q'i</em>
         <ex>q'il</ex>
         <ex>q'il</ex>
         <ex>ceq'il</ex>
         <ex>teleq'il</ex>
         <ex>q'il</ex>
         <ex>q'il</ex>
         <ex>q'il</ex>
         <ex>q'il</ex>
         <ex>foisq'il</ex>
      </td>
      <td>
         <em>qi</em>
         <ex>eritqi </ex>
         <ex>esqisi</ex>
         <ex>qiadis</ex>
         <ex>teqi</ex>
         <ex>teqi</ex>
      </td>
   </tr>
   <tr>
      <td>rͤ</td>
      <td>
         <em>re</em>
         <ex>eincoreesgarder</ex>
      </td>
   </tr>
   <tr>
      <td>rͥ</td>
      <td>
         <em>ri</em>
         <ex>grief</ex>
      </td>
   </tr>
   <tr>
      <td>s'</td>
      <td>
         <em>seint</em>
         <ex>seintartin</ex>
         <ex>seintartin</ex>
         <ex>seintartin</ex>
         <ex>seint </ex>
         <ex>seintt</ex>
         <ex>de.seint.</ex>
         <ex>.seint.</ex>
      </td>
   </tr>
   <tr>
      <td>tº</td>
      <td>
         <em>tro</em>
         <ex>estroite.</ex>
      </td>
   </tr>
   <tr>
      <td>tͧ</td>
      <td>
         <em>tur</em>
         <ex>nature</ex>
      </td>
   </tr>
   <tr>
      <td>tᵉ</td>
      <td>
         <em>tre</em>
         <ex>autrel</ex>
         <ex>nostreignor
</ex>
         <ex>nostreignor
</ex>
         <ex>autres</ex>
         <ex>contree</ex>
         <ex>nostreignor</ex>
         <ex>mestres</ex>
         <ex>prestres</ex>
      </td>
   </tr>
   <tr>
      <td>uͥ</td>
      <td>
         <em>vri</em>
         <ex>covrir</ex>
      </td>
   </tr>
   <tr>
      <td>ñ</td>
      <td>
         <em>non</em>
         <ex>non
</ex>
         <ex> non</ex>
      </td>
   </tr>
   <tr>
      <td>ā</td>
      <td>
         <em>am</em>
         <ex>Penitentiam</ex>
         <ex>ensamble</ex>
      </td>
      <td>
         <em>an</em>
         <ex>grant</ex>
         <ex>semblant</ex>
         <ex>marcheanz</ex>
         <ex>meintenant</ex>
         <ex>creance</ex>
         <ex>tramblant</ex>
         <ex>sanblance</ex>
         <ex>enfant</ex>
         <ex>grant</ex>
         <ex>deant</ex>
         <ex>rance</ex>
         <ex>preecant</ex>
         <ex>rance.</ex>
         <ex>tant</ex>
         <ex>anssambl</ex>
         <ex>demandai</ex>
         <ex>grant</ex>
         <ex>manmon
</ex>
         <ex>demanda</ex>
         <ex>sanz
</ex>
         <ex>tant</ex>
         <ex>deant</ex>
         <ex>doutance.</ex>
         <ex>creance</ex>
         <ex>deant</ex>
         <ex>tant</ex>
         <ex>aant</ex>
         <ex>enfant</ex>
         <ex>nsanble</ex>
         <ex>tant</ex>
         <ex>portanz</ex>
         <ex>granz</ex>
         <ex>granz</ex>
         <ex>serant</ex>
         <ex>estrange</ex>
         <ex>sanz</ex>
         <ex>ramembrance</ex>
         <ex>demorance</ex>
         <ex>grant</ex>
         <ex>seranz</ex>
         <ex>ensanble</ex>
         <ex>tant</ex>
         <ex>aant</ex>
         <ex>tant</ex>
         <ex>tant</ex>
         <ex>grant</ex>
         <ex>deant</ex>
         <ex>tant</ex>
         <ex>demanda</ex>
         <ex>deant</ex>
         <ex>repentanz</ex>
         <ex>meintenant</ex>
         <ex>tant</ex>
         <ex>aant</ex>
         <ex>grant</ex>
         <ex>deant</ex>
         <ex>tant</ex>
         <ex>tant</ex>
         <ex>grant</ex>
      </td>
   </tr>
   <tr>
      <td>ē</td>
      <td>
         <em>em</em>
         <ex>temple.</ex>
         <ex>temp</ex>
         <ex>lempereor</ex>
      </td>
      <td>
         <em>en</em>
         <ex>meintient</ex>
         <ex>citoienfirent</ex>
         <ex>esmurent</ex>
         <ex>Quenusurier</ex>
         <ex>genz</ex>
         <ex>tenpore</ex>
         <ex>tenp</ex>
         <ex>distrent</ex>
         <ex>lendemein</ex>
         <ex>prendre</ex>
         <ex>eroient</ex>
         <ex>ssent</ex>
         <ex>paiena</ex>
         <ex>firent</ex>
         <ex>estoient.</ex>
         <ex>alerent</ex>
         <ex>enorter</ex>
         <ex>griement</ex>
         <ex>bien
</ex>
         <ex>biense</ex>
         <ex>pristrent</ex>
         <ex>mengoit</ex>
         <ex>estoient</ex>
         <ex>estoient</ex>
         <ex>mandement</ex>
         <ex>biensanz</ex>
         <ex>distrent</ex>
         <ex>erent</ex>
         <ex>nen </ex>
         <ex>rendi</ex>
         <ex>doient
</ex>
         <ex>respondirent</ex>
         <ex>oenceaus</ex>
         <ex>denpnabitur.</ex>
         <ex>eoient</ex>
         <ex>indrent</ex>
         <ex>pristrent</ex>
         <ex>cenz</ex>
         <ex>cenz</ex>
         <ex>indrent</ex>
         <ex>fesoient</ex>
         <ex>proierent</ex>
         <ex>nenn</ex>
         <ex>menbres</ex>
         <ex>comena</ex>
         <ex>baptizierent</ex>
         <ex>arrestoient.</ex>
         <ex>descendoit</ex>
         <ex>mistrent</ex>
         <ex>respondirent</ex>
         <ex>chastement</ex>
         <ex>olentiers </ex>
         <ex>estoient</ex>
         <ex>lendemein</ex>
         <ex>oierent</ex>
         <ex>estoient</ex>
         <ex>descendre</ex>
         <ex>croient</ex>
         <ex>estoient</ex>
         <ex>pensoient</ex>
         <ex>oient</ex>
         <ex>eoient
</ex>
         <ex>aoroient</ex>
         <ex>trenchier</ex>
         <ex>noient</ex>
         <ex>rieng</ex>
         <ex>paiens</ex>
         <ex>estoient</ex>
         <ex>portoient</ex>
         <ex>ment</ex>
         <ex>menco</ex>
         <ex>biens</ex>
         <ex>roient</ex>
         <ex>indulgense.</ex>
         <ex>bienraconterai</ex>
         <ex>eillierent</ex>
         <ex>bienqe</ex>
         <ex>estoient</ex>
         <ex>enostre</ex>
         <ex>emporteroient</ex>
         <ex>ssent</ex>
         <ex>entendoit</ex>
         <ex>entendi</ex>
         <ex>porpensa</ex>
         <ex>ellierent</ex>
         <ex>erent</ex>
         <ex>genz</ex>
         <ex>estoient</ex>
         <ex>firent</ex>
         <ex>indrent</ex>
         <ex>mendiz</ex>
         <ex>assemblerent</ex>
         <ex>nenconois
</ex>
         <ex>ceens</ex>
         <ex>estoient</ex>
         <ex>argent</ex>
         <ex>amerent.</ex>
         <ex>estoient</ex>
         <ex>nient</ex>
         <ex>riens</ex>
         <ex>proierent</ex>
         <ex>mistrent</ex>
         <ex>ernement</ex>
         <ex>retiegnent</ex>
         <ex>entendoient</ex>
         <ex>dementieres</ex>
         <ex>siens</ex>
         <ex>oient</ex>
         <ex>irent</ex>
         <ex>prendoit</ex>
         <ex>conurent</ex>
         <ex>ssent.</ex>
         <ex>distrent</ex>
         <ex>trestrent</ex>
         <ex>furent</ex>
         <ex>erent.</ex>
         <ex>bienq</ex>
         <ex>partirent</ex>
         <ex>fussent</ex>
         <ex>rendez</ex>
         <ex>donerent</ex>
         <ex>firent</ex>
         <ex>assiduelment</ex>
         <ex>boient.</ex>
         <ex>fussent</ex>
         <ex>prendroient</ex>
         <ex>entrefirent</ex>
         <ex>oient</ex>
         <ex>emporteroient</ex>
         <ex>mistrent</ex>
         <ex>prendre</ex>
         <ex>demanderent</ex>
         <ex>distrent</ex>
         <ex>irent</ex>
         <ex>distrent</ex>
         <ex>distrent</ex>
         <ex>estoient</ex>
         <ex>retrestrent</ex>
         <ex>oient</ex>
         <ex>repristrent</ex>
         <ex>ent</ex>
         <ex>menroient</ex>
         <ex>diemence</ex>
         <ex>ocistrent.</ex>
         <ex>oelent</ex>
         <ex>demorerent</ex>
         <ex>oencel</ex>
         <ex>reclaiment.</ex>
         <ex>senreperierent</ex>
         <ex>menpuisses</ex>
         <ex>alerent</ex>
         <ex>oenceaus</ex>
         <ex>rient</ex>
         <ex>enz</ex>
         <ex>trentiesme</ex>
         <ex>desirroient</ex>
         <ex>argent</ex>
         <ex>soent</ex>
         <ex>menalai</ex>
         <ex>esgardoient.</ex>
         <ex>mencierent</ex>
         <ex>ententi</ex>
         <ex>assistrent</ex>
         <ex>estoient</ex>
         <ex>ient</ex>
         <ex>ssent</ex>
         <ex>hantent</ex>
         <ex>indrent</ex>
         <ex>mengoit</ex>
         <ex>entreil</ex>
         <ex>mengier</ex>
         <ex>oencel</ex>
         <ex>amoient
</ex>
         <ex>habitent</ex>
         <ex>ssent</ex>
         <ex>longement</ex>
         <ex>eoient</ex>
         <ex>irent</ex>
         <ex>ensanglent</ex>
         <ex>comencierent</ex>
         <ex>prensignast
</ex>
         <ex>prensigniez</ex>
         <ex>tesmoignent</ex>
         <ex>fussent</ex>
         <ex>empense.</ex>
         <ex>nentiegent</ex>
         <ex>biensachiez</ex>
         <ex>ient</ex>
         <ex>tesmoigneroient.</ex>
         <ex>tesmoigneroient</ex>
         <ex>dolenz</ex>
         <ex>bienq</ex>
         <ex>bienles</ex>
         <ex>riens</ex>
         <ex>olent</ex>
         <ex>puent</ex>
      </td>
   </tr>
   <tr>
      <td>ĩ</td>
      <td>
         <em>in</em>
         <ex>seint</ex>
         <ex>seint</ex>
         <ex>seint</ex>
         <ex>estreinz</ex>
         <ex>seinz</ex>
         <ex>seinz</ex>
         <ex>seinz</ex>
         <ex>ausint</ex>
         <ex>seinz</ex>
         <ex>ceint</ex>
         <ex>seint</ex>
         <ex>seinz</ex>
         <ex>Einsint</ex>
         <ex>eintenant
</ex>
         <ex>seint</ex>
         <ex>seint</ex>
         <ex>Seinz</ex>
         <ex>int</ex>
         <ex>seint</ex>
         <ex>aint</ex>
         <ex>ceint</ex>
         <ex>meins</ex>
         <ex>seinz</ex>
         <ex>meintenant</ex>
         <ex>seint</ex>
         <ex>amin</ex>
         <ex>seint</ex>
         <ex>seinz</ex>
         <ex>seinte</ex>
         <ex>seint</ex>
         <ex>meins</ex>
         <ex>Seintismes</ex>
         <ex>einz</ex>
         <ex>einsint</ex>
         <ex>meintenissent
</ex>
         <ex>seinz</ex>
         <ex>seinz</ex>
         <ex>ainz</ex>
         <ex>peinnes
</ex>
         <ex>seint</ex>
         <ex>int
</ex>
         <ex>seinz</ex>
         <ex>tesmoing</ex>
         <ex>seint</ex>
         <ex>vint</ex>
         <ex>seinz</ex>
         <ex>int</ex>
         <ex>seinz</ex>
         <ex>seinz</ex>
         <ex>tin</ex>
         <ex>tin</ex>
         <ex>certeinnement</ex>
         <ex>loing</ex>
         <ex>artins</ex>
         <ex>artin</ex>
         <ex>artin</ex>
         <ex>seinz</ex>
         <ex>artin</ex>
         <ex>seinte</ex>
         <ex>artins</ex>
         <ex>oitint</ex>
         <ex>seint</ex>
         <ex>meinz</ex>
         <ex>seint</ex>
         <ex>meins</ex>
         <ex>int</ex>
         <ex>Meintenant</ex>
         <ex>seinz</ex>
         <ex>seinz</ex>
         <ex>seint</ex>
         <ex>meinz</ex>
         <ex>seinte
</ex>
         <ex>seint</ex>
         <ex>seint</ex>
         <ex>meinune</ex>
         <ex>aint</ex>
         <ex>seinz</ex>
         <ex>seint</ex>
         <ex>oisins
</ex>
         <ex>seinz</ex>
         <ex>seinte</ex>
         <ex>Einsint</ex>
         <ex>seint</ex>
         <ex>seinz</ex>
         <ex>pleins</ex>
         <ex>einz</ex>
         <ex>eleint</ex>
         <ex>seint</ex>
         <ex>seint</ex>
         <ex>aussint</ex>
         <ex>seinz</ex>
         <ex>int</ex>
         <ex>seinz</ex>
         <ex>seint</ex>
         <ex>seint</ex>
         <ex>einsint</ex>
         <ex>ausint</ex>
         <ex>loing</ex>
         <ex>larrecinne
</ex>
         <ex>ing</ex>
         <ex>seint</ex>
         <ex>loing</ex>
         <ex>seinz</ex>
         <ex>seint</ex>
         <ex>seint</ex>
         <ex>enins</ex>
         <ex>meins</ex>
         <ex>seinz</ex>
         <ex>loing</ex>
         <ex>Seinz</ex>
         <ex>artins</ex>
         <ex>int</ex>
         <ex>seint</ex>
         <ex>seint</ex>
         <ex>destreins</ex>
         <ex>seint</ex>
         <ex>reint</ex>
         <ex>compleindre.</ex>
         <ex>artins</ex>
         <ex>meintenir</ex>
      </td>
   </tr>
   <tr>
      <td>ō</td>
      <td>
         <em>om</em>
         <ex>comnos</ex>
         <ex>comil</ex>
         <ex>come</ex>
         <ex>com</ex>
         <ex>comil</ex>
         <ex>nombre.</ex>
         <ex>coml</ex>
         <ex>comli</ex>
         <ex>comtoz</ex>
         <ex>com</ex>
         <ex>comil</ex>
         <ex>comnos</ex>
         <ex>comli</ex>
         <ex>preudommout</ex>
         <ex>homli</ex>
         <ex>comil</ex>
      </td>
      <td>
         <em>on</em>
         <ex>Dont</ex>
         <ex>resoignons</ex>
         <ex>noncierent</ex>
         <ex>mesons</ex>
         <ex>mesonqe</ex>
         <ex>sonser</ex>
         <ex>ision </ex>
         <ex>respondoit</ex>
         <ex>dragonqe</ex>
         <ex>nonsi</ex>
         <ex>beneon.</ex>
         <ex>sont</ex>
         <ex>cont</ex>
         <ex>montaigne</ex>
         <ex>nonmee</ex>
         <ex>anoncierent</ex>
         <ex>cond</ex>
         <ex>conpaignie</ex>
         <ex>raconte</ex>
         <ex>parfondece.</ex>
         <ex>non</ex>
         <ex>mons</ex>
         <ex>barons</ex>
         <ex>contes
</ex>
         <ex>non.</ex>
         <ex>bons</ex>
         <ex>confuson</ex>
         <ex>adonc</ex>
         <ex>respons</ex>
         <ex>oiron</ex>
         <ex>conter</ex>
         <ex>nont</ex>
         <ex>respondi</ex>
         <ex>temptationestoient
</ex>
         <ex>trencherons</ex>
         <ex>con</ex>
         <ex>conseil
</ex>
         <ex>meson</ex>
         <ex>meson.</ex>
         <ex>mesonen</ex>
         <ex>son</ex>
         <ex>son</ex>
         <ex>conmen</ex>
         <ex>pissonniaus</ex>
         <ex>puissons</ex>
         <ex>translationdel</ex>
         <ex>translationdel</ex>
         <ex>raconter</ex>
         <ex>aons</ex>
         <ex>monchier</ex>
         <ex>Dont</ex>
         <ex>dont</ex>
         <ex>oroisons</ex>
         <ex>dont</ex>
         <ex>sonaguet.</ex>
         <ex>beneonpuis</ex>
         <ex>puissons</ex>
         <ex>compaignons</ex>
         <ex>Adont</ex>
         <ex>tonbe</ex>
         <ex>monsigneur</ex>
         <ex>nonbre</ex>
         <ex>mona</ex>
         <ex>proions</ex>
         <ex>nonm</ex>
         <ex>monde.</ex>
         <ex>compaignons</ex>
         <ex>dont</ex>
         <ex>otionoste</ex>
         <ex>ethron</ex>
         <ex>monfil</ex>
         <ex>dont</ex>
         <ex>orisons</ex>
         <ex>ironnee</ex>
         <ex>Dont</ex>
         <ex>dont</ex>
         <ex>conpaignie</ex>
         <ex>compaignoni</ex>
         <ex>sonfil
</ex>
         <ex>raconterei</ex>
         <ex>racontes</ex>
         <ex>cont</ex>
         <ex>monfil</ex>
         <ex>non.</ex>
         <ex>orissons</ex>
         <ex>dont</ex>
      </td>
   </tr>
   <tr>
      <td>ŧ</td>
      <td>
         <em>it</em>
         <ex>oitqi</ex>
      </td>
   </tr>
   <tr>
      <td>ʑ</td>
      <td>
         <em>rum</em>
         <ex>celorumnisi</ex>
      </td>
   </tr>
   <tr>
      <td>ͤ</td>
      <td>
         <em>re</em>
         <ex>nostreignor.</ex>
         <ex>nostreires</ex>
         <ex>ostregrant</ex>
         <ex>mestres</ex>
         <ex>nostreignor</ex>
         <ex>demostreen</ex>
         <ex>autres</ex>
         <ex>nostreie</ex>
         <ex>estretoz</ex>
         <ex>mestreqe</ex>
         <ex>oeres</ex>
         <ex>lires</ex>
      </td>
   </tr>
   <tr>
      <td>ᵈ</td>
      <td>
         <em>d</em>
         <ex>ad</ex>
      </td>
   </tr>
   <tr>
      <td>ᷤ</td>
      <td>
         <em>s</em>
         <ex>Jerosmes</ex>
         <ex>osne</ex>
         <ex>noirsespris</ex>
         <ex>fantosmes.</ex>
         <ex>unsdes</ex>
         <ex>forsdel</ex>
         <ex>deablesa</ex>
         <ex>resuscites</ex>
         <ex>sacisos</ex>
         <ex>poissons</ex>
         <ex>poissanz</ex>
         <ex>miracles</ex>
         <ex>miracles</ex>
         <ex>apesiesl</ex>
         <ex>puis</ex>
         <ex>puisfist</ex>
         <ex>seintimese</ex>
         <ex>miraclespluiseurs</ex>
         <ex>icholasfesoient
</ex>
         <ex>pluiseurschoses</ex>
         <ex>puisle</ex>
         <ex>resne</ex>
         <ex>alascha</ex>
         <ex>misne</ex>
         <ex>portes.</ex>
         <ex>fantosmespar</ex>
      </td>
   </tr>
   <tr>
      <td>ṫ</td>
      <td>
         <em>te</em>
         <ex>detere.</ex>
         <ex>tere</ex>
         <ex>terre</ex>
         <ex>terre</ex>
         <ex>terre</ex>
      </td>
      <td>
         <em>ter</em>
         <ex>isiter</ex>
         <ex>terre</ex>
         <ex> terre</ex>
      </td>
      <td>
         <em>té</em>
         <ex>resuscitési</ex>
      </td>
   </tr>
   <tr>
      <td>⁊</td>
      <td>
         <em>Et</em>
         <ex>resplendissant.Ete</ex>
      </td>
      <td>
         <em>Et </em>
         <ex>chosesEt si</ex>
      </td>
      <td>
         <em>et </em>
         <ex>et de</ex>
         <ex>abstinenceet de</ex>
         <ex>ieet li</ex>
         <ex>et d</ex>
         <ex>et les</ex>
         <ex>et en</ex>
         <ex>et en
</ex>
         <ex>et diroient</ex>
         <ex> et a</ex>
         <ex>acreset si
</ex>
         <ex>borgneset aussi</ex>
         <ex>et parla</ex>
         <ex>et der</ex>
         <ex>sitezet molt
</ex>
         <ex>et a</ex>
         <ex>et mis</ex>
         <ex>et uns</ex>
         <ex>enceinteet si
</ex>
         <ex>et ot</ex>
         <ex>enfantet si</ex>
         <ex> et mout</ex>
         <ex>blasmeet tout</ex>
         <ex>et li</ex>
         <ex>et por</ex>
         <ex>et si</ex>
         <ex>et ta</ex>
         <ex>luxureet ex</ex>
         <ex>et si</ex>
         <ex>escondissoitet cil</ex>
         <ex>et de</ex>
         <ex>et sanz</ex>
         <ex>et si</ex>
         <ex>aet a</ex>
         <ex>et si</ex>
         <ex>demandet se</ex>
         <ex>et si</ex>
         <ex> et e</ex>
         <ex>et geterent</ex>
         <ex>et de</ex>
         <ex> et en</ex>
         <ex>et sachiez</ex>
         <ex>deet s</ex>
         <ex>leeet si</ex>
         <ex>et ceste
</ex>
         <ex>homeet dites</ex>
         <ex>erentet la</ex>
         <ex>esqeet si</ex>
         <ex>smeset s</ex>
         <ex>et ala</ex>
         <ex>et la</ex>
         <ex>et en</ex>
         <ex>citet ploroit</ex>
         <ex>et par</ex>
         <ex>et ala</ex>
         <ex>et qant</ex>
         <ex>dedenzet a</ex>
         <ex>citet mout</ex>
         <ex>et d</ex>
         <ex>et de</ex>
         <ex>et les</ex>
         <ex>et dites</ex>
         <ex>et de</ex>
         <ex>seinteet maintint</ex>
         <ex> et la</ex>
         <ex>et son</ex>
         <ex>et honestement
</ex>
         <ex> et a</ex>
         <ex>et reigne</ex>
         <ex>et de</ex>
         <ex>et sages.</ex>
         <ex>et entendre.</ex>
         <ex>et </ex>
         <ex>et latin</ex>
         <ex>diligenceet si</ex>
         <ex>benignementet fu</ex>
         <ex>et fez</ex>
         <ex>et apris
</ex>
         <ex>et doctrinez</ex>
         <ex>et latin</ex>
         <ex>et ebreu
</ex>
         <ex>et araboi</ex>
         <ex>araboiet caldeu</ex>
         <ex>dampneeet estre</ex>
         <ex>et le</ex>
         <ex>latinet aniel</ex>
         <ex>et le</ex>
         <ex>et le
</ex>
         <ex>et de</ex>
         <ex>et mout</ex>
         <ex>et le</ex>
         <ex>et mout</ex>
         <ex>furentet einsint</ex>
         <ex>espoentezet por</ex>
         <ex>herbergieret li</ex>
         <ex>docementet si</ex>
         <ex>et si</ex>
         <ex>et gueri</ex>
         <ex>lonieet si</ex>
         <ex>frereset si</ex>
         <ex>et si</ex>
         <ex>et si</ex>
         <ex>et si</ex>
         <ex>et au</ex>
         <ex>pasteuret en</ex>
         <ex>luiet si</ex>
         <ex>et bons</ex>
         <ex>bienet li
</ex>
         <ex>et endormi</ex>
         <ex>et ensignoit.</ex>
         <ex>pastureet sanz
</ex>
         <ex>et pleinz
</ex>
         <ex>et a</ex>
         <ex>et us</ex>
         <ex>maniereet qu</ex>
         <ex> et li</ex>
         <ex>asneet q</ex>
         <ex>et mengi</ex>
         <ex> et por</ex>
         <ex>et si</ex>
         <ex>et d</ex>
         <ex>asneet si
</ex>
         <ex>oiret si</ex>
         <ex>et tailliez</ex>
         <ex>graceet aloit</ex>
         <ex>ensambleet el</ex>
         <ex>aportoitet atreioit</ex>
         <ex>et fosses</ex>
         <ex>et qarrieres</ex>
         <ex>et ala</ex>
         <ex>et q</ex>
         <ex>eilliezet molt</ex>
         <ex>et de</ex>
         <ex>asneset por</ex>
         <ex>et li</ex>
         <ex>oieet einsint</ex>
         <ex>et il</ex>
         <ex>durementet lors</ex>
         <ex>et hisdeuse.</ex>
         <ex>et si</ex>
         <ex>et cha</ex>
         <ex>et li</ex>
         <ex>et puis</ex>
         <ex>mengieret apr</ex>
         <ex>et fere.</ex>
         <ex>mandaet atornerent</ex>
         <ex>et aai</ex>
         <ex>et doz</ex>
         <ex>et les</ex>
         <ex>orriereset nostre</ex>
         <ex>et atorn</ex>
         <ex>distet anon</ex>
         <ex>et pardon
</ex>
         <ex>et si</ex>
         <ex>et amonesta</ex>
         <ex>et les
</ex>
         <ex>oizet si</ex>
         <ex>et a</ex>
         <ex>respondiet dist</ex>
         <ex>droitureet leide</ex>
         <ex>et misericorde
</ex>
         <ex>et aidier</ex>
         <ex>et doner</ex>
         <ex>et pre</ex>
         <ex>aet si</ex>
         <ex>et otroions</ex>
         <ex>et nostre</ex>
         <ex>et a</ex>
         <ex>et reci</ex>
         <ex>et lor</ex>
         <ex>prononciet la</ex>
         <ex>et d</ex>
         <ex>et d</ex>
         <ex> et si
</ex>
         <ex>et or.</ex>
         <ex>estroiteet a</ex>
         <ex>et ense</ex>
         <ex>et reigne
</ex>
         <ex>et ses</ex>
         <ex>mondeet totes
</ex>
         <ex>lignieet en</ex>
         <ex>et plus</ex>
         <ex>retreireet por</ex>
         <ex>et les</ex>
         <ex>pereet l</ex>
         <ex>homet apr</ex>
         <ex>tierzet qi</ex>
         <ex>et go</ex>
         <ex>lettreset il</ex>
         <ex>mentet por</ex>
         <ex>potet nus</ex>
         <ex>et honestes</ex>
         <ex>et il</ex>
         <ex>et entier</ex>
         <ex>et si</ex>
         <ex>et cone</ex>
         <ex>meriteet de</ex>
         <ex>aqerreet qui</ex>
         <ex>et tra</ex>
         <ex>et q</ex>
         <ex>queroitet il</ex>
         <ex>oet entendi</ex>
         <ex>et conseilla</ex>
         <ex>potet sot</ex>
         <ex>et docement.</ex>
         <ex>desertet qi
</ex>
         <ex>zet leiz</ex>
         <ex>desozet de</ex>
         <ex>solitaireet por</ex>
         <ex>cheailleet le</ex>
         <ex>habitoitet encore</ex>
         <ex>et si</ex>
         <ex>corset li</ex>
         <ex>rocheet il</ex>
         <ex>fereet si</ex>
         <ex>et de</ex>
         <ex>asqueset nostre</ex>
         <ex>et tes</ex>
         <ex>deliceset mes
</ex>
         <ex>prestreset prist</ex>
         <ex>luiet ala</ex>
         <ex>monset par</ex>
         <ex>et par</ex>
         <ex>et si</ex>
         <ex>ignoret por</ex>
         <ex>geuneset por</ex>
         <ex>et est</ex>
         <ex>et a</ex>
         <ex>hanteret a</ex>
         <ex>sosteniret il</ex>
         <ex>et doctri</ex>
         <ex>et li
</ex>
         <ex>tenteet essaie</ex>
         <ex>iaireet si</ex>
         <ex>et tint</ex>
         <ex>et departiz</ex>
         <ex>penseeet une</ex>
         <ex>mereet int</ex>
         <ex>et d</ex>
         <ex>dedenzet si</ex>
         <ex>et retorna</ex>
         <ex>et ortiez</ex>
         <ex>ortiezet qe</ex>
         <ex>et osta</ex>
         <ex>et mua
</ex>
         <ex>et 
</ex>
         <ex>et sa</ex>
         <ex>et de
</ex>
         <ex>et de</ex>
         <ex>et les</ex>
         <ex>et trespassez</ex>
         <ex>et enfo</ex>
         <ex>aet si</ex>
         <ex>et si
</ex>
         <ex>et lor</ex>
         <ex>moutet si</ex>
         <ex>et distrent</ex>
         <ex>chastoieret a</ex>
         <ex>ieet apr</ex>
         <ex>antet il</ex>
         <ex>et ola</ex>
         <ex>pieceset aussint</ex>
         <ex>et sot</ex>
         <ex>docementet si</ex>
         <ex>meurset les</ex>
         <ex>et repe</ex>
         <ex>repairoientet par</ex>
         <ex>arrestoientet desoz</ex>
         <ex>ensigniet doctri</ex>
         <ex>aprendreet por</ex>
         <ex>et ses</ex>
         <ex>et si</ex>
         <ex>et por</ex>
         <ex>filet </ex>
         <ex>et de</ex>
         <ex>et fetes</ex>
         <ex>forset si
</ex>
         <ex>foizet amonesta</ex>
         <ex>contaet dist</ex>
         <ex>et blasma</ex>
         <ex>folieet li
</ex>
         <ex>amenderoitet atant</ex>
         <ex>eet si</ex>
         <ex>et les</ex>
         <ex>apelezet a</ex>
         <ex>moineet </ex>
         <ex>choseet </ex>
         <ex>et estorees</ex>
         <ex>rocheet estoit</ex>
         <ex>et tra</ex>
         <ex>perilet grant</ex>
         <ex>aet si</ex>
         <ex>et penable</ex>
         <ex>et en</ex>
         <ex>et mout</ex>
         <ex>sorentet si</ex>
         <ex>et il</ex>
         <ex>et si</ex>
         <ex>et os</ex>
         <ex>moisteet ausint</ex>
         <ex>eet tantost</ex>
         <ex>et ont</ex>
         <ex>et orties</ex>
         <ex>fereet cil</ex>
         <ex>et a</ex>
         <ex>et des</ex>
         <ex>oiret si</ex>
         <ex>et si</ex>
         <ex>et dist.</ex>
         <ex>eet meintenant</ex>
         <ex>et si</ex>
         <ex>et qi</ex>
         <ex>et assez
</ex>
         <ex>set meintenant</ex>
         <ex>tretet esloigni</ex>
         <ex>et son</ex>
         <ex>et repera</ex>
         <ex>eet il</ex>
         <ex>et espoori</ex>
         <ex> et li
</ex>
         <ex>et fet</ex>
         <ex>et monteplioient</ex>
         <ex>et par
</ex>
         <ex>ieet si</ex>
         <ex>et de</ex>
         <ex>et sa</ex>
         <ex>isitoientet qi</ex>
         <ex>et por</ex>
         <ex>grezet tantost</ex>
         <ex>et la</ex>
         <ex>mengieret si</ex>
         <ex>soloitet </ex>
         <ex> et si</ex>
         <ex>peinet si</ex>
         <ex>et si</ex>
         <ex>correet si</ex>
         <ex>et autre</ex>
         <ex>autreet si</ex>
         <ex>seurementet si</ex>
         <ex>corbiauset </ex>
         <ex>et la</ex>
         <ex>entretendroientet karoleroient
</ex>
         <ex>et oeroient
</ex>
         <ex>et enflameroient</ex>
         <ex>et mist</ex>
         <ex>et freres</ex>
         <ex>et tint
</ex>
         <ex>solieret il</ex>
         <ex>et fondi</ex>
         <ex>et si</ex>
         <ex>et a</ex>
         <ex>choseet qu</ex>
         <ex>et o</ex>
         <ex>et de
</ex>
         <ex>doleet destruist</ex>
         <ex>et a</ex>
         <ex>abatreet en</ex>
         <ex>et la</ex>
         <ex>et a</ex>
         <ex>et por</ex>
         <ex>oitet grant</ex>
         <ex>et por</ex>
         <ex>isionet si</ex>
         <ex>et ses</ex>
         <ex>noiret espris</ex>
         <ex>et li</ex>
         <ex>et entendoient
</ex>
         <ex> et </ex>
         <ex>et le
</ex>
         <ex>et les</ex>
         <ex>et por</ex>
         <ex>semblerentet puis</ex>
         <ex>laet q</ex>
         <ex>et le</ex>
         <ex>orissonet sa</ex>
         <ex>geet eus</ex>
         <ex>et aoree</ex>
         <ex>et enflambez.</ex>
         <ex>esteindreet il</ex>
         <ex>et si</ex>
         <ex>et n</ex>
         <ex>fereet </ex>
         <ex>fesoientet si</ex>
         <ex>et mout</ex>
         <ex>et combrisiez</ex>
         <ex>et morz.</ex>
         <ex>et heitiez</ex>
         <ex>et rala</ex>
         <ex>et mout</ex>
         <ex>femeet si</ex>
         <ex>et si</ex>
         <ex>et dont</ex>
         <ex>et dont
</ex>
         <ex>mengiet la</ex>
         <ex>et le
</ex>
         <ex>piezet si</ex>
         <ex>et regehirent
</ex>
         <ex>et distrent</ex>
         <ex>et si</ex>
         <ex>et sa
</ex>
         <ex>onet por</ex>
         <ex>et l</ex>
         <ex>pret en</ex>
         <ex>et delitable</ex>
         <ex>delitableet tieus</ex>
         <ex>compaignonet si</ex>
         <ex> et la</ex>
         <ex>fonteineet leu</ex>
         <ex>et reposer</ex>
         <ex>fonteineet tant</ex>
         <ex>et sa</ex>
         <ex>oieet si</ex>
         <ex> et comen</ex>
         <ex>et a</ex>
         <ex>coupeet bien</ex>
         <ex>deet q</ex>
         <ex>luiet si</ex>
         <ex>ensuset si</ex>
         <ex>reset atorner</ex>
         <ex>seet si</ex>
         <ex>et ses</ex>
         <ex>et li</ex>
         <ex>et li</ex>
         <ex>aloientet qi</ex>
         <ex>eet ensamble</ex>
         <ex>et il</ex>
         <ex>et sa</ex>
         <ex>et enten</ex>
         <ex>et a</ex>
         <ex>et puis</ex>
         <ex>aprocieret conterent</ex>
         <ex>et cone</ex>
         <ex>ceailleet tantost</ex>
         <ex>et autre</ex>
         <ex>terreet qui
</ex>
         <ex>feteset a</ex>
         <ex>antet si</ex>
         <ex>aet apr</ex>
         <ex> et en</ex>
         <ex>norieet au</ex>
         <ex>et sa
</ex>
         <ex>et entendez</ex>
         <ex> et de
</ex>
         <ex>meret puis</ex>
         <ex>et issi</ex>
         <ex>preudet seinz
</ex>
         <ex>et de</ex>
         <ex>et dist</ex>
         <ex>et ment</ex>
         <ex> et si
</ex>
         <ex>prestreet si</ex>
         <ex>et par</ex>
         <ex>et par</ex>
         <ex>leuset les</ex>
         <ex>et li
</ex>
         <ex>et cont</ex>
         <ex>et religieus</ex>
         <ex>et ses</ex>
         <ex>deableet gueriz</ex>
         <ex>et si</ex>
         <ex>charet si</ex>
         <ex>deableet en
</ex>
         <ex>et heitiez</ex>
         <ex>heitiezet bi</ex>
         <ex>et ceste</ex>
         <ex>oublieeet il</ex>
         <ex>moroientet li
</ex>
         <ex>et esle</ex>
         <ex> et arriere</ex>
         <ex>prestreet tantost</ex>
         <ex>et mout</ex>
         <ex>et si
</ex>
         <ex>antet si</ex>
         <ex>et ceste</ex>
         <ex>et si</ex>
         <ex>et estoree</ex>
         <ex>et totes</ex>
         <ex>paienset a</ex>
         <ex>otroiet qe
</ex>
         <ex>et mi</ex>
         <ex>eet pristr</ex>
         <ex>eret abatirent</ex>
         <ex>et depecierent</ex>
         <ex>perirentet par</ex>
         <ex>nonet puis</ex>
         <ex>et de</ex>
         <ex> et l</ex>
         <ex>fistet ala</ex>
         <ex>barilliauset li</ex>
         <ex>et si</ex>
         <ex>et tu</ex>
         <ex>et res</ex>
         <ex> et ala</ex>
         <ex>et tantost</ex>
         <ex>et grant
</ex>
         <ex>et par</ex>
         <ex>et par</ex>
         <ex>ignoret a</ex>
         <ex>oientet </ex>
         <ex>et amonester</ex>
         <ex>et l</ex>
         <ex>et il</ex>
         <ex>et </ex>
         <ex>et si</ex>
         <ex>et tu</ex>
         <ex>feteet si</ex>
         <ex>espreeet uns
</ex>
         <ex>penseret a</ex>
         <ex>corageet en</ex>
         <ex>gieret cui</ex>
         <ex>et qi</ex>
         <ex>et si</ex>
         <ex>meinet le</ex>
         <ex>iceet qu</ex>
         <ex>penset la</ex>
         <ex>felonieet la</ex>
         <ex>et nissoit</ex>
         <ex>et les</ex>
         <ex>et si</ex>
         <ex>seulementet demein</ex>
         <ex>et la</ex>
         <ex>et en</ex>
         <ex>ignoret par</ex>
         <ex>et sorent</ex>
         <ex>et besoigne.</ex>
         <ex>aet si</ex>
         <ex>et por</ex>
         <ex>iroientet si</ex>
         <ex>et de</ex>
         <ex> et li</ex>
         <ex>et de</ex>
         <ex>enet bien</ex>
         <ex>oset si</ex>
         <ex>et le</ex>
         <ex>gerontet l</ex>
         <ex>reet les</ex>
         <ex>et alerent</ex>
         <ex>et a</ex>
         <ex>diligenseet ce</ex>
         <ex>et au</ex>
         <ex>aussintet si</ex>
         <ex>ensignaet demostra
</ex>
         <ex>et establir</ex>
         <ex>et li</ex>
         <ex>ditet molt</ex>
         <ex>et si</ex>
         <ex>et demostrasses</ex>
         <ex>et ou
</ex>
         <ex>et dis</ex>
         <ex>dormantet de</ex>
         <ex>et ensignai</ex>
         <ex>et si</ex>
         <ex>reet orde</ex>
         <ex>et de</ex>
         <ex>celeeet ses</ex>
         <ex>et en</ex>
         <ex>et ceste
</ex>
         <ex> et si</ex>
         <ex>et dist</ex>
         <ex>honteet grant</ex>
         <ex>et amendez</ex>
         <ex>et si</ex>
         <ex>et aloient</ex>
         <ex>et lor
</ex>
         <ex>et lor</ex>
         <ex>et si</ex>
         <ex>blieeet si</ex>
         <ex>et si</ex>
         <ex>ceet si</ex>
         <ex>estoientet ce</ex>
         <ex>et sa</ex>
         <ex> et sanz
</ex>
         <ex>et sa
</ex>
         <ex>et issi</ex>
         <ex>et la</ex>
         <ex>et si</ex>
         <ex>et distr</ex>
         <ex>et si</ex>
         <ex>et sacree</ex>
         <ex>et si</ex>
         <ex>erenceet puis</ex>
         <ex>pereset la
</ex>
         <ex>et entendre</ex>
         <ex>et amonestoit</ex>
         <ex>et de</ex>
         <ex>et tenist
</ex>
         <ex>homeet tantost</ex>
         <ex>et ocirre</ex>
         <ex>eet il</ex>
         <ex>contoitet disoit</ex>
         <ex> et si</ex>
         <ex>eet si</ex>
         <ex>et si</ex>
         <ex>et 
</ex>
         <ex>costumeet cil</ex>
         <ex>et si</ex>
         <ex>et les</ex>
         <ex>et oians
</ex>
         <ex>durementet tant</ex>
         <ex>et or</ex>
         <ex>et nuit</ex>
         <ex>tozet de</ex>
         <ex>et dona</ex>
         <ex>net si</ex>
         <ex>uileet c</ex>
         <ex>et a</ex>
         <ex>obedienceset lors</ex>
         <ex>et droiture.</ex>
         <ex>et cil</ex>
         <ex>et blasmez</ex>
         <ex>croissoitet tant</ex>
         <ex>et li</ex>
         <ex>et de</ex>
         <ex>et amonesta</ex>
         <ex>et humilit</ex>
         <ex> et si</ex>
         <ex>et si</ex>
         <ex>et estoree.</ex>
         <ex>et si</ex>
         <ex>et mout</ex>
         <ex>corset lors</ex>
         <ex>oeeet a</ex>
         <ex>et de
</ex>
         <ex>roiet en</ex>
         <ex>et si</ex>
         <ex>et pleins
</ex>
         <ex>durementet a</ex>
         <ex>et a</ex>
         <ex>et ses</ex>
         <ex>et si</ex>
         <ex>et ensignast.</ex>
         <ex>et li</ex>
         <ex>aleret </ex>
         <ex>et rece</ex>
         <ex>et puis</ex>
         <ex>et a</ex>
         <ex>et a</ex>
         <ex>cruiautet sa</ex>
         <ex>eoiret sa</ex>
         <ex>et en</ex>
         <ex>olentet par
</ex>
         <ex>et qi</ex>
         <ex>et par</ex>
         <ex> et par</ex>
         <ex>et par</ex>
         <ex>eet la</ex>
         <ex>et demenoit</ex>
         <ex>et a</ex>
         <ex>et si</ex>
         <ex>et si</ex>
         <ex>et dist</ex>
         <ex>et coucha</ex>
         <ex>et </ex>
         <ex>resusciet si</ex>
         <ex>oret par</ex>
         <ex>et heiti</ex>
         <ex> et i</ex>
         <ex>et atornee</ex>
         <ex>et otro</ex>
         <ex>irginitet por</ex>
         <ex>noneet a</ex>
         <ex>liezet qi</ex>
         <ex>porteet parloit
</ex>
         <ex>liet la</ex>
         <ex>et mostroit
</ex>
         <ex>costumeet  </ex>
         <ex>liet ne</ex>
         <ex>ensembleet parlerent
</ex>
         <ex>et si</ex>
         <ex>et dist</ex>
         <ex>et si</ex>
         <ex>et la</ex>
         <ex>et si</ex>
         <ex>et puis</ex>
         <ex>et rele</ex>
         <ex>et espart</ex>
         <ex>et si
</ex>
         <ex>enteret une</ex>
         <ex>et tou</ex>
         <ex>et esparti.</ex>
         <ex> et q</ex>
         <ex>aet si</ex>
         <ex> et tu</ex>
         <ex>et il</ex>
         <ex>oet entendi.</ex>
         <ex>et si</ex>
         <ex>refirentet saoulerent
</ex>
         <ex>et esclarciz.</ex>
         <ex>ceailleet </ex>
         <ex>et li</ex>
         <ex>et si</ex>
         <ex>et loenges</ex>
         <ex>et non</ex>
         <ex> et si</ex>
         <ex>et d</ex>
         <ex>iseet sanz</ex>
         <ex> et isi</ex>
         <ex>et por</ex>
         <ex>et de</ex>
         <ex>leuet li</ex>
         <ex>et lor</ex>
         <ex>mienuitet li</ex>
         <ex>et dist</ex>
         <ex>et au</ex>
         <ex>et tierce</ex>
         <ex>lumiereet de</ex>
         <ex>et esmer</ex>
         <ex>clartet l</ex>
         <ex>et mis</ex>
         <ex>et enquist</ex>
         <ex>et dist</ex>
         <ex>eritet la
</ex>
         <ex>et retreire</ex>
         <ex>et a</ex>
         <ex>et escrist</ex>
         <ex>et qu</ex>
         <ex>et tant
</ex>
         <ex>et non</ex>
         <ex>esqiet ses</ex>
         <ex>fezet tout</ex>
         <ex>ilet dist</ex>
         <ex>et a</ex>
         <ex>et a</ex>
         <ex>ilet re</ex>
         <ex>estoientet il</ex>
         <ex>ceailleet li</ex>
         <ex>et resplendissanz</ex>
         <ex>ceailleet des
</ex>
         <ex>et mout</ex>
         <ex>antet si</ex>
         <ex>et edefiee</ex>
         <ex>et si</ex>
         <ex>et fet
</ex>
         <ex>et regne</ex>
         <ex>morset al</ex>
         <ex>et par</ex>
         <ex>auset par</ex>
         <ex>et par</ex>
         <ex>et nuit</ex>
         <ex>lasseeet la</ex>
         <ex>et aloit</ex>
         <ex>et fu</ex>
         <ex>et toute</ex>
         <ex>tenueet re</ex>
         <ex>ieet loa</ex>
         <ex>et gracia</ex>
         <ex>ignoret seint</ex>
         <ex> et entendu</ex>
         <ex>dolenteset esgarees</ex>
         <ex>et cria
</ex>
         <ex>et regne</ex>
         <ex>echoitet en</ex>
         <ex>armeset si</ex>
         <ex>et de</ex>
         <ex>nonet sa</ex>
         <ex>et uns</ex>
         <ex>et li</ex>
         <ex>et disoit</ex>
         <ex>celoet nisi</ex>
         <ex>aproismeet qi</ex>
         <ex>et del
</ex>
         <ex>et mout</ex>
         <ex>et ses</ex>
         <ex>et la</ex>
         <ex>ignoret si</ex>
         <ex>et ensignoit</ex>
         <ex>et sa
</ex>
         <ex>et </ex>
         <ex>doctrineet 
</ex>
         <ex>et </ex>
         <ex>et pluiseurs</ex>
         <ex>proceinset par</ex>
         <ex>et fere.</ex>
         <ex>et la</ex>
         <ex>comsomeeet q</ex>
         <ex>decipleset q</ex>
         <ex>et lor</ex>
         <ex>oet pluiseurs</ex>
         <ex>et de</ex>
         <ex>et essia</ex>
         <ex>et dras</ex>
         <ex>formeet il</ex>
         <ex>distet il</ex>
         <ex>rostiet une</ex>
         <ex>et si</ex>
         <ex>et si</ex>
         <ex>ignoret par</ex>
         <ex>et preeschant</ex>
         <ex>preeschantet si</ex>
         <ex>et del</ex>
         <ex>et del</ex>
         <ex>speritet si</ex>
         <ex>et de</ex>
         <ex>speritet a</ex>
         <ex>et il</ex>
         <ex>et si</ex>
         <ex>pleset ensamble</ex>
         <ex>et en</ex>
         <ex>et par</ex>
         <ex>et par</ex>
         <ex>feuet si</ex>
         <ex>et doctrinez
</ex>
         <ex>languageset si</ex>
         <ex>et il</ex>
         <ex>et anoncier
</ex>
         <ex>apostreset qi</ex>
         <ex> et pluseurs</ex>
         <ex>et preechant</ex>
         <ex>et le</ex>
         <ex>cieuset preechant</ex>
         <ex>et disant</ex>
         <ex>et ﻿</ex>
         <ex>predicationset faisoient</ex>
         <ex>et li
</ex>
         <ex>et ses</ex>
         <ex>det q</ex>
         <ex>et a</ex>
         <ex>creanceet mis</ex>
         <ex>et prestres</ex>
         <ex>et autre
</ex>
         <ex>et ne</ex>
         <ex>et ne</ex>
         <ex>eet sa</ex>
         <ex>et molt
</ex>
         <ex>et an</ex>
         <ex>et distrent</ex>
         <ex>aeurentet si</ex>
         <ex>et cone</ex>
         <ex>personeset si</ex>
         <ex>et il
</ex>
         <ex>aoroientet si</ex>
         <ex>parmenableet si</ex>
         <ex>et nule</ex>
         <ex>conforteret si</ex>
         <ex>et dist</ex>
         <ex>et baptizatus
</ex>
         <ex>eritet  </ex>
         <ex>et anon</ex>
         <ex>et baptiziez</ex>
         <ex>et qi</ex>
         <ex>ignoret por</ex>
         <ex>et de</ex>
         <ex>et a</ex>
         <ex>et dire</ex>
         <ex>et sires</ex>
         <ex>et tote</ex>
         <ex>et si</ex>
         <ex>et en</ex>
         <ex>et abandone</ex>
         <ex>et amenistre</ex>
         <ex>et deguerpiz</ex>
         <ex>dit et en</ex>
         <ex>et li</ex>
         <ex>et parti</ex>
         <ex>et ne</ex>
         <ex>et si</ex>
         <ex>et tantost</ex>
         <ex>atoucheet e</ex>
         <ex>ignoret il</ex>
         <ex>dormiret si</ex>
         <ex>et les</ex>
         <ex>et froides</ex>
         <ex>eret si</ex>
         <ex>et qe</ex>
         <ex>tet semant</ex>
         <ex>et a</ex>
         <ex>et refet</ex>
         <ex>estoitet der</ex>
         <ex>et forsenee
</ex>
         <ex>et a</ex>
         <ex>et tormentent</ex>
         <ex>seleet qe</ex>
         <ex>et si</ex>
         <ex>et seine.</ex>
         <ex>esteset qi</ex>
         <ex>et benignitez</ex>
         <ex>benignitezet misericorde 
</ex>
         <ex>et douceur</ex>
         <ex>et grant</ex>
         <ex>humilitet assidueus</ex>
         <ex>et comanda</ex>
         <ex>et de</ex>
         <ex>et estrangla</ex>
         <ex>et la</ex>
         <ex>et tuit</ex>
         <ex>et si</ex>
         <ex>et a</ex>
         <ex>et si</ex>
         <ex>et si</ex>
         <ex>et par</ex>
         <ex>et si</ex>
         <ex>et pou</ex>
         <ex>et par</ex>
         <ex>et au</ex>
         <ex>et si</ex>
         <ex>et rac</ex>
         <ex>enfeset qant</ex>
         <ex>homeet puis</ex>
         <ex>et a</ex>
         <ex>et si</ex>
         <ex>et rege</ex>
         <ex>emportoientet si</ex>
         <ex>oieet a</ex>
         <ex>doceuret teniebres</ex>
         <ex>et pleignement</ex>
         <ex>et criees</ex>
         <ex>crieeset granz</ex>
         <ex>et tristreces</ex>
         <ex>tristreceset froidures
</ex>
         <ex>desmesureeset chaleurs</ex>
         <ex>et grant</ex>
         <ex>faillentet morsures</ex>
         <ex>serpenzet si</ex>
         <ex>et misere</ex>
         <ex>misereet l</ex>
         <ex>lezet hisdeus</ex>
         <ex>et d</ex>
         <ex>zet par</ex>
         <ex>et autres</ex>
         <ex>et a</ex>
         <ex>et annonce</ex>
         <ex>et cenz</ex>
         <ex>donset de</ex>
         <ex>et lor
</ex>
         <ex>et detruist</ex>
         <ex>et d</ex>
         <ex>genzet si</ex>
         <ex>et del</ex>
         <ex>et de</ex>
         <ex>et ceus</ex>
         <ex>et si</ex>
         <ex>ignoret si</ex>
         <ex>meinset trest</ex>
         <ex>et qu</ex>
         <ex>et alerent
</ex>
         <ex>noset por</ex>
         <ex>et si</ex>
         <ex>et usticent.</ex>
         <ex>laet alerent</ex>
         <ex>piezet si</ex>
         <ex>et de</ex>
         <ex>et as</ex>
         <ex>et de</ex>
         <ex>et cens</ex>
         <ex>et a</ex>
         <ex>et </ex>
         <ex>et d</ex>
         <ex>et de</ex>
         <ex>homeet si</ex>
         <ex>ignoret puis</ex>
         <ex>et fu</ex>
         <ex>et gloi</ex>
         <ex>et rendi</ex>
         <ex>dotanceet bien</ex>
         <ex>toiet la</ex>
         <ex>et essaucerai.</ex>
         <ex>diteet puis</ex>
         <ex>euset si</ex>
         <ex>et go</ex>
         <ex>et si</ex>
         <ex>nonet cele</ex>
         <ex>ignoret a</ex>
         <ex>et liiez</ex>
         <ex>et it</ex>
         <ex>et creance</ex>
         <ex>et son</ex>
         <ex>et le
</ex>
         <ex>et cil</ex>
         <ex>et sanez</ex>
         <ex>sanezet re</ex>
         <ex>et si</ex>
         <ex> et li</ex>
         <ex>et sa
</ex>
         <ex>et si</ex>
         <ex>et l</ex>
         <ex> et si</ex>
         <ex>et anoncier</ex>
         <ex>tet baptirent</ex>
         <ex>cruelmentet puis
</ex>
         <ex>et si</ex>
         <ex> et lumiere</ex>
         <ex>derrompirentet li</ex>
         <ex>rentet tuit</ex>
         <ex>et granz</ex>
         <ex>et effoudre</ex>
         <ex>et tonoire</ex>
         <ex>tonoireet esparz
</ex>
         <ex> et a</ex>
         <ex>et ferirent</ex>
         <ex> et ses</ex>
         <ex>et si</ex>
         <ex>et si</ex>
         <ex>crucefierentet au
</ex>
         <ex>ezet a</ex>
         <ex>et ensigniez</ex>
         <ex>tantet puis
</ex>
         <ex>et si</ex>
         <ex>et meesme</ex>
         <ex>et li</ex>
         <ex>et a</ex>
         <ex>et anonce.</ex>
         <ex>et la</ex>
         <ex>granzet petiz</ex>
         <ex>assemblassentet eus</ex>
         <ex>et mos</ex>
         <ex>et del</ex>
         <ex>et del</ex>
         <ex> et de</ex>
         <ex>et de</ex>
         <ex>et de</ex>
         <ex>et destrui</ex>
         <ex>reet le</ex>
         <ex>et abatre.</ex>
         <ex>eet ense</ex>
         <ex>et l</ex>
         <ex>et entendez</ex>
         <ex>et d</ex>
         <ex>et de</ex>
         <ex>et de</ex>
         <ex>igneset si</ex>
         <ex>luiet dist</ex>
         <ex>et uree
</ex>
         <ex>et tote</ex>
         <ex>et si</ex>
         <ex>meret tenoit</ex>
         <ex>et de</ex>
         <ex>et de</ex>
         <ex>det a</ex>
         <ex>alet d</ex>
         <ex>et por</ex>
         <ex>paroleset si</ex>
         <ex>et or</ex>
         <ex>et en</ex>
         <ex>et en</ex>
         <ex>neset bien</ex>
         <ex>cueret de</ex>
         <ex>et serroit</ex>
         <ex>et donast
</ex>
         <ex>cielet si</ex>
         <ex> et si</ex>
         <ex>et q</ex>
         <ex>et d</ex>
         <ex>et de</ex>
         <ex>et de</ex>
         <ex>et dona</ex>
         <ex>et pro</ex>
         <ex>et par
</ex>
         <ex>et molt
</ex>
         <ex>ireet si</ex>
         <ex>et decolee.</ex>
         <ex>et si</ex>
         <ex>graceet si</ex>
         <ex>breet qe</ex>
         <ex>et dese</ex>
         <ex>et si</ex>
         <ex>et cil</ex>
         <ex>et arrazin</ex>
         <ex>soleilet si</ex>
         <ex>et tout</ex>
         <ex>et disant</ex>
         <ex>ignoret tu</ex>
         <ex>ducet si</ex>
         <ex>et conta</ex>
         <ex>et e</ex>
         <ex>pooret tuit</ex>
         <ex>et qi</ex>
         <ex>heireet si</ex>
         <ex>piezet si</ex>
         <ex>escuieret si</ex>
         <ex>crestienset si</ex>
         <ex>et si</ex>
         <ex>exet sires</ex>
         <ex>et si
</ex>
         <ex>et qi</ex>
         <ex>et si</ex>
         <ex>et si</ex>
         <ex>pardonet indulgense.</ex>
         <ex>deet si</ex>
         <ex>pardonet remission</ex>
         <ex>et des</ex>
         <ex>et toz</ex>
         <ex>et ses</ex>
         <ex>et totes</ex>
         <ex>et toz</ex>
         <ex>et femes</ex>
         <ex>et d</ex>
         <ex>euet chastiaus
</ex>
         <ex>et ignes</ex>
         <ex>igneset terres</ex>
         <ex>terreset quanq</ex>
         <ex>et por</ex>
         <ex>et si</ex>
         <ex>herbergieret por</ex>
         <ex>reet si</ex>
         <ex>et trametoit</ex>
         <ex>et si</ex>
         <ex>et comandoit</ex>
         <ex>et d</ex>
         <ex>proieet si</ex>
         <ex>et le</ex>
         <ex>et sa
</ex>
         <ex>et comand</ex>
         <ex>et puis
</ex>
         <ex>deet creoient</ex>
         <ex>preechoitet anon</ex>
         <ex>et la</ex>
         <ex>et tuit</ex>
         <ex>luiet si</ex>
         <ex>et si</ex>
         <ex>et de
</ex>
         <ex>et si</ex>
         <ex>foiet de</ex>
         <ex>ignoret bap</ex>
         <ex> et rendi</ex>
         <ex>et ses</ex>
         <ex>et lontaignes</ex>
         <ex>lontaigneset si</ex>
         <ex>et por</ex>
         <ex>et mis</ex>
         <ex>prissonet batuz</ex>
         <ex>et route.</ex>
         <ex>et ta</ex>
         <ex>et quanq</ex>
         <ex>et pardon</ex>
         <ex>pardonet q</ex>
         <ex>et les
</ex>
         <ex> et misericorde</ex>
         <ex>apostreet toz
</ex>
         <ex>et se</ex>
         <ex>et li</ex>
         <ex>periuset par</ex>
         <ex>et si</ex>
         <ex>clerementet alerent</ex>
         <ex>et lor
</ex>
         <ex>et desme</ex>
         <ex>tet tant</ex>
         <ex>fosseet la</ex>
         <ex>et c</ex>
         <ex>et princes</ex>
         <ex>forset autres</ex>
         <ex>et en</ex>
         <ex>ducet ala</ex>
         <ex>deet molt
</ex>
         <ex>terreset assamblees</ex>
         <ex>ooientet molt
</ex>
         <ex>et de</ex>
         <ex>et de</ex>
         <ex>oloientet estre
</ex>
         <ex>ploroitet a</ex>
         <ex> et tuit</ex>
         <ex>et tuit</ex>
         <ex>fereet me</ex>
         <ex>et tuit</ex>
         <ex>deschauzet en</ex>
         <ex>et il</ex>
         <ex>et esgarder.</ex>
         <ex>terreet li</ex>
         <ex>et esgarder</ex>
         <ex>et si</ex>
         <ex>et esgarder.</ex>
         <ex>et si</ex>
         <ex>opienset lez
</ex>
         <ex>et hisdeus</ex>
         <ex>et si</ex>
         <ex>et desmesurez</ex>
         <ex>desmesurezet iols</ex>
         <ex>et d</ex>
         <ex>et cornues
</ex>
         <ex>issoientet si</ex>
         <ex>et grosses</ex>
         <ex>oientet par</ex>
         <ex>grandeset lees</ex>
         <ex>et si</ex>
         <ex>et par</ex>
         <ex>et si</ex>
         <ex>et si</ex>
         <ex>fosseet si</ex>
         <ex>et ire
</ex>
         <ex>et male</ex>
         <ex> et si</ex>
         <ex>et en</ex>
         <ex>oleet ou</ex>
         <ex>abiteet la</ex>
         <ex>et toz</ex>
         <ex>et fe</ex>
         <ex>et par</ex>
         <ex>et si</ex>
         <ex>eset si</ex>
         <ex>et heitez</ex>
         <ex>ieet parla</ex>
         <ex>et gloirefierent.</ex>
         <ex>et toz</ex>
         <ex>et a</ex>
         <ex>et conte</ex>
         <ex>et noierent.</ex>
         <ex>et si</ex>
         <ex>et torbes
</ex>
         <ex>et l</ex>
         <ex>derriereset si</ex>
         <ex>espoentezet li
</ex>
         <ex>deffenderreset q</ex>
         <ex>docementet si</ex>
         <ex>et omnia</ex>
         <ex>et douter.</ex>
         <ex>et si</ex>
         <ex>deet saces</ex>
         <ex>et des</ex>
         <ex>dureeet par</ex>
         <ex>arresteret puis</ex>
         <ex>deet de</ex>
         <ex>et a</ex>
         <ex>et repeire</ex>
         <ex>corset si</ex>
         <ex>et si</ex>
         <ex>et molt</ex>
         <ex>et si</ex>
         <ex>et go</ex>
         <ex>et dis</ex>
         <ex>et dist</ex>
         <ex>et a</ex>
         <ex>et est</ex>
         <ex>mortet angeles</ex>
         <ex>deableet qi</ex>
         <ex>et de</ex>
         <ex>misereset si</ex>
         <ex>estet si</ex>
         <ex>et si
</ex>
         <ex>genzet ne</ex>
         <ex>et deguer</ex>
         <ex>et li</ex>
         <ex>et toz</ex>
         <ex>resusciteret qi</ex>
         <ex>et loenges</ex>
         <ex>demostreret bene</ex>
         <ex>et gloirefierent.</ex>
         <ex>otionet toz</ex>
         <ex>et lor</ex>
         <ex>ignoret li</ex>
         <ex>entoret si</ex>
         <ex>et d</ex>
         <ex>eet tieus
</ex>
         <ex>iandeet si</ex>
         <ex>et en</ex>
         <ex>et en</ex>
         <ex>reset qanc</ex>
         <ex>et a</ex>
         <ex>angileet les</ex>
         <ex>et mout</ex>
         <ex>reset lor</ex>
         <ex>encelet par</ex>
         <ex>et mistrent</ex>
         <ex>neet tout
</ex>
         <ex>estoientet si</ex>
         <ex>et abatissent</ex>
         <ex>et lor</ex>
         <ex>et lor</ex>
         <ex>arsissentet si</ex>
         <ex>et aorassent
</ex>
         <ex>et toz
</ex>
         <ex>et bene</ex>
         <ex>et en</ex>
         <ex>et son</ex>
         <ex>et dit</ex>
         <ex>meret tout
</ex>
         <ex>et tote
</ex>
         <ex>et tout</ex>
         <ex> et  </ex>
         <ex> et </ex>
         <ex>et la</ex>
         <ex>et longue</ex>
         <ex>longueet lee</ex>
         <ex>et deguerpissent</ex>
         <ex>loiset arsissent
</ex>
         <ex>et destruisis</ex>
         <ex>et lor
</ex>
         <ex>inet de</ex>
         <ex>et fai</ex>
         <ex>menableet encore</ex>
         <ex>et li</ex>
         <ex>et tristrece.</ex>
         <ex>et autrui</ex>
         <ex>et mat</ex>
         <ex>et paine.</ex>
         <ex>dolenset las</ex>
         <ex>et de</ex>
         <ex>estoitet si
</ex>
         <ex>et secoroit</ex>
         <ex>secoroitet les</ex>
         <ex>estrangeset les</ex>
         <ex>et les
</ex>
         <ex>orpheninset bien</ex>
         <ex>fistet dist</ex>
         <ex>uchementet qi</ex>
         <ex>et as</ex>
         <ex>et re</ex>
         <ex>esqeet mout</ex>
         <ex>et mout</ex>
         <ex>et en</ex>
         <ex>et entendoit</ex>
         <ex>homeet puis</ex>
         <ex>et a</ex>
         <ex>crestienset crueus</ex>
         <ex>et de</ex>
         <ex>et poestis</ex>
         <ex>et dire
</ex>
         <ex>et les</ex>
         <ex>dreset fere
</ex>
         <ex> et dit</ex>
         <ex>guerieset pluiseurs</ex>
         <ex>femeet si</ex>
         <ex>languereuset resuscite</ex>
         <ex>et par</ex>
         <ex>conseilet si</ex>
         <ex>oret argent</ex>
         <ex>comandet ala</ex>
         <ex>et si</ex>
         <ex>et ta</ex>
         <ex>et tesmoignes</ex>
         <ex>sostenueset resuscites</ex>
         <ex>et conte
</ex>
         <ex>et de</ex>
         <ex>comandementet q</ex>
         <ex>et tote</ex>
         <ex>et regenerez</ex>
         <ex>dameet la</ex>
         <ex>et si</ex>
         <ex>et la</ex>
         <ex>et si</ex>
         <ex>rriereet qant</ex>
         <ex>mariet tantost</ex>
         <ex>et l</ex>
         <ex>baptizieet li</ex>
         <ex>et establi</ex>
         <ex>fioientet la</ex>
         <ex>et formee</ex>
         <ex>et donoit
</ex>
         <ex> et l</ex>
         <ex>et en</ex>
         <ex>upiteret toz</ex>
         <ex>et por</ex>
         <ex>et les</ex>
         <ex>et si</ex>
         <ex>et nos</ex>
         <ex>mageset si</ex>
         <ex>et terre.</ex>
         <ex>et si</ex>
         <ex>puissanzet si</ex>
         <ex>autreet o</ex>
         <ex>orissonset en</ex>
         <ex>citet tuit</ex>
         <ex>et li</ex>
         <ex>encontreet si</ex>
         <ex>et depechier</ex>
         <ex>et si</ex>
         <ex>et failliz</ex>
         <ex>et furent</ex>
         <ex>citet grant
</ex>
         <ex>et granz</ex>
         <ex>luiet alerent</ex>
         <ex>et a</ex>
         <ex>et reco</ex>
         <ex>et lui</ex>
         <ex>et sa</ex>
         <ex>compaignieet esqui</ex>
         <ex>et de</ex>
         <ex>et si</ex>
         <ex>et fondre.</ex>
         <ex>et lor</ex>
         <ex>oirset s</ex>
         <ex>et religieuse</ex>
         <ex>et si</ex>
         <ex>preesceet annonce</ex>
         <ex>perilet si</ex>
         <ex>et assambl</ex>
         <ex>deet liiez</ex>
         <ex>chaeneset lor</ex>
         <ex>contet mout</ex>
         <ex>maniereet si
</ex>
         <ex>et par</ex>
         <ex>et form</ex>
         <ex>santet si</ex>
         <ex>nonet a</ex>
         <ex>et loenges.</ex>
         <ex>et si</ex>
         <ex>creatureet la</ex>
         <ex>et sanc
</ex>
         <ex>et escume</ex>
         <ex>et de</ex>
         <ex>et de</ex>
         <ex>alierset fist</ex>
         <ex>et de</ex>
         <ex>et granz</ex>
         <ex>et desirroit
</ex>
         <ex>paroleset sa</ex>
         <ex>et alassent</ex>
         <ex>maniereset apr</ex>
         <ex>entrerentet mencierent
</ex>
         <ex>et pesible.</ex>
         <ex>contesseet pluiseurs</ex>
         <ex>repairierentet si</ex>
         <ex>palagreet cou</ex>
         <ex>sierentet la</ex>
         <ex>terreet la</ex>
         <ex>et la</ex>
         <ex>ignoret la</ex>
         <ex>enueet cil</ex>
         <ex>et haiti</ex>
         <ex>et a</ex>
         <ex>serset a</ex>
         <ex>aet li</ex>
         <ex>et mout</ex>
         <ex>et aornee</ex>
         <ex>et sacra﻿</ex>
         <ex> et cele</ex>
         <ex>et de</ex>
         <ex>luiet si</ex>
         <ex>et si</ex>
         <ex>oieset si</ex>
         <ex>et conoistre.</ex>
         <ex>mageet fu</ex>
         <ex>et hisdeus.</ex>
         <ex>noirset tresq</ex>
         <ex>et par</ex>
         <ex>et par</ex>
         <ex>ardanzet puans
</ex>
         <ex>et si</ex>
         <ex>eoiret esgarder</ex>
         <ex>et si</ex>
         <ex>ditet puis</ex>
         <ex>abiteet la</ex>
         <ex>et frois</ex>
         <ex>homeet fist</ex>
         <ex>et ce</ex>
         <ex>et sanez.</ex>
         <ex>tet tuit</ex>
         <ex>et cele</ex>
         <ex>et de</ex>
         <ex> et de</ex>
         <ex>oret si</ex>
         <ex>et lampes</ex>
         <ex>et son</ex>
         <ex>et de</ex>
         <ex>euseset de</ex>
         <ex>oret nuit</ex>
         <ex>et chandelabres</ex>
         <ex>oret une</ex>
         <ex>et l</ex>
         <ex>feteset consomees</ex>
         <ex> et si</ex>
         <ex>et sacrons
</ex>
         <ex>et de</ex>
         <ex>et de</ex>
         <ex>et de</ex>
         <ex>et ins</ex>
         <ex>et bues</ex>
         <ex>et aches</ex>
         <ex>acheset oleilles
</ex>
         <ex>et enoisons</ex>
         <ex>et tr</ex>
         <ex>et pa</ex>
         <ex>citet qe</ex>
         <ex>et poest</ex>
         <ex>et heiti</ex>
         <ex>et a</ex>
         <ex> et ses</ex>
         <ex>et assamblees</ex>
         <ex>apelaet si
</ex>
         <ex>liezet si</ex>
         <ex>et si</ex>
         <ex>et de</ex>
         <ex>et ses</ex>
         <ex>et de</ex>
         <ex>et cuens
</ex>
         <ex> et el</ex>
         <ex>et bele
</ex>
         <ex>et haute</ex>
         <ex>senzet plein</ex>
         <ex>et de
</ex>
         <ex>et chas</ex>
         <ex>et feire.</ex>
         <ex>et si</ex>
         <ex>et li
</ex>
         <ex>et si</ex>
         <ex>et sa</ex>
         <ex>et gracierent</ex>
         <ex>gracierentet toz</ex>
         <ex>et en</ex>
         <ex>signorieet qe</ex>
         <ex>et le</ex>
         <ex>et costume</ex>
         <ex>costumeet li</ex>
         <ex>et clers</ex>
         <ex>mortet si</ex>
         <ex>et feire</ex>
         <ex>esqeset autres</ex>
         <ex>tet fussent</ex>
         <ex>et en</ex>
         <ex>et establi</ex>
         <ex>et por</ex>
         <ex>et les</ex>
         <ex>estoientet si</ex>
         <ex>et estemenz.</ex>
         <ex>et si
</ex>
         <ex>et fet
</ex>
         <ex>et ce</ex>
         <ex>et assembler</ex>
         <ex>sermoneret lor</ex>
         <ex>ignoret lor
</ex>
         <ex>et si</ex>
         <ex>graceet si
</ex>
         <ex>homet qant</ex>
         <ex>et li</ex>
         <ex>et li</ex>
         <ex>et regne</ex>
         <ex>et estoient</ex>
         <ex>et en
</ex>
         <ex>elleset en</ex>
         <ex>reset eunoient
</ex>
         <ex>espreet adonc</ex>
         <ex>et e</ex>
         <ex>et orde</ex>
         <ex>deet 
</ex>
         <ex>et par</ex>
         <ex>et ﻿</ex>
         <ex>deet fist</ex>
         <ex>eglisseset atorna
</ex>
         <ex>et entendement</ex>
         <ex>ignoret a</ex>
         <ex> et par</ex>
         <ex>det par</ex>
         <ex>et si</ex>
         <ex>et lor</ex>
         <ex>doctrineet sermonez</ex>
         <ex>et pree</ex>
         <ex>direet lor</ex>
         <ex>angileet sa</ex>
         <ex>et a</ex>
         <ex>paroleset les
</ex>
         <ex>et re</ex>
         <ex>ieet pluiseurs</ex>
         <ex>et e</ex>
         <ex>baptesmeet puis</ex>
         <ex>et de</ex>
         <ex>et taire.</ex>
         <ex>et par</ex>
         <ex>et molt</ex>
         <ex>et mes</ex>
         <ex>iret a</ex>
         <ex>promiseet a</ex>
         <ex>et aiment.</ex>
         <ex>toiet si</ex>
         <ex>et ensamble</ex>
         <ex>et les</ex>
         <ex>rset ensamble</ex>
         <ex>irgeset de</ex>
         <ex>frereset serras</ex>
         <ex>et par</ex>
         <ex>ireset li</ex>
         <ex>et dist</ex>
         <ex>ieet qe</ex>
         <ex>puepleet un</ex>
         <ex>et autre</ex>
         <ex>et assemblassent</ex>
         <ex>onet absolution</ex>
         <ex>oet les</ex>
         <ex>foiet tornez
</ex>
         <ex>et sa</ex>
         <ex>det oite</ex>
         <ex>et cil</ex>
         <ex>et cil</ex>
         <ex>delet les</ex>
         <ex>et en
</ex>
         <ex>et rendoit
</ex>
         <ex>et loenges</ex>
         <ex>ceet puis</ex>
         <ex>et por
</ex>
         <ex>et a</ex>
         <ex>creanceet puis</ex>
         <ex>espreet lors</ex>
         <ex>et e</ex>
         <ex>doctrinastet enseignast</ex>
         <ex>ieet lors</ex>
         <ex>et a</ex>
         <ex>et ao</ex>
         <ex>et coment</ex>
         <ex>orzet coment</ex>
         <ex>et ensigniez.</ex>
         <ex>et garde.</ex>
         <ex>et chastem</ex>
         <ex>tet qe</ex>
         <ex>ucheoret si</ex>
         <ex>et desfaillies</ex>
         <ex>fianceet doit</ex>
         <ex>et del</ex>
         <ex>et del
</ex>
         <ex>et d</ex>
         <ex>espreet dont</ex>
         <ex>graceet si</ex>
         <ex>et bene</ex>
         <ex>et ait</ex>
         <ex>oset os</ex>
         <ex>reet qi</ex>
         <ex>et qi</ex>
         <ex>et si
</ex>
         <ex>et or</ex>
         <ex>et erais
</ex>
         <ex>et garde</ex>
         <ex>et ires</ex>
         <ex>et la</ex>
         <ex>establieet faite</ex>
         <ex>et tendi</ex>
         <ex>cielet fist</ex>
         <ex>et si</ex>
         <ex>mestreset qi</ex>
         <ex>nonet qi</ex>
         <ex>et estoient</ex>
         <ex>cielet crioient
</ex>
         <ex>ssentet si</ex>
         <ex>et si</ex>
         <ex>et la</ex>
         <ex>contreeset si</ex>
         <ex>parenzet obe</ex>
         <ex>et nostre</ex>
         <ex>et loerent.</ex>
         <ex> et esle</ex>
         <ex>membreset tantost
</ex>
         <ex>et sanez</ex>
         <ex>et si</ex>
         <ex>et por</ex>
         <ex>rirentet donerent</ex>
         <ex>clartet grant
</ex>
         <ex>et le</ex>
         <ex>clercet li</ex>
         <ex>zet mis</ex>
         <ex> et li</ex>
         <ex>ugleet cil</ex>
         <ex>et d</ex>
         <ex> et par
</ex>
         <ex>itet regne</ex>
         <ex>et olentiers</ex>
         <ex>et entendre</ex>
         <ex>et retenir</ex>
         <ex>et </ex>
         <ex>et les</ex>
         <ex>sontet aise</ex>
         <ex>et de
</ex>
         <ex>et de</ex>
         <ex>lonieet de</ex>
         <ex>et a</ex>
         <ex>et pris</ex>
         <ex>et par</ex>
         <ex>tormenzet par</ex>
         <ex>et geunes</ex>
         <ex>geuneset par</ex>
         <ex>et a</ex>
         <ex>confessorset mes</ex>
         <ex>et de</ex>
         <ex>et de</ex>
         <ex>et hauz</ex>
         <ex>et ri</ex>
         <ex>et a</ex>
         <ex>et sa</ex>
         <ex>et a</ex>
         <ex>hermitageet si</ex>
         <ex>et retraist</ex>
         <ex>et ensam</ex>
         <ex>et che</ex>
         <ex>et si</ex>
         <ex>et si</ex>
         <ex>paignonset dou</ex>
         <ex>ouret piti</ex>
         <ex>pitiet benignet</ex>
         <ex> et charit</ex>
         <ex>charitet pacience</ex>
         <ex>pacienceet bone
</ex>
         <ex>olentet hu</ex>
         <ex>mondeet si</ex>
         <ex>et si</ex>
         <ex>et de</ex>
         <ex>eoitet par</ex>
         <ex>tiers et portoient
</ex>
         <ex>et re</ex>
         <ex>baptesmeet si</ex>
         <ex>et paine.</ex>
         <ex>et les</ex>
         <ex>chetiset norrissoit</ex>
         <ex>besoigneuset re</ex>
         <ex>reet l</ex>
         <ex>et donoit</ex>
         <ex>reset a</ex>
         <ex>et besoigneus</ex>
         <ex>entet bien
</ex>
         <ex>et </ex>
         <ex>ozet li</ex>
         <ex>et besoigneuz</ex>
         <ex>et a
</ex>
         <ex>et donast</ex>
         <ex>fublet la</ex>
         <ex>et de</ex>
         <ex>reet l</ex>
         <ex>et mist
</ex>
         <ex>et gemirent</ex>
         <ex>et il
</ex>
         <ex>et affublez</ex>
         <ex>et cone</ex>
         <ex>et en</ex>
         <ex> et la</ex>
         <ex>ignor et por</ex>
         <ex>anzet si</ex>
         <ex>et fu</ex>
         <ex>et a</ex>
         <ex>et li</ex>
         <ex>alierset si</ex>
         <ex>lessieret de</ex>
         <ex>et si</ex>
         <ex>euet qe
</ex>
         <ex>eet cil</ex>
         <ex>et tes</ex>
         <ex>et d</ex>
         <ex>demeinet non</ex>
         <ex>et non</ex>
         <ex>antet tote</ex>
         <ex>et sanz
</ex>
         <ex>heaumeet el</ex>
         <ex>tresperceraiet trespasserai</ex>
         <ex>paiset si</ex>
         <ex>euset totes</ex>
         <ex>et les</ex>
         <ex>citet qi</ex>
         <ex>et de
</ex>
         <ex>et si</ex>
         <ex>pieceet </ex>
         <ex>et sa</ex>
         <ex>paienet si</ex>
         <ex>et de
</ex>
         <ex>et dolenz</ex>
         <ex>contreeet si</ex>
         <ex>et pro</ex>
         <ex>et robeor</ex>
         <ex>et seisi</ex>
         <ex>et a</ex>
         <ex>oieet puis</ex>
         <ex>estoitet de</ex>
         <ex>et s</ex>
         <ex>et en</ex>
         <ex>et dotance</ex>
         <ex>et les</ex>
         <ex>et a</ex>
         <ex>ignoret si</ex>
         <ex>oieet si</ex>
         <ex>pieceet molt</ex>
         <ex>et molt</ex>
         <ex> et si
</ex>
         <ex>loet a</ex>
         <ex>et pluisors</ex>
         <ex>s et mestre</ex>
         <ex>prestreset contre</ex>
         <ex>et eraies</ex>
         <ex>et batirent</ex>
         <ex>et le</ex>
         <ex>et la</ex>
         <ex>et pres</ex>
         <ex>arresteret por</ex>
         <ex>et apris</ex>
         <ex>et fie</ex>
         <ex>departizet ert</ex>
         <ex>annoncieret preechier</ex>
         <ex>et il</ex>
         <ex>cheailleet li</ex>
         <ex>et pro</ex>
         <ex>et pour</ex>
         <ex>et lor</ex>
         <ex>oientet si</ex>
         <ex>et a</ex>
         <ex>deet fu</ex>
         <ex>et apr</ex>
         <ex>eureet esqui</ex>
         <ex>et mena</ex>
         <ex>et preudome</ex>
         <ex>et de</ex>
         <ex>criet de</ex>
         <ex>estreet l</ex>
         <ex>et conta
</ex>
         <ex>cordeet tolue</ex>
         <ex>et fist</ex>
         <ex>estantet si</ex>
         <ex>homeet tuit</ex>
         <ex>et en</ex>
         <ex>prodomet sages</ex>
         <ex>et si</ex>
         <ex>issuet non</ex>
         <ex>et des</ex>
         <ex>et une</ex>
         <ex>eschiet qe</ex>
         <ex>pastoret go</ex>
         <ex>et li
</ex>
         <ex>esqeet es</ex>
         <ex>estuzet de</ex>
         <ex>reet ileinement</ex>
         <ex>et de</ex>
         <ex>et entendoit</ex>
         <ex>reet en</ex>
         <ex>et por</ex>
         <ex>et un</ex>
         <ex>et si</ex>
         <ex>eet de</ex>
         <ex>et d</ex>
         <ex>oieet cele</ex>
         <ex>luiet qi</ex>
         <ex>et sa</ex>
         <ex>sonceleset lor</ex>
         <ex> et doctrin</ex>
         <ex>escritureset a</ex>
         <ex>encelet li</ex>
         <ex>pereet si</ex>
         <ex>et en</ex>
         <ex>et dures.</ex>
         <ex>eset moles</ex>
         <ex>olentezet lor
</ex>
         <ex> et a</ex>
         <ex>et seins</ex>
         <ex>diteet tout</ex>
         <ex>et a</ex>
         <ex>et signorie</ex>
         <ex>siecleset a</ex>
         <ex>mortet doutoient.</ex>
         <ex>et les</ex>
         <ex>pereet lor</ex>
         <ex>et dire</ex>
         <ex>orissonset a</ex>
         <ex>contreeet si</ex>
         <ex>et fere</ex>
         <ex>et clart</ex>
         <ex>clartet lumiere.</ex>
         <ex>beleet mout</ex>
         <ex>et q</ex>
         <ex>et sanz</ex>
         <ex>et les</ex>
         <ex>nonet en</ex>
         <ex>et mart</ex>
         <ex>et par</ex>
         <ex>et a</ex>
         <ex>et demostrast</ex>
         <ex>et sa</ex>
         <ex>et de</ex>
         <ex>et hisdeus
</ex>
         <ex>et cruel</ex>
         <ex>nonet de</ex>
         <ex>parlaet si</ex>
         <ex>apelezet si</ex>
         <ex> lerreset ensamble</ex>
         <ex>frereset a</ex>
         <ex>eet lors</ex>
         <ex>despechieret desfere.</ex>
         <ex>et de</ex>
         <ex>ret cil</ex>
         <ex>doelet grant</ex>
         <ex>et s</ex>
         <ex>et a</ex>
         <ex>et en</ex>
         <ex>ssentet q</ex>
         <ex>et esmer</ex>
         <ex>et qe</ex>
         <ex>et d</ex>
         <ex>aoroientet faisoient</ex>
         <ex>et de</ex>
         <ex>et droit</ex>
         <ex>et lonc</ex>
         <ex>paieneet les</ex>
         <ex>abatistet encore</ex>
         <ex>sacret bene</ex>
         <ex>beneet q</ex>
         <ex>et honorassent.</ex>
         <ex>et a</ex>
         <ex>et lui</ex>
         <ex>et ensi</ex>
         <ex>et abatre</ex>
         <ex>et bene</ex>
         <ex>et por</ex>
         <ex>et si</ex>
         <ex>et mostres
</ex>
         <ex>et contes</ex>
         <ex>oiret s</ex>
         <ex>feireet qe</ex>
         <ex>et che</ex>
         <ex>ensambleet a</ex>
         <ex>bienet si</ex>
         <ex>et con</ex>
         <ex>et lor</ex>
         <ex>et pendoit</ex>
         <ex>liementet a</ex>
         <ex>et de
</ex>
         <ex>loinget si</ex>
         <ex>et esperdu</ex>
         <ex>et sanz</ex>
         <ex>et a</ex>
         <ex>et pesanz</ex>
         <ex>pesanzet de</ex>
         <ex>et grant</ex>
         <ex>eet li</ex>
         <ex>et a</ex>
         <ex>ignoret si</ex>
         <ex>et lor</ex>
         <ex>exempleset par</ex>
         <ex>et lor</ex>
         <ex>et faisoit</ex>
         <ex>et autieus</ex>
         <ex>loet </ex>
         <ex>et paien</ex>
         <ex>et cil</ex>
         <ex>orisonset lor</ex>
         <ex>et a</ex>
         <ex>et celebrees.
</ex>
         <ex>et destruire.</ex>
         <ex>pleinet la</ex>
         <ex>et granz</ex>
         <ex>entet se</ex>
         <ex>et li</ex>
         <ex>et destruiz</ex>
         <ex>destruizet que</ex>
         <ex> et sau</ex>
         <ex>celleet a</ex>
         <ex>mostieret la</ex>
         <ex>et en</ex>
         <ex>et a</ex>
         <ex>et descon</ex>
         <ex>et qe</ex>
         <ex>et des</ex>
         <ex>et totes
</ex>
         <ex>et tuit</ex>
         <ex>et en</ex>
         <ex>et espoent</ex>
         <ex>et crurent.</ex>
         <ex>oizet distrent</ex>
         <ex>et aoroit</ex>
         <ex>et croire</ex>
         <ex>et les</ex>
         <ex>et despire.</ex>
         <ex>et en</ex>
         <ex>et sanz
</ex>
         <ex>douteet li</ex>
         <ex>et maumis.</ex>
         <ex>et a</ex>
         <ex>et a</ex>
         <ex>et formee</ex>
         <ex>et bien
</ex>
         <ex>et a</ex>
         <ex>et grant</ex>
         <ex>et ocirre.</ex>
         <ex>et che</ex>
         <ex>exampleset tieus</ex>
         <ex>miracleset par</ex>
         <ex>eritet q</ex>
         <ex>et lor</ex>
         <ex>et depecier.</ex>
         <ex>et tieus</ex>
         <ex>et curer
</ex>
         <ex>et entendre.</ex>
         <ex>membreset si</ex>
         <ex>et si</ex>
         <ex>et entendi</ex>
         <ex>et a</ex>
         <ex>assemblezet pluisors</ex>
         <ex>amoientet a</ex>
         <ex>et entendre</ex>
         <ex>et perist</ex>
         <ex>itet de</ex>
         <ex>et ce</ex>
         <ex>et a</ex>
         <ex>et a</ex>
         <ex>et cil</ex>
         <ex>seleet granz</ex>
         <ex>et atendoient</ex>
         <ex>et sa</ex>
         <ex>et seigna</ex>
         <ex>puceleet tantost</ex>
         <ex>ignoret tuit</ex>
         <ex>droiteet </ex>
         <ex> et curee</ex>
         <ex>et tiesmo</ex>
         <ex>et gre</ex>
         <ex>et sanez.</ex>
         <ex>denzet crioit</ex>
         <ex>et demenoit
</ex>
         <ex>et si</ex>
         <ex>estoitet tant</ex>
         <ex>et si</ex>
         <ex>et tel</ex>
         <ex>presignieret apr</ex>
         <ex>set toz</ex>
         <ex>et par</ex>
         <ex>homeet la</ex>
         <ex>et aguetier</ex>
         <ex>et mout
</ex>
         <ex>et tenist</ex>
         <ex>estoitet entra</ex>
         <ex>dolantet mout
</ex>
         <ex>et ocirre</ex>
         <ex>pooret sanz</ex>
         <ex>et q</ex>
         <ex>fremiret a</ex>
         <ex>et a</ex>
         <ex>et si</ex>
         <ex>et mengue.</ex>
         <ex>chautet tout</ex>
         <ex>dedenzet ne</ex>
         <ex>derrierset de</ex>
         <ex>et molt</ex>
         <ex>esmaieet torblee
</ex>
         <ex>et confondre.</ex>
         <ex>et en</ex>
         <ex>et dist</ex>
         <ex>et en</ex>
         <ex>et escoutoit</ex>
         <ex>deableset li</ex>
         <ex>estoientet fors</ex>
         <ex>et ses</ex>
         <ex>et la</ex>
         <ex>et le
</ex>
         <ex>et bene</ex>
         <ex>et o</ex>
         <ex>et mondez</ex>
         <ex>et en</ex>
         <ex>ignoret au</ex>
         <ex>oezet entendez</ex>
         <ex>et corrompue</ex>
         <ex>qarteineset par</ex>
         <ex>puceleet en</ex>
         <ex>guerieet mondee</ex>
         <ex>et irge.</ex>
         <ex>et bene</ex>
         <ex>oitet la</ex>
         <ex>reeet li
</ex>
         <ex>et si</ex>
         <ex>et re</ex>
         <ex>et del</ex>
         <ex>combrisiezet si</ex>
         <ex>nuitet il</ex>
         <ex>et si</ex>
         <ex>lendemeinet si</ex>
         <ex>et de
</ex>
         <ex>pluiseurset ra</ex>
         <ex>genzet puis</ex>
         <ex>reset le</ex>
         <ex>et il</ex>
         <ex>guerissonset ocioit</ex>
         <ex>et sanz</ex>
         <ex>et dist</ex>
         <ex>et par
</ex>
         <ex>batailleet ce</ex>
         <ex>desfendreet por</ex>
         <ex>mostreeset tante</ex>
         <ex>et grant</ex>
         <ex>et l</ex>
         <ex>meset de</ex>
         <ex>et en
</ex>
         <ex>butet tantost</ex>
         <ex>et enuz</ex>
         <ex>street li</ex>
         <ex>lignieet acompliz</ex>
         <ex>et couce</ex>
         <ex>et el</ex>
         <ex>matet confus</ex>
         <ex>et tel
</ex>
         <ex>et tel</ex>
         <ex>et matin.</ex>
         <ex>et conter</ex>
         <ex>maniereet si</ex>
         <ex>et a</ex>
         <ex>estoientet molt</ex>
         <ex>et cont</ex>
         <ex>et requis.</ex>
         <ex>et destruiz</ex>
         <ex>et qi</ex>
         <ex>et desconfiz</ex>
         <ex>et si</ex>
         <ex>pereoret tant</ex>
         <ex>et tant
</ex>
         <ex>et entendez
</ex>
         <ex>foizet si</ex>
         <ex>et si</ex>
         <ex>et molt</ex>
         <ex>et a</ex>
         <ex>et fere</ex>
         <ex>et tolue
</ex>
         <ex>parleret il</ex>
         <ex>reset si</ex>
         <ex>et cont</ex>
         <ex>mandaet dist</ex>
         <ex>et cerchassent</ex>
         <ex>doleuret ceste</ex>
         <ex>et cerche</ex>
         <ex>et puis</ex>
         <ex>forestet si</ex>
         <ex>ouet qant</ex>
         <ex>et entendre</ex>
         <ex>et qi</ex>
         <ex> et dit</ex>
         <ex>et apa</ex>
         <ex>et de</ex>
         <ex> et ce</ex>
         <ex>et sa</ex>
         <ex>et sa</ex>
         <ex>paroleset si</ex>
         <ex>et deguerpi</ex>
         <ex> et puis</ex>
         <ex>et ses</ex>
         <ex>fezet les</ex>
         <ex>et si</ex>
         <ex>et les</ex>
         <ex>et la</ex>
         <ex>ieet si</ex>
         <ex>et leis</ex>
         <ex>et misericorde.</ex>
         <ex>et entendre</ex>
         <ex>et a</ex>
         <ex>et sermonoit</ex>
         <ex>et sa</ex>
         <ex>apelezet l</ex>
         <ex>oitet t</ex>
         <ex>reset por</ex>
         <ex>ieet tant</ex>
         <ex>et de</ex>
         <ex>et la</ex>
         <ex>et une</ex>
         <ex>demoranceet non</ex>
         <ex>et lor</ex>
         <ex>et si</ex>
         <ex> et en</ex>
         <ex>compaignieet cil
</ex>
         <ex>creanceet par</ex>
         <ex>loet de</ex>
         <ex>et eu</ex>
         <ex>euet portoient
</ex>
         <ex>et de</ex>
         <ex>estoitet qi</ex>
         <ex>et entendi</ex>
         <ex>friret si</ex>
         <ex>luiet par</ex>
         <ex> et entendi</ex>
         <ex>et tra</ex>
         <ex>miseet cele</ex>
         <ex>estueet par</ex>
         <ex>et conisteroiz</ex>
         <ex>elleet si
</ex>
         <ex>et entendre.</ex>
         <ex>et grant
</ex>
         <ex>et la</ex>
         <ex>eoitet mur</ex>
         <ex>autreset me</ex>
         <ex>estueet por</ex>
         <ex>et molt</ex>
         <ex>et molt</ex>
         <ex>iolset taster</ex>
         <ex>zet nepor</ex>
         <ex>et a</ex>
         <ex>et a</ex>
         <ex>pooitet si</ex>
         <ex>et </ex>
         <ex>et a</ex>
         <ex>ienentet de</ex>
         <ex>et eoir</ex>
         <ex>et die</ex>
         <ex>seuset li</ex>
         <ex>maniereet si
</ex>
         <ex>reet corone</ex>
         <ex>pierreset chau</ex>
         <ex>doreeet molt</ex>
         <ex>et de</ex>
         <ex>et de</ex>
         <ex> et por</ex>
         <ex>et si</ex>
         <ex>direet apr</ex>
         <ex>et corone</ex>
         <ex>et en</ex>
         <ex>mortet a</ex>
         <ex>oizet cele</ex>
         <ex>reet la</ex>
         <ex> et dit</ex>
         <ex>neset si</ex>
         <ex>et de</ex>
         <ex>biet raconterai</ex>
         <ex>gieret c</ex>
         <ex>piezet si</ex>
         <ex>et pechi</ex>
         <ex>et de</ex>
         <ex>siecleet qe
</ex>
         <ex>direet i</ex>
         <ex>et dire</ex>
         <ex>direet dont</ex>
         <ex>pluiseurset resuscitoit</ex>
         <ex>morset a</ex>
         <ex>et les
</ex>
         <ex>fuiet qi</ex>
         <ex>et dire.</ex>
         <ex>et por
</ex>
         <ex>set de</ex>
         <ex>et fesoit</ex>
         <ex>et gesir</ex>
         <ex>gesiret si</ex>
         <ex>estoitet oste</ex>
         <ex>et il</ex>
         <ex>et li
</ex>
         <ex>et la</ex>
         <ex>et si
</ex>
         <ex>et une
</ex>
         <ex>estet li</ex>
         <ex>ardoiret a</ex>
         <ex>et destraignoit</ex>
         <ex>et serrez</ex>
         <ex>et si</ex>
         <ex>sonset si</ex>
         <ex>foiet par</ex>
         <ex>desfermeret il
</ex>
         <ex>croizet ses</ex>
         <ex>entendreet sa</ex>
         <ex>definaet lessa</ex>
         <ex>decipleset a</ex>
         <ex>entreet </ex>
         <ex>oientet cha</ex>
         <ex>et men</ex>
         <ex>et si</ex>
         <ex>entet si</ex>
         <ex>et qant
</ex>
         <ex>et les</ex>
         <ex>leuet si</ex>
         <ex>et entendre</ex>
         <ex>et as
</ex>
         <ex>montaigneset li</ex>
         <ex>oitet la</ex>
         <ex>et grant</ex>
         <ex>demeneret se</ex>
         <ex>oizet si</ex>
         <ex>et descon</ex>
         <ex>saufet si</ex>
         <ex>et de</ex>
         <ex>et si</ex>
         <ex>ignoret a</ex>
         <ex>et faire.</ex>
         <ex>et en</ex>
         <ex>et seur</ex>
         <ex>et les</ex>
         <ex>cielet si</ex>
         <ex>et de</ex>
         <ex>lumiereet tot</ex>
         <ex>et tant</ex>
         <ex>indrentet tuit</ex>
         <ex>et as</ex>
         <ex>oieset me</ex>
         <ex>demenoientet com</ex>
         <ex>et assamblez</ex>
         <ex>et emis</ex>
         <ex>reet i</ex>
         <ex>et chantees.</ex>
         <ex>et un
</ex>
         <ex>eageet au</ex>
         <ex>deet si</ex>
         <ex>contet dit.</ex>
         <ex>aet il</ex>
         <ex>deet cil</ex>
         <ex>euset une</ex>
         <ex>oloientet si</ex>
         <ex>neet si</ex>
         <ex>et olons</ex>
         <ex>mondeet parti</ex>
         <ex>iandeset si</ex>
         <ex>onset esleeciez</ex>
         <ex>ertuzet de</ex>
         <ex>et doi</ex>
         <ex>entet nous</ex>
         <ex>deet si</ex>
         <ex>morzet a</ex>
         <ex>et pro</ex>
         <ex>et droiture</ex>
         <ex>et a</ex>
         <ex>loet l</ex>
         <ex>et la
</ex>
         <ex>et li</ex>
         <ex>et distrent</ex>
         <ex>et de</ex>
         <ex>nefet toutes</ex>
         <ex>confuzet repeirierent</ex>
         <ex>et de</ex>
         <ex>et entendue.</ex>
         <ex>et de</ex>
         <ex>et de</ex>
         <ex>et mout</ex>
         <ex>matineset de</ex>
         <ex>et de</ex>
         <ex>oet entendi</ex>
         <ex>et ent</ex>
         <ex>encoreet si</ex>
         <ex>tendreet les</ex>
         <ex>et por</ex>
         <ex>et li
</ex>
         <ex>acreset si</ex>
         <ex>et par
</ex>
         <ex>et entendoit</ex>
         <ex>et la</ex>
         <ex>et si</ex>
         <ex>et e</ex>
         <ex>ieet por</ex>
         <ex>et demeinent</ex>
         <ex> et entendu</ex>
         <ex>et lor</ex>
         <ex>sesiret prendre</ex>
         <ex>et confuz</ex>
         <ex>et tristres.</ex>
         <ex>et l</ex>
         <ex>et puis</ex>
         <ex>et isnielement</ex>
         <ex>et ent</ex>
         <ex>et florie.</ex>
         <ex>et il</ex>
         <ex>et finee</ex>
         <ex>fineeet cil</ex>
         <ex>et ennuiez</ex>
         <ex>troublezet bien</ex>
         <ex>ensambleet mout</ex>
         <ex>et l</ex>
         <ex>preudomet seinz</ex>
         <ex>homet bene</ex>
         <ex>et les</ex>
         <ex>enoientet cui</ex>
         <ex>confonduzet seinte</ex>
         <ex>enforcieet qi</ex>
         <ex>geleset la</ex>
         <ex>irgeset qi</ex>
         <ex>et leesche</ex>
         <ex>et crieres</ex>
         <ex>et regne</ex>
         <ex>homet de</ex>
         <ex> et en</ex>
         <ex>et plus</ex>
         <ex>estudeet molt
</ex>
         <ex>et consomee</ex>
         <ex>et dire</ex>
         <ex>et somee</ex>
         <ex>et toz</ex>
         <ex>et les</ex>
         <ex>et les</ex>
         <ex>et bene</ex>
         <ex>ret por</ex>
         <ex>et metre</ex>
         <ex>et a</ex>
         <ex>antet qant</ex>
         <ex>sarquet puis</ex>
         <ex>et por</ex>
         <ex>dolenzet si</ex>
         <ex>et molt
</ex>
         <ex>et si</ex>
         <ex>esqiet ceste</ex>
         <ex>et li
</ex>
         <ex>et en</ex>
         <ex>et en</ex>
         <ex>et por</ex>
         <ex>elset il</ex>
         <ex>estoitet il</ex>
         <ex>abbeset puis</ex>
         <ex>laet lor</ex>
         <ex>oset por</ex>
         <ex>et tristre</ex>
         <ex>reet li</ex>
         <ex>et li</ex>
         <ex>esqeet les</ex>
         <ex>et les</ex>
         <ex>et cierges</ex>
         <ex>chanteret si</ex>
         <ex>et misent</ex>
         <ex>et assis</ex>
         <ex>nonet la</ex>
         <ex>chanteeet il</ex>
         <ex>set si</ex>
         <ex> et dit</ex>
         <ex>eet qe</ex>
         <ex>autruiet ce</ex>
         <ex>et regne</ex>
         <ex>eet essaucie</ex>
         <ex>essaucieet qe</ex>
         <ex>et </ex>
         <ex> et en</ex>
         <ex>et nessent.</ex>
         <ex> et la</ex>
         <ex> et de</ex>
         <ex>contreeet mout</ex>
         <ex>oiret de</ex>
         <ex>et de</ex>
         <ex>et de
</ex>
         <ex>et cremoit</ex>
         <ex>et mout</ex>
         <ex>euet ser</ex>
         <ex>et de</ex>
         <ex>set so</ex>
         <ex>et dont</ex>
         <ex>et les</ex>
         <ex>eset les</ex>
         <ex>et les</ex>
         <ex>mengiet il</ex>
         <ex>et si
</ex>
         <ex>et e</ex>
         <ex>et en</ex>
         <ex>et chas</ex>
         <ex> et si
</ex>
         <ex>et si</ex>
         <ex>et mon</ex>
         <ex>contet dit</ex>
         <ex> et </ex>
         <ex>et mi</ex>
         <ex>sericorset qi</ex>
         <ex>et ape</ex>
         <ex>et entendre.</ex>
         <ex>et droiture.</ex>
         <ex>pereset la</ex>
         <ex>et le</ex>
         <ex>et amenda</ex>
         <ex>et la</ex>
         <ex>et par</ex>
         <ex>et rectori</ex>
         <ex>et di</ex>
         <ex>enfeset bien</ex>
         <ex>et ama</ex>
         <ex>reatouret son</ex>
         <ex>et entendans</ex>
         <ex>femeet si</ex>
         <ex>filet si</ex>
         <ex>oieet m</ex>
         <ex>esleeceet l</ex>
         <ex>et les</ex>
         <ex>estoitet furent</ex>
         <ex>mostieret menez</ex>
         <ex>et en</ex>
         <ex>et g</ex>
         <ex>et sa
</ex>
         <ex> et de</ex>
         <ex>et de</ex>
         <ex>et une</ex>
         <ex>et si
</ex>
         <ex>gardezet nostre
</ex>
         <ex>et retint.</ex>
         <ex>et argent</ex>
         <ex>plotet se</ex>
         <ex>et fors
</ex>
         <ex>saleet ala</ex>
         <ex>dedenzet na</ex>
         <ex>citet ala</ex>
         <ex>et si</ex>
         <ex>et dona</ex>
         <ex>et a</ex>
         <ex>reset le</ex>
         <ex>et dona</ex>
         <ex>ignoret dont</ex>
         <ex>aumosneset ce</ex>
         <ex>penseeet estoit</ex>
         <ex>et en</ex>
         <ex>et en</ex>
         <ex> et dit</ex>
         <ex>et demanda
</ex>
         <ex>ilet si</ex>
         <ex>et si</ex>
         <ex>et misericors
</ex>
         <ex>et secorables.</ex>
         <ex>et di</ex>
         <ex>direet gisoit
</ex>
         <ex>et disoit</ex>
         <ex>ignoret en</ex>
         <ex>ignoret li</ex>
         <ex>luiet la</ex>
         <ex>ditet parl</ex>
         <ex>celuiet cil</ex>
         <ex>et proia
</ex>
         <ex>demostrastet ensignast
</ex>
         <ex>misericordeet nostre</ex>
         <ex>eglisseet puis</ex>
         <ex>estoitet de</ex>
         <ex>et dist</ex>
         <ex>et pleinz
</ex>
         <ex>paroleset li</ex>
         <ex>et amener</ex>
         <ex>et sot</ex>
         <ex>et depueplez</ex>
         <ex>contreeet par</ex>
         <ex>et li</ex>
         <ex>et se</ex>
         <ex>portet tant</ex>
         <ex>terreet si</ex>
         <ex>empereoret ensemble</ex>
         <ex>luiet si</ex>
         <ex>et piti</ex>
         <ex>et misericor</ex>
         <ex>et besoigneus</ex>
         <ex>et si</ex>
         <ex>et done</ex>
         <ex>ieet si</ex>
         <ex>et oelle</ex>
         <ex>et raemplir</ex>
         <ex>et si</ex>
         <ex>et li</ex>
         <ex>et si</ex>
         <ex>et istrai</ex>
         <ex>oieet si</ex>
         <ex>maniereet si</ex>
         <ex>et men</ex>
         <ex>et dire</ex>
         <ex>et menoit</ex>
         <ex>et si</ex>
         <ex>et par
</ex>
         <ex>et atendrai</ex>
         <ex>et l</ex>
         <ex>et menoit</ex>
         <ex>entet qi</ex>
         <ex>anuizet de</ex>
         <ex>et les</ex>
         <ex>et le</ex>
         <ex>et sa</ex>
         <ex>et en</ex>
         <ex>et ceste</ex>
         <ex>et metre</ex>
         <ex>et departir</ex>
         <ex>et enque</ex>
         <ex>et pene</ex>
         <ex>ieet ment</ex>
         <ex>et esploiti</ex>
         <ex>esploitiet coment</ex>
         <ex>et coment</ex>
         <ex>oret la</ex>
         <ex>et de</ex>
         <ex>et la</ex>
         <ex>et li</ex>
         <ex>eilliezet qi</ex>
         <ex>esteset e</ex>
         <ex>et assoa</ex>
         <ex>et s</ex>
         <ex>et en</ex>
         <ex>euet si</ex>
         <ex>remestet trespassa</ex>
         <ex>et li</ex>
         <ex>et tuit</ex>
         <ex>maladeset rendoit</ex>
         <ex>et nuit</ex>
         <ex>et loenges</ex>
         <ex>loengeset li</ex>
         <ex>et pardon</ex>
         <ex>pechiezet qu</ex>
         <ex>ameet li
</ex>
         <ex>oieet a</ex>
         <ex>empereoret li
</ex>
         <ex>et enseignie.</ex>
         <ex>eet si</ex>
         <ex> et si</ex>
         <ex>et la</ex>
         <ex>signorieet si</ex>
         <ex>et dist</ex>
         <ex>et por</ex>
         <ex>et embraser</ex>
         <ex>et si</ex>
         <ex>et qieus</ex>
         <ex>et de</ex>
         <ex>eoitet qe</ex>
         <ex>et grant</ex>
         <ex>orissonset en
</ex>
         <ex>gaboientet assailloient</ex>
         <ex>et il
</ex>
         <ex>et trespassez</ex>
         <ex>et aussint</ex>
         <ex>resplendissanzet en</ex>
         <ex>et lire</ex>
         <ex>et si</ex>
         <ex>mesonet ore</ex>
         <ex>morzet tenoit</ex>
         <ex>richementet si</ex>
         <ex>tet ensemble</ex>
         <ex>et tuit</ex>
         <ex>omeet granz</ex>
         <ex>pereorset ci</ex>
         <ex>et q</ex>
         <ex>meinet lor</ex>
         <ex>et li</ex>
         <ex>et esponst</ex>
         <ex>reset si</ex>
         <ex>euset se</ex>
         <ex>plorantet criant</ex>
         <ex>et si
</ex>
         <ex>eet quel
</ex>
         <ex>pasmaet de</ex>
         <ex>et sostenue.</ex>
         <ex>descireret a</ex>
         <ex>eneorset ses
</ex>
         <ex>forseneeet regardoit
</ex>
         <ex>et a</ex>
         <ex>et cui</ex>
         <ex>et redemenoit</ex>
         <ex>oiset si</ex>
         <ex>et toutes</ex>
         <ex>et plorez</ex>
         <ex>et demenez</ex>
         <ex>et disoit</ex>
         <ex>et moi</ex>
         <ex>oset si</ex>
         <ex>et confortoient
</ex>
         <ex>et ploroit</ex>
         <ex>et a</ex>
         <ex>et si
</ex>
         <ex>et la</ex>
         <ex>et esmer</ex>
         <ex>et si</ex>
         <ex>et a</ex>
         <ex>mereet a</ex>
         <ex>citet si</ex>
         <ex>et dire</ex>
         <ex> et cil</ex>
         <ex>maladieset languereus</ex>
         <ex>et ooient</ex>
         <ex> et  </ex>
         <ex>et argent</ex>
         <ex>reet la</ex>
         <ex>et li</ex>
         <ex>et a</ex>
         <ex>et loenges</ex>
         <ex> et d</ex>
         <ex>et d</ex>
         <ex>tet de</ex>
         <ex>et mistrent</ex>
         <ex>et fet</ex>
         <ex> et </ex>
         <ex>mentet par</ex>
         <ex>atentet qi</ex>
         <ex>zet a</ex>
         <ex>eslongentet ser</ex>
         <ex>et pai</ex>
         <ex>irontet a</ex>
         <ex>et o</ex>
         <ex>et o</ex>
         <ex>et o</ex>
         <ex>et en</ex>
         <ex>tendreet la</ex>
         <ex>et regne</ex>
         <ex>entendieet o</ex>
         <ex>racontentet dient
</ex>
         <ex>et les</ex>
         <ex>et por</ex>
         <ex>et qi</ex>
         <ex>et sa</ex>
         <ex>et andui</ex>
         <ex>et ser</ex>
         <ex>et amer</ex>
         <ex>escoleet li</ex>
         <ex>et del</ex>
         <ex>gieet si</ex>
         <ex>et misericorde</ex>
         <ex>et oieus</ex>
         <ex>et l</ex>
         <ex>et sa</ex>
         <ex>et sa</ex>
         <ex>morurentet de</ex>
         <ex> et dona</ex>
         <ex>et en</ex>
         <ex>celuiet lors</ex>
         <ex> et par</ex>
         <ex>et gueriz.</ex>
         <ex>et muiant</ex>
         <ex>muiantet cil</ex>
         <ex>oientet li</ex>
         <ex>conselet a</ex>
         <ex>deet il</ex>
         <ex>metezet secoroit</ex>
         <ex>et esparse</ex>
         <ex>et sa</ex>
         <ex>contreeet trespasse</ex>
         <ex>et menroit</ex>
         <ex>et en</ex>
         <ex>et cil</ex>
         <ex> et deli</ex>
         <ex>estoitet por</ex>
         <ex>et q</ex>
         <ex>et pooir.</ex>
         <ex>piezet si
</ex>
         <ex>estionset qi</ex>
         <ex>corset amenisterrons</ex>
         <ex>liezet bene</ex>
         <ex>ignoret rendi</ex>
         <ex>et a</ex>
         <ex>et ses
</ex>
         <ex>liezet heitiez</ex>
         <ex>et li</ex>
         <ex>et droituriers</ex>
         <ex>et mis</ex>
         <ex>et nuiz</ex>
         <ex>et a</ex>
         <ex>et autres</ex>
         <ex>feteet qant</ex>
         <ex> et quel</ex>
         <ex>et escu</ex>
         <ex>et d</ex>
         <ex>et de</ex>
         <ex>et ni</ex>
         <ex>ieet puis</ex>
         <ex>et apr</ex>
         <ex>et l</ex>
         <ex>et puis</ex>
         <ex>entet alerent</ex>
         <ex>et menoit</ex>
         <ex>homeet por
</ex>
         <ex>et herber</ex>
         <ex>et donees</ex>
         <ex>et sanee</ex>
         <ex>et tant</ex>
         <ex>esqeset il</ex>
         <ex>et si</ex>
         <ex>luiet 
</ex>
         <ex>enerationet li</ex>
         <ex>esqeet qant</ex>
         <ex>et por</ex>
         <ex>et misericorz</ex>
         <ex>et par</ex>
         <ex>et bien
</ex>
         <ex>et alez</ex>
         <ex>et ostas</ex>
         <ex>et qi</ex>
         <ex>et molt</ex>
         <ex>plorantet tant</ex>
         <ex>et de</ex>
         <ex>ageet si
</ex>
         <ex>et pure</ex>
         <ex>et ren</ex>
         <ex>et atornee</ex>
         <ex>et de</ex>
         <ex>et meintenant</ex>
         <ex>et plus</ex>
         <ex>et comencie</ex>
         <ex>eet ele
</ex>
         <ex>et d</ex>
         <ex>et le</ex>
         <ex>et les</ex>
         <ex>orset si</ex>
         <ex>et la</ex>
         <ex>et ge</ex>
         <ex>et de</ex>
         <ex>ignoret si</ex>
         <ex>apaisastet si</ex>
         <ex>acostumeeet tuit</ex>
         <ex>et ne</ex>
         <ex>et dis</ex>
         <ex>et li
</ex>
         <ex>et de</ex>
         <ex>et de</ex>
         <ex>et por
</ex>
         <ex>fereet ele</ex>
         <ex>et bien</ex>
         <ex>et li</ex>
         <ex>et li</ex>
         <ex>reposteet aombree</ex>
         <ex>boiset de</ex>
         <ex>et a</ex>
         <ex>et plai</ex>
         <ex>et ses</ex>
         <ex> et en
</ex>
         <ex>et li</ex>
         <ex> et il</ex>
         <ex>estoitet de</ex>
         <ex>contreeet por</ex>
         <ex>et qi</ex>
         <ex> et na</ex>
         <ex>et le</ex>
         <ex>et l</ex>
         <ex>enet coment</ex>
         <ex>roiset li</ex>
         <ex>piezet si</ex>
         <ex>mesfetet si</ex>
         <ex>et despenses</ex>
         <ex>pardonastet si</ex>
         <ex>et li</ex>
         <ex>orissonset apr</ex>
         <ex>et por</ex>
         <ex>paroleset si</ex>
         <ex>et oloit
</ex>
         <ex>et granz</ex>
         <ex>et qi</ex>
         <ex>et or.</ex>
         <ex>paistreset go</ex>
         <ex>et par</ex>
         <ex>et par</ex>
         <ex>apostreet l</ex>
         <ex>et en</ex>
         <ex>et en</ex>
         <ex>et seint</ex>
         <ex>et a</ex>
         <ex>aet li</ex>
         <ex>terreet por</ex>
         <ex>et do</ex>
         <ex>moineset de</ex>
         <ex>regneet meesmement</ex>
         <ex>et par</ex>
         <ex>et par
</ex>
         <ex>et qu</ex>
         <ex>et mena
</ex>
         <ex>et par</ex>
         <ex>et ho</ex>
         <ex>luiet la</ex>
         <ex>et si</ex>
         <ex>et manda</ex>
         <ex>choseset tant</ex>
         <ex>et si</ex>
         <ex>et de</ex>
         <ex>et si</ex>
         <ex>et heiti</ex>
         <ex>racontezet si</ex>
         <ex>et de</ex>
         <ex>et de</ex>
         <ex>cleset del</ex>
         <ex>et il</ex>
         <ex>fetet q</ex>
         <ex>solementet le</ex>
         <ex>deguerpissoitet au</ex>
         <ex>et le</ex>
         <ex>piezet si</ex>
         <ex>proiereet li</ex>
         <ex>eet il</ex>
         <ex>et tel</ex>
         <ex> et de</ex>
         <ex>apostreset por</ex>
         <ex>apostoileet si</ex>
         <ex>graceset si</ex>
         <ex>et puis</ex>
         <ex>et si</ex>
         <ex>et por</ex>
         <ex>et dist</ex>
         <ex>meret qi</ex>
         <ex>et par</ex>
         <ex>et par</ex>
         <ex>et sanz</ex>
         <ex>et metre</ex>
         <ex> et por
</ex>
         <ex>et en</ex>
         <ex>et en</ex>
         <ex>tenset il</ex>
         <ex>et or</ex>
         <ex>finet il</ex>
         <ex>et dist</ex>
         <ex>espiritueuset si</ex>
         <ex>et ala</ex>
         <ex> et deguerpi</ex>
         <ex>siecleet re</ex>
         <ex>et la
</ex>
         <ex>et requerons</ex>
         <ex>et secorre</ex>
         <ex>et le</ex>
         <ex>et regne</ex>
         <ex>et enten</ex>
         <ex>et croit</ex>
         <ex>et les</ex>
         <ex>et droiture</ex>
         <ex>et che</ex>
         <ex>et puceles
</ex>
         <ex>et dire</ex>
         <ex>et pueplee</ex>
         <ex>et la</ex>
         <ex>et les
</ex>
         <ex>richesceset de</ex>
         <ex>et de</ex>
         <ex>et lor</ex>
         <ex>proiereset si</ex>
         <ex>et la</ex>
         <ex>et le</ex>
         <ex>foieet atant</ex>
         <ex>et il</ex>
         <ex>et sa</ex>
         <ex>seet si</ex>
         <ex>et retenoit</ex>
         <ex>et dire</ex>
         <ex>et de</ex>
         <ex>et tant</ex>
         <ex>et sa</ex>
         <ex>et lor
</ex>
         <ex>et conseillier</ex>
         <ex>et puce</ex>
         <ex>et cui</ex>
         <ex>et sostenoient.</ex>
         <ex>et po</ex>
         <ex>ilet eles</ex>
         <ex>pechiet de</ex>
         <ex>chemiseet ala</ex>
         <ex>coiementet pui</ex>
         <ex>et lez</ex>
         <ex>et si</ex>
         <ex>et establies</ex>
         <ex>et qi</ex>
         <ex>et qe</ex>
         <ex>homeset qe</ex>
         <ex>et disoit</ex>
         <ex>gardaet it</ex>
         <ex>et a</ex>
         <ex>toiet si</ex>
         <ex>et humles
</ex>
         <ex>et si</ex>
         <ex>rendueet si
</ex>
         <ex>et donoit</ex>
         <ex>et or</ex>
         <ex>et nuit</ex>
         <ex>et de
</ex>
         <ex> et de</ex>
         <ex>et a</ex>
         <ex>et cont</ex>
         <ex>contet li</ex>
         <ex>et son</ex>
         <ex>homet religieus</ex>
         <ex>religieuset a</ex>
         <ex> et li</ex>
         <ex>eslectionet proierent</ex>
         <ex>et a</ex>
         <ex>et a</ex>
         <ex>et clers</ex>
         <ex>et en</ex>
         <ex>et ensignier</ex>
         <ex>puepleet l</ex>
         <ex>amonestet proierent</ex>
         <ex>eschiet ententis</ex>
         <ex>forset s</ex>
         <ex>glisseet celui</ex>
         <ex>et si</ex>
         <ex>esqeet si</ex>
         <ex>oet si</ex>
         <ex>et en</ex>
         <ex>orissonset il</ex>
         <ex>fistet a</ex>
         <ex>oiastet si</ex>
         <ex>pristet si</ex>
         <ex>et dous
</ex>
         <ex>chiefet si</ex>
         <ex>et si</ex>
         <ex>oieet nostre</ex>
         <ex>et a</ex>
         <ex>donet dont</ex>
         <ex>et l</ex>
         <ex>chaereet l</ex>
         <ex>et costume</ex>
         <ex>durementet bien</ex>
         <ex>et de</ex>
         <ex>charitet cele
</ex>
         <ex>et amegrissoit</ex>
         <ex>euneset si</ex>
         <ex> et eschi</ex>
         <ex>et sa</ex>
         <ex>et les</ex>
         <ex>et ra</ex>
         <ex>renomeeet partout</ex>
         <ex>et li</ex>
         <ex>et li
</ex>
         <ex>puissanzet li</ex>
         <ex>et prees</ex>
         <ex>donet li</ex>
         <ex>tenset ie</ex>
         <ex>conteret dire.</ex>
         <ex>felonieet e</ex>
         <ex>esforciezet les</ex>
         <ex>et par</ex>
         <ex>et e</ex>
         <ex>et granz</ex>
         <ex>ieet lor</ex>
         <ex>et lor</ex>
         <ex>et lor
</ex>
         <ex>rompueset lor
</ex>
         <ex>et si</ex>
         <ex>et a</ex>
         <ex>euet a</ex>
         <ex>homeet ce</ex>
         <ex>et as
</ex>
         <ex>et la</ex>
         <ex>eet eus</ex>
         <ex>ignoret loant</ex>
         <ex>estoitet l</ex>
         <ex>estoitet tantost</ex>
         <ex>secorset a</ex>
         <ex>et distrent</ex>
         <ex>respondiet dist</ex>
         <ex>et par</ex>
         <ex>foiet par</ex>
         <ex>et de</ex>
         <ex>et de</ex>
         <ex> et secoruz</ex>
         <ex>terreet en</ex>
         <ex>aet si</ex>
         <ex>et aidast</ex>
         <ex>et secorust.</ex>
         <ex>det aloient</ex>
         <ex>nefet a</ex>
         <ex>et ses</ex>
         <ex>contreeet bien</ex>
         <ex>ancreset li</ex>
         <ex>bonset droituriers</ex>
         <ex>portet dont</ex>
         <ex>eillierentet neqedent</ex>
         <ex>empereoret lors</ex>
         <ex>ensambleet rendirent
</ex>
         <ex>et qu</ex>
         <ex>et sa</ex>
         <ex>autreet en</ex>
         <ex>et repleniez.</ex>
         <ex>seneet os</ex>
         <ex>et o</ex>
         <ex>et encore</ex>
         <ex>et eraie
</ex>
         <ex>et d</ex>
         <ex>aoroientet en</ex>
         <ex>fianceet la</ex>
         <ex>creanceet le</ex>
         <ex>et debrissa</ex>
         <ex>et en</ex>
         <ex>et est</ex>
         <ex>et engigne</ex>
         <ex>aet e</ex>
         <ex>et en</ex>
         <ex>reet li</ex>
         <ex>et debonaires</ex>
         <ex>et entr</ex>
         <ex>euset dist</ex>
         <ex>oreet qe</ex>
         <ex>ditet li</ex>
         <ex>et por</ex>
         <ex>et mand</ex>
         <ex>et arstrent</ex>
         <ex>elleet la</ex>
         <ex>oet a</ex>
         <ex>et de</ex>
         <ex>aleeet li</ex>
         <ex>et loenges</ex>
         <ex>costumeet puis</ex>
         <ex>et doctri</ex>
         <ex>reset so</ex>
         <ex>et de</ex>
         <ex>et doctrinez</ex>
         <ex>beneet puis</ex>
         <ex>et hetiez
</ex>
         <ex>eoret le</ex>
         <ex>et l</ex>
         <ex>autreet le</ex>
         <ex>neset genz</ex>
         <ex>euset alassent
</ex>
         <ex>et ser</ex>
         <ex>et iandes</ex>
         <ex>et tout</ex>
         <ex>mazet li</ex>
         <ex>meret il</ex>
         <ex>granzet orible</ex>
         <ex>terreet pristrent</ex>
         <ex>costumeet lor</ex>
         <ex>reet alerent</ex>
         <ex>et d</ex>
         <ex>et marchi</ex>
         <ex>marchiet grant</ex>
         <ex>et la</ex>
         <ex>et adont</ex>
         <ex>et si</ex>
         <ex>oset de</ex>
         <ex>et si</ex>
         <ex>et qi</ex>
         <ex>et sa</ex>
         <ex>otroierentet si</ex>
         <ex>uneet de</ex>
         <ex> et li</ex>
         <ex>et </ex>
         <ex>et homes</ex>
         <ex>luiet si</ex>
         <ex>ocirreet por</ex>
         <ex>et a</ex>
         <ex>et a</ex>
         <ex>et espris</ex>
         <ex>et eus</ex>
         <ex>et si</ex>
         <ex> et </ex>
         <ex>laet qant</ex>
         <ex>et a</ex>
         <ex>reet cil</ex>
         <ex>traiteset apareilliez</ex>
         <ex>toliet si</ex>
         <ex>et puissanz</ex>
         <ex>et granz</ex>
         <ex>et por</ex>
         <ex> et seur</ex>
         <ex>luiet li</ex>
         <ex>pooiret qi</ex>
         <ex>et entenz</ex>
         <ex>et celi</ex>
         <ex>et si</ex>
         <ex>et corroces</ex>
         <ex> et </ex>
         <ex>et si</ex>
         <ex>et de</ex>
         <ex>destruizet si</ex>
         <ex>et d</ex>
         <ex>esteret si</ex>
         <ex>doucementet si</ex>
         <ex>amoret 
</ex>
         <ex>ageet alerent</ex>
         <ex>aleret firent</ex>
         <ex>pereoret les</ex>
         <ex>et bo</ex>
         <ex>oiset damoi</ex>
         <ex>et les</ex>
         <ex>et de</ex>
         <ex>et quist</ex>
         <ex>et en</ex>
         <ex>ieet q</ex>
         <ex>et regarz</ex>
         <ex>entet qe</ex>
         <ex>sonet mortel</ex>
         <ex>bienet cil</ex>
         <ex>et argent</ex>
         <ex>oloiret a</ex>
         <ex>et d</ex>
         <ex>et si</ex>
         <ex>et conta
</ex>
         <ex>certeinementet sanz</ex>
         <ex>oset si
</ex>
         <ex>et qie</ex>
         <ex>et amis
</ex>
         <ex>et ous</ex>
         <ex>et entendue</ex>
         <ex>et dite.</ex>
         <ex>oet entendi</ex>
         <ex>et a</ex>
         <ex>et si</ex>
         <ex>et distrent</ex>
         <ex>et semons</ex>
         <ex>semonset si</ex>
         <ex>et aemplir</ex>
         <ex>forcieret si</ex>
         <ex>et mestiers</ex>
         <ex>peset si</ex>
         <ex>et si</ex>
         <ex>et sanz</ex>
         <ex>chartreet si</ex>
         <ex>bienet si</ex>
         <ex>homet pleins
</ex>
         <ex>treet si</ex>
         <ex>princeset si</ex>
         <ex>reret si</ex>
         <ex>espoentezet comencierent</ex>
         <ex>et a</ex>
         <ex>et lor</ex>
         <ex>detraireet a</ex>
         <ex>reset si</ex>
         <ex>et disoient</ex>
         <ex>et ceste</ex>
         <ex>et sanz</ex>
         <ex>et sanz</ex>
         <ex>grantet ne</ex>
         <ex>et plor</ex>
         <ex>et puis</ex>
         <ex>periret re</ex>
         <ex>et deli</ex>
         <ex>deet s</ex>
         <ex> et si</ex>
         <ex>aussintet si</ex>
         <ex>et besier
</ex>
         <ex>pitiet la</ex>
         <ex>et a</ex>
         <ex>et ne</ex>
         <ex>misericordeet ne</ex>
         <ex>ieet nostre</ex>
         <ex>litet li</ex>
         <ex>et si</ex>
         <ex>prissonet por</ex>
         <ex>et si</ex>
         <ex>ret se</ex>
         <ex>geet q</ex>
         <ex>ociset qe</ex>
         <ex>et as</ex>
         <ex>et de</ex>
         <ex>set tieus</ex>
         <ex>tiet ala
</ex>
         <ex>et perduz</ex>
         <ex>chartreet se</ex>
         <ex>mpereoret si</ex>
         <ex>et soit</ex>
         <ex>erset ta</ex>
         <ex>et li</ex>
         <ex>espoentezet manda</ex>
         <ex>et ses</ex>
         <ex>baronset si</ex>
         <ex>semblantet si</ex>
         <ex>et par
</ex>
         <ex>et espoen</ex>
         <ex>et respondi</ex>
         <ex>et si</ex>
         <ex>aprendreet bien</ex>
         <ex>et si</ex>
         <ex>ssentet si</ex>
         <ex>et de</ex>
         <ex>lignieet se</ex>
         <ex>et si</ex>
         <ex>et qe</ex>
         <ex>et nos</ex>
         <ex>deet si</ex>
         <ex>et entendus</ex>
         <ex>terreset ensus
</ex>
         <ex>distet puis</ex>
         <ex>estoitet de</ex>
         <ex>bontet si</ex>
         <ex>conteret dire</ex>
         <ex>et por</ex>
         <ex> et retraire</ex>
         <ex>et si</ex>
         <ex>et si</ex>
         <ex>et a</ex>
         <ex>rezet si
</ex>
         <ex>et essiaus</ex>
         <ex>et aornez</ex>
         <ex>eet q</ex>
         <ex>deraet si</ex>
         <ex>oioitet tant</ex>
         <ex>besieret por</ex>
         <ex>et si</ex>
         <ex>ceet autres</ex>
         <ex>estoitet si</ex>
         <ex>oioitet les</ex>
         <ex>cielet si</ex>
         <ex>et esmer</ex>
         <ex>et nule</ex>
         <ex>choseset tu</ex>
         <ex>et a</ex>
         <ex>et des
</ex>
         <ex>scritureset qu</ex>
         <ex>et as</ex>
         <ex>loantet bene</ex>
         <ex>itet regne</ex>
         <ex>geleet la</ex>
         <ex>corset le</ex>
         <ex>boucheet tantost</ex>
         <ex>et sa
</ex>
         <ex>et .</ex>
         <ex>adonqeset qant</ex>
         <ex>et si</ex>
         <ex>et tra</ex>
         <ex>celiet tantost</ex>
         <ex>ignoret la</ex>
         <ex>et </ex>
         <ex>euet sa
</ex>
         <ex>et la
</ex>
         <ex>nonet si</ex>
         <ex>et si</ex>
         <ex>et ait</ex>
         <ex>et par</ex>
         <ex>et les</ex>
         <ex>membreset pui</ex>
         <ex>ignoret tantost</ex>
         <ex>sanezet si</ex>
         <ex>et graciant</ex>
         <ex>et tro</ex>
         <ex>et d</ex>
         <ex>et pleines</ex>
         <ex>et a</ex>
         <ex>homeet si</ex>
         <ex>estet a</ex>
         <ex>et deli</ex>
         <ex>et haitiez</ex>
         <ex>et reclamez
</ex>
         <ex>miracleset d</ex>
         <ex>ieet ala</ex>
         <ex>tet si</ex>
         <ex>et si</ex>
         <ex>croizet puis</ex>
         <ex>et eripe</ex>
         <ex>tuamet sal</ex>
         <ex>protectoremet in</ex>
         <ex> et </ex>
         <ex>et 
</ex>
         <ex>et de
</ex>
         <ex>et si</ex>
         <ex>et eslee</ex>
         <ex>et li</ex>
         <ex>et de</ex>
         <ex>et desciroient</ex>
         <ex>et le</ex>
         <ex>et o</ex>
         <ex>eneet si</ex>
         <ex>esqeset cil</ex>
         <ex>corset si</ex>
         <ex>et co</ex>
         <ex>et li</ex>
         <ex>et par</ex>
         <ex>et molt
</ex>
         <ex>miracleet fet</ex>
         <ex>deset adonc</ex>
         <ex>et no</ex>
         <ex>et amoit</ex>
         <ex>et anz
</ex>
         <ex>oitet qe</ex>
         <ex>passionet </ex>
         <ex>elizet enfo</ex>
         <ex>eglisseet si</ex>
         <ex>tureet haute</ex>
         <ex> et esgard</ex>
         <ex>et l</ex>
         <ex> et de</ex>
         <ex>ret de</ex>
         <ex>ret de</ex>
         <ex>deet de</ex>
         <ex>et q</ex>
         <ex>liquieuret d</ex>
         <ex>ditet fet
</ex>
         <ex>et muz</ex>
         <ex>et der</ex>
         <ex>et envoiez</ex>
         <ex>uileet la</ex>
         <ex>et mis</ex>
         <ex>et en</ex>
         <ex>et li</ex>
         <ex>et entendre</ex>
         <ex>et acrut</ex>
         <ex>pluset plus</ex>
         <ex>loinget pres</ex>
         <ex>et des</ex>
         <ex> et qe</ex>
         <ex>genzet de</ex>
         <ex>anet la</ex>
         <ex>confessoret puis</ex>
         <ex>et molt</ex>
         <ex>rieret si</ex>
         <ex>et comen</ex>
         <ex>oeeet comen</ex>
         <ex>ret dont</ex>
         <ex>et la</ex>
         <ex>resgardaet si</ex>
         <ex>reet loa</ex>
         <ex> et celui</ex>
         <ex> et si
</ex>
         <ex>et les</ex>
         <ex>luiet puis
</ex>
         <ex>estet droiture</ex>
         <ex> et a</ex>
         <ex>homeet li</ex>
         <ex>charchiet les
</ex>
         <ex>et les</ex>
         <ex>et fist</ex>
         <ex>et besoinz.</ex>
         <ex>et sa</ex>
         <ex>et ses</ex>
         <ex>et ses
</ex>
         <ex>zet assez</ex>
         <ex>mesnieet puis</ex>
         <ex>et isnie</ex>
         <ex>et droiturier.</ex>
         <ex>et sa</ex>
         <ex>et che</ex>
         <ex>et ses</ex>
         <ex>leet por</ex>
         <ex>meret la</ex>
         <ex>et de
</ex>
         <ex>et son</ex>
         <ex>et perderont</ex>
         <ex>aet plus</ex>
         <ex>perduet la</ex>
         <ex>et toute</ex>
         <ex>et demenerent</ex>
         <ex>et del</ex>
         <ex>et sa</ex>
         <ex>signeuret si</ex>
         <ex>autelet si</ex>
         <ex>et raconta</ex>
         <ex>oitiseet coment</ex>
         <ex>et son</ex>
         <ex>et la</ex>
         <ex>et tuit</ex>
         <ex>oieet rendirent</ex>
         <ex>et loenges
</ex>
         <ex>et a</ex>
         <ex>et si</ex>
         <ex>oeeet puis</ex>
         <ex>meret si</ex>
         <ex>brazet port</ex>
         <ex>ageet li</ex>
         <ex>et puis</ex>
         <ex>et autres</ex>
         <ex>oieet si</ex>
         <ex>et le</ex>
         <ex>et li</ex>
         <ex>et a</ex>
         <ex>et oianz</ex>
         <ex>et a</ex>
         <ex>reset si
</ex>
         <ex>et par</ex>
         <ex>garderet par</ex>
         <ex>nieret rele</ex>
         <ex>homet q</ex>
         <ex>racleet por</ex>
         <ex>euet ses</ex>
         <ex>autelet si</ex>
         <ex>gageset </ex>
         <ex>et par</ex>
         <ex>et si</ex>
         <ex>respitet il</ex>
         <ex> et olentiers.</ex>
         <ex>faiteet li</ex>
         <ex>oitet si</ex>
         <ex>et pa</ex>
         <ex>et autres</ex>
         <ex>et si</ex>
         <ex>et pai</ex>
         <ex>et as</ex>
         <ex>et dist</ex>
         <ex>et par</ex>
         <ex>crestienet si</ex>
         <ex>et si</ex>
         <ex>creoitet </ex>
         <ex>et cre</ex>
         <ex>creet q</ex>
         <ex>et </ex>
         <ex>et re</ex>
         <ex>et autres</ex>
         <ex>et autres</ex>
         <ex>breet le</ex>
         <ex>eglisseet por</ex>
         <ex> et le</ex>
         <ex>boisdieet por</ex>
         <ex>et desco</ex>
         <ex>et ale</ex>
         <ex>autelet si</ex>
         <ex>et trest
</ex>
         <ex>oieet li</ex>
         <ex>oieet si</ex>
         <ex>entureet tant
</ex>
         <ex>crestienet si</ex>
         <ex> et si</ex>
         <ex>et defrois</ex>
         <ex>et bien</ex>
         <ex>et a</ex>
         <ex>parzet li</ex>
         <ex>intet si</ex>
         <ex>et prist</ex>
         <ex>et nurent</ex>
         <ex> et dece</ex>
         <ex>et qant</ex>
         <ex>toiet tres</ex>
         <ex>eet ho</ex>
         <ex>et ami</ex>
         <ex>boisiezet qe</ex>
         <ex>deserteet se</ex>
         <ex>et tote</ex>
         <ex>mesnieet toz
</ex>
         <ex>et hei</ex>
         <ex>et ala</ex>
         <ex>autelet si</ex>
         <ex>coupableset puis</ex>
         <ex>mentet si</ex>
         <ex>et tote
</ex>
         <ex>et honora</ex>
         <ex>tet mon</ex>
         <ex>ret sa</ex>
         <ex>et aempli</ex>
         <ex>et sa</ex>
         <ex>et regne
</ex>
         <ex>det si</ex>
         <ex>et ardoir</ex>
         <ex>et la</ex>
         <ex>et de</ex>
         <ex> et esgardee.</ex>
         <ex>nerentet si</ex>
         <ex>plorantet distrent</ex>
         <ex>et au</ex>
         <ex>et par</ex>
         <ex>et a</ex>
         <ex>oirset proies.</ex>
         <ex>et sa</ex>
         <ex>et d</ex>
         <ex>et de</ex>
         <ex>et sa</ex>
         <ex>richesceet puis</ex>
         <ex>et si</ex>
         <ex>changeet si</ex>
         <ex>et si</ex>
         <ex>et lessa</ex>
         <ex>endroientet pr</ex>
         <ex>et l</ex>
         <ex>et les</ex>
         <ex>et entendez</ex>
         <ex>et pree</ex>
         <ex>ploreret grant</ex>
         <ex>et qui</ex>
         <ex>et si</ex>
         <ex>et de</ex>
         <ex>et prisses</ex>
         <ex>arrazinet lors</ex>
         <ex>et si</ex>
         <ex>et chetif</ex>
         <ex>et ceste
</ex>
         <ex>et tolistes</ex>
         <ex>et autres</ex>
         <ex>et combien</ex>
         <ex>et prises</ex>
         <ex>et puis
</ex>
         <ex>lueset emblees</ex>
         <ex>gardeet si</ex>
         <ex>espoentezet por</ex>
         <ex>et sa</ex>
         <ex>oucementet si</ex>
         <ex>et droituriers</ex>
         <ex>et misericors</ex>
         <ex>et granz</ex>
         <ex>et puissanz</ex>
         <ex>et sanz</ex>
         <ex>et sanz</ex>
         <ex>omeet si</ex>
         <ex>et se</ex>
         <ex>et it</ex>
         <ex>et si</ex>
         <ex>luiet tote
</ex>
         <ex>et sa</ex>
         <ex>et si</ex>
         <ex>et gracierent</ex>
         <ex>et </ex>
         <ex>et en</ex>
         <ex>det einsi</ex>
         <ex>et honeurent</ex>
         <ex>miracleset ceste</ex>
         <ex>det totes</ex>
         <ex> et cil</ex>
         <ex>eglisseset li</ex>
         <ex>festeset honeur</ex>
         <ex>et honeurent.</ex>
         <ex>et entendez</ex>
         <ex>ieet ses</ex>
         <ex>festeset li</ex>
         <ex>et socors</ex>
         <ex>et secorre</ex>
         <ex>besoinzet desliier</ex>
         <ex>mestieret liiez</ex>
         <ex>et de</ex>
         <ex>et reg</ex>
         <ex>miracleet pluiseurs</ex>
         <ex>et embelir</ex>
         <ex>et d</ex>
         <ex>et corages</ex>
         <ex>et si</ex>
         <ex> et en</ex>
         <ex>indrentet q</ex>
         <ex>citet it</ex>
         <ex>et a</ex>
         <ex>et auques</ex>
         <ex>meret corurent</ex>
         <ex>et a</ex>
         <ex>et d</ex>
         <ex>et sorent</ex>
         <ex>et pis</ex>
         <ex>et sorent</ex>
         <ex>fereet si</ex>
         <ex>marcheandiseet de</ex>
         <ex>oileset repairierent</ex>
         <ex>et e</ex>
         <ex>gardoientet pou</ex>
         <ex>et lacierent</ex>
         <ex>heaumeset ceinstr</ex>
         <ex>et mistrent
</ex>
         <ex>forzet hardiz
</ex>
         <ex>et mout
</ex>
         <ex>et distrent</ex>
         <ex>et ou</ex>
         <ex>et lor</ex>
         <ex>et enseignierent</ex>
         <ex>eschaperet mout</ex>
         <ex>durementet li</ex>
         <ex>leuset la</ex>
         <ex>et duc
</ex>
         <ex>et disoient</ex>
         <ex>et au</ex>
         <ex>et si</ex>
         <ex>et enquerez</ex>
         <ex>et si</ex>
         <ex>et ist</ex>
         <ex>et departez</ex>
         <ex>et male</ex>
         <ex> et q</ex>
         <ex>et mout</ex>
         <ex>clerzet pueple</ex>
         <ex>isionet si</ex>
         <ex>regionet se
</ex>
         <ex>et il
</ex>
         <ex>et por</ex>
         <ex>et perdi</ex>
         <ex>et la</ex>
         <ex>duelet si</ex>
         <ex>et argent</ex>
         <ex>seet les</ex>
         <ex>et plo</ex>
         <ex>et crioient</ex>
         <ex>et si</ex>
         <ex> et estri</ex>
         <ex>eglisseet si</ex>
         <ex>et har</ex>
         <ex>et li</ex>
         <ex>toitet qant</ex>
         <ex>et si</ex>
         <ex>et ostas</ex>
         <ex>elizet il</ex>
         <ex>moitiet il</ex>
         <ex>estoitet si</ex>
         <ex>et atrest</ex>
         <ex>nonet li</ex>
         <ex>diligenseet par</ex>
         <ex>amoret par</ex>
         <ex>et atrest
</ex>
         <ex>ertureet il</ex>
         <ex>et toz</ex>
         <ex>et sanz</ex>
         <ex>et trest</ex>
         <ex>decoroientet si
</ex>
         <ex>et a</ex>
         <ex>durementet li</ex>
         <ex>et si</ex>
         <ex>estrangeset ers</ex>
         <ex>et ta</ex>
         <ex>et ceste
</ex>
         <ex>delet si</ex>
         <ex>et la</ex>
         <ex>et puis</ex>
         <ex>et mises</ex>
         <ex>et en</ex>
         <ex>et q</ex>
         <ex>et loerent</ex>
         <ex>et en</ex>
         <ex>et le</ex>
         <ex>et drecierent</ex>
         <ex>et trestrent</ex>
         <ex>et fort</ex>
         <ex>et droiturier
</ex>
         <ex>et si</ex>
         <ex>et tuit</ex>
         <ex>et il</ex>
         <ex>meret il</ex>
         <ex>et lor</ex>
         <ex>rompreet lor</ex>
         <ex>et a</ex>
         <ex>et si</ex>
         <ex>et dont</ex>
         <ex>et si</ex>
         <ex>et si</ex>
         <ex>et demenoient</ex>
         <ex>doleurset li</ex>
         <ex>et si
</ex>
         <ex>et nostre</ex>
         <ex>et nostre</ex>
         <ex>et si</ex>
         <ex>deet puis</ex>
         <ex>et par</ex>
         <ex>et disoient</ex>
         <ex>et s</ex>
         <ex>et depe</ex>
         <ex>leret a</ex>
         <ex>et qatre</ex>
         <ex>et mises</ex>
         <ex>borseet qe</ex>
         <ex>tet si
</ex>
         <ex>et entendez</ex>
         <ex>apesaet cil</ex>
         <ex>et mon</ex>
         <ex>fereet si</ex>
         <ex>et dedenz</ex>
         <ex>det puis</ex>
         <ex>otionet par</ex>
         <ex>cleret au</ex>
         <ex>leesceet la</ex>
         <ex> et corurent</ex>
         <ex>auet pristrent</ex>
         <ex>et lor</ex>
         <ex>zet toz</ex>
         <ex>et puceles</ex>
         <ex>ielet o</ex>
         <ex>chasteaet des
</ex>
         <ex> et plus</ex>
         <ex>et alez</ex>
         <ex>et a</ex>
         <ex>et a</ex>
         <ex>ardanzet chantoient</ex>
         <ex>et droiture.</ex>
         <ex>et a</ex>
         <ex>et bene</ex>
         <ex>et si</ex>
         <ex>otet bene</ex>
         <ex> et sa
</ex>
         <ex>chiet metre</ex>
         <ex>et l</ex>
         <ex>onset granz</ex>
         <ex>et esploitierent</ex>
         <ex>et par</ex>
         <ex>milet wi</ex>
         <ex>tanteet siet</ex>
         <ex>et mout</ex>
         <ex>deset peres</ex>
         <ex>et esqui</ex>
         <ex>et ense</ex>
         <ex>eglisseet la</ex>
         <ex>anzet sessante</ex>
         <ex>delet si</ex>
         <ex>et crestiens</ex>
         <ex> et conte
</ex>
         <ex>et pleins</ex>
         <ex>et disoit</ex>
         <ex>roiet tresq</ex>
         <ex>et au</ex>
         <ex>et dedenz</ex>
         <ex>et tot</ex>
         <ex>antet derriere</ex>
         <ex>ignoret par</ex>
         <ex>et heitiez</ex>
         <ex>et si</ex>
         <ex>et gueriz
</ex>
         <ex>et pluiseurs</ex>
         <ex>et del</ex>
         <ex>et des</ex>
         <ex>et des</ex>
         <ex>maladieet l</ex>
         <ex>et clope</ex>
         <ex>sechieet l</ex>
         <ex>enfermetet la</ex>
         <ex>et pale</ex>
         <ex>et a</ex>
         <ex>et ses</ex>
         <ex>et gueriz</ex>
         <ex>et sors</ex>
         <ex>et muz
</ex>
         <ex>et a</ex>
         <ex>corset por</ex>
         <ex>pechiezet le</ex>
         <ex>et </ex>
         <ex>det </ex>
         <ex>deet autres</ex>
         <ex>esqeset tuit</ex>
         <ex>det grant</ex>
         <ex>et si</ex>
         <ex>et sa</ex>
         <ex>et de</ex>
         <ex>et e</ex>
         <ex>et tantost</ex>
         <ex>et a</ex>
         <ex>et mon</ex>
         <ex>et mout
</ex>
         <ex>et le</ex>
         <ex>et le</ex>
         <ex>aleret au</ex>
         <ex>et por</ex>
         <ex>et por</ex>
         <ex>exet mes</ex>
         <ex>et aidast.</ex>
         <ex>ploreret a</ex>
         <ex>anuiet en</ex>
         <ex>deet si</ex>
         <ex>et il</ex>
         <ex>et par</ex>
         <ex>plaierentet ocistr</ex>
         <ex>fuelleset puis</ex>
         <ex>pelerinet en</ex>
         <ex>et enquist</ex>
         <ex>aloientet cil</ex>
         <ex>respondiet dist</ex>
         <ex>corrociet son</ex>
         <ex>et par</ex>
         <ex>piezet si</ex>
         <ex>luiet ses</ex>
         <ex>et en</ex>
         <ex>et par</ex>
         <ex>et loerent</ex>
         <ex>signeuret si</ex>
         <ex>et il</ex>
         <ex>et cruieus.</ex>
         <ex>et si
</ex>
         <ex>et li
</ex>
         <ex>et puis</ex>
         <ex>et grant
</ex>
         <ex>et lors</ex>
         <ex>et par</ex>
         <ex>et deli</ex>
         <ex>et de</ex>
         <ex>et reclaim</ex>
         <ex>teireet si</ex>
         <ex>et miseri</ex>
         <ex>et de</ex>
         <ex>et amoit</ex>
         <ex>ploreret a</ex>
         <ex> et secoruz</ex>
         <ex>finet si</ex>
         <ex>ignoret se</ex>
         <ex>et a</ex>
         <ex> et qe</ex>
         <ex>et si</ex>
         <ex>et gueriz</ex>
         <ex>aparuzet qu</ex>
         <ex>graceet il</ex>
         <ex>et proioient</ex>
         <ex>et deli</ex>
         <ex>premierset qi</ex>
         <ex>et honorez</ex>
         <ex>ieet qu</ex>
         <ex>et pardon</ex>
         <ex>prestreset as</ex>
         <ex>et les</ex>
         <ex>et irent</ex>
         <ex>et disoit</ex>
         <ex>confessoret si</ex>
         <ex>toiet a</ex>
         <ex>oieet qu</ex>
         <ex>et a</ex>
         <ex>et donee</ex>
         <ex>et consomee</ex>
         <ex> et dedia</ex>
         <ex>oneuret en</ex>
         <ex>et a</ex>
         <ex>et seintement</ex>
         <ex>et si</ex>
         <ex>et sa</ex>
         <ex>et si</ex>
         <ex>et orde</ex>
         <ex>et en</ex>
         <ex>proiaet requist</ex>
         <ex>et orz</ex>
         <ex>et del</ex>
         <ex>et des</ex>
         <ex>et mout</ex>
         <ex>genzet de</ex>
         <ex>et chascun</ex>
         <ex>et la</ex>
         <ex>icholaet fesoient
</ex>
         <ex>et sa</ex>
         <ex>et ses
</ex>
         <ex>fiuzet lor</ex>
         <ex>et lor</ex>
         <ex>et larrons</ex>
         <ex>et sa</ex>
         <ex>et lor</ex>
         <ex>et lor</ex>
         <ex> et sa</ex>
         <ex>et lor</ex>
         <ex>et lor</ex>
         <ex>et lor</ex>
         <ex>debatreet si</ex>
         <ex>et crioit</ex>
         <ex>et si</ex>
         <ex>et di</ex>
         <ex> et mes</ex>
         <ex>et do</ex>
         <ex>et qe</ex>
         <ex>ieet apr</ex>
         <ex>et nos
</ex>
         <ex>et si</ex>
         <ex>rentet si</ex>
         <ex>proiereset si</ex>
         <ex>et norri</ex>
         <ex>et alaitai</ex>
         <ex>et ausint</ex>
         <ex>risteet dolente</ex>
         <ex>et toz</ex>
         <ex>et qe</ex>
         <ex>et la</ex>
         <ex>femeet si</ex>
         <ex>et si</ex>
         <ex>et des</ex>
         <ex>et donons
</ex>
         <ex> et sa
</ex>
         <ex>et oelle</ex>
         <ex>et a</ex>
         <ex>rendreet e</ex>
         <ex>et si</ex>
         <ex>moiet si</ex>
         <ex>proiereet les</ex>
         <ex>et creons</ex>
         <ex>creatureet qe</ex>
         <ex>et de</ex>
         <ex>et des</ex>
         <ex>et regnes</ex>
         <ex>et de</ex>
         <ex>et les</ex>
         <ex>et finez</ex>
         <ex>apertenoitet li</ex>
         <ex>prestreet li</ex>
         <ex>et a</ex>
         <ex>doieet si</ex>
         <ex>reet li</ex>
         <ex>souspireret a</ex>
         <ex>et amenez</ex>
         <ex>prisonet qe</ex>
         <ex>et sa</ex>
         <ex>et celebroient</ex>
         <ex>humlementet mout</ex>
         <ex>et si</ex>
         <ex>et si</ex>
         <ex>et messires</ex>
         <ex>et sa
</ex>
         <ex>et li</ex>
         <ex> et .</ex>
         <ex>et si
</ex>
         <ex>et par</ex>
         <ex>proiereet </ex>
         <ex>iolset qe</ex>
         <ex>et regnes</ex>
         <ex>et la</ex>
         <ex>et de</ex>
         <ex> et dit</ex>
         <ex>ignoret loerent</ex>
         <ex>et apele</ex>
         <ex>et por</ex>
         <ex>et regne</ex>
         <ex>et nostre</ex>
         <ex>et des</ex>
         <ex>et son</ex>
         <ex>get pres</ex>
         <ex>et par</ex>
         <ex>sambleet alerent</ex>
         <ex>et si
</ex>
         <ex>et proierent</ex>
         <ex>et por</ex>
         <ex>douceet a</ex>
         <ex>et mue</ex>
         <ex>et autres</ex>
         <ex>et dist</ex>
         <ex>et font</ex>
         <ex>et lor
</ex>
         <ex>et st</ex>
         <ex>et trest</ex>
         <ex>estenduet lors</ex>
         <ex>et si
</ex>
         <ex>noteet d</ex>
         <ex>tostet qant</ex>
         <ex> et q</ex>
         <ex>et tant</ex>
         <ex>et par
</ex>
         <ex>et mout</ex>
         <ex>steset tres</ex>
         <ex>et les</ex>
         <ex>et socorre</ex>
         <ex>et esgarees</ex>
         <ex>et piti</ex>
         <ex>et regne</ex>
         <ex> et distrent</ex>
         <ex>et des</ex>
         <ex> et distrent</ex>
         <ex> et des
</ex>
         <ex>et de</ex>
         <ex>et baisai</ex>
         <ex>et men</ex>
         <ex>oieet un</ex>
         <ex> et si
</ex>
         <ex>et int
</ex>
         <ex>moiet si</ex>
         <ex>et qe</ex>
         <ex>et li
</ex>
         <ex>enuzet e</ex>
         <ex>aet de</ex>
         <ex>et tante</ex>
         <ex>et tu
</ex>
         <ex>et la</ex>
         <ex>oieet ment</ex>
         <ex>gardeeet qele</ex>
         <ex>et qele
</ex>
         <ex>doneeet quels</ex>
         <ex>et quels</ex>
         <ex>et ser</ex>
         <ex>et croient.</ex>
         <ex>et en</ex>
         <ex>ret entendre</ex>
         <ex>et son</ex>
         <ex> et si</ex>
         <ex> et se</ex>
         <ex>et raconte
</ex>
         <ex>set si
</ex>
         <ex>et de</ex>
         <ex>et lessiez.</ex>
         <ex>amiset puis</ex>
         <ex>orronset entenderons.</ex>
         <ex>meset fe</ex>
         <ex>escoutameset il</ex>
         <ex>toiet e</ex>
         <ex>et droit</ex>
         <ex>et sanz
</ex>
         <ex>et isiter</ex>
         <ex>seinzet me</ex>
         <ex>et feire</ex>
         <ex>et droiture.</ex>
         <ex>terreet noz
</ex>
         <ex>et periz</ex>
         <ex>compaignonset si
</ex>
         <ex>et enqerre</ex>
         <ex>feteet co</ex>
         <ex>et hisdeus.</ex>
         <ex>et de</ex>
         <ex>et de</ex>
         <ex>et par</ex>
         <ex>et cil</ex>
         <ex>benignementet si</ex>
         <ex>ageet q</ex>
         <ex>et raler
</ex>
         <ex>rreet de</ex>
         <ex>habitoientet s</ex>
         <ex>deseureet puis</ex>
         <ex>geet un</ex>
         <ex>et de</ex>
         <ex>et li</ex>
         <ex>et fumes</ex>
         <ex>et saou</ex>
         <ex>et delitable.</ex>
         <ex>orgeet bone</ex>
         <ex>paroleet si</ex>
         <ex>et la</ex>
         <ex>trespasseeet li</ex>
         <ex>habitacleet si</ex>
         <ex>et enclose</ex>
         <ex>encloseet faite</ex>
         <ex>et nos</ex>
         <ex>et entendu</ex>
         <ex>osteet ses
</ex>
         <ex>reset il</ex>
         <ex>ageet nos
</ex>
         <ex>et les</ex>
         <ex>et granz
</ex>
         <ex> et por</ex>
         <ex> et estoit</ex>
         <ex>et mes</ex>
         <ex>preudet mout</ex>
         <ex>et ensigniez
</ex>
         <ex>et endoctrinez</ex>
         <ex>latinet de</ex>
         <ex>greuet d</ex>
         <ex>parleret si</ex>
         <ex> et fait</ex>
         <ex>moigneset </ex>
         <ex>et d</ex>
         <ex>et d</ex>
         <ex>orgueilet de</ex>
         <ex>et li</ex>
         <ex>manoientet preudome
</ex>
         <ex>et se</ex>
         <ex>et de</ex>
         <ex>abet quanq</ex>
         <ex>euset qi</ex>
         <ex>et feire.</ex>
         <ex>et autre
</ex>
         <ex>et establi</ex>
         <ex>abbeset trametoit</ex>
         <ex>et le
</ex>
         <ex>anzet li</ex>
         <ex>et oribles.</ex>
         <ex>colet la</ex>
         <ex>luiet si</ex>
         <ex>fetet bien</ex>
         <ex>et li</ex>
         <ex>et ferme</ex>
         <ex>huiset si
</ex>
         <ex>et co</ex>
         <ex>ertuet por</ex>
         <ex>et alerent</ex>
         <ex>deserzet l</ex>
         <ex>neet la</ex>
         <ex>estoitet a</ex>
         <ex>et del</ex>
         <ex>et la
</ex>
         <ex>et seche</ex>
         <ex>et de</ex>
         <ex>et si
</ex>
         <ex>et sa</ex>
         <ex>besteet de</ex>
         <ex>et la
</ex>
         <ex> et es</ex>
         <ex>liueset del</ex>
         <ex>esbanoieret por
</ex>
         <ex>ermitageet de</ex>
         <ex>et de</ex>
         <ex>serainet por</ex>
         <ex>et mes
</ex>
         <ex>dotanceet nos</ex>
         <ex>iluecet ele</ex>
         <ex>arbreet donc</ex>
         <ex>et li</ex>
         <ex>donaet la</ex>
         <ex>et tint</ex>
         <ex>et entendre</ex>
         <ex>et de
</ex>
         <ex>ertuet qe</ex>
         <ex>et a</ex>
         <ex>toutet qant</ex>
         <ex>et q</ex>
         <ex>abessieet si</ex>
         <ex>testeet puis</ex>
         <ex>et plus</ex>
         <ex>et raconter</ex>
         <ex>et cels</ex>
         <ex>et de</ex>
         <ex>et si</ex>
         <ex>orneret sont</ex>
         <ex>et en</ex>
         <ex>et lo</ex>
         <ex>et por</ex>
         <ex>raconteret dire</ex>
         <ex>peinset lor</ex>
         <ex>et sau</ex>
         <ex>orset leur</ex>
         <ex>et a</ex>
         <ex>et a</ex>
         <ex>pitiet cil</ex>
         <ex>et il</ex>
         <ex>entet regardoit
</ex>
         <ex>eet por</ex>
         <ex>et do</ex>
         <ex>et demandoit</ex>
         <ex>lionceauset tantost</ex>
         <ex>isitet si</ex>
         <ex>homeet si</ex>
         <ex>faitet por</ex>
         <ex>et dire.</ex>
         <ex> et dit.</ex>
         <ex>erbeset de</ex>
         <ex>nuisableset legiere</ex>
         <ex>pristrentet i</ex>
         <ex>gieret la</ex>
         <ex>et a</ex>
         <ex>reret torner</ex>
         <ex>mengieret les
</ex>
         <ex>nonet einsint</ex>
         <ex>besteet ce
</ex>
         <ex>et de</ex>
         <ex>et qi</ex>
         <ex>habitentet qe</ex>
         <ex>et mois.</ex>
         <ex>et des</ex>
         <ex>et qe</ex>
         <ex>et dire</ex>
         <ex>aleret de</ex>
         <ex>puiet le</ex>
         <ex>buefet le</ex>
         <ex>aet a</ex>
         <ex>fistet en</ex>
         <ex>et habi</ex>
         <ex>ieet si
</ex>
         <ex>contreeet si</ex>
         <ex>nonet de</ex>
         <ex>et qi</ex>
         <ex> et dit</ex>
         <ex>et de</ex>
         <ex>solementet e</ex>
         <ex>foiet par</ex>
         <ex>omeset a</ex>
         <ex>et lor</ex>
         <ex>et d</ex>
         <ex>autreet e</ex>
         <ex>et lor</ex>
         <ex>ditet en</ex>
         <ex>mileet el</ex>
         <ex>ruileet tenoient
</ex>
         <ex>et esle</ex>
         <ex>et bien</ex>
         <ex>meurset de</ex>
         <ex>conseuset cest
</ex>
         <ex>et a</ex>
         <ex>et li</ex>
         <ex>soffriret ses</ex>
         <ex>et faire</ex>
         <ex>dreet si</ex>
         <ex>entureet si</ex>
         <ex>et feire.</ex>
         <ex>et par</ex>
         <ex>ignoret por</ex>
         <ex>atargementet meintenant</ex>
         <ex>mandet liez</ex>
         <ex>et pro</ex>
         <ex>et dist</ex>
         <ex>distet </ex>
         <ex>olontierset sanz</ex>
         <ex>penseeet qu</ex>
         <ex>meinet grant</ex>
         <ex>et d</ex>
         <ex>eillieret le</ex>
         <ex>finet adonc
</ex>
         <ex>et a</ex>
         <ex> et a</ex>
         <ex>et portant
</ex>
         <ex>fuelleset si</ex>
         <ex>et d</ex>
         <ex>et la</ex>
         <ex>et retreites</ex>
         <ex>et o</ex>
         <ex>et it</ex>
         <ex>homeset molt</ex>
         <ex> et doctrin</ex>
         <ex>et solitaire</ex>
         <ex>et pure</ex>
         <ex>et plus</ex>
         <ex>femeet a</ex>
         <ex>et a</ex>
         <ex>siecleet lessast
</ex>
         <ex>et a</ex>
         <ex>celleet l</ex>
         <ex>proceineet ou</ex>
         <ex>blasmeret li</ex>
         <ex>et a</ex>
         <ex>et les</ex>
         <ex>ermitageet si</ex>
         <ex>conteeset dites</ex>
         <ex>et de</ex>
         <ex>et a
</ex>
         <ex>et des</ex>
         <ex>et de</ex>
         <ex>moiet se
</ex>
         <ex>et a</ex>
         <ex>escriteet cis</ex>
         <ex>et mes</ex>
         <ex>et mer</ex>
         <ex>meret par</ex>
         <ex> portezet si
</ex>
         <ex>et dite.</ex>
         <ex>homet dont</ex>
         <ex>trespasseeet e</ex>
         <ex>et tuit</ex>
         <ex>et seit</ex>
         <ex>et en</ex>
         <ex>et en</ex>
         <ex>deet par
</ex>
         <ex>det meesmement</ex>
         <ex> et tes</ex>
         <ex>et pluiseurs</ex>
         <ex>et e</ex>
         <ex>et saces
</ex>
         <ex> et si</ex>
         <ex>et dire</ex>
         <ex>et dites</ex>
         <ex>et com</ex>
         <ex>siecleet si</ex>
         <ex>cielet si</ex>
         <ex>siecleet entre</ex>
         <ex>puepleet entre</ex>
         <ex>gaitoientet entre</ex>
         <ex>et de</ex>
         <ex>ieet chascun
</ex>
         <ex>et escandres.</ex>
         <ex>leuet eschapa</ex>
         <ex>et a</ex>
         <ex>et ra</ex>
         <ex>et guerissoit</ex>
         <ex>serpenzet apaisoit</ex>
         <ex>ageset curoit</ex>
         <ex>et sa</ex>
         <ex>reet por
</ex>
         <ex>firentet qe</ex>
         <ex>et il</ex>
         <ex>et dist</ex>
         <ex>det les
</ex>
         <ex>anacorinteset les
</ex>
         <ex>et toute
</ex>
         <ex>et tote</ex>
         <ex>et nde</ex>
         <ex>ndeet tote
</ex>
         <ex>aleeet le</ex>
         <ex>et par</ex>
         <ex>et conoissent</ex>
         <ex>prestreet clerc</ex>
         <ex>clercet roi</ex>
         <ex>roiet conte</ex>
         <ex>conteet prince</ex>
         <ex>princeet li</ex>
         <ex>et cre</ex>
         <ex>et ses</ex>
         <ex>et lor</ex>
         <ex>et fist</ex>
         <ex>pliret feire</ex>
         <ex>honteet ont</ex>
         <ex>et faisoit</ex>
         <ex>traitieret parler</ex>
         <ex>et la</ex>
         <ex>paroleet si</ex>
         <ex>aet si</ex>
         <ex>et dire</ex>
         <ex>enfanceet por</ex>
         <ex>et le</ex>
         <ex> et si
</ex>
         <ex>et proi</ex>
         <ex>et aurai.</ex>
         <ex>diet parole
</ex>
         <ex>et croi</ex>
         <ex>muset sanz</ex>
         <ex>paroleet tu</ex>
         <ex>et ses</ex>
         <ex>et si</ex>
         <ex>et e</ex>
         <ex>paroleset la
</ex>
         <ex>et si
</ex>
         <ex>et dit</ex>
         <ex>reet si</ex>
         <ex>et qant</ex>
         <ex>et dire</ex>
         <ex>luiet en</ex>
         <ex>siecleet qe</ex>
         <ex>mostet e
</ex>
         <ex>et pluiseur</ex>
         <ex>et si
</ex>
         <ex>et cou</ex>
         <ex>et a</ex>
         <ex>mellastet q</ex>
         <ex>et ure
</ex>
         <ex>euet si</ex>
         <ex>et si</ex>
         <ex>orissonset si</ex>
         <ex>mieet puis</ex>
         <ex>donaet se</ex>
         <ex>esqeet si</ex>
         <ex>et si</ex>
         <ex>estiret q</ex>
         <ex>aparellieet li</ex>
         <ex>paroleet par</ex>
         <ex>et par</ex>
         <ex>et corte</ex>
         <ex>petitet ce</ex>
         <ex>reet si</ex>
         <ex>reet il</ex>
         <ex>hautet ce</ex>
         <ex>puepleet non</ex>
         <ex>partieet une</ex>
         <ex>et uns
</ex>
         <ex>prestreset moine</ex>
         <ex>et bel
</ex>
         <ex>apelezet crestiens</ex>
         <ex>et si</ex>
         <ex>homeet re</ex>
         <ex> et entre</ex>
         <ex>et estendu</ex>
         <ex>et par</ex>
         <ex>forset sanc</ex>
         <ex>sonet en</ex>
         <ex>set tout</ex>
         <ex>haitiezet fu</ex>
         <ex>enimet de</ex>
         <ex>et nos</ex>
         <ex>estoientet por</ex>
         <ex>choseet il</ex>
         <ex>et il</ex>
         <ex>estemenzet asfublez</ex>
         <ex>et a</ex>
         <ex>eslancieret s</ex>
         <ex>peineset si
</ex>
         <ex>corrociezet molt</ex>
         <ex>homeet le</ex>
         <ex>et a</ex>
         <ex>batreet a</ex>
         <ex>motet de</ex>
         <ex>desciret tout
</ex>
         <ex>asneet puis</ex>
         <ex>bastonset de</ex>
         <ex>et eoir</ex>
         <ex>et a</ex>
         <ex>et enten</ex>
         <ex>zet molt</ex>
         <ex>oieset si</ex>
         <ex>oret par</ex>
         <ex>et benignement.</ex>
         <ex>et a</ex>
         <ex> et la
</ex>
         <ex>racleet pluiseurs</ex>
         <ex>celeeset tant</ex>
         <ex>et cela</ex>
         <ex>doutezet si</ex>
         <ex>et en</ex>
         <ex>et retraire
</ex>
         <ex>et de</ex>
         <ex>et sot</ex>
         <ex>et sot</ex>
         <ex>et esploiter.</ex>
         <ex>et a</ex>
         <ex>et a</ex>
         <ex>et a</ex>
         <ex>et creez.</ex>
         <ex>et a</ex>
         <ex>et si
</ex>
         <ex>et a</ex>
         <ex>aet la</ex>
         <ex>et lie.</ex>
         <ex>cielet a</ex>
         <ex>homeet li</ex>
         <ex>neret ne</ex>
         <ex>et si</ex>
         <ex>ieet il</ex>
         <ex>aet si</ex>
         <ex>et croi</ex>
         <ex>fermementet nus</ex>
         <ex>aussintet ce</ex>
         <ex>apostreset as
</ex>
         <ex>et de</ex>
         <ex>et di</ex>
         <ex>ret nos</ex>
         <ex>et dite.</ex>
         <ex>et de</ex>
         <ex>et autre</ex>
         <ex>chiefet si
</ex>
         <ex>et de</ex>
         <ex>mengierset si</ex>
         <ex>et nuiz</ex>
         <ex>et ses</ex>
         <ex>et si</ex>
         <ex>palezet q</ex>
         <ex>desfermeeset li
</ex>
         <ex>roiet qant</ex>
         <ex>seoitet toz</ex>
         <ex>et si</ex>
         <ex>proiereet le</ex>
         <ex>mengieret l</ex>
         <ex>et molt</ex>
         <ex>et o</ex>
         <ex>et a</ex>
         <ex>et e</ex>
         <ex>dureeet bien</ex>
         <ex>et miracles</ex>
         <ex>et seintes</ex>
         <ex>laet ut</ex>
         <ex>et de</ex>
         <ex>geet pristrent</ex>
         <ex>et porent.</ex>
         <ex>et grant
</ex>
         <ex>teet tantost</ex>
         <ex>entrezet cil</ex>
         <ex>et deli</ex>
         <ex>et sa</ex>
         <ex>paignieet la
</ex>
         <ex>corneset cruelment</ex>
         <ex>bleciezet ele</ex>
         <ex>et a</ex>
         <ex>et molt
</ex>
         <ex>encontreet si</ex>
         <ex>esteet si</ex>
         <ex>et adonc</ex>
         <ex>et se</ex>
         <ex>piezet li</ex>
         <ex>foucet a</ex>
         <ex>compaignieet ele</ex>
         <ex>et fu</ex>
         <ex>prestreset ceus</ex>
         <ex>eneorset chiens</ex>
         <ex>et lee</ex>
         <ex>leeet li
</ex>
         <ex>issentet q</ex>
         <ex>et fo</ex>
         <ex>paroleet se</ex>
         <ex>et ala</ex>
         <ex>et grant</ex>
         <ex>aet si</ex>
         <ex>corageet li</ex>
         <ex>enchauciet il</ex>
         <ex>ristet ele</ex>
         <ex>et si</ex>
         <ex>et en</ex>
         <ex> et orde</ex>
         <ex> et dit
</ex>
         <ex>noset si</ex>
         <ex>et en</ex>
         <ex>compaignieet si</ex>
         <ex>champaigneet la</ex>
         <ex>mesonet la</ex>
         <ex>abstinanceet si</ex>
         <ex> et si</ex>
         <ex>et amonester</ex>
         <ex>et par</ex>
         <ex>et dist.</ex>
         <ex>et honorer</ex>
         <ex>et de</ex>
         <ex>homeet si</ex>
         <ex>enueet qe</ex>
         <ex>et isiter</ex>
         <ex>et a</ex>
         <ex>demostreret une</ex>
         <ex>et molt</ex>
         <ex>oiret entendre</ex>
         <ex>doneeet de</ex>
         <ex>cheintureet il</ex>
         <ex>et celes</ex>
         <ex>et lor</ex>
         <ex>et quels</ex>
         <ex>et </ex>
         <ex>et bien
</ex>
         <ex>et a</ex>
         <ex>laet atendions</ex>
         <ex>et la</ex>
         <ex>parlassentet dont</ex>
         <ex>pooret fumes
</ex>
         <ex>autreset si
</ex>
         <ex>sentueet a</ex>
         <ex>et oiz</ex>
         <ex>mieet si</ex>
         <ex> et  </ex>
         <ex> et resnierent</ex>
         <ex>et lerent.</ex>
         <ex>et lor</ex>
         <ex>et l</ex>
         <ex>et dist.</ex>
         <ex> et </ex>
         <ex>et de</ex>
         <ex>et blasmoit</ex>
         <ex>et nos</ex>
         <ex>et espro</ex>
         <ex>et molt
</ex>
         <ex>et mer</ex>
         <ex>parzet a</ex>
         <ex>et dit.</ex>
         <ex>entureet si</ex>
         <ex>Signoret si</ex>
         <ex>et dist</ex>
         <ex>et enqe</ex>
         <ex>et les</ex>
         <ex>et dites</ex>
         <ex>diteset com</ex>
         <ex>et aprisses.</ex>
         <ex> et si</ex>
         <ex>paroleset il
</ex>
         <ex>estionset si
</ex>
         <ex>mesonet si</ex>
         <ex>amiset qi
</ex>
         <ex> et si
</ex>
         <ex>deguerpissomeset por</ex>
         <ex>trespasseeet la</ex>
         <ex> et </ex>
         <ex> et il</ex>
         <ex>et e</ex>
         <ex>qeroientet il
</ex>
         <ex>et qe</ex>
         <ex>et desiroient</ex>
         <ex> et </ex>
         <ex>et dire</ex>
         <ex>ieret 
</ex>
         <ex>choseset e</ex>
         <ex>et die</ex>
         <ex>et habitent</ex>
         <ex>et dire.</ex>
         <ex>homeet si</ex>
         <ex>et dist</ex>
         <ex> et li
</ex>
         <ex>et reqe</ex>
         <ex>et li</ex>
         <ex>beneet puis</ex>
         <ex>tet puis
</ex>
         <ex>et le</ex>
         <ex>entreet si</ex>
         <ex>et lonc</ex>
         <ex>encoreet si</ex>
         <ex>et d</ex>
         <ex>et disoit</ex>
         <ex>et diroit
</ex>
         <ex>ensambleet qant</ex>
         <ex>et engr</ex>
         <ex>issiret si</ex>
         <ex>et dire</ex>
         <ex>et a</ex>
         <ex>peineset lendemein
</ex>
         <ex>dormoientet il</ex>
         <ex>fermementet li</ex>
         <ex>et tu</ex>
         <ex>et si</ex>
         <ex>et firent</ex>
         <ex>signoret si
</ex>
         <ex>songeset qe</ex>
         <ex>porteet por</ex>
         <ex>quierset demandes.</ex>
         <ex>laet li</ex>
         <ex>et si</ex>
         <ex>et manda</ex>
         <ex>eilloitet destruisoit.</ex>
         <ex>et dire</ex>
         <ex>et dist</ex>
         <ex>contet se</ex>
         <ex>et i</ex>
         <ex>et ceste</ex>
         <ex>et son</ex>
         <ex>et a</ex>
         <ex>eret si</ex>
         <ex>airet si</ex>
         <ex>paumeset si</ex>
         <ex>et esparz</ex>
         <ex>nueset por</ex>
         <ex>mandastet si</ex>
         <ex>nonet li</ex>
         <ex> et batu</ex>
         <ex>et chaci</ex>
         <ex>et fors</ex>
         <ex>et contrue</ex>
         <ex>et tempeste</ex>
         <ex>et les</ex>
         <ex>et toz</ex>
         <ex>terreset tant</ex>
         <ex>et meintes
</ex>
         <ex>aet si</ex>
         <ex>et deman</ex>
         <ex>deet li</ex>
         <ex>feteet dite</ex>
         <ex>et si</ex>
         <ex>et le</ex>
         <ex>tet meesmement</ex>
         <ex>et dire
</ex>
         <ex>furentet cil</ex>
         <ex>contet dit</ex>
         <ex>et par
</ex>
         <ex>creatureet a</ex>
         <ex>desfendueet ala
</ex>
         <ex>zet si</ex>
         <ex>et plus</ex>
         <ex>et entendi</ex>
         <ex> et mis
</ex>
         <ex>grantet mer</ex>
         <ex>et espes
</ex>
         <ex>et mas</ex>
         <ex>toret la</ex>
         <ex>miseet aoree</ex>
         <ex>et li</ex>
         <ex>et la</ex>
         <ex>et abatist</ex>
         <ex>et en</ex>
         <ex>et si</ex>
         <ex>et une</ex>
         <ex>et les
</ex>
         <ex>et dite</ex>
         <ex>cestuiet si
</ex>
         <ex>et molt</ex>
         <ex>chastelet deseu</ex>
         <ex>et it</ex>
         <ex>et mer</ex>
         <ex>colombeet seur
</ex>
         <ex>et debrisa</ex>
         <ex>et </ex>
         <ex>et entent.</ex>
         <ex>eet uns
</ex>
         <ex>homeet si
</ex>
         <ex>et si
</ex>
         <ex>et enten</ex>
         <ex>dentet li</ex>
         <ex>solementet bien</ex>
         <ex>peschieret si</ex>
         <ex>et si</ex>
         <ex>et si</ex>
         <ex>aet si</ex>
         <ex>graceset loenges.</ex>
         <ex>gemmeset la</ex>
         <ex>et entendre</ex>
         <ex> et si</ex>
         <ex>empereoret meintenu</ex>
         <ex>aet la</ex>
         <ex>espoentezet si</ex>
         <ex>et ses</ex>
         <ex>hermiteset q</ex>
         <ex>et les</ex>
         <ex>et as</ex>
         <ex>et ceus</ex>
         <ex>mieet por</ex>
         <ex>fereet de</ex>
         <ex>encontreet si</ex>
         <ex>et a</ex>
         <ex>et si</ex>
         <ex>et dist</ex>
         <ex>palezet entre</ex>
         <ex>et a</ex>
         <ex>oret entendre</ex>
         <ex>et le</ex>
         <ex>parleret ce</ex>
         <ex>et cruiels</ex>
         <ex>et del</ex>
         <ex>emperereset neqe</ex>
         <ex>regneet </ex>
         <ex>despenduet l</ex>
         <ex>pooret </ex>
         <ex>et distrent</ex>
         <ex>mentet tel</ex>
         <ex>afaireet si</ex>
         <ex>et si</ex>
         <ex>et ou</ex>
         <ex>foiet de</ex>
         <ex> et de
</ex>
         <ex>aet si</ex>
         <ex>droitet qe</ex>
         <ex>et si</ex>
         <ex>comunitet a</ex>
         <ex>et de</ex>
         <ex>et a</ex>
         <ex>noireet a</ex>
         <ex>empereoret se</ex>
         <ex>olentierset si</ex>
         <ex>et preud</ex>
         <ex>raet si</ex>
         <ex>set il</ex>
         <ex>et si</ex>
         <ex>doleuret fere</ex>
         <ex>ertuet si</ex>
         <ex>et il</ex>
         <ex> et de</ex>
         <ex>et </ex>
         <ex>et tant</ex>
         <ex>puiset de</ex>
         <ex>et espro</ex>
         <ex>et si</ex>
         <ex>eet ein</ex>
         <ex>et gueriz.</ex>
         <ex>et dist</ex>
         <ex>et plui</ex>
         <ex>meret il</ex>
         <ex>et une</ex>
         <ex>et lor</ex>
         <ex>derrompreet leur</ex>
         <ex>et a</ex>
         <ex>et seqeur
</ex>
         <ex>et deli</ex>
         <ex>et la</ex>
         <ex>departieet cil</ex>
         <ex>et icaires</ex>
         <ex>et secors</ex>
         <ex>et de</ex>
         <ex>roigneet de</ex>
         <ex>ignoret si</ex>
         <ex>et par</ex>
         <ex>nuizet en
</ex>
         <ex>et si</ex>
         <ex>et conta</ex>
         <ex>et toute</ex>
         <ex>et si</ex>
         <ex>iandeset li</ex>
         <ex>et si
</ex>
         <ex>et este</ex>
         <ex>et cri</ex>
         <ex>et la</ex>
         <ex>maniereset a</ex>
         <ex>seureet li</ex>
         <ex>alerieet par
</ex>
         <ex>fantosmeet par</ex>
         <ex>et disoit.</ex>
         <ex>et autres</ex>
         <ex>et si</ex>
         <ex>et pardon</ex>
         <ex>et q</ex>
         <ex>et a</ex>
         <ex>choseset e</ex>
         <ex>et si</ex>
         <ex>et par</ex>
         <ex>conditionet de</ex>
         <ex>aet si</ex>
         <ex>et 
</ex>
         <ex>resconseet tens</ex>
         <ex>et les
</ex>
         <ex>nuleet si</ex>
         <ex>et si</ex>
         <ex>et le</ex>
         <ex>et es</ex>
         <ex>estrangeset </ex>
         <ex>et es</ex>
         <ex>et es</ex>
         <ex>et es</ex>
         <ex>citezet si</ex>
         <ex>et so</ex>
         <ex>et ra</ex>
         <ex>et ta
</ex>
         <ex>et qi</ex>
         <ex>et a</ex>
         <ex>huiet hier</ex>
         <ex>et raconteras</ex>
         <ex> et par</ex>
         <ex>et par</ex>
         <ex> et par</ex>
         <ex>enet encore</ex>
         <ex>racontasseset en</ex>
         <ex> et en</ex>
         <ex>et par</ex>
         <ex>et en</ex>
         <ex>et proi</ex>
         <ex>et cont</ex>
         <ex>contet si</ex>
         <ex>fleurset herbes</ex>
         <ex>et de</ex>
         <ex>fistet treita</ex>
         <ex>et si</ex>
         <ex>et os</ex>
      </td>
   </tr>
   <tr>
      <td>⁊ </td>
      <td>
         <em>Et </em>
         <ex>creanceEt si</ex>
      </td>
   </tr>
   <tr>
      <td>ꝙ</td>
      <td>
         <em>qe</em>
         <ex> qe</ex>
         <ex>qe</ex>
         <ex>qetu</ex>
         <ex>esqes</ex>
         <ex>ilueqes</ex>
         <ex>siqenus</ex>
      </td>
   </tr>
   <tr>
      <td>ꝯ</td>
      <td>
         <em>com</em>
         <ex>comil</ex>
         <ex>com</ex>
         <ex>com</ex>
         <ex>compeins</ex>
         <ex>comil</ex>
         <ex>comele</ex>
         <ex>compaignie</ex>
         <ex>compaig</ex>
         <ex>sacompaignie</ex>
      </td>
      <td>
         <em>con</em>
         <ex>Ciconmence</ex>
         <ex>Ciconmence</ex>
         <ex>Dontconmen</ex>
         <ex>conmanda</ex>
         <ex>conmanda.</ex>
         <ex>siconmanda
</ex>
         <ex>conmanda</ex>
         <ex>conmandoit</ex>
         <ex>conman</ex>
         <ex>tconme</ex>
         <ex>iconmencierent</ex>
         <ex>conmandement</ex>
         <ex>conmen</ex>
         <ex>conmanda</ex>
         <ex>conment</ex>
         <ex>conment</ex>
         <ex>moineconmanda</ex>
         <ex>connissoit</ex>
         <ex>conmanda</ex>
         <ex>conmandement</ex>
         <ex> conmencierent</ex>
         <ex>conmen</ex>
         <ex>conment</ex>
         <ex>conman</ex>
         <ex>conman</ex>
         <ex>contree</ex>
         <ex>conterai</ex>
         <ex>conmen</ex>
         <ex>conmanda</ex>
         <ex>conman</ex>
         <ex>conmandemenz</ex>
         <ex>conment</ex>
         <ex>conmanda</ex>
         <ex>conmencierent</ex>
         <ex>conmence</ex>
         <ex>conne</ex>
         <ex>conme</ex>
         <ex>conme</ex>
         <ex>entrerentconmencierent
</ex>
         <ex>conmandemenz</ex>
         <ex>conmen</ex>
         <ex>conmandement</ex>
         <ex>meconmandas</ex>
         <ex>conm</ex>
         <ex>conmandemenz</ex>
         <ex>conpaignons</ex>
         <ex>conmen</ex>
         <ex>conmencierent</ex>
         <ex>conmanda</ex>
         <ex>conmen</ex>
         <ex>conman</ex>
         <ex>conmen</ex>
         <ex>conmen</ex>
         <ex>conmen</ex>
         <ex>Doncconmanda</ex>
         <ex>conmen</ex>
         <ex>leconmant</ex>
         <ex>conment</ex>
         <ex>liconmanda</ex>
         <ex>conment</ex>
         <ex>conmanda</ex>
         <ex>conmen</ex>
         <ex>liconmencie</ex>
         <ex>conmen</ex>
         <ex>conmencierent</ex>
         <ex>conmen</ex>
         <ex>conmen</ex>
         <ex>siconme</ex>
         <ex>conmencie</ex>
         <ex>encontre</ex>
         <ex>conme
</ex>
         <ex>conmen</ex>
         <ex>Siconme</ex>
         <ex>liconmen</ex>
         <ex>conmen</ex>
         <ex>conmanda</ex>
         <ex>conselle</ex>
         <ex>conselle</ex>
         <ex>orsconmanda</ex>
         <ex>conmanda</ex>
         <ex>conment</ex>
         <ex>conmanda</ex>
         <ex>conpaignie</ex>
         <ex>conm</ex>
         <ex>sconmunement</ex>
         <ex>conmanda</ex>
         <ex>conment</ex>
         <ex>cont</ex>
         <ex>conmen</ex>
         <ex>conme</ex>
         <ex>conme</ex>
         <ex>conme</ex>
         <ex>conment</ex>
         <ex>leconmandement</ex>
         <ex>deconmander
</ex>
         <ex>conmencierent</ex>
         <ex>conmencierent</ex>
         <ex>conmen</ex>
         <ex>siconme</ex>
         <ex>conme</ex>
         <ex>conme</ex>
         <ex>conmen</ex>
         <ex>conmant</ex>
         <ex>conmencier
</ex>
         <ex>conmandement</ex>
         <ex> conmandez</ex>
         <ex>laconpagnie</ex>
         <ex>conmence</ex>
         <ex>conmence
</ex>
         <ex>conment</ex>
         <ex>consomee</ex>
         <ex>conmencierent</ex>
         <ex>conme
</ex>
         <ex>conmencierent</ex>
         <ex>siconil
</ex>
         <ex>conme</ex>
         <ex>ieconment</ex>
         <ex>conmen</ex>
         <ex>ilconmanderent</ex>
         <ex>conmanderent</ex>
         <ex>sesconmandemenz</ex>
         <ex>conmenci</ex>
         <ex>leconmandement</ex>
         <ex>conmencierent</ex>
         <ex>conme</ex>
         <ex>conme</ex>
         <ex>conmanda</ex>
         <ex>conmence</ex>
         <ex>conmence
</ex>
         <ex>conmen</ex>
         <ex>conme</ex>
         <ex>conmencent</ex>
         <ex>confessor.</ex>
         <ex>conmencent</ex>
         <ex>confessor.</ex>
         <ex>conmen</ex>
         <ex>oitconmand</ex>
         <ex>conmand</ex>
         <ex>leconmencierent
</ex>
         <ex>lorconmanda
</ex>
         <ex>conmandast
</ex>
         <ex>ocirreconment</ex>
         <ex>conme</ex>
         <ex>conmande</ex>
         <ex>conment</ex>
         <ex>connurent</ex>
         <ex>conmande</ex>
         <ex>conmencierent</ex>
         <ex>conmencie</ex>
         <ex>conmen</ex>
         <ex>conment</ex>
         <ex>conmande</ex>
         <ex>liconmandemens</ex>
         <ex>conmen</ex>
         <ex>conmencierent</ex>
         <ex>raconte</ex>
         <ex>raconte</ex>
         <ex>conmen</ex>
         <ex>oieconment</ex>
         <ex>conme</ex>
         <ex>conmen</ex>
         <ex>conmanda</ex>
         <ex>conmande</ex>
         <ex>leconmandement</ex>
         <ex>conme</ex>
         <ex>conme</ex>
         <ex>conmencier</ex>
         <ex>leconmen</ex>
         <ex>conmanda</ex>
         <ex>conme</ex>
         <ex>conme</ex>
         <ex>laconmanda
</ex>
         <ex>conmen</ex>
         <ex>oscontro</ex>
         <ex>conmencierent</ex>
         <ex>congi</ex>
         <ex>conmen</ex>
         <ex>conmen</ex>
         <ex>conme</ex>
         <ex>siconme
</ex>
         <ex>conme</ex>
         <ex>connoi</ex>
         <ex>conme</ex>
         <ex>conmen</ex>
         <ex>conmen</ex>
         <ex>liconmen</ex>
         <ex>conman</ex>
         <ex>conmen</ex>
         <ex>conmandoit</ex>
         <ex>conme
</ex>
         <ex>conmanda</ex>
         <ex>conmanz</ex>
         <ex>conmand</ex>
         <ex>conmanz</ex>
         <ex>conmandemenz</ex>
         <ex>conmanderoit</ex>
         <ex>conman</ex>
         <ex>conmandement</ex>
         <ex>conmen</ex>
         <ex>lesconmandemenz</ex>
         <ex>conman</ex>
         <ex>lacontree</ex>
         <ex>conmencierent</ex>
         <ex>conmenci</ex>
         <ex>conne</ex>
         <ex>encontre</ex>
         <ex>aconplir</ex>
         <ex>conme</ex>
         <ex>conmence
</ex>
         <ex>conmen</ex>
         <ex>conmencement</ex>
         <ex>conmand</ex>
         <ex>conmanda</ex>
         <ex>conment</ex>
         <ex>conient
</ex>
         <ex>conme</ex>
         <ex>conme</ex>
         <ex>conmencierent</ex>
         <ex>conmencierent</ex>
         <ex>conme</ex>
         <ex>lesconmencierent</ex>
         <ex>conne</ex>
         <ex>conmencement</ex>
         <ex>conment</ex>
         <ex>conmen</ex>
         <ex>conmen</ex>
         <ex>siconmen</ex>
         <ex>conmander</ex>
         <ex>conmanda</ex>
         <ex>conmencierent</ex>
         <ex>conmanda</ex>
         <ex>conmandement
</ex>
         <ex>liconmen</ex>
         <ex>conmen</ex>
         <ex>leconmandement</ex>
         <ex>conmen</ex>
         <ex>conmanda</ex>
         <ex>conme</ex>
         <ex>conmencierent
</ex>
         <ex>lacontree</ex>
         <ex>conment</ex>
         <ex>conmen</ex>
         <ex>conmanda</ex>
         <ex>conmen</ex>
         <ex>conme</ex>
      </td>
   </tr>
   <tr>
      <td></td>
      <td>
         <em>qe</em>
         <ex>onqes</ex>
         <ex>onqes</ex>
         <ex>tresqeas</ex>
         <ex>onqes</ex>
         <ex>esqeen</ex>
         <ex>qeil</ex>
         <ex>onqes</ex>
         <ex>onqes</ex>
         <ex>qels</ex>
         <ex>onqes</ex>
         <ex>anqeonqes</ex>
         <ex>onqes</ex>
         <ex>reisonsqetu</ex>
         <ex>auqes</ex>
         <ex>qee</ex>
         <ex>asqes</ex>
         <ex>reqerre</ex>
      </td>
   </tr>
   <tr>
      <td>﻿p</td>
      <td>
         <em>pre</em>
         <ex>pretres</ex>
         <ex>lipreost</ex>
      </td>
      <td>
         <em>pré</em>
         <ex>Aprés</ex>
         <ex>Aprés</ex>
      </td>
   </tr>
   <tr>
      <td>﻿ꝑ</td>
      <td>
         <em>Per</em>
         <ex>﻿Pere</ex>
      </td>
      <td>
         <em>par</em>
         <ex>ne﻿parla</ex>
         <ex>parmons</ex>
         <ex>departi
</ex>
         <ex>﻿partie.</ex>
         <ex>forceparla</ex>
         <ex>parmiracles</ex>
         <ex>oirpar
</ex>
         <ex>parta</ex>
         <ex>paroles</ex>
         <ex>parties</ex>
         <ex>es﻿partirent</ex>
         <ex>baptesmeparlor</ex>
         <ex>﻿parlor</ex>
         <ex>﻿parmoi</ex>
         <ex>foiparcoi</ex>
         <ex>﻿partirent</ex>
         <ex>aparut</ex>
         <ex>cenz﻿parn</ex>
         <ex>lumiere﻿parmenable</ex>
         <ex>﻿parta</ex>
         <ex>﻿parles</ex>
         <ex>parce</ex>
         <ex>parmenable.</ex>
         <ex>de﻿parti</ex>
         <ex>﻿partotes</ex>
         <ex>﻿parmenable</ex>
         <ex>﻿parler
</ex>
         <ex>departie</ex>
         <ex>﻿par</ex>
         <ex>departiroit</ex>
         <ex>﻿parcest</ex>
         <ex>﻿parcom
</ex>
         <ex>messepargrant</ex>
         <ex>partote
</ex>
         <ex>﻿parses
</ex>
         <ex>lesparoles</ex>
         <ex>﻿parnostre</ex>
         <ex>sacra﻿pargrant</ex>
         <ex>﻿partotes</ex>
         <ex>eparlui
</ex>
         <ex>de﻿parti</ex>
         <ex>pargeunes</ex>
         <ex>parmenable</ex>
         <ex>departoit</ex>
         <ex>departies.</ex>
         <ex>parmi</ex>
         <ex>partie</ex>
         <ex>parles</ex>
         <ex>seulementparnon</ex>
         <ex>departir</ex>
         <ex>partout
</ex>
         <ex>parma</ex>
         <ex>par
</ex>
         <ex>departi
</ex>
         <ex>seisiparmi</ex>
         <ex>parole</ex>
         <ex>departi</ex>
         <ex>amesparson</ex>
         <ex>partout</ex>
         <ex>pardesputisons</ex>
         <ex>pareraies</ex>
         <ex>part</ex>
         <ex>parl</ex>
         <ex>parl</ex>
         <ex>parsa</ex>
         <ex>deparnostre</ex>
         <ex>pardolereuse</ex>
         <ex>departi</ex>
         <ex>parla</ex>
         <ex>par</ex>
         <ex>parler</ex>
         <ex>autrepartie</ex>
         <ex>par</ex>
         <ex>sipar</ex>
         <ex>departi</ex>
         <ex>parsa</ex>
         <ex>parsa</ex>
         <ex>parla</ex>
         <ex>parla
</ex>
         <ex>pardon</ex>
         <ex>parla</ex>
         <ex>examplespartieus</ex>
         <ex>parla</ex>
         <ex>partoi</ex>
         <ex>dignesparcui
</ex>
         <ex>parla</ex>
         <ex>partel</ex>
         <ex>parle</ex>
         <ex>parbones</ex>
         <ex>depar</ex>
         <ex>departisist</ex>
         <ex>parsa
</ex>
         <ex>parla</ex>
         <ex>parderriers</ex>
         <ex>parla</ex>
         <ex>departi</ex>
         <ex>par
</ex>
         <ex>metezparce</ex>
         <ex>parmout</ex>
         <ex>donaparla</ex>
         <ex>parlui</ex>
         <ex>oitparla</ex>
         <ex>parsi</ex>
         <ex>alparune</ex>
         <ex>parne</ex>
         <ex>paroles
</ex>
         <ex>parle</ex>
         <ex>par.</ex>
         <ex>parmeintes</ex>
         <ex>siparloit</ex>
         <ex>parl</ex>
         <ex>parmout</ex>
         <ex>parlui
</ex>
         <ex>parses</ex>
         <ex>parmellor
</ex>
         <ex>parloit</ex>
         <ex>parla</ex>
         <ex>parla</ex>
         <ex>parler</ex>
         <ex>cezparoles.</ex>
         <ex>parmeintes</ex>
         <ex>parla</ex>
         <ex>aparut</ex>
         <ex>parler</ex>
         <ex>parle</ex>
         <ex>parmeintes</ex>
         <ex>pardeseure</ex>
         <ex>arsparla</ex>
         <ex>parson</ex>
         <ex>qeparraie</ex>
         <ex>parmenable</ex>
         <ex>mesparoles.</ex>
         <ex>parsa</ex>
         <ex>departirent</ex>
         <ex>parautel
</ex>
         <ex>parole
</ex>
         <ex>enparmenable</ex>
         <ex>parles</ex>
         <ex>parmenable.</ex>
         <ex>departi</ex>
         <ex>paroles</ex>
         <ex>paroles</ex>
         <ex>deparnostre</ex>
         <ex>parnostre</ex>
         <ex>departir
</ex>
         <ex>fuparles</ex>
         <ex>partie</ex>
         <ex>parerit</ex>
         <ex>enoientparcui</ex>
         <ex>partoz</ex>
         <ex>emparmenable</ex>
         <ex>sparenir.</ex>
         <ex>parmolt</ex>
         <ex>touteparfete</ex>
         <ex>parla</ex>
         <ex>paroles</ex>
         <ex>parla</ex>
         <ex>legierementparl</ex>
         <ex>croireparl</ex>
         <ex>﻿partout</ex>
         <ex>parsa</ex>
         <ex>parla</ex>
         <ex>departi</ex>
         <ex>﻿parties</ex>
         <ex>﻿parsa</ex>
         <ex>parle</ex>
         <ex>parmenable.</ex>
         <ex>mandaparmolt</ex>
         <ex>suesfrepartoi</ex>
         <ex>parses</ex>
         <ex>fuparle</ex>
         <ex>partoz</ex>
         <ex>﻿paroles</ex>
         <ex>﻿partout</ex>
         <ex>﻿partie</ex>
         <ex>﻿parsa</ex>
         <ex>oientpargrant
</ex>
         <ex>de﻿partie</ex>
         <ex> ﻿parla</ex>
         <ex>﻿parti</ex>
         <ex>﻿parmout</ex>
         <ex>﻿parmi</ex>
         <ex>﻿parmi</ex>
         <ex>parmenable</ex>
         <ex>tantparmer</ex>
         <ex>﻿partirent</ex>
         <ex>reporterentparnuit</ex>
         <ex>languagespartoute</ex>
         <ex>totespars.</ex>
         <ex>parmout</ex>
         <ex>totesparz</ex>
         <ex>teesparles</ex>
         <ex>﻿parmout</ex>
         <ex> parta</ex>
         <ex> parler</ex>
         <ex> parler</ex>
         <ex>nosparlions</ex>
         <ex>parla</ex>
         <ex>parsonges
</ex>
         <ex>parla</ex>
         <ex>paroles
</ex>
         <ex>departi</ex>
         <ex>partie</ex>
         <ex>departi</ex>
         <ex>departi</ex>
         <ex>partir</ex>
         <ex>para</ex>
         <ex>parcharmes.</ex>
         <ex>mparla</ex>
         <ex>abbesparla</ex>
         <ex>departi</ex>
         <ex>partie</ex>
         <ex>partoz</ex>
         <ex>par</ex>
         <ex>parbrief</ex>
         <ex>departoit.</ex>
         <ex>para</ex>
         <ex>pardon</ex>
         <ex>anzparces</ex>
         <ex>partrois</ex>
         <ex>parla</ex>
         <ex>arriereparce</ex>
         <ex>departirent</ex>
         <ex>parla</ex>
         <ex>parvomite.</ex>
         <ex>parla
</ex>
         <ex>paroles</ex>
         <ex>parenir
</ex>
         <ex>parla</ex>
         <ex>departiz</ex>
         <ex>part
</ex>
         <ex>oientparruile</ex>
         <ex>autrepartie</ex>
         <ex>parla
</ex>
         <ex>laparo</ex>
         <ex>departi</ex>
         <ex>sparceste</ex>
         <ex>departi</ex>
         <ex>parmer</ex>
         <ex>partote</ex>
         <ex>pareus</ex>
         <ex>parla</ex>
         <ex>parloient</ex>
         <ex>Tuparoles
</ex>
         <ex>ndepartote
</ex>
         <ex>parties</ex>
         <ex>pareu</ex>
         <ex>paroe</ex>
         <ex>departisist</ex>
         <ex>faitepargrant
</ex>
         <ex>partoz</ex>
         <ex>partoz</ex>
         <ex>partoz</ex>
         <ex>pargrant</ex>
         <ex>parmenable</ex>
         <ex>departi</ex>
         <ex>parl</ex>
         <ex>parmeintes</ex>
         <ex>foizparmi</ex>
         <ex>parlerent.</ex>
         <ex>lui par</ex>
         <ex>nespara</ex>
         <ex>parenue</ex>
         <ex>parlions</ex>
         <ex>parson</ex>
         <ex>departi</ex>
         <ex>partesmoins</ex>
         <ex>departement</ex>
         <ex>﻿parmout</ex>
         <ex>par﻿ses</ex>
         <ex>﻿par.</ex>
         <ex>autrepart</ex>
         <ex>﻿parlor</ex>
         <ex>﻿parole</ex>
         <ex>departirent</ex>
      </td>
      <td>
         <em>per</em>
         <ex>desesper﻿</ex>
         <ex>sperit</ex>
         <ex>a﻿pertement</ex>
         <ex>em﻿pereres</ex>
         <ex>empereres</ex>
         <ex>em﻿pereres</ex>
         <ex>﻿peres</ex>
         <ex>ses﻿peres</ex>
         <ex>em﻿pereres</ex>
         <ex>pere</ex>
         <ex>empereors</ex>
         <ex>empereor
</ex>
         <ex>empereres</ex>
         <ex>empereor</ex>
         <ex>empereres
</ex>
         <ex>empereres</ex>
         <ex>empereor</ex>
         <ex>aperut</ex>
         <ex>esperit</ex>
         <ex>peres</ex>
         <ex>empereres</ex>
         <ex>empereres</ex>
         <ex>empereor</ex>
         <ex>empereres</ex>
         <ex>empereres
</ex>
         <ex>empereres</ex>
         <ex>empereor
</ex>
         <ex>empereres</ex>
         <ex>empereres</ex>
         <ex>emperere</ex>
         <ex>empereor</ex>
         <ex>empereor</ex>
         <ex>empereor</ex>
         <ex>empereor</ex>
         <ex>empereres</ex>
         <ex>apertement</ex>
         <ex>sperit</ex>
         <ex>esperiz</ex>
         <ex>aperce</ex>
         <ex>esperiz</ex>
         <ex>em﻿pereor</ex>
         <ex>empereor</ex>
         <ex>em﻿pereor</ex>
         <ex>em﻿pereor</ex>
         <ex>em﻿pereor</ex>
         <ex>em﻿pereres
</ex>
         <ex>em﻿pereres</ex>
         <ex>empereres</ex>
         <ex>em﻿pereres
</ex>
         <ex>em﻿pereres</ex>
         <ex>mpereres</ex>
         <ex>empereres
</ex>
         <ex>empereor.</ex>
         <ex>a﻿pertement</ex>
         <ex>empereres</ex>
         <ex>﻿pere</ex>
         <ex>aperce</ex>
         <ex>aperce</ex>
         <ex>em﻿pereor</ex>
         <ex>empereres</ex>
         <ex>em﻿pereor
</ex>
      </td>
      <td>
         <em>pre</em>
         <ex>prestre</ex>
         <ex>Liprestres</ex>
         <ex>prestre</ex>
      </td>
      <td>
         <em>pro</em>
         <ex>apropinquabit</ex>
      </td>
   </tr>
   <tr>
      <td>﻿﻿﻿spū</td>
      <td>
         <em>spiritu</em>
         <ex>etspiritu</ex>
      </td>
   </tr>
   <tr>
      <td>﻿﻿﻿uͤ</td>
      <td>
         <em>vre</em>
         <ex>oevres</ex>
         <ex>povres</ex>
         <ex>oevres</ex>
         <ex>oevres</ex>
      </td>
   </tr>
   <tr>
      <td>﻿﻿﻿uͥ</td>
      <td>
         <em>uer</em>
         <ex>fuerit</ex>
      </td>
   </tr>
   <tr>
      <td>﻿﻿﻿ū</td>
      <td>
         <em>um</em>
         <ex>regnumcelo</ex>
         <ex>regnumDei</ex>
         <ex>epotianum</ex>
         <ex>eternumin</ex>
      </td>
      <td>
         <em>un</em>
         <ex>dunchastel</ex>
         <ex>chascunleu</ex>
         <ex>Aucunbien</ex>
         <ex>chascunor</ex>
      </td>
      <td>
         <em>ver</em>
         <ex>envers</ex>
         <ex>vertuz</ex>
         <ex>diverses</ex>
         <ex>envers</ex>
         <ex>envers</ex>
      </td>
   </tr>
</table>Vie de saint Marcel de LimogesWauchier de DenainAriane Pinchecreative commons CC BY-NC-SA 3.0 FR2015-2018ParisBibliothèque nationale de Francefr. 00412Oeuvres hagiographiques de Wauchier de Denain1285Notice tiré de la base Jonas, Anne-Françoise Leurquin et Marie-Laure Savoye,
                     notice de "PARIS, Bibliothèque nationale de France, Manuscrits, fr. 00412" dans
                     la base Jonas-IRHT/CNRS (permalink : http://jonas.irht.cnrs.fr/manuscrit/45533). Consultation du
                     03/07/2015 fol.103-fol.170Wauchier de DenainOeuvres hagiographiques 'Li Seint Confessor' de Wauchier de
                        DenainDe saint mMartin mout doit on doucement et volentiers le
                        bien oiïr etentendreparchemin33024521 Senions, 245 foliosCarolineThis pointer pattern extracts chapter and sectionThis pointer pattern extracts chapter.BenjaminPersonnage de l'ancien Testament, fils cadet de Jacob et Rebbeca.vaspasienEmpereur romainSoybréComte de Bordeaux, personnage de la Vie de saint Martial
                     de Limoges.GauchierWauchier de Denain, auteur du recueil hagriographique
                        Li seint ConfessorBeneoitePersonnage de la Vie de saint Martial de Limoges.JobPersonnage bibliqueJobPersonnage bibliqueRisoaudusPersonnage de la Vie de saint Martial de Limoges,
                     démon.NuitonPersonnage de la Vie de saint Martial de Limoges,
                     démon.Engigniere de MilPersonnage de la Vie de saint Martial de Limoges,
                     démon.ArchadePersonnage de la Vie de saint Martial de Limoges, conte
                     de Poitiers.HydebresPersonnage de la Vie de saint Martial de Limoges, fils
                     d'Archade, conte de Poitiers.EtievenePersonnage de la Vie de saint Martial de Limoges.?37EtieneSaint Etienne, premier martyr chrétien, il fait partie
                     de la première communaité chrétienne de Jérusalem.DianeDéesse de la mythologie romaine.AndriusPersonnage de la Vie de saint Martial de Limoges, prêtre
                     paien de la cité de Limoges.AurelienPersonnage de la Vie de saint Martial de Limoges, prêtre
                     paien de la cité de Limoges.SuzannePersonnage de la Vie de saint Martial de Limoges, dame d'origine noble, elle héberga saint
                     Martial quand il arriva à Limoges.ValeriePersonnage de la Vie de saint Martial de Limoges, jeune fille d'origine noble, elle est la
                     fille de Suzanne.NéronNervaErnouPersonnage de la vie de saint Martial, comte de
                     ToursMarcel, consul romainAustriclinienALpinienThomasCleophaLazareJosephJospeh d'ArimatieZacheusElisabethMère de Saint Marcel de LimogesMarcel (saint)Saint
                           Marcel de LimogesMarcelPère de Saint Marcel de LimogesPere??64Pêcheur de
                     Galilée, devenu un des douze apôtres de Jésus-Christ. Il est le premier évêque
                     de RomeMartin (saint)316397Saint Martin de
                        Tours est né dans en Hongrie dans la colonie romaine de Sabaria en 316. Il est mort à Candes en France le 8 novembre 397.Jésus Christ030Jésus-Christ est
                     le nom donné par l'ensemble des chrétiens au prophète qu'ils considèrent comme
                     le Messie Les chrétiens reconnaissent Jésus-Christ comme le Messie et le Fils unique de Dieu.Julien331363Flavius Claudius Julianus, nommé Julien l’Apostat
                     par la tradition chrétienne. Il doit son surnom à sa volonté de rétablir le
                     polythéisme dans l’Empire romain.Hilaire315367Hilaire de Poitiers, évêque de Poitiers, écrivain chrétien. Théologien du IVe
                     siècle, il fut un grand défenseur de l'orthodoxie nicéenne face à l'arianisme.
                        Saint Martin le rejoignit en 356 et
                     devint alors son élève.Arius256336Arius, prêtre
                     d'Alexandrie, est le fondateur de l'une des plus importantes hérésies
                     christologiques, l'arianisme. Il sera excommunié et déclaré hérésiarque en 325
                     lors du concile de Nicée.LupicinPersonnage de la Vie de saint
                        Martin, homme important de la ville de Poitiers.RurtiusPersonnage de la Vie de saint
                        Martin, homme important de la ville de Tours.ThedradesPersonnage de la Vie de saint
                        Martin, consul de la cité de Trèves.ArboriusMagnus Arborius, élu comte des largesses sacrées en 379,
                     puis préfet de Rome en 380, il aurait été
                     l’un des protecteurs de saint Martin, voir
                           Sulpice Sévère, Vie de saint
                           Martin. Tome II, éd. Jacques Fontaine, Paris Éd du Cerf, 1968,
                        p.874.Paulin353431Paulin de Nole, né à
                     Bordeaux vers 353, mort à Nole en 431, est un poète et un ecclésiastique
                     contemporain de saint Augustin et de Martin de
                           Tours, qui l'encouragea
                     dans sa vocation religieuse. Il a été évêque de Nole de 409 à sa mort.Maximin1738 août 384Magnus Clemens
                     Maximusest un officier romain qui à la tête des légions de Bretagne
                     renversa en 383 l'empereur Gratien, et régna sur l'Occident jusqu'en 388, où il
                     fut vaincu et tué par les troupes de Théodose.Valentinien37115 mai 392Valentinien
                        II, fils de Valentinien
                     Ier, est empereur romain de 375 à 392. Severus363420Sulpice Sévère, avocat
                     aquitain, il devint prêtre et s'attacha à saint
                        Martin. Il est l'auteur d'une Chronique universelle (403), de la
                        Vita Martini (397) et des Dialogues (404)SeverinSaint Séverin de
                        Cologne, évêque de cologne au à la fin du IVe siècle.ClarusPersonnage de la Vie de saint
                        Martin, Clarus a très probablement
                     existé. Paulin de Nole fait allusion à lui dans trois poèmes (epist. 2, 5,
                     epist. 32, 6). Il est possible qu’il ait été pour Martin une sorte de maître
                     des novices, voir Sulpice Sévère, Vie
                           de saint Martin. Tome III, éd.
                        Jacques Fontaine, Paris Les Ed du Cerf, 1969, p.994.AnatoliusPersonnage de la Vie de saint
                        Martin, Anatolius est un nom que
                     portent souvent les esclaves orientaux. ElyePersonnage biblique, il est considéré comme un prophète
                     majeur des religions abrahamiques.RufusPersonnage de la Vie de saint
                        Martin, évêque d'Espagne qui crut
                     en un faux prophète.Jean (Baptiste)Personnage biblique, Jean le
                        Baptiste fut prédicateur en Judée avant Jésus de Nazareth.AbrahamPersonnage biblique, Abraham est le personnage fondateur
                     des religions juives, chrétienne et musulmane.GratienIIIe siècle301Premier évêque de Tours.IVe siècle371LidoireLidoire (en Litorius) fut ordonné second évêque de
                        Tours en 338, il est le prédecesseur de
                        saint Martin.340397AmbroseSaint
                           Ambroise, évêque de Milan, est père et docteur de
                     l'Église e. Il est le maître à penser de saint
                        Martin.MichelPersonnage biblique, Michel est un archange et un saint chrétien, saint patron
                     du catholicisme. Il est principalement représenté en chevalier ailé qui
                     terrasse le Diable.MariePersonnage biblique, la vierge
                        Marie est la mère de Dieu.Ve siècle490Perpetuussixième évêque de ToursJupiterDieu romainMercuriusDieu romainVenusDéesse romaineMinerveDéesse romaineEglise saint Etienne à LimogesMeineAuvergneOccidentAnsechateauGaroneFleuve de la GaronneMorteigneMortagne sur GirondeBordeausNormandieAnjouParadisEnferPurgatoireGarrerivière du GardJogonsePlace forteNavarreAsprePort d'AspreEspiremont d'espire, désigne les Pyrennées.GascogneAquitaineRhoneAdagedoncTulleAntiocheBéthanieJérusalemLimogesFrancePannonieRome41.8919300 12.5113300AmiensPoitiers46.5833300 0.3333300Milan46.5833300 0.3333300LombardieTours47.3833300 0.6833300LoireCalitoneVille inconnueParis48.8534100 2.3488000AquiléeEspagneOrientVangioneCandesPoitouTourraineVienne48.2084900 16.3720800 Cologne50.9333300 6.9500000Saint-Pierre-de-Cologne50.9333300 6.9500000Sabarie47.2308800 16.6215500Szombathely, ville de Hongrie, ancienne colonie romaine du nom de Sabaria où
                        saint Martin serait né en 316 et où
                     Septime Sévère fut proclamé empereur. Cette place militaire essentielle fut
                     converti très tôt au christianisme.MongiuCol du Grand-Saint-Bernard dans les Alpes.<table>
   <tr>
      <td>'</td>
      <td>
         <em>er</em>
         <ex>troeren</ex>
         <ex>terme</ex>
         <ex>esmerellier</ex>
         <ex>mengiertant</ex>
      </td>
      <td>
         <em>ier</em>
         <ex>olentiers</ex>
         <ex>aidierne
</ex>
         <ex>chevaliers</ex>
         <ex>mostiere
</ex>
         <ex>plenier.</ex>
      </td>
      <td>
         <em>os</em>
         <ex>osdirai</ex>
         <ex>nosentr</ex>
         <ex>oseoir</ex>
         <ex>faireosoel</ex>
         <ex>nosa</ex>
         <ex>nosde</ex>
         <ex>eosai</ex>
         <ex>osne</ex>
         <ex>nosa</ex>
         <ex>nosfumes</ex>
         <ex>nos</ex>
         <ex>nosaparoit</ex>
         <ex>osraconteroie</ex>
         <ex>nos</ex>
         <ex>nospe</ex>
         <ex>nosen
</ex>
         <ex>os</ex>
         <ex>osdiroie</ex>
         <ex>osconterai</ex>
         <ex>osen</ex>
         <ex>osos</ex>
         <ex>os
</ex>
         <ex>nose</ex>
      </td>
      <td>
         <em>re</em>
         <ex>prendre.</ex>
         <ex>premiers</ex>
         <ex>entendrene</ex>
      </td>
      <td>
         <em>s</em>
         <ex>us
</ex>
         <ex>sacreficesar</ex>
         <ex>bones</ex>
      </td>
      <td>
         <em>ue</em>
         <ex>queuns</ex>
         <ex>esqueqi</ex>
      </td>
      <td>
         <em>us</em>
         <ex>Beaussignors</ex>
         <ex>Beaussignor</ex>
         <ex>Beausperes</ex>
         <ex>estusde</ex>
         <ex>plus
</ex>
         <ex>plusententi</ex>
         <ex>Beaus
</ex>
         <ex>esperitueusce</ex>
         <ex>Beausfreres</ex>
         <ex>essiausmetre</ex>
         <ex>arceaus</ex>
         <ex>arceaus</ex>
         <ex>enceausdist</ex>
         <ex>porceaus.</ex>
         <ex>enceausau
</ex>
         <ex>Beaussire</ex>
         <ex>enceaussa</ex>
         <ex>enusde</ex>
         <ex>arceaus</ex>
         <ex>ceusqi</ex>
         <ex>dusgardes</ex>
         <ex>enus</ex>
         <ex>iustenues.</ex>
         <ex>tieuschoses</ex>
         <ex>enciaushauz</ex>
         <ex>ceusqi</ex>
         <ex>Beausfiuz</ex>
         <ex>enuscoment</ex>
         <ex>engigneusestoient</ex>
         <ex>enceausdeli</ex>
         <ex>morteusl</ex>
         <ex>euserrachoient
</ex>
         <ex>languereusclop</ex>
         <ex>languereusa</ex>
         <ex>eusensamble</ex>
         <ex>eusq</ex>
         <ex>estussanz</ex>
         <ex>enceauspuceles</ex>
         <ex>chasteausdes
</ex>
         <ex>palezineuspelerins</ex>
         <ex>enceaustenoit</ex>
         <ex>piausde</ex>
         <ex>beausmiracles.</ex>
         <ex>allus</ex>
         <ex>erus</ex>
         <ex>plusconter</ex>
      </td>
   </tr>
   <tr>
      <td>a'</td>
      <td>
         <em>an</em>
         <ex>afairesant</ex>
      </td>
   </tr>
   <tr>
      <td>aᷤ</td>
      <td>
         <em>as</em>
         <ex>ase</ex>
      </td>
   </tr>
   <tr>
      <td>bƺ</td>
      <td>
         <em>bus</em>
         <ex>omnibus</ex>
         <ex>ebus
</ex>
      </td>
   </tr>
   <tr>
      <td>cͥ</td>
      <td>
         <em>Cri</em>
         <ex>Crist</ex>
      </td>
      <td>
         <em>cri</em>
         <ex>ntecrist</ex>
      </td>
   </tr>
   <tr>
      <td>d'</td>
      <td>
         <em>dre</em>
         <ex>pendreen</ex>
      </td>
   </tr>
   <tr>
      <td>dͤ</td>
      <td>
         <em>de</em>
         <ex>gardede</ex>
      </td>
   </tr>
   <tr>
      <td>d</td>
      <td>
         <em>Domin</em>
         <ex>Domins</ex>
         <ex>Domine</ex>
      </td>
   </tr>
   <tr>
      <td>e'</td>
      <td>
         <em>en</em>
         <ex>laidengier</ex>
      </td>
   </tr>
   <tr>
      <td>eᷤ</td>
      <td>
         <em>es</em>
         <ex>deciplessi</ex>
         <ex>mesla</ex>
         <ex>iresli
</ex>
         <ex>choses.</ex>
         <ex>auques</ex>
         <ex>Mespor</ex>
      </td>
   </tr>
   <tr>
      <td>iͣ</td>
      <td>
         <em>rai</em>
         <ex>destraig</ex>
      </td>
   </tr>
   <tr>
      <td>iᷤ</td>
      <td>
         <em>is</em>
         <ex>puisqe</ex>
      </td>
   </tr>
   <tr>
      <td>mlt'</td>
      <td>
         <em>molt</em>
         <ex>moltde</ex>
         <ex>rochemoltestoit</ex>
         <ex>molt
</ex>
         <ex>molta</ex>
         <ex>moltso</ex>
         <ex>moltdocement</ex>
         <ex>moltcruelment</ex>
         <ex>moltdesirroit
</ex>
         <ex>molt</ex>
         <ex>molt</ex>
         <ex>moltdolenz</ex>
         <ex>moltcombrisiez</ex>
         <ex>moltestoit</ex>
         <ex>demoltgrant
</ex>
         <ex>moltbenignement</ex>
         <ex>eslectionmoltproierent</ex>
         <ex>moltgrant</ex>
         <ex>moltriches</ex>
         <ex>moltdolenz
</ex>
         <ex>moltpetit.</ex>
         <ex>moltiau</ex>
         <ex>moltgrant</ex>
         <ex>moltcar</ex>
         <ex>moltqe</ex>
         <ex>moltbenignement.</ex>
         <ex>moltfelon</ex>
         <ex>moltso</ex>
         <ex>moltprodome</ex>
         <ex>moltco</ex>
      </td>
   </tr>
   <tr>
      <td>m̃</td>
      <td>
         <em>mur</em>
         <ex>forsmurs</ex>
      </td>
   </tr>
   <tr>
      <td>m̅</td>
      <td>
         <em>men</em>
         <ex>longuement</ex>
         <ex>isnelement</ex>
         <ex>premierement</ex>
         <ex>meesmement</ex>
         <ex>habundanment.</ex>
         <ex>solement</ex>
         <ex>amonestement</ex>
         <ex>tormenz</ex>
         <ex>ement</ex>
         <ex>eraiement</ex>
         <ex>mencement</ex>
         <ex>dediement</ex>
         <ex>assiduelment</ex>
         <ex>heitiement</ex>
         <ex>tormentoit</ex>
         <ex>oignement</ex>
         <ex>longuement.</ex>
         <ex>esleecement.</ex>
         <ex>erranment</ex>
         <ex>comandemenz</ex>
         <ex>comandement</ex>
         <ex>durement</ex>
         <ex>docement</ex>
         <ex>rement</ex>
         <ex>benignement</ex>
         <ex>menablement</ex>
         <ex>solement</ex>
         <ex>belement</ex>
         <ex>seulement</ex>
         <ex>hautement</ex>
         <ex>raiement</ex>
         <ex>solement</ex>
         <ex>seulement</ex>
         <ex>pleinement</ex>
         <ex>hardiement</ex>
         <ex>meesmement</ex>
         <ex>seulement</ex>
         <ex>Ensement</ex>
         <ex>isnelement</ex>
         <ex>ement.</ex>
         <ex>autrement</ex>
         <ex>pleinement</ex>
      </td>
      <td>
         <em>mer</em>
         <ex>merel</ex>
      </td>
   </tr>
   <tr>
      <td>mͣ</td>
      <td>
         <em>Mar</em>
         <ex> Mart</ex>
         <ex>Mart</ex>
      </td>
   </tr>
   <tr>
      <td>nͣ</td>
      <td>
         <em>an</em>
         <ex>Qant</ex>
         <ex>mestierant</ex>
         <ex>qant</ex>
         <ex>Qant</ex>
         <ex>qant</ex>
         <ex>qant</ex>
         <ex>Qant</ex>
         <ex>Qant</ex>
         <ex>qant</ex>
         <ex>Qant</ex>
         <ex>Qant</ex>
         <ex>Qant</ex>
         <ex>Qant</ex>
         <ex>Qant</ex>
         <ex>Qant</ex>
         <ex>Qant</ex>
         <ex>qant</ex>
         <ex>qant</ex>
         <ex>Qant</ex>
         <ex>Qant</ex>
         <ex>qant</ex>
         <ex>qant</ex>
         <ex>qant</ex>
         <ex>qant</ex>
         <ex>Qant</ex>
         <ex>Qant</ex>
         <ex>qant</ex>
         <ex>Qant</ex>
         <ex>Qant</ex>
         <ex>qant</ex>
         <ex>qant</ex>
         <ex>Qant</ex>
         <ex>Qant</ex>
         <ex>Qant</ex>
         <ex>qant</ex>
         <ex>Qant</ex>
         <ex>Qant</ex>
         <ex>Qant</ex>
         <ex>qant</ex>
         <ex>qant</ex>
         <ex>qant</ex>
         <ex>qant</ex>
         <ex>qant</ex>
         <ex>qant</ex>
         <ex>qant</ex>
         <ex>Qant</ex>
         <ex>Qant</ex>
         <ex>Qant</ex>
         <ex>Qant</ex>
         <ex>qant</ex>
         <ex>Qant</ex>
         <ex>qant</ex>
         <ex>qant</ex>
         <ex>qant</ex>
         <ex>Qant</ex>
         <ex>qant</ex>
      </td>
      <td>
         <em>ran</em>
         <ex>granz</ex>
         <ex>granz</ex>
         <ex>grant</ex>
         <ex>grant</ex>
         <ex>grant</ex>
         <ex>grant</ex>
         <ex>grant</ex>
         <ex>grant</ex>
         <ex>grant</ex>
         <ex>grans</ex>
         <ex>grant</ex>
         <ex>grant</ex>
         <ex>grant</ex>
         <ex>grant</ex>
         <ex>grant</ex>
         <ex>granz</ex>
         <ex>grant</ex>
         <ex>granz</ex>
         <ex>grant</ex>
         <ex>grant</ex>
         <ex>grant</ex>
         <ex>grant</ex>
         <ex>grant</ex>
         <ex>grant</ex>
         <ex>grant</ex>
         <ex>granz</ex>
         <ex>grant</ex>
         <ex>grant</ex>
      </td>
   </tr>
   <tr>
      <td>nͥ</td>
      <td>
         <em>nier</em>
         <ex>maniere</ex>
      </td>
   </tr>
   <tr>
      <td>nͬ</td>
      <td>
         <em>nor</em>
         <ex>signordedenz</ex>
      </td>
   </tr>
   <tr>
      <td>nᷤ</td>
      <td>
         <em>ns</em>
         <ex>tens.</ex>
      </td>
   </tr>
   <tr>
      <td>o'</td>
      <td>
         <em>om</em>
         <ex>comli</ex>
         <ex>preudomseinz
</ex>
         <ex>comil</ex>
         <ex>comla</ex>
         <ex>preudom.</ex>
      </td>
      <td>
         <em>on</em>
         <ex>orisona</ex>
         <ex>confessor</ex>
         <ex>confessor</ex>
         <ex>son
</ex>
         <ex>conment</ex>
      </td>
   </tr>
   <tr>
      <td>pͥ</td>
      <td>
         <em>pri</em>
         <ex>espris</ex>
         <ex>prise.</ex>
         <ex>primes</ex>
         <ex>prist</ex>
         <ex>lesprinces</ex>
         <ex>repris</ex>
         <ex>prist</ex>
      </td>
   </tr>
   <tr>
      <td>pͬ</td>
      <td>
         <em>pr</em>
         <ex> pres</ex>
         <ex>esqepres</ex>
      </td>
   </tr>
   <tr>
      <td>q'</td>
      <td>
         <em>q'e</em>
         <ex>q'eles</ex>
         <ex>q'ele</ex>
      </td>
   </tr>
   <tr>
      <td>qƺ</td>
      <td>
         <em>que</em>
         <ex>usque</ex>
      </td>
   </tr>
   <tr>
      <td>qͤ</td>
      <td>
         <em>qe</em>
         <ex>qesi</ex>
      </td>
   </tr>
   <tr>
      <td>qͥ</td>
      <td>
         <em>q'i</em>
         <ex>q'il</ex>
         <ex>q'il</ex>
         <ex>ceq'il</ex>
         <ex>teleq'il</ex>
         <ex>q'il</ex>
         <ex>q'il</ex>
         <ex>q'il</ex>
         <ex>q'il</ex>
         <ex>foisq'il</ex>
      </td>
      <td>
         <em>qi</em>
         <ex>eritqi </ex>
         <ex>esqisi</ex>
         <ex>qiadis</ex>
         <ex>teqi</ex>
         <ex>teqi</ex>
      </td>
   </tr>
   <tr>
      <td>rͤ</td>
      <td>
         <em>re</em>
         <ex>eincoreesgarder</ex>
      </td>
   </tr>
   <tr>
      <td>rͥ</td>
      <td>
         <em>ri</em>
         <ex>grief</ex>
      </td>
   </tr>
   <tr>
      <td>s'</td>
      <td>
         <em>seint</em>
         <ex>seintartin</ex>
         <ex>seintartin</ex>
         <ex>seintartin</ex>
         <ex>seint </ex>
         <ex>seintt</ex>
         <ex>de.seint.</ex>
         <ex>.seint.</ex>
      </td>
   </tr>
   <tr>
      <td>tº</td>
      <td>
         <em>tro</em>
         <ex>estroite.</ex>
      </td>
   </tr>
   <tr>
      <td>tͧ</td>
      <td>
         <em>tur</em>
         <ex>nature</ex>
      </td>
   </tr>
   <tr>
      <td>tᵉ</td>
      <td>
         <em>tre</em>
         <ex>autrel</ex>
         <ex>nostreignor
</ex>
         <ex>nostreignor
</ex>
         <ex>autres</ex>
         <ex>contree</ex>
         <ex>nostreignor</ex>
         <ex>mestres</ex>
         <ex>prestres</ex>
      </td>
   </tr>
   <tr>
      <td>uͥ</td>
      <td>
         <em>vri</em>
         <ex>covrir</ex>
      </td>
   </tr>
   <tr>
      <td>ñ</td>
      <td>
         <em>non</em>
         <ex>non
</ex>
         <ex> non</ex>
      </td>
   </tr>
   <tr>
      <td>ā</td>
      <td>
         <em>am</em>
         <ex>Penitentiam</ex>
         <ex>ensamble</ex>
      </td>
      <td>
         <em>an</em>
         <ex>grant</ex>
         <ex>semblant</ex>
         <ex>marcheanz</ex>
         <ex>meintenant</ex>
         <ex>creance</ex>
         <ex>tramblant</ex>
         <ex>sanblance</ex>
         <ex>enfant</ex>
         <ex>grant</ex>
         <ex>deant</ex>
         <ex>rance</ex>
         <ex>preecant</ex>
         <ex>rance.</ex>
         <ex>tant</ex>
         <ex>anssambl</ex>
         <ex>demandai</ex>
         <ex>grant</ex>
         <ex>manmon
</ex>
         <ex>demanda</ex>
         <ex>sanz
</ex>
         <ex>tant</ex>
         <ex>deant</ex>
         <ex>doutance.</ex>
         <ex>creance</ex>
         <ex>deant</ex>
         <ex>tant</ex>
         <ex>aant</ex>
         <ex>enfant</ex>
         <ex>nsanble</ex>
         <ex>tant</ex>
         <ex>portanz</ex>
         <ex>granz</ex>
         <ex>granz</ex>
         <ex>serant</ex>
         <ex>estrange</ex>
         <ex>sanz</ex>
         <ex>ramembrance</ex>
         <ex>demorance</ex>
         <ex>grant</ex>
         <ex>seranz</ex>
         <ex>ensanble</ex>
         <ex>tant</ex>
         <ex>aant</ex>
         <ex>tant</ex>
         <ex>tant</ex>
         <ex>grant</ex>
         <ex>deant</ex>
         <ex>tant</ex>
         <ex>demanda</ex>
         <ex>deant</ex>
         <ex>repentanz</ex>
         <ex>meintenant</ex>
         <ex>tant</ex>
         <ex>aant</ex>
         <ex>grant</ex>
         <ex>deant</ex>
         <ex>tant</ex>
         <ex>tant</ex>
         <ex>grant</ex>
      </td>
   </tr>
   <tr>
      <td>ē</td>
      <td>
         <em>em</em>
         <ex>temple.</ex>
         <ex>temp</ex>
         <ex>lempereor</ex>
      </td>
      <td>
         <em>en</em>
         <ex>meintient</ex>
         <ex>citoienfirent</ex>
         <ex>esmurent</ex>
         <ex>Quenusurier</ex>
         <ex>genz</ex>
         <ex>tenpore</ex>
         <ex>tenp</ex>
         <ex>distrent</ex>
         <ex>lendemein</ex>
         <ex>prendre</ex>
         <ex>eroient</ex>
         <ex>ssent</ex>
         <ex>paiena</ex>
         <ex>firent</ex>
         <ex>estoient.</ex>
         <ex>alerent</ex>
         <ex>enorter</ex>
         <ex>griement</ex>
         <ex>bien
</ex>
         <ex>biense</ex>
         <ex>pristrent</ex>
         <ex>mengoit</ex>
         <ex>estoient</ex>
         <ex>estoient</ex>
         <ex>mandement</ex>
         <ex>biensanz</ex>
         <ex>distrent</ex>
         <ex>erent</ex>
         <ex>nen </ex>
         <ex>rendi</ex>
         <ex>doient
</ex>
         <ex>respondirent</ex>
         <ex>oenceaus</ex>
         <ex>denpnabitur.</ex>
         <ex>eoient</ex>
         <ex>indrent</ex>
         <ex>pristrent</ex>
         <ex>cenz</ex>
         <ex>cenz</ex>
         <ex>indrent</ex>
         <ex>fesoient</ex>
         <ex>proierent</ex>
         <ex>nenn</ex>
         <ex>menbres</ex>
         <ex>comena</ex>
         <ex>baptizierent</ex>
         <ex>arrestoient.</ex>
         <ex>descendoit</ex>
         <ex>mistrent</ex>
         <ex>respondirent</ex>
         <ex>chastement</ex>
         <ex>olentiers </ex>
         <ex>estoient</ex>
         <ex>lendemein</ex>
         <ex>oierent</ex>
         <ex>estoient</ex>
         <ex>descendre</ex>
         <ex>croient</ex>
         <ex>estoient</ex>
         <ex>pensoient</ex>
         <ex>oient</ex>
         <ex>eoient
</ex>
         <ex>aoroient</ex>
         <ex>trenchier</ex>
         <ex>noient</ex>
         <ex>rieng</ex>
         <ex>paiens</ex>
         <ex>estoient</ex>
         <ex>portoient</ex>
         <ex>ment</ex>
         <ex>menco</ex>
         <ex>biens</ex>
         <ex>roient</ex>
         <ex>indulgense.</ex>
         <ex>bienraconterai</ex>
         <ex>eillierent</ex>
         <ex>bienqe</ex>
         <ex>estoient</ex>
         <ex>enostre</ex>
         <ex>emporteroient</ex>
         <ex>ssent</ex>
         <ex>entendoit</ex>
         <ex>entendi</ex>
         <ex>porpensa</ex>
         <ex>ellierent</ex>
         <ex>erent</ex>
         <ex>genz</ex>
         <ex>estoient</ex>
         <ex>firent</ex>
         <ex>indrent</ex>
         <ex>mendiz</ex>
         <ex>assemblerent</ex>
         <ex>nenconois
</ex>
         <ex>ceens</ex>
         <ex>estoient</ex>
         <ex>argent</ex>
         <ex>amerent.</ex>
         <ex>estoient</ex>
         <ex>nient</ex>
         <ex>riens</ex>
         <ex>proierent</ex>
         <ex>mistrent</ex>
         <ex>ernement</ex>
         <ex>retiegnent</ex>
         <ex>entendoient</ex>
         <ex>dementieres</ex>
         <ex>siens</ex>
         <ex>oient</ex>
         <ex>irent</ex>
         <ex>prendoit</ex>
         <ex>conurent</ex>
         <ex>ssent.</ex>
         <ex>distrent</ex>
         <ex>trestrent</ex>
         <ex>furent</ex>
         <ex>erent.</ex>
         <ex>bienq</ex>
         <ex>partirent</ex>
         <ex>fussent</ex>
         <ex>rendez</ex>
         <ex>donerent</ex>
         <ex>firent</ex>
         <ex>assiduelment</ex>
         <ex>boient.</ex>
         <ex>fussent</ex>
         <ex>prendroient</ex>
         <ex>entrefirent</ex>
         <ex>oient</ex>
         <ex>emporteroient</ex>
         <ex>mistrent</ex>
         <ex>prendre</ex>
         <ex>demanderent</ex>
         <ex>distrent</ex>
         <ex>irent</ex>
         <ex>distrent</ex>
         <ex>distrent</ex>
         <ex>estoient</ex>
         <ex>retrestrent</ex>
         <ex>oient</ex>
         <ex>repristrent</ex>
         <ex>ent</ex>
         <ex>menroient</ex>
         <ex>diemence</ex>
         <ex>ocistrent.</ex>
         <ex>oelent</ex>
         <ex>demorerent</ex>
         <ex>oencel</ex>
         <ex>reclaiment.</ex>
         <ex>senreperierent</ex>
         <ex>menpuisses</ex>
         <ex>alerent</ex>
         <ex>oenceaus</ex>
         <ex>rient</ex>
         <ex>enz</ex>
         <ex>trentiesme</ex>
         <ex>desirroient</ex>
         <ex>argent</ex>
         <ex>soent</ex>
         <ex>menalai</ex>
         <ex>esgardoient.</ex>
         <ex>mencierent</ex>
         <ex>ententi</ex>
         <ex>assistrent</ex>
         <ex>estoient</ex>
         <ex>ient</ex>
         <ex>ssent</ex>
         <ex>hantent</ex>
         <ex>indrent</ex>
         <ex>mengoit</ex>
         <ex>entreil</ex>
         <ex>mengier</ex>
         <ex>oencel</ex>
         <ex>amoient
</ex>
         <ex>habitent</ex>
         <ex>ssent</ex>
         <ex>longement</ex>
         <ex>eoient</ex>
         <ex>irent</ex>
         <ex>ensanglent</ex>
         <ex>comencierent</ex>
         <ex>prensignast
</ex>
         <ex>prensigniez</ex>
         <ex>tesmoignent</ex>
         <ex>fussent</ex>
         <ex>empense.</ex>
         <ex>nentiegent</ex>
         <ex>biensachiez</ex>
         <ex>ient</ex>
         <ex>tesmoigneroient.</ex>
         <ex>tesmoigneroient</ex>
         <ex>dolenz</ex>
         <ex>bienq</ex>
         <ex>bienles</ex>
         <ex>riens</ex>
         <ex>olent</ex>
         <ex>puent</ex>
      </td>
   </tr>
   <tr>
      <td>ĩ</td>
      <td>
         <em>in</em>
         <ex>seint</ex>
         <ex>seint</ex>
         <ex>seint</ex>
         <ex>estreinz</ex>
         <ex>seinz</ex>
         <ex>seinz</ex>
         <ex>seinz</ex>
         <ex>ausint</ex>
         <ex>seinz</ex>
         <ex>ceint</ex>
         <ex>seint</ex>
         <ex>seinz</ex>
         <ex>Einsint</ex>
         <ex>eintenant
</ex>
         <ex>seint</ex>
         <ex>seint</ex>
         <ex>Seinz</ex>
         <ex>int</ex>
         <ex>seint</ex>
         <ex>aint</ex>
         <ex>ceint</ex>
         <ex>meins</ex>
         <ex>seinz</ex>
         <ex>meintenant</ex>
         <ex>seint</ex>
         <ex>amin</ex>
         <ex>seint</ex>
         <ex>seinz</ex>
         <ex>seinte</ex>
         <ex>seint</ex>
         <ex>meins</ex>
         <ex>Seintismes</ex>
         <ex>einz</ex>
         <ex>einsint</ex>
         <ex>meintenissent
</ex>
         <ex>seinz</ex>
         <ex>seinz</ex>
         <ex>ainz</ex>
         <ex>peinnes
</ex>
         <ex>seint</ex>
         <ex>int
</ex>
         <ex>seinz</ex>
         <ex>tesmoing</ex>
         <ex>seint</ex>
         <ex>vint</ex>
         <ex>seinz</ex>
         <ex>int</ex>
         <ex>seinz</ex>
         <ex>seinz</ex>
         <ex>tin</ex>
         <ex>tin</ex>
         <ex>certeinnement</ex>
         <ex>loing</ex>
         <ex>artins</ex>
         <ex>artin</ex>
         <ex>artin</ex>
         <ex>seinz</ex>
         <ex>artin</ex>
         <ex>seinte</ex>
         <ex>artins</ex>
         <ex>oitint</ex>
         <ex>seint</ex>
         <ex>meinz</ex>
         <ex>seint</ex>
         <ex>meins</ex>
         <ex>int</ex>
         <ex>Meintenant</ex>
         <ex>seinz</ex>
         <ex>seinz</ex>
         <ex>seint</ex>
         <ex>meinz</ex>
         <ex>seinte
</ex>
         <ex>seint</ex>
         <ex>seint</ex>
         <ex>meinune</ex>
         <ex>aint</ex>
         <ex>seinz</ex>
         <ex>seint</ex>
         <ex>oisins
</ex>
         <ex>seinz</ex>
         <ex>seinte</ex>
         <ex>Einsint</ex>
         <ex>seint</ex>
         <ex>seinz</ex>
         <ex>pleins</ex>
         <ex>einz</ex>
         <ex>eleint</ex>
         <ex>seint</ex>
         <ex>seint</ex>
         <ex>aussint</ex>
         <ex>seinz</ex>
         <ex>int</ex>
         <ex>seinz</ex>
         <ex>seint</ex>
         <ex>seint</ex>
         <ex>einsint</ex>
         <ex>ausint</ex>
         <ex>loing</ex>
         <ex>larrecinne
</ex>
         <ex>ing</ex>
         <ex>seint</ex>
         <ex>loing</ex>
         <ex>seinz</ex>
         <ex>seint</ex>
         <ex>seint</ex>
         <ex>enins</ex>
         <ex>meins</ex>
         <ex>seinz</ex>
         <ex>loing</ex>
         <ex>Seinz</ex>
         <ex>artins</ex>
         <ex>int</ex>
         <ex>seint</ex>
         <ex>seint</ex>
         <ex>destreins</ex>
         <ex>seint</ex>
         <ex>reint</ex>
         <ex>compleindre.</ex>
         <ex>artins</ex>
         <ex>meintenir</ex>
      </td>
   </tr>
   <tr>
      <td>ō</td>
      <td>
         <em>om</em>
         <ex>comnos</ex>
         <ex>comil</ex>
         <ex>come</ex>
         <ex>com</ex>
         <ex>comil</ex>
         <ex>nombre.</ex>
         <ex>coml</ex>
         <ex>comli</ex>
         <ex>comtoz</ex>
         <ex>com</ex>
         <ex>comil</ex>
         <ex>comnos</ex>
         <ex>comli</ex>
         <ex>preudommout</ex>
         <ex>homli</ex>
         <ex>comil</ex>
      </td>
      <td>
         <em>on</em>
         <ex>Dont</ex>
         <ex>resoignons</ex>
         <ex>noncierent</ex>
         <ex>mesons</ex>
         <ex>mesonqe</ex>
         <ex>sonser</ex>
         <ex>ision </ex>
         <ex>respondoit</ex>
         <ex>dragonqe</ex>
         <ex>nonsi</ex>
         <ex>beneon.</ex>
         <ex>sont</ex>
         <ex>cont</ex>
         <ex>montaigne</ex>
         <ex>nonmee</ex>
         <ex>anoncierent</ex>
         <ex>cond</ex>
         <ex>conpaignie</ex>
         <ex>raconte</ex>
         <ex>parfondece.</ex>
         <ex>non</ex>
         <ex>mons</ex>
         <ex>barons</ex>
         <ex>contes
</ex>
         <ex>non.</ex>
         <ex>bons</ex>
         <ex>confuson</ex>
         <ex>adonc</ex>
         <ex>respons</ex>
         <ex>oiron</ex>
         <ex>conter</ex>
         <ex>nont</ex>
         <ex>respondi</ex>
         <ex>temptationestoient
</ex>
         <ex>trencherons</ex>
         <ex>con</ex>
         <ex>conseil
</ex>
         <ex>meson</ex>
         <ex>meson.</ex>
         <ex>mesonen</ex>
         <ex>son</ex>
         <ex>son</ex>
         <ex>conmen</ex>
         <ex>pissonniaus</ex>
         <ex>puissons</ex>
         <ex>translationdel</ex>
         <ex>translationdel</ex>
         <ex>raconter</ex>
         <ex>aons</ex>
         <ex>monchier</ex>
         <ex>Dont</ex>
         <ex>dont</ex>
         <ex>oroisons</ex>
         <ex>dont</ex>
         <ex>sonaguet.</ex>
         <ex>beneonpuis</ex>
         <ex>puissons</ex>
         <ex>compaignons</ex>
         <ex>Adont</ex>
         <ex>tonbe</ex>
         <ex>monsigneur</ex>
         <ex>nonbre</ex>
         <ex>mona</ex>
         <ex>proions</ex>
         <ex>nonm</ex>
         <ex>monde.</ex>
         <ex>compaignons</ex>
         <ex>dont</ex>
         <ex>otionoste</ex>
         <ex>ethron</ex>
         <ex>monfil</ex>
         <ex>dont</ex>
         <ex>orisons</ex>
         <ex>ironnee</ex>
         <ex>Dont</ex>
         <ex>dont</ex>
         <ex>conpaignie</ex>
         <ex>compaignoni</ex>
         <ex>sonfil
</ex>
         <ex>raconterei</ex>
         <ex>racontes</ex>
         <ex>cont</ex>
         <ex>monfil</ex>
         <ex>non.</ex>
         <ex>orissons</ex>
         <ex>dont</ex>
      </td>
   </tr>
   <tr>
      <td>ŧ</td>
      <td>
         <em>it</em>
         <ex>oitqi</ex>
      </td>
   </tr>
   <tr>
      <td>ʑ</td>
      <td>
         <em>rum</em>
         <ex>celorumnisi</ex>
      </td>
   </tr>
   <tr>
      <td>ͤ</td>
      <td>
         <em>re</em>
         <ex>nostreignor.</ex>
         <ex>nostreires</ex>
         <ex>ostregrant</ex>
         <ex>mestres</ex>
         <ex>nostreignor</ex>
         <ex>demostreen</ex>
         <ex>autres</ex>
         <ex>nostreie</ex>
         <ex>estretoz</ex>
         <ex>mestreqe</ex>
         <ex>oeres</ex>
         <ex>lires</ex>
      </td>
   </tr>
   <tr>
      <td>ᵈ</td>
      <td>
         <em>d</em>
         <ex>ad</ex>
      </td>
   </tr>
   <tr>
      <td>ᷤ</td>
      <td>
         <em>s</em>
         <ex>Jerosmes</ex>
         <ex>osne</ex>
         <ex>noirsespris</ex>
         <ex>fantosmes.</ex>
         <ex>unsdes</ex>
         <ex>forsdel</ex>
         <ex>deablesa</ex>
         <ex>resuscites</ex>
         <ex>sacisos</ex>
         <ex>poissons</ex>
         <ex>poissanz</ex>
         <ex>miracles</ex>
         <ex>miracles</ex>
         <ex>apesiesl</ex>
         <ex>puis</ex>
         <ex>puisfist</ex>
         <ex>seintimese</ex>
         <ex>miraclespluiseurs</ex>
         <ex>icholasfesoient
</ex>
         <ex>pluiseurschoses</ex>
         <ex>puisle</ex>
         <ex>resne</ex>
         <ex>alascha</ex>
         <ex>misne</ex>
         <ex>portes.</ex>
         <ex>fantosmespar</ex>
      </td>
   </tr>
   <tr>
      <td>ṫ</td>
      <td>
         <em>te</em>
         <ex>detere.</ex>
         <ex>tere</ex>
         <ex>terre</ex>
         <ex>terre</ex>
         <ex>terre</ex>
      </td>
      <td>
         <em>ter</em>
         <ex>isiter</ex>
         <ex>terre</ex>
         <ex> terre</ex>
      </td>
      <td>
         <em>té</em>
         <ex>resuscitési</ex>
      </td>
   </tr>
   <tr>
      <td>⁊</td>
      <td>
         <em>Et</em>
         <ex>resplendissant.Ete</ex>
      </td>
      <td>
         <em>Et </em>
         <ex>chosesEt si</ex>
      </td>
      <td>
         <em>et </em>
         <ex>et de</ex>
         <ex>abstinenceet de</ex>
         <ex>ieet li</ex>
         <ex>et d</ex>
         <ex>et les</ex>
         <ex>et en</ex>
         <ex>et en
</ex>
         <ex>et diroient</ex>
         <ex> et a</ex>
         <ex>acreset si
</ex>
         <ex>borgneset aussi</ex>
         <ex>et parla</ex>
         <ex>et der</ex>
         <ex>sitezet molt
</ex>
         <ex>et a</ex>
         <ex>et mis</ex>
         <ex>et uns</ex>
         <ex>enceinteet si
</ex>
         <ex>et ot</ex>
         <ex>enfantet si</ex>
         <ex> et mout</ex>
         <ex>blasmeet tout</ex>
         <ex>et li</ex>
         <ex>et por</ex>
         <ex>et si</ex>
         <ex>et ta</ex>
         <ex>luxureet ex</ex>
         <ex>et si</ex>
         <ex>escondissoitet cil</ex>
         <ex>et de</ex>
         <ex>et sanz</ex>
         <ex>et si</ex>
         <ex>aet a</ex>
         <ex>et si</ex>
         <ex>demandet se</ex>
         <ex>et si</ex>
         <ex> et e</ex>
         <ex>et geterent</ex>
         <ex>et de</ex>
         <ex> et en</ex>
         <ex>et sachiez</ex>
         <ex>deet s</ex>
         <ex>leeet si</ex>
         <ex>et ceste
</ex>
         <ex>homeet dites</ex>
         <ex>erentet la</ex>
         <ex>esqeet si</ex>
         <ex>smeset s</ex>
         <ex>et ala</ex>
         <ex>et la</ex>
         <ex>et en</ex>
         <ex>citet ploroit</ex>
         <ex>et par</ex>
         <ex>et ala</ex>
         <ex>et qant</ex>
         <ex>dedenzet a</ex>
         <ex>citet mout</ex>
         <ex>et d</ex>
         <ex>et de</ex>
         <ex>et les</ex>
         <ex>et dites</ex>
         <ex>et de</ex>
         <ex>seinteet maintint</ex>
         <ex> et la</ex>
         <ex>et son</ex>
         <ex>et honestement
</ex>
         <ex> et a</ex>
         <ex>et reigne</ex>
         <ex>et de</ex>
         <ex>et sages.</ex>
         <ex>et entendre.</ex>
         <ex>et </ex>
         <ex>et latin</ex>
         <ex>diligenceet si</ex>
         <ex>benignementet fu</ex>
         <ex>et fez</ex>
         <ex>et apris
</ex>
         <ex>et doctrinez</ex>
         <ex>et latin</ex>
         <ex>et ebreu
</ex>
         <ex>et araboi</ex>
         <ex>araboiet caldeu</ex>
         <ex>dampneeet estre</ex>
         <ex>et le</ex>
         <ex>latinet aniel</ex>
         <ex>et le</ex>
         <ex>et le
</ex>
         <ex>et de</ex>
         <ex>et mout</ex>
         <ex>et le</ex>
         <ex>et mout</ex>
         <ex>furentet einsint</ex>
         <ex>espoentezet por</ex>
         <ex>herbergieret li</ex>
         <ex>docementet si</ex>
         <ex>et si</ex>
         <ex>et gueri</ex>
         <ex>lonieet si</ex>
         <ex>frereset si</ex>
         <ex>et si</ex>
         <ex>et si</ex>
         <ex>et si</ex>
         <ex>et au</ex>
         <ex>pasteuret en</ex>
         <ex>luiet si</ex>
         <ex>et bons</ex>
         <ex>bienet li
</ex>
         <ex>et endormi</ex>
         <ex>et ensignoit.</ex>
         <ex>pastureet sanz
</ex>
         <ex>et pleinz
</ex>
         <ex>et a</ex>
         <ex>et us</ex>
         <ex>maniereet qu</ex>
         <ex> et li</ex>
         <ex>asneet q</ex>
         <ex>et mengi</ex>
         <ex> et por</ex>
         <ex>et si</ex>
         <ex>et d</ex>
         <ex>asneet si
</ex>
         <ex>oiret si</ex>
         <ex>et tailliez</ex>
         <ex>graceet aloit</ex>
         <ex>ensambleet el</ex>
         <ex>aportoitet atreioit</ex>
         <ex>et fosses</ex>
         <ex>et qarrieres</ex>
         <ex>et ala</ex>
         <ex>et q</ex>
         <ex>eilliezet molt</ex>
         <ex>et de</ex>
         <ex>asneset por</ex>
         <ex>et li</ex>
         <ex>oieet einsint</ex>
         <ex>et il</ex>
         <ex>durementet lors</ex>
         <ex>et hisdeuse.</ex>
         <ex>et si</ex>
         <ex>et cha</ex>
         <ex>et li</ex>
         <ex>et puis</ex>
         <ex>mengieret apr</ex>
         <ex>et fere.</ex>
         <ex>mandaet atornerent</ex>
         <ex>et aai</ex>
         <ex>et doz</ex>
         <ex>et les</ex>
         <ex>orriereset nostre</ex>
         <ex>et atorn</ex>
         <ex>distet anon</ex>
         <ex>et pardon
</ex>
         <ex>et si</ex>
         <ex>et amonesta</ex>
         <ex>et les
</ex>
         <ex>oizet si</ex>
         <ex>et a</ex>
         <ex>respondiet dist</ex>
         <ex>droitureet leide</ex>
         <ex>et misericorde
</ex>
         <ex>et aidier</ex>
         <ex>et doner</ex>
         <ex>et pre</ex>
         <ex>aet si</ex>
         <ex>et otroions</ex>
         <ex>et nostre</ex>
         <ex>et a</ex>
         <ex>et reci</ex>
         <ex>et lor</ex>
         <ex>prononciet la</ex>
         <ex>et d</ex>
         <ex>et d</ex>
         <ex> et si
</ex>
         <ex>et or.</ex>
         <ex>estroiteet a</ex>
         <ex>et ense</ex>
         <ex>et reigne
</ex>
         <ex>et ses</ex>
         <ex>mondeet totes
</ex>
         <ex>lignieet en</ex>
         <ex>et plus</ex>
         <ex>retreireet por</ex>
         <ex>et les</ex>
         <ex>pereet l</ex>
         <ex>homet apr</ex>
         <ex>tierzet qi</ex>
         <ex>et go</ex>
         <ex>lettreset il</ex>
         <ex>mentet por</ex>
         <ex>potet nus</ex>
         <ex>et honestes</ex>
         <ex>et il</ex>
         <ex>et entier</ex>
         <ex>et si</ex>
         <ex>et cone</ex>
         <ex>meriteet de</ex>
         <ex>aqerreet qui</ex>
         <ex>et tra</ex>
         <ex>et q</ex>
         <ex>queroitet il</ex>
         <ex>oet entendi</ex>
         <ex>et conseilla</ex>
         <ex>potet sot</ex>
         <ex>et docement.</ex>
         <ex>desertet qi
</ex>
         <ex>zet leiz</ex>
         <ex>desozet de</ex>
         <ex>solitaireet por</ex>
         <ex>cheailleet le</ex>
         <ex>habitoitet encore</ex>
         <ex>et si</ex>
         <ex>corset li</ex>
         <ex>rocheet il</ex>
         <ex>fereet si</ex>
         <ex>et de</ex>
         <ex>asqueset nostre</ex>
         <ex>et tes</ex>
         <ex>deliceset mes
</ex>
         <ex>prestreset prist</ex>
         <ex>luiet ala</ex>
         <ex>monset par</ex>
         <ex>et par</ex>
         <ex>et si</ex>
         <ex>ignoret por</ex>
         <ex>geuneset por</ex>
         <ex>et est</ex>
         <ex>et a</ex>
         <ex>hanteret a</ex>
         <ex>sosteniret il</ex>
         <ex>et doctri</ex>
         <ex>et li
</ex>
         <ex>tenteet essaie</ex>
         <ex>iaireet si</ex>
         <ex>et tint</ex>
         <ex>et departiz</ex>
         <ex>penseeet une</ex>
         <ex>mereet int</ex>
         <ex>et d</ex>
         <ex>dedenzet si</ex>
         <ex>et retorna</ex>
         <ex>et ortiez</ex>
         <ex>ortiezet qe</ex>
         <ex>et osta</ex>
         <ex>et mua
</ex>
         <ex>et 
</ex>
         <ex>et sa</ex>
         <ex>et de
</ex>
         <ex>et de</ex>
         <ex>et les</ex>
         <ex>et trespassez</ex>
         <ex>et enfo</ex>
         <ex>aet si</ex>
         <ex>et si
</ex>
         <ex>et lor</ex>
         <ex>moutet si</ex>
         <ex>et distrent</ex>
         <ex>chastoieret a</ex>
         <ex>ieet apr</ex>
         <ex>antet il</ex>
         <ex>et ola</ex>
         <ex>pieceset aussint</ex>
         <ex>et sot</ex>
         <ex>docementet si</ex>
         <ex>meurset les</ex>
         <ex>et repe</ex>
         <ex>repairoientet par</ex>
         <ex>arrestoientet desoz</ex>
         <ex>ensigniet doctri</ex>
         <ex>aprendreet por</ex>
         <ex>et ses</ex>
         <ex>et si</ex>
         <ex>et por</ex>
         <ex>filet </ex>
         <ex>et de</ex>
         <ex>et fetes</ex>
         <ex>forset si
</ex>
         <ex>foizet amonesta</ex>
         <ex>contaet dist</ex>
         <ex>et blasma</ex>
         <ex>folieet li
</ex>
         <ex>amenderoitet atant</ex>
         <ex>eet si</ex>
         <ex>et les</ex>
         <ex>apelezet a</ex>
         <ex>moineet </ex>
         <ex>choseet </ex>
         <ex>et estorees</ex>
         <ex>rocheet estoit</ex>
         <ex>et tra</ex>
         <ex>perilet grant</ex>
         <ex>aet si</ex>
         <ex>et penable</ex>
         <ex>et en</ex>
         <ex>et mout</ex>
         <ex>sorentet si</ex>
         <ex>et il</ex>
         <ex>et si</ex>
         <ex>et os</ex>
         <ex>moisteet ausint</ex>
         <ex>eet tantost</ex>
         <ex>et ont</ex>
         <ex>et orties</ex>
         <ex>fereet cil</ex>
         <ex>et a</ex>
         <ex>et des</ex>
         <ex>oiret si</ex>
         <ex>et si</ex>
         <ex>et dist.</ex>
         <ex>eet meintenant</ex>
         <ex>et si</ex>
         <ex>et qi</ex>
         <ex>et assez
</ex>
         <ex>set meintenant</ex>
         <ex>tretet esloigni</ex>
         <ex>et son</ex>
         <ex>et repera</ex>
         <ex>eet il</ex>
         <ex>et espoori</ex>
         <ex> et li
</ex>
         <ex>et fet</ex>
         <ex>et monteplioient</ex>
         <ex>et par
</ex>
         <ex>ieet si</ex>
         <ex>et de</ex>
         <ex>et sa</ex>
         <ex>isitoientet qi</ex>
         <ex>et por</ex>
         <ex>grezet tantost</ex>
         <ex>et la</ex>
         <ex>mengieret si</ex>
         <ex>soloitet </ex>
         <ex> et si</ex>
         <ex>peinet si</ex>
         <ex>et si</ex>
         <ex>correet si</ex>
         <ex>et autre</ex>
         <ex>autreet si</ex>
         <ex>seurementet si</ex>
         <ex>corbiauset </ex>
         <ex>et la</ex>
         <ex>entretendroientet karoleroient
</ex>
         <ex>et oeroient
</ex>
         <ex>et enflameroient</ex>
         <ex>et mist</ex>
         <ex>et freres</ex>
         <ex>et tint
</ex>
         <ex>solieret il</ex>
         <ex>et fondi</ex>
         <ex>et si</ex>
         <ex>et a</ex>
         <ex>choseet qu</ex>
         <ex>et o</ex>
         <ex>et de
</ex>
         <ex>doleet destruist</ex>
         <ex>et a</ex>
         <ex>abatreet en</ex>
         <ex>et la</ex>
         <ex>et a</ex>
         <ex>et por</ex>
         <ex>oitet grant</ex>
         <ex>et por</ex>
         <ex>isionet si</ex>
         <ex>et ses</ex>
         <ex>noiret espris</ex>
         <ex>et li</ex>
         <ex>et entendoient
</ex>
         <ex> et </ex>
         <ex>et le
</ex>
         <ex>et les</ex>
         <ex>et por</ex>
         <ex>semblerentet puis</ex>
         <ex>laet q</ex>
         <ex>et le</ex>
         <ex>orissonet sa</ex>
         <ex>geet eus</ex>
         <ex>et aoree</ex>
         <ex>et enflambez.</ex>
         <ex>esteindreet il</ex>
         <ex>et si</ex>
         <ex>et n</ex>
         <ex>fereet </ex>
         <ex>fesoientet si</ex>
         <ex>et mout</ex>
         <ex>et combrisiez</ex>
         <ex>et morz.</ex>
         <ex>et heitiez</ex>
         <ex>et rala</ex>
         <ex>et mout</ex>
         <ex>femeet si</ex>
         <ex>et si</ex>
         <ex>et dont</ex>
         <ex>et dont
</ex>
         <ex>mengiet la</ex>
         <ex>et le
</ex>
         <ex>piezet si</ex>
         <ex>et regehirent
</ex>
         <ex>et distrent</ex>
         <ex>et si</ex>
         <ex>et sa
</ex>
         <ex>onet por</ex>
         <ex>et l</ex>
         <ex>pret en</ex>
         <ex>et delitable</ex>
         <ex>delitableet tieus</ex>
         <ex>compaignonet si</ex>
         <ex> et la</ex>
         <ex>fonteineet leu</ex>
         <ex>et reposer</ex>
         <ex>fonteineet tant</ex>
         <ex>et sa</ex>
         <ex>oieet si</ex>
         <ex> et comen</ex>
         <ex>et a</ex>
         <ex>coupeet bien</ex>
         <ex>deet q</ex>
         <ex>luiet si</ex>
         <ex>ensuset si</ex>
         <ex>reset atorner</ex>
         <ex>seet si</ex>
         <ex>et ses</ex>
         <ex>et li</ex>
         <ex>et li</ex>
         <ex>aloientet qi</ex>
         <ex>eet ensamble</ex>
         <ex>et il</ex>
         <ex>et sa</ex>
         <ex>et enten</ex>
         <ex>et a</ex>
         <ex>et puis</ex>
         <ex>aprocieret conterent</ex>
         <ex>et cone</ex>
         <ex>ceailleet tantost</ex>
         <ex>et autre</ex>
         <ex>terreet qui
</ex>
         <ex>feteset a</ex>
         <ex>antet si</ex>
         <ex>aet apr</ex>
         <ex> et en</ex>
         <ex>norieet au</ex>
         <ex>et sa
</ex>
         <ex>et entendez</ex>
         <ex> et de
</ex>
         <ex>meret puis</ex>
         <ex>et issi</ex>
         <ex>preudet seinz
</ex>
         <ex>et de</ex>
         <ex>et dist</ex>
         <ex>et ment</ex>
         <ex> et si
</ex>
         <ex>prestreet si</ex>
         <ex>et par</ex>
         <ex>et par</ex>
         <ex>leuset les</ex>
         <ex>et li
</ex>
         <ex>et cont</ex>
         <ex>et religieus</ex>
         <ex>et ses</ex>
         <ex>deableet gueriz</ex>
         <ex>et si</ex>
         <ex>charet si</ex>
         <ex>deableet en
</ex>
         <ex>et heitiez</ex>
         <ex>heitiezet bi</ex>
         <ex>et ceste</ex>
         <ex>oublieeet il</ex>
         <ex>moroientet li
</ex>
         <ex>et esle</ex>
         <ex> et arriere</ex>
         <ex>prestreet tantost</ex>
         <ex>et mout</ex>
         <ex>et si
</ex>
         <ex>antet si</ex>
         <ex>et ceste</ex>
         <ex>et si</ex>
         <ex>et estoree</ex>
         <ex>et totes</ex>
         <ex>paienset a</ex>
         <ex>otroiet qe
</ex>
         <ex>et mi</ex>
         <ex>eet pristr</ex>
         <ex>eret abatirent</ex>
         <ex>et depecierent</ex>
         <ex>perirentet par</ex>
         <ex>nonet puis</ex>
         <ex>et de</ex>
         <ex> et l</ex>
         <ex>fistet ala</ex>
         <ex>barilliauset li</ex>
         <ex>et si</ex>
         <ex>et tu</ex>
         <ex>et res</ex>
         <ex> et ala</ex>
         <ex>et tantost</ex>
         <ex>et grant
</ex>
         <ex>et par</ex>
         <ex>et par</ex>
         <ex>ignoret a</ex>
         <ex>oientet </ex>
         <ex>et amonester</ex>
         <ex>et l</ex>
         <ex>et il</ex>
         <ex>et </ex>
         <ex>et si</ex>
         <ex>et tu</ex>
         <ex>feteet si</ex>
         <ex>espreeet uns
</ex>
         <ex>penseret a</ex>
         <ex>corageet en</ex>
         <ex>gieret cui</ex>
         <ex>et qi</ex>
         <ex>et si</ex>
         <ex>meinet le</ex>
         <ex>iceet qu</ex>
         <ex>penset la</ex>
         <ex>felonieet la</ex>
         <ex>et nissoit</ex>
         <ex>et les</ex>
         <ex>et si</ex>
         <ex>seulementet demein</ex>
         <ex>et la</ex>
         <ex>et en</ex>
         <ex>ignoret par</ex>
         <ex>et sorent</ex>
         <ex>et besoigne.</ex>
         <ex>aet si</ex>
         <ex>et por</ex>
         <ex>iroientet si</ex>
         <ex>et de</ex>
         <ex> et li</ex>
         <ex>et de</ex>
         <ex>enet bien</ex>
         <ex>oset si</ex>
         <ex>et le</ex>
         <ex>gerontet l</ex>
         <ex>reet les</ex>
         <ex>et alerent</ex>
         <ex>et a</ex>
         <ex>diligenseet ce</ex>
         <ex>et au</ex>
         <ex>aussintet si</ex>
         <ex>ensignaet demostra
</ex>
         <ex>et establir</ex>
         <ex>et li</ex>
         <ex>ditet molt</ex>
         <ex>et si</ex>
         <ex>et demostrasses</ex>
         <ex>et ou
</ex>
         <ex>et dis</ex>
         <ex>dormantet de</ex>
         <ex>et ensignai</ex>
         <ex>et si</ex>
         <ex>reet orde</ex>
         <ex>et de</ex>
         <ex>celeeet ses</ex>
         <ex>et en</ex>
         <ex>et ceste
</ex>
         <ex> et si</ex>
         <ex>et dist</ex>
         <ex>honteet grant</ex>
         <ex>et amendez</ex>
         <ex>et si</ex>
         <ex>et aloient</ex>
         <ex>et lor
</ex>
         <ex>et lor</ex>
         <ex>et si</ex>
         <ex>blieeet si</ex>
         <ex>et si</ex>
         <ex>ceet si</ex>
         <ex>estoientet ce</ex>
         <ex>et sa</ex>
         <ex> et sanz
</ex>
         <ex>et sa
</ex>
         <ex>et issi</ex>
         <ex>et la</ex>
         <ex>et si</ex>
         <ex>et distr</ex>
         <ex>et si</ex>
         <ex>et sacree</ex>
         <ex>et si</ex>
         <ex>erenceet puis</ex>
         <ex>pereset la
</ex>
         <ex>et entendre</ex>
         <ex>et amonestoit</ex>
         <ex>et de</ex>
         <ex>et tenist
</ex>
         <ex>homeet tantost</ex>
         <ex>et ocirre</ex>
         <ex>eet il</ex>
         <ex>contoitet disoit</ex>
         <ex> et si</ex>
         <ex>eet si</ex>
         <ex>et si</ex>
         <ex>et 
</ex>
         <ex>costumeet cil</ex>
         <ex>et si</ex>
         <ex>et les</ex>
         <ex>et oians
</ex>
         <ex>durementet tant</ex>
         <ex>et or</ex>
         <ex>et nuit</ex>
         <ex>tozet de</ex>
         <ex>et dona</ex>
         <ex>net si</ex>
         <ex>uileet c</ex>
         <ex>et a</ex>
         <ex>obedienceset lors</ex>
         <ex>et droiture.</ex>
         <ex>et cil</ex>
         <ex>et blasmez</ex>
         <ex>croissoitet tant</ex>
         <ex>et li</ex>
         <ex>et de</ex>
         <ex>et amonesta</ex>
         <ex>et humilit</ex>
         <ex> et si</ex>
         <ex>et si</ex>
         <ex>et estoree.</ex>
         <ex>et si</ex>
         <ex>et mout</ex>
         <ex>corset lors</ex>
         <ex>oeeet a</ex>
         <ex>et de
</ex>
         <ex>roiet en</ex>
         <ex>et si</ex>
         <ex>et pleins
</ex>
         <ex>durementet a</ex>
         <ex>et a</ex>
         <ex>et ses</ex>
         <ex>et si</ex>
         <ex>et ensignast.</ex>
         <ex>et li</ex>
         <ex>aleret </ex>
         <ex>et rece</ex>
         <ex>et puis</ex>
         <ex>et a</ex>
         <ex>et a</ex>
         <ex>cruiautet sa</ex>
         <ex>eoiret sa</ex>
         <ex>et en</ex>
         <ex>olentet par
</ex>
         <ex>et qi</ex>
         <ex>et par</ex>
         <ex> et par</ex>
         <ex>et par</ex>
         <ex>eet la</ex>
         <ex>et demenoit</ex>
         <ex>et a</ex>
         <ex>et si</ex>
         <ex>et si</ex>
         <ex>et dist</ex>
         <ex>et coucha</ex>
         <ex>et </ex>
         <ex>resusciet si</ex>
         <ex>oret par</ex>
         <ex>et heiti</ex>
         <ex> et i</ex>
         <ex>et atornee</ex>
         <ex>et otro</ex>
         <ex>irginitet por</ex>
         <ex>noneet a</ex>
         <ex>liezet qi</ex>
         <ex>porteet parloit
</ex>
         <ex>liet la</ex>
         <ex>et mostroit
</ex>
         <ex>costumeet  </ex>
         <ex>liet ne</ex>
         <ex>ensembleet parlerent
</ex>
         <ex>et si</ex>
         <ex>et dist</ex>
         <ex>et si</ex>
         <ex>et la</ex>
         <ex>et si</ex>
         <ex>et puis</ex>
         <ex>et rele</ex>
         <ex>et espart</ex>
         <ex>et si
</ex>
         <ex>enteret une</ex>
         <ex>et tou</ex>
         <ex>et esparti.</ex>
         <ex> et q</ex>
         <ex>aet si</ex>
         <ex> et tu</ex>
         <ex>et il</ex>
         <ex>oet entendi.</ex>
         <ex>et si</ex>
         <ex>refirentet saoulerent
</ex>
         <ex>et esclarciz.</ex>
         <ex>ceailleet </ex>
         <ex>et li</ex>
         <ex>et si</ex>
         <ex>et loenges</ex>
         <ex>et non</ex>
         <ex> et si</ex>
         <ex>et d</ex>
         <ex>iseet sanz</ex>
         <ex> et isi</ex>
         <ex>et por</ex>
         <ex>et de</ex>
         <ex>leuet li</ex>
         <ex>et lor</ex>
         <ex>mienuitet li</ex>
         <ex>et dist</ex>
         <ex>et au</ex>
         <ex>et tierce</ex>
         <ex>lumiereet de</ex>
         <ex>et esmer</ex>
         <ex>clartet l</ex>
         <ex>et mis</ex>
         <ex>et enquist</ex>
         <ex>et dist</ex>
         <ex>eritet la
</ex>
         <ex>et retreire</ex>
         <ex>et a</ex>
         <ex>et escrist</ex>
         <ex>et qu</ex>
         <ex>et tant
</ex>
         <ex>et non</ex>
         <ex>esqiet ses</ex>
         <ex>fezet tout</ex>
         <ex>ilet dist</ex>
         <ex>et a</ex>
         <ex>et a</ex>
         <ex>ilet re</ex>
         <ex>estoientet il</ex>
         <ex>ceailleet li</ex>
         <ex>et resplendissanz</ex>
         <ex>ceailleet des
</ex>
         <ex>et mout</ex>
         <ex>antet si</ex>
         <ex>et edefiee</ex>
         <ex>et si</ex>
         <ex>et fet
</ex>
         <ex>et regne</ex>
         <ex>morset al</ex>
         <ex>et par</ex>
         <ex>auset par</ex>
         <ex>et par</ex>
         <ex>et nuit</ex>
         <ex>lasseeet la</ex>
         <ex>et aloit</ex>
         <ex>et fu</ex>
         <ex>et toute</ex>
         <ex>tenueet re</ex>
         <ex>ieet loa</ex>
         <ex>et gracia</ex>
         <ex>ignoret seint</ex>
         <ex> et entendu</ex>
         <ex>dolenteset esgarees</ex>
         <ex>et cria
</ex>
         <ex>et regne</ex>
         <ex>echoitet en</ex>
         <ex>armeset si</ex>
         <ex>et de</ex>
         <ex>nonet sa</ex>
         <ex>et uns</ex>
         <ex>et li</ex>
         <ex>et disoit</ex>
         <ex>celoet nisi</ex>
         <ex>aproismeet qi</ex>
         <ex>et del
</ex>
         <ex>et mout</ex>
         <ex>et ses</ex>
         <ex>et la</ex>
         <ex>ignoret si</ex>
         <ex>et ensignoit</ex>
         <ex>et sa
</ex>
         <ex>et </ex>
         <ex>doctrineet 
</ex>
         <ex>et </ex>
         <ex>et pluiseurs</ex>
         <ex>proceinset par</ex>
         <ex>et fere.</ex>
         <ex>et la</ex>
         <ex>comsomeeet q</ex>
         <ex>decipleset q</ex>
         <ex>et lor</ex>
         <ex>oet pluiseurs</ex>
         <ex>et de</ex>
         <ex>et essia</ex>
         <ex>et dras</ex>
         <ex>formeet il</ex>
         <ex>distet il</ex>
         <ex>rostiet une</ex>
         <ex>et si</ex>
         <ex>et si</ex>
         <ex>ignoret par</ex>
         <ex>et preeschant</ex>
         <ex>preeschantet si</ex>
         <ex>et del</ex>
         <ex>et del</ex>
         <ex>speritet si</ex>
         <ex>et de</ex>
         <ex>speritet a</ex>
         <ex>et il</ex>
         <ex>et si</ex>
         <ex>pleset ensamble</ex>
         <ex>et en</ex>
         <ex>et par</ex>
         <ex>et par</ex>
         <ex>feuet si</ex>
         <ex>et doctrinez
</ex>
         <ex>languageset si</ex>
         <ex>et il</ex>
         <ex>et anoncier
</ex>
         <ex>apostreset qi</ex>
         <ex> et pluseurs</ex>
         <ex>et preechant</ex>
         <ex>et le</ex>
         <ex>cieuset preechant</ex>
         <ex>et disant</ex>
         <ex>et ﻿</ex>
         <ex>predicationset faisoient</ex>
         <ex>et li
</ex>
         <ex>et ses</ex>
         <ex>det q</ex>
         <ex>et a</ex>
         <ex>creanceet mis</ex>
         <ex>et prestres</ex>
         <ex>et autre
</ex>
         <ex>et ne</ex>
         <ex>et ne</ex>
         <ex>eet sa</ex>
         <ex>et molt
</ex>
         <ex>et an</ex>
         <ex>et distrent</ex>
         <ex>aeurentet si</ex>
         <ex>et cone</ex>
         <ex>personeset si</ex>
         <ex>et il
</ex>
         <ex>aoroientet si</ex>
         <ex>parmenableet si</ex>
         <ex>et nule</ex>
         <ex>conforteret si</ex>
         <ex>et dist</ex>
         <ex>et baptizatus
</ex>
         <ex>eritet  </ex>
         <ex>et anon</ex>
         <ex>et baptiziez</ex>
         <ex>et qi</ex>
         <ex>ignoret por</ex>
         <ex>et de</ex>
         <ex>et a</ex>
         <ex>et dire</ex>
         <ex>et sires</ex>
         <ex>et tote</ex>
         <ex>et si</ex>
         <ex>et en</ex>
         <ex>et abandone</ex>
         <ex>et amenistre</ex>
         <ex>et deguerpiz</ex>
         <ex>dit et en</ex>
         <ex>et li</ex>
         <ex>et parti</ex>
         <ex>et ne</ex>
         <ex>et si</ex>
         <ex>et tantost</ex>
         <ex>atoucheet e</ex>
         <ex>ignoret il</ex>
         <ex>dormiret si</ex>
         <ex>et les</ex>
         <ex>et froides</ex>
         <ex>eret si</ex>
         <ex>et qe</ex>
         <ex>tet semant</ex>
         <ex>et a</ex>
         <ex>et refet</ex>
         <ex>estoitet der</ex>
         <ex>et forsenee
</ex>
         <ex>et a</ex>
         <ex>et tormentent</ex>
         <ex>seleet qe</ex>
         <ex>et si</ex>
         <ex>et seine.</ex>
         <ex>esteset qi</ex>
         <ex>et benignitez</ex>
         <ex>benignitezet misericorde 
</ex>
         <ex>et douceur</ex>
         <ex>et grant</ex>
         <ex>humilitet assidueus</ex>
         <ex>et comanda</ex>
         <ex>et de</ex>
         <ex>et estrangla</ex>
         <ex>et la</ex>
         <ex>et tuit</ex>
         <ex>et si</ex>
         <ex>et a</ex>
         <ex>et si</ex>
         <ex>et si</ex>
         <ex>et par</ex>
         <ex>et si</ex>
         <ex>et pou</ex>
         <ex>et par</ex>
         <ex>et au</ex>
         <ex>et si</ex>
         <ex>et rac</ex>
         <ex>enfeset qant</ex>
         <ex>homeet puis</ex>
         <ex>et a</ex>
         <ex>et si</ex>
         <ex>et rege</ex>
         <ex>emportoientet si</ex>
         <ex>oieet a</ex>
         <ex>doceuret teniebres</ex>
         <ex>et pleignement</ex>
         <ex>et criees</ex>
         <ex>crieeset granz</ex>
         <ex>et tristreces</ex>
         <ex>tristreceset froidures
</ex>
         <ex>desmesureeset chaleurs</ex>
         <ex>et grant</ex>
         <ex>faillentet morsures</ex>
         <ex>serpenzet si</ex>
         <ex>et misere</ex>
         <ex>misereet l</ex>
         <ex>lezet hisdeus</ex>
         <ex>et d</ex>
         <ex>zet par</ex>
         <ex>et autres</ex>
         <ex>et a</ex>
         <ex>et annonce</ex>
         <ex>et cenz</ex>
         <ex>donset de</ex>
         <ex>et lor
</ex>
         <ex>et detruist</ex>
         <ex>et d</ex>
         <ex>genzet si</ex>
         <ex>et del</ex>
         <ex>et de</ex>
         <ex>et ceus</ex>
         <ex>et si</ex>
         <ex>ignoret si</ex>
         <ex>meinset trest</ex>
         <ex>et qu</ex>
         <ex>et alerent
</ex>
         <ex>noset por</ex>
         <ex>et si</ex>
         <ex>et usticent.</ex>
         <ex>laet alerent</ex>
         <ex>piezet si</ex>
         <ex>et de</ex>
         <ex>et as</ex>
         <ex>et de</ex>
         <ex>et cens</ex>
         <ex>et a</ex>
         <ex>et </ex>
         <ex>et d</ex>
         <ex>et de</ex>
         <ex>homeet si</ex>
         <ex>ignoret puis</ex>
         <ex>et fu</ex>
         <ex>et gloi</ex>
         <ex>et rendi</ex>
         <ex>dotanceet bien</ex>
         <ex>toiet la</ex>
         <ex>et essaucerai.</ex>
         <ex>diteet puis</ex>
         <ex>euset si</ex>
         <ex>et go</ex>
         <ex>et si</ex>
         <ex>nonet cele</ex>
         <ex>ignoret a</ex>
         <ex>et liiez</ex>
         <ex>et it</ex>
         <ex>et creance</ex>
         <ex>et son</ex>
         <ex>et le
</ex>
         <ex>et cil</ex>
         <ex>et sanez</ex>
         <ex>sanezet re</ex>
         <ex>et si</ex>
         <ex> et li</ex>
         <ex>et sa
</ex>
         <ex>et si</ex>
         <ex>et l</ex>
         <ex> et si</ex>
         <ex>et anoncier</ex>
         <ex>tet baptirent</ex>
         <ex>cruelmentet puis
</ex>
         <ex>et si</ex>
         <ex> et lumiere</ex>
         <ex>derrompirentet li</ex>
         <ex>rentet tuit</ex>
         <ex>et granz</ex>
         <ex>et effoudre</ex>
         <ex>et tonoire</ex>
         <ex>tonoireet esparz
</ex>
         <ex> et a</ex>
         <ex>et ferirent</ex>
         <ex> et ses</ex>
         <ex>et si</ex>
         <ex>et si</ex>
         <ex>crucefierentet au
</ex>
         <ex>ezet a</ex>
         <ex>et ensigniez</ex>
         <ex>tantet puis
</ex>
         <ex>et si</ex>
         <ex>et meesme</ex>
         <ex>et li</ex>
         <ex>et a</ex>
         <ex>et anonce.</ex>
         <ex>et la</ex>
         <ex>granzet petiz</ex>
         <ex>assemblassentet eus</ex>
         <ex>et mos</ex>
         <ex>et del</ex>
         <ex>et del</ex>
         <ex> et de</ex>
         <ex>et de</ex>
         <ex>et de</ex>
         <ex>et destrui</ex>
         <ex>reet le</ex>
         <ex>et abatre.</ex>
         <ex>eet ense</ex>
         <ex>et l</ex>
         <ex>et entendez</ex>
         <ex>et d</ex>
         <ex>et de</ex>
         <ex>et de</ex>
         <ex>igneset si</ex>
         <ex>luiet dist</ex>
         <ex>et uree
</ex>
         <ex>et tote</ex>
         <ex>et si</ex>
         <ex>meret tenoit</ex>
         <ex>et de</ex>
         <ex>et de</ex>
         <ex>det a</ex>
         <ex>alet d</ex>
         <ex>et por</ex>
         <ex>paroleset si</ex>
         <ex>et or</ex>
         <ex>et en</ex>
         <ex>et en</ex>
         <ex>neset bien</ex>
         <ex>cueret de</ex>
         <ex>et serroit</ex>
         <ex>et donast
</ex>
         <ex>cielet si</ex>
         <ex> et si</ex>
         <ex>et q</ex>
         <ex>et d</ex>
         <ex>et de</ex>
         <ex>et de</ex>
         <ex>et dona</ex>
         <ex>et pro</ex>
         <ex>et par
</ex>
         <ex>et molt
</ex>
         <ex>ireet si</ex>
         <ex>et decolee.</ex>
         <ex>et si</ex>
         <ex>graceet si</ex>
         <ex>breet qe</ex>
         <ex>et dese</ex>
         <ex>et si</ex>
         <ex>et cil</ex>
         <ex>et arrazin</ex>
         <ex>soleilet si</ex>
         <ex>et tout</ex>
         <ex>et disant</ex>
         <ex>ignoret tu</ex>
         <ex>ducet si</ex>
         <ex>et conta</ex>
         <ex>et e</ex>
         <ex>pooret tuit</ex>
         <ex>et qi</ex>
         <ex>heireet si</ex>
         <ex>piezet si</ex>
         <ex>escuieret si</ex>
         <ex>crestienset si</ex>
         <ex>et si</ex>
         <ex>exet sires</ex>
         <ex>et si
</ex>
         <ex>et qi</ex>
         <ex>et si</ex>
         <ex>et si</ex>
         <ex>pardonet indulgense.</ex>
         <ex>deet si</ex>
         <ex>pardonet remission</ex>
         <ex>et des</ex>
         <ex>et toz</ex>
         <ex>et ses</ex>
         <ex>et totes</ex>
         <ex>et toz</ex>
         <ex>et femes</ex>
         <ex>et d</ex>
         <ex>euet chastiaus
</ex>
         <ex>et ignes</ex>
         <ex>igneset terres</ex>
         <ex>terreset quanq</ex>
         <ex>et por</ex>
         <ex>et si</ex>
         <ex>herbergieret por</ex>
         <ex>reet si</ex>
         <ex>et trametoit</ex>
         <ex>et si</ex>
         <ex>et comandoit</ex>
         <ex>et d</ex>
         <ex>proieet si</ex>
         <ex>et le</ex>
         <ex>et sa
</ex>
         <ex>et comand</ex>
         <ex>et puis
</ex>
         <ex>deet creoient</ex>
         <ex>preechoitet anon</ex>
         <ex>et la</ex>
         <ex>et tuit</ex>
         <ex>luiet si</ex>
         <ex>et si</ex>
         <ex>et de
</ex>
         <ex>et si</ex>
         <ex>foiet de</ex>
         <ex>ignoret bap</ex>
         <ex> et rendi</ex>
         <ex>et ses</ex>
         <ex>et lontaignes</ex>
         <ex>lontaigneset si</ex>
         <ex>et por</ex>
         <ex>et mis</ex>
         <ex>prissonet batuz</ex>
         <ex>et route.</ex>
         <ex>et ta</ex>
         <ex>et quanq</ex>
         <ex>et pardon</ex>
         <ex>pardonet q</ex>
         <ex>et les
</ex>
         <ex> et misericorde</ex>
         <ex>apostreet toz
</ex>
         <ex>et se</ex>
         <ex>et li</ex>
         <ex>periuset par</ex>
         <ex>et si</ex>
         <ex>clerementet alerent</ex>
         <ex>et lor
</ex>
         <ex>et desme</ex>
         <ex>tet tant</ex>
         <ex>fosseet la</ex>
         <ex>et c</ex>
         <ex>et princes</ex>
         <ex>forset autres</ex>
         <ex>et en</ex>
         <ex>ducet ala</ex>
         <ex>deet molt
</ex>
         <ex>terreset assamblees</ex>
         <ex>ooientet molt
</ex>
         <ex>et de</ex>
         <ex>et de</ex>
         <ex>oloientet estre
</ex>
         <ex>ploroitet a</ex>
         <ex> et tuit</ex>
         <ex>et tuit</ex>
         <ex>fereet me</ex>
         <ex>et tuit</ex>
         <ex>deschauzet en</ex>
         <ex>et il</ex>
         <ex>et esgarder.</ex>
         <ex>terreet li</ex>
         <ex>et esgarder</ex>
         <ex>et si</ex>
         <ex>et esgarder.</ex>
         <ex>et si</ex>
         <ex>opienset lez
</ex>
         <ex>et hisdeus</ex>
         <ex>et si</ex>
         <ex>et desmesurez</ex>
         <ex>desmesurezet iols</ex>
         <ex>et d</ex>
         <ex>et cornues
</ex>
         <ex>issoientet si</ex>
         <ex>et grosses</ex>
         <ex>oientet par</ex>
         <ex>grandeset lees</ex>
         <ex>et si</ex>
         <ex>et par</ex>
         <ex>et si</ex>
         <ex>et si</ex>
         <ex>fosseet si</ex>
         <ex>et ire
</ex>
         <ex>et male</ex>
         <ex> et si</ex>
         <ex>et en</ex>
         <ex>oleet ou</ex>
         <ex>abiteet la</ex>
         <ex>et toz</ex>
         <ex>et fe</ex>
         <ex>et par</ex>
         <ex>et si</ex>
         <ex>eset si</ex>
         <ex>et heitez</ex>
         <ex>ieet parla</ex>
         <ex>et gloirefierent.</ex>
         <ex>et toz</ex>
         <ex>et a</ex>
         <ex>et conte</ex>
         <ex>et noierent.</ex>
         <ex>et si</ex>
         <ex>et torbes
</ex>
         <ex>et l</ex>
         <ex>derriereset si</ex>
         <ex>espoentezet li
</ex>
         <ex>deffenderreset q</ex>
         <ex>docementet si</ex>
         <ex>et omnia</ex>
         <ex>et douter.</ex>
         <ex>et si</ex>
         <ex>deet saces</ex>
         <ex>et des</ex>
         <ex>dureeet par</ex>
         <ex>arresteret puis</ex>
         <ex>deet de</ex>
         <ex>et a</ex>
         <ex>et repeire</ex>
         <ex>corset si</ex>
         <ex>et si</ex>
         <ex>et molt</ex>
         <ex>et si</ex>
         <ex>et go</ex>
         <ex>et dis</ex>
         <ex>et dist</ex>
         <ex>et a</ex>
         <ex>et est</ex>
         <ex>mortet angeles</ex>
         <ex>deableet qi</ex>
         <ex>et de</ex>
         <ex>misereset si</ex>
         <ex>estet si</ex>
         <ex>et si
</ex>
         <ex>genzet ne</ex>
         <ex>et deguer</ex>
         <ex>et li</ex>
         <ex>et toz</ex>
         <ex>resusciteret qi</ex>
         <ex>et loenges</ex>
         <ex>demostreret bene</ex>
         <ex>et gloirefierent.</ex>
         <ex>otionet toz</ex>
         <ex>et lor</ex>
         <ex>ignoret li</ex>
         <ex>entoret si</ex>
         <ex>et d</ex>
         <ex>eet tieus
</ex>
         <ex>iandeet si</ex>
         <ex>et en</ex>
         <ex>et en</ex>
         <ex>reset qanc</ex>
         <ex>et a</ex>
         <ex>angileet les</ex>
         <ex>et mout</ex>
         <ex>reset lor</ex>
         <ex>encelet par</ex>
         <ex>et mistrent</ex>
         <ex>neet tout
</ex>
         <ex>estoientet si</ex>
         <ex>et abatissent</ex>
         <ex>et lor</ex>
         <ex>et lor</ex>
         <ex>arsissentet si</ex>
         <ex>et aorassent
</ex>
         <ex>et toz
</ex>
         <ex>et bene</ex>
         <ex>et en</ex>
         <ex>et son</ex>
         <ex>et dit</ex>
         <ex>meret tout
</ex>
         <ex>et tote
</ex>
         <ex>et tout</ex>
         <ex> et  </ex>
         <ex> et </ex>
         <ex>et la</ex>
         <ex>et longue</ex>
         <ex>longueet lee</ex>
         <ex>et deguerpissent</ex>
         <ex>loiset arsissent
</ex>
         <ex>et destruisis</ex>
         <ex>et lor
</ex>
         <ex>inet de</ex>
         <ex>et fai</ex>
         <ex>menableet encore</ex>
         <ex>et li</ex>
         <ex>et tristrece.</ex>
         <ex>et autrui</ex>
         <ex>et mat</ex>
         <ex>et paine.</ex>
         <ex>dolenset las</ex>
         <ex>et de</ex>
         <ex>estoitet si
</ex>
         <ex>et secoroit</ex>
         <ex>secoroitet les</ex>
         <ex>estrangeset les</ex>
         <ex>et les
</ex>
         <ex>orpheninset bien</ex>
         <ex>fistet dist</ex>
         <ex>uchementet qi</ex>
         <ex>et as</ex>
         <ex>et re</ex>
         <ex>esqeet mout</ex>
         <ex>et mout</ex>
         <ex>et en</ex>
         <ex>et entendoit</ex>
         <ex>homeet puis</ex>
         <ex>et a</ex>
         <ex>crestienset crueus</ex>
         <ex>et de</ex>
         <ex>et poestis</ex>
         <ex>et dire
</ex>
         <ex>et les</ex>
         <ex>dreset fere
</ex>
         <ex> et dit</ex>
         <ex>guerieset pluiseurs</ex>
         <ex>femeet si</ex>
         <ex>languereuset resuscite</ex>
         <ex>et par</ex>
         <ex>conseilet si</ex>
         <ex>oret argent</ex>
         <ex>comandet ala</ex>
         <ex>et si</ex>
         <ex>et ta</ex>
         <ex>et tesmoignes</ex>
         <ex>sostenueset resuscites</ex>
         <ex>et conte
</ex>
         <ex>et de</ex>
         <ex>comandementet q</ex>
         <ex>et tote</ex>
         <ex>et regenerez</ex>
         <ex>dameet la</ex>
         <ex>et si</ex>
         <ex>et la</ex>
         <ex>et si</ex>
         <ex>rriereet qant</ex>
         <ex>mariet tantost</ex>
         <ex>et l</ex>
         <ex>baptizieet li</ex>
         <ex>et establi</ex>
         <ex>fioientet la</ex>
         <ex>et formee</ex>
         <ex>et donoit
</ex>
         <ex> et l</ex>
         <ex>et en</ex>
         <ex>upiteret toz</ex>
         <ex>et por</ex>
         <ex>et les</ex>
         <ex>et si</ex>
         <ex>et nos</ex>
         <ex>mageset si</ex>
         <ex>et terre.</ex>
         <ex>et si</ex>
         <ex>puissanzet si</ex>
         <ex>autreet o</ex>
         <ex>orissonset en</ex>
         <ex>citet tuit</ex>
         <ex>et li</ex>
         <ex>encontreet si</ex>
         <ex>et depechier</ex>
         <ex>et si</ex>
         <ex>et failliz</ex>
         <ex>et furent</ex>
         <ex>citet grant
</ex>
         <ex>et granz</ex>
         <ex>luiet alerent</ex>
         <ex>et a</ex>
         <ex>et reco</ex>
         <ex>et lui</ex>
         <ex>et sa</ex>
         <ex>compaignieet esqui</ex>
         <ex>et de</ex>
         <ex>et si</ex>
         <ex>et fondre.</ex>
         <ex>et lor</ex>
         <ex>oirset s</ex>
         <ex>et religieuse</ex>
         <ex>et si</ex>
         <ex>preesceet annonce</ex>
         <ex>perilet si</ex>
         <ex>et assambl</ex>
         <ex>deet liiez</ex>
         <ex>chaeneset lor</ex>
         <ex>contet mout</ex>
         <ex>maniereet si
</ex>
         <ex>et par</ex>
         <ex>et form</ex>
         <ex>santet si</ex>
         <ex>nonet a</ex>
         <ex>et loenges.</ex>
         <ex>et si</ex>
         <ex>creatureet la</ex>
         <ex>et sanc
</ex>
         <ex>et escume</ex>
         <ex>et de</ex>
         <ex>et de</ex>
         <ex>alierset fist</ex>
         <ex>et de</ex>
         <ex>et granz</ex>
         <ex>et desirroit
</ex>
         <ex>paroleset sa</ex>
         <ex>et alassent</ex>
         <ex>maniereset apr</ex>
         <ex>entrerentet mencierent
</ex>
         <ex>et pesible.</ex>
         <ex>contesseet pluiseurs</ex>
         <ex>repairierentet si</ex>
         <ex>palagreet cou</ex>
         <ex>sierentet la</ex>
         <ex>terreet la</ex>
         <ex>et la</ex>
         <ex>ignoret la</ex>
         <ex>enueet cil</ex>
         <ex>et haiti</ex>
         <ex>et a</ex>
         <ex>serset a</ex>
         <ex>aet li</ex>
         <ex>et mout</ex>
         <ex>et aornee</ex>
         <ex>et sacra﻿</ex>
         <ex> et cele</ex>
         <ex>et de</ex>
         <ex>luiet si</ex>
         <ex>et si</ex>
         <ex>oieset si</ex>
         <ex>et conoistre.</ex>
         <ex>mageet fu</ex>
         <ex>et hisdeus.</ex>
         <ex>noirset tresq</ex>
         <ex>et par</ex>
         <ex>et par</ex>
         <ex>ardanzet puans
</ex>
         <ex>et si</ex>
         <ex>eoiret esgarder</ex>
         <ex>et si</ex>
         <ex>ditet puis</ex>
         <ex>abiteet la</ex>
         <ex>et frois</ex>
         <ex>homeet fist</ex>
         <ex>et ce</ex>
         <ex>et sanez.</ex>
         <ex>tet tuit</ex>
         <ex>et cele</ex>
         <ex>et de</ex>
         <ex> et de</ex>
         <ex>oret si</ex>
         <ex>et lampes</ex>
         <ex>et son</ex>
         <ex>et de</ex>
         <ex>euseset de</ex>
         <ex>oret nuit</ex>
         <ex>et chandelabres</ex>
         <ex>oret une</ex>
         <ex>et l</ex>
         <ex>feteset consomees</ex>
         <ex> et si</ex>
         <ex>et sacrons
</ex>
         <ex>et de</ex>
         <ex>et de</ex>
         <ex>et de</ex>
         <ex>et ins</ex>
         <ex>et bues</ex>
         <ex>et aches</ex>
         <ex>acheset oleilles
</ex>
         <ex>et enoisons</ex>
         <ex>et tr</ex>
         <ex>et pa</ex>
         <ex>citet qe</ex>
         <ex>et poest</ex>
         <ex>et heiti</ex>
         <ex>et a</ex>
         <ex> et ses</ex>
         <ex>et assamblees</ex>
         <ex>apelaet si
</ex>
         <ex>liezet si</ex>
         <ex>et si</ex>
         <ex>et de</ex>
         <ex>et ses</ex>
         <ex>et de</ex>
         <ex>et cuens
</ex>
         <ex> et el</ex>
         <ex>et bele
</ex>
         <ex>et haute</ex>
         <ex>senzet plein</ex>
         <ex>et de
</ex>
         <ex>et chas</ex>
         <ex>et feire.</ex>
         <ex>et si</ex>
         <ex>et li
</ex>
         <ex>et si</ex>
         <ex>et sa</ex>
         <ex>et gracierent</ex>
         <ex>gracierentet toz</ex>
         <ex>et en</ex>
         <ex>signorieet qe</ex>
         <ex>et le</ex>
         <ex>et costume</ex>
         <ex>costumeet li</ex>
         <ex>et clers</ex>
         <ex>mortet si</ex>
         <ex>et feire</ex>
         <ex>esqeset autres</ex>
         <ex>tet fussent</ex>
         <ex>et en</ex>
         <ex>et establi</ex>
         <ex>et por</ex>
         <ex>et les</ex>
         <ex>estoientet si</ex>
         <ex>et estemenz.</ex>
         <ex>et si
</ex>
         <ex>et fet
</ex>
         <ex>et ce</ex>
         <ex>et assembler</ex>
         <ex>sermoneret lor</ex>
         <ex>ignoret lor
</ex>
         <ex>et si</ex>
         <ex>graceet si
</ex>
         <ex>homet qant</ex>
         <ex>et li</ex>
         <ex>et li</ex>
         <ex>et regne</ex>
         <ex>et estoient</ex>
         <ex>et en
</ex>
         <ex>elleset en</ex>
         <ex>reset eunoient
</ex>
         <ex>espreet adonc</ex>
         <ex>et e</ex>
         <ex>et orde</ex>
         <ex>deet 
</ex>
         <ex>et par</ex>
         <ex>et ﻿</ex>
         <ex>deet fist</ex>
         <ex>eglisseset atorna
</ex>
         <ex>et entendement</ex>
         <ex>ignoret a</ex>
         <ex> et par</ex>
         <ex>det par</ex>
         <ex>et si</ex>
         <ex>et lor</ex>
         <ex>doctrineet sermonez</ex>
         <ex>et pree</ex>
         <ex>direet lor</ex>
         <ex>angileet sa</ex>
         <ex>et a</ex>
         <ex>paroleset les
</ex>
         <ex>et re</ex>
         <ex>ieet pluiseurs</ex>
         <ex>et e</ex>
         <ex>baptesmeet puis</ex>
         <ex>et de</ex>
         <ex>et taire.</ex>
         <ex>et par</ex>
         <ex>et molt</ex>
         <ex>et mes</ex>
         <ex>iret a</ex>
         <ex>promiseet a</ex>
         <ex>et aiment.</ex>
         <ex>toiet si</ex>
         <ex>et ensamble</ex>
         <ex>et les</ex>
         <ex>rset ensamble</ex>
         <ex>irgeset de</ex>
         <ex>frereset serras</ex>
         <ex>et par</ex>
         <ex>ireset li</ex>
         <ex>et dist</ex>
         <ex>ieet qe</ex>
         <ex>puepleet un</ex>
         <ex>et autre</ex>
         <ex>et assemblassent</ex>
         <ex>onet absolution</ex>
         <ex>oet les</ex>
         <ex>foiet tornez
</ex>
         <ex>et sa</ex>
         <ex>det oite</ex>
         <ex>et cil</ex>
         <ex>et cil</ex>
         <ex>delet les</ex>
         <ex>et en
</ex>
         <ex>et rendoit
</ex>
         <ex>et loenges</ex>
         <ex>ceet puis</ex>
         <ex>et por
</ex>
         <ex>et a</ex>
         <ex>creanceet puis</ex>
         <ex>espreet lors</ex>
         <ex>et e</ex>
         <ex>doctrinastet enseignast</ex>
         <ex>ieet lors</ex>
         <ex>et a</ex>
         <ex>et ao</ex>
         <ex>et coment</ex>
         <ex>orzet coment</ex>
         <ex>et ensigniez.</ex>
         <ex>et garde.</ex>
         <ex>et chastem</ex>
         <ex>tet qe</ex>
         <ex>ucheoret si</ex>
         <ex>et desfaillies</ex>
         <ex>fianceet doit</ex>
         <ex>et del</ex>
         <ex>et del
</ex>
         <ex>et d</ex>
         <ex>espreet dont</ex>
         <ex>graceet si</ex>
         <ex>et bene</ex>
         <ex>et ait</ex>
         <ex>oset os</ex>
         <ex>reet qi</ex>
         <ex>et qi</ex>
         <ex>et si
</ex>
         <ex>et or</ex>
         <ex>et erais
</ex>
         <ex>et garde</ex>
         <ex>et ires</ex>
         <ex>et la</ex>
         <ex>establieet faite</ex>
         <ex>et tendi</ex>
         <ex>cielet fist</ex>
         <ex>et si</ex>
         <ex>mestreset qi</ex>
         <ex>nonet qi</ex>
         <ex>et estoient</ex>
         <ex>cielet crioient
</ex>
         <ex>ssentet si</ex>
         <ex>et si</ex>
         <ex>et la</ex>
         <ex>contreeset si</ex>
         <ex>parenzet obe</ex>
         <ex>et nostre</ex>
         <ex>et loerent.</ex>
         <ex> et esle</ex>
         <ex>membreset tantost
</ex>
         <ex>et sanez</ex>
         <ex>et si</ex>
         <ex>et por</ex>
         <ex>rirentet donerent</ex>
         <ex>clartet grant
</ex>
         <ex>et le</ex>
         <ex>clercet li</ex>
         <ex>zet mis</ex>
         <ex> et li</ex>
         <ex>ugleet cil</ex>
         <ex>et d</ex>
         <ex> et par
</ex>
         <ex>itet regne</ex>
         <ex>et olentiers</ex>
         <ex>et entendre</ex>
         <ex>et retenir</ex>
         <ex>et </ex>
         <ex>et les</ex>
         <ex>sontet aise</ex>
         <ex>et de
</ex>
         <ex>et de</ex>
         <ex>lonieet de</ex>
         <ex>et a</ex>
         <ex>et pris</ex>
         <ex>et par</ex>
         <ex>tormenzet par</ex>
         <ex>et geunes</ex>
         <ex>geuneset par</ex>
         <ex>et a</ex>
         <ex>confessorset mes</ex>
         <ex>et de</ex>
         <ex>et de</ex>
         <ex>et hauz</ex>
         <ex>et ri</ex>
         <ex>et a</ex>
         <ex>et sa</ex>
         <ex>et a</ex>
         <ex>hermitageet si</ex>
         <ex>et retraist</ex>
         <ex>et ensam</ex>
         <ex>et che</ex>
         <ex>et si</ex>
         <ex>et si</ex>
         <ex>paignonset dou</ex>
         <ex>ouret piti</ex>
         <ex>pitiet benignet</ex>
         <ex> et charit</ex>
         <ex>charitet pacience</ex>
         <ex>pacienceet bone
</ex>
         <ex>olentet hu</ex>
         <ex>mondeet si</ex>
         <ex>et si</ex>
         <ex>et de</ex>
         <ex>eoitet par</ex>
         <ex>tiers et portoient
</ex>
         <ex>et re</ex>
         <ex>baptesmeet si</ex>
         <ex>et paine.</ex>
         <ex>et les</ex>
         <ex>chetiset norrissoit</ex>
         <ex>besoigneuset re</ex>
         <ex>reet l</ex>
         <ex>et donoit</ex>
         <ex>reset a</ex>
         <ex>et besoigneus</ex>
         <ex>entet bien
</ex>
         <ex>et </ex>
         <ex>ozet li</ex>
         <ex>et besoigneuz</ex>
         <ex>et a
</ex>
         <ex>et donast</ex>
         <ex>fublet la</ex>
         <ex>et de</ex>
         <ex>reet l</ex>
         <ex>et mist
</ex>
         <ex>et gemirent</ex>
         <ex>et il
</ex>
         <ex>et affublez</ex>
         <ex>et cone</ex>
         <ex>et en</ex>
         <ex> et la</ex>
         <ex>ignor et por</ex>
         <ex>anzet si</ex>
         <ex>et fu</ex>
         <ex>et a</ex>
         <ex>et li</ex>
         <ex>alierset si</ex>
         <ex>lessieret de</ex>
         <ex>et si</ex>
         <ex>euet qe
</ex>
         <ex>eet cil</ex>
         <ex>et tes</ex>
         <ex>et d</ex>
         <ex>demeinet non</ex>
         <ex>et non</ex>
         <ex>antet tote</ex>
         <ex>et sanz
</ex>
         <ex>heaumeet el</ex>
         <ex>tresperceraiet trespasserai</ex>
         <ex>paiset si</ex>
         <ex>euset totes</ex>
         <ex>et les</ex>
         <ex>citet qi</ex>
         <ex>et de
</ex>
         <ex>et si</ex>
         <ex>pieceet </ex>
         <ex>et sa</ex>
         <ex>paienet si</ex>
         <ex>et de
</ex>
         <ex>et dolenz</ex>
         <ex>contreeet si</ex>
         <ex>et pro</ex>
         <ex>et robeor</ex>
         <ex>et seisi</ex>
         <ex>et a</ex>
         <ex>oieet puis</ex>
         <ex>estoitet de</ex>
         <ex>et s</ex>
         <ex>et en</ex>
         <ex>et dotance</ex>
         <ex>et les</ex>
         <ex>et a</ex>
         <ex>ignoret si</ex>
         <ex>oieet si</ex>
         <ex>pieceet molt</ex>
         <ex>et molt</ex>
         <ex> et si
</ex>
         <ex>loet a</ex>
         <ex>et pluisors</ex>
         <ex>s et mestre</ex>
         <ex>prestreset contre</ex>
         <ex>et eraies</ex>
         <ex>et batirent</ex>
         <ex>et le</ex>
         <ex>et la</ex>
         <ex>et pres</ex>
         <ex>arresteret por</ex>
         <ex>et apris</ex>
         <ex>et fie</ex>
         <ex>departizet ert</ex>
         <ex>annoncieret preechier</ex>
         <ex>et il</ex>
         <ex>cheailleet li</ex>
         <ex>et pro</ex>
         <ex>et pour</ex>
         <ex>et lor</ex>
         <ex>oientet si</ex>
         <ex>et a</ex>
         <ex>deet fu</ex>
         <ex>et apr</ex>
         <ex>eureet esqui</ex>
         <ex>et mena</ex>
         <ex>et preudome</ex>
         <ex>et de</ex>
         <ex>criet de</ex>
         <ex>estreet l</ex>
         <ex>et conta
</ex>
         <ex>cordeet tolue</ex>
         <ex>et fist</ex>
         <ex>estantet si</ex>
         <ex>homeet tuit</ex>
         <ex>et en</ex>
         <ex>prodomet sages</ex>
         <ex>et si</ex>
         <ex>issuet non</ex>
         <ex>et des</ex>
         <ex>et une</ex>
         <ex>eschiet qe</ex>
         <ex>pastoret go</ex>
         <ex>et li
</ex>
         <ex>esqeet es</ex>
         <ex>estuzet de</ex>
         <ex>reet ileinement</ex>
         <ex>et de</ex>
         <ex>et entendoit</ex>
         <ex>reet en</ex>
         <ex>et por</ex>
         <ex>et un</ex>
         <ex>et si</ex>
         <ex>eet de</ex>
         <ex>et d</ex>
         <ex>oieet cele</ex>
         <ex>luiet qi</ex>
         <ex>et sa</ex>
         <ex>sonceleset lor</ex>
         <ex> et doctrin</ex>
         <ex>escritureset a</ex>
         <ex>encelet li</ex>
         <ex>pereet si</ex>
         <ex>et en</ex>
         <ex>et dures.</ex>
         <ex>eset moles</ex>
         <ex>olentezet lor
</ex>
         <ex> et a</ex>
         <ex>et seins</ex>
         <ex>diteet tout</ex>
         <ex>et a</ex>
         <ex>et signorie</ex>
         <ex>siecleset a</ex>
         <ex>mortet doutoient.</ex>
         <ex>et les</ex>
         <ex>pereet lor</ex>
         <ex>et dire</ex>
         <ex>orissonset a</ex>
         <ex>contreeet si</ex>
         <ex>et fere</ex>
         <ex>et clart</ex>
         <ex>clartet lumiere.</ex>
         <ex>beleet mout</ex>
         <ex>et q</ex>
         <ex>et sanz</ex>
         <ex>et les</ex>
         <ex>nonet en</ex>
         <ex>et mart</ex>
         <ex>et par</ex>
         <ex>et a</ex>
         <ex>et demostrast</ex>
         <ex>et sa</ex>
         <ex>et de</ex>
         <ex>et hisdeus
</ex>
         <ex>et cruel</ex>
         <ex>nonet de</ex>
         <ex>parlaet si</ex>
         <ex>apelezet si</ex>
         <ex> lerreset ensamble</ex>
         <ex>frereset a</ex>
         <ex>eet lors</ex>
         <ex>despechieret desfere.</ex>
         <ex>et de</ex>
         <ex>ret cil</ex>
         <ex>doelet grant</ex>
         <ex>et s</ex>
         <ex>et a</ex>
         <ex>et en</ex>
         <ex>ssentet q</ex>
         <ex>et esmer</ex>
         <ex>et qe</ex>
         <ex>et d</ex>
         <ex>aoroientet faisoient</ex>
         <ex>et de</ex>
         <ex>et droit</ex>
         <ex>et lonc</ex>
         <ex>paieneet les</ex>
         <ex>abatistet encore</ex>
         <ex>sacret bene</ex>
         <ex>beneet q</ex>
         <ex>et honorassent.</ex>
         <ex>et a</ex>
         <ex>et lui</ex>
         <ex>et ensi</ex>
         <ex>et abatre</ex>
         <ex>et bene</ex>
         <ex>et por</ex>
         <ex>et si</ex>
         <ex>et mostres
</ex>
         <ex>et contes</ex>
         <ex>oiret s</ex>
         <ex>feireet qe</ex>
         <ex>et che</ex>
         <ex>ensambleet a</ex>
         <ex>bienet si</ex>
         <ex>et con</ex>
         <ex>et lor</ex>
         <ex>et pendoit</ex>
         <ex>liementet a</ex>
         <ex>et de
</ex>
         <ex>loinget si</ex>
         <ex>et esperdu</ex>
         <ex>et sanz</ex>
         <ex>et a</ex>
         <ex>et pesanz</ex>
         <ex>pesanzet de</ex>
         <ex>et grant</ex>
         <ex>eet li</ex>
         <ex>et a</ex>
         <ex>ignoret si</ex>
         <ex>et lor</ex>
         <ex>exempleset par</ex>
         <ex>et lor</ex>
         <ex>et faisoit</ex>
         <ex>et autieus</ex>
         <ex>loet </ex>
         <ex>et paien</ex>
         <ex>et cil</ex>
         <ex>orisonset lor</ex>
         <ex>et a</ex>
         <ex>et celebrees.
</ex>
         <ex>et destruire.</ex>
         <ex>pleinet la</ex>
         <ex>et granz</ex>
         <ex>entet se</ex>
         <ex>et li</ex>
         <ex>et destruiz</ex>
         <ex>destruizet que</ex>
         <ex> et sau</ex>
         <ex>celleet a</ex>
         <ex>mostieret la</ex>
         <ex>et en</ex>
         <ex>et a</ex>
         <ex>et descon</ex>
         <ex>et qe</ex>
         <ex>et des</ex>
         <ex>et totes
</ex>
         <ex>et tuit</ex>
         <ex>et en</ex>
         <ex>et espoent</ex>
         <ex>et crurent.</ex>
         <ex>oizet distrent</ex>
         <ex>et aoroit</ex>
         <ex>et croire</ex>
         <ex>et les</ex>
         <ex>et despire.</ex>
         <ex>et en</ex>
         <ex>et sanz
</ex>
         <ex>douteet li</ex>
         <ex>et maumis.</ex>
         <ex>et a</ex>
         <ex>et a</ex>
         <ex>et formee</ex>
         <ex>et bien
</ex>
         <ex>et a</ex>
         <ex>et grant</ex>
         <ex>et ocirre.</ex>
         <ex>et che</ex>
         <ex>exampleset tieus</ex>
         <ex>miracleset par</ex>
         <ex>eritet q</ex>
         <ex>et lor</ex>
         <ex>et depecier.</ex>
         <ex>et tieus</ex>
         <ex>et curer
</ex>
         <ex>et entendre.</ex>
         <ex>membreset si</ex>
         <ex>et si</ex>
         <ex>et entendi</ex>
         <ex>et a</ex>
         <ex>assemblezet pluisors</ex>
         <ex>amoientet a</ex>
         <ex>et entendre</ex>
         <ex>et perist</ex>
         <ex>itet de</ex>
         <ex>et ce</ex>
         <ex>et a</ex>
         <ex>et a</ex>
         <ex>et cil</ex>
         <ex>seleet granz</ex>
         <ex>et atendoient</ex>
         <ex>et sa</ex>
         <ex>et seigna</ex>
         <ex>puceleet tantost</ex>
         <ex>ignoret tuit</ex>
         <ex>droiteet </ex>
         <ex> et curee</ex>
         <ex>et tiesmo</ex>
         <ex>et gre</ex>
         <ex>et sanez.</ex>
         <ex>denzet crioit</ex>
         <ex>et demenoit
</ex>
         <ex>et si</ex>
         <ex>estoitet tant</ex>
         <ex>et si</ex>
         <ex>et tel</ex>
         <ex>presignieret apr</ex>
         <ex>set toz</ex>
         <ex>et par</ex>
         <ex>homeet la</ex>
         <ex>et aguetier</ex>
         <ex>et mout
</ex>
         <ex>et tenist</ex>
         <ex>estoitet entra</ex>
         <ex>dolantet mout
</ex>
         <ex>et ocirre</ex>
         <ex>pooret sanz</ex>
         <ex>et q</ex>
         <ex>fremiret a</ex>
         <ex>et a</ex>
         <ex>et si</ex>
         <ex>et mengue.</ex>
         <ex>chautet tout</ex>
         <ex>dedenzet ne</ex>
         <ex>derrierset de</ex>
         <ex>et molt</ex>
         <ex>esmaieet torblee
</ex>
         <ex>et confondre.</ex>
         <ex>et en</ex>
         <ex>et dist</ex>
         <ex>et en</ex>
         <ex>et escoutoit</ex>
         <ex>deableset li</ex>
         <ex>estoientet fors</ex>
         <ex>et ses</ex>
         <ex>et la</ex>
         <ex>et le
</ex>
         <ex>et bene</ex>
         <ex>et o</ex>
         <ex>et mondez</ex>
         <ex>et en</ex>
         <ex>ignoret au</ex>
         <ex>oezet entendez</ex>
         <ex>et corrompue</ex>
         <ex>qarteineset par</ex>
         <ex>puceleet en</ex>
         <ex>guerieet mondee</ex>
         <ex>et irge.</ex>
         <ex>et bene</ex>
         <ex>oitet la</ex>
         <ex>reeet li
</ex>
         <ex>et si</ex>
         <ex>et re</ex>
         <ex>et del</ex>
         <ex>combrisiezet si</ex>
         <ex>nuitet il</ex>
         <ex>et si</ex>
         <ex>lendemeinet si</ex>
         <ex>et de
</ex>
         <ex>pluiseurset ra</ex>
         <ex>genzet puis</ex>
         <ex>reset le</ex>
         <ex>et il</ex>
         <ex>guerissonset ocioit</ex>
         <ex>et sanz</ex>
         <ex>et dist</ex>
         <ex>et par
</ex>
         <ex>batailleet ce</ex>
         <ex>desfendreet por</ex>
         <ex>mostreeset tante</ex>
         <ex>et grant</ex>
         <ex>et l</ex>
         <ex>meset de</ex>
         <ex>et en
</ex>
         <ex>butet tantost</ex>
         <ex>et enuz</ex>
         <ex>street li</ex>
         <ex>lignieet acompliz</ex>
         <ex>et couce</ex>
         <ex>et el</ex>
         <ex>matet confus</ex>
         <ex>et tel
</ex>
         <ex>et tel</ex>
         <ex>et matin.</ex>
         <ex>et conter</ex>
         <ex>maniereet si</ex>
         <ex>et a</ex>
         <ex>estoientet molt</ex>
         <ex>et cont</ex>
         <ex>et requis.</ex>
         <ex>et destruiz</ex>
         <ex>et qi</ex>
         <ex>et desconfiz</ex>
         <ex>et si</ex>
         <ex>pereoret tant</ex>
         <ex>et tant
</ex>
         <ex>et entendez
</ex>
         <ex>foizet si</ex>
         <ex>et si</ex>
         <ex>et molt</ex>
         <ex>et a</ex>
         <ex>et fere</ex>
         <ex>et tolue
</ex>
         <ex>parleret il</ex>
         <ex>reset si</ex>
         <ex>et cont</ex>
         <ex>mandaet dist</ex>
         <ex>et cerchassent</ex>
         <ex>doleuret ceste</ex>
         <ex>et cerche</ex>
         <ex>et puis</ex>
         <ex>forestet si</ex>
         <ex>ouet qant</ex>
         <ex>et entendre</ex>
         <ex>et qi</ex>
         <ex> et dit</ex>
         <ex>et apa</ex>
         <ex>et de</ex>
         <ex> et ce</ex>
         <ex>et sa</ex>
         <ex>et sa</ex>
         <ex>paroleset si</ex>
         <ex>et deguerpi</ex>
         <ex> et puis</ex>
         <ex>et ses</ex>
         <ex>fezet les</ex>
         <ex>et si</ex>
         <ex>et les</ex>
         <ex>et la</ex>
         <ex>ieet si</ex>
         <ex>et leis</ex>
         <ex>et misericorde.</ex>
         <ex>et entendre</ex>
         <ex>et a</ex>
         <ex>et sermonoit</ex>
         <ex>et sa</ex>
         <ex>apelezet l</ex>
         <ex>oitet t</ex>
         <ex>reset por</ex>
         <ex>ieet tant</ex>
         <ex>et de</ex>
         <ex>et la</ex>
         <ex>et une</ex>
         <ex>demoranceet non</ex>
         <ex>et lor</ex>
         <ex>et si</ex>
         <ex> et en</ex>
         <ex>compaignieet cil
</ex>
         <ex>creanceet par</ex>
         <ex>loet de</ex>
         <ex>et eu</ex>
         <ex>euet portoient
</ex>
         <ex>et de</ex>
         <ex>estoitet qi</ex>
         <ex>et entendi</ex>
         <ex>friret si</ex>
         <ex>luiet par</ex>
         <ex> et entendi</ex>
         <ex>et tra</ex>
         <ex>miseet cele</ex>
         <ex>estueet par</ex>
         <ex>et conisteroiz</ex>
         <ex>elleet si
</ex>
         <ex>et entendre.</ex>
         <ex>et grant
</ex>
         <ex>et la</ex>
         <ex>eoitet mur</ex>
         <ex>autreset me</ex>
         <ex>estueet por</ex>
         <ex>et molt</ex>
         <ex>et molt</ex>
         <ex>iolset taster</ex>
         <ex>zet nepor</ex>
         <ex>et a</ex>
         <ex>et a</ex>
         <ex>pooitet si</ex>
         <ex>et </ex>
         <ex>et a</ex>
         <ex>ienentet de</ex>
         <ex>et eoir</ex>
         <ex>et die</ex>
         <ex>seuset li</ex>
         <ex>maniereet si
</ex>
         <ex>reet corone</ex>
         <ex>pierreset chau</ex>
         <ex>doreeet molt</ex>
         <ex>et de</ex>
         <ex>et de</ex>
         <ex> et por</ex>
         <ex>et si</ex>
         <ex>direet apr</ex>
         <ex>et corone</ex>
         <ex>et en</ex>
         <ex>mortet a</ex>
         <ex>oizet cele</ex>
         <ex>reet la</ex>
         <ex> et dit</ex>
         <ex>neset si</ex>
         <ex>et de</ex>
         <ex>biet raconterai</ex>
         <ex>gieret c</ex>
         <ex>piezet si</ex>
         <ex>et pechi</ex>
         <ex>et de</ex>
         <ex>siecleet qe
</ex>
         <ex>direet i</ex>
         <ex>et dire</ex>
         <ex>direet dont</ex>
         <ex>pluiseurset resuscitoit</ex>
         <ex>morset a</ex>
         <ex>et les
</ex>
         <ex>fuiet qi</ex>
         <ex>et dire.</ex>
         <ex>et por
</ex>
         <ex>set de</ex>
         <ex>et fesoit</ex>
         <ex>et gesir</ex>
         <ex>gesiret si</ex>
         <ex>estoitet oste</ex>
         <ex>et il</ex>
         <ex>et li
</ex>
         <ex>et la</ex>
         <ex>et si
</ex>
         <ex>et une
</ex>
         <ex>estet li</ex>
         <ex>ardoiret a</ex>
         <ex>et destraignoit</ex>
         <ex>et serrez</ex>
         <ex>et si</ex>
         <ex>sonset si</ex>
         <ex>foiet par</ex>
         <ex>desfermeret il
</ex>
         <ex>croizet ses</ex>
         <ex>entendreet sa</ex>
         <ex>definaet lessa</ex>
         <ex>decipleset a</ex>
         <ex>entreet </ex>
         <ex>oientet cha</ex>
         <ex>et men</ex>
         <ex>et si</ex>
         <ex>entet si</ex>
         <ex>et qant
</ex>
         <ex>et les</ex>
         <ex>leuet si</ex>
         <ex>et entendre</ex>
         <ex>et as
</ex>
         <ex>montaigneset li</ex>
         <ex>oitet la</ex>
         <ex>et grant</ex>
         <ex>demeneret se</ex>
         <ex>oizet si</ex>
         <ex>et descon</ex>
         <ex>saufet si</ex>
         <ex>et de</ex>
         <ex>et si</ex>
         <ex>ignoret a</ex>
         <ex>et faire.</ex>
         <ex>et en</ex>
         <ex>et seur</ex>
         <ex>et les</ex>
         <ex>cielet si</ex>
         <ex>et de</ex>
         <ex>lumiereet tot</ex>
         <ex>et tant</ex>
         <ex>indrentet tuit</ex>
         <ex>et as</ex>
         <ex>oieset me</ex>
         <ex>demenoientet com</ex>
         <ex>et assamblez</ex>
         <ex>et emis</ex>
         <ex>reet i</ex>
         <ex>et chantees.</ex>
         <ex>et un
</ex>
         <ex>eageet au</ex>
         <ex>deet si</ex>
         <ex>contet dit.</ex>
         <ex>aet il</ex>
         <ex>deet cil</ex>
         <ex>euset une</ex>
         <ex>oloientet si</ex>
         <ex>neet si</ex>
         <ex>et olons</ex>
         <ex>mondeet parti</ex>
         <ex>iandeset si</ex>
         <ex>onset esleeciez</ex>
         <ex>ertuzet de</ex>
         <ex>et doi</ex>
         <ex>entet nous</ex>
         <ex>deet si</ex>
         <ex>morzet a</ex>
         <ex>et pro</ex>
         <ex>et droiture</ex>
         <ex>et a</ex>
         <ex>loet l</ex>
         <ex>et la
</ex>
         <ex>et li</ex>
         <ex>et distrent</ex>
         <ex>et de</ex>
         <ex>nefet toutes</ex>
         <ex>confuzet repeirierent</ex>
         <ex>et de</ex>
         <ex>et entendue.</ex>
         <ex>et de</ex>
         <ex>et de</ex>
         <ex>et mout</ex>
         <ex>matineset de</ex>
         <ex>et de</ex>
         <ex>oet entendi</ex>
         <ex>et ent</ex>
         <ex>encoreet si</ex>
         <ex>tendreet les</ex>
         <ex>et por</ex>
         <ex>et li
</ex>
         <ex>acreset si</ex>
         <ex>et par
</ex>
         <ex>et entendoit</ex>
         <ex>et la</ex>
         <ex>et si</ex>
         <ex>et e</ex>
         <ex>ieet por</ex>
         <ex>et demeinent</ex>
         <ex> et entendu</ex>
         <ex>et lor</ex>
         <ex>sesiret prendre</ex>
         <ex>et confuz</ex>
         <ex>et tristres.</ex>
         <ex>et l</ex>
         <ex>et puis</ex>
         <ex>et isnielement</ex>
         <ex>et ent</ex>
         <ex>et florie.</ex>
         <ex>et il</ex>
         <ex>et finee</ex>
         <ex>fineeet cil</ex>
         <ex>et ennuiez</ex>
         <ex>troublezet bien</ex>
         <ex>ensambleet mout</ex>
         <ex>et l</ex>
         <ex>preudomet seinz</ex>
         <ex>homet bene</ex>
         <ex>et les</ex>
         <ex>enoientet cui</ex>
         <ex>confonduzet seinte</ex>
         <ex>enforcieet qi</ex>
         <ex>geleset la</ex>
         <ex>irgeset qi</ex>
         <ex>et leesche</ex>
         <ex>et crieres</ex>
         <ex>et regne</ex>
         <ex>homet de</ex>
         <ex> et en</ex>
         <ex>et plus</ex>
         <ex>estudeet molt
</ex>
         <ex>et consomee</ex>
         <ex>et dire</ex>
         <ex>et somee</ex>
         <ex>et toz</ex>
         <ex>et les</ex>
         <ex>et les</ex>
         <ex>et bene</ex>
         <ex>ret por</ex>
         <ex>et metre</ex>
         <ex>et a</ex>
         <ex>antet qant</ex>
         <ex>sarquet puis</ex>
         <ex>et por</ex>
         <ex>dolenzet si</ex>
         <ex>et molt
</ex>
         <ex>et si</ex>
         <ex>esqiet ceste</ex>
         <ex>et li
</ex>
         <ex>et en</ex>
         <ex>et en</ex>
         <ex>et por</ex>
         <ex>elset il</ex>
         <ex>estoitet il</ex>
         <ex>abbeset puis</ex>
         <ex>laet lor</ex>
         <ex>oset por</ex>
         <ex>et tristre</ex>
         <ex>reet li</ex>
         <ex>et li</ex>
         <ex>esqeet les</ex>
         <ex>et les</ex>
         <ex>et cierges</ex>
         <ex>chanteret si</ex>
         <ex>et misent</ex>
         <ex>et assis</ex>
         <ex>nonet la</ex>
         <ex>chanteeet il</ex>
         <ex>set si</ex>
         <ex> et dit</ex>
         <ex>eet qe</ex>
         <ex>autruiet ce</ex>
         <ex>et regne</ex>
         <ex>eet essaucie</ex>
         <ex>essaucieet qe</ex>
         <ex>et </ex>
         <ex> et en</ex>
         <ex>et nessent.</ex>
         <ex> et la</ex>
         <ex> et de</ex>
         <ex>contreeet mout</ex>
         <ex>oiret de</ex>
         <ex>et de</ex>
         <ex>et de
</ex>
         <ex>et cremoit</ex>
         <ex>et mout</ex>
         <ex>euet ser</ex>
         <ex>et de</ex>
         <ex>set so</ex>
         <ex>et dont</ex>
         <ex>et les</ex>
         <ex>eset les</ex>
         <ex>et les</ex>
         <ex>mengiet il</ex>
         <ex>et si
</ex>
         <ex>et e</ex>
         <ex>et en</ex>
         <ex>et chas</ex>
         <ex> et si
</ex>
         <ex>et si</ex>
         <ex>et mon</ex>
         <ex>contet dit</ex>
         <ex> et </ex>
         <ex>et mi</ex>
         <ex>sericorset qi</ex>
         <ex>et ape</ex>
         <ex>et entendre.</ex>
         <ex>et droiture.</ex>
         <ex>pereset la</ex>
         <ex>et le</ex>
         <ex>et amenda</ex>
         <ex>et la</ex>
         <ex>et par</ex>
         <ex>et rectori</ex>
         <ex>et di</ex>
         <ex>enfeset bien</ex>
         <ex>et ama</ex>
         <ex>reatouret son</ex>
         <ex>et entendans</ex>
         <ex>femeet si</ex>
         <ex>filet si</ex>
         <ex>oieet m</ex>
         <ex>esleeceet l</ex>
         <ex>et les</ex>
         <ex>estoitet furent</ex>
         <ex>mostieret menez</ex>
         <ex>et en</ex>
         <ex>et g</ex>
         <ex>et sa
</ex>
         <ex> et de</ex>
         <ex>et de</ex>
         <ex>et une</ex>
         <ex>et si
</ex>
         <ex>gardezet nostre
</ex>
         <ex>et retint.</ex>
         <ex>et argent</ex>
         <ex>plotet se</ex>
         <ex>et fors
</ex>
         <ex>saleet ala</ex>
         <ex>dedenzet na</ex>
         <ex>citet ala</ex>
         <ex>et si</ex>
         <ex>et dona</ex>
         <ex>et a</ex>
         <ex>reset le</ex>
         <ex>et dona</ex>
         <ex>ignoret dont</ex>
         <ex>aumosneset ce</ex>
         <ex>penseeet estoit</ex>
         <ex>et en</ex>
         <ex>et en</ex>
         <ex> et dit</ex>
         <ex>et demanda
</ex>
         <ex>ilet si</ex>
         <ex>et si</ex>
         <ex>et misericors
</ex>
         <ex>et secorables.</ex>
         <ex>et di</ex>
         <ex>direet gisoit
</ex>
         <ex>et disoit</ex>
         <ex>ignoret en</ex>
         <ex>ignoret li</ex>
         <ex>luiet la</ex>
         <ex>ditet parl</ex>
         <ex>celuiet cil</ex>
         <ex>et proia
</ex>
         <ex>demostrastet ensignast
</ex>
         <ex>misericordeet nostre</ex>
         <ex>eglisseet puis</ex>
         <ex>estoitet de</ex>
         <ex>et dist</ex>
         <ex>et pleinz
</ex>
         <ex>paroleset li</ex>
         <ex>et amener</ex>
         <ex>et sot</ex>
         <ex>et depueplez</ex>
         <ex>contreeet par</ex>
         <ex>et li</ex>
         <ex>et se</ex>
         <ex>portet tant</ex>
         <ex>terreet si</ex>
         <ex>empereoret ensemble</ex>
         <ex>luiet si</ex>
         <ex>et piti</ex>
         <ex>et misericor</ex>
         <ex>et besoigneus</ex>
         <ex>et si</ex>
         <ex>et done</ex>
         <ex>ieet si</ex>
         <ex>et oelle</ex>
         <ex>et raemplir</ex>
         <ex>et si</ex>
         <ex>et li</ex>
         <ex>et si</ex>
         <ex>et istrai</ex>
         <ex>oieet si</ex>
         <ex>maniereet si</ex>
         <ex>et men</ex>
         <ex>et dire</ex>
         <ex>et menoit</ex>
         <ex>et si</ex>
         <ex>et par
</ex>
         <ex>et atendrai</ex>
         <ex>et l</ex>
         <ex>et menoit</ex>
         <ex>entet qi</ex>
         <ex>anuizet de</ex>
         <ex>et les</ex>
         <ex>et le</ex>
         <ex>et sa</ex>
         <ex>et en</ex>
         <ex>et ceste</ex>
         <ex>et metre</ex>
         <ex>et departir</ex>
         <ex>et enque</ex>
         <ex>et pene</ex>
         <ex>ieet ment</ex>
         <ex>et esploiti</ex>
         <ex>esploitiet coment</ex>
         <ex>et coment</ex>
         <ex>oret la</ex>
         <ex>et de</ex>
         <ex>et la</ex>
         <ex>et li</ex>
         <ex>eilliezet qi</ex>
         <ex>esteset e</ex>
         <ex>et assoa</ex>
         <ex>et s</ex>
         <ex>et en</ex>
         <ex>euet si</ex>
         <ex>remestet trespassa</ex>
         <ex>et li</ex>
         <ex>et tuit</ex>
         <ex>maladeset rendoit</ex>
         <ex>et nuit</ex>
         <ex>et loenges</ex>
         <ex>loengeset li</ex>
         <ex>et pardon</ex>
         <ex>pechiezet qu</ex>
         <ex>ameet li
</ex>
         <ex>oieet a</ex>
         <ex>empereoret li
</ex>
         <ex>et enseignie.</ex>
         <ex>eet si</ex>
         <ex> et si</ex>
         <ex>et la</ex>
         <ex>signorieet si</ex>
         <ex>et dist</ex>
         <ex>et por</ex>
         <ex>et embraser</ex>
         <ex>et si</ex>
         <ex>et qieus</ex>
         <ex>et de</ex>
         <ex>eoitet qe</ex>
         <ex>et grant</ex>
         <ex>orissonset en
</ex>
         <ex>gaboientet assailloient</ex>
         <ex>et il
</ex>
         <ex>et trespassez</ex>
         <ex>et aussint</ex>
         <ex>resplendissanzet en</ex>
         <ex>et lire</ex>
         <ex>et si</ex>
         <ex>mesonet ore</ex>
         <ex>morzet tenoit</ex>
         <ex>richementet si</ex>
         <ex>tet ensemble</ex>
         <ex>et tuit</ex>
         <ex>omeet granz</ex>
         <ex>pereorset ci</ex>
         <ex>et q</ex>
         <ex>meinet lor</ex>
         <ex>et li</ex>
         <ex>et esponst</ex>
         <ex>reset si</ex>
         <ex>euset se</ex>
         <ex>plorantet criant</ex>
         <ex>et si
</ex>
         <ex>eet quel
</ex>
         <ex>pasmaet de</ex>
         <ex>et sostenue.</ex>
         <ex>descireret a</ex>
         <ex>eneorset ses
</ex>
         <ex>forseneeet regardoit
</ex>
         <ex>et a</ex>
         <ex>et cui</ex>
         <ex>et redemenoit</ex>
         <ex>oiset si</ex>
         <ex>et toutes</ex>
         <ex>et plorez</ex>
         <ex>et demenez</ex>
         <ex>et disoit</ex>
         <ex>et moi</ex>
         <ex>oset si</ex>
         <ex>et confortoient
</ex>
         <ex>et ploroit</ex>
         <ex>et a</ex>
         <ex>et si
</ex>
         <ex>et la</ex>
         <ex>et esmer</ex>
         <ex>et si</ex>
         <ex>et a</ex>
         <ex>mereet a</ex>
         <ex>citet si</ex>
         <ex>et dire</ex>
         <ex> et cil</ex>
         <ex>maladieset languereus</ex>
         <ex>et ooient</ex>
         <ex> et  </ex>
         <ex>et argent</ex>
         <ex>reet la</ex>
         <ex>et li</ex>
         <ex>et a</ex>
         <ex>et loenges</ex>
         <ex> et d</ex>
         <ex>et d</ex>
         <ex>tet de</ex>
         <ex>et mistrent</ex>
         <ex>et fet</ex>
         <ex> et </ex>
         <ex>mentet par</ex>
         <ex>atentet qi</ex>
         <ex>zet a</ex>
         <ex>eslongentet ser</ex>
         <ex>et pai</ex>
         <ex>irontet a</ex>
         <ex>et o</ex>
         <ex>et o</ex>
         <ex>et o</ex>
         <ex>et en</ex>
         <ex>tendreet la</ex>
         <ex>et regne</ex>
         <ex>entendieet o</ex>
         <ex>racontentet dient
</ex>
         <ex>et les</ex>
         <ex>et por</ex>
         <ex>et qi</ex>
         <ex>et sa</ex>
         <ex>et andui</ex>
         <ex>et ser</ex>
         <ex>et amer</ex>
         <ex>escoleet li</ex>
         <ex>et del</ex>
         <ex>gieet si</ex>
         <ex>et misericorde</ex>
         <ex>et oieus</ex>
         <ex>et l</ex>
         <ex>et sa</ex>
         <ex>et sa</ex>
         <ex>morurentet de</ex>
         <ex> et dona</ex>
         <ex>et en</ex>
         <ex>celuiet lors</ex>
         <ex> et par</ex>
         <ex>et gueriz.</ex>
         <ex>et muiant</ex>
         <ex>muiantet cil</ex>
         <ex>oientet li</ex>
         <ex>conselet a</ex>
         <ex>deet il</ex>
         <ex>metezet secoroit</ex>
         <ex>et esparse</ex>
         <ex>et sa</ex>
         <ex>contreeet trespasse</ex>
         <ex>et menroit</ex>
         <ex>et en</ex>
         <ex>et cil</ex>
         <ex> et deli</ex>
         <ex>estoitet por</ex>
         <ex>et q</ex>
         <ex>et pooir.</ex>
         <ex>piezet si
</ex>
         <ex>estionset qi</ex>
         <ex>corset amenisterrons</ex>
         <ex>liezet bene</ex>
         <ex>ignoret rendi</ex>
         <ex>et a</ex>
         <ex>et ses
</ex>
         <ex>liezet heitiez</ex>
         <ex>et li</ex>
         <ex>et droituriers</ex>
         <ex>et mis</ex>
         <ex>et nuiz</ex>
         <ex>et a</ex>
         <ex>et autres</ex>
         <ex>feteet qant</ex>
         <ex> et quel</ex>
         <ex>et escu</ex>
         <ex>et d</ex>
         <ex>et de</ex>
         <ex>et ni</ex>
         <ex>ieet puis</ex>
         <ex>et apr</ex>
         <ex>et l</ex>
         <ex>et puis</ex>
         <ex>entet alerent</ex>
         <ex>et menoit</ex>
         <ex>homeet por
</ex>
         <ex>et herber</ex>
         <ex>et donees</ex>
         <ex>et sanee</ex>
         <ex>et tant</ex>
         <ex>esqeset il</ex>
         <ex>et si</ex>
         <ex>luiet 
</ex>
         <ex>enerationet li</ex>
         <ex>esqeet qant</ex>
         <ex>et por</ex>
         <ex>et misericorz</ex>
         <ex>et par</ex>
         <ex>et bien
</ex>
         <ex>et alez</ex>
         <ex>et ostas</ex>
         <ex>et qi</ex>
         <ex>et molt</ex>
         <ex>plorantet tant</ex>
         <ex>et de</ex>
         <ex>ageet si
</ex>
         <ex>et pure</ex>
         <ex>et ren</ex>
         <ex>et atornee</ex>
         <ex>et de</ex>
         <ex>et meintenant</ex>
         <ex>et plus</ex>
         <ex>et comencie</ex>
         <ex>eet ele
</ex>
         <ex>et d</ex>
         <ex>et le</ex>
         <ex>et les</ex>
         <ex>orset si</ex>
         <ex>et la</ex>
         <ex>et ge</ex>
         <ex>et de</ex>
         <ex>ignoret si</ex>
         <ex>apaisastet si</ex>
         <ex>acostumeeet tuit</ex>
         <ex>et ne</ex>
         <ex>et dis</ex>
         <ex>et li
</ex>
         <ex>et de</ex>
         <ex>et de</ex>
         <ex>et por
</ex>
         <ex>fereet ele</ex>
         <ex>et bien</ex>
         <ex>et li</ex>
         <ex>et li</ex>
         <ex>reposteet aombree</ex>
         <ex>boiset de</ex>
         <ex>et a</ex>
         <ex>et plai</ex>
         <ex>et ses</ex>
         <ex> et en
</ex>
         <ex>et li</ex>
         <ex> et il</ex>
         <ex>estoitet de</ex>
         <ex>contreeet por</ex>
         <ex>et qi</ex>
         <ex> et na</ex>
         <ex>et le</ex>
         <ex>et l</ex>
         <ex>enet coment</ex>
         <ex>roiset li</ex>
         <ex>piezet si</ex>
         <ex>mesfetet si</ex>
         <ex>et despenses</ex>
         <ex>pardonastet si</ex>
         <ex>et li</ex>
         <ex>orissonset apr</ex>
         <ex>et por</ex>
         <ex>paroleset si</ex>
         <ex>et oloit
</ex>
         <ex>et granz</ex>
         <ex>et qi</ex>
         <ex>et or.</ex>
         <ex>paistreset go</ex>
         <ex>et par</ex>
         <ex>et par</ex>
         <ex>apostreet l</ex>
         <ex>et en</ex>
         <ex>et en</ex>
         <ex>et seint</ex>
         <ex>et a</ex>
         <ex>aet li</ex>
         <ex>terreet por</ex>
         <ex>et do</ex>
         <ex>moineset de</ex>
         <ex>regneet meesmement</ex>
         <ex>et par</ex>
         <ex>et par
</ex>
         <ex>et qu</ex>
         <ex>et mena
</ex>
         <ex>et par</ex>
         <ex>et ho</ex>
         <ex>luiet la</ex>
         <ex>et si</ex>
         <ex>et manda</ex>
         <ex>choseset tant</ex>
         <ex>et si</ex>
         <ex>et de</ex>
         <ex>et si</ex>
         <ex>et heiti</ex>
         <ex>racontezet si</ex>
         <ex>et de</ex>
         <ex>et de</ex>
         <ex>cleset del</ex>
         <ex>et il</ex>
         <ex>fetet q</ex>
         <ex>solementet le</ex>
         <ex>deguerpissoitet au</ex>
         <ex>et le</ex>
         <ex>piezet si</ex>
         <ex>proiereet li</ex>
         <ex>eet il</ex>
         <ex>et tel</ex>
         <ex> et de</ex>
         <ex>apostreset por</ex>
         <ex>apostoileet si</ex>
         <ex>graceset si</ex>
         <ex>et puis</ex>
         <ex>et si</ex>
         <ex>et por</ex>
         <ex>et dist</ex>
         <ex>meret qi</ex>
         <ex>et par</ex>
         <ex>et par</ex>
         <ex>et sanz</ex>
         <ex>et metre</ex>
         <ex> et por
</ex>
         <ex>et en</ex>
         <ex>et en</ex>
         <ex>tenset il</ex>
         <ex>et or</ex>
         <ex>finet il</ex>
         <ex>et dist</ex>
         <ex>espiritueuset si</ex>
         <ex>et ala</ex>
         <ex> et deguerpi</ex>
         <ex>siecleet re</ex>
         <ex>et la
</ex>
         <ex>et requerons</ex>
         <ex>et secorre</ex>
         <ex>et le</ex>
         <ex>et regne</ex>
         <ex>et enten</ex>
         <ex>et croit</ex>
         <ex>et les</ex>
         <ex>et droiture</ex>
         <ex>et che</ex>
         <ex>et puceles
</ex>
         <ex>et dire</ex>
         <ex>et pueplee</ex>
         <ex>et la</ex>
         <ex>et les
</ex>
         <ex>richesceset de</ex>
         <ex>et de</ex>
         <ex>et lor</ex>
         <ex>proiereset si</ex>
         <ex>et la</ex>
         <ex>et le</ex>
         <ex>foieet atant</ex>
         <ex>et il</ex>
         <ex>et sa</ex>
         <ex>seet si</ex>
         <ex>et retenoit</ex>
         <ex>et dire</ex>
         <ex>et de</ex>
         <ex>et tant</ex>
         <ex>et sa</ex>
         <ex>et lor
</ex>
         <ex>et conseillier</ex>
         <ex>et puce</ex>
         <ex>et cui</ex>
         <ex>et sostenoient.</ex>
         <ex>et po</ex>
         <ex>ilet eles</ex>
         <ex>pechiet de</ex>
         <ex>chemiseet ala</ex>
         <ex>coiementet pui</ex>
         <ex>et lez</ex>
         <ex>et si</ex>
         <ex>et establies</ex>
         <ex>et qi</ex>
         <ex>et qe</ex>
         <ex>homeset qe</ex>
         <ex>et disoit</ex>
         <ex>gardaet it</ex>
         <ex>et a</ex>
         <ex>toiet si</ex>
         <ex>et humles
</ex>
         <ex>et si</ex>
         <ex>rendueet si
</ex>
         <ex>et donoit</ex>
         <ex>et or</ex>
         <ex>et nuit</ex>
         <ex>et de
</ex>
         <ex> et de</ex>
         <ex>et a</ex>
         <ex>et cont</ex>
         <ex>contet li</ex>
         <ex>et son</ex>
         <ex>homet religieus</ex>
         <ex>religieuset a</ex>
         <ex> et li</ex>
         <ex>eslectionet proierent</ex>
         <ex>et a</ex>
         <ex>et a</ex>
         <ex>et clers</ex>
         <ex>et en</ex>
         <ex>et ensignier</ex>
         <ex>puepleet l</ex>
         <ex>amonestet proierent</ex>
         <ex>eschiet ententis</ex>
         <ex>forset s</ex>
         <ex>glisseet celui</ex>
         <ex>et si</ex>
         <ex>esqeet si</ex>
         <ex>oet si</ex>
         <ex>et en</ex>
         <ex>orissonset il</ex>
         <ex>fistet a</ex>
         <ex>oiastet si</ex>
         <ex>pristet si</ex>
         <ex>et dous
</ex>
         <ex>chiefet si</ex>
         <ex>et si</ex>
         <ex>oieet nostre</ex>
         <ex>et a</ex>
         <ex>donet dont</ex>
         <ex>et l</ex>
         <ex>chaereet l</ex>
         <ex>et costume</ex>
         <ex>durementet bien</ex>
         <ex>et de</ex>
         <ex>charitet cele
</ex>
         <ex>et amegrissoit</ex>
         <ex>euneset si</ex>
         <ex> et eschi</ex>
         <ex>et sa</ex>
         <ex>et les</ex>
         <ex>et ra</ex>
         <ex>renomeeet partout</ex>
         <ex>et li</ex>
         <ex>et li
</ex>
         <ex>puissanzet li</ex>
         <ex>et prees</ex>
         <ex>donet li</ex>
         <ex>tenset ie</ex>
         <ex>conteret dire.</ex>
         <ex>felonieet e</ex>
         <ex>esforciezet les</ex>
         <ex>et par</ex>
         <ex>et e</ex>
         <ex>et granz</ex>
         <ex>ieet lor</ex>
         <ex>et lor</ex>
         <ex>et lor
</ex>
         <ex>rompueset lor
</ex>
         <ex>et si</ex>
         <ex>et a</ex>
         <ex>euet a</ex>
         <ex>homeet ce</ex>
         <ex>et as
</ex>
         <ex>et la</ex>
         <ex>eet eus</ex>
         <ex>ignoret loant</ex>
         <ex>estoitet l</ex>
         <ex>estoitet tantost</ex>
         <ex>secorset a</ex>
         <ex>et distrent</ex>
         <ex>respondiet dist</ex>
         <ex>et par</ex>
         <ex>foiet par</ex>
         <ex>et de</ex>
         <ex>et de</ex>
         <ex> et secoruz</ex>
         <ex>terreet en</ex>
         <ex>aet si</ex>
         <ex>et aidast</ex>
         <ex>et secorust.</ex>
         <ex>det aloient</ex>
         <ex>nefet a</ex>
         <ex>et ses</ex>
         <ex>contreeet bien</ex>
         <ex>ancreset li</ex>
         <ex>bonset droituriers</ex>
         <ex>portet dont</ex>
         <ex>eillierentet neqedent</ex>
         <ex>empereoret lors</ex>
         <ex>ensambleet rendirent
</ex>
         <ex>et qu</ex>
         <ex>et sa</ex>
         <ex>autreet en</ex>
         <ex>et repleniez.</ex>
         <ex>seneet os</ex>
         <ex>et o</ex>
         <ex>et encore</ex>
         <ex>et eraie
</ex>
         <ex>et d</ex>
         <ex>aoroientet en</ex>
         <ex>fianceet la</ex>
         <ex>creanceet le</ex>
         <ex>et debrissa</ex>
         <ex>et en</ex>
         <ex>et est</ex>
         <ex>et engigne</ex>
         <ex>aet e</ex>
         <ex>et en</ex>
         <ex>reet li</ex>
         <ex>et debonaires</ex>
         <ex>et entr</ex>
         <ex>euset dist</ex>
         <ex>oreet qe</ex>
         <ex>ditet li</ex>
         <ex>et por</ex>
         <ex>et mand</ex>
         <ex>et arstrent</ex>
         <ex>elleet la</ex>
         <ex>oet a</ex>
         <ex>et de</ex>
         <ex>aleeet li</ex>
         <ex>et loenges</ex>
         <ex>costumeet puis</ex>
         <ex>et doctri</ex>
         <ex>reset so</ex>
         <ex>et de</ex>
         <ex>et doctrinez</ex>
         <ex>beneet puis</ex>
         <ex>et hetiez
</ex>
         <ex>eoret le</ex>
         <ex>et l</ex>
         <ex>autreet le</ex>
         <ex>neset genz</ex>
         <ex>euset alassent
</ex>
         <ex>et ser</ex>
         <ex>et iandes</ex>
         <ex>et tout</ex>
         <ex>mazet li</ex>
         <ex>meret il</ex>
         <ex>granzet orible</ex>
         <ex>terreet pristrent</ex>
         <ex>costumeet lor</ex>
         <ex>reet alerent</ex>
         <ex>et d</ex>
         <ex>et marchi</ex>
         <ex>marchiet grant</ex>
         <ex>et la</ex>
         <ex>et adont</ex>
         <ex>et si</ex>
         <ex>oset de</ex>
         <ex>et si</ex>
         <ex>et qi</ex>
         <ex>et sa</ex>
         <ex>otroierentet si</ex>
         <ex>uneet de</ex>
         <ex> et li</ex>
         <ex>et </ex>
         <ex>et homes</ex>
         <ex>luiet si</ex>
         <ex>ocirreet por</ex>
         <ex>et a</ex>
         <ex>et a</ex>
         <ex>et espris</ex>
         <ex>et eus</ex>
         <ex>et si</ex>
         <ex> et </ex>
         <ex>laet qant</ex>
         <ex>et a</ex>
         <ex>reet cil</ex>
         <ex>traiteset apareilliez</ex>
         <ex>toliet si</ex>
         <ex>et puissanz</ex>
         <ex>et granz</ex>
         <ex>et por</ex>
         <ex> et seur</ex>
         <ex>luiet li</ex>
         <ex>pooiret qi</ex>
         <ex>et entenz</ex>
         <ex>et celi</ex>
         <ex>et si</ex>
         <ex>et corroces</ex>
         <ex> et </ex>
         <ex>et si</ex>
         <ex>et de</ex>
         <ex>destruizet si</ex>
         <ex>et d</ex>
         <ex>esteret si</ex>
         <ex>doucementet si</ex>
         <ex>amoret 
</ex>
         <ex>ageet alerent</ex>
         <ex>aleret firent</ex>
         <ex>pereoret les</ex>
         <ex>et bo</ex>
         <ex>oiset damoi</ex>
         <ex>et les</ex>
         <ex>et de</ex>
         <ex>et quist</ex>
         <ex>et en</ex>
         <ex>ieet q</ex>
         <ex>et regarz</ex>
         <ex>entet qe</ex>
         <ex>sonet mortel</ex>
         <ex>bienet cil</ex>
         <ex>et argent</ex>
         <ex>oloiret a</ex>
         <ex>et d</ex>
         <ex>et si</ex>
         <ex>et conta
</ex>
         <ex>certeinementet sanz</ex>
         <ex>oset si
</ex>
         <ex>et qie</ex>
         <ex>et amis
</ex>
         <ex>et ous</ex>
         <ex>et entendue</ex>
         <ex>et dite.</ex>
         <ex>oet entendi</ex>
         <ex>et a</ex>
         <ex>et si</ex>
         <ex>et distrent</ex>
         <ex>et semons</ex>
         <ex>semonset si</ex>
         <ex>et aemplir</ex>
         <ex>forcieret si</ex>
         <ex>et mestiers</ex>
         <ex>peset si</ex>
         <ex>et si</ex>
         <ex>et sanz</ex>
         <ex>chartreet si</ex>
         <ex>bienet si</ex>
         <ex>homet pleins
</ex>
         <ex>treet si</ex>
         <ex>princeset si</ex>
         <ex>reret si</ex>
         <ex>espoentezet comencierent</ex>
         <ex>et a</ex>
         <ex>et lor</ex>
         <ex>detraireet a</ex>
         <ex>reset si</ex>
         <ex>et disoient</ex>
         <ex>et ceste</ex>
         <ex>et sanz</ex>
         <ex>et sanz</ex>
         <ex>grantet ne</ex>
         <ex>et plor</ex>
         <ex>et puis</ex>
         <ex>periret re</ex>
         <ex>et deli</ex>
         <ex>deet s</ex>
         <ex> et si</ex>
         <ex>aussintet si</ex>
         <ex>et besier
</ex>
         <ex>pitiet la</ex>
         <ex>et a</ex>
         <ex>et ne</ex>
         <ex>misericordeet ne</ex>
         <ex>ieet nostre</ex>
         <ex>litet li</ex>
         <ex>et si</ex>
         <ex>prissonet por</ex>
         <ex>et si</ex>
         <ex>ret se</ex>
         <ex>geet q</ex>
         <ex>ociset qe</ex>
         <ex>et as</ex>
         <ex>et de</ex>
         <ex>set tieus</ex>
         <ex>tiet ala
</ex>
         <ex>et perduz</ex>
         <ex>chartreet se</ex>
         <ex>mpereoret si</ex>
         <ex>et soit</ex>
         <ex>erset ta</ex>
         <ex>et li</ex>
         <ex>espoentezet manda</ex>
         <ex>et ses</ex>
         <ex>baronset si</ex>
         <ex>semblantet si</ex>
         <ex>et par
</ex>
         <ex>et espoen</ex>
         <ex>et respondi</ex>
         <ex>et si</ex>
         <ex>aprendreet bien</ex>
         <ex>et si</ex>
         <ex>ssentet si</ex>
         <ex>et de</ex>
         <ex>lignieet se</ex>
         <ex>et si</ex>
         <ex>et qe</ex>
         <ex>et nos</ex>
         <ex>deet si</ex>
         <ex>et entendus</ex>
         <ex>terreset ensus
</ex>
         <ex>distet puis</ex>
         <ex>estoitet de</ex>
         <ex>bontet si</ex>
         <ex>conteret dire</ex>
         <ex>et por</ex>
         <ex> et retraire</ex>
         <ex>et si</ex>
         <ex>et si</ex>
         <ex>et a</ex>
         <ex>rezet si
</ex>
         <ex>et essiaus</ex>
         <ex>et aornez</ex>
         <ex>eet q</ex>
         <ex>deraet si</ex>
         <ex>oioitet tant</ex>
         <ex>besieret por</ex>
         <ex>et si</ex>
         <ex>ceet autres</ex>
         <ex>estoitet si</ex>
         <ex>oioitet les</ex>
         <ex>cielet si</ex>
         <ex>et esmer</ex>
         <ex>et nule</ex>
         <ex>choseset tu</ex>
         <ex>et a</ex>
         <ex>et des
</ex>
         <ex>scritureset qu</ex>
         <ex>et as</ex>
         <ex>loantet bene</ex>
         <ex>itet regne</ex>
         <ex>geleet la</ex>
         <ex>corset le</ex>
         <ex>boucheet tantost</ex>
         <ex>et sa
</ex>
         <ex>et .</ex>
         <ex>adonqeset qant</ex>
         <ex>et si</ex>
         <ex>et tra</ex>
         <ex>celiet tantost</ex>
         <ex>ignoret la</ex>
         <ex>et </ex>
         <ex>euet sa
</ex>
         <ex>et la
</ex>
         <ex>nonet si</ex>
         <ex>et si</ex>
         <ex>et ait</ex>
         <ex>et par</ex>
         <ex>et les</ex>
         <ex>membreset pui</ex>
         <ex>ignoret tantost</ex>
         <ex>sanezet si</ex>
         <ex>et graciant</ex>
         <ex>et tro</ex>
         <ex>et d</ex>
         <ex>et pleines</ex>
         <ex>et a</ex>
         <ex>homeet si</ex>
         <ex>estet a</ex>
         <ex>et deli</ex>
         <ex>et haitiez</ex>
         <ex>et reclamez
</ex>
         <ex>miracleset d</ex>
         <ex>ieet ala</ex>
         <ex>tet si</ex>
         <ex>et si</ex>
         <ex>croizet puis</ex>
         <ex>et eripe</ex>
         <ex>tuamet sal</ex>
         <ex>protectoremet in</ex>
         <ex> et </ex>
         <ex>et 
</ex>
         <ex>et de
</ex>
         <ex>et si</ex>
         <ex>et eslee</ex>
         <ex>et li</ex>
         <ex>et de</ex>
         <ex>et desciroient</ex>
         <ex>et le</ex>
         <ex>et o</ex>
         <ex>eneet si</ex>
         <ex>esqeset cil</ex>
         <ex>corset si</ex>
         <ex>et co</ex>
         <ex>et li</ex>
         <ex>et par</ex>
         <ex>et molt
</ex>
         <ex>miracleet fet</ex>
         <ex>deset adonc</ex>
         <ex>et no</ex>
         <ex>et amoit</ex>
         <ex>et anz
</ex>
         <ex>oitet qe</ex>
         <ex>passionet </ex>
         <ex>elizet enfo</ex>
         <ex>eglisseet si</ex>
         <ex>tureet haute</ex>
         <ex> et esgard</ex>
         <ex>et l</ex>
         <ex> et de</ex>
         <ex>ret de</ex>
         <ex>ret de</ex>
         <ex>deet de</ex>
         <ex>et q</ex>
         <ex>liquieuret d</ex>
         <ex>ditet fet
</ex>
         <ex>et muz</ex>
         <ex>et der</ex>
         <ex>et envoiez</ex>
         <ex>uileet la</ex>
         <ex>et mis</ex>
         <ex>et en</ex>
         <ex>et li</ex>
         <ex>et entendre</ex>
         <ex>et acrut</ex>
         <ex>pluset plus</ex>
         <ex>loinget pres</ex>
         <ex>et des</ex>
         <ex> et qe</ex>
         <ex>genzet de</ex>
         <ex>anet la</ex>
         <ex>confessoret puis</ex>
         <ex>et molt</ex>
         <ex>rieret si</ex>
         <ex>et comen</ex>
         <ex>oeeet comen</ex>
         <ex>ret dont</ex>
         <ex>et la</ex>
         <ex>resgardaet si</ex>
         <ex>reet loa</ex>
         <ex> et celui</ex>
         <ex> et si
</ex>
         <ex>et les</ex>
         <ex>luiet puis
</ex>
         <ex>estet droiture</ex>
         <ex> et a</ex>
         <ex>homeet li</ex>
         <ex>charchiet les
</ex>
         <ex>et les</ex>
         <ex>et fist</ex>
         <ex>et besoinz.</ex>
         <ex>et sa</ex>
         <ex>et ses</ex>
         <ex>et ses
</ex>
         <ex>zet assez</ex>
         <ex>mesnieet puis</ex>
         <ex>et isnie</ex>
         <ex>et droiturier.</ex>
         <ex>et sa</ex>
         <ex>et che</ex>
         <ex>et ses</ex>
         <ex>leet por</ex>
         <ex>meret la</ex>
         <ex>et de
</ex>
         <ex>et son</ex>
         <ex>et perderont</ex>
         <ex>aet plus</ex>
         <ex>perduet la</ex>
         <ex>et toute</ex>
         <ex>et demenerent</ex>
         <ex>et del</ex>
         <ex>et sa</ex>
         <ex>signeuret si</ex>
         <ex>autelet si</ex>
         <ex>et raconta</ex>
         <ex>oitiseet coment</ex>
         <ex>et son</ex>
         <ex>et la</ex>
         <ex>et tuit</ex>
         <ex>oieet rendirent</ex>
         <ex>et loenges
</ex>
         <ex>et a</ex>
         <ex>et si</ex>
         <ex>oeeet puis</ex>
         <ex>meret si</ex>
         <ex>brazet port</ex>
         <ex>ageet li</ex>
         <ex>et puis</ex>
         <ex>et autres</ex>
         <ex>oieet si</ex>
         <ex>et le</ex>
         <ex>et li</ex>
         <ex>et a</ex>
         <ex>et oianz</ex>
         <ex>et a</ex>
         <ex>reset si
</ex>
         <ex>et par</ex>
         <ex>garderet par</ex>
         <ex>nieret rele</ex>
         <ex>homet q</ex>
         <ex>racleet por</ex>
         <ex>euet ses</ex>
         <ex>autelet si</ex>
         <ex>gageset </ex>
         <ex>et par</ex>
         <ex>et si</ex>
         <ex>respitet il</ex>
         <ex> et olentiers.</ex>
         <ex>faiteet li</ex>
         <ex>oitet si</ex>
         <ex>et pa</ex>
         <ex>et autres</ex>
         <ex>et si</ex>
         <ex>et pai</ex>
         <ex>et as</ex>
         <ex>et dist</ex>
         <ex>et par</ex>
         <ex>crestienet si</ex>
         <ex>et si</ex>
         <ex>creoitet </ex>
         <ex>et cre</ex>
         <ex>creet q</ex>
         <ex>et </ex>
         <ex>et re</ex>
         <ex>et autres</ex>
         <ex>et autres</ex>
         <ex>breet le</ex>
         <ex>eglisseet por</ex>
         <ex> et le</ex>
         <ex>boisdieet por</ex>
         <ex>et desco</ex>
         <ex>et ale</ex>
         <ex>autelet si</ex>
         <ex>et trest
</ex>
         <ex>oieet li</ex>
         <ex>oieet si</ex>
         <ex>entureet tant
</ex>
         <ex>crestienet si</ex>
         <ex> et si</ex>
         <ex>et defrois</ex>
         <ex>et bien</ex>
         <ex>et a</ex>
         <ex>parzet li</ex>
         <ex>intet si</ex>
         <ex>et prist</ex>
         <ex>et nurent</ex>
         <ex> et dece</ex>
         <ex>et qant</ex>
         <ex>toiet tres</ex>
         <ex>eet ho</ex>
         <ex>et ami</ex>
         <ex>boisiezet qe</ex>
         <ex>deserteet se</ex>
         <ex>et tote</ex>
         <ex>mesnieet toz
</ex>
         <ex>et hei</ex>
         <ex>et ala</ex>
         <ex>autelet si</ex>
         <ex>coupableset puis</ex>
         <ex>mentet si</ex>
         <ex>et tote
</ex>
         <ex>et honora</ex>
         <ex>tet mon</ex>
         <ex>ret sa</ex>
         <ex>et aempli</ex>
         <ex>et sa</ex>
         <ex>et regne
</ex>
         <ex>det si</ex>
         <ex>et ardoir</ex>
         <ex>et la</ex>
         <ex>et de</ex>
         <ex> et esgardee.</ex>
         <ex>nerentet si</ex>
         <ex>plorantet distrent</ex>
         <ex>et au</ex>
         <ex>et par</ex>
         <ex>et a</ex>
         <ex>oirset proies.</ex>
         <ex>et sa</ex>
         <ex>et d</ex>
         <ex>et de</ex>
         <ex>et sa</ex>
         <ex>richesceet puis</ex>
         <ex>et si</ex>
         <ex>changeet si</ex>
         <ex>et si</ex>
         <ex>et lessa</ex>
         <ex>endroientet pr</ex>
         <ex>et l</ex>
         <ex>et les</ex>
         <ex>et entendez</ex>
         <ex>et pree</ex>
         <ex>ploreret grant</ex>
         <ex>et qui</ex>
         <ex>et si</ex>
         <ex>et de</ex>
         <ex>et prisses</ex>
         <ex>arrazinet lors</ex>
         <ex>et si</ex>
         <ex>et chetif</ex>
         <ex>et ceste
</ex>
         <ex>et tolistes</ex>
         <ex>et autres</ex>
         <ex>et combien</ex>
         <ex>et prises</ex>
         <ex>et puis
</ex>
         <ex>lueset emblees</ex>
         <ex>gardeet si</ex>
         <ex>espoentezet por</ex>
         <ex>et sa</ex>
         <ex>oucementet si</ex>
         <ex>et droituriers</ex>
         <ex>et misericors</ex>
         <ex>et granz</ex>
         <ex>et puissanz</ex>
         <ex>et sanz</ex>
         <ex>et sanz</ex>
         <ex>omeet si</ex>
         <ex>et se</ex>
         <ex>et it</ex>
         <ex>et si</ex>
         <ex>luiet tote
</ex>
         <ex>et sa</ex>
         <ex>et si</ex>
         <ex>et gracierent</ex>
         <ex>et </ex>
         <ex>et en</ex>
         <ex>det einsi</ex>
         <ex>et honeurent</ex>
         <ex>miracleset ceste</ex>
         <ex>det totes</ex>
         <ex> et cil</ex>
         <ex>eglisseset li</ex>
         <ex>festeset honeur</ex>
         <ex>et honeurent.</ex>
         <ex>et entendez</ex>
         <ex>ieet ses</ex>
         <ex>festeset li</ex>
         <ex>et socors</ex>
         <ex>et secorre</ex>
         <ex>besoinzet desliier</ex>
         <ex>mestieret liiez</ex>
         <ex>et de</ex>
         <ex>et reg</ex>
         <ex>miracleet pluiseurs</ex>
         <ex>et embelir</ex>
         <ex>et d</ex>
         <ex>et corages</ex>
         <ex>et si</ex>
         <ex> et en</ex>
         <ex>indrentet q</ex>
         <ex>citet it</ex>
         <ex>et a</ex>
         <ex>et auques</ex>
         <ex>meret corurent</ex>
         <ex>et a</ex>
         <ex>et d</ex>
         <ex>et sorent</ex>
         <ex>et pis</ex>
         <ex>et sorent</ex>
         <ex>fereet si</ex>
         <ex>marcheandiseet de</ex>
         <ex>oileset repairierent</ex>
         <ex>et e</ex>
         <ex>gardoientet pou</ex>
         <ex>et lacierent</ex>
         <ex>heaumeset ceinstr</ex>
         <ex>et mistrent
</ex>
         <ex>forzet hardiz
</ex>
         <ex>et mout
</ex>
         <ex>et distrent</ex>
         <ex>et ou</ex>
         <ex>et lor</ex>
         <ex>et enseignierent</ex>
         <ex>eschaperet mout</ex>
         <ex>durementet li</ex>
         <ex>leuset la</ex>
         <ex>et duc
</ex>
         <ex>et disoient</ex>
         <ex>et au</ex>
         <ex>et si</ex>
         <ex>et enquerez</ex>
         <ex>et si</ex>
         <ex>et ist</ex>
         <ex>et departez</ex>
         <ex>et male</ex>
         <ex> et q</ex>
         <ex>et mout</ex>
         <ex>clerzet pueple</ex>
         <ex>isionet si</ex>
         <ex>regionet se
</ex>
         <ex>et il
</ex>
         <ex>et por</ex>
         <ex>et perdi</ex>
         <ex>et la</ex>
         <ex>duelet si</ex>
         <ex>et argent</ex>
         <ex>seet les</ex>
         <ex>et plo</ex>
         <ex>et crioient</ex>
         <ex>et si</ex>
         <ex> et estri</ex>
         <ex>eglisseet si</ex>
         <ex>et har</ex>
         <ex>et li</ex>
         <ex>toitet qant</ex>
         <ex>et si</ex>
         <ex>et ostas</ex>
         <ex>elizet il</ex>
         <ex>moitiet il</ex>
         <ex>estoitet si</ex>
         <ex>et atrest</ex>
         <ex>nonet li</ex>
         <ex>diligenseet par</ex>
         <ex>amoret par</ex>
         <ex>et atrest
</ex>
         <ex>ertureet il</ex>
         <ex>et toz</ex>
         <ex>et sanz</ex>
         <ex>et trest</ex>
         <ex>decoroientet si
</ex>
         <ex>et a</ex>
         <ex>durementet li</ex>
         <ex>et si</ex>
         <ex>estrangeset ers</ex>
         <ex>et ta</ex>
         <ex>et ceste
</ex>
         <ex>delet si</ex>
         <ex>et la</ex>
         <ex>et puis</ex>
         <ex>et mises</ex>
         <ex>et en</ex>
         <ex>et q</ex>
         <ex>et loerent</ex>
         <ex>et en</ex>
         <ex>et le</ex>
         <ex>et drecierent</ex>
         <ex>et trestrent</ex>
         <ex>et fort</ex>
         <ex>et droiturier
</ex>
         <ex>et si</ex>
         <ex>et tuit</ex>
         <ex>et il</ex>
         <ex>meret il</ex>
         <ex>et lor</ex>
         <ex>rompreet lor</ex>
         <ex>et a</ex>
         <ex>et si</ex>
         <ex>et dont</ex>
         <ex>et si</ex>
         <ex>et si</ex>
         <ex>et demenoient</ex>
         <ex>doleurset li</ex>
         <ex>et si
</ex>
         <ex>et nostre</ex>
         <ex>et nostre</ex>
         <ex>et si</ex>
         <ex>deet puis</ex>
         <ex>et par</ex>
         <ex>et disoient</ex>
         <ex>et s</ex>
         <ex>et depe</ex>
         <ex>leret a</ex>
         <ex>et qatre</ex>
         <ex>et mises</ex>
         <ex>borseet qe</ex>
         <ex>tet si
</ex>
         <ex>et entendez</ex>
         <ex>apesaet cil</ex>
         <ex>et mon</ex>
         <ex>fereet si</ex>
         <ex>et dedenz</ex>
         <ex>det puis</ex>
         <ex>otionet par</ex>
         <ex>cleret au</ex>
         <ex>leesceet la</ex>
         <ex> et corurent</ex>
         <ex>auet pristrent</ex>
         <ex>et lor</ex>
         <ex>zet toz</ex>
         <ex>et puceles</ex>
         <ex>ielet o</ex>
         <ex>chasteaet des
</ex>
         <ex> et plus</ex>
         <ex>et alez</ex>
         <ex>et a</ex>
         <ex>et a</ex>
         <ex>ardanzet chantoient</ex>
         <ex>et droiture.</ex>
         <ex>et a</ex>
         <ex>et bene</ex>
         <ex>et si</ex>
         <ex>otet bene</ex>
         <ex> et sa
</ex>
         <ex>chiet metre</ex>
         <ex>et l</ex>
         <ex>onset granz</ex>
         <ex>et esploitierent</ex>
         <ex>et par</ex>
         <ex>milet wi</ex>
         <ex>tanteet siet</ex>
         <ex>et mout</ex>
         <ex>deset peres</ex>
         <ex>et esqui</ex>
         <ex>et ense</ex>
         <ex>eglisseet la</ex>
         <ex>anzet sessante</ex>
         <ex>delet si</ex>
         <ex>et crestiens</ex>
         <ex> et conte
</ex>
         <ex>et pleins</ex>
         <ex>et disoit</ex>
         <ex>roiet tresq</ex>
         <ex>et au</ex>
         <ex>et dedenz</ex>
         <ex>et tot</ex>
         <ex>antet derriere</ex>
         <ex>ignoret par</ex>
         <ex>et heitiez</ex>
         <ex>et si</ex>
         <ex>et gueriz
</ex>
         <ex>et pluiseurs</ex>
         <ex>et del</ex>
         <ex>et des</ex>
         <ex>et des</ex>
         <ex>maladieet l</ex>
         <ex>et clope</ex>
         <ex>sechieet l</ex>
         <ex>enfermetet la</ex>
         <ex>et pale</ex>
         <ex>et a</ex>
         <ex>et ses</ex>
         <ex>et gueriz</ex>
         <ex>et sors</ex>
         <ex>et muz
</ex>
         <ex>et a</ex>
         <ex>corset por</ex>
         <ex>pechiezet le</ex>
         <ex>et </ex>
         <ex>det </ex>
         <ex>deet autres</ex>
         <ex>esqeset tuit</ex>
         <ex>det grant</ex>
         <ex>et si</ex>
         <ex>et sa</ex>
         <ex>et de</ex>
         <ex>et e</ex>
         <ex>et tantost</ex>
         <ex>et a</ex>
         <ex>et mon</ex>
         <ex>et mout
</ex>
         <ex>et le</ex>
         <ex>et le</ex>
         <ex>aleret au</ex>
         <ex>et por</ex>
         <ex>et por</ex>
         <ex>exet mes</ex>
         <ex>et aidast.</ex>
         <ex>ploreret a</ex>
         <ex>anuiet en</ex>
         <ex>deet si</ex>
         <ex>et il</ex>
         <ex>et par</ex>
         <ex>plaierentet ocistr</ex>
         <ex>fuelleset puis</ex>
         <ex>pelerinet en</ex>
         <ex>et enquist</ex>
         <ex>aloientet cil</ex>
         <ex>respondiet dist</ex>
         <ex>corrociet son</ex>
         <ex>et par</ex>
         <ex>piezet si</ex>
         <ex>luiet ses</ex>
         <ex>et en</ex>
         <ex>et par</ex>
         <ex>et loerent</ex>
         <ex>signeuret si</ex>
         <ex>et il</ex>
         <ex>et cruieus.</ex>
         <ex>et si
</ex>
         <ex>et li
</ex>
         <ex>et puis</ex>
         <ex>et grant
</ex>
         <ex>et lors</ex>
         <ex>et par</ex>
         <ex>et deli</ex>
         <ex>et de</ex>
         <ex>et reclaim</ex>
         <ex>teireet si</ex>
         <ex>et miseri</ex>
         <ex>et de</ex>
         <ex>et amoit</ex>
         <ex>ploreret a</ex>
         <ex> et secoruz</ex>
         <ex>finet si</ex>
         <ex>ignoret se</ex>
         <ex>et a</ex>
         <ex> et qe</ex>
         <ex>et si</ex>
         <ex>et gueriz</ex>
         <ex>aparuzet qu</ex>
         <ex>graceet il</ex>
         <ex>et proioient</ex>
         <ex>et deli</ex>
         <ex>premierset qi</ex>
         <ex>et honorez</ex>
         <ex>ieet qu</ex>
         <ex>et pardon</ex>
         <ex>prestreset as</ex>
         <ex>et les</ex>
         <ex>et irent</ex>
         <ex>et disoit</ex>
         <ex>confessoret si</ex>
         <ex>toiet a</ex>
         <ex>oieet qu</ex>
         <ex>et a</ex>
         <ex>et donee</ex>
         <ex>et consomee</ex>
         <ex> et dedia</ex>
         <ex>oneuret en</ex>
         <ex>et a</ex>
         <ex>et seintement</ex>
         <ex>et si</ex>
         <ex>et sa</ex>
         <ex>et si</ex>
         <ex>et orde</ex>
         <ex>et en</ex>
         <ex>proiaet requist</ex>
         <ex>et orz</ex>
         <ex>et del</ex>
         <ex>et des</ex>
         <ex>et mout</ex>
         <ex>genzet de</ex>
         <ex>et chascun</ex>
         <ex>et la</ex>
         <ex>icholaet fesoient
</ex>
         <ex>et sa</ex>
         <ex>et ses
</ex>
         <ex>fiuzet lor</ex>
         <ex>et lor</ex>
         <ex>et larrons</ex>
         <ex>et sa</ex>
         <ex>et lor</ex>
         <ex>et lor</ex>
         <ex> et sa</ex>
         <ex>et lor</ex>
         <ex>et lor</ex>
         <ex>et lor</ex>
         <ex>debatreet si</ex>
         <ex>et crioit</ex>
         <ex>et si</ex>
         <ex>et di</ex>
         <ex> et mes</ex>
         <ex>et do</ex>
         <ex>et qe</ex>
         <ex>ieet apr</ex>
         <ex>et nos
</ex>
         <ex>et si</ex>
         <ex>rentet si</ex>
         <ex>proiereset si</ex>
         <ex>et norri</ex>
         <ex>et alaitai</ex>
         <ex>et ausint</ex>
         <ex>risteet dolente</ex>
         <ex>et toz</ex>
         <ex>et qe</ex>
         <ex>et la</ex>
         <ex>femeet si</ex>
         <ex>et si</ex>
         <ex>et des</ex>
         <ex>et donons
</ex>
         <ex> et sa
</ex>
         <ex>et oelle</ex>
         <ex>et a</ex>
         <ex>rendreet e</ex>
         <ex>et si</ex>
         <ex>moiet si</ex>
         <ex>proiereet les</ex>
         <ex>et creons</ex>
         <ex>creatureet qe</ex>
         <ex>et de</ex>
         <ex>et des</ex>
         <ex>et regnes</ex>
         <ex>et de</ex>
         <ex>et les</ex>
         <ex>et finez</ex>
         <ex>apertenoitet li</ex>
         <ex>prestreet li</ex>
         <ex>et a</ex>
         <ex>doieet si</ex>
         <ex>reet li</ex>
         <ex>souspireret a</ex>
         <ex>et amenez</ex>
         <ex>prisonet qe</ex>
         <ex>et sa</ex>
         <ex>et celebroient</ex>
         <ex>humlementet mout</ex>
         <ex>et si</ex>
         <ex>et si</ex>
         <ex>et messires</ex>
         <ex>et sa
</ex>
         <ex>et li</ex>
         <ex> et .</ex>
         <ex>et si
</ex>
         <ex>et par</ex>
         <ex>proiereet </ex>
         <ex>iolset qe</ex>
         <ex>et regnes</ex>
         <ex>et la</ex>
         <ex>et de</ex>
         <ex> et dit</ex>
         <ex>ignoret loerent</ex>
         <ex>et apele</ex>
         <ex>et por</ex>
         <ex>et regne</ex>
         <ex>et nostre</ex>
         <ex>et des</ex>
         <ex>et son</ex>
         <ex>get pres</ex>
         <ex>et par</ex>
         <ex>sambleet alerent</ex>
         <ex>et si
</ex>
         <ex>et proierent</ex>
         <ex>et por</ex>
         <ex>douceet a</ex>
         <ex>et mue</ex>
         <ex>et autres</ex>
         <ex>et dist</ex>
         <ex>et font</ex>
         <ex>et lor
</ex>
         <ex>et st</ex>
         <ex>et trest</ex>
         <ex>estenduet lors</ex>
         <ex>et si
</ex>
         <ex>noteet d</ex>
         <ex>tostet qant</ex>
         <ex> et q</ex>
         <ex>et tant</ex>
         <ex>et par
</ex>
         <ex>et mout</ex>
         <ex>steset tres</ex>
         <ex>et les</ex>
         <ex>et socorre</ex>
         <ex>et esgarees</ex>
         <ex>et piti</ex>
         <ex>et regne</ex>
         <ex> et distrent</ex>
         <ex>et des</ex>
         <ex> et distrent</ex>
         <ex> et des
</ex>
         <ex>et de</ex>
         <ex>et baisai</ex>
         <ex>et men</ex>
         <ex>oieet un</ex>
         <ex> et si
</ex>
         <ex>et int
</ex>
         <ex>moiet si</ex>
         <ex>et qe</ex>
         <ex>et li
</ex>
         <ex>enuzet e</ex>
         <ex>aet de</ex>
         <ex>et tante</ex>
         <ex>et tu
</ex>
         <ex>et la</ex>
         <ex>oieet ment</ex>
         <ex>gardeeet qele</ex>
         <ex>et qele
</ex>
         <ex>doneeet quels</ex>
         <ex>et quels</ex>
         <ex>et ser</ex>
         <ex>et croient.</ex>
         <ex>et en</ex>
         <ex>ret entendre</ex>
         <ex>et son</ex>
         <ex> et si</ex>
         <ex> et se</ex>
         <ex>et raconte
</ex>
         <ex>set si
</ex>
         <ex>et de</ex>
         <ex>et lessiez.</ex>
         <ex>amiset puis</ex>
         <ex>orronset entenderons.</ex>
         <ex>meset fe</ex>
         <ex>escoutameset il</ex>
         <ex>toiet e</ex>
         <ex>et droit</ex>
         <ex>et sanz
</ex>
         <ex>et isiter</ex>
         <ex>seinzet me</ex>
         <ex>et feire</ex>
         <ex>et droiture.</ex>
         <ex>terreet noz
</ex>
         <ex>et periz</ex>
         <ex>compaignonset si
</ex>
         <ex>et enqerre</ex>
         <ex>feteet co</ex>
         <ex>et hisdeus.</ex>
         <ex>et de</ex>
         <ex>et de</ex>
         <ex>et par</ex>
         <ex>et cil</ex>
         <ex>benignementet si</ex>
         <ex>ageet q</ex>
         <ex>et raler
</ex>
         <ex>rreet de</ex>
         <ex>habitoientet s</ex>
         <ex>deseureet puis</ex>
         <ex>geet un</ex>
         <ex>et de</ex>
         <ex>et li</ex>
         <ex>et fumes</ex>
         <ex>et saou</ex>
         <ex>et delitable.</ex>
         <ex>orgeet bone</ex>
         <ex>paroleet si</ex>
         <ex>et la</ex>
         <ex>trespasseeet li</ex>
         <ex>habitacleet si</ex>
         <ex>et enclose</ex>
         <ex>encloseet faite</ex>
         <ex>et nos</ex>
         <ex>et entendu</ex>
         <ex>osteet ses
</ex>
         <ex>reset il</ex>
         <ex>ageet nos
</ex>
         <ex>et les</ex>
         <ex>et granz
</ex>
         <ex> et por</ex>
         <ex> et estoit</ex>
         <ex>et mes</ex>
         <ex>preudet mout</ex>
         <ex>et ensigniez
</ex>
         <ex>et endoctrinez</ex>
         <ex>latinet de</ex>
         <ex>greuet d</ex>
         <ex>parleret si</ex>
         <ex> et fait</ex>
         <ex>moigneset </ex>
         <ex>et d</ex>
         <ex>et d</ex>
         <ex>orgueilet de</ex>
         <ex>et li</ex>
         <ex>manoientet preudome
</ex>
         <ex>et se</ex>
         <ex>et de</ex>
         <ex>abet quanq</ex>
         <ex>euset qi</ex>
         <ex>et feire.</ex>
         <ex>et autre
</ex>
         <ex>et establi</ex>
         <ex>abbeset trametoit</ex>
         <ex>et le
</ex>
         <ex>anzet li</ex>
         <ex>et oribles.</ex>
         <ex>colet la</ex>
         <ex>luiet si</ex>
         <ex>fetet bien</ex>
         <ex>et li</ex>
         <ex>et ferme</ex>
         <ex>huiset si
</ex>
         <ex>et co</ex>
         <ex>ertuet por</ex>
         <ex>et alerent</ex>
         <ex>deserzet l</ex>
         <ex>neet la</ex>
         <ex>estoitet a</ex>
         <ex>et del</ex>
         <ex>et la
</ex>
         <ex>et seche</ex>
         <ex>et de</ex>
         <ex>et si
</ex>
         <ex>et sa</ex>
         <ex>besteet de</ex>
         <ex>et la
</ex>
         <ex> et es</ex>
         <ex>liueset del</ex>
         <ex>esbanoieret por
</ex>
         <ex>ermitageet de</ex>
         <ex>et de</ex>
         <ex>serainet por</ex>
         <ex>et mes
</ex>
         <ex>dotanceet nos</ex>
         <ex>iluecet ele</ex>
         <ex>arbreet donc</ex>
         <ex>et li</ex>
         <ex>donaet la</ex>
         <ex>et tint</ex>
         <ex>et entendre</ex>
         <ex>et de
</ex>
         <ex>ertuet qe</ex>
         <ex>et a</ex>
         <ex>toutet qant</ex>
         <ex>et q</ex>
         <ex>abessieet si</ex>
         <ex>testeet puis</ex>
         <ex>et plus</ex>
         <ex>et raconter</ex>
         <ex>et cels</ex>
         <ex>et de</ex>
         <ex>et si</ex>
         <ex>orneret sont</ex>
         <ex>et en</ex>
         <ex>et lo</ex>
         <ex>et por</ex>
         <ex>raconteret dire</ex>
         <ex>peinset lor</ex>
         <ex>et sau</ex>
         <ex>orset leur</ex>
         <ex>et a</ex>
         <ex>et a</ex>
         <ex>pitiet cil</ex>
         <ex>et il</ex>
         <ex>entet regardoit
</ex>
         <ex>eet por</ex>
         <ex>et do</ex>
         <ex>et demandoit</ex>
         <ex>lionceauset tantost</ex>
         <ex>isitet si</ex>
         <ex>homeet si</ex>
         <ex>faitet por</ex>
         <ex>et dire.</ex>
         <ex> et dit.</ex>
         <ex>erbeset de</ex>
         <ex>nuisableset legiere</ex>
         <ex>pristrentet i</ex>
         <ex>gieret la</ex>
         <ex>et a</ex>
         <ex>reret torner</ex>
         <ex>mengieret les
</ex>
         <ex>nonet einsint</ex>
         <ex>besteet ce
</ex>
         <ex>et de</ex>
         <ex>et qi</ex>
         <ex>habitentet qe</ex>
         <ex>et mois.</ex>
         <ex>et des</ex>
         <ex>et qe</ex>
         <ex>et dire</ex>
         <ex>aleret de</ex>
         <ex>puiet le</ex>
         <ex>buefet le</ex>
         <ex>aet a</ex>
         <ex>fistet en</ex>
         <ex>et habi</ex>
         <ex>ieet si
</ex>
         <ex>contreeet si</ex>
         <ex>nonet de</ex>
         <ex>et qi</ex>
         <ex> et dit</ex>
         <ex>et de</ex>
         <ex>solementet e</ex>
         <ex>foiet par</ex>
         <ex>omeset a</ex>
         <ex>et lor</ex>
         <ex>et d</ex>
         <ex>autreet e</ex>
         <ex>et lor</ex>
         <ex>ditet en</ex>
         <ex>mileet el</ex>
         <ex>ruileet tenoient
</ex>
         <ex>et esle</ex>
         <ex>et bien</ex>
         <ex>meurset de</ex>
         <ex>conseuset cest
</ex>
         <ex>et a</ex>
         <ex>et li</ex>
         <ex>soffriret ses</ex>
         <ex>et faire</ex>
         <ex>dreet si</ex>
         <ex>entureet si</ex>
         <ex>et feire.</ex>
         <ex>et par</ex>
         <ex>ignoret por</ex>
         <ex>atargementet meintenant</ex>
         <ex>mandet liez</ex>
         <ex>et pro</ex>
         <ex>et dist</ex>
         <ex>distet </ex>
         <ex>olontierset sanz</ex>
         <ex>penseeet qu</ex>
         <ex>meinet grant</ex>
         <ex>et d</ex>
         <ex>eillieret le</ex>
         <ex>finet adonc
</ex>
         <ex>et a</ex>
         <ex> et a</ex>
         <ex>et portant
</ex>
         <ex>fuelleset si</ex>
         <ex>et d</ex>
         <ex>et la</ex>
         <ex>et retreites</ex>
         <ex>et o</ex>
         <ex>et it</ex>
         <ex>homeset molt</ex>
         <ex> et doctrin</ex>
         <ex>et solitaire</ex>
         <ex>et pure</ex>
         <ex>et plus</ex>
         <ex>femeet a</ex>
         <ex>et a</ex>
         <ex>siecleet lessast
</ex>
         <ex>et a</ex>
         <ex>celleet l</ex>
         <ex>proceineet ou</ex>
         <ex>blasmeret li</ex>
         <ex>et a</ex>
         <ex>et les</ex>
         <ex>ermitageet si</ex>
         <ex>conteeset dites</ex>
         <ex>et de</ex>
         <ex>et a
</ex>
         <ex>et des</ex>
         <ex>et de</ex>
         <ex>moiet se
</ex>
         <ex>et a</ex>
         <ex>escriteet cis</ex>
         <ex>et mes</ex>
         <ex>et mer</ex>
         <ex>meret par</ex>
         <ex> portezet si
</ex>
         <ex>et dite.</ex>
         <ex>homet dont</ex>
         <ex>trespasseeet e</ex>
         <ex>et tuit</ex>
         <ex>et seit</ex>
         <ex>et en</ex>
         <ex>et en</ex>
         <ex>deet par
</ex>
         <ex>det meesmement</ex>
         <ex> et tes</ex>
         <ex>et pluiseurs</ex>
         <ex>et e</ex>
         <ex>et saces
</ex>
         <ex> et si</ex>
         <ex>et dire</ex>
         <ex>et dites</ex>
         <ex>et com</ex>
         <ex>siecleet si</ex>
         <ex>cielet si</ex>
         <ex>siecleet entre</ex>
         <ex>puepleet entre</ex>
         <ex>gaitoientet entre</ex>
         <ex>et de</ex>
         <ex>ieet chascun
</ex>
         <ex>et escandres.</ex>
         <ex>leuet eschapa</ex>
         <ex>et a</ex>
         <ex>et ra</ex>
         <ex>et guerissoit</ex>
         <ex>serpenzet apaisoit</ex>
         <ex>ageset curoit</ex>
         <ex>et sa</ex>
         <ex>reet por
</ex>
         <ex>firentet qe</ex>
         <ex>et il</ex>
         <ex>et dist</ex>
         <ex>det les
</ex>
         <ex>anacorinteset les
</ex>
         <ex>et toute
</ex>
         <ex>et tote</ex>
         <ex>et nde</ex>
         <ex>ndeet tote
</ex>
         <ex>aleeet le</ex>
         <ex>et par</ex>
         <ex>et conoissent</ex>
         <ex>prestreet clerc</ex>
         <ex>clercet roi</ex>
         <ex>roiet conte</ex>
         <ex>conteet prince</ex>
         <ex>princeet li</ex>
         <ex>et cre</ex>
         <ex>et ses</ex>
         <ex>et lor</ex>
         <ex>et fist</ex>
         <ex>pliret feire</ex>
         <ex>honteet ont</ex>
         <ex>et faisoit</ex>
         <ex>traitieret parler</ex>
         <ex>et la</ex>
         <ex>paroleet si</ex>
         <ex>aet si</ex>
         <ex>et dire</ex>
         <ex>enfanceet por</ex>
         <ex>et le</ex>
         <ex> et si
</ex>
         <ex>et proi</ex>
         <ex>et aurai.</ex>
         <ex>diet parole
</ex>
         <ex>et croi</ex>
         <ex>muset sanz</ex>
         <ex>paroleet tu</ex>
         <ex>et ses</ex>
         <ex>et si</ex>
         <ex>et e</ex>
         <ex>paroleset la
</ex>
         <ex>et si
</ex>
         <ex>et dit</ex>
         <ex>reet si</ex>
         <ex>et qant</ex>
         <ex>et dire</ex>
         <ex>luiet en</ex>
         <ex>siecleet qe</ex>
         <ex>mostet e
</ex>
         <ex>et pluiseur</ex>
         <ex>et si
</ex>
         <ex>et cou</ex>
         <ex>et a</ex>
         <ex>mellastet q</ex>
         <ex>et ure
</ex>
         <ex>euet si</ex>
         <ex>et si</ex>
         <ex>orissonset si</ex>
         <ex>mieet puis</ex>
         <ex>donaet se</ex>
         <ex>esqeet si</ex>
         <ex>et si</ex>
         <ex>estiret q</ex>
         <ex>aparellieet li</ex>
         <ex>paroleet par</ex>
         <ex>et par</ex>
         <ex>et corte</ex>
         <ex>petitet ce</ex>
         <ex>reet si</ex>
         <ex>reet il</ex>
         <ex>hautet ce</ex>
         <ex>puepleet non</ex>
         <ex>partieet une</ex>
         <ex>et uns
</ex>
         <ex>prestreset moine</ex>
         <ex>et bel
</ex>
         <ex>apelezet crestiens</ex>
         <ex>et si</ex>
         <ex>homeet re</ex>
         <ex> et entre</ex>
         <ex>et estendu</ex>
         <ex>et par</ex>
         <ex>forset sanc</ex>
         <ex>sonet en</ex>
         <ex>set tout</ex>
         <ex>haitiezet fu</ex>
         <ex>enimet de</ex>
         <ex>et nos</ex>
         <ex>estoientet por</ex>
         <ex>choseet il</ex>
         <ex>et il</ex>
         <ex>estemenzet asfublez</ex>
         <ex>et a</ex>
         <ex>eslancieret s</ex>
         <ex>peineset si
</ex>
         <ex>corrociezet molt</ex>
         <ex>homeet le</ex>
         <ex>et a</ex>
         <ex>batreet a</ex>
         <ex>motet de</ex>
         <ex>desciret tout
</ex>
         <ex>asneet puis</ex>
         <ex>bastonset de</ex>
         <ex>et eoir</ex>
         <ex>et a</ex>
         <ex>et enten</ex>
         <ex>zet molt</ex>
         <ex>oieset si</ex>
         <ex>oret par</ex>
         <ex>et benignement.</ex>
         <ex>et a</ex>
         <ex> et la
</ex>
         <ex>racleet pluiseurs</ex>
         <ex>celeeset tant</ex>
         <ex>et cela</ex>
         <ex>doutezet si</ex>
         <ex>et en</ex>
         <ex>et retraire
</ex>
         <ex>et de</ex>
         <ex>et sot</ex>
         <ex>et sot</ex>
         <ex>et esploiter.</ex>
         <ex>et a</ex>
         <ex>et a</ex>
         <ex>et a</ex>
         <ex>et creez.</ex>
         <ex>et a</ex>
         <ex>et si
</ex>
         <ex>et a</ex>
         <ex>aet la</ex>
         <ex>et lie.</ex>
         <ex>cielet a</ex>
         <ex>homeet li</ex>
         <ex>neret ne</ex>
         <ex>et si</ex>
         <ex>ieet il</ex>
         <ex>aet si</ex>
         <ex>et croi</ex>
         <ex>fermementet nus</ex>
         <ex>aussintet ce</ex>
         <ex>apostreset as
</ex>
         <ex>et de</ex>
         <ex>et di</ex>
         <ex>ret nos</ex>
         <ex>et dite.</ex>
         <ex>et de</ex>
         <ex>et autre</ex>
         <ex>chiefet si
</ex>
         <ex>et de</ex>
         <ex>mengierset si</ex>
         <ex>et nuiz</ex>
         <ex>et ses</ex>
         <ex>et si</ex>
         <ex>palezet q</ex>
         <ex>desfermeeset li
</ex>
         <ex>roiet qant</ex>
         <ex>seoitet toz</ex>
         <ex>et si</ex>
         <ex>proiereet le</ex>
         <ex>mengieret l</ex>
         <ex>et molt</ex>
         <ex>et o</ex>
         <ex>et a</ex>
         <ex>et e</ex>
         <ex>dureeet bien</ex>
         <ex>et miracles</ex>
         <ex>et seintes</ex>
         <ex>laet ut</ex>
         <ex>et de</ex>
         <ex>geet pristrent</ex>
         <ex>et porent.</ex>
         <ex>et grant
</ex>
         <ex>teet tantost</ex>
         <ex>entrezet cil</ex>
         <ex>et deli</ex>
         <ex>et sa</ex>
         <ex>paignieet la
</ex>
         <ex>corneset cruelment</ex>
         <ex>bleciezet ele</ex>
         <ex>et a</ex>
         <ex>et molt
</ex>
         <ex>encontreet si</ex>
         <ex>esteet si</ex>
         <ex>et adonc</ex>
         <ex>et se</ex>
         <ex>piezet li</ex>
         <ex>foucet a</ex>
         <ex>compaignieet ele</ex>
         <ex>et fu</ex>
         <ex>prestreset ceus</ex>
         <ex>eneorset chiens</ex>
         <ex>et lee</ex>
         <ex>leeet li
</ex>
         <ex>issentet q</ex>
         <ex>et fo</ex>
         <ex>paroleet se</ex>
         <ex>et ala</ex>
         <ex>et grant</ex>
         <ex>aet si</ex>
         <ex>corageet li</ex>
         <ex>enchauciet il</ex>
         <ex>ristet ele</ex>
         <ex>et si</ex>
         <ex>et en</ex>
         <ex> et orde</ex>
         <ex> et dit
</ex>
         <ex>noset si</ex>
         <ex>et en</ex>
         <ex>compaignieet si</ex>
         <ex>champaigneet la</ex>
         <ex>mesonet la</ex>
         <ex>abstinanceet si</ex>
         <ex> et si</ex>
         <ex>et amonester</ex>
         <ex>et par</ex>
         <ex>et dist.</ex>
         <ex>et honorer</ex>
         <ex>et de</ex>
         <ex>homeet si</ex>
         <ex>enueet qe</ex>
         <ex>et isiter</ex>
         <ex>et a</ex>
         <ex>demostreret une</ex>
         <ex>et molt</ex>
         <ex>oiret entendre</ex>
         <ex>doneeet de</ex>
         <ex>cheintureet il</ex>
         <ex>et celes</ex>
         <ex>et lor</ex>
         <ex>et quels</ex>
         <ex>et </ex>
         <ex>et bien
</ex>
         <ex>et a</ex>
         <ex>laet atendions</ex>
         <ex>et la</ex>
         <ex>parlassentet dont</ex>
         <ex>pooret fumes
</ex>
         <ex>autreset si
</ex>
         <ex>sentueet a</ex>
         <ex>et oiz</ex>
         <ex>mieet si</ex>
         <ex> et  </ex>
         <ex> et resnierent</ex>
         <ex>et lerent.</ex>
         <ex>et lor</ex>
         <ex>et l</ex>
         <ex>et dist.</ex>
         <ex> et </ex>
         <ex>et de</ex>
         <ex>et blasmoit</ex>
         <ex>et nos</ex>
         <ex>et espro</ex>
         <ex>et molt
</ex>
         <ex>et mer</ex>
         <ex>parzet a</ex>
         <ex>et dit.</ex>
         <ex>entureet si</ex>
         <ex>Signoret si</ex>
         <ex>et dist</ex>
         <ex>et enqe</ex>
         <ex>et les</ex>
         <ex>et dites</ex>
         <ex>diteset com</ex>
         <ex>et aprisses.</ex>
         <ex> et si</ex>
         <ex>paroleset il
</ex>
         <ex>estionset si
</ex>
         <ex>mesonet si</ex>
         <ex>amiset qi
</ex>
         <ex> et si
</ex>
         <ex>deguerpissomeset por</ex>
         <ex>trespasseeet la</ex>
         <ex> et </ex>
         <ex> et il</ex>
         <ex>et e</ex>
         <ex>qeroientet il
</ex>
         <ex>et qe</ex>
         <ex>et desiroient</ex>
         <ex> et </ex>
         <ex>et dire</ex>
         <ex>ieret 
</ex>
         <ex>choseset e</ex>
         <ex>et die</ex>
         <ex>et habitent</ex>
         <ex>et dire.</ex>
         <ex>homeet si</ex>
         <ex>et dist</ex>
         <ex> et li
</ex>
         <ex>et reqe</ex>
         <ex>et li</ex>
         <ex>beneet puis</ex>
         <ex>tet puis
</ex>
         <ex>et le</ex>
         <ex>entreet si</ex>
         <ex>et lonc</ex>
         <ex>encoreet si</ex>
         <ex>et d</ex>
         <ex>et disoit</ex>
         <ex>et diroit
</ex>
         <ex>ensambleet qant</ex>
         <ex>et engr</ex>
         <ex>issiret si</ex>
         <ex>et dire</ex>
         <ex>et a</ex>
         <ex>peineset lendemein
</ex>
         <ex>dormoientet il</ex>
         <ex>fermementet li</ex>
         <ex>et tu</ex>
         <ex>et si</ex>
         <ex>et firent</ex>
         <ex>signoret si
</ex>
         <ex>songeset qe</ex>
         <ex>porteet por</ex>
         <ex>quierset demandes.</ex>
         <ex>laet li</ex>
         <ex>et si</ex>
         <ex>et manda</ex>
         <ex>eilloitet destruisoit.</ex>
         <ex>et dire</ex>
         <ex>et dist</ex>
         <ex>contet se</ex>
         <ex>et i</ex>
         <ex>et ceste</ex>
         <ex>et son</ex>
         <ex>et a</ex>
         <ex>eret si</ex>
         <ex>airet si</ex>
         <ex>paumeset si</ex>
         <ex>et esparz</ex>
         <ex>nueset por</ex>
         <ex>mandastet si</ex>
         <ex>nonet li</ex>
         <ex> et batu</ex>
         <ex>et chaci</ex>
         <ex>et fors</ex>
         <ex>et contrue</ex>
         <ex>et tempeste</ex>
         <ex>et les</ex>
         <ex>et toz</ex>
         <ex>terreset tant</ex>
         <ex>et meintes
</ex>
         <ex>aet si</ex>
         <ex>et deman</ex>
         <ex>deet li</ex>
         <ex>feteet dite</ex>
         <ex>et si</ex>
         <ex>et le</ex>
         <ex>tet meesmement</ex>
         <ex>et dire
</ex>
         <ex>furentet cil</ex>
         <ex>contet dit</ex>
         <ex>et par
</ex>
         <ex>creatureet a</ex>
         <ex>desfendueet ala
</ex>
         <ex>zet si</ex>
         <ex>et plus</ex>
         <ex>et entendi</ex>
         <ex> et mis
</ex>
         <ex>grantet mer</ex>
         <ex>et espes
</ex>
         <ex>et mas</ex>
         <ex>toret la</ex>
         <ex>miseet aoree</ex>
         <ex>et li</ex>
         <ex>et la</ex>
         <ex>et abatist</ex>
         <ex>et en</ex>
         <ex>et si</ex>
         <ex>et une</ex>
         <ex>et les
</ex>
         <ex>et dite</ex>
         <ex>cestuiet si
</ex>
         <ex>et molt</ex>
         <ex>chastelet deseu</ex>
         <ex>et it</ex>
         <ex>et mer</ex>
         <ex>colombeet seur
</ex>
         <ex>et debrisa</ex>
         <ex>et </ex>
         <ex>et entent.</ex>
         <ex>eet uns
</ex>
         <ex>homeet si
</ex>
         <ex>et si
</ex>
         <ex>et enten</ex>
         <ex>dentet li</ex>
         <ex>solementet bien</ex>
         <ex>peschieret si</ex>
         <ex>et si</ex>
         <ex>et si</ex>
         <ex>aet si</ex>
         <ex>graceset loenges.</ex>
         <ex>gemmeset la</ex>
         <ex>et entendre</ex>
         <ex> et si</ex>
         <ex>empereoret meintenu</ex>
         <ex>aet la</ex>
         <ex>espoentezet si</ex>
         <ex>et ses</ex>
         <ex>hermiteset q</ex>
         <ex>et les</ex>
         <ex>et as</ex>
         <ex>et ceus</ex>
         <ex>mieet por</ex>
         <ex>fereet de</ex>
         <ex>encontreet si</ex>
         <ex>et a</ex>
         <ex>et si</ex>
         <ex>et dist</ex>
         <ex>palezet entre</ex>
         <ex>et a</ex>
         <ex>oret entendre</ex>
         <ex>et le</ex>
         <ex>parleret ce</ex>
         <ex>et cruiels</ex>
         <ex>et del</ex>
         <ex>emperereset neqe</ex>
         <ex>regneet </ex>
         <ex>despenduet l</ex>
         <ex>pooret </ex>
         <ex>et distrent</ex>
         <ex>mentet tel</ex>
         <ex>afaireet si</ex>
         <ex>et si</ex>
         <ex>et ou</ex>
         <ex>foiet de</ex>
         <ex> et de
</ex>
         <ex>aet si</ex>
         <ex>droitet qe</ex>
         <ex>et si</ex>
         <ex>comunitet a</ex>
         <ex>et de</ex>
         <ex>et a</ex>
         <ex>noireet a</ex>
         <ex>empereoret se</ex>
         <ex>olentierset si</ex>
         <ex>et preud</ex>
         <ex>raet si</ex>
         <ex>set il</ex>
         <ex>et si</ex>
         <ex>doleuret fere</ex>
         <ex>ertuet si</ex>
         <ex>et il</ex>
         <ex> et de</ex>
         <ex>et </ex>
         <ex>et tant</ex>
         <ex>puiset de</ex>
         <ex>et espro</ex>
         <ex>et si</ex>
         <ex>eet ein</ex>
         <ex>et gueriz.</ex>
         <ex>et dist</ex>
         <ex>et plui</ex>
         <ex>meret il</ex>
         <ex>et une</ex>
         <ex>et lor</ex>
         <ex>derrompreet leur</ex>
         <ex>et a</ex>
         <ex>et seqeur
</ex>
         <ex>et deli</ex>
         <ex>et la</ex>
         <ex>departieet cil</ex>
         <ex>et icaires</ex>
         <ex>et secors</ex>
         <ex>et de</ex>
         <ex>roigneet de</ex>
         <ex>ignoret si</ex>
         <ex>et par</ex>
         <ex>nuizet en
</ex>
         <ex>et si</ex>
         <ex>et conta</ex>
         <ex>et toute</ex>
         <ex>et si</ex>
         <ex>iandeset li</ex>
         <ex>et si
</ex>
         <ex>et este</ex>
         <ex>et cri</ex>
         <ex>et la</ex>
         <ex>maniereset a</ex>
         <ex>seureet li</ex>
         <ex>alerieet par
</ex>
         <ex>fantosmeet par</ex>
         <ex>et disoit.</ex>
         <ex>et autres</ex>
         <ex>et si</ex>
         <ex>et pardon</ex>
         <ex>et q</ex>
         <ex>et a</ex>
         <ex>choseset e</ex>
         <ex>et si</ex>
         <ex>et par</ex>
         <ex>conditionet de</ex>
         <ex>aet si</ex>
         <ex>et 
</ex>
         <ex>resconseet tens</ex>
         <ex>et les
</ex>
         <ex>nuleet si</ex>
         <ex>et si</ex>
         <ex>et le</ex>
         <ex>et es</ex>
         <ex>estrangeset </ex>
         <ex>et es</ex>
         <ex>et es</ex>
         <ex>et es</ex>
         <ex>citezet si</ex>
         <ex>et so</ex>
         <ex>et ra</ex>
         <ex>et ta
</ex>
         <ex>et qi</ex>
         <ex>et a</ex>
         <ex>huiet hier</ex>
         <ex>et raconteras</ex>
         <ex> et par</ex>
         <ex>et par</ex>
         <ex> et par</ex>
         <ex>enet encore</ex>
         <ex>racontasseset en</ex>
         <ex> et en</ex>
         <ex>et par</ex>
         <ex>et en</ex>
         <ex>et proi</ex>
         <ex>et cont</ex>
         <ex>contet si</ex>
         <ex>fleurset herbes</ex>
         <ex>et de</ex>
         <ex>fistet treita</ex>
         <ex>et si</ex>
         <ex>et os</ex>
      </td>
   </tr>
   <tr>
      <td>⁊ </td>
      <td>
         <em>Et </em>
         <ex>creanceEt si</ex>
      </td>
   </tr>
   <tr>
      <td>ꝙ</td>
      <td>
         <em>qe</em>
         <ex> qe</ex>
         <ex>qe</ex>
         <ex>qetu</ex>
         <ex>esqes</ex>
         <ex>ilueqes</ex>
         <ex>siqenus</ex>
      </td>
   </tr>
   <tr>
      <td>ꝯ</td>
      <td>
         <em>com</em>
         <ex>comil</ex>
         <ex>com</ex>
         <ex>com</ex>
         <ex>compeins</ex>
         <ex>comil</ex>
         <ex>comele</ex>
         <ex>compaignie</ex>
         <ex>compaig</ex>
         <ex>sacompaignie</ex>
      </td>
      <td>
         <em>con</em>
         <ex>Ciconmence</ex>
         <ex>Ciconmence</ex>
         <ex>Dontconmen</ex>
         <ex>conmanda</ex>
         <ex>conmanda.</ex>
         <ex>siconmanda
</ex>
         <ex>conmanda</ex>
         <ex>conmandoit</ex>
         <ex>conman</ex>
         <ex>tconme</ex>
         <ex>iconmencierent</ex>
         <ex>conmandement</ex>
         <ex>conmen</ex>
         <ex>conmanda</ex>
         <ex>conment</ex>
         <ex>conment</ex>
         <ex>moineconmanda</ex>
         <ex>connissoit</ex>
         <ex>conmanda</ex>
         <ex>conmandement</ex>
         <ex> conmencierent</ex>
         <ex>conmen</ex>
         <ex>conment</ex>
         <ex>conman</ex>
         <ex>conman</ex>
         <ex>contree</ex>
         <ex>conterai</ex>
         <ex>conmen</ex>
         <ex>conmanda</ex>
         <ex>conman</ex>
         <ex>conmandemenz</ex>
         <ex>conment</ex>
         <ex>conmanda</ex>
         <ex>conmencierent</ex>
         <ex>conmence</ex>
         <ex>conne</ex>
         <ex>conme</ex>
         <ex>conme</ex>
         <ex>entrerentconmencierent
</ex>
         <ex>conmandemenz</ex>
         <ex>conmen</ex>
         <ex>conmandement</ex>
         <ex>meconmandas</ex>
         <ex>conm</ex>
         <ex>conmandemenz</ex>
         <ex>conpaignons</ex>
         <ex>conmen</ex>
         <ex>conmencierent</ex>
         <ex>conmanda</ex>
         <ex>conmen</ex>
         <ex>conman</ex>
         <ex>conmen</ex>
         <ex>conmen</ex>
         <ex>conmen</ex>
         <ex>Doncconmanda</ex>
         <ex>conmen</ex>
         <ex>leconmant</ex>
         <ex>conment</ex>
         <ex>liconmanda</ex>
         <ex>conment</ex>
         <ex>conmanda</ex>
         <ex>conmen</ex>
         <ex>liconmencie</ex>
         <ex>conmen</ex>
         <ex>conmencierent</ex>
         <ex>conmen</ex>
         <ex>conmen</ex>
         <ex>siconme</ex>
         <ex>conmencie</ex>
         <ex>encontre</ex>
         <ex>conme
</ex>
         <ex>conmen</ex>
         <ex>Siconme</ex>
         <ex>liconmen</ex>
         <ex>conmen</ex>
         <ex>conmanda</ex>
         <ex>conselle</ex>
         <ex>conselle</ex>
         <ex>orsconmanda</ex>
         <ex>conmanda</ex>
         <ex>conment</ex>
         <ex>conmanda</ex>
         <ex>conpaignie</ex>
         <ex>conm</ex>
         <ex>sconmunement</ex>
         <ex>conmanda</ex>
         <ex>conment</ex>
         <ex>cont</ex>
         <ex>conmen</ex>
         <ex>conme</ex>
         <ex>conme</ex>
         <ex>conme</ex>
         <ex>conment</ex>
         <ex>leconmandement</ex>
         <ex>deconmander
</ex>
         <ex>conmencierent</ex>
         <ex>conmencierent</ex>
         <ex>conmen</ex>
         <ex>siconme</ex>
         <ex>conme</ex>
         <ex>conme</ex>
         <ex>conmen</ex>
         <ex>conmant</ex>
         <ex>conmencier
</ex>
         <ex>conmandement</ex>
         <ex> conmandez</ex>
         <ex>laconpagnie</ex>
         <ex>conmence</ex>
         <ex>conmence
</ex>
         <ex>conment</ex>
         <ex>consomee</ex>
         <ex>conmencierent</ex>
         <ex>conme
</ex>
         <ex>conmencierent</ex>
         <ex>siconil
</ex>
         <ex>conme</ex>
         <ex>ieconment</ex>
         <ex>conmen</ex>
         <ex>ilconmanderent</ex>
         <ex>conmanderent</ex>
         <ex>sesconmandemenz</ex>
         <ex>conmenci</ex>
         <ex>leconmandement</ex>
         <ex>conmencierent</ex>
         <ex>conme</ex>
         <ex>conme</ex>
         <ex>conmanda</ex>
         <ex>conmence</ex>
         <ex>conmence
</ex>
         <ex>conmen</ex>
         <ex>conme</ex>
         <ex>conmencent</ex>
         <ex>confessor.</ex>
         <ex>conmencent</ex>
         <ex>confessor.</ex>
         <ex>conmen</ex>
         <ex>oitconmand</ex>
         <ex>conmand</ex>
         <ex>leconmencierent
</ex>
         <ex>lorconmanda
</ex>
         <ex>conmandast
</ex>
         <ex>ocirreconment</ex>
         <ex>conme</ex>
         <ex>conmande</ex>
         <ex>conment</ex>
         <ex>connurent</ex>
         <ex>conmande</ex>
         <ex>conmencierent</ex>
         <ex>conmencie</ex>
         <ex>conmen</ex>
         <ex>conment</ex>
         <ex>conmande</ex>
         <ex>liconmandemens</ex>
         <ex>conmen</ex>
         <ex>conmencierent</ex>
         <ex>raconte</ex>
         <ex>raconte</ex>
         <ex>conmen</ex>
         <ex>oieconment</ex>
         <ex>conme</ex>
         <ex>conmen</ex>
         <ex>conmanda</ex>
         <ex>conmande</ex>
         <ex>leconmandement</ex>
         <ex>conme</ex>
         <ex>conme</ex>
         <ex>conmencier</ex>
         <ex>leconmen</ex>
         <ex>conmanda</ex>
         <ex>conme</ex>
         <ex>conme</ex>
         <ex>laconmanda
</ex>
         <ex>conmen</ex>
         <ex>oscontro</ex>
         <ex>conmencierent</ex>
         <ex>congi</ex>
         <ex>conmen</ex>
         <ex>conmen</ex>
         <ex>conme</ex>
         <ex>siconme
</ex>
         <ex>conme</ex>
         <ex>connoi</ex>
         <ex>conme</ex>
         <ex>conmen</ex>
         <ex>conmen</ex>
         <ex>liconmen</ex>
         <ex>conman</ex>
         <ex>conmen</ex>
         <ex>conmandoit</ex>
         <ex>conme
</ex>
         <ex>conmanda</ex>
         <ex>conmanz</ex>
         <ex>conmand</ex>
         <ex>conmanz</ex>
         <ex>conmandemenz</ex>
         <ex>conmanderoit</ex>
         <ex>conman</ex>
         <ex>conmandement</ex>
         <ex>conmen</ex>
         <ex>lesconmandemenz</ex>
         <ex>conman</ex>
         <ex>lacontree</ex>
         <ex>conmencierent</ex>
         <ex>conmenci</ex>
         <ex>conne</ex>
         <ex>encontre</ex>
         <ex>aconplir</ex>
         <ex>conme</ex>
         <ex>conmence
</ex>
         <ex>conmen</ex>
         <ex>conmencement</ex>
         <ex>conmand</ex>
         <ex>conmanda</ex>
         <ex>conment</ex>
         <ex>conient
</ex>
         <ex>conme</ex>
         <ex>conme</ex>
         <ex>conmencierent</ex>
         <ex>conmencierent</ex>
         <ex>conme</ex>
         <ex>lesconmencierent</ex>
         <ex>conne</ex>
         <ex>conmencement</ex>
         <ex>conment</ex>
         <ex>conmen</ex>
         <ex>conmen</ex>
         <ex>siconmen</ex>
         <ex>conmander</ex>
         <ex>conmanda</ex>
         <ex>conmencierent</ex>
         <ex>conmanda</ex>
         <ex>conmandement
</ex>
         <ex>liconmen</ex>
         <ex>conmen</ex>
         <ex>leconmandement</ex>
         <ex>conmen</ex>
         <ex>conmanda</ex>
         <ex>conme</ex>
         <ex>conmencierent
</ex>
         <ex>lacontree</ex>
         <ex>conment</ex>
         <ex>conmen</ex>
         <ex>conmanda</ex>
         <ex>conmen</ex>
         <ex>conme</ex>
      </td>
   </tr>
   <tr>
      <td></td>
      <td>
         <em>qe</em>
         <ex>onqes</ex>
         <ex>onqes</ex>
         <ex>tresqeas</ex>
         <ex>onqes</ex>
         <ex>esqeen</ex>
         <ex>qeil</ex>
         <ex>onqes</ex>
         <ex>onqes</ex>
         <ex>qels</ex>
         <ex>onqes</ex>
         <ex>anqeonqes</ex>
         <ex>onqes</ex>
         <ex>reisonsqetu</ex>
         <ex>auqes</ex>
         <ex>qee</ex>
         <ex>asqes</ex>
         <ex>reqerre</ex>
      </td>
   </tr>
   <tr>
      <td>﻿p</td>
      <td>
         <em>pre</em>
         <ex>pretres</ex>
         <ex>lipreost</ex>
      </td>
      <td>
         <em>pré</em>
         <ex>Aprés</ex>
         <ex>Aprés</ex>
      </td>
   </tr>
   <tr>
      <td>﻿ꝑ</td>
      <td>
         <em>Per</em>
         <ex>﻿Pere</ex>
      </td>
      <td>
         <em>par</em>
         <ex>ne﻿parla</ex>
         <ex>parmons</ex>
         <ex>departi
</ex>
         <ex>﻿partie.</ex>
         <ex>forceparla</ex>
         <ex>parmiracles</ex>
         <ex>oirpar
</ex>
         <ex>parta</ex>
         <ex>paroles</ex>
         <ex>parties</ex>
         <ex>es﻿partirent</ex>
         <ex>baptesmeparlor</ex>
         <ex>﻿parlor</ex>
         <ex>﻿parmoi</ex>
         <ex>foiparcoi</ex>
         <ex>﻿partirent</ex>
         <ex>aparut</ex>
         <ex>cenz﻿parn</ex>
         <ex>lumiere﻿parmenable</ex>
         <ex>﻿parta</ex>
         <ex>﻿parles</ex>
         <ex>parce</ex>
         <ex>parmenable.</ex>
         <ex>de﻿parti</ex>
         <ex>﻿partotes</ex>
         <ex>﻿parmenable</ex>
         <ex>﻿parler
</ex>
         <ex>departie</ex>
         <ex>﻿par</ex>
         <ex>departiroit</ex>
         <ex>﻿parcest</ex>
         <ex>﻿parcom
</ex>
         <ex>messepargrant</ex>
         <ex>partote
</ex>
         <ex>﻿parses
</ex>
         <ex>lesparoles</ex>
         <ex>﻿parnostre</ex>
         <ex>sacra﻿pargrant</ex>
         <ex>﻿partotes</ex>
         <ex>eparlui
</ex>
         <ex>de﻿parti</ex>
         <ex>pargeunes</ex>
         <ex>parmenable</ex>
         <ex>departoit</ex>
         <ex>departies.</ex>
         <ex>parmi</ex>
         <ex>partie</ex>
         <ex>parles</ex>
         <ex>seulementparnon</ex>
         <ex>departir</ex>
         <ex>partout
</ex>
         <ex>parma</ex>
         <ex>par
</ex>
         <ex>departi
</ex>
         <ex>seisiparmi</ex>
         <ex>parole</ex>
         <ex>departi</ex>
         <ex>amesparson</ex>
         <ex>partout</ex>
         <ex>pardesputisons</ex>
         <ex>pareraies</ex>
         <ex>part</ex>
         <ex>parl</ex>
         <ex>parl</ex>
         <ex>parsa</ex>
         <ex>deparnostre</ex>
         <ex>pardolereuse</ex>
         <ex>departi</ex>
         <ex>parla</ex>
         <ex>par</ex>
         <ex>parler</ex>
         <ex>autrepartie</ex>
         <ex>par</ex>
         <ex>sipar</ex>
         <ex>departi</ex>
         <ex>parsa</ex>
         <ex>parsa</ex>
         <ex>parla</ex>
         <ex>parla
</ex>
         <ex>pardon</ex>
         <ex>parla</ex>
         <ex>examplespartieus</ex>
         <ex>parla</ex>
         <ex>partoi</ex>
         <ex>dignesparcui
</ex>
         <ex>parla</ex>
         <ex>partel</ex>
         <ex>parle</ex>
         <ex>parbones</ex>
         <ex>depar</ex>
         <ex>departisist</ex>
         <ex>parsa
</ex>
         <ex>parla</ex>
         <ex>parderriers</ex>
         <ex>parla</ex>
         <ex>departi</ex>
         <ex>par
</ex>
         <ex>metezparce</ex>
         <ex>parmout</ex>
         <ex>donaparla</ex>
         <ex>parlui</ex>
         <ex>oitparla</ex>
         <ex>parsi</ex>
         <ex>alparune</ex>
         <ex>parne</ex>
         <ex>paroles
</ex>
         <ex>parle</ex>
         <ex>par.</ex>
         <ex>parmeintes</ex>
         <ex>siparloit</ex>
         <ex>parl</ex>
         <ex>parmout</ex>
         <ex>parlui
</ex>
         <ex>parses</ex>
         <ex>parmellor
</ex>
         <ex>parloit</ex>
         <ex>parla</ex>
         <ex>parla</ex>
         <ex>parler</ex>
         <ex>cezparoles.</ex>
         <ex>parmeintes</ex>
         <ex>parla</ex>
         <ex>aparut</ex>
         <ex>parler</ex>
         <ex>parle</ex>
         <ex>parmeintes</ex>
         <ex>pardeseure</ex>
         <ex>arsparla</ex>
         <ex>parson</ex>
         <ex>qeparraie</ex>
         <ex>parmenable</ex>
         <ex>mesparoles.</ex>
         <ex>parsa</ex>
         <ex>departirent</ex>
         <ex>parautel
</ex>
         <ex>parole
</ex>
         <ex>enparmenable</ex>
         <ex>parles</ex>
         <ex>parmenable.</ex>
         <ex>departi</ex>
         <ex>paroles</ex>
         <ex>paroles</ex>
         <ex>deparnostre</ex>
         <ex>parnostre</ex>
         <ex>departir
</ex>
         <ex>fuparles</ex>
         <ex>partie</ex>
         <ex>parerit</ex>
         <ex>enoientparcui</ex>
         <ex>partoz</ex>
         <ex>emparmenable</ex>
         <ex>sparenir.</ex>
         <ex>parmolt</ex>
         <ex>touteparfete</ex>
         <ex>parla</ex>
         <ex>paroles</ex>
         <ex>parla</ex>
         <ex>legierementparl</ex>
         <ex>croireparl</ex>
         <ex>﻿partout</ex>
         <ex>parsa</ex>
         <ex>parla</ex>
         <ex>departi</ex>
         <ex>﻿parties</ex>
         <ex>﻿parsa</ex>
         <ex>parle</ex>
         <ex>parmenable.</ex>
         <ex>mandaparmolt</ex>
         <ex>suesfrepartoi</ex>
         <ex>parses</ex>
         <ex>fuparle</ex>
         <ex>partoz</ex>
         <ex>﻿paroles</ex>
         <ex>﻿partout</ex>
         <ex>﻿partie</ex>
         <ex>﻿parsa</ex>
         <ex>oientpargrant
</ex>
         <ex>de﻿partie</ex>
         <ex> ﻿parla</ex>
         <ex>﻿parti</ex>
         <ex>﻿parmout</ex>
         <ex>﻿parmi</ex>
         <ex>﻿parmi</ex>
         <ex>parmenable</ex>
         <ex>tantparmer</ex>
         <ex>﻿partirent</ex>
         <ex>reporterentparnuit</ex>
         <ex>languagespartoute</ex>
         <ex>totespars.</ex>
         <ex>parmout</ex>
         <ex>totesparz</ex>
         <ex>teesparles</ex>
         <ex>﻿parmout</ex>
         <ex> parta</ex>
         <ex> parler</ex>
         <ex> parler</ex>
         <ex>nosparlions</ex>
         <ex>parla</ex>
         <ex>parsonges
</ex>
         <ex>parla</ex>
         <ex>paroles
</ex>
         <ex>departi</ex>
         <ex>partie</ex>
         <ex>departi</ex>
         <ex>departi</ex>
         <ex>partir</ex>
         <ex>para</ex>
         <ex>parcharmes.</ex>
         <ex>mparla</ex>
         <ex>abbesparla</ex>
         <ex>departi</ex>
         <ex>partie</ex>
         <ex>partoz</ex>
         <ex>par</ex>
         <ex>parbrief</ex>
         <ex>departoit.</ex>
         <ex>para</ex>
         <ex>pardon</ex>
         <ex>anzparces</ex>
         <ex>partrois</ex>
         <ex>parla</ex>
         <ex>arriereparce</ex>
         <ex>departirent</ex>
         <ex>parla</ex>
         <ex>parvomite.</ex>
         <ex>parla
</ex>
         <ex>paroles</ex>
         <ex>parenir
</ex>
         <ex>parla</ex>
         <ex>departiz</ex>
         <ex>part
</ex>
         <ex>oientparruile</ex>
         <ex>autrepartie</ex>
         <ex>parla
</ex>
         <ex>laparo</ex>
         <ex>departi</ex>
         <ex>sparceste</ex>
         <ex>departi</ex>
         <ex>parmer</ex>
         <ex>partote</ex>
         <ex>pareus</ex>
         <ex>parla</ex>
         <ex>parloient</ex>
         <ex>Tuparoles
</ex>
         <ex>ndepartote
</ex>
         <ex>parties</ex>
         <ex>pareu</ex>
         <ex>paroe</ex>
         <ex>departisist</ex>
         <ex>faitepargrant
</ex>
         <ex>partoz</ex>
         <ex>partoz</ex>
         <ex>partoz</ex>
         <ex>pargrant</ex>
         <ex>parmenable</ex>
         <ex>departi</ex>
         <ex>parl</ex>
         <ex>parmeintes</ex>
         <ex>foizparmi</ex>
         <ex>parlerent.</ex>
         <ex>lui par</ex>
         <ex>nespara</ex>
         <ex>parenue</ex>
         <ex>parlions</ex>
         <ex>parson</ex>
         <ex>departi</ex>
         <ex>partesmoins</ex>
         <ex>departement</ex>
         <ex>﻿parmout</ex>
         <ex>par﻿ses</ex>
         <ex>﻿par.</ex>
         <ex>autrepart</ex>
         <ex>﻿parlor</ex>
         <ex>﻿parole</ex>
         <ex>departirent</ex>
      </td>
      <td>
         <em>per</em>
         <ex>desesper﻿</ex>
         <ex>sperit</ex>
         <ex>a﻿pertement</ex>
         <ex>em﻿pereres</ex>
         <ex>empereres</ex>
         <ex>em﻿pereres</ex>
         <ex>﻿peres</ex>
         <ex>ses﻿peres</ex>
         <ex>em﻿pereres</ex>
         <ex>pere</ex>
         <ex>empereors</ex>
         <ex>empereor
</ex>
         <ex>empereres</ex>
         <ex>empereor</ex>
         <ex>empereres
</ex>
         <ex>empereres</ex>
         <ex>empereor</ex>
         <ex>aperut</ex>
         <ex>esperit</ex>
         <ex>peres</ex>
         <ex>empereres</ex>
         <ex>empereres</ex>
         <ex>empereor</ex>
         <ex>empereres</ex>
         <ex>empereres
</ex>
         <ex>empereres</ex>
         <ex>empereor
</ex>
         <ex>empereres</ex>
         <ex>empereres</ex>
         <ex>emperere</ex>
         <ex>empereor</ex>
         <ex>empereor</ex>
         <ex>empereor</ex>
         <ex>empereor</ex>
         <ex>empereres</ex>
         <ex>apertement</ex>
         <ex>sperit</ex>
         <ex>esperiz</ex>
         <ex>aperce</ex>
         <ex>esperiz</ex>
         <ex>em﻿pereor</ex>
         <ex>empereor</ex>
         <ex>em﻿pereor</ex>
         <ex>em﻿pereor</ex>
         <ex>em﻿pereor</ex>
         <ex>em﻿pereres
</ex>
         <ex>em﻿pereres</ex>
         <ex>empereres</ex>
         <ex>em﻿pereres
</ex>
         <ex>em﻿pereres</ex>
         <ex>mpereres</ex>
         <ex>empereres
</ex>
         <ex>empereor.</ex>
         <ex>a﻿pertement</ex>
         <ex>empereres</ex>
         <ex>﻿pere</ex>
         <ex>aperce</ex>
         <ex>aperce</ex>
         <ex>em﻿pereor</ex>
         <ex>empereres</ex>
         <ex>em﻿pereor
</ex>
      </td>
      <td>
         <em>pre</em>
         <ex>prestre</ex>
         <ex>Liprestres</ex>
         <ex>prestre</ex>
      </td>
      <td>
         <em>pro</em>
         <ex>apropinquabit</ex>
      </td>
   </tr>
   <tr>
      <td>﻿﻿﻿spū</td>
      <td>
         <em>spiritu</em>
         <ex>etspiritu</ex>
      </td>
   </tr>
   <tr>
      <td>﻿﻿﻿uͤ</td>
      <td>
         <em>vre</em>
         <ex>oevres</ex>
         <ex>povres</ex>
         <ex>oevres</ex>
         <ex>oevres</ex>
      </td>
   </tr>
   <tr>
      <td>﻿﻿﻿uͥ</td>
      <td>
         <em>uer</em>
         <ex>fuerit</ex>
      </td>
   </tr>
   <tr>
      <td>﻿﻿﻿ū</td>
      <td>
         <em>um</em>
         <ex>regnumcelo</ex>
         <ex>regnumDei</ex>
         <ex>epotianum</ex>
         <ex>eternumin</ex>
      </td>
      <td>
         <em>un</em>
         <ex>dunchastel</ex>
         <ex>chascunleu</ex>
         <ex>Aucunbien</ex>
         <ex>chascunor</ex>
      </td>
      <td>
         <em>ver</em>
         <ex>envers</ex>
         <ex>vertuz</ex>
         <ex>diverses</ex>
         <ex>envers</ex>
         <ex>envers</ex>
      </td>
   </tr>
</table>Vie de saint MartinWauchier de DenainAriane Pinchecreative commons CC BY-NC-SA 3.0 FR2015-2018jns.915.jns1856.ciham-fro1ParisBibliothèque nationale de Francefr. 00412Oeuvres hagiographiques de Wauchier de Denain1285Notice tiré de la base Jonas, Anne-Françoise Leurquin et Marie-Laure Savoye,
                     notice de "PARIS, Bibliothèque nationale de France, Manuscrits, fr. 00412" dans
                     la base Jonas-IRHT/CNRS (permalink : http://jonas.irht.cnrs.fr/manuscrit/45533). Consultation du
                     03/07/2015 fol.103-fol.170Wauchier de DenainOeuvres hagiographiques 'Li Seint Confessor' de Wauchier de
                        DenainDe saint mMartin mout doit on doucement et volentiers le bien
                        oiïr etentendreparchemin33024521 Senions, 245 foliosCarolineParisBibliothèque nationale de Francefr. 00411Oeuvres hagiographiques de Wauchier de Denain14e siècleThis pointer pattern extracts chapter and sectionThis pointer pattern extracts chapter.Martin (saint)316397Saint Martin de Tours est né dans en
                     Hongrie dans la colonie romaine de Sabaria en 316. Il est mort à Candes en France le 8 novembre 397.Jésus Christ030Jésus-Christ est le nom donné par l'ensemble des
                     chrétiens au prophète qu'ils considèrent comme le Messie et le fils unique de
                     Dieu.Julien331363Flavius Claudius Julianus, nommé Julien l’Apostat
                     par la tradition chrétienne. Il doit son surnom à sa volonté de rétablir le
                     polythéisme dans l’Empire romain.Hilaire315367Hilaire de Poitiers, évêque de Poitiers, écrivain
                     latin chrétien. Théologien du IVe siècle, il fut un grand défenseur de
                     l'orthodoxie nicéenne face à l'arianisme. Saint Martin le rejoignit en 356 et
                     devint alors son élève.Arius256336Arius, prêtre
                     d'Alexandrie, est le fondateur de l'une des plus importantes hérésies
                     christologiques, l'arianisme. Il sera excommunié et déclaré hérésiarque en 325
                     lors du concile de Nicée.LupicinPersonnage de la Vie de saint
                        Martin, homme important de la ville de Poitiers.RurtiusPersonnage de la Vie de saint
                        Martin, homme important de la ville de Tours.ThedradesPersonnage de la Vie de saint
                        Martin, consul de la cité de Trèves.ArboriusMagnus Arborius, élu comte des largesses sacrées en 379,
                     puis préfet de Rome en 380, il aurait été l’un des protecteurs de saint Martin,
                     voir Sulpice Sévère, Vie de saint
                           Martin. Tome II, éd. Jacques Fontaine, Paris Éd du Cerf, 1968,
                        p.874.Paulin353431Paulin de Nole, né à
                     Bordeaux vers 353, mort à Nole en 431, est un poète et un ecclésiastique latin
                     contemporain de saint Augustin et de Martin de
                        Tours, qui l'encouragea dans sa vocation religieuse. Il a été
                     évêque de Nole de 409 à sa mort.Maximin1738 août 384Magnus Clemens
                     Maximusest un officier romain qui à la tête des légions de Bretagne
                     renversa en 383 l'empereur Gratien, et régna sur l'Occident jusqu'en 388, où il
                     fut vaincu et tué par les troupes de Théodose.Valentinien37115 mai 392Valentinien II, fils de Valentinien Ier, est
                     empereur romain de 375 à 392. Severus363420Sulpice Sévère, avocat
                     aquitain, il devint prêtre et s'attacha à saint Martin. Il est l'auteur d'une
                     Chronique universelle (403), de la Vita Martini (397) et
                     des Dialogues (404)SeverinSaint Séverin de
                        Cologne, évêque de cologne au à la fin du IVe siècle.ClarusPersonnage de la Vie de saint
                        Martin, Clarus a très probablement existé. Paulin de Nole fait allusion
                     à lui dans trois poèmes (epist. 2, 5, epist. 32, 6). Il est possible qu’il ait
                     été pour Martin une sorte de maître des novices, voir Sulpice
                           Sévère, Vie de saint Martin. Tome III,
                        éd. Jacques Fontaine, Paris Les Ed du Cerf, 1969, p.994.AnatoliusPersonnage de la Vie de saint
                        Martin, Anatolius est un nom que portent souvent les esclaves
                     orientaux. ElyePersonnage biblique, il est considéré comme un prophète
                     majeur des religions abrahamiques.RufusPersonnage de la Vie de saint
                        Martin, évêque d'Espagne qui crut en un faux prophète.Jean (Baptiste)Personnage biblique, Jean le
                        Baptiste fut prédicateur en Judée avant Jésus de Nazareth.AbrahamPersonnage biblique, Abraham est le personnage fondateur
                     des religions juives, chrétienne et musulmane.GratienIIIe siècle301Premier évêque de Tours.IVe siècle371LidoireLidoire (en latin Litorius) fut ordonné second évêque de
                        Tours en 338, il est le prédecesseur de
                        saint Martin.340397AmbroseSaint Ambroise, évêque
                     de Milan, est père et docteur de l'Église latine. Il est le maître à penser de
                        saint Martin.MichelPersonnage biblique, Michel est un archange et un saint chrétien, saint patron
                     du catholicisme. Il est principalement représenté en chevalier ailé qui
                     terrasse le Diable.MariePersonnage biblique, la vierge
                        Marie est la mère de Dieu.Ve siècle490Perpetuussixième évêque de ToursJupiterDieu romainMercuriusDieu romainVenusDéesse romaineMinerveDéesse romaineFrancePannonieRégion romaine d'Europe centrale, actuelle HongrieRome41.8919300 12.5113300AmiensPoitiers46.5833300 0.3333300Milan46.5833300 0.3333300LombardieTours47.3833300 0.6833300LoireCalitoneVille inconnueParis48.8534100 2.3488000AquiléeEspagneOrientVangioneCandesPoitouTouraineVienne48.2084900 16.3720800 Cologne50.9333300 6.9500000Saint-Pierre-de-Cologne50.9333300 6.9500000Sabarie47.2308800 16.6215500Szombathely, ville de Hongrie, ancienne colonie romaine du nom de Sabaria où
                     saint Martin serait né en 316 et où Septime Sévère fut proclamé empereur. Cette
                     place militaire essentielle fut converti très tôt au christianisme.MongiuCol du Grand-Saint-Bernard dans les Alpes.<table>
   <tr>
      <td>'</td>
      <td>
         <em>er</em>
         <ex>troeren</ex>
         <ex>terme</ex>
         <ex>esmerellier</ex>
         <ex>mengiertant</ex>
      </td>
      <td>
         <em>ier</em>
         <ex>olentiers</ex>
         <ex>aidierne
</ex>
         <ex>chevaliers</ex>
         <ex>mostiere
</ex>
         <ex>plenier.</ex>
      </td>
      <td>
         <em>os</em>
         <ex>osdirai</ex>
         <ex>nosentr</ex>
         <ex>oseoir</ex>
         <ex>faireosoel</ex>
         <ex>nosa</ex>
         <ex>nosde</ex>
         <ex>eosai</ex>
         <ex>osne</ex>
         <ex>nosa</ex>
         <ex>nosfumes</ex>
         <ex>nos</ex>
         <ex>nosaparoit</ex>
         <ex>osraconteroie</ex>
         <ex>nos</ex>
         <ex>nospe</ex>
         <ex>nosen
</ex>
         <ex>os</ex>
         <ex>osdiroie</ex>
         <ex>osconterai</ex>
         <ex>osen</ex>
         <ex>osos</ex>
         <ex>os
</ex>
         <ex>nose</ex>
      </td>
      <td>
         <em>re</em>
         <ex>prendre.</ex>
         <ex>premiers</ex>
         <ex>entendrene</ex>
      </td>
      <td>
         <em>s</em>
         <ex>us
</ex>
         <ex>sacreficesar</ex>
         <ex>bones</ex>
      </td>
      <td>
         <em>ue</em>
         <ex>queuns</ex>
         <ex>esqueqi</ex>
      </td>
      <td>
         <em>us</em>
         <ex>Beaussignors</ex>
         <ex>Beaussignor</ex>
         <ex>Beausperes</ex>
         <ex>estusde</ex>
         <ex>plus
</ex>
         <ex>plusententi</ex>
         <ex>Beaus
</ex>
         <ex>esperitueusce</ex>
         <ex>Beausfreres</ex>
         <ex>essiausmetre</ex>
         <ex>arceaus</ex>
         <ex>arceaus</ex>
         <ex>enceausdist</ex>
         <ex>porceaus.</ex>
         <ex>enceausau
</ex>
         <ex>Beaussire</ex>
         <ex>enceaussa</ex>
         <ex>enusde</ex>
         <ex>arceaus</ex>
         <ex>ceusqi</ex>
         <ex>dusgardes</ex>
         <ex>enus</ex>
         <ex>iustenues.</ex>
         <ex>tieuschoses</ex>
         <ex>enciaushauz</ex>
         <ex>ceusqi</ex>
         <ex>Beausfiuz</ex>
         <ex>enuscoment</ex>
         <ex>engigneusestoient</ex>
         <ex>enceausdeli</ex>
         <ex>morteusl</ex>
         <ex>euserrachoient
</ex>
         <ex>languereusclop</ex>
         <ex>languereusa</ex>
         <ex>eusensamble</ex>
         <ex>eusq</ex>
         <ex>estussanz</ex>
         <ex>enceauspuceles</ex>
         <ex>chasteausdes
</ex>
         <ex>palezineuspelerins</ex>
         <ex>enceaustenoit</ex>
         <ex>piausde</ex>
         <ex>beausmiracles.</ex>
         <ex>allus</ex>
         <ex>erus</ex>
         <ex>plusconter</ex>
      </td>
   </tr>
   <tr>
      <td>a'</td>
      <td>
         <em>an</em>
         <ex>afairesant</ex>
      </td>
   </tr>
   <tr>
      <td>aᷤ</td>
      <td>
         <em>as</em>
         <ex>ase</ex>
      </td>
   </tr>
   <tr>
      <td>bƺ</td>
      <td>
         <em>bus</em>
         <ex>omnibus</ex>
         <ex>ebus
</ex>
      </td>
   </tr>
   <tr>
      <td>cͥ</td>
      <td>
         <em>Cri</em>
         <ex>Crist</ex>
      </td>
      <td>
         <em>cri</em>
         <ex>ntecrist</ex>
      </td>
   </tr>
   <tr>
      <td>d'</td>
      <td>
         <em>dre</em>
         <ex>pendreen</ex>
      </td>
   </tr>
   <tr>
      <td>dͤ</td>
      <td>
         <em>de</em>
         <ex>gardede</ex>
      </td>
   </tr>
   <tr>
      <td>d</td>
      <td>
         <em>Domin</em>
         <ex>Domins</ex>
         <ex>Domine</ex>
      </td>
   </tr>
   <tr>
      <td>e'</td>
      <td>
         <em>en</em>
         <ex>laidengier</ex>
      </td>
   </tr>
   <tr>
      <td>eᷤ</td>
      <td>
         <em>es</em>
         <ex>deciplessi</ex>
         <ex>mesla</ex>
         <ex>iresli
</ex>
         <ex>choses.</ex>
         <ex>auques</ex>
         <ex>Mespor</ex>
      </td>
   </tr>
   <tr>
      <td>iͣ</td>
      <td>
         <em>rai</em>
         <ex>destraig</ex>
      </td>
   </tr>
   <tr>
      <td>iᷤ</td>
      <td>
         <em>is</em>
         <ex>puisqe</ex>
      </td>
   </tr>
   <tr>
      <td>mlt'</td>
      <td>
         <em>molt</em>
         <ex>moltde</ex>
         <ex>rochemoltestoit</ex>
         <ex>molt
</ex>
         <ex>molta</ex>
         <ex>moltso</ex>
         <ex>moltdocement</ex>
         <ex>moltcruelment</ex>
         <ex>moltdesirroit
</ex>
         <ex>molt</ex>
         <ex>molt</ex>
         <ex>moltdolenz</ex>
         <ex>moltcombrisiez</ex>
         <ex>moltestoit</ex>
         <ex>demoltgrant
</ex>
         <ex>moltbenignement</ex>
         <ex>eslectionmoltproierent</ex>
         <ex>moltgrant</ex>
         <ex>moltriches</ex>
         <ex>moltdolenz
</ex>
         <ex>moltpetit.</ex>
         <ex>moltiau</ex>
         <ex>moltgrant</ex>
         <ex>moltcar</ex>
         <ex>moltqe</ex>
         <ex>moltbenignement.</ex>
         <ex>moltfelon</ex>
         <ex>moltso</ex>
         <ex>moltprodome</ex>
         <ex>moltco</ex>
      </td>
   </tr>
   <tr>
      <td>m̃</td>
      <td>
         <em>mur</em>
         <ex>forsmurs</ex>
      </td>
   </tr>
   <tr>
      <td>m̅</td>
      <td>
         <em>men</em>
         <ex>longuement</ex>
         <ex>isnelement</ex>
         <ex>premierement</ex>
         <ex>meesmement</ex>
         <ex>habundanment.</ex>
         <ex>solement</ex>
         <ex>amonestement</ex>
         <ex>tormenz</ex>
         <ex>ement</ex>
         <ex>eraiement</ex>
         <ex>mencement</ex>
         <ex>dediement</ex>
         <ex>assiduelment</ex>
         <ex>heitiement</ex>
         <ex>tormentoit</ex>
         <ex>oignement</ex>
         <ex>longuement.</ex>
         <ex>esleecement.</ex>
         <ex>erranment</ex>
         <ex>comandemenz</ex>
         <ex>comandement</ex>
         <ex>durement</ex>
         <ex>docement</ex>
         <ex>rement</ex>
         <ex>benignement</ex>
         <ex>menablement</ex>
         <ex>solement</ex>
         <ex>belement</ex>
         <ex>seulement</ex>
         <ex>hautement</ex>
         <ex>raiement</ex>
         <ex>solement</ex>
         <ex>seulement</ex>
         <ex>pleinement</ex>
         <ex>hardiement</ex>
         <ex>meesmement</ex>
         <ex>seulement</ex>
         <ex>Ensement</ex>
         <ex>isnelement</ex>
         <ex>ement.</ex>
         <ex>autrement</ex>
         <ex>pleinement</ex>
      </td>
      <td>
         <em>mer</em>
         <ex>merel</ex>
      </td>
   </tr>
   <tr>
      <td>mͣ</td>
      <td>
         <em>Mar</em>
         <ex> Mart</ex>
         <ex>Mart</ex>
      </td>
   </tr>
   <tr>
      <td>nͣ</td>
      <td>
         <em>an</em>
         <ex>Qant</ex>
         <ex>mestierant</ex>
         <ex>qant</ex>
         <ex>Qant</ex>
         <ex>qant</ex>
         <ex>qant</ex>
         <ex>Qant</ex>
         <ex>Qant</ex>
         <ex>qant</ex>
         <ex>Qant</ex>
         <ex>Qant</ex>
         <ex>Qant</ex>
         <ex>Qant</ex>
         <ex>Qant</ex>
         <ex>Qant</ex>
         <ex>Qant</ex>
         <ex>qant</ex>
         <ex>qant</ex>
         <ex>Qant</ex>
         <ex>Qant</ex>
         <ex>qant</ex>
         <ex>qant</ex>
         <ex>qant</ex>
         <ex>qant</ex>
         <ex>Qant</ex>
         <ex>Qant</ex>
         <ex>qant</ex>
         <ex>Qant</ex>
         <ex>Qant</ex>
         <ex>qant</ex>
         <ex>qant</ex>
         <ex>Qant</ex>
         <ex>Qant</ex>
         <ex>Qant</ex>
         <ex>qant</ex>
         <ex>Qant</ex>
         <ex>Qant</ex>
         <ex>Qant</ex>
         <ex>qant</ex>
         <ex>qant</ex>
         <ex>qant</ex>
         <ex>qant</ex>
         <ex>qant</ex>
         <ex>qant</ex>
         <ex>qant</ex>
         <ex>Qant</ex>
         <ex>Qant</ex>
         <ex>Qant</ex>
         <ex>Qant</ex>
         <ex>qant</ex>
         <ex>Qant</ex>
         <ex>qant</ex>
         <ex>qant</ex>
         <ex>qant</ex>
         <ex>Qant</ex>
         <ex>qant</ex>
      </td>
      <td>
         <em>ran</em>
         <ex>granz</ex>
         <ex>granz</ex>
         <ex>grant</ex>
         <ex>grant</ex>
         <ex>grant</ex>
         <ex>grant</ex>
         <ex>grant</ex>
         <ex>grant</ex>
         <ex>grant</ex>
         <ex>grans</ex>
         <ex>grant</ex>
         <ex>grant</ex>
         <ex>grant</ex>
         <ex>grant</ex>
         <ex>grant</ex>
         <ex>granz</ex>
         <ex>grant</ex>
         <ex>granz</ex>
         <ex>grant</ex>
         <ex>grant</ex>
         <ex>grant</ex>
         <ex>grant</ex>
         <ex>grant</ex>
         <ex>grant</ex>
         <ex>grant</ex>
         <ex>granz</ex>
         <ex>grant</ex>
         <ex>grant</ex>
      </td>
   </tr>
   <tr>
      <td>nͥ</td>
      <td>
         <em>nier</em>
         <ex>maniere</ex>
      </td>
   </tr>
   <tr>
      <td>nͬ</td>
      <td>
         <em>nor</em>
         <ex>signordedenz</ex>
      </td>
   </tr>
   <tr>
      <td>nᷤ</td>
      <td>
         <em>ns</em>
         <ex>tens.</ex>
      </td>
   </tr>
   <tr>
      <td>o'</td>
      <td>
         <em>om</em>
         <ex>comli</ex>
         <ex>preudomseinz
</ex>
         <ex>comil</ex>
         <ex>comla</ex>
         <ex>preudom.</ex>
      </td>
      <td>
         <em>on</em>
         <ex>orisona</ex>
         <ex>confessor</ex>
         <ex>confessor</ex>
         <ex>son
</ex>
         <ex>conment</ex>
      </td>
   </tr>
   <tr>
      <td>pͥ</td>
      <td>
         <em>pri</em>
         <ex>espris</ex>
         <ex>prise.</ex>
         <ex>primes</ex>
         <ex>prist</ex>
         <ex>lesprinces</ex>
         <ex>repris</ex>
         <ex>prist</ex>
      </td>
   </tr>
   <tr>
      <td>pͬ</td>
      <td>
         <em>pr</em>
         <ex> pres</ex>
         <ex>esqepres</ex>
      </td>
   </tr>
   <tr>
      <td>q'</td>
      <td>
         <em>q'e</em>
         <ex>q'eles</ex>
         <ex>q'ele</ex>
      </td>
   </tr>
   <tr>
      <td>qƺ</td>
      <td>
         <em>que</em>
         <ex>usque</ex>
      </td>
   </tr>
   <tr>
      <td>qͤ</td>
      <td>
         <em>qe</em>
         <ex>qesi</ex>
      </td>
   </tr>
   <tr>
      <td>qͥ</td>
      <td>
         <em>q'i</em>
         <ex>q'il</ex>
         <ex>q'il</ex>
         <ex>ceq'il</ex>
         <ex>teleq'il</ex>
         <ex>q'il</ex>
         <ex>q'il</ex>
         <ex>q'il</ex>
         <ex>q'il</ex>
         <ex>foisq'il</ex>
      </td>
      <td>
         <em>qi</em>
         <ex>eritqi </ex>
         <ex>esqisi</ex>
         <ex>qiadis</ex>
         <ex>teqi</ex>
         <ex>teqi</ex>
      </td>
   </tr>
   <tr>
      <td>rͤ</td>
      <td>
         <em>re</em>
         <ex>eincoreesgarder</ex>
      </td>
   </tr>
   <tr>
      <td>rͥ</td>
      <td>
         <em>ri</em>
         <ex>grief</ex>
      </td>
   </tr>
   <tr>
      <td>s'</td>
      <td>
         <em>seint</em>
         <ex>seintartin</ex>
         <ex>seintartin</ex>
         <ex>seintartin</ex>
         <ex>seint </ex>
         <ex>seintt</ex>
         <ex>de.seint.</ex>
         <ex>.seint.</ex>
      </td>
   </tr>
   <tr>
      <td>tº</td>
      <td>
         <em>tro</em>
         <ex>estroite.</ex>
      </td>
   </tr>
   <tr>
      <td>tͧ</td>
      <td>
         <em>tur</em>
         <ex>nature</ex>
      </td>
   </tr>
   <tr>
      <td>tᵉ</td>
      <td>
         <em>tre</em>
         <ex>autrel</ex>
         <ex>nostreignor
</ex>
         <ex>nostreignor
</ex>
         <ex>autres</ex>
         <ex>contree</ex>
         <ex>nostreignor</ex>
         <ex>mestres</ex>
         <ex>prestres</ex>
      </td>
   </tr>
   <tr>
      <td>uͥ</td>
      <td>
         <em>vri</em>
         <ex>covrir</ex>
      </td>
   </tr>
   <tr>
      <td>ñ</td>
      <td>
         <em>non</em>
         <ex>non
</ex>
         <ex> non</ex>
      </td>
   </tr>
   <tr>
      <td>ā</td>
      <td>
         <em>am</em>
         <ex>Penitentiam</ex>
         <ex>ensamble</ex>
      </td>
      <td>
         <em>an</em>
         <ex>grant</ex>
         <ex>semblant</ex>
         <ex>marcheanz</ex>
         <ex>meintenant</ex>
         <ex>creance</ex>
         <ex>tramblant</ex>
         <ex>sanblance</ex>
         <ex>enfant</ex>
         <ex>grant</ex>
         <ex>deant</ex>
         <ex>rance</ex>
         <ex>preecant</ex>
         <ex>rance.</ex>
         <ex>tant</ex>
         <ex>anssambl</ex>
         <ex>demandai</ex>
         <ex>grant</ex>
         <ex>manmon
</ex>
         <ex>demanda</ex>
         <ex>sanz
</ex>
         <ex>tant</ex>
         <ex>deant</ex>
         <ex>doutance.</ex>
         <ex>creance</ex>
         <ex>deant</ex>
         <ex>tant</ex>
         <ex>aant</ex>
         <ex>enfant</ex>
         <ex>nsanble</ex>
         <ex>tant</ex>
         <ex>portanz</ex>
         <ex>granz</ex>
         <ex>granz</ex>
         <ex>serant</ex>
         <ex>estrange</ex>
         <ex>sanz</ex>
         <ex>ramembrance</ex>
         <ex>demorance</ex>
         <ex>grant</ex>
         <ex>seranz</ex>
         <ex>ensanble</ex>
         <ex>tant</ex>
         <ex>aant</ex>
         <ex>tant</ex>
         <ex>tant</ex>
         <ex>grant</ex>
         <ex>deant</ex>
         <ex>tant</ex>
         <ex>demanda</ex>
         <ex>deant</ex>
         <ex>repentanz</ex>
         <ex>meintenant</ex>
         <ex>tant</ex>
         <ex>aant</ex>
         <ex>grant</ex>
         <ex>deant</ex>
         <ex>tant</ex>
         <ex>tant</ex>
         <ex>grant</ex>
      </td>
   </tr>
   <tr>
      <td>ē</td>
      <td>
         <em>em</em>
         <ex>temple.</ex>
         <ex>temp</ex>
         <ex>lempereor</ex>
      </td>
      <td>
         <em>en</em>
         <ex>meintient</ex>
         <ex>citoienfirent</ex>
         <ex>esmurent</ex>
         <ex>Quenusurier</ex>
         <ex>genz</ex>
         <ex>tenpore</ex>
         <ex>tenp</ex>
         <ex>distrent</ex>
         <ex>lendemein</ex>
         <ex>prendre</ex>
         <ex>eroient</ex>
         <ex>ssent</ex>
         <ex>paiena</ex>
         <ex>firent</ex>
         <ex>estoient.</ex>
         <ex>alerent</ex>
         <ex>enorter</ex>
         <ex>griement</ex>
         <ex>bien
</ex>
         <ex>biense</ex>
         <ex>pristrent</ex>
         <ex>mengoit</ex>
         <ex>estoient</ex>
         <ex>estoient</ex>
         <ex>mandement</ex>
         <ex>biensanz</ex>
         <ex>distrent</ex>
         <ex>erent</ex>
         <ex>nen </ex>
         <ex>rendi</ex>
         <ex>doient
</ex>
         <ex>respondirent</ex>
         <ex>oenceaus</ex>
         <ex>denpnabitur.</ex>
         <ex>eoient</ex>
         <ex>indrent</ex>
         <ex>pristrent</ex>
         <ex>cenz</ex>
         <ex>cenz</ex>
         <ex>indrent</ex>
         <ex>fesoient</ex>
         <ex>proierent</ex>
         <ex>nenn</ex>
         <ex>menbres</ex>
         <ex>comena</ex>
         <ex>baptizierent</ex>
         <ex>arrestoient.</ex>
         <ex>descendoit</ex>
         <ex>mistrent</ex>
         <ex>respondirent</ex>
         <ex>chastement</ex>
         <ex>olentiers </ex>
         <ex>estoient</ex>
         <ex>lendemein</ex>
         <ex>oierent</ex>
         <ex>estoient</ex>
         <ex>descendre</ex>
         <ex>croient</ex>
         <ex>estoient</ex>
         <ex>pensoient</ex>
         <ex>oient</ex>
         <ex>eoient
</ex>
         <ex>aoroient</ex>
         <ex>trenchier</ex>
         <ex>noient</ex>
         <ex>rieng</ex>
         <ex>paiens</ex>
         <ex>estoient</ex>
         <ex>portoient</ex>
         <ex>ment</ex>
         <ex>menco</ex>
         <ex>biens</ex>
         <ex>roient</ex>
         <ex>indulgense.</ex>
         <ex>bienraconterai</ex>
         <ex>eillierent</ex>
         <ex>bienqe</ex>
         <ex>estoient</ex>
         <ex>enostre</ex>
         <ex>emporteroient</ex>
         <ex>ssent</ex>
         <ex>entendoit</ex>
         <ex>entendi</ex>
         <ex>porpensa</ex>
         <ex>ellierent</ex>
         <ex>erent</ex>
         <ex>genz</ex>
         <ex>estoient</ex>
         <ex>firent</ex>
         <ex>indrent</ex>
         <ex>mendiz</ex>
         <ex>assemblerent</ex>
         <ex>nenconois
</ex>
         <ex>ceens</ex>
         <ex>estoient</ex>
         <ex>argent</ex>
         <ex>amerent.</ex>
         <ex>estoient</ex>
         <ex>nient</ex>
         <ex>riens</ex>
         <ex>proierent</ex>
         <ex>mistrent</ex>
         <ex>ernement</ex>
         <ex>retiegnent</ex>
         <ex>entendoient</ex>
         <ex>dementieres</ex>
         <ex>siens</ex>
         <ex>oient</ex>
         <ex>irent</ex>
         <ex>prendoit</ex>
         <ex>conurent</ex>
         <ex>ssent.</ex>
         <ex>distrent</ex>
         <ex>trestrent</ex>
         <ex>furent</ex>
         <ex>erent.</ex>
         <ex>bienq</ex>
         <ex>partirent</ex>
         <ex>fussent</ex>
         <ex>rendez</ex>
         <ex>donerent</ex>
         <ex>firent</ex>
         <ex>assiduelment</ex>
         <ex>boient.</ex>
         <ex>fussent</ex>
         <ex>prendroient</ex>
         <ex>entrefirent</ex>
         <ex>oient</ex>
         <ex>emporteroient</ex>
         <ex>mistrent</ex>
         <ex>prendre</ex>
         <ex>demanderent</ex>
         <ex>distrent</ex>
         <ex>irent</ex>
         <ex>distrent</ex>
         <ex>distrent</ex>
         <ex>estoient</ex>
         <ex>retrestrent</ex>
         <ex>oient</ex>
         <ex>repristrent</ex>
         <ex>ent</ex>
         <ex>menroient</ex>
         <ex>diemence</ex>
         <ex>ocistrent.</ex>
         <ex>oelent</ex>
         <ex>demorerent</ex>
         <ex>oencel</ex>
         <ex>reclaiment.</ex>
         <ex>senreperierent</ex>
         <ex>menpuisses</ex>
         <ex>alerent</ex>
         <ex>oenceaus</ex>
         <ex>rient</ex>
         <ex>enz</ex>
         <ex>trentiesme</ex>
         <ex>desirroient</ex>
         <ex>argent</ex>
         <ex>soent</ex>
         <ex>menalai</ex>
         <ex>esgardoient.</ex>
         <ex>mencierent</ex>
         <ex>ententi</ex>
         <ex>assistrent</ex>
         <ex>estoient</ex>
         <ex>ient</ex>
         <ex>ssent</ex>
         <ex>hantent</ex>
         <ex>indrent</ex>
         <ex>mengoit</ex>
         <ex>entreil</ex>
         <ex>mengier</ex>
         <ex>oencel</ex>
         <ex>amoient
</ex>
         <ex>habitent</ex>
         <ex>ssent</ex>
         <ex>longement</ex>
         <ex>eoient</ex>
         <ex>irent</ex>
         <ex>ensanglent</ex>
         <ex>comencierent</ex>
         <ex>prensignast
</ex>
         <ex>prensigniez</ex>
         <ex>tesmoignent</ex>
         <ex>fussent</ex>
         <ex>empense.</ex>
         <ex>nentiegent</ex>
         <ex>biensachiez</ex>
         <ex>ient</ex>
         <ex>tesmoigneroient.</ex>
         <ex>tesmoigneroient</ex>
         <ex>dolenz</ex>
         <ex>bienq</ex>
         <ex>bienles</ex>
         <ex>riens</ex>
         <ex>olent</ex>
         <ex>puent</ex>
      </td>
   </tr>
   <tr>
      <td>ĩ</td>
      <td>
         <em>in</em>
         <ex>seint</ex>
         <ex>seint</ex>
         <ex>seint</ex>
         <ex>estreinz</ex>
         <ex>seinz</ex>
         <ex>seinz</ex>
         <ex>seinz</ex>
         <ex>ausint</ex>
         <ex>seinz</ex>
         <ex>ceint</ex>
         <ex>seint</ex>
         <ex>seinz</ex>
         <ex>Einsint</ex>
         <ex>eintenant
</ex>
         <ex>seint</ex>
         <ex>seint</ex>
         <ex>Seinz</ex>
         <ex>int</ex>
         <ex>seint</ex>
         <ex>aint</ex>
         <ex>ceint</ex>
         <ex>meins</ex>
         <ex>seinz</ex>
         <ex>meintenant</ex>
         <ex>seint</ex>
         <ex>amin</ex>
         <ex>seint</ex>
         <ex>seinz</ex>
         <ex>seinte</ex>
         <ex>seint</ex>
         <ex>meins</ex>
         <ex>Seintismes</ex>
         <ex>einz</ex>
         <ex>einsint</ex>
         <ex>meintenissent
</ex>
         <ex>seinz</ex>
         <ex>seinz</ex>
         <ex>ainz</ex>
         <ex>peinnes
</ex>
         <ex>seint</ex>
         <ex>int
</ex>
         <ex>seinz</ex>
         <ex>tesmoing</ex>
         <ex>seint</ex>
         <ex>vint</ex>
         <ex>seinz</ex>
         <ex>int</ex>
         <ex>seinz</ex>
         <ex>seinz</ex>
         <ex>tin</ex>
         <ex>tin</ex>
         <ex>certeinnement</ex>
         <ex>loing</ex>
         <ex>artins</ex>
         <ex>artin</ex>
         <ex>artin</ex>
         <ex>seinz</ex>
         <ex>artin</ex>
         <ex>seinte</ex>
         <ex>artins</ex>
         <ex>oitint</ex>
         <ex>seint</ex>
         <ex>meinz</ex>
         <ex>seint</ex>
         <ex>meins</ex>
         <ex>int</ex>
         <ex>Meintenant</ex>
         <ex>seinz</ex>
         <ex>seinz</ex>
         <ex>seint</ex>
         <ex>meinz</ex>
         <ex>seinte
</ex>
         <ex>seint</ex>
         <ex>seint</ex>
         <ex>meinune</ex>
         <ex>aint</ex>
         <ex>seinz</ex>
         <ex>seint</ex>
         <ex>oisins
</ex>
         <ex>seinz</ex>
         <ex>seinte</ex>
         <ex>Einsint</ex>
         <ex>seint</ex>
         <ex>seinz</ex>
         <ex>pleins</ex>
         <ex>einz</ex>
         <ex>eleint</ex>
         <ex>seint</ex>
         <ex>seint</ex>
         <ex>aussint</ex>
         <ex>seinz</ex>
         <ex>int</ex>
         <ex>seinz</ex>
         <ex>seint</ex>
         <ex>seint</ex>
         <ex>einsint</ex>
         <ex>ausint</ex>
         <ex>loing</ex>
         <ex>larrecinne
</ex>
         <ex>ing</ex>
         <ex>seint</ex>
         <ex>loing</ex>
         <ex>seinz</ex>
         <ex>seint</ex>
         <ex>seint</ex>
         <ex>enins</ex>
         <ex>meins</ex>
         <ex>seinz</ex>
         <ex>loing</ex>
         <ex>Seinz</ex>
         <ex>artins</ex>
         <ex>int</ex>
         <ex>seint</ex>
         <ex>seint</ex>
         <ex>destreins</ex>
         <ex>seint</ex>
         <ex>reint</ex>
         <ex>compleindre.</ex>
         <ex>artins</ex>
         <ex>meintenir</ex>
      </td>
   </tr>
   <tr>
      <td>ō</td>
      <td>
         <em>om</em>
         <ex>comnos</ex>
         <ex>comil</ex>
         <ex>come</ex>
         <ex>com</ex>
         <ex>comil</ex>
         <ex>nombre.</ex>
         <ex>coml</ex>
         <ex>comli</ex>
         <ex>comtoz</ex>
         <ex>com</ex>
         <ex>comil</ex>
         <ex>comnos</ex>
         <ex>comli</ex>
         <ex>preudommout</ex>
         <ex>homli</ex>
         <ex>comil</ex>
      </td>
      <td>
         <em>on</em>
         <ex>Dont</ex>
         <ex>resoignons</ex>
         <ex>noncierent</ex>
         <ex>mesons</ex>
         <ex>mesonqe</ex>
         <ex>sonser</ex>
         <ex>ision </ex>
         <ex>respondoit</ex>
         <ex>dragonqe</ex>
         <ex>nonsi</ex>
         <ex>beneon.</ex>
         <ex>sont</ex>
         <ex>cont</ex>
         <ex>montaigne</ex>
         <ex>nonmee</ex>
         <ex>anoncierent</ex>
         <ex>cond</ex>
         <ex>conpaignie</ex>
         <ex>raconte</ex>
         <ex>parfondece.</ex>
         <ex>non</ex>
         <ex>mons</ex>
         <ex>barons</ex>
         <ex>contes
</ex>
         <ex>non.</ex>
         <ex>bons</ex>
         <ex>confuson</ex>
         <ex>adonc</ex>
         <ex>respons</ex>
         <ex>oiron</ex>
         <ex>conter</ex>
         <ex>nont</ex>
         <ex>respondi</ex>
         <ex>temptationestoient
</ex>
         <ex>trencherons</ex>
         <ex>con</ex>
         <ex>conseil
</ex>
         <ex>meson</ex>
         <ex>meson.</ex>
         <ex>mesonen</ex>
         <ex>son</ex>
         <ex>son</ex>
         <ex>conmen</ex>
         <ex>pissonniaus</ex>
         <ex>puissons</ex>
         <ex>translationdel</ex>
         <ex>translationdel</ex>
         <ex>raconter</ex>
         <ex>aons</ex>
         <ex>monchier</ex>
         <ex>Dont</ex>
         <ex>dont</ex>
         <ex>oroisons</ex>
         <ex>dont</ex>
         <ex>sonaguet.</ex>
         <ex>beneonpuis</ex>
         <ex>puissons</ex>
         <ex>compaignons</ex>
         <ex>Adont</ex>
         <ex>tonbe</ex>
         <ex>monsigneur</ex>
         <ex>nonbre</ex>
         <ex>mona</ex>
         <ex>proions</ex>
         <ex>nonm</ex>
         <ex>monde.</ex>
         <ex>compaignons</ex>
         <ex>dont</ex>
         <ex>otionoste</ex>
         <ex>ethron</ex>
         <ex>monfil</ex>
         <ex>dont</ex>
         <ex>orisons</ex>
         <ex>ironnee</ex>
         <ex>Dont</ex>
         <ex>dont</ex>
         <ex>conpaignie</ex>
         <ex>compaignoni</ex>
         <ex>sonfil
</ex>
         <ex>raconterei</ex>
         <ex>racontes</ex>
         <ex>cont</ex>
         <ex>monfil</ex>
         <ex>non.</ex>
         <ex>orissons</ex>
         <ex>dont</ex>
      </td>
   </tr>
   <tr>
      <td>ŧ</td>
      <td>
         <em>it</em>
         <ex>oitqi</ex>
      </td>
   </tr>
   <tr>
      <td>ʑ</td>
      <td>
         <em>rum</em>
         <ex>celorumnisi</ex>
      </td>
   </tr>
   <tr>
      <td>ͤ</td>
      <td>
         <em>re</em>
         <ex>nostreignor.</ex>
         <ex>nostreires</ex>
         <ex>ostregrant</ex>
         <ex>mestres</ex>
         <ex>nostreignor</ex>
         <ex>demostreen</ex>
         <ex>autres</ex>
         <ex>nostreie</ex>
         <ex>estretoz</ex>
         <ex>mestreqe</ex>
         <ex>oeres</ex>
         <ex>lires</ex>
      </td>
   </tr>
   <tr>
      <td>ᵈ</td>
      <td>
         <em>d</em>
         <ex>ad</ex>
      </td>
   </tr>
   <tr>
      <td>ᷤ</td>
      <td>
         <em>s</em>
         <ex>Jerosmes</ex>
         <ex>osne</ex>
         <ex>noirsespris</ex>
         <ex>fantosmes.</ex>
         <ex>unsdes</ex>
         <ex>forsdel</ex>
         <ex>deablesa</ex>
         <ex>resuscites</ex>
         <ex>sacisos</ex>
         <ex>poissons</ex>
         <ex>poissanz</ex>
         <ex>miracles</ex>
         <ex>miracles</ex>
         <ex>apesiesl</ex>
         <ex>puis</ex>
         <ex>puisfist</ex>
         <ex>seintimese</ex>
         <ex>miraclespluiseurs</ex>
         <ex>icholasfesoient
</ex>
         <ex>pluiseurschoses</ex>
         <ex>puisle</ex>
         <ex>resne</ex>
         <ex>alascha</ex>
         <ex>misne</ex>
         <ex>portes.</ex>
         <ex>fantosmespar</ex>
      </td>
   </tr>
   <tr>
      <td>ṫ</td>
      <td>
         <em>te</em>
         <ex>detere.</ex>
         <ex>tere</ex>
         <ex>terre</ex>
         <ex>terre</ex>
         <ex>terre</ex>
      </td>
      <td>
         <em>ter</em>
         <ex>isiter</ex>
         <ex>terre</ex>
         <ex> terre</ex>
      </td>
      <td>
         <em>té</em>
         <ex>resuscitési</ex>
      </td>
   </tr>
   <tr>
      <td>⁊</td>
      <td>
         <em>Et</em>
         <ex>resplendissant.Ete</ex>
      </td>
      <td>
         <em>Et </em>
         <ex>chosesEt si</ex>
      </td>
      <td>
         <em>et </em>
         <ex>et de</ex>
         <ex>abstinenceet de</ex>
         <ex>ieet li</ex>
         <ex>et d</ex>
         <ex>et les</ex>
         <ex>et en</ex>
         <ex>et en
</ex>
         <ex>et diroient</ex>
         <ex> et a</ex>
         <ex>acreset si
</ex>
         <ex>borgneset aussi</ex>
         <ex>et parla</ex>
         <ex>et der</ex>
         <ex>sitezet molt
</ex>
         <ex>et a</ex>
         <ex>et mis</ex>
         <ex>et uns</ex>
         <ex>enceinteet si
</ex>
         <ex>et ot</ex>
         <ex>enfantet si</ex>
         <ex> et mout</ex>
         <ex>blasmeet tout</ex>
         <ex>et li</ex>
         <ex>et por</ex>
         <ex>et si</ex>
         <ex>et ta</ex>
         <ex>luxureet ex</ex>
         <ex>et si</ex>
         <ex>escondissoitet cil</ex>
         <ex>et de</ex>
         <ex>et sanz</ex>
         <ex>et si</ex>
         <ex>aet a</ex>
         <ex>et si</ex>
         <ex>demandet se</ex>
         <ex>et si</ex>
         <ex> et e</ex>
         <ex>et geterent</ex>
         <ex>et de</ex>
         <ex> et en</ex>
         <ex>et sachiez</ex>
         <ex>deet s</ex>
         <ex>leeet si</ex>
         <ex>et ceste
</ex>
         <ex>homeet dites</ex>
         <ex>erentet la</ex>
         <ex>esqeet si</ex>
         <ex>smeset s</ex>
         <ex>et ala</ex>
         <ex>et la</ex>
         <ex>et en</ex>
         <ex>citet ploroit</ex>
         <ex>et par</ex>
         <ex>et ala</ex>
         <ex>et qant</ex>
         <ex>dedenzet a</ex>
         <ex>citet mout</ex>
         <ex>et d</ex>
         <ex>et de</ex>
         <ex>et les</ex>
         <ex>et dites</ex>
         <ex>et de</ex>
         <ex>seinteet maintint</ex>
         <ex> et la</ex>
         <ex>et son</ex>
         <ex>et honestement
</ex>
         <ex> et a</ex>
         <ex>et reigne</ex>
         <ex>et de</ex>
         <ex>et sages.</ex>
         <ex>et entendre.</ex>
         <ex>et </ex>
         <ex>et latin</ex>
         <ex>diligenceet si</ex>
         <ex>benignementet fu</ex>
         <ex>et fez</ex>
         <ex>et apris
</ex>
         <ex>et doctrinez</ex>
         <ex>et latin</ex>
         <ex>et ebreu
</ex>
         <ex>et araboi</ex>
         <ex>araboiet caldeu</ex>
         <ex>dampneeet estre</ex>
         <ex>et le</ex>
         <ex>latinet aniel</ex>
         <ex>et le</ex>
         <ex>et le
</ex>
         <ex>et de</ex>
         <ex>et mout</ex>
         <ex>et le</ex>
         <ex>et mout</ex>
         <ex>furentet einsint</ex>
         <ex>espoentezet por</ex>
         <ex>herbergieret li</ex>
         <ex>docementet si</ex>
         <ex>et si</ex>
         <ex>et gueri</ex>
         <ex>lonieet si</ex>
         <ex>frereset si</ex>
         <ex>et si</ex>
         <ex>et si</ex>
         <ex>et si</ex>
         <ex>et au</ex>
         <ex>pasteuret en</ex>
         <ex>luiet si</ex>
         <ex>et bons</ex>
         <ex>bienet li
</ex>
         <ex>et endormi</ex>
         <ex>et ensignoit.</ex>
         <ex>pastureet sanz
</ex>
         <ex>et pleinz
</ex>
         <ex>et a</ex>
         <ex>et us</ex>
         <ex>maniereet qu</ex>
         <ex> et li</ex>
         <ex>asneet q</ex>
         <ex>et mengi</ex>
         <ex> et por</ex>
         <ex>et si</ex>
         <ex>et d</ex>
         <ex>asneet si
</ex>
         <ex>oiret si</ex>
         <ex>et tailliez</ex>
         <ex>graceet aloit</ex>
         <ex>ensambleet el</ex>
         <ex>aportoitet atreioit</ex>
         <ex>et fosses</ex>
         <ex>et qarrieres</ex>
         <ex>et ala</ex>
         <ex>et q</ex>
         <ex>eilliezet molt</ex>
         <ex>et de</ex>
         <ex>asneset por</ex>
         <ex>et li</ex>
         <ex>oieet einsint</ex>
         <ex>et il</ex>
         <ex>durementet lors</ex>
         <ex>et hisdeuse.</ex>
         <ex>et si</ex>
         <ex>et cha</ex>
         <ex>et li</ex>
         <ex>et puis</ex>
         <ex>mengieret apr</ex>
         <ex>et fere.</ex>
         <ex>mandaet atornerent</ex>
         <ex>et aai</ex>
         <ex>et doz</ex>
         <ex>et les</ex>
         <ex>orriereset nostre</ex>
         <ex>et atorn</ex>
         <ex>distet anon</ex>
         <ex>et pardon
</ex>
         <ex>et si</ex>
         <ex>et amonesta</ex>
         <ex>et les
</ex>
         <ex>oizet si</ex>
         <ex>et a</ex>
         <ex>respondiet dist</ex>
         <ex>droitureet leide</ex>
         <ex>et misericorde
</ex>
         <ex>et aidier</ex>
         <ex>et doner</ex>
         <ex>et pre</ex>
         <ex>aet si</ex>
         <ex>et otroions</ex>
         <ex>et nostre</ex>
         <ex>et a</ex>
         <ex>et reci</ex>
         <ex>et lor</ex>
         <ex>prononciet la</ex>
         <ex>et d</ex>
         <ex>et d</ex>
         <ex> et si
</ex>
         <ex>et or.</ex>
         <ex>estroiteet a</ex>
         <ex>et ense</ex>
         <ex>et reigne
</ex>
         <ex>et ses</ex>
         <ex>mondeet totes
</ex>
         <ex>lignieet en</ex>
         <ex>et plus</ex>
         <ex>retreireet por</ex>
         <ex>et les</ex>
         <ex>pereet l</ex>
         <ex>homet apr</ex>
         <ex>tierzet qi</ex>
         <ex>et go</ex>
         <ex>lettreset il</ex>
         <ex>mentet por</ex>
         <ex>potet nus</ex>
         <ex>et honestes</ex>
         <ex>et il</ex>
         <ex>et entier</ex>
         <ex>et si</ex>
         <ex>et cone</ex>
         <ex>meriteet de</ex>
         <ex>aqerreet qui</ex>
         <ex>et tra</ex>
         <ex>et q</ex>
         <ex>queroitet il</ex>
         <ex>oet entendi</ex>
         <ex>et conseilla</ex>
         <ex>potet sot</ex>
         <ex>et docement.</ex>
         <ex>desertet qi
</ex>
         <ex>zet leiz</ex>
         <ex>desozet de</ex>
         <ex>solitaireet por</ex>
         <ex>cheailleet le</ex>
         <ex>habitoitet encore</ex>
         <ex>et si</ex>
         <ex>corset li</ex>
         <ex>rocheet il</ex>
         <ex>fereet si</ex>
         <ex>et de</ex>
         <ex>asqueset nostre</ex>
         <ex>et tes</ex>
         <ex>deliceset mes
</ex>
         <ex>prestreset prist</ex>
         <ex>luiet ala</ex>
         <ex>monset par</ex>
         <ex>et par</ex>
         <ex>et si</ex>
         <ex>ignoret por</ex>
         <ex>geuneset por</ex>
         <ex>et est</ex>
         <ex>et a</ex>
         <ex>hanteret a</ex>
         <ex>sosteniret il</ex>
         <ex>et doctri</ex>
         <ex>et li
</ex>
         <ex>tenteet essaie</ex>
         <ex>iaireet si</ex>
         <ex>et tint</ex>
         <ex>et departiz</ex>
         <ex>penseeet une</ex>
         <ex>mereet int</ex>
         <ex>et d</ex>
         <ex>dedenzet si</ex>
         <ex>et retorna</ex>
         <ex>et ortiez</ex>
         <ex>ortiezet qe</ex>
         <ex>et osta</ex>
         <ex>et mua
</ex>
         <ex>et 
</ex>
         <ex>et sa</ex>
         <ex>et de
</ex>
         <ex>et de</ex>
         <ex>et les</ex>
         <ex>et trespassez</ex>
         <ex>et enfo</ex>
         <ex>aet si</ex>
         <ex>et si
</ex>
         <ex>et lor</ex>
         <ex>moutet si</ex>
         <ex>et distrent</ex>
         <ex>chastoieret a</ex>
         <ex>ieet apr</ex>
         <ex>antet il</ex>
         <ex>et ola</ex>
         <ex>pieceset aussint</ex>
         <ex>et sot</ex>
         <ex>docementet si</ex>
         <ex>meurset les</ex>
         <ex>et repe</ex>
         <ex>repairoientet par</ex>
         <ex>arrestoientet desoz</ex>
         <ex>ensigniet doctri</ex>
         <ex>aprendreet por</ex>
         <ex>et ses</ex>
         <ex>et si</ex>
         <ex>et por</ex>
         <ex>filet </ex>
         <ex>et de</ex>
         <ex>et fetes</ex>
         <ex>forset si
</ex>
         <ex>foizet amonesta</ex>
         <ex>contaet dist</ex>
         <ex>et blasma</ex>
         <ex>folieet li
</ex>
         <ex>amenderoitet atant</ex>
         <ex>eet si</ex>
         <ex>et les</ex>
         <ex>apelezet a</ex>
         <ex>moineet </ex>
         <ex>choseet </ex>
         <ex>et estorees</ex>
         <ex>rocheet estoit</ex>
         <ex>et tra</ex>
         <ex>perilet grant</ex>
         <ex>aet si</ex>
         <ex>et penable</ex>
         <ex>et en</ex>
         <ex>et mout</ex>
         <ex>sorentet si</ex>
         <ex>et il</ex>
         <ex>et si</ex>
         <ex>et os</ex>
         <ex>moisteet ausint</ex>
         <ex>eet tantost</ex>
         <ex>et ont</ex>
         <ex>et orties</ex>
         <ex>fereet cil</ex>
         <ex>et a</ex>
         <ex>et des</ex>
         <ex>oiret si</ex>
         <ex>et si</ex>
         <ex>et dist.</ex>
         <ex>eet meintenant</ex>
         <ex>et si</ex>
         <ex>et qi</ex>
         <ex>et assez
</ex>
         <ex>set meintenant</ex>
         <ex>tretet esloigni</ex>
         <ex>et son</ex>
         <ex>et repera</ex>
         <ex>eet il</ex>
         <ex>et espoori</ex>
         <ex> et li
</ex>
         <ex>et fet</ex>
         <ex>et monteplioient</ex>
         <ex>et par
</ex>
         <ex>ieet si</ex>
         <ex>et de</ex>
         <ex>et sa</ex>
         <ex>isitoientet qi</ex>
         <ex>et por</ex>
         <ex>grezet tantost</ex>
         <ex>et la</ex>
         <ex>mengieret si</ex>
         <ex>soloitet </ex>
         <ex> et si</ex>
         <ex>peinet si</ex>
         <ex>et si</ex>
         <ex>correet si</ex>
         <ex>et autre</ex>
         <ex>autreet si</ex>
         <ex>seurementet si</ex>
         <ex>corbiauset </ex>
         <ex>et la</ex>
         <ex>entretendroientet karoleroient
</ex>
         <ex>et oeroient
</ex>
         <ex>et enflameroient</ex>
         <ex>et mist</ex>
         <ex>et freres</ex>
         <ex>et tint
</ex>
         <ex>solieret il</ex>
         <ex>et fondi</ex>
         <ex>et si</ex>
         <ex>et a</ex>
         <ex>choseet qu</ex>
         <ex>et o</ex>
         <ex>et de
</ex>
         <ex>doleet destruist</ex>
         <ex>et a</ex>
         <ex>abatreet en</ex>
         <ex>et la</ex>
         <ex>et a</ex>
         <ex>et por</ex>
         <ex>oitet grant</ex>
         <ex>et por</ex>
         <ex>isionet si</ex>
         <ex>et ses</ex>
         <ex>noiret espris</ex>
         <ex>et li</ex>
         <ex>et entendoient
</ex>
         <ex> et </ex>
         <ex>et le
</ex>
         <ex>et les</ex>
         <ex>et por</ex>
         <ex>semblerentet puis</ex>
         <ex>laet q</ex>
         <ex>et le</ex>
         <ex>orissonet sa</ex>
         <ex>geet eus</ex>
         <ex>et aoree</ex>
         <ex>et enflambez.</ex>
         <ex>esteindreet il</ex>
         <ex>et si</ex>
         <ex>et n</ex>
         <ex>fereet </ex>
         <ex>fesoientet si</ex>
         <ex>et mout</ex>
         <ex>et combrisiez</ex>
         <ex>et morz.</ex>
         <ex>et heitiez</ex>
         <ex>et rala</ex>
         <ex>et mout</ex>
         <ex>femeet si</ex>
         <ex>et si</ex>
         <ex>et dont</ex>
         <ex>et dont
</ex>
         <ex>mengiet la</ex>
         <ex>et le
</ex>
         <ex>piezet si</ex>
         <ex>et regehirent
</ex>
         <ex>et distrent</ex>
         <ex>et si</ex>
         <ex>et sa
</ex>
         <ex>onet por</ex>
         <ex>et l</ex>
         <ex>pret en</ex>
         <ex>et delitable</ex>
         <ex>delitableet tieus</ex>
         <ex>compaignonet si</ex>
         <ex> et la</ex>
         <ex>fonteineet leu</ex>
         <ex>et reposer</ex>
         <ex>fonteineet tant</ex>
         <ex>et sa</ex>
         <ex>oieet si</ex>
         <ex> et comen</ex>
         <ex>et a</ex>
         <ex>coupeet bien</ex>
         <ex>deet q</ex>
         <ex>luiet si</ex>
         <ex>ensuset si</ex>
         <ex>reset atorner</ex>
         <ex>seet si</ex>
         <ex>et ses</ex>
         <ex>et li</ex>
         <ex>et li</ex>
         <ex>aloientet qi</ex>
         <ex>eet ensamble</ex>
         <ex>et il</ex>
         <ex>et sa</ex>
         <ex>et enten</ex>
         <ex>et a</ex>
         <ex>et puis</ex>
         <ex>aprocieret conterent</ex>
         <ex>et cone</ex>
         <ex>ceailleet tantost</ex>
         <ex>et autre</ex>
         <ex>terreet qui
</ex>
         <ex>feteset a</ex>
         <ex>antet si</ex>
         <ex>aet apr</ex>
         <ex> et en</ex>
         <ex>norieet au</ex>
         <ex>et sa
</ex>
         <ex>et entendez</ex>
         <ex> et de
</ex>
         <ex>meret puis</ex>
         <ex>et issi</ex>
         <ex>preudet seinz
</ex>
         <ex>et de</ex>
         <ex>et dist</ex>
         <ex>et ment</ex>
         <ex> et si
</ex>
         <ex>prestreet si</ex>
         <ex>et par</ex>
         <ex>et par</ex>
         <ex>leuset les</ex>
         <ex>et li
</ex>
         <ex>et cont</ex>
         <ex>et religieus</ex>
         <ex>et ses</ex>
         <ex>deableet gueriz</ex>
         <ex>et si</ex>
         <ex>charet si</ex>
         <ex>deableet en
</ex>
         <ex>et heitiez</ex>
         <ex>heitiezet bi</ex>
         <ex>et ceste</ex>
         <ex>oublieeet il</ex>
         <ex>moroientet li
</ex>
         <ex>et esle</ex>
         <ex> et arriere</ex>
         <ex>prestreet tantost</ex>
         <ex>et mout</ex>
         <ex>et si
</ex>
         <ex>antet si</ex>
         <ex>et ceste</ex>
         <ex>et si</ex>
         <ex>et estoree</ex>
         <ex>et totes</ex>
         <ex>paienset a</ex>
         <ex>otroiet qe
</ex>
         <ex>et mi</ex>
         <ex>eet pristr</ex>
         <ex>eret abatirent</ex>
         <ex>et depecierent</ex>
         <ex>perirentet par</ex>
         <ex>nonet puis</ex>
         <ex>et de</ex>
         <ex> et l</ex>
         <ex>fistet ala</ex>
         <ex>barilliauset li</ex>
         <ex>et si</ex>
         <ex>et tu</ex>
         <ex>et res</ex>
         <ex> et ala</ex>
         <ex>et tantost</ex>
         <ex>et grant
</ex>
         <ex>et par</ex>
         <ex>et par</ex>
         <ex>ignoret a</ex>
         <ex>oientet </ex>
         <ex>et amonester</ex>
         <ex>et l</ex>
         <ex>et il</ex>
         <ex>et </ex>
         <ex>et si</ex>
         <ex>et tu</ex>
         <ex>feteet si</ex>
         <ex>espreeet uns
</ex>
         <ex>penseret a</ex>
         <ex>corageet en</ex>
         <ex>gieret cui</ex>
         <ex>et qi</ex>
         <ex>et si</ex>
         <ex>meinet le</ex>
         <ex>iceet qu</ex>
         <ex>penset la</ex>
         <ex>felonieet la</ex>
         <ex>et nissoit</ex>
         <ex>et les</ex>
         <ex>et si</ex>
         <ex>seulementet demein</ex>
         <ex>et la</ex>
         <ex>et en</ex>
         <ex>ignoret par</ex>
         <ex>et sorent</ex>
         <ex>et besoigne.</ex>
         <ex>aet si</ex>
         <ex>et por</ex>
         <ex>iroientet si</ex>
         <ex>et de</ex>
         <ex> et li</ex>
         <ex>et de</ex>
         <ex>enet bien</ex>
         <ex>oset si</ex>
         <ex>et le</ex>
         <ex>gerontet l</ex>
         <ex>reet les</ex>
         <ex>et alerent</ex>
         <ex>et a</ex>
         <ex>diligenseet ce</ex>
         <ex>et au</ex>
         <ex>aussintet si</ex>
         <ex>ensignaet demostra
</ex>
         <ex>et establir</ex>
         <ex>et li</ex>
         <ex>ditet molt</ex>
         <ex>et si</ex>
         <ex>et demostrasses</ex>
         <ex>et ou
</ex>
         <ex>et dis</ex>
         <ex>dormantet de</ex>
         <ex>et ensignai</ex>
         <ex>et si</ex>
         <ex>reet orde</ex>
         <ex>et de</ex>
         <ex>celeeet ses</ex>
         <ex>et en</ex>
         <ex>et ceste
</ex>
         <ex> et si</ex>
         <ex>et dist</ex>
         <ex>honteet grant</ex>
         <ex>et amendez</ex>
         <ex>et si</ex>
         <ex>et aloient</ex>
         <ex>et lor
</ex>
         <ex>et lor</ex>
         <ex>et si</ex>
         <ex>blieeet si</ex>
         <ex>et si</ex>
         <ex>ceet si</ex>
         <ex>estoientet ce</ex>
         <ex>et sa</ex>
         <ex> et sanz
</ex>
         <ex>et sa
</ex>
         <ex>et issi</ex>
         <ex>et la</ex>
         <ex>et si</ex>
         <ex>et distr</ex>
         <ex>et si</ex>
         <ex>et sacree</ex>
         <ex>et si</ex>
         <ex>erenceet puis</ex>
         <ex>pereset la
</ex>
         <ex>et entendre</ex>
         <ex>et amonestoit</ex>
         <ex>et de</ex>
         <ex>et tenist
</ex>
         <ex>homeet tantost</ex>
         <ex>et ocirre</ex>
         <ex>eet il</ex>
         <ex>contoitet disoit</ex>
         <ex> et si</ex>
         <ex>eet si</ex>
         <ex>et si</ex>
         <ex>et 
</ex>
         <ex>costumeet cil</ex>
         <ex>et si</ex>
         <ex>et les</ex>
         <ex>et oians
</ex>
         <ex>durementet tant</ex>
         <ex>et or</ex>
         <ex>et nuit</ex>
         <ex>tozet de</ex>
         <ex>et dona</ex>
         <ex>net si</ex>
         <ex>uileet c</ex>
         <ex>et a</ex>
         <ex>obedienceset lors</ex>
         <ex>et droiture.</ex>
         <ex>et cil</ex>
         <ex>et blasmez</ex>
         <ex>croissoitet tant</ex>
         <ex>et li</ex>
         <ex>et de</ex>
         <ex>et amonesta</ex>
         <ex>et humilit</ex>
         <ex> et si</ex>
         <ex>et si</ex>
         <ex>et estoree.</ex>
         <ex>et si</ex>
         <ex>et mout</ex>
         <ex>corset lors</ex>
         <ex>oeeet a</ex>
         <ex>et de
</ex>
         <ex>roiet en</ex>
         <ex>et si</ex>
         <ex>et pleins
</ex>
         <ex>durementet a</ex>
         <ex>et a</ex>
         <ex>et ses</ex>
         <ex>et si</ex>
         <ex>et ensignast.</ex>
         <ex>et li</ex>
         <ex>aleret </ex>
         <ex>et rece</ex>
         <ex>et puis</ex>
         <ex>et a</ex>
         <ex>et a</ex>
         <ex>cruiautet sa</ex>
         <ex>eoiret sa</ex>
         <ex>et en</ex>
         <ex>olentet par
</ex>
         <ex>et qi</ex>
         <ex>et par</ex>
         <ex> et par</ex>
         <ex>et par</ex>
         <ex>eet la</ex>
         <ex>et demenoit</ex>
         <ex>et a</ex>
         <ex>et si</ex>
         <ex>et si</ex>
         <ex>et dist</ex>
         <ex>et coucha</ex>
         <ex>et </ex>
         <ex>resusciet si</ex>
         <ex>oret par</ex>
         <ex>et heiti</ex>
         <ex> et i</ex>
         <ex>et atornee</ex>
         <ex>et otro</ex>
         <ex>irginitet por</ex>
         <ex>noneet a</ex>
         <ex>liezet qi</ex>
         <ex>porteet parloit
</ex>
         <ex>liet la</ex>
         <ex>et mostroit
</ex>
         <ex>costumeet  </ex>
         <ex>liet ne</ex>
         <ex>ensembleet parlerent
</ex>
         <ex>et si</ex>
         <ex>et dist</ex>
         <ex>et si</ex>
         <ex>et la</ex>
         <ex>et si</ex>
         <ex>et puis</ex>
         <ex>et rele</ex>
         <ex>et espart</ex>
         <ex>et si
</ex>
         <ex>enteret une</ex>
         <ex>et tou</ex>
         <ex>et esparti.</ex>
         <ex> et q</ex>
         <ex>aet si</ex>
         <ex> et tu</ex>
         <ex>et il</ex>
         <ex>oet entendi.</ex>
         <ex>et si</ex>
         <ex>refirentet saoulerent
</ex>
         <ex>et esclarciz.</ex>
         <ex>ceailleet </ex>
         <ex>et li</ex>
         <ex>et si</ex>
         <ex>et loenges</ex>
         <ex>et non</ex>
         <ex> et si</ex>
         <ex>et d</ex>
         <ex>iseet sanz</ex>
         <ex> et isi</ex>
         <ex>et por</ex>
         <ex>et de</ex>
         <ex>leuet li</ex>
         <ex>et lor</ex>
         <ex>mienuitet li</ex>
         <ex>et dist</ex>
         <ex>et au</ex>
         <ex>et tierce</ex>
         <ex>lumiereet de</ex>
         <ex>et esmer</ex>
         <ex>clartet l</ex>
         <ex>et mis</ex>
         <ex>et enquist</ex>
         <ex>et dist</ex>
         <ex>eritet la
</ex>
         <ex>et retreire</ex>
         <ex>et a</ex>
         <ex>et escrist</ex>
         <ex>et qu</ex>
         <ex>et tant
</ex>
         <ex>et non</ex>
         <ex>esqiet ses</ex>
         <ex>fezet tout</ex>
         <ex>ilet dist</ex>
         <ex>et a</ex>
         <ex>et a</ex>
         <ex>ilet re</ex>
         <ex>estoientet il</ex>
         <ex>ceailleet li</ex>
         <ex>et resplendissanz</ex>
         <ex>ceailleet des
</ex>
         <ex>et mout</ex>
         <ex>antet si</ex>
         <ex>et edefiee</ex>
         <ex>et si</ex>
         <ex>et fet
</ex>
         <ex>et regne</ex>
         <ex>morset al</ex>
         <ex>et par</ex>
         <ex>auset par</ex>
         <ex>et par</ex>
         <ex>et nuit</ex>
         <ex>lasseeet la</ex>
         <ex>et aloit</ex>
         <ex>et fu</ex>
         <ex>et toute</ex>
         <ex>tenueet re</ex>
         <ex>ieet loa</ex>
         <ex>et gracia</ex>
         <ex>ignoret seint</ex>
         <ex> et entendu</ex>
         <ex>dolenteset esgarees</ex>
         <ex>et cria
</ex>
         <ex>et regne</ex>
         <ex>echoitet en</ex>
         <ex>armeset si</ex>
         <ex>et de</ex>
         <ex>nonet sa</ex>
         <ex>et uns</ex>
         <ex>et li</ex>
         <ex>et disoit</ex>
         <ex>celoet nisi</ex>
         <ex>aproismeet qi</ex>
         <ex>et del
</ex>
         <ex>et mout</ex>
         <ex>et ses</ex>
         <ex>et la</ex>
         <ex>ignoret si</ex>
         <ex>et ensignoit</ex>
         <ex>et sa
</ex>
         <ex>et </ex>
         <ex>doctrineet 
</ex>
         <ex>et </ex>
         <ex>et pluiseurs</ex>
         <ex>proceinset par</ex>
         <ex>et fere.</ex>
         <ex>et la</ex>
         <ex>comsomeeet q</ex>
         <ex>decipleset q</ex>
         <ex>et lor</ex>
         <ex>oet pluiseurs</ex>
         <ex>et de</ex>
         <ex>et essia</ex>
         <ex>et dras</ex>
         <ex>formeet il</ex>
         <ex>distet il</ex>
         <ex>rostiet une</ex>
         <ex>et si</ex>
         <ex>et si</ex>
         <ex>ignoret par</ex>
         <ex>et preeschant</ex>
         <ex>preeschantet si</ex>
         <ex>et del</ex>
         <ex>et del</ex>
         <ex>speritet si</ex>
         <ex>et de</ex>
         <ex>speritet a</ex>
         <ex>et il</ex>
         <ex>et si</ex>
         <ex>pleset ensamble</ex>
         <ex>et en</ex>
         <ex>et par</ex>
         <ex>et par</ex>
         <ex>feuet si</ex>
         <ex>et doctrinez
</ex>
         <ex>languageset si</ex>
         <ex>et il</ex>
         <ex>et anoncier
</ex>
         <ex>apostreset qi</ex>
         <ex> et pluseurs</ex>
         <ex>et preechant</ex>
         <ex>et le</ex>
         <ex>cieuset preechant</ex>
         <ex>et disant</ex>
         <ex>et ﻿</ex>
         <ex>predicationset faisoient</ex>
         <ex>et li
</ex>
         <ex>et ses</ex>
         <ex>det q</ex>
         <ex>et a</ex>
         <ex>creanceet mis</ex>
         <ex>et prestres</ex>
         <ex>et autre
</ex>
         <ex>et ne</ex>
         <ex>et ne</ex>
         <ex>eet sa</ex>
         <ex>et molt
</ex>
         <ex>et an</ex>
         <ex>et distrent</ex>
         <ex>aeurentet si</ex>
         <ex>et cone</ex>
         <ex>personeset si</ex>
         <ex>et il
</ex>
         <ex>aoroientet si</ex>
         <ex>parmenableet si</ex>
         <ex>et nule</ex>
         <ex>conforteret si</ex>
         <ex>et dist</ex>
         <ex>et baptizatus
</ex>
         <ex>eritet  </ex>
         <ex>et anon</ex>
         <ex>et baptiziez</ex>
         <ex>et qi</ex>
         <ex>ignoret por</ex>
         <ex>et de</ex>
         <ex>et a</ex>
         <ex>et dire</ex>
         <ex>et sires</ex>
         <ex>et tote</ex>
         <ex>et si</ex>
         <ex>et en</ex>
         <ex>et abandone</ex>
         <ex>et amenistre</ex>
         <ex>et deguerpiz</ex>
         <ex>dit et en</ex>
         <ex>et li</ex>
         <ex>et parti</ex>
         <ex>et ne</ex>
         <ex>et si</ex>
         <ex>et tantost</ex>
         <ex>atoucheet e</ex>
         <ex>ignoret il</ex>
         <ex>dormiret si</ex>
         <ex>et les</ex>
         <ex>et froides</ex>
         <ex>eret si</ex>
         <ex>et qe</ex>
         <ex>tet semant</ex>
         <ex>et a</ex>
         <ex>et refet</ex>
         <ex>estoitet der</ex>
         <ex>et forsenee
</ex>
         <ex>et a</ex>
         <ex>et tormentent</ex>
         <ex>seleet qe</ex>
         <ex>et si</ex>
         <ex>et seine.</ex>
         <ex>esteset qi</ex>
         <ex>et benignitez</ex>
         <ex>benignitezet misericorde 
</ex>
         <ex>et douceur</ex>
         <ex>et grant</ex>
         <ex>humilitet assidueus</ex>
         <ex>et comanda</ex>
         <ex>et de</ex>
         <ex>et estrangla</ex>
         <ex>et la</ex>
         <ex>et tuit</ex>
         <ex>et si</ex>
         <ex>et a</ex>
         <ex>et si</ex>
         <ex>et si</ex>
         <ex>et par</ex>
         <ex>et si</ex>
         <ex>et pou</ex>
         <ex>et par</ex>
         <ex>et au</ex>
         <ex>et si</ex>
         <ex>et rac</ex>
         <ex>enfeset qant</ex>
         <ex>homeet puis</ex>
         <ex>et a</ex>
         <ex>et si</ex>
         <ex>et rege</ex>
         <ex>emportoientet si</ex>
         <ex>oieet a</ex>
         <ex>doceuret teniebres</ex>
         <ex>et pleignement</ex>
         <ex>et criees</ex>
         <ex>crieeset granz</ex>
         <ex>et tristreces</ex>
         <ex>tristreceset froidures
</ex>
         <ex>desmesureeset chaleurs</ex>
         <ex>et grant</ex>
         <ex>faillentet morsures</ex>
         <ex>serpenzet si</ex>
         <ex>et misere</ex>
         <ex>misereet l</ex>
         <ex>lezet hisdeus</ex>
         <ex>et d</ex>
         <ex>zet par</ex>
         <ex>et autres</ex>
         <ex>et a</ex>
         <ex>et annonce</ex>
         <ex>et cenz</ex>
         <ex>donset de</ex>
         <ex>et lor
</ex>
         <ex>et detruist</ex>
         <ex>et d</ex>
         <ex>genzet si</ex>
         <ex>et del</ex>
         <ex>et de</ex>
         <ex>et ceus</ex>
         <ex>et si</ex>
         <ex>ignoret si</ex>
         <ex>meinset trest</ex>
         <ex>et qu</ex>
         <ex>et alerent
</ex>
         <ex>noset por</ex>
         <ex>et si</ex>
         <ex>et usticent.</ex>
         <ex>laet alerent</ex>
         <ex>piezet si</ex>
         <ex>et de</ex>
         <ex>et as</ex>
         <ex>et de</ex>
         <ex>et cens</ex>
         <ex>et a</ex>
         <ex>et </ex>
         <ex>et d</ex>
         <ex>et de</ex>
         <ex>homeet si</ex>
         <ex>ignoret puis</ex>
         <ex>et fu</ex>
         <ex>et gloi</ex>
         <ex>et rendi</ex>
         <ex>dotanceet bien</ex>
         <ex>toiet la</ex>
         <ex>et essaucerai.</ex>
         <ex>diteet puis</ex>
         <ex>euset si</ex>
         <ex>et go</ex>
         <ex>et si</ex>
         <ex>nonet cele</ex>
         <ex>ignoret a</ex>
         <ex>et liiez</ex>
         <ex>et it</ex>
         <ex>et creance</ex>
         <ex>et son</ex>
         <ex>et le
</ex>
         <ex>et cil</ex>
         <ex>et sanez</ex>
         <ex>sanezet re</ex>
         <ex>et si</ex>
         <ex> et li</ex>
         <ex>et sa
</ex>
         <ex>et si</ex>
         <ex>et l</ex>
         <ex> et si</ex>
         <ex>et anoncier</ex>
         <ex>tet baptirent</ex>
         <ex>cruelmentet puis
</ex>
         <ex>et si</ex>
         <ex> et lumiere</ex>
         <ex>derrompirentet li</ex>
         <ex>rentet tuit</ex>
         <ex>et granz</ex>
         <ex>et effoudre</ex>
         <ex>et tonoire</ex>
         <ex>tonoireet esparz
</ex>
         <ex> et a</ex>
         <ex>et ferirent</ex>
         <ex> et ses</ex>
         <ex>et si</ex>
         <ex>et si</ex>
         <ex>crucefierentet au
</ex>
         <ex>ezet a</ex>
         <ex>et ensigniez</ex>
         <ex>tantet puis
</ex>
         <ex>et si</ex>
         <ex>et meesme</ex>
         <ex>et li</ex>
         <ex>et a</ex>
         <ex>et anonce.</ex>
         <ex>et la</ex>
         <ex>granzet petiz</ex>
         <ex>assemblassentet eus</ex>
         <ex>et mos</ex>
         <ex>et del</ex>
         <ex>et del</ex>
         <ex> et de</ex>
         <ex>et de</ex>
         <ex>et de</ex>
         <ex>et destrui</ex>
         <ex>reet le</ex>
         <ex>et abatre.</ex>
         <ex>eet ense</ex>
         <ex>et l</ex>
         <ex>et entendez</ex>
         <ex>et d</ex>
         <ex>et de</ex>
         <ex>et de</ex>
         <ex>igneset si</ex>
         <ex>luiet dist</ex>
         <ex>et uree
</ex>
         <ex>et tote</ex>
         <ex>et si</ex>
         <ex>meret tenoit</ex>
         <ex>et de</ex>
         <ex>et de</ex>
         <ex>det a</ex>
         <ex>alet d</ex>
         <ex>et por</ex>
         <ex>paroleset si</ex>
         <ex>et or</ex>
         <ex>et en</ex>
         <ex>et en</ex>
         <ex>neset bien</ex>
         <ex>cueret de</ex>
         <ex>et serroit</ex>
         <ex>et donast
</ex>
         <ex>cielet si</ex>
         <ex> et si</ex>
         <ex>et q</ex>
         <ex>et d</ex>
         <ex>et de</ex>
         <ex>et de</ex>
         <ex>et dona</ex>
         <ex>et pro</ex>
         <ex>et par
</ex>
         <ex>et molt
</ex>
         <ex>ireet si</ex>
         <ex>et decolee.</ex>
         <ex>et si</ex>
         <ex>graceet si</ex>
         <ex>breet qe</ex>
         <ex>et dese</ex>
         <ex>et si</ex>
         <ex>et cil</ex>
         <ex>et arrazin</ex>
         <ex>soleilet si</ex>
         <ex>et tout</ex>
         <ex>et disant</ex>
         <ex>ignoret tu</ex>
         <ex>ducet si</ex>
         <ex>et conta</ex>
         <ex>et e</ex>
         <ex>pooret tuit</ex>
         <ex>et qi</ex>
         <ex>heireet si</ex>
         <ex>piezet si</ex>
         <ex>escuieret si</ex>
         <ex>crestienset si</ex>
         <ex>et si</ex>
         <ex>exet sires</ex>
         <ex>et si
</ex>
         <ex>et qi</ex>
         <ex>et si</ex>
         <ex>et si</ex>
         <ex>pardonet indulgense.</ex>
         <ex>deet si</ex>
         <ex>pardonet remission</ex>
         <ex>et des</ex>
         <ex>et toz</ex>
         <ex>et ses</ex>
         <ex>et totes</ex>
         <ex>et toz</ex>
         <ex>et femes</ex>
         <ex>et d</ex>
         <ex>euet chastiaus
</ex>
         <ex>et ignes</ex>
         <ex>igneset terres</ex>
         <ex>terreset quanq</ex>
         <ex>et por</ex>
         <ex>et si</ex>
         <ex>herbergieret por</ex>
         <ex>reet si</ex>
         <ex>et trametoit</ex>
         <ex>et si</ex>
         <ex>et comandoit</ex>
         <ex>et d</ex>
         <ex>proieet si</ex>
         <ex>et le</ex>
         <ex>et sa
</ex>
         <ex>et comand</ex>
         <ex>et puis
</ex>
         <ex>deet creoient</ex>
         <ex>preechoitet anon</ex>
         <ex>et la</ex>
         <ex>et tuit</ex>
         <ex>luiet si</ex>
         <ex>et si</ex>
         <ex>et de
</ex>
         <ex>et si</ex>
         <ex>foiet de</ex>
         <ex>ignoret bap</ex>
         <ex> et rendi</ex>
         <ex>et ses</ex>
         <ex>et lontaignes</ex>
         <ex>lontaigneset si</ex>
         <ex>et por</ex>
         <ex>et mis</ex>
         <ex>prissonet batuz</ex>
         <ex>et route.</ex>
         <ex>et ta</ex>
         <ex>et quanq</ex>
         <ex>et pardon</ex>
         <ex>pardonet q</ex>
         <ex>et les
</ex>
         <ex> et misericorde</ex>
         <ex>apostreet toz
</ex>
         <ex>et se</ex>
         <ex>et li</ex>
         <ex>periuset par</ex>
         <ex>et si</ex>
         <ex>clerementet alerent</ex>
         <ex>et lor
</ex>
         <ex>et desme</ex>
         <ex>tet tant</ex>
         <ex>fosseet la</ex>
         <ex>et c</ex>
         <ex>et princes</ex>
         <ex>forset autres</ex>
         <ex>et en</ex>
         <ex>ducet ala</ex>
         <ex>deet molt
</ex>
         <ex>terreset assamblees</ex>
         <ex>ooientet molt
</ex>
         <ex>et de</ex>
         <ex>et de</ex>
         <ex>oloientet estre
</ex>
         <ex>ploroitet a</ex>
         <ex> et tuit</ex>
         <ex>et tuit</ex>
         <ex>fereet me</ex>
         <ex>et tuit</ex>
         <ex>deschauzet en</ex>
         <ex>et il</ex>
         <ex>et esgarder.</ex>
         <ex>terreet li</ex>
         <ex>et esgarder</ex>
         <ex>et si</ex>
         <ex>et esgarder.</ex>
         <ex>et si</ex>
         <ex>opienset lez
</ex>
         <ex>et hisdeus</ex>
         <ex>et si</ex>
         <ex>et desmesurez</ex>
         <ex>desmesurezet iols</ex>
         <ex>et d</ex>
         <ex>et cornues
</ex>
         <ex>issoientet si</ex>
         <ex>et grosses</ex>
         <ex>oientet par</ex>
         <ex>grandeset lees</ex>
         <ex>et si</ex>
         <ex>et par</ex>
         <ex>et si</ex>
         <ex>et si</ex>
         <ex>fosseet si</ex>
         <ex>et ire
</ex>
         <ex>et male</ex>
         <ex> et si</ex>
         <ex>et en</ex>
         <ex>oleet ou</ex>
         <ex>abiteet la</ex>
         <ex>et toz</ex>
         <ex>et fe</ex>
         <ex>et par</ex>
         <ex>et si</ex>
         <ex>eset si</ex>
         <ex>et heitez</ex>
         <ex>ieet parla</ex>
         <ex>et gloirefierent.</ex>
         <ex>et toz</ex>
         <ex>et a</ex>
         <ex>et conte</ex>
         <ex>et noierent.</ex>
         <ex>et si</ex>
         <ex>et torbes
</ex>
         <ex>et l</ex>
         <ex>derriereset si</ex>
         <ex>espoentezet li
</ex>
         <ex>deffenderreset q</ex>
         <ex>docementet si</ex>
         <ex>et omnia</ex>
         <ex>et douter.</ex>
         <ex>et si</ex>
         <ex>deet saces</ex>
         <ex>et des</ex>
         <ex>dureeet par</ex>
         <ex>arresteret puis</ex>
         <ex>deet de</ex>
         <ex>et a</ex>
         <ex>et repeire</ex>
         <ex>corset si</ex>
         <ex>et si</ex>
         <ex>et molt</ex>
         <ex>et si</ex>
         <ex>et go</ex>
         <ex>et dis</ex>
         <ex>et dist</ex>
         <ex>et a</ex>
         <ex>et est</ex>
         <ex>mortet angeles</ex>
         <ex>deableet qi</ex>
         <ex>et de</ex>
         <ex>misereset si</ex>
         <ex>estet si</ex>
         <ex>et si
</ex>
         <ex>genzet ne</ex>
         <ex>et deguer</ex>
         <ex>et li</ex>
         <ex>et toz</ex>
         <ex>resusciteret qi</ex>
         <ex>et loenges</ex>
         <ex>demostreret bene</ex>
         <ex>et gloirefierent.</ex>
         <ex>otionet toz</ex>
         <ex>et lor</ex>
         <ex>ignoret li</ex>
         <ex>entoret si</ex>
         <ex>et d</ex>
         <ex>eet tieus
</ex>
         <ex>iandeet si</ex>
         <ex>et en</ex>
         <ex>et en</ex>
         <ex>reset qanc</ex>
         <ex>et a</ex>
         <ex>angileet les</ex>
         <ex>et mout</ex>
         <ex>reset lor</ex>
         <ex>encelet par</ex>
         <ex>et mistrent</ex>
         <ex>neet tout
</ex>
         <ex>estoientet si</ex>
         <ex>et abatissent</ex>
         <ex>et lor</ex>
         <ex>et lor</ex>
         <ex>arsissentet si</ex>
         <ex>et aorassent
</ex>
         <ex>et toz
</ex>
         <ex>et bene</ex>
         <ex>et en</ex>
         <ex>et son</ex>
         <ex>et dit</ex>
         <ex>meret tout
</ex>
         <ex>et tote
</ex>
         <ex>et tout</ex>
         <ex> et  </ex>
         <ex> et </ex>
         <ex>et la</ex>
         <ex>et longue</ex>
         <ex>longueet lee</ex>
         <ex>et deguerpissent</ex>
         <ex>loiset arsissent
</ex>
         <ex>et destruisis</ex>
         <ex>et lor
</ex>
         <ex>inet de</ex>
         <ex>et fai</ex>
         <ex>menableet encore</ex>
         <ex>et li</ex>
         <ex>et tristrece.</ex>
         <ex>et autrui</ex>
         <ex>et mat</ex>
         <ex>et paine.</ex>
         <ex>dolenset las</ex>
         <ex>et de</ex>
         <ex>estoitet si
</ex>
         <ex>et secoroit</ex>
         <ex>secoroitet les</ex>
         <ex>estrangeset les</ex>
         <ex>et les
</ex>
         <ex>orpheninset bien</ex>
         <ex>fistet dist</ex>
         <ex>uchementet qi</ex>
         <ex>et as</ex>
         <ex>et re</ex>
         <ex>esqeet mout</ex>
         <ex>et mout</ex>
         <ex>et en</ex>
         <ex>et entendoit</ex>
         <ex>homeet puis</ex>
         <ex>et a</ex>
         <ex>crestienset crueus</ex>
         <ex>et de</ex>
         <ex>et poestis</ex>
         <ex>et dire
</ex>
         <ex>et les</ex>
         <ex>dreset fere
</ex>
         <ex> et dit</ex>
         <ex>guerieset pluiseurs</ex>
         <ex>femeet si</ex>
         <ex>languereuset resuscite</ex>
         <ex>et par</ex>
         <ex>conseilet si</ex>
         <ex>oret argent</ex>
         <ex>comandet ala</ex>
         <ex>et si</ex>
         <ex>et ta</ex>
         <ex>et tesmoignes</ex>
         <ex>sostenueset resuscites</ex>
         <ex>et conte
</ex>
         <ex>et de</ex>
         <ex>comandementet q</ex>
         <ex>et tote</ex>
         <ex>et regenerez</ex>
         <ex>dameet la</ex>
         <ex>et si</ex>
         <ex>et la</ex>
         <ex>et si</ex>
         <ex>rriereet qant</ex>
         <ex>mariet tantost</ex>
         <ex>et l</ex>
         <ex>baptizieet li</ex>
         <ex>et establi</ex>
         <ex>fioientet la</ex>
         <ex>et formee</ex>
         <ex>et donoit
</ex>
         <ex> et l</ex>
         <ex>et en</ex>
         <ex>upiteret toz</ex>
         <ex>et por</ex>
         <ex>et les</ex>
         <ex>et si</ex>
         <ex>et nos</ex>
         <ex>mageset si</ex>
         <ex>et terre.</ex>
         <ex>et si</ex>
         <ex>puissanzet si</ex>
         <ex>autreet o</ex>
         <ex>orissonset en</ex>
         <ex>citet tuit</ex>
         <ex>et li</ex>
         <ex>encontreet si</ex>
         <ex>et depechier</ex>
         <ex>et si</ex>
         <ex>et failliz</ex>
         <ex>et furent</ex>
         <ex>citet grant
</ex>
         <ex>et granz</ex>
         <ex>luiet alerent</ex>
         <ex>et a</ex>
         <ex>et reco</ex>
         <ex>et lui</ex>
         <ex>et sa</ex>
         <ex>compaignieet esqui</ex>
         <ex>et de</ex>
         <ex>et si</ex>
         <ex>et fondre.</ex>
         <ex>et lor</ex>
         <ex>oirset s</ex>
         <ex>et religieuse</ex>
         <ex>et si</ex>
         <ex>preesceet annonce</ex>
         <ex>perilet si</ex>
         <ex>et assambl</ex>
         <ex>deet liiez</ex>
         <ex>chaeneset lor</ex>
         <ex>contet mout</ex>
         <ex>maniereet si
</ex>
         <ex>et par</ex>
         <ex>et form</ex>
         <ex>santet si</ex>
         <ex>nonet a</ex>
         <ex>et loenges.</ex>
         <ex>et si</ex>
         <ex>creatureet la</ex>
         <ex>et sanc
</ex>
         <ex>et escume</ex>
         <ex>et de</ex>
         <ex>et de</ex>
         <ex>alierset fist</ex>
         <ex>et de</ex>
         <ex>et granz</ex>
         <ex>et desirroit
</ex>
         <ex>paroleset sa</ex>
         <ex>et alassent</ex>
         <ex>maniereset apr</ex>
         <ex>entrerentet mencierent
</ex>
         <ex>et pesible.</ex>
         <ex>contesseet pluiseurs</ex>
         <ex>repairierentet si</ex>
         <ex>palagreet cou</ex>
         <ex>sierentet la</ex>
         <ex>terreet la</ex>
         <ex>et la</ex>
         <ex>ignoret la</ex>
         <ex>enueet cil</ex>
         <ex>et haiti</ex>
         <ex>et a</ex>
         <ex>serset a</ex>
         <ex>aet li</ex>
         <ex>et mout</ex>
         <ex>et aornee</ex>
         <ex>et sacra﻿</ex>
         <ex> et cele</ex>
         <ex>et de</ex>
         <ex>luiet si</ex>
         <ex>et si</ex>
         <ex>oieset si</ex>
         <ex>et conoistre.</ex>
         <ex>mageet fu</ex>
         <ex>et hisdeus.</ex>
         <ex>noirset tresq</ex>
         <ex>et par</ex>
         <ex>et par</ex>
         <ex>ardanzet puans
</ex>
         <ex>et si</ex>
         <ex>eoiret esgarder</ex>
         <ex>et si</ex>
         <ex>ditet puis</ex>
         <ex>abiteet la</ex>
         <ex>et frois</ex>
         <ex>homeet fist</ex>
         <ex>et ce</ex>
         <ex>et sanez.</ex>
         <ex>tet tuit</ex>
         <ex>et cele</ex>
         <ex>et de</ex>
         <ex> et de</ex>
         <ex>oret si</ex>
         <ex>et lampes</ex>
         <ex>et son</ex>
         <ex>et de</ex>
         <ex>euseset de</ex>
         <ex>oret nuit</ex>
         <ex>et chandelabres</ex>
         <ex>oret une</ex>
         <ex>et l</ex>
         <ex>feteset consomees</ex>
         <ex> et si</ex>
         <ex>et sacrons
</ex>
         <ex>et de</ex>
         <ex>et de</ex>
         <ex>et de</ex>
         <ex>et ins</ex>
         <ex>et bues</ex>
         <ex>et aches</ex>
         <ex>acheset oleilles
</ex>
         <ex>et enoisons</ex>
         <ex>et tr</ex>
         <ex>et pa</ex>
         <ex>citet qe</ex>
         <ex>et poest</ex>
         <ex>et heiti</ex>
         <ex>et a</ex>
         <ex> et ses</ex>
         <ex>et assamblees</ex>
         <ex>apelaet si
</ex>
         <ex>liezet si</ex>
         <ex>et si</ex>
         <ex>et de</ex>
         <ex>et ses</ex>
         <ex>et de</ex>
         <ex>et cuens
</ex>
         <ex> et el</ex>
         <ex>et bele
</ex>
         <ex>et haute</ex>
         <ex>senzet plein</ex>
         <ex>et de
</ex>
         <ex>et chas</ex>
         <ex>et feire.</ex>
         <ex>et si</ex>
         <ex>et li
</ex>
         <ex>et si</ex>
         <ex>et sa</ex>
         <ex>et gracierent</ex>
         <ex>gracierentet toz</ex>
         <ex>et en</ex>
         <ex>signorieet qe</ex>
         <ex>et le</ex>
         <ex>et costume</ex>
         <ex>costumeet li</ex>
         <ex>et clers</ex>
         <ex>mortet si</ex>
         <ex>et feire</ex>
         <ex>esqeset autres</ex>
         <ex>tet fussent</ex>
         <ex>et en</ex>
         <ex>et establi</ex>
         <ex>et por</ex>
         <ex>et les</ex>
         <ex>estoientet si</ex>
         <ex>et estemenz.</ex>
         <ex>et si
</ex>
         <ex>et fet
</ex>
         <ex>et ce</ex>
         <ex>et assembler</ex>
         <ex>sermoneret lor</ex>
         <ex>ignoret lor
</ex>
         <ex>et si</ex>
         <ex>graceet si
</ex>
         <ex>homet qant</ex>
         <ex>et li</ex>
         <ex>et li</ex>
         <ex>et regne</ex>
         <ex>et estoient</ex>
         <ex>et en
</ex>
         <ex>elleset en</ex>
         <ex>reset eunoient
</ex>
         <ex>espreet adonc</ex>
         <ex>et e</ex>
         <ex>et orde</ex>
         <ex>deet 
</ex>
         <ex>et par</ex>
         <ex>et ﻿</ex>
         <ex>deet fist</ex>
         <ex>eglisseset atorna
</ex>
         <ex>et entendement</ex>
         <ex>ignoret a</ex>
         <ex> et par</ex>
         <ex>det par</ex>
         <ex>et si</ex>
         <ex>et lor</ex>
         <ex>doctrineet sermonez</ex>
         <ex>et pree</ex>
         <ex>direet lor</ex>
         <ex>angileet sa</ex>
         <ex>et a</ex>
         <ex>paroleset les
</ex>
         <ex>et re</ex>
         <ex>ieet pluiseurs</ex>
         <ex>et e</ex>
         <ex>baptesmeet puis</ex>
         <ex>et de</ex>
         <ex>et taire.</ex>
         <ex>et par</ex>
         <ex>et molt</ex>
         <ex>et mes</ex>
         <ex>iret a</ex>
         <ex>promiseet a</ex>
         <ex>et aiment.</ex>
         <ex>toiet si</ex>
         <ex>et ensamble</ex>
         <ex>et les</ex>
         <ex>rset ensamble</ex>
         <ex>irgeset de</ex>
         <ex>frereset serras</ex>
         <ex>et par</ex>
         <ex>ireset li</ex>
         <ex>et dist</ex>
         <ex>ieet qe</ex>
         <ex>puepleet un</ex>
         <ex>et autre</ex>
         <ex>et assemblassent</ex>
         <ex>onet absolution</ex>
         <ex>oet les</ex>
         <ex>foiet tornez
</ex>
         <ex>et sa</ex>
         <ex>det oite</ex>
         <ex>et cil</ex>
         <ex>et cil</ex>
         <ex>delet les</ex>
         <ex>et en
</ex>
         <ex>et rendoit
</ex>
         <ex>et loenges</ex>
         <ex>ceet puis</ex>
         <ex>et por
</ex>
         <ex>et a</ex>
         <ex>creanceet puis</ex>
         <ex>espreet lors</ex>
         <ex>et e</ex>
         <ex>doctrinastet enseignast</ex>
         <ex>ieet lors</ex>
         <ex>et a</ex>
         <ex>et ao</ex>
         <ex>et coment</ex>
         <ex>orzet coment</ex>
         <ex>et ensigniez.</ex>
         <ex>et garde.</ex>
         <ex>et chastem</ex>
         <ex>tet qe</ex>
         <ex>ucheoret si</ex>
         <ex>et desfaillies</ex>
         <ex>fianceet doit</ex>
         <ex>et del</ex>
         <ex>et del
</ex>
         <ex>et d</ex>
         <ex>espreet dont</ex>
         <ex>graceet si</ex>
         <ex>et bene</ex>
         <ex>et ait</ex>
         <ex>oset os</ex>
         <ex>reet qi</ex>
         <ex>et qi</ex>
         <ex>et si
</ex>
         <ex>et or</ex>
         <ex>et erais
</ex>
         <ex>et garde</ex>
         <ex>et ires</ex>
         <ex>et la</ex>
         <ex>establieet faite</ex>
         <ex>et tendi</ex>
         <ex>cielet fist</ex>
         <ex>et si</ex>
         <ex>mestreset qi</ex>
         <ex>nonet qi</ex>
         <ex>et estoient</ex>
         <ex>cielet crioient
</ex>
         <ex>ssentet si</ex>
         <ex>et si</ex>
         <ex>et la</ex>
         <ex>contreeset si</ex>
         <ex>parenzet obe</ex>
         <ex>et nostre</ex>
         <ex>et loerent.</ex>
         <ex> et esle</ex>
         <ex>membreset tantost
</ex>
         <ex>et sanez</ex>
         <ex>et si</ex>
         <ex>et por</ex>
         <ex>rirentet donerent</ex>
         <ex>clartet grant
</ex>
         <ex>et le</ex>
         <ex>clercet li</ex>
         <ex>zet mis</ex>
         <ex> et li</ex>
         <ex>ugleet cil</ex>
         <ex>et d</ex>
         <ex> et par
</ex>
         <ex>itet regne</ex>
         <ex>et olentiers</ex>
         <ex>et entendre</ex>
         <ex>et retenir</ex>
         <ex>et </ex>
         <ex>et les</ex>
         <ex>sontet aise</ex>
         <ex>et de
</ex>
         <ex>et de</ex>
         <ex>lonieet de</ex>
         <ex>et a</ex>
         <ex>et pris</ex>
         <ex>et par</ex>
         <ex>tormenzet par</ex>
         <ex>et geunes</ex>
         <ex>geuneset par</ex>
         <ex>et a</ex>
         <ex>confessorset mes</ex>
         <ex>et de</ex>
         <ex>et de</ex>
         <ex>et hauz</ex>
         <ex>et ri</ex>
         <ex>et a</ex>
         <ex>et sa</ex>
         <ex>et a</ex>
         <ex>hermitageet si</ex>
         <ex>et retraist</ex>
         <ex>et ensam</ex>
         <ex>et che</ex>
         <ex>et si</ex>
         <ex>et si</ex>
         <ex>paignonset dou</ex>
         <ex>ouret piti</ex>
         <ex>pitiet benignet</ex>
         <ex> et charit</ex>
         <ex>charitet pacience</ex>
         <ex>pacienceet bone
</ex>
         <ex>olentet hu</ex>
         <ex>mondeet si</ex>
         <ex>et si</ex>
         <ex>et de</ex>
         <ex>eoitet par</ex>
         <ex>tiers et portoient
</ex>
         <ex>et re</ex>
         <ex>baptesmeet si</ex>
         <ex>et paine.</ex>
         <ex>et les</ex>
         <ex>chetiset norrissoit</ex>
         <ex>besoigneuset re</ex>
         <ex>reet l</ex>
         <ex>et donoit</ex>
         <ex>reset a</ex>
         <ex>et besoigneus</ex>
         <ex>entet bien
</ex>
         <ex>et </ex>
         <ex>ozet li</ex>
         <ex>et besoigneuz</ex>
         <ex>et a
</ex>
         <ex>et donast</ex>
         <ex>fublet la</ex>
         <ex>et de</ex>
         <ex>reet l</ex>
         <ex>et mist
</ex>
         <ex>et gemirent</ex>
         <ex>et il
</ex>
         <ex>et affublez</ex>
         <ex>et cone</ex>
         <ex>et en</ex>
         <ex> et la</ex>
         <ex>ignor et por</ex>
         <ex>anzet si</ex>
         <ex>et fu</ex>
         <ex>et a</ex>
         <ex>et li</ex>
         <ex>alierset si</ex>
         <ex>lessieret de</ex>
         <ex>et si</ex>
         <ex>euet qe
</ex>
         <ex>eet cil</ex>
         <ex>et tes</ex>
         <ex>et d</ex>
         <ex>demeinet non</ex>
         <ex>et non</ex>
         <ex>antet tote</ex>
         <ex>et sanz
</ex>
         <ex>heaumeet el</ex>
         <ex>tresperceraiet trespasserai</ex>
         <ex>paiset si</ex>
         <ex>euset totes</ex>
         <ex>et les</ex>
         <ex>citet qi</ex>
         <ex>et de
</ex>
         <ex>et si</ex>
         <ex>pieceet </ex>
         <ex>et sa</ex>
         <ex>paienet si</ex>
         <ex>et de
</ex>
         <ex>et dolenz</ex>
         <ex>contreeet si</ex>
         <ex>et pro</ex>
         <ex>et robeor</ex>
         <ex>et seisi</ex>
         <ex>et a</ex>
         <ex>oieet puis</ex>
         <ex>estoitet de</ex>
         <ex>et s</ex>
         <ex>et en</ex>
         <ex>et dotance</ex>
         <ex>et les</ex>
         <ex>et a</ex>
         <ex>ignoret si</ex>
         <ex>oieet si</ex>
         <ex>pieceet molt</ex>
         <ex>et molt</ex>
         <ex> et si
</ex>
         <ex>loet a</ex>
         <ex>et pluisors</ex>
         <ex>s et mestre</ex>
         <ex>prestreset contre</ex>
         <ex>et eraies</ex>
         <ex>et batirent</ex>
         <ex>et le</ex>
         <ex>et la</ex>
         <ex>et pres</ex>
         <ex>arresteret por</ex>
         <ex>et apris</ex>
         <ex>et fie</ex>
         <ex>departizet ert</ex>
         <ex>annoncieret preechier</ex>
         <ex>et il</ex>
         <ex>cheailleet li</ex>
         <ex>et pro</ex>
         <ex>et pour</ex>
         <ex>et lor</ex>
         <ex>oientet si</ex>
         <ex>et a</ex>
         <ex>deet fu</ex>
         <ex>et apr</ex>
         <ex>eureet esqui</ex>
         <ex>et mena</ex>
         <ex>et preudome</ex>
         <ex>et de</ex>
         <ex>criet de</ex>
         <ex>estreet l</ex>
         <ex>et conta
</ex>
         <ex>cordeet tolue</ex>
         <ex>et fist</ex>
         <ex>estantet si</ex>
         <ex>homeet tuit</ex>
         <ex>et en</ex>
         <ex>prodomet sages</ex>
         <ex>et si</ex>
         <ex>issuet non</ex>
         <ex>et des</ex>
         <ex>et une</ex>
         <ex>eschiet qe</ex>
         <ex>pastoret go</ex>
         <ex>et li
</ex>
         <ex>esqeet es</ex>
         <ex>estuzet de</ex>
         <ex>reet ileinement</ex>
         <ex>et de</ex>
         <ex>et entendoit</ex>
         <ex>reet en</ex>
         <ex>et por</ex>
         <ex>et un</ex>
         <ex>et si</ex>
         <ex>eet de</ex>
         <ex>et d</ex>
         <ex>oieet cele</ex>
         <ex>luiet qi</ex>
         <ex>et sa</ex>
         <ex>sonceleset lor</ex>
         <ex> et doctrin</ex>
         <ex>escritureset a</ex>
         <ex>encelet li</ex>
         <ex>pereet si</ex>
         <ex>et en</ex>
         <ex>et dures.</ex>
         <ex>eset moles</ex>
         <ex>olentezet lor
</ex>
         <ex> et a</ex>
         <ex>et seins</ex>
         <ex>diteet tout</ex>
         <ex>et a</ex>
         <ex>et signorie</ex>
         <ex>siecleset a</ex>
         <ex>mortet doutoient.</ex>
         <ex>et les</ex>
         <ex>pereet lor</ex>
         <ex>et dire</ex>
         <ex>orissonset a</ex>
         <ex>contreeet si</ex>
         <ex>et fere</ex>
         <ex>et clart</ex>
         <ex>clartet lumiere.</ex>
         <ex>beleet mout</ex>
         <ex>et q</ex>
         <ex>et sanz</ex>
         <ex>et les</ex>
         <ex>nonet en</ex>
         <ex>et mart</ex>
         <ex>et par</ex>
         <ex>et a</ex>
         <ex>et demostrast</ex>
         <ex>et sa</ex>
         <ex>et de</ex>
         <ex>et hisdeus
</ex>
         <ex>et cruel</ex>
         <ex>nonet de</ex>
         <ex>parlaet si</ex>
         <ex>apelezet si</ex>
         <ex> lerreset ensamble</ex>
         <ex>frereset a</ex>
         <ex>eet lors</ex>
         <ex>despechieret desfere.</ex>
         <ex>et de</ex>
         <ex>ret cil</ex>
         <ex>doelet grant</ex>
         <ex>et s</ex>
         <ex>et a</ex>
         <ex>et en</ex>
         <ex>ssentet q</ex>
         <ex>et esmer</ex>
         <ex>et qe</ex>
         <ex>et d</ex>
         <ex>aoroientet faisoient</ex>
         <ex>et de</ex>
         <ex>et droit</ex>
         <ex>et lonc</ex>
         <ex>paieneet les</ex>
         <ex>abatistet encore</ex>
         <ex>sacret bene</ex>
         <ex>beneet q</ex>
         <ex>et honorassent.</ex>
         <ex>et a</ex>
         <ex>et lui</ex>
         <ex>et ensi</ex>
         <ex>et abatre</ex>
         <ex>et bene</ex>
         <ex>et por</ex>
         <ex>et si</ex>
         <ex>et mostres
</ex>
         <ex>et contes</ex>
         <ex>oiret s</ex>
         <ex>feireet qe</ex>
         <ex>et che</ex>
         <ex>ensambleet a</ex>
         <ex>bienet si</ex>
         <ex>et con</ex>
         <ex>et lor</ex>
         <ex>et pendoit</ex>
         <ex>liementet a</ex>
         <ex>et de
</ex>
         <ex>loinget si</ex>
         <ex>et esperdu</ex>
         <ex>et sanz</ex>
         <ex>et a</ex>
         <ex>et pesanz</ex>
         <ex>pesanzet de</ex>
         <ex>et grant</ex>
         <ex>eet li</ex>
         <ex>et a</ex>
         <ex>ignoret si</ex>
         <ex>et lor</ex>
         <ex>exempleset par</ex>
         <ex>et lor</ex>
         <ex>et faisoit</ex>
         <ex>et autieus</ex>
         <ex>loet </ex>
         <ex>et paien</ex>
         <ex>et cil</ex>
         <ex>orisonset lor</ex>
         <ex>et a</ex>
         <ex>et celebrees.
</ex>
         <ex>et destruire.</ex>
         <ex>pleinet la</ex>
         <ex>et granz</ex>
         <ex>entet se</ex>
         <ex>et li</ex>
         <ex>et destruiz</ex>
         <ex>destruizet que</ex>
         <ex> et sau</ex>
         <ex>celleet a</ex>
         <ex>mostieret la</ex>
         <ex>et en</ex>
         <ex>et a</ex>
         <ex>et descon</ex>
         <ex>et qe</ex>
         <ex>et des</ex>
         <ex>et totes
</ex>
         <ex>et tuit</ex>
         <ex>et en</ex>
         <ex>et espoent</ex>
         <ex>et crurent.</ex>
         <ex>oizet distrent</ex>
         <ex>et aoroit</ex>
         <ex>et croire</ex>
         <ex>et les</ex>
         <ex>et despire.</ex>
         <ex>et en</ex>
         <ex>et sanz
</ex>
         <ex>douteet li</ex>
         <ex>et maumis.</ex>
         <ex>et a</ex>
         <ex>et a</ex>
         <ex>et formee</ex>
         <ex>et bien
</ex>
         <ex>et a</ex>
         <ex>et grant</ex>
         <ex>et ocirre.</ex>
         <ex>et che</ex>
         <ex>exampleset tieus</ex>
         <ex>miracleset par</ex>
         <ex>eritet q</ex>
         <ex>et lor</ex>
         <ex>et depecier.</ex>
         <ex>et tieus</ex>
         <ex>et curer
</ex>
         <ex>et entendre.</ex>
         <ex>membreset si</ex>
         <ex>et si</ex>
         <ex>et entendi</ex>
         <ex>et a</ex>
         <ex>assemblezet pluisors</ex>
         <ex>amoientet a</ex>
         <ex>et entendre</ex>
         <ex>et perist</ex>
         <ex>itet de</ex>
         <ex>et ce</ex>
         <ex>et a</ex>
         <ex>et a</ex>
         <ex>et cil</ex>
         <ex>seleet granz</ex>
         <ex>et atendoient</ex>
         <ex>et sa</ex>
         <ex>et seigna</ex>
         <ex>puceleet tantost</ex>
         <ex>ignoret tuit</ex>
         <ex>droiteet </ex>
         <ex> et curee</ex>
         <ex>et tiesmo</ex>
         <ex>et gre</ex>
         <ex>et sanez.</ex>
         <ex>denzet crioit</ex>
         <ex>et demenoit
</ex>
         <ex>et si</ex>
         <ex>estoitet tant</ex>
         <ex>et si</ex>
         <ex>et tel</ex>
         <ex>presignieret apr</ex>
         <ex>set toz</ex>
         <ex>et par</ex>
         <ex>homeet la</ex>
         <ex>et aguetier</ex>
         <ex>et mout
</ex>
         <ex>et tenist</ex>
         <ex>estoitet entra</ex>
         <ex>dolantet mout
</ex>
         <ex>et ocirre</ex>
         <ex>pooret sanz</ex>
         <ex>et q</ex>
         <ex>fremiret a</ex>
         <ex>et a</ex>
         <ex>et si</ex>
         <ex>et mengue.</ex>
         <ex>chautet tout</ex>
         <ex>dedenzet ne</ex>
         <ex>derrierset de</ex>
         <ex>et molt</ex>
         <ex>esmaieet torblee
</ex>
         <ex>et confondre.</ex>
         <ex>et en</ex>
         <ex>et dist</ex>
         <ex>et en</ex>
         <ex>et escoutoit</ex>
         <ex>deableset li</ex>
         <ex>estoientet fors</ex>
         <ex>et ses</ex>
         <ex>et la</ex>
         <ex>et le
</ex>
         <ex>et bene</ex>
         <ex>et o</ex>
         <ex>et mondez</ex>
         <ex>et en</ex>
         <ex>ignoret au</ex>
         <ex>oezet entendez</ex>
         <ex>et corrompue</ex>
         <ex>qarteineset par</ex>
         <ex>puceleet en</ex>
         <ex>guerieet mondee</ex>
         <ex>et irge.</ex>
         <ex>et bene</ex>
         <ex>oitet la</ex>
         <ex>reeet li
</ex>
         <ex>et si</ex>
         <ex>et re</ex>
         <ex>et del</ex>
         <ex>combrisiezet si</ex>
         <ex>nuitet il</ex>
         <ex>et si</ex>
         <ex>lendemeinet si</ex>
         <ex>et de
</ex>
         <ex>pluiseurset ra</ex>
         <ex>genzet puis</ex>
         <ex>reset le</ex>
         <ex>et il</ex>
         <ex>guerissonset ocioit</ex>
         <ex>et sanz</ex>
         <ex>et dist</ex>
         <ex>et par
</ex>
         <ex>batailleet ce</ex>
         <ex>desfendreet por</ex>
         <ex>mostreeset tante</ex>
         <ex>et grant</ex>
         <ex>et l</ex>
         <ex>meset de</ex>
         <ex>et en
</ex>
         <ex>butet tantost</ex>
         <ex>et enuz</ex>
         <ex>street li</ex>
         <ex>lignieet acompliz</ex>
         <ex>et couce</ex>
         <ex>et el</ex>
         <ex>matet confus</ex>
         <ex>et tel
</ex>
         <ex>et tel</ex>
         <ex>et matin.</ex>
         <ex>et conter</ex>
         <ex>maniereet si</ex>
         <ex>et a</ex>
         <ex>estoientet molt</ex>
         <ex>et cont</ex>
         <ex>et requis.</ex>
         <ex>et destruiz</ex>
         <ex>et qi</ex>
         <ex>et desconfiz</ex>
         <ex>et si</ex>
         <ex>pereoret tant</ex>
         <ex>et tant
</ex>
         <ex>et entendez
</ex>
         <ex>foizet si</ex>
         <ex>et si</ex>
         <ex>et molt</ex>
         <ex>et a</ex>
         <ex>et fere</ex>
         <ex>et tolue
</ex>
         <ex>parleret il</ex>
         <ex>reset si</ex>
         <ex>et cont</ex>
         <ex>mandaet dist</ex>
         <ex>et cerchassent</ex>
         <ex>doleuret ceste</ex>
         <ex>et cerche</ex>
         <ex>et puis</ex>
         <ex>forestet si</ex>
         <ex>ouet qant</ex>
         <ex>et entendre</ex>
         <ex>et qi</ex>
         <ex> et dit</ex>
         <ex>et apa</ex>
         <ex>et de</ex>
         <ex> et ce</ex>
         <ex>et sa</ex>
         <ex>et sa</ex>
         <ex>paroleset si</ex>
         <ex>et deguerpi</ex>
         <ex> et puis</ex>
         <ex>et ses</ex>
         <ex>fezet les</ex>
         <ex>et si</ex>
         <ex>et les</ex>
         <ex>et la</ex>
         <ex>ieet si</ex>
         <ex>et leis</ex>
         <ex>et misericorde.</ex>
         <ex>et entendre</ex>
         <ex>et a</ex>
         <ex>et sermonoit</ex>
         <ex>et sa</ex>
         <ex>apelezet l</ex>
         <ex>oitet t</ex>
         <ex>reset por</ex>
         <ex>ieet tant</ex>
         <ex>et de</ex>
         <ex>et la</ex>
         <ex>et une</ex>
         <ex>demoranceet non</ex>
         <ex>et lor</ex>
         <ex>et si</ex>
         <ex> et en</ex>
         <ex>compaignieet cil
</ex>
         <ex>creanceet par</ex>
         <ex>loet de</ex>
         <ex>et eu</ex>
         <ex>euet portoient
</ex>
         <ex>et de</ex>
         <ex>estoitet qi</ex>
         <ex>et entendi</ex>
         <ex>friret si</ex>
         <ex>luiet par</ex>
         <ex> et entendi</ex>
         <ex>et tra</ex>
         <ex>miseet cele</ex>
         <ex>estueet par</ex>
         <ex>et conisteroiz</ex>
         <ex>elleet si
</ex>
         <ex>et entendre.</ex>
         <ex>et grant
</ex>
         <ex>et la</ex>
         <ex>eoitet mur</ex>
         <ex>autreset me</ex>
         <ex>estueet por</ex>
         <ex>et molt</ex>
         <ex>et molt</ex>
         <ex>iolset taster</ex>
         <ex>zet nepor</ex>
         <ex>et a</ex>
         <ex>et a</ex>
         <ex>pooitet si</ex>
         <ex>et </ex>
         <ex>et a</ex>
         <ex>ienentet de</ex>
         <ex>et eoir</ex>
         <ex>et die</ex>
         <ex>seuset li</ex>
         <ex>maniereet si
</ex>
         <ex>reet corone</ex>
         <ex>pierreset chau</ex>
         <ex>doreeet molt</ex>
         <ex>et de</ex>
         <ex>et de</ex>
         <ex> et por</ex>
         <ex>et si</ex>
         <ex>direet apr</ex>
         <ex>et corone</ex>
         <ex>et en</ex>
         <ex>mortet a</ex>
         <ex>oizet cele</ex>
         <ex>reet la</ex>
         <ex> et dit</ex>
         <ex>neset si</ex>
         <ex>et de</ex>
         <ex>biet raconterai</ex>
         <ex>gieret c</ex>
         <ex>piezet si</ex>
         <ex>et pechi</ex>
         <ex>et de</ex>
         <ex>siecleet qe
</ex>
         <ex>direet i</ex>
         <ex>et dire</ex>
         <ex>direet dont</ex>
         <ex>pluiseurset resuscitoit</ex>
         <ex>morset a</ex>
         <ex>et les
</ex>
         <ex>fuiet qi</ex>
         <ex>et dire.</ex>
         <ex>et por
</ex>
         <ex>set de</ex>
         <ex>et fesoit</ex>
         <ex>et gesir</ex>
         <ex>gesiret si</ex>
         <ex>estoitet oste</ex>
         <ex>et il</ex>
         <ex>et li
</ex>
         <ex>et la</ex>
         <ex>et si
</ex>
         <ex>et une
</ex>
         <ex>estet li</ex>
         <ex>ardoiret a</ex>
         <ex>et destraignoit</ex>
         <ex>et serrez</ex>
         <ex>et si</ex>
         <ex>sonset si</ex>
         <ex>foiet par</ex>
         <ex>desfermeret il
</ex>
         <ex>croizet ses</ex>
         <ex>entendreet sa</ex>
         <ex>definaet lessa</ex>
         <ex>decipleset a</ex>
         <ex>entreet </ex>
         <ex>oientet cha</ex>
         <ex>et men</ex>
         <ex>et si</ex>
         <ex>entet si</ex>
         <ex>et qant
</ex>
         <ex>et les</ex>
         <ex>leuet si</ex>
         <ex>et entendre</ex>
         <ex>et as
</ex>
         <ex>montaigneset li</ex>
         <ex>oitet la</ex>
         <ex>et grant</ex>
         <ex>demeneret se</ex>
         <ex>oizet si</ex>
         <ex>et descon</ex>
         <ex>saufet si</ex>
         <ex>et de</ex>
         <ex>et si</ex>
         <ex>ignoret a</ex>
         <ex>et faire.</ex>
         <ex>et en</ex>
         <ex>et seur</ex>
         <ex>et les</ex>
         <ex>cielet si</ex>
         <ex>et de</ex>
         <ex>lumiereet tot</ex>
         <ex>et tant</ex>
         <ex>indrentet tuit</ex>
         <ex>et as</ex>
         <ex>oieset me</ex>
         <ex>demenoientet com</ex>
         <ex>et assamblez</ex>
         <ex>et emis</ex>
         <ex>reet i</ex>
         <ex>et chantees.</ex>
         <ex>et un
</ex>
         <ex>eageet au</ex>
         <ex>deet si</ex>
         <ex>contet dit.</ex>
         <ex>aet il</ex>
         <ex>deet cil</ex>
         <ex>euset une</ex>
         <ex>oloientet si</ex>
         <ex>neet si</ex>
         <ex>et olons</ex>
         <ex>mondeet parti</ex>
         <ex>iandeset si</ex>
         <ex>onset esleeciez</ex>
         <ex>ertuzet de</ex>
         <ex>et doi</ex>
         <ex>entet nous</ex>
         <ex>deet si</ex>
         <ex>morzet a</ex>
         <ex>et pro</ex>
         <ex>et droiture</ex>
         <ex>et a</ex>
         <ex>loet l</ex>
         <ex>et la
</ex>
         <ex>et li</ex>
         <ex>et distrent</ex>
         <ex>et de</ex>
         <ex>nefet toutes</ex>
         <ex>confuzet repeirierent</ex>
         <ex>et de</ex>
         <ex>et entendue.</ex>
         <ex>et de</ex>
         <ex>et de</ex>
         <ex>et mout</ex>
         <ex>matineset de</ex>
         <ex>et de</ex>
         <ex>oet entendi</ex>
         <ex>et ent</ex>
         <ex>encoreet si</ex>
         <ex>tendreet les</ex>
         <ex>et por</ex>
         <ex>et li
</ex>
         <ex>acreset si</ex>
         <ex>et par
</ex>
         <ex>et entendoit</ex>
         <ex>et la</ex>
         <ex>et si</ex>
         <ex>et e</ex>
         <ex>ieet por</ex>
         <ex>et demeinent</ex>
         <ex> et entendu</ex>
         <ex>et lor</ex>
         <ex>sesiret prendre</ex>
         <ex>et confuz</ex>
         <ex>et tristres.</ex>
         <ex>et l</ex>
         <ex>et puis</ex>
         <ex>et isnielement</ex>
         <ex>et ent</ex>
         <ex>et florie.</ex>
         <ex>et il</ex>
         <ex>et finee</ex>
         <ex>fineeet cil</ex>
         <ex>et ennuiez</ex>
         <ex>troublezet bien</ex>
         <ex>ensambleet mout</ex>
         <ex>et l</ex>
         <ex>preudomet seinz</ex>
         <ex>homet bene</ex>
         <ex>et les</ex>
         <ex>enoientet cui</ex>
         <ex>confonduzet seinte</ex>
         <ex>enforcieet qi</ex>
         <ex>geleset la</ex>
         <ex>irgeset qi</ex>
         <ex>et leesche</ex>
         <ex>et crieres</ex>
         <ex>et regne</ex>
         <ex>homet de</ex>
         <ex> et en</ex>
         <ex>et plus</ex>
         <ex>estudeet molt
</ex>
         <ex>et consomee</ex>
         <ex>et dire</ex>
         <ex>et somee</ex>
         <ex>et toz</ex>
         <ex>et les</ex>
         <ex>et les</ex>
         <ex>et bene</ex>
         <ex>ret por</ex>
         <ex>et metre</ex>
         <ex>et a</ex>
         <ex>antet qant</ex>
         <ex>sarquet puis</ex>
         <ex>et por</ex>
         <ex>dolenzet si</ex>
         <ex>et molt
</ex>
         <ex>et si</ex>
         <ex>esqiet ceste</ex>
         <ex>et li
</ex>
         <ex>et en</ex>
         <ex>et en</ex>
         <ex>et por</ex>
         <ex>elset il</ex>
         <ex>estoitet il</ex>
         <ex>abbeset puis</ex>
         <ex>laet lor</ex>
         <ex>oset por</ex>
         <ex>et tristre</ex>
         <ex>reet li</ex>
         <ex>et li</ex>
         <ex>esqeet les</ex>
         <ex>et les</ex>
         <ex>et cierges</ex>
         <ex>chanteret si</ex>
         <ex>et misent</ex>
         <ex>et assis</ex>
         <ex>nonet la</ex>
         <ex>chanteeet il</ex>
         <ex>set si</ex>
         <ex> et dit</ex>
         <ex>eet qe</ex>
         <ex>autruiet ce</ex>
         <ex>et regne</ex>
         <ex>eet essaucie</ex>
         <ex>essaucieet qe</ex>
         <ex>et </ex>
         <ex> et en</ex>
         <ex>et nessent.</ex>
         <ex> et la</ex>
         <ex> et de</ex>
         <ex>contreeet mout</ex>
         <ex>oiret de</ex>
         <ex>et de</ex>
         <ex>et de
</ex>
         <ex>et cremoit</ex>
         <ex>et mout</ex>
         <ex>euet ser</ex>
         <ex>et de</ex>
         <ex>set so</ex>
         <ex>et dont</ex>
         <ex>et les</ex>
         <ex>eset les</ex>
         <ex>et les</ex>
         <ex>mengiet il</ex>
         <ex>et si
</ex>
         <ex>et e</ex>
         <ex>et en</ex>
         <ex>et chas</ex>
         <ex> et si
</ex>
         <ex>et si</ex>
         <ex>et mon</ex>
         <ex>contet dit</ex>
         <ex> et </ex>
         <ex>et mi</ex>
         <ex>sericorset qi</ex>
         <ex>et ape</ex>
         <ex>et entendre.</ex>
         <ex>et droiture.</ex>
         <ex>pereset la</ex>
         <ex>et le</ex>
         <ex>et amenda</ex>
         <ex>et la</ex>
         <ex>et par</ex>
         <ex>et rectori</ex>
         <ex>et di</ex>
         <ex>enfeset bien</ex>
         <ex>et ama</ex>
         <ex>reatouret son</ex>
         <ex>et entendans</ex>
         <ex>femeet si</ex>
         <ex>filet si</ex>
         <ex>oieet m</ex>
         <ex>esleeceet l</ex>
         <ex>et les</ex>
         <ex>estoitet furent</ex>
         <ex>mostieret menez</ex>
         <ex>et en</ex>
         <ex>et g</ex>
         <ex>et sa
</ex>
         <ex> et de</ex>
         <ex>et de</ex>
         <ex>et une</ex>
         <ex>et si
</ex>
         <ex>gardezet nostre
</ex>
         <ex>et retint.</ex>
         <ex>et argent</ex>
         <ex>plotet se</ex>
         <ex>et fors
</ex>
         <ex>saleet ala</ex>
         <ex>dedenzet na</ex>
         <ex>citet ala</ex>
         <ex>et si</ex>
         <ex>et dona</ex>
         <ex>et a</ex>
         <ex>reset le</ex>
         <ex>et dona</ex>
         <ex>ignoret dont</ex>
         <ex>aumosneset ce</ex>
         <ex>penseeet estoit</ex>
         <ex>et en</ex>
         <ex>et en</ex>
         <ex> et dit</ex>
         <ex>et demanda
</ex>
         <ex>ilet si</ex>
         <ex>et si</ex>
         <ex>et misericors
</ex>
         <ex>et secorables.</ex>
         <ex>et di</ex>
         <ex>direet gisoit
</ex>
         <ex>et disoit</ex>
         <ex>ignoret en</ex>
         <ex>ignoret li</ex>
         <ex>luiet la</ex>
         <ex>ditet parl</ex>
         <ex>celuiet cil</ex>
         <ex>et proia
</ex>
         <ex>demostrastet ensignast
</ex>
         <ex>misericordeet nostre</ex>
         <ex>eglisseet puis</ex>
         <ex>estoitet de</ex>
         <ex>et dist</ex>
         <ex>et pleinz
</ex>
         <ex>paroleset li</ex>
         <ex>et amener</ex>
         <ex>et sot</ex>
         <ex>et depueplez</ex>
         <ex>contreeet par</ex>
         <ex>et li</ex>
         <ex>et se</ex>
         <ex>portet tant</ex>
         <ex>terreet si</ex>
         <ex>empereoret ensemble</ex>
         <ex>luiet si</ex>
         <ex>et piti</ex>
         <ex>et misericor</ex>
         <ex>et besoigneus</ex>
         <ex>et si</ex>
         <ex>et done</ex>
         <ex>ieet si</ex>
         <ex>et oelle</ex>
         <ex>et raemplir</ex>
         <ex>et si</ex>
         <ex>et li</ex>
         <ex>et si</ex>
         <ex>et istrai</ex>
         <ex>oieet si</ex>
         <ex>maniereet si</ex>
         <ex>et men</ex>
         <ex>et dire</ex>
         <ex>et menoit</ex>
         <ex>et si</ex>
         <ex>et par
</ex>
         <ex>et atendrai</ex>
         <ex>et l</ex>
         <ex>et menoit</ex>
         <ex>entet qi</ex>
         <ex>anuizet de</ex>
         <ex>et les</ex>
         <ex>et le</ex>
         <ex>et sa</ex>
         <ex>et en</ex>
         <ex>et ceste</ex>
         <ex>et metre</ex>
         <ex>et departir</ex>
         <ex>et enque</ex>
         <ex>et pene</ex>
         <ex>ieet ment</ex>
         <ex>et esploiti</ex>
         <ex>esploitiet coment</ex>
         <ex>et coment</ex>
         <ex>oret la</ex>
         <ex>et de</ex>
         <ex>et la</ex>
         <ex>et li</ex>
         <ex>eilliezet qi</ex>
         <ex>esteset e</ex>
         <ex>et assoa</ex>
         <ex>et s</ex>
         <ex>et en</ex>
         <ex>euet si</ex>
         <ex>remestet trespassa</ex>
         <ex>et li</ex>
         <ex>et tuit</ex>
         <ex>maladeset rendoit</ex>
         <ex>et nuit</ex>
         <ex>et loenges</ex>
         <ex>loengeset li</ex>
         <ex>et pardon</ex>
         <ex>pechiezet qu</ex>
         <ex>ameet li
</ex>
         <ex>oieet a</ex>
         <ex>empereoret li
</ex>
         <ex>et enseignie.</ex>
         <ex>eet si</ex>
         <ex> et si</ex>
         <ex>et la</ex>
         <ex>signorieet si</ex>
         <ex>et dist</ex>
         <ex>et por</ex>
         <ex>et embraser</ex>
         <ex>et si</ex>
         <ex>et qieus</ex>
         <ex>et de</ex>
         <ex>eoitet qe</ex>
         <ex>et grant</ex>
         <ex>orissonset en
</ex>
         <ex>gaboientet assailloient</ex>
         <ex>et il
</ex>
         <ex>et trespassez</ex>
         <ex>et aussint</ex>
         <ex>resplendissanzet en</ex>
         <ex>et lire</ex>
         <ex>et si</ex>
         <ex>mesonet ore</ex>
         <ex>morzet tenoit</ex>
         <ex>richementet si</ex>
         <ex>tet ensemble</ex>
         <ex>et tuit</ex>
         <ex>omeet granz</ex>
         <ex>pereorset ci</ex>
         <ex>et q</ex>
         <ex>meinet lor</ex>
         <ex>et li</ex>
         <ex>et esponst</ex>
         <ex>reset si</ex>
         <ex>euset se</ex>
         <ex>plorantet criant</ex>
         <ex>et si
</ex>
         <ex>eet quel
</ex>
         <ex>pasmaet de</ex>
         <ex>et sostenue.</ex>
         <ex>descireret a</ex>
         <ex>eneorset ses
</ex>
         <ex>forseneeet regardoit
</ex>
         <ex>et a</ex>
         <ex>et cui</ex>
         <ex>et redemenoit</ex>
         <ex>oiset si</ex>
         <ex>et toutes</ex>
         <ex>et plorez</ex>
         <ex>et demenez</ex>
         <ex>et disoit</ex>
         <ex>et moi</ex>
         <ex>oset si</ex>
         <ex>et confortoient
</ex>
         <ex>et ploroit</ex>
         <ex>et a</ex>
         <ex>et si
</ex>
         <ex>et la</ex>
         <ex>et esmer</ex>
         <ex>et si</ex>
         <ex>et a</ex>
         <ex>mereet a</ex>
         <ex>citet si</ex>
         <ex>et dire</ex>
         <ex> et cil</ex>
         <ex>maladieset languereus</ex>
         <ex>et ooient</ex>
         <ex> et  </ex>
         <ex>et argent</ex>
         <ex>reet la</ex>
         <ex>et li</ex>
         <ex>et a</ex>
         <ex>et loenges</ex>
         <ex> et d</ex>
         <ex>et d</ex>
         <ex>tet de</ex>
         <ex>et mistrent</ex>
         <ex>et fet</ex>
         <ex> et </ex>
         <ex>mentet par</ex>
         <ex>atentet qi</ex>
         <ex>zet a</ex>
         <ex>eslongentet ser</ex>
         <ex>et pai</ex>
         <ex>irontet a</ex>
         <ex>et o</ex>
         <ex>et o</ex>
         <ex>et o</ex>
         <ex>et en</ex>
         <ex>tendreet la</ex>
         <ex>et regne</ex>
         <ex>entendieet o</ex>
         <ex>racontentet dient
</ex>
         <ex>et les</ex>
         <ex>et por</ex>
         <ex>et qi</ex>
         <ex>et sa</ex>
         <ex>et andui</ex>
         <ex>et ser</ex>
         <ex>et amer</ex>
         <ex>escoleet li</ex>
         <ex>et del</ex>
         <ex>gieet si</ex>
         <ex>et misericorde</ex>
         <ex>et oieus</ex>
         <ex>et l</ex>
         <ex>et sa</ex>
         <ex>et sa</ex>
         <ex>morurentet de</ex>
         <ex> et dona</ex>
         <ex>et en</ex>
         <ex>celuiet lors</ex>
         <ex> et par</ex>
         <ex>et gueriz.</ex>
         <ex>et muiant</ex>
         <ex>muiantet cil</ex>
         <ex>oientet li</ex>
         <ex>conselet a</ex>
         <ex>deet il</ex>
         <ex>metezet secoroit</ex>
         <ex>et esparse</ex>
         <ex>et sa</ex>
         <ex>contreeet trespasse</ex>
         <ex>et menroit</ex>
         <ex>et en</ex>
         <ex>et cil</ex>
         <ex> et deli</ex>
         <ex>estoitet por</ex>
         <ex>et q</ex>
         <ex>et pooir.</ex>
         <ex>piezet si
</ex>
         <ex>estionset qi</ex>
         <ex>corset amenisterrons</ex>
         <ex>liezet bene</ex>
         <ex>ignoret rendi</ex>
         <ex>et a</ex>
         <ex>et ses
</ex>
         <ex>liezet heitiez</ex>
         <ex>et li</ex>
         <ex>et droituriers</ex>
         <ex>et mis</ex>
         <ex>et nuiz</ex>
         <ex>et a</ex>
         <ex>et autres</ex>
         <ex>feteet qant</ex>
         <ex> et quel</ex>
         <ex>et escu</ex>
         <ex>et d</ex>
         <ex>et de</ex>
         <ex>et ni</ex>
         <ex>ieet puis</ex>
         <ex>et apr</ex>
         <ex>et l</ex>
         <ex>et puis</ex>
         <ex>entet alerent</ex>
         <ex>et menoit</ex>
         <ex>homeet por
</ex>
         <ex>et herber</ex>
         <ex>et donees</ex>
         <ex>et sanee</ex>
         <ex>et tant</ex>
         <ex>esqeset il</ex>
         <ex>et si</ex>
         <ex>luiet 
</ex>
         <ex>enerationet li</ex>
         <ex>esqeet qant</ex>
         <ex>et por</ex>
         <ex>et misericorz</ex>
         <ex>et par</ex>
         <ex>et bien
</ex>
         <ex>et alez</ex>
         <ex>et ostas</ex>
         <ex>et qi</ex>
         <ex>et molt</ex>
         <ex>plorantet tant</ex>
         <ex>et de</ex>
         <ex>ageet si
</ex>
         <ex>et pure</ex>
         <ex>et ren</ex>
         <ex>et atornee</ex>
         <ex>et de</ex>
         <ex>et meintenant</ex>
         <ex>et plus</ex>
         <ex>et comencie</ex>
         <ex>eet ele
</ex>
         <ex>et d</ex>
         <ex>et le</ex>
         <ex>et les</ex>
         <ex>orset si</ex>
         <ex>et la</ex>
         <ex>et ge</ex>
         <ex>et de</ex>
         <ex>ignoret si</ex>
         <ex>apaisastet si</ex>
         <ex>acostumeeet tuit</ex>
         <ex>et ne</ex>
         <ex>et dis</ex>
         <ex>et li
</ex>
         <ex>et de</ex>
         <ex>et de</ex>
         <ex>et por
</ex>
         <ex>fereet ele</ex>
         <ex>et bien</ex>
         <ex>et li</ex>
         <ex>et li</ex>
         <ex>reposteet aombree</ex>
         <ex>boiset de</ex>
         <ex>et a</ex>
         <ex>et plai</ex>
         <ex>et ses</ex>
         <ex> et en
</ex>
         <ex>et li</ex>
         <ex> et il</ex>
         <ex>estoitet de</ex>
         <ex>contreeet por</ex>
         <ex>et qi</ex>
         <ex> et na</ex>
         <ex>et le</ex>
         <ex>et l</ex>
         <ex>enet coment</ex>
         <ex>roiset li</ex>
         <ex>piezet si</ex>
         <ex>mesfetet si</ex>
         <ex>et despenses</ex>
         <ex>pardonastet si</ex>
         <ex>et li</ex>
         <ex>orissonset apr</ex>
         <ex>et por</ex>
         <ex>paroleset si</ex>
         <ex>et oloit
</ex>
         <ex>et granz</ex>
         <ex>et qi</ex>
         <ex>et or.</ex>
         <ex>paistreset go</ex>
         <ex>et par</ex>
         <ex>et par</ex>
         <ex>apostreet l</ex>
         <ex>et en</ex>
         <ex>et en</ex>
         <ex>et seint</ex>
         <ex>et a</ex>
         <ex>aet li</ex>
         <ex>terreet por</ex>
         <ex>et do</ex>
         <ex>moineset de</ex>
         <ex>regneet meesmement</ex>
         <ex>et par</ex>
         <ex>et par
</ex>
         <ex>et qu</ex>
         <ex>et mena
</ex>
         <ex>et par</ex>
         <ex>et ho</ex>
         <ex>luiet la</ex>
         <ex>et si</ex>
         <ex>et manda</ex>
         <ex>choseset tant</ex>
         <ex>et si</ex>
         <ex>et de</ex>
         <ex>et si</ex>
         <ex>et heiti</ex>
         <ex>racontezet si</ex>
         <ex>et de</ex>
         <ex>et de</ex>
         <ex>cleset del</ex>
         <ex>et il</ex>
         <ex>fetet q</ex>
         <ex>solementet le</ex>
         <ex>deguerpissoitet au</ex>
         <ex>et le</ex>
         <ex>piezet si</ex>
         <ex>proiereet li</ex>
         <ex>eet il</ex>
         <ex>et tel</ex>
         <ex> et de</ex>
         <ex>apostreset por</ex>
         <ex>apostoileet si</ex>
         <ex>graceset si</ex>
         <ex>et puis</ex>
         <ex>et si</ex>
         <ex>et por</ex>
         <ex>et dist</ex>
         <ex>meret qi</ex>
         <ex>et par</ex>
         <ex>et par</ex>
         <ex>et sanz</ex>
         <ex>et metre</ex>
         <ex> et por
</ex>
         <ex>et en</ex>
         <ex>et en</ex>
         <ex>tenset il</ex>
         <ex>et or</ex>
         <ex>finet il</ex>
         <ex>et dist</ex>
         <ex>espiritueuset si</ex>
         <ex>et ala</ex>
         <ex> et deguerpi</ex>
         <ex>siecleet re</ex>
         <ex>et la
</ex>
         <ex>et requerons</ex>
         <ex>et secorre</ex>
         <ex>et le</ex>
         <ex>et regne</ex>
         <ex>et enten</ex>
         <ex>et croit</ex>
         <ex>et les</ex>
         <ex>et droiture</ex>
         <ex>et che</ex>
         <ex>et puceles
</ex>
         <ex>et dire</ex>
         <ex>et pueplee</ex>
         <ex>et la</ex>
         <ex>et les
</ex>
         <ex>richesceset de</ex>
         <ex>et de</ex>
         <ex>et lor</ex>
         <ex>proiereset si</ex>
         <ex>et la</ex>
         <ex>et le</ex>
         <ex>foieet atant</ex>
         <ex>et il</ex>
         <ex>et sa</ex>
         <ex>seet si</ex>
         <ex>et retenoit</ex>
         <ex>et dire</ex>
         <ex>et de</ex>
         <ex>et tant</ex>
         <ex>et sa</ex>
         <ex>et lor
</ex>
         <ex>et conseillier</ex>
         <ex>et puce</ex>
         <ex>et cui</ex>
         <ex>et sostenoient.</ex>
         <ex>et po</ex>
         <ex>ilet eles</ex>
         <ex>pechiet de</ex>
         <ex>chemiseet ala</ex>
         <ex>coiementet pui</ex>
         <ex>et lez</ex>
         <ex>et si</ex>
         <ex>et establies</ex>
         <ex>et qi</ex>
         <ex>et qe</ex>
         <ex>homeset qe</ex>
         <ex>et disoit</ex>
         <ex>gardaet it</ex>
         <ex>et a</ex>
         <ex>toiet si</ex>
         <ex>et humles
</ex>
         <ex>et si</ex>
         <ex>rendueet si
</ex>
         <ex>et donoit</ex>
         <ex>et or</ex>
         <ex>et nuit</ex>
         <ex>et de
</ex>
         <ex> et de</ex>
         <ex>et a</ex>
         <ex>et cont</ex>
         <ex>contet li</ex>
         <ex>et son</ex>
         <ex>homet religieus</ex>
         <ex>religieuset a</ex>
         <ex> et li</ex>
         <ex>eslectionet proierent</ex>
         <ex>et a</ex>
         <ex>et a</ex>
         <ex>et clers</ex>
         <ex>et en</ex>
         <ex>et ensignier</ex>
         <ex>puepleet l</ex>
         <ex>amonestet proierent</ex>
         <ex>eschiet ententis</ex>
         <ex>forset s</ex>
         <ex>glisseet celui</ex>
         <ex>et si</ex>
         <ex>esqeet si</ex>
         <ex>oet si</ex>
         <ex>et en</ex>
         <ex>orissonset il</ex>
         <ex>fistet a</ex>
         <ex>oiastet si</ex>
         <ex>pristet si</ex>
         <ex>et dous
</ex>
         <ex>chiefet si</ex>
         <ex>et si</ex>
         <ex>oieet nostre</ex>
         <ex>et a</ex>
         <ex>donet dont</ex>
         <ex>et l</ex>
         <ex>chaereet l</ex>
         <ex>et costume</ex>
         <ex>durementet bien</ex>
         <ex>et de</ex>
         <ex>charitet cele
</ex>
         <ex>et amegrissoit</ex>
         <ex>euneset si</ex>
         <ex> et eschi</ex>
         <ex>et sa</ex>
         <ex>et les</ex>
         <ex>et ra</ex>
         <ex>renomeeet partout</ex>
         <ex>et li</ex>
         <ex>et li
</ex>
         <ex>puissanzet li</ex>
         <ex>et prees</ex>
         <ex>donet li</ex>
         <ex>tenset ie</ex>
         <ex>conteret dire.</ex>
         <ex>felonieet e</ex>
         <ex>esforciezet les</ex>
         <ex>et par</ex>
         <ex>et e</ex>
         <ex>et granz</ex>
         <ex>ieet lor</ex>
         <ex>et lor</ex>
         <ex>et lor
</ex>
         <ex>rompueset lor
</ex>
         <ex>et si</ex>
         <ex>et a</ex>
         <ex>euet a</ex>
         <ex>homeet ce</ex>
         <ex>et as
</ex>
         <ex>et la</ex>
         <ex>eet eus</ex>
         <ex>ignoret loant</ex>
         <ex>estoitet l</ex>
         <ex>estoitet tantost</ex>
         <ex>secorset a</ex>
         <ex>et distrent</ex>
         <ex>respondiet dist</ex>
         <ex>et par</ex>
         <ex>foiet par</ex>
         <ex>et de</ex>
         <ex>et de</ex>
         <ex> et secoruz</ex>
         <ex>terreet en</ex>
         <ex>aet si</ex>
         <ex>et aidast</ex>
         <ex>et secorust.</ex>
         <ex>det aloient</ex>
         <ex>nefet a</ex>
         <ex>et ses</ex>
         <ex>contreeet bien</ex>
         <ex>ancreset li</ex>
         <ex>bonset droituriers</ex>
         <ex>portet dont</ex>
         <ex>eillierentet neqedent</ex>
         <ex>empereoret lors</ex>
         <ex>ensambleet rendirent
</ex>
         <ex>et qu</ex>
         <ex>et sa</ex>
         <ex>autreet en</ex>
         <ex>et repleniez.</ex>
         <ex>seneet os</ex>
         <ex>et o</ex>
         <ex>et encore</ex>
         <ex>et eraie
</ex>
         <ex>et d</ex>
         <ex>aoroientet en</ex>
         <ex>fianceet la</ex>
         <ex>creanceet le</ex>
         <ex>et debrissa</ex>
         <ex>et en</ex>
         <ex>et est</ex>
         <ex>et engigne</ex>
         <ex>aet e</ex>
         <ex>et en</ex>
         <ex>reet li</ex>
         <ex>et debonaires</ex>
         <ex>et entr</ex>
         <ex>euset dist</ex>
         <ex>oreet qe</ex>
         <ex>ditet li</ex>
         <ex>et por</ex>
         <ex>et mand</ex>
         <ex>et arstrent</ex>
         <ex>elleet la</ex>
         <ex>oet a</ex>
         <ex>et de</ex>
         <ex>aleeet li</ex>
         <ex>et loenges</ex>
         <ex>costumeet puis</ex>
         <ex>et doctri</ex>
         <ex>reset so</ex>
         <ex>et de</ex>
         <ex>et doctrinez</ex>
         <ex>beneet puis</ex>
         <ex>et hetiez
</ex>
         <ex>eoret le</ex>
         <ex>et l</ex>
         <ex>autreet le</ex>
         <ex>neset genz</ex>
         <ex>euset alassent
</ex>
         <ex>et ser</ex>
         <ex>et iandes</ex>
         <ex>et tout</ex>
         <ex>mazet li</ex>
         <ex>meret il</ex>
         <ex>granzet orible</ex>
         <ex>terreet pristrent</ex>
         <ex>costumeet lor</ex>
         <ex>reet alerent</ex>
         <ex>et d</ex>
         <ex>et marchi</ex>
         <ex>marchiet grant</ex>
         <ex>et la</ex>
         <ex>et adont</ex>
         <ex>et si</ex>
         <ex>oset de</ex>
         <ex>et si</ex>
         <ex>et qi</ex>
         <ex>et sa</ex>
         <ex>otroierentet si</ex>
         <ex>uneet de</ex>
         <ex> et li</ex>
         <ex>et </ex>
         <ex>et homes</ex>
         <ex>luiet si</ex>
         <ex>ocirreet por</ex>
         <ex>et a</ex>
         <ex>et a</ex>
         <ex>et espris</ex>
         <ex>et eus</ex>
         <ex>et si</ex>
         <ex> et </ex>
         <ex>laet qant</ex>
         <ex>et a</ex>
         <ex>reet cil</ex>
         <ex>traiteset apareilliez</ex>
         <ex>toliet si</ex>
         <ex>et puissanz</ex>
         <ex>et granz</ex>
         <ex>et por</ex>
         <ex> et seur</ex>
         <ex>luiet li</ex>
         <ex>pooiret qi</ex>
         <ex>et entenz</ex>
         <ex>et celi</ex>
         <ex>et si</ex>
         <ex>et corroces</ex>
         <ex> et </ex>
         <ex>et si</ex>
         <ex>et de</ex>
         <ex>destruizet si</ex>
         <ex>et d</ex>
         <ex>esteret si</ex>
         <ex>doucementet si</ex>
         <ex>amoret 
</ex>
         <ex>ageet alerent</ex>
         <ex>aleret firent</ex>
         <ex>pereoret les</ex>
         <ex>et bo</ex>
         <ex>oiset damoi</ex>
         <ex>et les</ex>
         <ex>et de</ex>
         <ex>et quist</ex>
         <ex>et en</ex>
         <ex>ieet q</ex>
         <ex>et regarz</ex>
         <ex>entet qe</ex>
         <ex>sonet mortel</ex>
         <ex>bienet cil</ex>
         <ex>et argent</ex>
         <ex>oloiret a</ex>
         <ex>et d</ex>
         <ex>et si</ex>
         <ex>et conta
</ex>
         <ex>certeinementet sanz</ex>
         <ex>oset si
</ex>
         <ex>et qie</ex>
         <ex>et amis
</ex>
         <ex>et ous</ex>
         <ex>et entendue</ex>
         <ex>et dite.</ex>
         <ex>oet entendi</ex>
         <ex>et a</ex>
         <ex>et si</ex>
         <ex>et distrent</ex>
         <ex>et semons</ex>
         <ex>semonset si</ex>
         <ex>et aemplir</ex>
         <ex>forcieret si</ex>
         <ex>et mestiers</ex>
         <ex>peset si</ex>
         <ex>et si</ex>
         <ex>et sanz</ex>
         <ex>chartreet si</ex>
         <ex>bienet si</ex>
         <ex>homet pleins
</ex>
         <ex>treet si</ex>
         <ex>princeset si</ex>
         <ex>reret si</ex>
         <ex>espoentezet comencierent</ex>
         <ex>et a</ex>
         <ex>et lor</ex>
         <ex>detraireet a</ex>
         <ex>reset si</ex>
         <ex>et disoient</ex>
         <ex>et ceste</ex>
         <ex>et sanz</ex>
         <ex>et sanz</ex>
         <ex>grantet ne</ex>
         <ex>et plor</ex>
         <ex>et puis</ex>
         <ex>periret re</ex>
         <ex>et deli</ex>
         <ex>deet s</ex>
         <ex> et si</ex>
         <ex>aussintet si</ex>
         <ex>et besier
</ex>
         <ex>pitiet la</ex>
         <ex>et a</ex>
         <ex>et ne</ex>
         <ex>misericordeet ne</ex>
         <ex>ieet nostre</ex>
         <ex>litet li</ex>
         <ex>et si</ex>
         <ex>prissonet por</ex>
         <ex>et si</ex>
         <ex>ret se</ex>
         <ex>geet q</ex>
         <ex>ociset qe</ex>
         <ex>et as</ex>
         <ex>et de</ex>
         <ex>set tieus</ex>
         <ex>tiet ala
</ex>
         <ex>et perduz</ex>
         <ex>chartreet se</ex>
         <ex>mpereoret si</ex>
         <ex>et soit</ex>
         <ex>erset ta</ex>
         <ex>et li</ex>
         <ex>espoentezet manda</ex>
         <ex>et ses</ex>
         <ex>baronset si</ex>
         <ex>semblantet si</ex>
         <ex>et par
</ex>
         <ex>et espoen</ex>
         <ex>et respondi</ex>
         <ex>et si</ex>
         <ex>aprendreet bien</ex>
         <ex>et si</ex>
         <ex>ssentet si</ex>
         <ex>et de</ex>
         <ex>lignieet se</ex>
         <ex>et si</ex>
         <ex>et qe</ex>
         <ex>et nos</ex>
         <ex>deet si</ex>
         <ex>et entendus</ex>
         <ex>terreset ensus
</ex>
         <ex>distet puis</ex>
         <ex>estoitet de</ex>
         <ex>bontet si</ex>
         <ex>conteret dire</ex>
         <ex>et por</ex>
         <ex> et retraire</ex>
         <ex>et si</ex>
         <ex>et si</ex>
         <ex>et a</ex>
         <ex>rezet si
</ex>
         <ex>et essiaus</ex>
         <ex>et aornez</ex>
         <ex>eet q</ex>
         <ex>deraet si</ex>
         <ex>oioitet tant</ex>
         <ex>besieret por</ex>
         <ex>et si</ex>
         <ex>ceet autres</ex>
         <ex>estoitet si</ex>
         <ex>oioitet les</ex>
         <ex>cielet si</ex>
         <ex>et esmer</ex>
         <ex>et nule</ex>
         <ex>choseset tu</ex>
         <ex>et a</ex>
         <ex>et des
</ex>
         <ex>scritureset qu</ex>
         <ex>et as</ex>
         <ex>loantet bene</ex>
         <ex>itet regne</ex>
         <ex>geleet la</ex>
         <ex>corset le</ex>
         <ex>boucheet tantost</ex>
         <ex>et sa
</ex>
         <ex>et .</ex>
         <ex>adonqeset qant</ex>
         <ex>et si</ex>
         <ex>et tra</ex>
         <ex>celiet tantost</ex>
         <ex>ignoret la</ex>
         <ex>et </ex>
         <ex>euet sa
</ex>
         <ex>et la
</ex>
         <ex>nonet si</ex>
         <ex>et si</ex>
         <ex>et ait</ex>
         <ex>et par</ex>
         <ex>et les</ex>
         <ex>membreset pui</ex>
         <ex>ignoret tantost</ex>
         <ex>sanezet si</ex>
         <ex>et graciant</ex>
         <ex>et tro</ex>
         <ex>et d</ex>
         <ex>et pleines</ex>
         <ex>et a</ex>
         <ex>homeet si</ex>
         <ex>estet a</ex>
         <ex>et deli</ex>
         <ex>et haitiez</ex>
         <ex>et reclamez
</ex>
         <ex>miracleset d</ex>
         <ex>ieet ala</ex>
         <ex>tet si</ex>
         <ex>et si</ex>
         <ex>croizet puis</ex>
         <ex>et eripe</ex>
         <ex>tuamet sal</ex>
         <ex>protectoremet in</ex>
         <ex> et </ex>
         <ex>et 
</ex>
         <ex>et de
</ex>
         <ex>et si</ex>
         <ex>et eslee</ex>
         <ex>et li</ex>
         <ex>et de</ex>
         <ex>et desciroient</ex>
         <ex>et le</ex>
         <ex>et o</ex>
         <ex>eneet si</ex>
         <ex>esqeset cil</ex>
         <ex>corset si</ex>
         <ex>et co</ex>
         <ex>et li</ex>
         <ex>et par</ex>
         <ex>et molt
</ex>
         <ex>miracleet fet</ex>
         <ex>deset adonc</ex>
         <ex>et no</ex>
         <ex>et amoit</ex>
         <ex>et anz
</ex>
         <ex>oitet qe</ex>
         <ex>passionet </ex>
         <ex>elizet enfo</ex>
         <ex>eglisseet si</ex>
         <ex>tureet haute</ex>
         <ex> et esgard</ex>
         <ex>et l</ex>
         <ex> et de</ex>
         <ex>ret de</ex>
         <ex>ret de</ex>
         <ex>deet de</ex>
         <ex>et q</ex>
         <ex>liquieuret d</ex>
         <ex>ditet fet
</ex>
         <ex>et muz</ex>
         <ex>et der</ex>
         <ex>et envoiez</ex>
         <ex>uileet la</ex>
         <ex>et mis</ex>
         <ex>et en</ex>
         <ex>et li</ex>
         <ex>et entendre</ex>
         <ex>et acrut</ex>
         <ex>pluset plus</ex>
         <ex>loinget pres</ex>
         <ex>et des</ex>
         <ex> et qe</ex>
         <ex>genzet de</ex>
         <ex>anet la</ex>
         <ex>confessoret puis</ex>
         <ex>et molt</ex>
         <ex>rieret si</ex>
         <ex>et comen</ex>
         <ex>oeeet comen</ex>
         <ex>ret dont</ex>
         <ex>et la</ex>
         <ex>resgardaet si</ex>
         <ex>reet loa</ex>
         <ex> et celui</ex>
         <ex> et si
</ex>
         <ex>et les</ex>
         <ex>luiet puis
</ex>
         <ex>estet droiture</ex>
         <ex> et a</ex>
         <ex>homeet li</ex>
         <ex>charchiet les
</ex>
         <ex>et les</ex>
         <ex>et fist</ex>
         <ex>et besoinz.</ex>
         <ex>et sa</ex>
         <ex>et ses</ex>
         <ex>et ses
</ex>
         <ex>zet assez</ex>
         <ex>mesnieet puis</ex>
         <ex>et isnie</ex>
         <ex>et droiturier.</ex>
         <ex>et sa</ex>
         <ex>et che</ex>
         <ex>et ses</ex>
         <ex>leet por</ex>
         <ex>meret la</ex>
         <ex>et de
</ex>
         <ex>et son</ex>
         <ex>et perderont</ex>
         <ex>aet plus</ex>
         <ex>perduet la</ex>
         <ex>et toute</ex>
         <ex>et demenerent</ex>
         <ex>et del</ex>
         <ex>et sa</ex>
         <ex>signeuret si</ex>
         <ex>autelet si</ex>
         <ex>et raconta</ex>
         <ex>oitiseet coment</ex>
         <ex>et son</ex>
         <ex>et la</ex>
         <ex>et tuit</ex>
         <ex>oieet rendirent</ex>
         <ex>et loenges
</ex>
         <ex>et a</ex>
         <ex>et si</ex>
         <ex>oeeet puis</ex>
         <ex>meret si</ex>
         <ex>brazet port</ex>
         <ex>ageet li</ex>
         <ex>et puis</ex>
         <ex>et autres</ex>
         <ex>oieet si</ex>
         <ex>et le</ex>
         <ex>et li</ex>
         <ex>et a</ex>
         <ex>et oianz</ex>
         <ex>et a</ex>
         <ex>reset si
</ex>
         <ex>et par</ex>
         <ex>garderet par</ex>
         <ex>nieret rele</ex>
         <ex>homet q</ex>
         <ex>racleet por</ex>
         <ex>euet ses</ex>
         <ex>autelet si</ex>
         <ex>gageset </ex>
         <ex>et par</ex>
         <ex>et si</ex>
         <ex>respitet il</ex>
         <ex> et olentiers.</ex>
         <ex>faiteet li</ex>
         <ex>oitet si</ex>
         <ex>et pa</ex>
         <ex>et autres</ex>
         <ex>et si</ex>
         <ex>et pai</ex>
         <ex>et as</ex>
         <ex>et dist</ex>
         <ex>et par</ex>
         <ex>crestienet si</ex>
         <ex>et si</ex>
         <ex>creoitet </ex>
         <ex>et cre</ex>
         <ex>creet q</ex>
         <ex>et </ex>
         <ex>et re</ex>
         <ex>et autres</ex>
         <ex>et autres</ex>
         <ex>breet le</ex>
         <ex>eglisseet por</ex>
         <ex> et le</ex>
         <ex>boisdieet por</ex>
         <ex>et desco</ex>
         <ex>et ale</ex>
         <ex>autelet si</ex>
         <ex>et trest
</ex>
         <ex>oieet li</ex>
         <ex>oieet si</ex>
         <ex>entureet tant
</ex>
         <ex>crestienet si</ex>
         <ex> et si</ex>
         <ex>et defrois</ex>
         <ex>et bien</ex>
         <ex>et a</ex>
         <ex>parzet li</ex>
         <ex>intet si</ex>
         <ex>et prist</ex>
         <ex>et nurent</ex>
         <ex> et dece</ex>
         <ex>et qant</ex>
         <ex>toiet tres</ex>
         <ex>eet ho</ex>
         <ex>et ami</ex>
         <ex>boisiezet qe</ex>
         <ex>deserteet se</ex>
         <ex>et tote</ex>
         <ex>mesnieet toz
</ex>
         <ex>et hei</ex>
         <ex>et ala</ex>
         <ex>autelet si</ex>
         <ex>coupableset puis</ex>
         <ex>mentet si</ex>
         <ex>et tote
</ex>
         <ex>et honora</ex>
         <ex>tet mon</ex>
         <ex>ret sa</ex>
         <ex>et aempli</ex>
         <ex>et sa</ex>
         <ex>et regne
</ex>
         <ex>det si</ex>
         <ex>et ardoir</ex>
         <ex>et la</ex>
         <ex>et de</ex>
         <ex> et esgardee.</ex>
         <ex>nerentet si</ex>
         <ex>plorantet distrent</ex>
         <ex>et au</ex>
         <ex>et par</ex>
         <ex>et a</ex>
         <ex>oirset proies.</ex>
         <ex>et sa</ex>
         <ex>et d</ex>
         <ex>et de</ex>
         <ex>et sa</ex>
         <ex>richesceet puis</ex>
         <ex>et si</ex>
         <ex>changeet si</ex>
         <ex>et si</ex>
         <ex>et lessa</ex>
         <ex>endroientet pr</ex>
         <ex>et l</ex>
         <ex>et les</ex>
         <ex>et entendez</ex>
         <ex>et pree</ex>
         <ex>ploreret grant</ex>
         <ex>et qui</ex>
         <ex>et si</ex>
         <ex>et de</ex>
         <ex>et prisses</ex>
         <ex>arrazinet lors</ex>
         <ex>et si</ex>
         <ex>et chetif</ex>
         <ex>et ceste
</ex>
         <ex>et tolistes</ex>
         <ex>et autres</ex>
         <ex>et combien</ex>
         <ex>et prises</ex>
         <ex>et puis
</ex>
         <ex>lueset emblees</ex>
         <ex>gardeet si</ex>
         <ex>espoentezet por</ex>
         <ex>et sa</ex>
         <ex>oucementet si</ex>
         <ex>et droituriers</ex>
         <ex>et misericors</ex>
         <ex>et granz</ex>
         <ex>et puissanz</ex>
         <ex>et sanz</ex>
         <ex>et sanz</ex>
         <ex>omeet si</ex>
         <ex>et se</ex>
         <ex>et it</ex>
         <ex>et si</ex>
         <ex>luiet tote
</ex>
         <ex>et sa</ex>
         <ex>et si</ex>
         <ex>et gracierent</ex>
         <ex>et </ex>
         <ex>et en</ex>
         <ex>det einsi</ex>
         <ex>et honeurent</ex>
         <ex>miracleset ceste</ex>
         <ex>det totes</ex>
         <ex> et cil</ex>
         <ex>eglisseset li</ex>
         <ex>festeset honeur</ex>
         <ex>et honeurent.</ex>
         <ex>et entendez</ex>
         <ex>ieet ses</ex>
         <ex>festeset li</ex>
         <ex>et socors</ex>
         <ex>et secorre</ex>
         <ex>besoinzet desliier</ex>
         <ex>mestieret liiez</ex>
         <ex>et de</ex>
         <ex>et reg</ex>
         <ex>miracleet pluiseurs</ex>
         <ex>et embelir</ex>
         <ex>et d</ex>
         <ex>et corages</ex>
         <ex>et si</ex>
         <ex> et en</ex>
         <ex>indrentet q</ex>
         <ex>citet it</ex>
         <ex>et a</ex>
         <ex>et auques</ex>
         <ex>meret corurent</ex>
         <ex>et a</ex>
         <ex>et d</ex>
         <ex>et sorent</ex>
         <ex>et pis</ex>
         <ex>et sorent</ex>
         <ex>fereet si</ex>
         <ex>marcheandiseet de</ex>
         <ex>oileset repairierent</ex>
         <ex>et e</ex>
         <ex>gardoientet pou</ex>
         <ex>et lacierent</ex>
         <ex>heaumeset ceinstr</ex>
         <ex>et mistrent
</ex>
         <ex>forzet hardiz
</ex>
         <ex>et mout
</ex>
         <ex>et distrent</ex>
         <ex>et ou</ex>
         <ex>et lor</ex>
         <ex>et enseignierent</ex>
         <ex>eschaperet mout</ex>
         <ex>durementet li</ex>
         <ex>leuset la</ex>
         <ex>et duc
</ex>
         <ex>et disoient</ex>
         <ex>et au</ex>
         <ex>et si</ex>
         <ex>et enquerez</ex>
         <ex>et si</ex>
         <ex>et ist</ex>
         <ex>et departez</ex>
         <ex>et male</ex>
         <ex> et q</ex>
         <ex>et mout</ex>
         <ex>clerzet pueple</ex>
         <ex>isionet si</ex>
         <ex>regionet se
</ex>
         <ex>et il
</ex>
         <ex>et por</ex>
         <ex>et perdi</ex>
         <ex>et la</ex>
         <ex>duelet si</ex>
         <ex>et argent</ex>
         <ex>seet les</ex>
         <ex>et plo</ex>
         <ex>et crioient</ex>
         <ex>et si</ex>
         <ex> et estri</ex>
         <ex>eglisseet si</ex>
         <ex>et har</ex>
         <ex>et li</ex>
         <ex>toitet qant</ex>
         <ex>et si</ex>
         <ex>et ostas</ex>
         <ex>elizet il</ex>
         <ex>moitiet il</ex>
         <ex>estoitet si</ex>
         <ex>et atrest</ex>
         <ex>nonet li</ex>
         <ex>diligenseet par</ex>
         <ex>amoret par</ex>
         <ex>et atrest
</ex>
         <ex>ertureet il</ex>
         <ex>et toz</ex>
         <ex>et sanz</ex>
         <ex>et trest</ex>
         <ex>decoroientet si
</ex>
         <ex>et a</ex>
         <ex>durementet li</ex>
         <ex>et si</ex>
         <ex>estrangeset ers</ex>
         <ex>et ta</ex>
         <ex>et ceste
</ex>
         <ex>delet si</ex>
         <ex>et la</ex>
         <ex>et puis</ex>
         <ex>et mises</ex>
         <ex>et en</ex>
         <ex>et q</ex>
         <ex>et loerent</ex>
         <ex>et en</ex>
         <ex>et le</ex>
         <ex>et drecierent</ex>
         <ex>et trestrent</ex>
         <ex>et fort</ex>
         <ex>et droiturier
</ex>
         <ex>et si</ex>
         <ex>et tuit</ex>
         <ex>et il</ex>
         <ex>meret il</ex>
         <ex>et lor</ex>
         <ex>rompreet lor</ex>
         <ex>et a</ex>
         <ex>et si</ex>
         <ex>et dont</ex>
         <ex>et si</ex>
         <ex>et si</ex>
         <ex>et demenoient</ex>
         <ex>doleurset li</ex>
         <ex>et si
</ex>
         <ex>et nostre</ex>
         <ex>et nostre</ex>
         <ex>et si</ex>
         <ex>deet puis</ex>
         <ex>et par</ex>
         <ex>et disoient</ex>
         <ex>et s</ex>
         <ex>et depe</ex>
         <ex>leret a</ex>
         <ex>et qatre</ex>
         <ex>et mises</ex>
         <ex>borseet qe</ex>
         <ex>tet si
</ex>
         <ex>et entendez</ex>
         <ex>apesaet cil</ex>
         <ex>et mon</ex>
         <ex>fereet si</ex>
         <ex>et dedenz</ex>
         <ex>det puis</ex>
         <ex>otionet par</ex>
         <ex>cleret au</ex>
         <ex>leesceet la</ex>
         <ex> et corurent</ex>
         <ex>auet pristrent</ex>
         <ex>et lor</ex>
         <ex>zet toz</ex>
         <ex>et puceles</ex>
         <ex>ielet o</ex>
         <ex>chasteaet des
</ex>
         <ex> et plus</ex>
         <ex>et alez</ex>
         <ex>et a</ex>
         <ex>et a</ex>
         <ex>ardanzet chantoient</ex>
         <ex>et droiture.</ex>
         <ex>et a</ex>
         <ex>et bene</ex>
         <ex>et si</ex>
         <ex>otet bene</ex>
         <ex> et sa
</ex>
         <ex>chiet metre</ex>
         <ex>et l</ex>
         <ex>onset granz</ex>
         <ex>et esploitierent</ex>
         <ex>et par</ex>
         <ex>milet wi</ex>
         <ex>tanteet siet</ex>
         <ex>et mout</ex>
         <ex>deset peres</ex>
         <ex>et esqui</ex>
         <ex>et ense</ex>
         <ex>eglisseet la</ex>
         <ex>anzet sessante</ex>
         <ex>delet si</ex>
         <ex>et crestiens</ex>
         <ex> et conte
</ex>
         <ex>et pleins</ex>
         <ex>et disoit</ex>
         <ex>roiet tresq</ex>
         <ex>et au</ex>
         <ex>et dedenz</ex>
         <ex>et tot</ex>
         <ex>antet derriere</ex>
         <ex>ignoret par</ex>
         <ex>et heitiez</ex>
         <ex>et si</ex>
         <ex>et gueriz
</ex>
         <ex>et pluiseurs</ex>
         <ex>et del</ex>
         <ex>et des</ex>
         <ex>et des</ex>
         <ex>maladieet l</ex>
         <ex>et clope</ex>
         <ex>sechieet l</ex>
         <ex>enfermetet la</ex>
         <ex>et pale</ex>
         <ex>et a</ex>
         <ex>et ses</ex>
         <ex>et gueriz</ex>
         <ex>et sors</ex>
         <ex>et muz
</ex>
         <ex>et a</ex>
         <ex>corset por</ex>
         <ex>pechiezet le</ex>
         <ex>et </ex>
         <ex>det </ex>
         <ex>deet autres</ex>
         <ex>esqeset tuit</ex>
         <ex>det grant</ex>
         <ex>et si</ex>
         <ex>et sa</ex>
         <ex>et de</ex>
         <ex>et e</ex>
         <ex>et tantost</ex>
         <ex>et a</ex>
         <ex>et mon</ex>
         <ex>et mout
</ex>
         <ex>et le</ex>
         <ex>et le</ex>
         <ex>aleret au</ex>
         <ex>et por</ex>
         <ex>et por</ex>
         <ex>exet mes</ex>
         <ex>et aidast.</ex>
         <ex>ploreret a</ex>
         <ex>anuiet en</ex>
         <ex>deet si</ex>
         <ex>et il</ex>
         <ex>et par</ex>
         <ex>plaierentet ocistr</ex>
         <ex>fuelleset puis</ex>
         <ex>pelerinet en</ex>
         <ex>et enquist</ex>
         <ex>aloientet cil</ex>
         <ex>respondiet dist</ex>
         <ex>corrociet son</ex>
         <ex>et par</ex>
         <ex>piezet si</ex>
         <ex>luiet ses</ex>
         <ex>et en</ex>
         <ex>et par</ex>
         <ex>et loerent</ex>
         <ex>signeuret si</ex>
         <ex>et il</ex>
         <ex>et cruieus.</ex>
         <ex>et si
</ex>
         <ex>et li
</ex>
         <ex>et puis</ex>
         <ex>et grant
</ex>
         <ex>et lors</ex>
         <ex>et par</ex>
         <ex>et deli</ex>
         <ex>et de</ex>
         <ex>et reclaim</ex>
         <ex>teireet si</ex>
         <ex>et miseri</ex>
         <ex>et de</ex>
         <ex>et amoit</ex>
         <ex>ploreret a</ex>
         <ex> et secoruz</ex>
         <ex>finet si</ex>
         <ex>ignoret se</ex>
         <ex>et a</ex>
         <ex> et qe</ex>
         <ex>et si</ex>
         <ex>et gueriz</ex>
         <ex>aparuzet qu</ex>
         <ex>graceet il</ex>
         <ex>et proioient</ex>
         <ex>et deli</ex>
         <ex>premierset qi</ex>
         <ex>et honorez</ex>
         <ex>ieet qu</ex>
         <ex>et pardon</ex>
         <ex>prestreset as</ex>
         <ex>et les</ex>
         <ex>et irent</ex>
         <ex>et disoit</ex>
         <ex>confessoret si</ex>
         <ex>toiet a</ex>
         <ex>oieet qu</ex>
         <ex>et a</ex>
         <ex>et donee</ex>
         <ex>et consomee</ex>
         <ex> et dedia</ex>
         <ex>oneuret en</ex>
         <ex>et a</ex>
         <ex>et seintement</ex>
         <ex>et si</ex>
         <ex>et sa</ex>
         <ex>et si</ex>
         <ex>et orde</ex>
         <ex>et en</ex>
         <ex>proiaet requist</ex>
         <ex>et orz</ex>
         <ex>et del</ex>
         <ex>et des</ex>
         <ex>et mout</ex>
         <ex>genzet de</ex>
         <ex>et chascun</ex>
         <ex>et la</ex>
         <ex>icholaet fesoient
</ex>
         <ex>et sa</ex>
         <ex>et ses
</ex>
         <ex>fiuzet lor</ex>
         <ex>et lor</ex>
         <ex>et larrons</ex>
         <ex>et sa</ex>
         <ex>et lor</ex>
         <ex>et lor</ex>
         <ex> et sa</ex>
         <ex>et lor</ex>
         <ex>et lor</ex>
         <ex>et lor</ex>
         <ex>debatreet si</ex>
         <ex>et crioit</ex>
         <ex>et si</ex>
         <ex>et di</ex>
         <ex> et mes</ex>
         <ex>et do</ex>
         <ex>et qe</ex>
         <ex>ieet apr</ex>
         <ex>et nos
</ex>
         <ex>et si</ex>
         <ex>rentet si</ex>
         <ex>proiereset si</ex>
         <ex>et norri</ex>
         <ex>et alaitai</ex>
         <ex>et ausint</ex>
         <ex>risteet dolente</ex>
         <ex>et toz</ex>
         <ex>et qe</ex>
         <ex>et la</ex>
         <ex>femeet si</ex>
         <ex>et si</ex>
         <ex>et des</ex>
         <ex>et donons
</ex>
         <ex> et sa
</ex>
         <ex>et oelle</ex>
         <ex>et a</ex>
         <ex>rendreet e</ex>
         <ex>et si</ex>
         <ex>moiet si</ex>
         <ex>proiereet les</ex>
         <ex>et creons</ex>
         <ex>creatureet qe</ex>
         <ex>et de</ex>
         <ex>et des</ex>
         <ex>et regnes</ex>
         <ex>et de</ex>
         <ex>et les</ex>
         <ex>et finez</ex>
         <ex>apertenoitet li</ex>
         <ex>prestreet li</ex>
         <ex>et a</ex>
         <ex>doieet si</ex>
         <ex>reet li</ex>
         <ex>souspireret a</ex>
         <ex>et amenez</ex>
         <ex>prisonet qe</ex>
         <ex>et sa</ex>
         <ex>et celebroient</ex>
         <ex>humlementet mout</ex>
         <ex>et si</ex>
         <ex>et si</ex>
         <ex>et messires</ex>
         <ex>et sa
</ex>
         <ex>et li</ex>
         <ex> et .</ex>
         <ex>et si
</ex>
         <ex>et par</ex>
         <ex>proiereet </ex>
         <ex>iolset qe</ex>
         <ex>et regnes</ex>
         <ex>et la</ex>
         <ex>et de</ex>
         <ex> et dit</ex>
         <ex>ignoret loerent</ex>
         <ex>et apele</ex>
         <ex>et por</ex>
         <ex>et regne</ex>
         <ex>et nostre</ex>
         <ex>et des</ex>
         <ex>et son</ex>
         <ex>get pres</ex>
         <ex>et par</ex>
         <ex>sambleet alerent</ex>
         <ex>et si
</ex>
         <ex>et proierent</ex>
         <ex>et por</ex>
         <ex>douceet a</ex>
         <ex>et mue</ex>
         <ex>et autres</ex>
         <ex>et dist</ex>
         <ex>et font</ex>
         <ex>et lor
</ex>
         <ex>et st</ex>
         <ex>et trest</ex>
         <ex>estenduet lors</ex>
         <ex>et si
</ex>
         <ex>noteet d</ex>
         <ex>tostet qant</ex>
         <ex> et q</ex>
         <ex>et tant</ex>
         <ex>et par
</ex>
         <ex>et mout</ex>
         <ex>steset tres</ex>
         <ex>et les</ex>
         <ex>et socorre</ex>
         <ex>et esgarees</ex>
         <ex>et piti</ex>
         <ex>et regne</ex>
         <ex> et distrent</ex>
         <ex>et des</ex>
         <ex> et distrent</ex>
         <ex> et des
</ex>
         <ex>et de</ex>
         <ex>et baisai</ex>
         <ex>et men</ex>
         <ex>oieet un</ex>
         <ex> et si
</ex>
         <ex>et int
</ex>
         <ex>moiet si</ex>
         <ex>et qe</ex>
         <ex>et li
</ex>
         <ex>enuzet e</ex>
         <ex>aet de</ex>
         <ex>et tante</ex>
         <ex>et tu
</ex>
         <ex>et la</ex>
         <ex>oieet ment</ex>
         <ex>gardeeet qele</ex>
         <ex>et qele
</ex>
         <ex>doneeet quels</ex>
         <ex>et quels</ex>
         <ex>et ser</ex>
         <ex>et croient.</ex>
         <ex>et en</ex>
         <ex>ret entendre</ex>
         <ex>et son</ex>
         <ex> et si</ex>
         <ex> et se</ex>
         <ex>et raconte
</ex>
         <ex>set si
</ex>
         <ex>et de</ex>
         <ex>et lessiez.</ex>
         <ex>amiset puis</ex>
         <ex>orronset entenderons.</ex>
         <ex>meset fe</ex>
         <ex>escoutameset il</ex>
         <ex>toiet e</ex>
         <ex>et droit</ex>
         <ex>et sanz
</ex>
         <ex>et isiter</ex>
         <ex>seinzet me</ex>
         <ex>et feire</ex>
         <ex>et droiture.</ex>
         <ex>terreet noz
</ex>
         <ex>et periz</ex>
         <ex>compaignonset si
</ex>
         <ex>et enqerre</ex>
         <ex>feteet co</ex>
         <ex>et hisdeus.</ex>
         <ex>et de</ex>
         <ex>et de</ex>
         <ex>et par</ex>
         <ex>et cil</ex>
         <ex>benignementet si</ex>
         <ex>ageet q</ex>
         <ex>et raler
</ex>
         <ex>rreet de</ex>
         <ex>habitoientet s</ex>
         <ex>deseureet puis</ex>
         <ex>geet un</ex>
         <ex>et de</ex>
         <ex>et li</ex>
         <ex>et fumes</ex>
         <ex>et saou</ex>
         <ex>et delitable.</ex>
         <ex>orgeet bone</ex>
         <ex>paroleet si</ex>
         <ex>et la</ex>
         <ex>trespasseeet li</ex>
         <ex>habitacleet si</ex>
         <ex>et enclose</ex>
         <ex>encloseet faite</ex>
         <ex>et nos</ex>
         <ex>et entendu</ex>
         <ex>osteet ses
</ex>
         <ex>reset il</ex>
         <ex>ageet nos
</ex>
         <ex>et les</ex>
         <ex>et granz
</ex>
         <ex> et por</ex>
         <ex> et estoit</ex>
         <ex>et mes</ex>
         <ex>preudet mout</ex>
         <ex>et ensigniez
</ex>
         <ex>et endoctrinez</ex>
         <ex>latinet de</ex>
         <ex>greuet d</ex>
         <ex>parleret si</ex>
         <ex> et fait</ex>
         <ex>moigneset </ex>
         <ex>et d</ex>
         <ex>et d</ex>
         <ex>orgueilet de</ex>
         <ex>et li</ex>
         <ex>manoientet preudome
</ex>
         <ex>et se</ex>
         <ex>et de</ex>
         <ex>abet quanq</ex>
         <ex>euset qi</ex>
         <ex>et feire.</ex>
         <ex>et autre
</ex>
         <ex>et establi</ex>
         <ex>abbeset trametoit</ex>
         <ex>et le
</ex>
         <ex>anzet li</ex>
         <ex>et oribles.</ex>
         <ex>colet la</ex>
         <ex>luiet si</ex>
         <ex>fetet bien</ex>
         <ex>et li</ex>
         <ex>et ferme</ex>
         <ex>huiset si
</ex>
         <ex>et co</ex>
         <ex>ertuet por</ex>
         <ex>et alerent</ex>
         <ex>deserzet l</ex>
         <ex>neet la</ex>
         <ex>estoitet a</ex>
         <ex>et del</ex>
         <ex>et la
</ex>
         <ex>et seche</ex>
         <ex>et de</ex>
         <ex>et si
</ex>
         <ex>et sa</ex>
         <ex>besteet de</ex>
         <ex>et la
</ex>
         <ex> et es</ex>
         <ex>liueset del</ex>
         <ex>esbanoieret por
</ex>
         <ex>ermitageet de</ex>
         <ex>et de</ex>
         <ex>serainet por</ex>
         <ex>et mes
</ex>
         <ex>dotanceet nos</ex>
         <ex>iluecet ele</ex>
         <ex>arbreet donc</ex>
         <ex>et li</ex>
         <ex>donaet la</ex>
         <ex>et tint</ex>
         <ex>et entendre</ex>
         <ex>et de
</ex>
         <ex>ertuet qe</ex>
         <ex>et a</ex>
         <ex>toutet qant</ex>
         <ex>et q</ex>
         <ex>abessieet si</ex>
         <ex>testeet puis</ex>
         <ex>et plus</ex>
         <ex>et raconter</ex>
         <ex>et cels</ex>
         <ex>et de</ex>
         <ex>et si</ex>
         <ex>orneret sont</ex>
         <ex>et en</ex>
         <ex>et lo</ex>
         <ex>et por</ex>
         <ex>raconteret dire</ex>
         <ex>peinset lor</ex>
         <ex>et sau</ex>
         <ex>orset leur</ex>
         <ex>et a</ex>
         <ex>et a</ex>
         <ex>pitiet cil</ex>
         <ex>et il</ex>
         <ex>entet regardoit
</ex>
         <ex>eet por</ex>
         <ex>et do</ex>
         <ex>et demandoit</ex>
         <ex>lionceauset tantost</ex>
         <ex>isitet si</ex>
         <ex>homeet si</ex>
         <ex>faitet por</ex>
         <ex>et dire.</ex>
         <ex> et dit.</ex>
         <ex>erbeset de</ex>
         <ex>nuisableset legiere</ex>
         <ex>pristrentet i</ex>
         <ex>gieret la</ex>
         <ex>et a</ex>
         <ex>reret torner</ex>
         <ex>mengieret les
</ex>
         <ex>nonet einsint</ex>
         <ex>besteet ce
</ex>
         <ex>et de</ex>
         <ex>et qi</ex>
         <ex>habitentet qe</ex>
         <ex>et mois.</ex>
         <ex>et des</ex>
         <ex>et qe</ex>
         <ex>et dire</ex>
         <ex>aleret de</ex>
         <ex>puiet le</ex>
         <ex>buefet le</ex>
         <ex>aet a</ex>
         <ex>fistet en</ex>
         <ex>et habi</ex>
         <ex>ieet si
</ex>
         <ex>contreeet si</ex>
         <ex>nonet de</ex>
         <ex>et qi</ex>
         <ex> et dit</ex>
         <ex>et de</ex>
         <ex>solementet e</ex>
         <ex>foiet par</ex>
         <ex>omeset a</ex>
         <ex>et lor</ex>
         <ex>et d</ex>
         <ex>autreet e</ex>
         <ex>et lor</ex>
         <ex>ditet en</ex>
         <ex>mileet el</ex>
         <ex>ruileet tenoient
</ex>
         <ex>et esle</ex>
         <ex>et bien</ex>
         <ex>meurset de</ex>
         <ex>conseuset cest
</ex>
         <ex>et a</ex>
         <ex>et li</ex>
         <ex>soffriret ses</ex>
         <ex>et faire</ex>
         <ex>dreet si</ex>
         <ex>entureet si</ex>
         <ex>et feire.</ex>
         <ex>et par</ex>
         <ex>ignoret por</ex>
         <ex>atargementet meintenant</ex>
         <ex>mandet liez</ex>
         <ex>et pro</ex>
         <ex>et dist</ex>
         <ex>distet </ex>
         <ex>olontierset sanz</ex>
         <ex>penseeet qu</ex>
         <ex>meinet grant</ex>
         <ex>et d</ex>
         <ex>eillieret le</ex>
         <ex>finet adonc
</ex>
         <ex>et a</ex>
         <ex> et a</ex>
         <ex>et portant
</ex>
         <ex>fuelleset si</ex>
         <ex>et d</ex>
         <ex>et la</ex>
         <ex>et retreites</ex>
         <ex>et o</ex>
         <ex>et it</ex>
         <ex>homeset molt</ex>
         <ex> et doctrin</ex>
         <ex>et solitaire</ex>
         <ex>et pure</ex>
         <ex>et plus</ex>
         <ex>femeet a</ex>
         <ex>et a</ex>
         <ex>siecleet lessast
</ex>
         <ex>et a</ex>
         <ex>celleet l</ex>
         <ex>proceineet ou</ex>
         <ex>blasmeret li</ex>
         <ex>et a</ex>
         <ex>et les</ex>
         <ex>ermitageet si</ex>
         <ex>conteeset dites</ex>
         <ex>et de</ex>
         <ex>et a
</ex>
         <ex>et des</ex>
         <ex>et de</ex>
         <ex>moiet se
</ex>
         <ex>et a</ex>
         <ex>escriteet cis</ex>
         <ex>et mes</ex>
         <ex>et mer</ex>
         <ex>meret par</ex>
         <ex> portezet si
</ex>
         <ex>et dite.</ex>
         <ex>homet dont</ex>
         <ex>trespasseeet e</ex>
         <ex>et tuit</ex>
         <ex>et seit</ex>
         <ex>et en</ex>
         <ex>et en</ex>
         <ex>deet par
</ex>
         <ex>det meesmement</ex>
         <ex> et tes</ex>
         <ex>et pluiseurs</ex>
         <ex>et e</ex>
         <ex>et saces
</ex>
         <ex> et si</ex>
         <ex>et dire</ex>
         <ex>et dites</ex>
         <ex>et com</ex>
         <ex>siecleet si</ex>
         <ex>cielet si</ex>
         <ex>siecleet entre</ex>
         <ex>puepleet entre</ex>
         <ex>gaitoientet entre</ex>
         <ex>et de</ex>
         <ex>ieet chascun
</ex>
         <ex>et escandres.</ex>
         <ex>leuet eschapa</ex>
         <ex>et a</ex>
         <ex>et ra</ex>
         <ex>et guerissoit</ex>
         <ex>serpenzet apaisoit</ex>
         <ex>ageset curoit</ex>
         <ex>et sa</ex>
         <ex>reet por
</ex>
         <ex>firentet qe</ex>
         <ex>et il</ex>
         <ex>et dist</ex>
         <ex>det les
</ex>
         <ex>anacorinteset les
</ex>
         <ex>et toute
</ex>
         <ex>et tote</ex>
         <ex>et nde</ex>
         <ex>ndeet tote
</ex>
         <ex>aleeet le</ex>
         <ex>et par</ex>
         <ex>et conoissent</ex>
         <ex>prestreet clerc</ex>
         <ex>clercet roi</ex>
         <ex>roiet conte</ex>
         <ex>conteet prince</ex>
         <ex>princeet li</ex>
         <ex>et cre</ex>
         <ex>et ses</ex>
         <ex>et lor</ex>
         <ex>et fist</ex>
         <ex>pliret feire</ex>
         <ex>honteet ont</ex>
         <ex>et faisoit</ex>
         <ex>traitieret parler</ex>
         <ex>et la</ex>
         <ex>paroleet si</ex>
         <ex>aet si</ex>
         <ex>et dire</ex>
         <ex>enfanceet por</ex>
         <ex>et le</ex>
         <ex> et si
</ex>
         <ex>et proi</ex>
         <ex>et aurai.</ex>
         <ex>diet parole
</ex>
         <ex>et croi</ex>
         <ex>muset sanz</ex>
         <ex>paroleet tu</ex>
         <ex>et ses</ex>
         <ex>et si</ex>
         <ex>et e</ex>
         <ex>paroleset la
</ex>
         <ex>et si
</ex>
         <ex>et dit</ex>
         <ex>reet si</ex>
         <ex>et qant</ex>
         <ex>et dire</ex>
         <ex>luiet en</ex>
         <ex>siecleet qe</ex>
         <ex>mostet e
</ex>
         <ex>et pluiseur</ex>
         <ex>et si
</ex>
         <ex>et cou</ex>
         <ex>et a</ex>
         <ex>mellastet q</ex>
         <ex>et ure
</ex>
         <ex>euet si</ex>
         <ex>et si</ex>
         <ex>orissonset si</ex>
         <ex>mieet puis</ex>
         <ex>donaet se</ex>
         <ex>esqeet si</ex>
         <ex>et si</ex>
         <ex>estiret q</ex>
         <ex>aparellieet li</ex>
         <ex>paroleet par</ex>
         <ex>et par</ex>
         <ex>et corte</ex>
         <ex>petitet ce</ex>
         <ex>reet si</ex>
         <ex>reet il</ex>
         <ex>hautet ce</ex>
         <ex>puepleet non</ex>
         <ex>partieet une</ex>
         <ex>et uns
</ex>
         <ex>prestreset moine</ex>
         <ex>et bel
</ex>
         <ex>apelezet crestiens</ex>
         <ex>et si</ex>
         <ex>homeet re</ex>
         <ex> et entre</ex>
         <ex>et estendu</ex>
         <ex>et par</ex>
         <ex>forset sanc</ex>
         <ex>sonet en</ex>
         <ex>set tout</ex>
         <ex>haitiezet fu</ex>
         <ex>enimet de</ex>
         <ex>et nos</ex>
         <ex>estoientet por</ex>
         <ex>choseet il</ex>
         <ex>et il</ex>
         <ex>estemenzet asfublez</ex>
         <ex>et a</ex>
         <ex>eslancieret s</ex>
         <ex>peineset si
</ex>
         <ex>corrociezet molt</ex>
         <ex>homeet le</ex>
         <ex>et a</ex>
         <ex>batreet a</ex>
         <ex>motet de</ex>
         <ex>desciret tout
</ex>
         <ex>asneet puis</ex>
         <ex>bastonset de</ex>
         <ex>et eoir</ex>
         <ex>et a</ex>
         <ex>et enten</ex>
         <ex>zet molt</ex>
         <ex>oieset si</ex>
         <ex>oret par</ex>
         <ex>et benignement.</ex>
         <ex>et a</ex>
         <ex> et la
</ex>
         <ex>racleet pluiseurs</ex>
         <ex>celeeset tant</ex>
         <ex>et cela</ex>
         <ex>doutezet si</ex>
         <ex>et en</ex>
         <ex>et retraire
</ex>
         <ex>et de</ex>
         <ex>et sot</ex>
         <ex>et sot</ex>
         <ex>et esploiter.</ex>
         <ex>et a</ex>
         <ex>et a</ex>
         <ex>et a</ex>
         <ex>et creez.</ex>
         <ex>et a</ex>
         <ex>et si
</ex>
         <ex>et a</ex>
         <ex>aet la</ex>
         <ex>et lie.</ex>
         <ex>cielet a</ex>
         <ex>homeet li</ex>
         <ex>neret ne</ex>
         <ex>et si</ex>
         <ex>ieet il</ex>
         <ex>aet si</ex>
         <ex>et croi</ex>
         <ex>fermementet nus</ex>
         <ex>aussintet ce</ex>
         <ex>apostreset as
</ex>
         <ex>et de</ex>
         <ex>et di</ex>
         <ex>ret nos</ex>
         <ex>et dite.</ex>
         <ex>et de</ex>
         <ex>et autre</ex>
         <ex>chiefet si
</ex>
         <ex>et de</ex>
         <ex>mengierset si</ex>
         <ex>et nuiz</ex>
         <ex>et ses</ex>
         <ex>et si</ex>
         <ex>palezet q</ex>
         <ex>desfermeeset li
</ex>
         <ex>roiet qant</ex>
         <ex>seoitet toz</ex>
         <ex>et si</ex>
         <ex>proiereet le</ex>
         <ex>mengieret l</ex>
         <ex>et molt</ex>
         <ex>et o</ex>
         <ex>et a</ex>
         <ex>et e</ex>
         <ex>dureeet bien</ex>
         <ex>et miracles</ex>
         <ex>et seintes</ex>
         <ex>laet ut</ex>
         <ex>et de</ex>
         <ex>geet pristrent</ex>
         <ex>et porent.</ex>
         <ex>et grant
</ex>
         <ex>teet tantost</ex>
         <ex>entrezet cil</ex>
         <ex>et deli</ex>
         <ex>et sa</ex>
         <ex>paignieet la
</ex>
         <ex>corneset cruelment</ex>
         <ex>bleciezet ele</ex>
         <ex>et a</ex>
         <ex>et molt
</ex>
         <ex>encontreet si</ex>
         <ex>esteet si</ex>
         <ex>et adonc</ex>
         <ex>et se</ex>
         <ex>piezet li</ex>
         <ex>foucet a</ex>
         <ex>compaignieet ele</ex>
         <ex>et fu</ex>
         <ex>prestreset ceus</ex>
         <ex>eneorset chiens</ex>
         <ex>et lee</ex>
         <ex>leeet li
</ex>
         <ex>issentet q</ex>
         <ex>et fo</ex>
         <ex>paroleet se</ex>
         <ex>et ala</ex>
         <ex>et grant</ex>
         <ex>aet si</ex>
         <ex>corageet li</ex>
         <ex>enchauciet il</ex>
         <ex>ristet ele</ex>
         <ex>et si</ex>
         <ex>et en</ex>
         <ex> et orde</ex>
         <ex> et dit
</ex>
         <ex>noset si</ex>
         <ex>et en</ex>
         <ex>compaignieet si</ex>
         <ex>champaigneet la</ex>
         <ex>mesonet la</ex>
         <ex>abstinanceet si</ex>
         <ex> et si</ex>
         <ex>et amonester</ex>
         <ex>et par</ex>
         <ex>et dist.</ex>
         <ex>et honorer</ex>
         <ex>et de</ex>
         <ex>homeet si</ex>
         <ex>enueet qe</ex>
         <ex>et isiter</ex>
         <ex>et a</ex>
         <ex>demostreret une</ex>
         <ex>et molt</ex>
         <ex>oiret entendre</ex>
         <ex>doneeet de</ex>
         <ex>cheintureet il</ex>
         <ex>et celes</ex>
         <ex>et lor</ex>
         <ex>et quels</ex>
         <ex>et </ex>
         <ex>et bien
</ex>
         <ex>et a</ex>
         <ex>laet atendions</ex>
         <ex>et la</ex>
         <ex>parlassentet dont</ex>
         <ex>pooret fumes
</ex>
         <ex>autreset si
</ex>
         <ex>sentueet a</ex>
         <ex>et oiz</ex>
         <ex>mieet si</ex>
         <ex> et  </ex>
         <ex> et resnierent</ex>
         <ex>et lerent.</ex>
         <ex>et lor</ex>
         <ex>et l</ex>
         <ex>et dist.</ex>
         <ex> et </ex>
         <ex>et de</ex>
         <ex>et blasmoit</ex>
         <ex>et nos</ex>
         <ex>et espro</ex>
         <ex>et molt
</ex>
         <ex>et mer</ex>
         <ex>parzet a</ex>
         <ex>et dit.</ex>
         <ex>entureet si</ex>
         <ex>Signoret si</ex>
         <ex>et dist</ex>
         <ex>et enqe</ex>
         <ex>et les</ex>
         <ex>et dites</ex>
         <ex>diteset com</ex>
         <ex>et aprisses.</ex>
         <ex> et si</ex>
         <ex>paroleset il
</ex>
         <ex>estionset si
</ex>
         <ex>mesonet si</ex>
         <ex>amiset qi
</ex>
         <ex> et si
</ex>
         <ex>deguerpissomeset por</ex>
         <ex>trespasseeet la</ex>
         <ex> et </ex>
         <ex> et il</ex>
         <ex>et e</ex>
         <ex>qeroientet il
</ex>
         <ex>et qe</ex>
         <ex>et desiroient</ex>
         <ex> et </ex>
         <ex>et dire</ex>
         <ex>ieret 
</ex>
         <ex>choseset e</ex>
         <ex>et die</ex>
         <ex>et habitent</ex>
         <ex>et dire.</ex>
         <ex>homeet si</ex>
         <ex>et dist</ex>
         <ex> et li
</ex>
         <ex>et reqe</ex>
         <ex>et li</ex>
         <ex>beneet puis</ex>
         <ex>tet puis
</ex>
         <ex>et le</ex>
         <ex>entreet si</ex>
         <ex>et lonc</ex>
         <ex>encoreet si</ex>
         <ex>et d</ex>
         <ex>et disoit</ex>
         <ex>et diroit
</ex>
         <ex>ensambleet qant</ex>
         <ex>et engr</ex>
         <ex>issiret si</ex>
         <ex>et dire</ex>
         <ex>et a</ex>
         <ex>peineset lendemein
</ex>
         <ex>dormoientet il</ex>
         <ex>fermementet li</ex>
         <ex>et tu</ex>
         <ex>et si</ex>
         <ex>et firent</ex>
         <ex>signoret si
</ex>
         <ex>songeset qe</ex>
         <ex>porteet por</ex>
         <ex>quierset demandes.</ex>
         <ex>laet li</ex>
         <ex>et si</ex>
         <ex>et manda</ex>
         <ex>eilloitet destruisoit.</ex>
         <ex>et dire</ex>
         <ex>et dist</ex>
         <ex>contet se</ex>
         <ex>et i</ex>
         <ex>et ceste</ex>
         <ex>et son</ex>
         <ex>et a</ex>
         <ex>eret si</ex>
         <ex>airet si</ex>
         <ex>paumeset si</ex>
         <ex>et esparz</ex>
         <ex>nueset por</ex>
         <ex>mandastet si</ex>
         <ex>nonet li</ex>
         <ex> et batu</ex>
         <ex>et chaci</ex>
         <ex>et fors</ex>
         <ex>et contrue</ex>
         <ex>et tempeste</ex>
         <ex>et les</ex>
         <ex>et toz</ex>
         <ex>terreset tant</ex>
         <ex>et meintes
</ex>
         <ex>aet si</ex>
         <ex>et deman</ex>
         <ex>deet li</ex>
         <ex>feteet dite</ex>
         <ex>et si</ex>
         <ex>et le</ex>
         <ex>tet meesmement</ex>
         <ex>et dire
</ex>
         <ex>furentet cil</ex>
         <ex>contet dit</ex>
         <ex>et par
</ex>
         <ex>creatureet a</ex>
         <ex>desfendueet ala
</ex>
         <ex>zet si</ex>
         <ex>et plus</ex>
         <ex>et entendi</ex>
         <ex> et mis
</ex>
         <ex>grantet mer</ex>
         <ex>et espes
</ex>
         <ex>et mas</ex>
         <ex>toret la</ex>
         <ex>miseet aoree</ex>
         <ex>et li</ex>
         <ex>et la</ex>
         <ex>et abatist</ex>
         <ex>et en</ex>
         <ex>et si</ex>
         <ex>et une</ex>
         <ex>et les
</ex>
         <ex>et dite</ex>
         <ex>cestuiet si
</ex>
         <ex>et molt</ex>
         <ex>chastelet deseu</ex>
         <ex>et it</ex>
         <ex>et mer</ex>
         <ex>colombeet seur
</ex>
         <ex>et debrisa</ex>
         <ex>et </ex>
         <ex>et entent.</ex>
         <ex>eet uns
</ex>
         <ex>homeet si
</ex>
         <ex>et si
</ex>
         <ex>et enten</ex>
         <ex>dentet li</ex>
         <ex>solementet bien</ex>
         <ex>peschieret si</ex>
         <ex>et si</ex>
         <ex>et si</ex>
         <ex>aet si</ex>
         <ex>graceset loenges.</ex>
         <ex>gemmeset la</ex>
         <ex>et entendre</ex>
         <ex> et si</ex>
         <ex>empereoret meintenu</ex>
         <ex>aet la</ex>
         <ex>espoentezet si</ex>
         <ex>et ses</ex>
         <ex>hermiteset q</ex>
         <ex>et les</ex>
         <ex>et as</ex>
         <ex>et ceus</ex>
         <ex>mieet por</ex>
         <ex>fereet de</ex>
         <ex>encontreet si</ex>
         <ex>et a</ex>
         <ex>et si</ex>
         <ex>et dist</ex>
         <ex>palezet entre</ex>
         <ex>et a</ex>
         <ex>oret entendre</ex>
         <ex>et le</ex>
         <ex>parleret ce</ex>
         <ex>et cruiels</ex>
         <ex>et del</ex>
         <ex>emperereset neqe</ex>
         <ex>regneet </ex>
         <ex>despenduet l</ex>
         <ex>pooret </ex>
         <ex>et distrent</ex>
         <ex>mentet tel</ex>
         <ex>afaireet si</ex>
         <ex>et si</ex>
         <ex>et ou</ex>
         <ex>foiet de</ex>
         <ex> et de
</ex>
         <ex>aet si</ex>
         <ex>droitet qe</ex>
         <ex>et si</ex>
         <ex>comunitet a</ex>
         <ex>et de</ex>
         <ex>et a</ex>
         <ex>noireet a</ex>
         <ex>empereoret se</ex>
         <ex>olentierset si</ex>
         <ex>et preud</ex>
         <ex>raet si</ex>
         <ex>set il</ex>
         <ex>et si</ex>
         <ex>doleuret fere</ex>
         <ex>ertuet si</ex>
         <ex>et il</ex>
         <ex> et de</ex>
         <ex>et </ex>
         <ex>et tant</ex>
         <ex>puiset de</ex>
         <ex>et espro</ex>
         <ex>et si</ex>
         <ex>eet ein</ex>
         <ex>et gueriz.</ex>
         <ex>et dist</ex>
         <ex>et plui</ex>
         <ex>meret il</ex>
         <ex>et une</ex>
         <ex>et lor</ex>
         <ex>derrompreet leur</ex>
         <ex>et a</ex>
         <ex>et seqeur
</ex>
         <ex>et deli</ex>
         <ex>et la</ex>
         <ex>departieet cil</ex>
         <ex>et icaires</ex>
         <ex>et secors</ex>
         <ex>et de</ex>
         <ex>roigneet de</ex>
         <ex>ignoret si</ex>
         <ex>et par</ex>
         <ex>nuizet en
</ex>
         <ex>et si</ex>
         <ex>et conta</ex>
         <ex>et toute</ex>
         <ex>et si</ex>
         <ex>iandeset li</ex>
         <ex>et si
</ex>
         <ex>et este</ex>
         <ex>et cri</ex>
         <ex>et la</ex>
         <ex>maniereset a</ex>
         <ex>seureet li</ex>
         <ex>alerieet par
</ex>
         <ex>fantosmeet par</ex>
         <ex>et disoit.</ex>
         <ex>et autres</ex>
         <ex>et si</ex>
         <ex>et pardon</ex>
         <ex>et q</ex>
         <ex>et a</ex>
         <ex>choseset e</ex>
         <ex>et si</ex>
         <ex>et par</ex>
         <ex>conditionet de</ex>
         <ex>aet si</ex>
         <ex>et 
</ex>
         <ex>resconseet tens</ex>
         <ex>et les
</ex>
         <ex>nuleet si</ex>
         <ex>et si</ex>
         <ex>et le</ex>
         <ex>et es</ex>
         <ex>estrangeset </ex>
         <ex>et es</ex>
         <ex>et es</ex>
         <ex>et es</ex>
         <ex>citezet si</ex>
         <ex>et so</ex>
         <ex>et ra</ex>
         <ex>et ta
</ex>
         <ex>et qi</ex>
         <ex>et a</ex>
         <ex>huiet hier</ex>
         <ex>et raconteras</ex>
         <ex> et par</ex>
         <ex>et par</ex>
         <ex> et par</ex>
         <ex>enet encore</ex>
         <ex>racontasseset en</ex>
         <ex> et en</ex>
         <ex>et par</ex>
         <ex>et en</ex>
         <ex>et proi</ex>
         <ex>et cont</ex>
         <ex>contet si</ex>
         <ex>fleurset herbes</ex>
         <ex>et de</ex>
         <ex>fistet treita</ex>
         <ex>et si</ex>
         <ex>et os</ex>
      </td>
   </tr>
   <tr>
      <td>⁊ </td>
      <td>
         <em>Et </em>
         <ex>creanceEt si</ex>
      </td>
   </tr>
   <tr>
      <td>ꝙ</td>
      <td>
         <em>qe</em>
         <ex> qe</ex>
         <ex>qe</ex>
         <ex>qetu</ex>
         <ex>esqes</ex>
         <ex>ilueqes</ex>
         <ex>siqenus</ex>
      </td>
   </tr>
   <tr>
      <td>ꝯ</td>
      <td>
         <em>com</em>
         <ex>comil</ex>
         <ex>com</ex>
         <ex>com</ex>
         <ex>compeins</ex>
         <ex>comil</ex>
         <ex>comele</ex>
         <ex>compaignie</ex>
         <ex>compaig</ex>
         <ex>sacompaignie</ex>
      </td>
      <td>
         <em>con</em>
         <ex>Ciconmence</ex>
         <ex>Ciconmence</ex>
         <ex>Dontconmen</ex>
         <ex>conmanda</ex>
         <ex>conmanda.</ex>
         <ex>siconmanda
</ex>
         <ex>conmanda</ex>
         <ex>conmandoit</ex>
         <ex>conman</ex>
         <ex>tconme</ex>
         <ex>iconmencierent</ex>
         <ex>conmandement</ex>
         <ex>conmen</ex>
         <ex>conmanda</ex>
         <ex>conment</ex>
         <ex>conment</ex>
         <ex>moineconmanda</ex>
         <ex>connissoit</ex>
         <ex>conmanda</ex>
         <ex>conmandement</ex>
         <ex> conmencierent</ex>
         <ex>conmen</ex>
         <ex>conment</ex>
         <ex>conman</ex>
         <ex>conman</ex>
         <ex>contree</ex>
         <ex>conterai</ex>
         <ex>conmen</ex>
         <ex>conmanda</ex>
         <ex>conman</ex>
         <ex>conmandemenz</ex>
         <ex>conment</ex>
         <ex>conmanda</ex>
         <ex>conmencierent</ex>
         <ex>conmence</ex>
         <ex>conne</ex>
         <ex>conme</ex>
         <ex>conme</ex>
         <ex>entrerentconmencierent
</ex>
         <ex>conmandemenz</ex>
         <ex>conmen</ex>
         <ex>conmandement</ex>
         <ex>meconmandas</ex>
         <ex>conm</ex>
         <ex>conmandemenz</ex>
         <ex>conpaignons</ex>
         <ex>conmen</ex>
         <ex>conmencierent</ex>
         <ex>conmanda</ex>
         <ex>conmen</ex>
         <ex>conman</ex>
         <ex>conmen</ex>
         <ex>conmen</ex>
         <ex>conmen</ex>
         <ex>Doncconmanda</ex>
         <ex>conmen</ex>
         <ex>leconmant</ex>
         <ex>conment</ex>
         <ex>liconmanda</ex>
         <ex>conment</ex>
         <ex>conmanda</ex>
         <ex>conmen</ex>
         <ex>liconmencie</ex>
         <ex>conmen</ex>
         <ex>conmencierent</ex>
         <ex>conmen</ex>
         <ex>conmen</ex>
         <ex>siconme</ex>
         <ex>conmencie</ex>
         <ex>encontre</ex>
         <ex>conme
</ex>
         <ex>conmen</ex>
         <ex>Siconme</ex>
         <ex>liconmen</ex>
         <ex>conmen</ex>
         <ex>conmanda</ex>
         <ex>conselle</ex>
         <ex>conselle</ex>
         <ex>orsconmanda</ex>
         <ex>conmanda</ex>
         <ex>conment</ex>
         <ex>conmanda</ex>
         <ex>conpaignie</ex>
         <ex>conm</ex>
         <ex>sconmunement</ex>
         <ex>conmanda</ex>
         <ex>conment</ex>
         <ex>cont</ex>
         <ex>conmen</ex>
         <ex>conme</ex>
         <ex>conme</ex>
         <ex>conme</ex>
         <ex>conment</ex>
         <ex>leconmandement</ex>
         <ex>deconmander
</ex>
         <ex>conmencierent</ex>
         <ex>conmencierent</ex>
         <ex>conmen</ex>
         <ex>siconme</ex>
         <ex>conme</ex>
         <ex>conme</ex>
         <ex>conmen</ex>
         <ex>conmant</ex>
         <ex>conmencier
</ex>
         <ex>conmandement</ex>
         <ex> conmandez</ex>
         <ex>laconpagnie</ex>
         <ex>conmence</ex>
         <ex>conmence
</ex>
         <ex>conment</ex>
         <ex>consomee</ex>
         <ex>conmencierent</ex>
         <ex>conme
</ex>
         <ex>conmencierent</ex>
         <ex>siconil
</ex>
         <ex>conme</ex>
         <ex>ieconment</ex>
         <ex>conmen</ex>
         <ex>ilconmanderent</ex>
         <ex>conmanderent</ex>
         <ex>sesconmandemenz</ex>
         <ex>conmenci</ex>
         <ex>leconmandement</ex>
         <ex>conmencierent</ex>
         <ex>conme</ex>
         <ex>conme</ex>
         <ex>conmanda</ex>
         <ex>conmence</ex>
         <ex>conmence
</ex>
         <ex>conmen</ex>
         <ex>conme</ex>
         <ex>conmencent</ex>
         <ex>confessor.</ex>
         <ex>conmencent</ex>
         <ex>confessor.</ex>
         <ex>conmen</ex>
         <ex>oitconmand</ex>
         <ex>conmand</ex>
         <ex>leconmencierent
</ex>
         <ex>lorconmanda
</ex>
         <ex>conmandast
</ex>
         <ex>ocirreconment</ex>
         <ex>conme</ex>
         <ex>conmande</ex>
         <ex>conment</ex>
         <ex>connurent</ex>
         <ex>conmande</ex>
         <ex>conmencierent</ex>
         <ex>conmencie</ex>
         <ex>conmen</ex>
         <ex>conment</ex>
         <ex>conmande</ex>
         <ex>liconmandemens</ex>
         <ex>conmen</ex>
         <ex>conmencierent</ex>
         <ex>raconte</ex>
         <ex>raconte</ex>
         <ex>conmen</ex>
         <ex>oieconment</ex>
         <ex>conme</ex>
         <ex>conmen</ex>
         <ex>conmanda</ex>
         <ex>conmande</ex>
         <ex>leconmandement</ex>
         <ex>conme</ex>
         <ex>conme</ex>
         <ex>conmencier</ex>
         <ex>leconmen</ex>
         <ex>conmanda</ex>
         <ex>conme</ex>
         <ex>conme</ex>
         <ex>laconmanda
</ex>
         <ex>conmen</ex>
         <ex>oscontro</ex>
         <ex>conmencierent</ex>
         <ex>congi</ex>
         <ex>conmen</ex>
         <ex>conmen</ex>
         <ex>conme</ex>
         <ex>siconme
</ex>
         <ex>conme</ex>
         <ex>connoi</ex>
         <ex>conme</ex>
         <ex>conmen</ex>
         <ex>conmen</ex>
         <ex>liconmen</ex>
         <ex>conman</ex>
         <ex>conmen</ex>
         <ex>conmandoit</ex>
         <ex>conme
</ex>
         <ex>conmanda</ex>
         <ex>conmanz</ex>
         <ex>conmand</ex>
         <ex>conmanz</ex>
         <ex>conmandemenz</ex>
         <ex>conmanderoit</ex>
         <ex>conman</ex>
         <ex>conmandement</ex>
         <ex>conmen</ex>
         <ex>lesconmandemenz</ex>
         <ex>conman</ex>
         <ex>lacontree</ex>
         <ex>conmencierent</ex>
         <ex>conmenci</ex>
         <ex>conne</ex>
         <ex>encontre</ex>
         <ex>aconplir</ex>
         <ex>conme</ex>
         <ex>conmence
</ex>
         <ex>conmen</ex>
         <ex>conmencement</ex>
         <ex>conmand</ex>
         <ex>conmanda</ex>
         <ex>conment</ex>
         <ex>conient
</ex>
         <ex>conme</ex>
         <ex>conme</ex>
         <ex>conmencierent</ex>
         <ex>conmencierent</ex>
         <ex>conme</ex>
         <ex>lesconmencierent</ex>
         <ex>conne</ex>
         <ex>conmencement</ex>
         <ex>conment</ex>
         <ex>conmen</ex>
         <ex>conmen</ex>
         <ex>siconmen</ex>
         <ex>conmander</ex>
         <ex>conmanda</ex>
         <ex>conmencierent</ex>
         <ex>conmanda</ex>
         <ex>conmandement
</ex>
         <ex>liconmen</ex>
         <ex>conmen</ex>
         <ex>leconmandement</ex>
         <ex>conmen</ex>
         <ex>conmanda</ex>
         <ex>conme</ex>
         <ex>conmencierent
</ex>
         <ex>lacontree</ex>
         <ex>conment</ex>
         <ex>conmen</ex>
         <ex>conmanda</ex>
         <ex>conmen</ex>
         <ex>conme</ex>
      </td>
   </tr>
   <tr>
      <td></td>
      <td>
         <em>qe</em>
         <ex>onqes</ex>
         <ex>onqes</ex>
         <ex>tresqeas</ex>
         <ex>onqes</ex>
         <ex>esqeen</ex>
         <ex>qeil</ex>
         <ex>onqes</ex>
         <ex>onqes</ex>
         <ex>qels</ex>
         <ex>onqes</ex>
         <ex>anqeonqes</ex>
         <ex>onqes</ex>
         <ex>reisonsqetu</ex>
         <ex>auqes</ex>
         <ex>qee</ex>
         <ex>asqes</ex>
         <ex>reqerre</ex>
      </td>
   </tr>
   <tr>
      <td>﻿p</td>
      <td>
         <em>pre</em>
         <ex>pretres</ex>
         <ex>lipreost</ex>
      </td>
      <td>
         <em>pré</em>
         <ex>Aprés</ex>
         <ex>Aprés</ex>
      </td>
   </tr>
   <tr>
      <td>﻿ꝑ</td>
      <td>
         <em>Per</em>
         <ex>﻿Pere</ex>
      </td>
      <td>
         <em>par</em>
         <ex>ne﻿parla</ex>
         <ex>parmons</ex>
         <ex>departi
</ex>
         <ex>﻿partie.</ex>
         <ex>forceparla</ex>
         <ex>parmiracles</ex>
         <ex>oirpar
</ex>
         <ex>parta</ex>
         <ex>paroles</ex>
         <ex>parties</ex>
         <ex>es﻿partirent</ex>
         <ex>baptesmeparlor</ex>
         <ex>﻿parlor</ex>
         <ex>﻿parmoi</ex>
         <ex>foiparcoi</ex>
         <ex>﻿partirent</ex>
         <ex>aparut</ex>
         <ex>cenz﻿parn</ex>
         <ex>lumiere﻿parmenable</ex>
         <ex>﻿parta</ex>
         <ex>﻿parles</ex>
         <ex>parce</ex>
         <ex>parmenable.</ex>
         <ex>de﻿parti</ex>
         <ex>﻿partotes</ex>
         <ex>﻿parmenable</ex>
         <ex>﻿parler
</ex>
         <ex>departie</ex>
         <ex>﻿par</ex>
         <ex>departiroit</ex>
         <ex>﻿parcest</ex>
         <ex>﻿parcom
</ex>
         <ex>messepargrant</ex>
         <ex>partote
</ex>
         <ex>﻿parses
</ex>
         <ex>lesparoles</ex>
         <ex>﻿parnostre</ex>
         <ex>sacra﻿pargrant</ex>
         <ex>﻿partotes</ex>
         <ex>eparlui
</ex>
         <ex>de﻿parti</ex>
         <ex>pargeunes</ex>
         <ex>parmenable</ex>
         <ex>departoit</ex>
         <ex>departies.</ex>
         <ex>parmi</ex>
         <ex>partie</ex>
         <ex>parles</ex>
         <ex>seulementparnon</ex>
         <ex>departir</ex>
         <ex>partout
</ex>
         <ex>parma</ex>
         <ex>par
</ex>
         <ex>departi
</ex>
         <ex>seisiparmi</ex>
         <ex>parole</ex>
         <ex>departi</ex>
         <ex>amesparson</ex>
         <ex>partout</ex>
         <ex>pardesputisons</ex>
         <ex>pareraies</ex>
         <ex>part</ex>
         <ex>parl</ex>
         <ex>parl</ex>
         <ex>parsa</ex>
         <ex>deparnostre</ex>
         <ex>pardolereuse</ex>
         <ex>departi</ex>
         <ex>parla</ex>
         <ex>par</ex>
         <ex>parler</ex>
         <ex>autrepartie</ex>
         <ex>par</ex>
         <ex>sipar</ex>
         <ex>departi</ex>
         <ex>parsa</ex>
         <ex>parsa</ex>
         <ex>parla</ex>
         <ex>parla
</ex>
         <ex>pardon</ex>
         <ex>parla</ex>
         <ex>examplespartieus</ex>
         <ex>parla</ex>
         <ex>partoi</ex>
         <ex>dignesparcui
</ex>
         <ex>parla</ex>
         <ex>partel</ex>
         <ex>parle</ex>
         <ex>parbones</ex>
         <ex>depar</ex>
         <ex>departisist</ex>
         <ex>parsa
</ex>
         <ex>parla</ex>
         <ex>parderriers</ex>
         <ex>parla</ex>
         <ex>departi</ex>
         <ex>par
</ex>
         <ex>metezparce</ex>
         <ex>parmout</ex>
         <ex>donaparla</ex>
         <ex>parlui</ex>
         <ex>oitparla</ex>
         <ex>parsi</ex>
         <ex>alparune</ex>
         <ex>parne</ex>
         <ex>paroles
</ex>
         <ex>parle</ex>
         <ex>par.</ex>
         <ex>parmeintes</ex>
         <ex>siparloit</ex>
         <ex>parl</ex>
         <ex>parmout</ex>
         <ex>parlui
</ex>
         <ex>parses</ex>
         <ex>parmellor
</ex>
         <ex>parloit</ex>
         <ex>parla</ex>
         <ex>parla</ex>
         <ex>parler</ex>
         <ex>cezparoles.</ex>
         <ex>parmeintes</ex>
         <ex>parla</ex>
         <ex>aparut</ex>
         <ex>parler</ex>
         <ex>parle</ex>
         <ex>parmeintes</ex>
         <ex>pardeseure</ex>
         <ex>arsparla</ex>
         <ex>parson</ex>
         <ex>qeparraie</ex>
         <ex>parmenable</ex>
         <ex>mesparoles.</ex>
         <ex>parsa</ex>
         <ex>departirent</ex>
         <ex>parautel
</ex>
         <ex>parole
</ex>
         <ex>enparmenable</ex>
         <ex>parles</ex>
         <ex>parmenable.</ex>
         <ex>departi</ex>
         <ex>paroles</ex>
         <ex>paroles</ex>
         <ex>deparnostre</ex>
         <ex>parnostre</ex>
         <ex>departir
</ex>
         <ex>fuparles</ex>
         <ex>partie</ex>
         <ex>parerit</ex>
         <ex>enoientparcui</ex>
         <ex>partoz</ex>
         <ex>emparmenable</ex>
         <ex>sparenir.</ex>
         <ex>parmolt</ex>
         <ex>touteparfete</ex>
         <ex>parla</ex>
         <ex>paroles</ex>
         <ex>parla</ex>
         <ex>legierementparl</ex>
         <ex>croireparl</ex>
         <ex>﻿partout</ex>
         <ex>parsa</ex>
         <ex>parla</ex>
         <ex>departi</ex>
         <ex>﻿parties</ex>
         <ex>﻿parsa</ex>
         <ex>parle</ex>
         <ex>parmenable.</ex>
         <ex>mandaparmolt</ex>
         <ex>suesfrepartoi</ex>
         <ex>parses</ex>
         <ex>fuparle</ex>
         <ex>partoz</ex>
         <ex>﻿paroles</ex>
         <ex>﻿partout</ex>
         <ex>﻿partie</ex>
         <ex>﻿parsa</ex>
         <ex>oientpargrant
</ex>
         <ex>de﻿partie</ex>
         <ex> ﻿parla</ex>
         <ex>﻿parti</ex>
         <ex>﻿parmout</ex>
         <ex>﻿parmi</ex>
         <ex>﻿parmi</ex>
         <ex>parmenable</ex>
         <ex>tantparmer</ex>
         <ex>﻿partirent</ex>
         <ex>reporterentparnuit</ex>
         <ex>languagespartoute</ex>
         <ex>totespars.</ex>
         <ex>parmout</ex>
         <ex>totesparz</ex>
         <ex>teesparles</ex>
         <ex>﻿parmout</ex>
         <ex> parta</ex>
         <ex> parler</ex>
         <ex> parler</ex>
         <ex>nosparlions</ex>
         <ex>parla</ex>
         <ex>parsonges
</ex>
         <ex>parla</ex>
         <ex>paroles
</ex>
         <ex>departi</ex>
         <ex>partie</ex>
         <ex>departi</ex>
         <ex>departi</ex>
         <ex>partir</ex>
         <ex>para</ex>
         <ex>parcharmes.</ex>
         <ex>mparla</ex>
         <ex>abbesparla</ex>
         <ex>departi</ex>
         <ex>partie</ex>
         <ex>partoz</ex>
         <ex>par</ex>
         <ex>parbrief</ex>
         <ex>departoit.</ex>
         <ex>para</ex>
         <ex>pardon</ex>
         <ex>anzparces</ex>
         <ex>partrois</ex>
         <ex>parla</ex>
         <ex>arriereparce</ex>
         <ex>departirent</ex>
         <ex>parla</ex>
         <ex>parvomite.</ex>
         <ex>parla
</ex>
         <ex>paroles</ex>
         <ex>parenir
</ex>
         <ex>parla</ex>
         <ex>departiz</ex>
         <ex>part
</ex>
         <ex>oientparruile</ex>
         <ex>autrepartie</ex>
         <ex>parla
</ex>
         <ex>laparo</ex>
         <ex>departi</ex>
         <ex>sparceste</ex>
         <ex>departi</ex>
         <ex>parmer</ex>
         <ex>partote</ex>
         <ex>pareus</ex>
         <ex>parla</ex>
         <ex>parloient</ex>
         <ex>Tuparoles
</ex>
         <ex>ndepartote
</ex>
         <ex>parties</ex>
         <ex>pareu</ex>
         <ex>paroe</ex>
         <ex>departisist</ex>
         <ex>faitepargrant
</ex>
         <ex>partoz</ex>
         <ex>partoz</ex>
         <ex>partoz</ex>
         <ex>pargrant</ex>
         <ex>parmenable</ex>
         <ex>departi</ex>
         <ex>parl</ex>
         <ex>parmeintes</ex>
         <ex>foizparmi</ex>
         <ex>parlerent.</ex>
         <ex>lui par</ex>
         <ex>nespara</ex>
         <ex>parenue</ex>
         <ex>parlions</ex>
         <ex>parson</ex>
         <ex>departi</ex>
         <ex>partesmoins</ex>
         <ex>departement</ex>
         <ex>﻿parmout</ex>
         <ex>par﻿ses</ex>
         <ex>﻿par.</ex>
         <ex>autrepart</ex>
         <ex>﻿parlor</ex>
         <ex>﻿parole</ex>
         <ex>departirent</ex>
      </td>
      <td>
         <em>per</em>
         <ex>desesper﻿</ex>
         <ex>sperit</ex>
         <ex>a﻿pertement</ex>
         <ex>em﻿pereres</ex>
         <ex>empereres</ex>
         <ex>em﻿pereres</ex>
         <ex>﻿peres</ex>
         <ex>ses﻿peres</ex>
         <ex>em﻿pereres</ex>
         <ex>pere</ex>
         <ex>empereors</ex>
         <ex>empereor
</ex>
         <ex>empereres</ex>
         <ex>empereor</ex>
         <ex>empereres
</ex>
         <ex>empereres</ex>
         <ex>empereor</ex>
         <ex>aperut</ex>
         <ex>esperit</ex>
         <ex>peres</ex>
         <ex>empereres</ex>
         <ex>empereres</ex>
         <ex>empereor</ex>
         <ex>empereres</ex>
         <ex>empereres
</ex>
         <ex>empereres</ex>
         <ex>empereor
</ex>
         <ex>empereres</ex>
         <ex>empereres</ex>
         <ex>emperere</ex>
         <ex>empereor</ex>
         <ex>empereor</ex>
         <ex>empereor</ex>
         <ex>empereor</ex>
         <ex>empereres</ex>
         <ex>apertement</ex>
         <ex>sperit</ex>
         <ex>esperiz</ex>
         <ex>aperce</ex>
         <ex>esperiz</ex>
         <ex>em﻿pereor</ex>
         <ex>empereor</ex>
         <ex>em﻿pereor</ex>
         <ex>em﻿pereor</ex>
         <ex>em﻿pereor</ex>
         <ex>em﻿pereres
</ex>
         <ex>em﻿pereres</ex>
         <ex>empereres</ex>
         <ex>em﻿pereres
</ex>
         <ex>em﻿pereres</ex>
         <ex>mpereres</ex>
         <ex>empereres
</ex>
         <ex>empereor.</ex>
         <ex>a﻿pertement</ex>
         <ex>empereres</ex>
         <ex>﻿pere</ex>
         <ex>aperce</ex>
         <ex>aperce</ex>
         <ex>em﻿pereor</ex>
         <ex>empereres</ex>
         <ex>em﻿pereor
</ex>
      </td>
      <td>
         <em>pre</em>
         <ex>prestre</ex>
         <ex>Liprestres</ex>
         <ex>prestre</ex>
      </td>
      <td>
         <em>pro</em>
         <ex>apropinquabit</ex>
      </td>
   </tr>
   <tr>
      <td>﻿﻿﻿spū</td>
      <td>
         <em>spiritu</em>
         <ex>etspiritu</ex>
      </td>
   </tr>
   <tr>
      <td>﻿﻿﻿uͤ</td>
      <td>
         <em>vre</em>
         <ex>oevres</ex>
         <ex>povres</ex>
         <ex>oevres</ex>
         <ex>oevres</ex>
      </td>
   </tr>
   <tr>
      <td>﻿﻿﻿uͥ</td>
      <td>
         <em>uer</em>
         <ex>fuerit</ex>
      </td>
   </tr>
   <tr>
      <td>﻿﻿﻿ū</td>
      <td>
         <em>um</em>
         <ex>regnumcelo</ex>
         <ex>regnumDei</ex>
         <ex>epotianum</ex>
         <ex>eternumin</ex>
      </td>
      <td>
         <em>un</em>
         <ex>dunchastel</ex>
         <ex>chascunleu</ex>
         <ex>Aucunbien</ex>
         <ex>chascunor</ex>
      </td>
      <td>
         <em>ver</em>
         <ex>envers</ex>
         <ex>vertuz</ex>
         <ex>diverses</ex>
         <ex>envers</ex>
         <ex>envers</ex>
      </td>
   </tr>
</table>Vie de saint AlexisWauchier de DenainAriane Pinche2017ParisBibliothèque nationale de Francefr. 00412Oeuvres hagiographiques de Wauchier de Denain1285Notice tiré de la base Jonas, Anne-Françoise Leurquin et Marie-Laure Savoye,
                     notice de "PARIS, Bibliothèque nationale de France, Manuscrits, fr. 00412" dans
                     la base Jonas-IRHT/CNRS (permalink : http://jonas.irht.cnrs.fr/manuscrit/45533). Consultation du
                     03/07/2015 fol.103-fol.170Wauchier de DenainOeuvres hagiographiques de Wauchier de DenainDe saint Martin mout doit on doucement et volentiers le bien oïr et
                        entendreparchemin33024521 Senions, 245 foliosCarolineThis pointer pattern extracts chapter and sectionThis pointer pattern extracts chapter.AgabaronRoi de la ville d'Édesse (Magine)Boniface (saint)4e siècle4e siècleSelon certaines tradition, il aurait été
                     l'esclave-intendant d'Aglaïs et aurait mené
                     une vie de débauche avant de se convertir au christianisme. Il serait mort en
                     martyr.Aglaiïsfemme d'Eufamianus et mère de saint
                        Alexis.EufamianusPersonnage important de la cité de Rome, père de
                        saint Alexis.Archades377408Flavius Arcadius, empereur romain
                        d'Orient de 395 à 408, frère de
                        Honorius Flavius.Alexis (saint)4e siècle416
                     saint du Ve siècle d'origine romaine.Gregoire540604Grégoire le grand, pape de Rome de 590 à 604, auteur des
                        Dialogues dont la Vie de saint Benoit fait partie.AppollinDieu romainSaint Germein6e siècle541Saint Germain de Capoue, Evêque de Capoue en Italie. Il
                     était ami de Saint Benoît.SernanduAbbé, Personnage de la Vie de Saint BenoitScolasticaNonne, Personnage de la Vie de Saint BenoitZallaHomme de mauvaise réputation, Personnage de la Vie de
                        Saint BenoitAgapitesSous-diacre de Saint
                        BenoitPelerinsMoine de Saint
                     BenoitYlaratesConvers du mont
                        Cassin, Personnage de la Vie de Saint
                        BenoitTheoprobusHomme noble, Personnage de la Vie de Saint BenoitCostanceÉvêque d'Aquino,
                     Personnage de la Vie de Saint BenoitRudichCompagnon du roi Totila, Personnage de la Vie de Saint
                        BenoitBlidinCompagnon du roi Totila, Personnage de la Vie de Saint
                        BenoitVultCompagnon du roi Totila, Personnage de la Vie de Saint
                        BenoitRingosServiteur du roi Totila, Personnage de la Vie de Saint
                        BenoitChotila552Totila, roi ostrogoths, élu roi d'Italie en 541FlorentinPrêtre, personnage de la Vie de Saint BenoitGotusPersonnage de la Vie de Saint
                        BenoitPompeienAbbé, personnage de la Vie de Saint BenoitPlacidumFils d'Theralius
                     envoié auprès de saint Benoit.ThéraliusNoble qui envoia son fils Placidum auprès de saint Benoit.MaurumFils d'Evitius
                     envoié auprès de saint Benoit.EvitusNoble qui envoia son fils Maurum auprès de saint Benoit.DeudonnezAbbé, personnage de la Vie de Saint BenoitRomeinMoine, personnage de la Vie de Saint BenoitValentinienAbbé du monastère de Latran, puis moine du monastère du mont
                        CassinSimplicesTroisième successeur de saint Benoit à la tête du
                     monestère de Mont-Cassin.HonoresAbbé du monastère où saint Benoit rentra dans les ordres
                     à l'époque de Grégoire de Tours.ConstentinSuccesseur de saint Benoit à la tête du monestère de
                     Mont-CassinGrégoire538594Saint Grégoire de Tours, historien et hagiographe, évêque de Tours de 573 à sa
                     mort.Honoire4e siecle5e siecleFlavius Honorius, empereur de la partie occidentale de
                     l'empire romain de 395 à 423.EusebiusPère de saint
                     Jérôme.MarmoriusSarrazins, propriétaire de Deudoné.DeudonéFils de JechronApolloineÉvêque d'ExcorandeEufrosinefemme du pèlerin JechronJechronpèlerin d'ExcorandeCorras10931152Conrad III, empereur d'AllemagneLeonsÉvêque de CupersaneGodinsArchevêque d'ArgentaneErnolsArnulphus, évêque de ButuntumArmanieJeune fille, personnage de la Vie de
                           saint NicolasAlexisAlexis 1er Commène, empereur de Constantinoples
                     de 1081 à 1118.Benoit (saint)480547Saint Benoit, patriarche et législateur des moines
                     d'Occident, fondateur de l'ordre des bénédictins. Abbé du Mont-Cassin, il est célèbre pour sa règle de vie
                     monastique, la règle de saint Benoit.George (saint)Saint GeorgeRodevalduspersonnage contant parmi les marchands de Bari.eustachepersonnage contant parmi les marchands de Bari.Lupuspersonnage contant parmi les prêtres qui accompagnent
                     les marchands de Bari.Mathiuspersonnage contant parmi les prêtres qui accompagnent
                     les marchands de Bari.Mathiuspersonnage contant parmi les jeunes gens qui
                     accompagnent les marchands de Bari.Alixandrepersonnage contant parmi les jeunes gens qui
                     accompagnent les marchands de Bari.LuciusEmpereur romain.AntiocusAntiochus, gouverneur responsable du martyre de
                        saint Serge et saint
                        Bace en 303.Bace (saint)3e siecle303Saint Bace (Bacchus), martyr avec saint Serge en 303.Serge (saint)3e siecle303Saint Serge, martyr avec saint
                        Bace en 303.Théodore (saint)4e siecle4e siecleSaint Théodore de le Tiron, moine de Constantinople, martyr du 4.Etiene?37Saint Etienne, premier martyr chrétien, il fait partie
                     de la première communaité chrétienne de Jérusalem.Macairefin du 3e siècle334Saint Machaire, évêque de Jérusalem, la Vie présente ici une erreur historique en le
                     faisant pape.Justinien48214 novembre 565Justinien 1er, empereur de
                        Constantinople de 527 à 565,
                     cela induit une erreur de datation, due à l'interpolation d'éléments provenant
                     de la vie de Nicolas de Sion..HylarionClerc qui assiste aux derniers soins mortuaires de
                        saint Nicolas.PhelippeÉvêque de la cité de Feliton (Phellos).ArchemiusArtemas, prêtre présent au moment de la mort de
                        saint Nicolas.ChemelausHermelaus, prêtre présent au moment de la mort de
                        saint Nicolas.NicolasArchidiacre, présent au moment de la mort de saint Nicolas.Nicolaspersonnage de la Vie de saint
                        Nicolas, originaire de la ville de SivineMichel (saint)Saint Michel, archangeConstentinConstantin Ier, Empereur de
                     RomeYlarienGardien de la prison des trois princes condamnés à
                     mort.AlbaniesAlblabius, préfet du prétoire sous Constantin Ier.SymonidesPersonnage de la vie de saint Martial, haut dignitaire
                     sous Constantin Ier.EudoxiusPersonnage de la vie de saint Martial, haut dignitaire
                     sous Constantin Ier.DyoscurusSaint Dioscuride, martyr vers 244.CressentiusSaint Crescent, martyr vers 244.EustacheEustathius, consul impérial sous Constantin 1er.UrsusPersonnage de la Vie de saint
                        Nicolas, officier impérial envoyé en mission secrète et qui sera
                     condamné à mort par l'empereur.AquileonPersonnage de la Vie de saint
                        Nicolas, officier impérial envoyé en mission secrète et qui sera
                     condamné à mort par l'empereur.NepotiensPersonnage de la Vie de saint
                        Nicolas, officier impérial envoyé en mission secrète et qui sera
                     condamné à mort par l'empereur.Dianedéesse du panthéon latin.Nicolas (saint)CharlemagneEmpereur des FrancsPriussaint hommeFlaviRoi du sud de la France, personnage de la vie de
                        saint GillesVeredemiusErmite, personnage de la vie de saint GillesAureliusArchidiacre de Césaire, personnage de la vie de saint
                        GillesTheocriteVeuve, personnage de la vie de saint GillesCésaireEvêque d'ArlesGillesTheodorusPère de saint
                     GillesPelagieMère de saint
                     GillesJean (Baptiste)Personnage biblique, Jean le
                        Baptiste fut prédicateur en Judée avant Jésus de Nazareth.Valentinien37115 mai 392Valentinien II, fils de Valentinien Ier, est
                     empereur romain de 375 à 392.GallusPersonnage de la Des dialogues sur les vertus de saint
                        Martin, il aurait été un disciple de saint Martin.PostumienPersonnage de la Des dialogues sur les vertus de saint
                        Martin, il aurait été un moine explorateur qui a rencontrer les saints
                     pères du désert.360420SeverusSulpice Sévère, auteur latin des Dialogues sur les vertus de saint Martin et de la Vie de saint Martin, il se met en scène comme étant l'un
                     des trois interlocuteurs des Dialogues sur les vertus de
                        saint Martin.Martin (saint)316397Saint Martin de Tours est né dans en Hongrie dans la colonie
                     romaine de Sabaria en 316. Il est mort à
                        Candes en France le 8 novembre
                     397.Jésus Christ030Jésus-Christ est le nom donné par l'ensemble des chrétiens au
                     prophète qu'ils considèrent comme le Messie Les chrétiens reconnaissent
                     Jésus-Christ comme le Messie et le Fils unique de Dieu.Maximin1738 août 384Magnus Clemens
                     Maximusest un officier romain qui à la tête des légions de Bretagne
                     renversa en 383 l'empereur Gratien, et régna sur l'Occident jusqu'en 388, où il
                     fut vaincu et tué par les troupes de Théodose.ArboriusMagnus Arborius, élu comte des largesses sacrées en 379,
                     puis préfet de Rome en 380, il aurait été l’un des protecteurs de saint Martin,
                     voir Sulpice Sévère, Vie de saint
                           Martin. Tome II, éd. Jacques Fontaine, Paris Éd du Cerf, 1968,
                        p.874.ItacheIthacium, evêque d'Ossobona et meneur du parti épiscopal
                     hostile à Priscillien, voir Chadwick, Priscillian, p.51-55.Priscillien340385Évêque
                     d'Avila, hérésiarque, il est le fondateur de la secte priscillianiste. Il fut
                     banni d'Espagne par un décret de Gratien puis exécuté en 385.TheonisteÉvêque gallo-romain, il est le seul parmi les Ithaciens
                     a avoir rompu avec la faction en condamnant publiquement ses agissementsFelicesÉvêqueCyprien3e siècle258Evêque de
                     Carthage, martyr, victime des persécutions de l'empereur Valérien
                     (253-260).Chaton-95-46Marcus Porcius Cato, dit Caton d'Utique, homme d'Etat romain, en
                     63, lors de la conjuration de Catilina, il prit le parti de Cicéron. Lors des
                     guerres civiles (-49), il se prononça pour Pompée et prit les armes contre César. Après la défaite de Metellus Scipion à Thapsus le 6 avril
                     46, Caton, plutôt que de perdre sa liberté, préféra se suicider en se
                     transperçant de son épée.Cesar12 juillet en 100 av. J-C.15 mars en 44 av. J-C.Caius Iulius Caesar, général romain, fin
                     stratège, suite aux guerres civiles (49-45) qu'il remportera, il se fera nommer
                     dictateur à vie de Rome avant d'être assassiné par Brutus aux Ides de Mars 44.
                  Pompeusle 29 septembre 106 av. J-C.le 28 septembre 48 av. J-C.Cnaeus Pompeius Magnus, général et homme politique
                     romain, il s'opposa à Jules César durant les
                     guerres civiles qu'il perdit lors de la bataille de Pharsale en 48 av. J-C. Il
                     prit alors la fuite vers l'Égypte où il fut assassiné sur la plage de
                     Péluse.Lucanle 3 novembre 39le 28 septembre 65Marcus Annaeus Lucanus, célèbre orateur et écrivain
                     romain, neveu de Sénèque, il composa la Pharsale, épopée
                     qui relate la guerre civile qui opposa Pompée et César entre 49 et 48
                     av. J.-C.Origene (sanit)185254Père de
                     l'Eglise, considéré comme le fondateur de l'exégèse biblique pour avoir
                     commenté tous les livres de l'Ancien et du Nouveau Testament. IL est également
                     connu pour être l'auteur du Traité des principes
                     (231).Jerome (saint)345le 20 septembre 420Père et
                     docteur de l'Eglise, célèbre traducteur de la bible latine. Il est l'un des
                     principaux opposants aux idées d'Origène.BelguisunPersonnage des Dialogues, il
                     semble être un ami de Gallus, peut-être un disciple de saint Martin. J.Fontaine
                     suggère que ce nom pourrait être un cognomen ethnique, voir
                           Sulpice Sévère, Gallus,
                           Dialogues sur les "vertus" de saint Martin, éd. Jacques Fontaine,
                        Paris Éd du Cerf, 2006, p.133Antoine251356Antoine le grand, Antoine d'Egypte ou Antoine
                        l'Ermite est considéré comme le fondateur du l'érémitisme
                     chrétien.Paul228341Paul de Thèbes ou Paul l'ermite est l'une des
                     figures fondatrices du monachisme, avec saint
                        Antoine.Jehan360432Jean Cassien ou Jean l'ermite prêtre et
                     moine, originaire d'Egypte, il établit sa communauté sur l'île de
                     Chypre.CyrenenseNom d'un personnage des Dialogues, vieux prêtre de auquel Postumien prêta sa copie de la Vie de saint Martin de
                        Sulpice Sévère. Son nom n'est pas
                     indiqué dans la source latine, mais il est fait mention du fait qu'il est
                     originaire de Cyrénaïque, cyrenensis. L'attribution de
                     ce nom au prêtre est peut-être lié à une confusion de Wauchier de Denain.ZachariePersonnage biblique, il serait le père de saint
                        Jean le Baptiste. Trop vieux pour
                     avoir un enfant, le Seigneur lui Apparais pour lui annoncer la naissance d'un
                     fils qui serait prophète. Zacharie est alors frappé de stupeur jusqu'à la
                     naissance de son fils. Il retrouvera la parole pour proclamer que le nom de son
                     fils est Jean, tel que le Seigneur le lui avait demander.EvanchiusPersonnage des Dialogues, oncle chrétien de GallusAgnes4e siècle4e siècleMartyr
                     romaineCecile3e siècle3e siècleMartyr
                     romaineMarie MagdalenePersonnage biblique, disciple femme de Jesus-Christ.Pere??64Pêcheur de
                     Galilée, devenu un des douze apôtres de Jésus-Christ. Il est le premier évêque
                     de RomeRefrigeriusPersonnage des Dialogues,
                     prêtre.EucheriusPersonnage des Dialogues,
                     consul.CelsusPersonnage des Dialogues,
                     consul.ValentinienPersonnage des Dialogues, evêque
                     du temps de saint Martin.VictricusPersonnage des Dialogues, evêque
                     de Rouen du temps de saint Martin.AvicienPersonnage des Dialogues, comte
                     de Tours du temps de saint Martin.SaturninePersonnage des Dialogues,
                     prêtre.ArpagePersonnage des Dialogues,
                     prêtre.AgaridutPersonnage des Dialogues,
                     gentilhomme, il arrive au monastère où se trouvent Sulpice Sevère, Postumien
                     et Gallus avec Refregerius.EvangilusPersonnage des Dialogues,
                     prêtre.MariePersonnage biblique, la vierge Marie est
                     la mère de Dieu.JupiterDieu romainMercuriusDieu romainMarcelPersonnage des Dialogues, prêtre
                     d'Amboise.ChatonPersonnage des Dialogues, diacre
                     de l'éveque saint Martin.JudasPersonnage biblique, apôtre qui trahit le Christ pour le
                     livrer à Ponce Pilate.Brice444Saint Brice de Tours,
                     Ordoné évêque de Tours en 397, il est le successeur de saint Martin. Il possède
                     une mauvaise réputation en raison de son affection pour le luxe et les chevaux
                     Paulin353431Paulin de Nole, né à Bordeaux vers 353,
                     mort à Nole en 431, est un poète et un ecclésiastique latin contemporain de
                     saint Augustin et de Martin de Tours, qui
                     l'encouragea dans sa vocation religieuse. Il a été évêque de Nole de 409 à sa
                     mort.PomponiePersonnage des Dialogues, ami de
                        Gallus.GauchierWauchier de Denain, auteur du recueil hagriographique
                        Li seint ConfessorDuc de NamurPhilippe de Namur, duc de Namur et comte de Hainault,
                     mécène de Wauchier de Denain.ValentiensSeigneur de la ville de Tours pendant que saint
                        Martin était évêque.Cilicie, province romaine située aujourd'hui en Turquie.Tharce40.75, 30.25Tarse, ville de Cilicie en
                     TurquieLaudesse35.51892275, 35.7766297Laodicée, ville de SyrieMagine37.9120893333, 40.2303073333 Édesse, ville de MésopotamieChaples41.0860925, 14.250207Capoue, ville italienne de CampanieTeracenence41.2241, 13.2495Terracine, ville italienne du LatiumAquinense41.4407, 13.7Aquino, ville italienne du LatiumTamisseVille de la Vie de saint BenoitSulie37.751645425, 14.6747958 Sicile, province romaine.Sublacus41.926211, 13.094892Sublaqueum, ville italienne.EffideActuelle Affile, ville située dans la zone métropolitaine de Rome. Lieu où
                     séjourna saint BenoitLatran41.885906, 12.506156Site religieux de Rome qui réunit, entre autres, la basilique de
                     Saint-Jean-de-Latran et le palais du Latran, séjour principal des papes entre
                     le IVe et le XIVe siècle.Nurse42.794246, 13.096435Nursie, ville d'Italie. Lieu de naissance de saint
                        BenoitMont Cassin41.4863253, 13.8252693333Mont Cassin, situé dans le latium en Italie. Vers 530, saint Benoit y fonda son abbaye et y rédigea la
                     règle de saint Benoit.PannonieRégion romaine d'Europe centrale, actuelle HongrieDalmasserégion romaine, actuelle CroatieStridonVille romaine, située entre la Pannonie et la Dalmatie,
                     où est né saint JérômeSeinte Marie de la charitéPrieuré clunisien de la Charité-sur-LoireBabiloineBabylone (Egypte)Seinte CroizÉglise près de LiègeExcorandeVille où habitait le pélerin Jechron. Le
                     nom est vraisemblement une déformation d'Alexandrette, port du Levant, en arabe
                        IskanderouWAUCHIER DE DENAIN, La vie de Mon Signeur Seint Nicholas le Beneoit confessor, éd. John
                        Jay Thompson, Genève, Suisse, Droz, 1999, p.253. AlemmaigneAllemagneLiegeVille de LiègeBoniventBénévent, ville du samniumEscaucvilleCupersaneCopertino, ville au Sud de BariArgentaneArgentanum, ville de BruttiumVerontheneVille de Butuntum près de BariPiseVille de Pise en ItalieCathapanLieu de la sépulture de saint Nicolas de BariTraneVille, proche de Bari.MacreMakri, presqu'île au large de la LycieMagestreMagiste, île au large de la LycieCacaviusCaccavus, île au large de la LycieAntiocheBarBari, ville italienne qui se trouve dans les pouilles.CalabreLa calabre, région d'Italie située à l'extrême sud-ouest de la
                     péninsuleSebastéSébastée, ville d'Arménie MineureFelitonPhellos, ville de LycieSivineSibinos, ville de Lycie, proche de MyreSaint-Syonabbaye fondée par saint Nicolas à
                        Myre, lieu de sa première
                     sépulture.NecapolieNeapolis, ville de LycieCrobeDomaine de l'archange de saint
                     MichelQuaparseCyparissus, ville de LycieLapresLisceLa lycie, province du sud de l'Asie mineure.CostantinopleConstantinopleVigauteGraphie fautive de Vigante qui désigne Byzance, capitale de la Thrace et du
                     futur empire romain d'Orient de Constantin à partir de 330.MyrreCapitale de Lycie et ville de épiscopale de saint
                        NicolasPatrePatara, ville de Lycie et ville de naissance de saint NicolasToivreFleuve du Tibre qui traverse Rome.CabinoneCabinonensem, nom latin de la ville de Cavaillon.ChypreMonastère de Sainte-CroixOrléansFranceNemausenseNemausensis, nom latin de la ville de Nîme.GardoneRivière du GardonRhôneArlesProvenceCaphseLieu inconnu, peut-être issu d'une confusion sur le texte latin (à
                     terminer)EgypteOrientNerbone43.184277 3.0030779999999595Marselle43.296482 5.369779999999992AufriqeAlixandre31.2000924 29.91873869999995CyreneRome41.8919300 12.5113300BethleemJerusalemOccidentNilNitreroge merSynayAiseThebesIndesSyreEthyopeHermenieBosforeTours47.3833300 0.6833300ChartreClaudomiasTrieveMansSensEmbaiseVille d'AmboiseTouraineEspagneLombardieGreceCarthageAchaïeChorinteAtheinesAthènesEuropeCholomaideSezileSicilePuilleLes pouilles, région de l'Italie méridoniale<table>
   <tr>
      <td>'</td>
      <td>
         <em>er</em>
         <ex>troeren</ex>
         <ex>terme</ex>
         <ex>esmerellier</ex>
         <ex>mengiertant</ex>
      </td>
      <td>
         <em>ier</em>
         <ex>olentiers</ex>
         <ex>aidierne
</ex>
         <ex>chevaliers</ex>
         <ex>mostiere
</ex>
         <ex>plenier.</ex>
      </td>
      <td>
         <em>os</em>
         <ex>osdirai</ex>
         <ex>nosentr</ex>
         <ex>oseoir</ex>
         <ex>faireosoel</ex>
         <ex>nosa</ex>
         <ex>nosde</ex>
         <ex>eosai</ex>
         <ex>osne</ex>
         <ex>nosa</ex>
         <ex>nosfumes</ex>
         <ex>nos</ex>
         <ex>nosaparoit</ex>
         <ex>osraconteroie</ex>
         <ex>nos</ex>
         <ex>nospe</ex>
         <ex>nosen
</ex>
         <ex>os</ex>
         <ex>osdiroie</ex>
         <ex>osconterai</ex>
         <ex>osen</ex>
         <ex>osos</ex>
         <ex>os
</ex>
         <ex>nose</ex>
      </td>
      <td>
         <em>re</em>
         <ex>prendre.</ex>
         <ex>premiers</ex>
         <ex>entendrene</ex>
      </td>
      <td>
         <em>s</em>
         <ex>us
</ex>
         <ex>sacreficesar</ex>
         <ex>bones</ex>
      </td>
      <td>
         <em>ue</em>
         <ex>queuns</ex>
         <ex>esqueqi</ex>
      </td>
      <td>
         <em>us</em>
         <ex>Beaussignors</ex>
         <ex>Beaussignor</ex>
         <ex>Beausperes</ex>
         <ex>estusde</ex>
         <ex>plus
</ex>
         <ex>plusententi</ex>
         <ex>Beaus
</ex>
         <ex>esperitueusce</ex>
         <ex>Beausfreres</ex>
         <ex>essiausmetre</ex>
         <ex>arceaus</ex>
         <ex>arceaus</ex>
         <ex>enceausdist</ex>
         <ex>porceaus.</ex>
         <ex>enceausau
</ex>
         <ex>Beaussire</ex>
         <ex>enceaussa</ex>
         <ex>enusde</ex>
         <ex>arceaus</ex>
         <ex>ceusqi</ex>
         <ex>dusgardes</ex>
         <ex>enus</ex>
         <ex>iustenues.</ex>
         <ex>tieuschoses</ex>
         <ex>enciaushauz</ex>
         <ex>ceusqi</ex>
         <ex>Beausfiuz</ex>
         <ex>enuscoment</ex>
         <ex>engigneusestoient</ex>
         <ex>enceausdeli</ex>
         <ex>morteusl</ex>
         <ex>euserrachoient
</ex>
         <ex>languereusclop</ex>
         <ex>languereusa</ex>
         <ex>eusensamble</ex>
         <ex>eusq</ex>
         <ex>estussanz</ex>
         <ex>enceauspuceles</ex>
         <ex>chasteausdes
</ex>
         <ex>palezineuspelerins</ex>
         <ex>enceaustenoit</ex>
         <ex>piausde</ex>
         <ex>beausmiracles.</ex>
         <ex>allus</ex>
         <ex>erus</ex>
         <ex>plusconter</ex>
      </td>
   </tr>
   <tr>
      <td>a'</td>
      <td>
         <em>an</em>
         <ex>afairesant</ex>
      </td>
   </tr>
   <tr>
      <td>aᷤ</td>
      <td>
         <em>as</em>
         <ex>ase</ex>
      </td>
   </tr>
   <tr>
      <td>bƺ</td>
      <td>
         <em>bus</em>
         <ex>omnibus</ex>
         <ex>ebus
</ex>
      </td>
   </tr>
   <tr>
      <td>cͥ</td>
      <td>
         <em>Cri</em>
         <ex>Crist</ex>
      </td>
      <td>
         <em>cri</em>
         <ex>ntecrist</ex>
      </td>
   </tr>
   <tr>
      <td>d'</td>
      <td>
         <em>dre</em>
         <ex>pendreen</ex>
      </td>
   </tr>
   <tr>
      <td>dͤ</td>
      <td>
         <em>de</em>
         <ex>gardede</ex>
      </td>
   </tr>
   <tr>
      <td>d</td>
      <td>
         <em>Domin</em>
         <ex>Domins</ex>
         <ex>Domine</ex>
      </td>
   </tr>
   <tr>
      <td>e'</td>
      <td>
         <em>en</em>
         <ex>laidengier</ex>
      </td>
   </tr>
   <tr>
      <td>eᷤ</td>
      <td>
         <em>es</em>
         <ex>deciplessi</ex>
         <ex>mesla</ex>
         <ex>iresli
</ex>
         <ex>choses.</ex>
         <ex>auques</ex>
         <ex>Mespor</ex>
      </td>
   </tr>
   <tr>
      <td>iͣ</td>
      <td>
         <em>rai</em>
         <ex>destraig</ex>
      </td>
   </tr>
   <tr>
      <td>iᷤ</td>
      <td>
         <em>is</em>
         <ex>puisqe</ex>
      </td>
   </tr>
   <tr>
      <td>mlt'</td>
      <td>
         <em>molt</em>
         <ex>moltde</ex>
         <ex>rochemoltestoit</ex>
         <ex>molt
</ex>
         <ex>molta</ex>
         <ex>moltso</ex>
         <ex>moltdocement</ex>
         <ex>moltcruelment</ex>
         <ex>moltdesirroit
</ex>
         <ex>molt</ex>
         <ex>molt</ex>
         <ex>moltdolenz</ex>
         <ex>moltcombrisiez</ex>
         <ex>moltestoit</ex>
         <ex>demoltgrant
</ex>
         <ex>moltbenignement</ex>
         <ex>eslectionmoltproierent</ex>
         <ex>moltgrant</ex>
         <ex>moltriches</ex>
         <ex>moltdolenz
</ex>
         <ex>moltpetit.</ex>
         <ex>moltiau</ex>
         <ex>moltgrant</ex>
         <ex>moltcar</ex>
         <ex>moltqe</ex>
         <ex>moltbenignement.</ex>
         <ex>moltfelon</ex>
         <ex>moltso</ex>
         <ex>moltprodome</ex>
         <ex>moltco</ex>
      </td>
   </tr>
   <tr>
      <td>m̃</td>
      <td>
         <em>mur</em>
         <ex>forsmurs</ex>
      </td>
   </tr>
   <tr>
      <td>m̅</td>
      <td>
         <em>men</em>
         <ex>longuement</ex>
         <ex>isnelement</ex>
         <ex>premierement</ex>
         <ex>meesmement</ex>
         <ex>habundanment.</ex>
         <ex>solement</ex>
         <ex>amonestement</ex>
         <ex>tormenz</ex>
         <ex>ement</ex>
         <ex>eraiement</ex>
         <ex>mencement</ex>
         <ex>dediement</ex>
         <ex>assiduelment</ex>
         <ex>heitiement</ex>
         <ex>tormentoit</ex>
         <ex>oignement</ex>
         <ex>longuement.</ex>
         <ex>esleecement.</ex>
         <ex>erranment</ex>
         <ex>comandemenz</ex>
         <ex>comandement</ex>
         <ex>durement</ex>
         <ex>docement</ex>
         <ex>rement</ex>
         <ex>benignement</ex>
         <ex>menablement</ex>
         <ex>solement</ex>
         <ex>belement</ex>
         <ex>seulement</ex>
         <ex>hautement</ex>
         <ex>raiement</ex>
         <ex>solement</ex>
         <ex>seulement</ex>
         <ex>pleinement</ex>
         <ex>hardiement</ex>
         <ex>meesmement</ex>
         <ex>seulement</ex>
         <ex>Ensement</ex>
         <ex>isnelement</ex>
         <ex>ement.</ex>
         <ex>autrement</ex>
         <ex>pleinement</ex>
      </td>
      <td>
         <em>mer</em>
         <ex>merel</ex>
      </td>
   </tr>
   <tr>
      <td>mͣ</td>
      <td>
         <em>Mar</em>
         <ex> Mart</ex>
         <ex>Mart</ex>
      </td>
   </tr>
   <tr>
      <td>nͣ</td>
      <td>
         <em>an</em>
         <ex>Qant</ex>
         <ex>mestierant</ex>
         <ex>qant</ex>
         <ex>Qant</ex>
         <ex>qant</ex>
         <ex>qant</ex>
         <ex>Qant</ex>
         <ex>Qant</ex>
         <ex>qant</ex>
         <ex>Qant</ex>
         <ex>Qant</ex>
         <ex>Qant</ex>
         <ex>Qant</ex>
         <ex>Qant</ex>
         <ex>Qant</ex>
         <ex>Qant</ex>
         <ex>qant</ex>
         <ex>qant</ex>
         <ex>Qant</ex>
         <ex>Qant</ex>
         <ex>qant</ex>
         <ex>qant</ex>
         <ex>qant</ex>
         <ex>qant</ex>
         <ex>Qant</ex>
         <ex>Qant</ex>
         <ex>qant</ex>
         <ex>Qant</ex>
         <ex>Qant</ex>
         <ex>qant</ex>
         <ex>qant</ex>
         <ex>Qant</ex>
         <ex>Qant</ex>
         <ex>Qant</ex>
         <ex>qant</ex>
         <ex>Qant</ex>
         <ex>Qant</ex>
         <ex>Qant</ex>
         <ex>qant</ex>
         <ex>qant</ex>
         <ex>qant</ex>
         <ex>qant</ex>
         <ex>qant</ex>
         <ex>qant</ex>
         <ex>qant</ex>
         <ex>Qant</ex>
         <ex>Qant</ex>
         <ex>Qant</ex>
         <ex>Qant</ex>
         <ex>qant</ex>
         <ex>Qant</ex>
         <ex>qant</ex>
         <ex>qant</ex>
         <ex>qant</ex>
         <ex>Qant</ex>
         <ex>qant</ex>
      </td>
      <td>
         <em>ran</em>
         <ex>granz</ex>
         <ex>granz</ex>
         <ex>grant</ex>
         <ex>grant</ex>
         <ex>grant</ex>
         <ex>grant</ex>
         <ex>grant</ex>
         <ex>grant</ex>
         <ex>grant</ex>
         <ex>grans</ex>
         <ex>grant</ex>
         <ex>grant</ex>
         <ex>grant</ex>
         <ex>grant</ex>
         <ex>grant</ex>
         <ex>granz</ex>
         <ex>grant</ex>
         <ex>granz</ex>
         <ex>grant</ex>
         <ex>grant</ex>
         <ex>grant</ex>
         <ex>grant</ex>
         <ex>grant</ex>
         <ex>grant</ex>
         <ex>grant</ex>
         <ex>granz</ex>
         <ex>grant</ex>
         <ex>grant</ex>
      </td>
   </tr>
   <tr>
      <td>nͥ</td>
      <td>
         <em>nier</em>
         <ex>maniere</ex>
      </td>
   </tr>
   <tr>
      <td>nͬ</td>
      <td>
         <em>nor</em>
         <ex>signordedenz</ex>
      </td>
   </tr>
   <tr>
      <td>nᷤ</td>
      <td>
         <em>ns</em>
         <ex>tens.</ex>
      </td>
   </tr>
   <tr>
      <td>o'</td>
      <td>
         <em>om</em>
         <ex>comli</ex>
         <ex>preudomseinz
</ex>
         <ex>comil</ex>
         <ex>comla</ex>
         <ex>preudom.</ex>
      </td>
      <td>
         <em>on</em>
         <ex>orisona</ex>
         <ex>confessor</ex>
         <ex>confessor</ex>
         <ex>son
</ex>
         <ex>conment</ex>
      </td>
   </tr>
   <tr>
      <td>pͥ</td>
      <td>
         <em>pri</em>
         <ex>espris</ex>
         <ex>prise.</ex>
         <ex>primes</ex>
         <ex>prist</ex>
         <ex>lesprinces</ex>
         <ex>repris</ex>
         <ex>prist</ex>
      </td>
   </tr>
   <tr>
      <td>pͬ</td>
      <td>
         <em>pr</em>
         <ex> pres</ex>
         <ex>esqepres</ex>
      </td>
   </tr>
   <tr>
      <td>q'</td>
      <td>
         <em>q'e</em>
         <ex>q'eles</ex>
         <ex>q'ele</ex>
      </td>
   </tr>
   <tr>
      <td>qƺ</td>
      <td>
         <em>que</em>
         <ex>usque</ex>
      </td>
   </tr>
   <tr>
      <td>qͤ</td>
      <td>
         <em>qe</em>
         <ex>qesi</ex>
      </td>
   </tr>
   <tr>
      <td>qͥ</td>
      <td>
         <em>q'i</em>
         <ex>q'il</ex>
         <ex>q'il</ex>
         <ex>ceq'il</ex>
         <ex>teleq'il</ex>
         <ex>q'il</ex>
         <ex>q'il</ex>
         <ex>q'il</ex>
         <ex>q'il</ex>
         <ex>foisq'il</ex>
      </td>
      <td>
         <em>qi</em>
         <ex>eritqi </ex>
         <ex>esqisi</ex>
         <ex>qiadis</ex>
         <ex>teqi</ex>
         <ex>teqi</ex>
      </td>
   </tr>
   <tr>
      <td>rͤ</td>
      <td>
         <em>re</em>
         <ex>eincoreesgarder</ex>
      </td>
   </tr>
   <tr>
      <td>rͥ</td>
      <td>
         <em>ri</em>
         <ex>grief</ex>
      </td>
   </tr>
   <tr>
      <td>s'</td>
      <td>
         <em>seint</em>
         <ex>seintartin</ex>
         <ex>seintartin</ex>
         <ex>seintartin</ex>
         <ex>seint </ex>
         <ex>seintt</ex>
         <ex>de.seint.</ex>
         <ex>.seint.</ex>
      </td>
   </tr>
   <tr>
      <td>tº</td>
      <td>
         <em>tro</em>
         <ex>estroite.</ex>
      </td>
   </tr>
   <tr>
      <td>tͧ</td>
      <td>
         <em>tur</em>
         <ex>nature</ex>
      </td>
   </tr>
   <tr>
      <td>tᵉ</td>
      <td>
         <em>tre</em>
         <ex>autrel</ex>
         <ex>nostreignor
</ex>
         <ex>nostreignor
</ex>
         <ex>autres</ex>
         <ex>contree</ex>
         <ex>nostreignor</ex>
         <ex>mestres</ex>
         <ex>prestres</ex>
      </td>
   </tr>
   <tr>
      <td>uͥ</td>
      <td>
         <em>vri</em>
         <ex>covrir</ex>
      </td>
   </tr>
   <tr>
      <td>ñ</td>
      <td>
         <em>non</em>
         <ex>non
</ex>
         <ex> non</ex>
      </td>
   </tr>
   <tr>
      <td>ā</td>
      <td>
         <em>am</em>
         <ex>Penitentiam</ex>
         <ex>ensamble</ex>
      </td>
      <td>
         <em>an</em>
         <ex>grant</ex>
         <ex>semblant</ex>
         <ex>marcheanz</ex>
         <ex>meintenant</ex>
         <ex>creance</ex>
         <ex>tramblant</ex>
         <ex>sanblance</ex>
         <ex>enfant</ex>
         <ex>grant</ex>
         <ex>deant</ex>
         <ex>rance</ex>
         <ex>preecant</ex>
         <ex>rance.</ex>
         <ex>tant</ex>
         <ex>anssambl</ex>
         <ex>demandai</ex>
         <ex>grant</ex>
         <ex>manmon
</ex>
         <ex>demanda</ex>
         <ex>sanz
</ex>
         <ex>tant</ex>
         <ex>deant</ex>
         <ex>doutance.</ex>
         <ex>creance</ex>
         <ex>deant</ex>
         <ex>tant</ex>
         <ex>aant</ex>
         <ex>enfant</ex>
         <ex>nsanble</ex>
         <ex>tant</ex>
         <ex>portanz</ex>
         <ex>granz</ex>
         <ex>granz</ex>
         <ex>serant</ex>
         <ex>estrange</ex>
         <ex>sanz</ex>
         <ex>ramembrance</ex>
         <ex>demorance</ex>
         <ex>grant</ex>
         <ex>seranz</ex>
         <ex>ensanble</ex>
         <ex>tant</ex>
         <ex>aant</ex>
         <ex>tant</ex>
         <ex>tant</ex>
         <ex>grant</ex>
         <ex>deant</ex>
         <ex>tant</ex>
         <ex>demanda</ex>
         <ex>deant</ex>
         <ex>repentanz</ex>
         <ex>meintenant</ex>
         <ex>tant</ex>
         <ex>aant</ex>
         <ex>grant</ex>
         <ex>deant</ex>
         <ex>tant</ex>
         <ex>tant</ex>
         <ex>grant</ex>
      </td>
   </tr>
   <tr>
      <td>ē</td>
      <td>
         <em>em</em>
         <ex>temple.</ex>
         <ex>temp</ex>
         <ex>lempereor</ex>
      </td>
      <td>
         <em>en</em>
         <ex>meintient</ex>
         <ex>citoienfirent</ex>
         <ex>esmurent</ex>
         <ex>Quenusurier</ex>
         <ex>genz</ex>
         <ex>tenpore</ex>
         <ex>tenp</ex>
         <ex>distrent</ex>
         <ex>lendemein</ex>
         <ex>prendre</ex>
         <ex>eroient</ex>
         <ex>ssent</ex>
         <ex>paiena</ex>
         <ex>firent</ex>
         <ex>estoient.</ex>
         <ex>alerent</ex>
         <ex>enorter</ex>
         <ex>griement</ex>
         <ex>bien
</ex>
         <ex>biense</ex>
         <ex>pristrent</ex>
         <ex>mengoit</ex>
         <ex>estoient</ex>
         <ex>estoient</ex>
         <ex>mandement</ex>
         <ex>biensanz</ex>
         <ex>distrent</ex>
         <ex>erent</ex>
         <ex>nen </ex>
         <ex>rendi</ex>
         <ex>doient
</ex>
         <ex>respondirent</ex>
         <ex>oenceaus</ex>
         <ex>denpnabitur.</ex>
         <ex>eoient</ex>
         <ex>indrent</ex>
         <ex>pristrent</ex>
         <ex>cenz</ex>
         <ex>cenz</ex>
         <ex>indrent</ex>
         <ex>fesoient</ex>
         <ex>proierent</ex>
         <ex>nenn</ex>
         <ex>menbres</ex>
         <ex>comena</ex>
         <ex>baptizierent</ex>
         <ex>arrestoient.</ex>
         <ex>descendoit</ex>
         <ex>mistrent</ex>
         <ex>respondirent</ex>
         <ex>chastement</ex>
         <ex>olentiers </ex>
         <ex>estoient</ex>
         <ex>lendemein</ex>
         <ex>oierent</ex>
         <ex>estoient</ex>
         <ex>descendre</ex>
         <ex>croient</ex>
         <ex>estoient</ex>
         <ex>pensoient</ex>
         <ex>oient</ex>
         <ex>eoient
</ex>
         <ex>aoroient</ex>
         <ex>trenchier</ex>
         <ex>noient</ex>
         <ex>rieng</ex>
         <ex>paiens</ex>
         <ex>estoient</ex>
         <ex>portoient</ex>
         <ex>ment</ex>
         <ex>menco</ex>
         <ex>biens</ex>
         <ex>roient</ex>
         <ex>indulgense.</ex>
         <ex>bienraconterai</ex>
         <ex>eillierent</ex>
         <ex>bienqe</ex>
         <ex>estoient</ex>
         <ex>enostre</ex>
         <ex>emporteroient</ex>
         <ex>ssent</ex>
         <ex>entendoit</ex>
         <ex>entendi</ex>
         <ex>porpensa</ex>
         <ex>ellierent</ex>
         <ex>erent</ex>
         <ex>genz</ex>
         <ex>estoient</ex>
         <ex>firent</ex>
         <ex>indrent</ex>
         <ex>mendiz</ex>
         <ex>assemblerent</ex>
         <ex>nenconois
</ex>
         <ex>ceens</ex>
         <ex>estoient</ex>
         <ex>argent</ex>
         <ex>amerent.</ex>
         <ex>estoient</ex>
         <ex>nient</ex>
         <ex>riens</ex>
         <ex>proierent</ex>
         <ex>mistrent</ex>
         <ex>ernement</ex>
         <ex>retiegnent</ex>
         <ex>entendoient</ex>
         <ex>dementieres</ex>
         <ex>siens</ex>
         <ex>oient</ex>
         <ex>irent</ex>
         <ex>prendoit</ex>
         <ex>conurent</ex>
         <ex>ssent.</ex>
         <ex>distrent</ex>
         <ex>trestrent</ex>
         <ex>furent</ex>
         <ex>erent.</ex>
         <ex>bienq</ex>
         <ex>partirent</ex>
         <ex>fussent</ex>
         <ex>rendez</ex>
         <ex>donerent</ex>
         <ex>firent</ex>
         <ex>assiduelment</ex>
         <ex>boient.</ex>
         <ex>fussent</ex>
         <ex>prendroient</ex>
         <ex>entrefirent</ex>
         <ex>oient</ex>
         <ex>emporteroient</ex>
         <ex>mistrent</ex>
         <ex>prendre</ex>
         <ex>demanderent</ex>
         <ex>distrent</ex>
         <ex>irent</ex>
         <ex>distrent</ex>
         <ex>distrent</ex>
         <ex>estoient</ex>
         <ex>retrestrent</ex>
         <ex>oient</ex>
         <ex>repristrent</ex>
         <ex>ent</ex>
         <ex>menroient</ex>
         <ex>diemence</ex>
         <ex>ocistrent.</ex>
         <ex>oelent</ex>
         <ex>demorerent</ex>
         <ex>oencel</ex>
         <ex>reclaiment.</ex>
         <ex>senreperierent</ex>
         <ex>menpuisses</ex>
         <ex>alerent</ex>
         <ex>oenceaus</ex>
         <ex>rient</ex>
         <ex>enz</ex>
         <ex>trentiesme</ex>
         <ex>desirroient</ex>
         <ex>argent</ex>
         <ex>soent</ex>
         <ex>menalai</ex>
         <ex>esgardoient.</ex>
         <ex>mencierent</ex>
         <ex>ententi</ex>
         <ex>assistrent</ex>
         <ex>estoient</ex>
         <ex>ient</ex>
         <ex>ssent</ex>
         <ex>hantent</ex>
         <ex>indrent</ex>
         <ex>mengoit</ex>
         <ex>entreil</ex>
         <ex>mengier</ex>
         <ex>oencel</ex>
         <ex>amoient
</ex>
         <ex>habitent</ex>
         <ex>ssent</ex>
         <ex>longement</ex>
         <ex>eoient</ex>
         <ex>irent</ex>
         <ex>ensanglent</ex>
         <ex>comencierent</ex>
         <ex>prensignast
</ex>
         <ex>prensigniez</ex>
         <ex>tesmoignent</ex>
         <ex>fussent</ex>
         <ex>empense.</ex>
         <ex>nentiegent</ex>
         <ex>biensachiez</ex>
         <ex>ient</ex>
         <ex>tesmoigneroient.</ex>
         <ex>tesmoigneroient</ex>
         <ex>dolenz</ex>
         <ex>bienq</ex>
         <ex>bienles</ex>
         <ex>riens</ex>
         <ex>olent</ex>
         <ex>puent</ex>
      </td>
   </tr>
   <tr>
      <td>ĩ</td>
      <td>
         <em>in</em>
         <ex>seint</ex>
         <ex>seint</ex>
         <ex>seint</ex>
         <ex>estreinz</ex>
         <ex>seinz</ex>
         <ex>seinz</ex>
         <ex>seinz</ex>
         <ex>ausint</ex>
         <ex>seinz</ex>
         <ex>ceint</ex>
         <ex>seint</ex>
         <ex>seinz</ex>
         <ex>Einsint</ex>
         <ex>eintenant
</ex>
         <ex>seint</ex>
         <ex>seint</ex>
         <ex>Seinz</ex>
         <ex>int</ex>
         <ex>seint</ex>
         <ex>aint</ex>
         <ex>ceint</ex>
         <ex>meins</ex>
         <ex>seinz</ex>
         <ex>meintenant</ex>
         <ex>seint</ex>
         <ex>amin</ex>
         <ex>seint</ex>
         <ex>seinz</ex>
         <ex>seinte</ex>
         <ex>seint</ex>
         <ex>meins</ex>
         <ex>Seintismes</ex>
         <ex>einz</ex>
         <ex>einsint</ex>
         <ex>meintenissent
</ex>
         <ex>seinz</ex>
         <ex>seinz</ex>
         <ex>ainz</ex>
         <ex>peinnes
</ex>
         <ex>seint</ex>
         <ex>int
</ex>
         <ex>seinz</ex>
         <ex>tesmoing</ex>
         <ex>seint</ex>
         <ex>vint</ex>
         <ex>seinz</ex>
         <ex>int</ex>
         <ex>seinz</ex>
         <ex>seinz</ex>
         <ex>tin</ex>
         <ex>tin</ex>
         <ex>certeinnement</ex>
         <ex>loing</ex>
         <ex>artins</ex>
         <ex>artin</ex>
         <ex>artin</ex>
         <ex>seinz</ex>
         <ex>artin</ex>
         <ex>seinte</ex>
         <ex>artins</ex>
         <ex>oitint</ex>
         <ex>seint</ex>
         <ex>meinz</ex>
         <ex>seint</ex>
         <ex>meins</ex>
         <ex>int</ex>
         <ex>Meintenant</ex>
         <ex>seinz</ex>
         <ex>seinz</ex>
         <ex>seint</ex>
         <ex>meinz</ex>
         <ex>seinte
</ex>
         <ex>seint</ex>
         <ex>seint</ex>
         <ex>meinune</ex>
         <ex>aint</ex>
         <ex>seinz</ex>
         <ex>seint</ex>
         <ex>oisins
</ex>
         <ex>seinz</ex>
         <ex>seinte</ex>
         <ex>Einsint</ex>
         <ex>seint</ex>
         <ex>seinz</ex>
         <ex>pleins</ex>
         <ex>einz</ex>
         <ex>eleint</ex>
         <ex>seint</ex>
         <ex>seint</ex>
         <ex>aussint</ex>
         <ex>seinz</ex>
         <ex>int</ex>
         <ex>seinz</ex>
         <ex>seint</ex>
         <ex>seint</ex>
         <ex>einsint</ex>
         <ex>ausint</ex>
         <ex>loing</ex>
         <ex>larrecinne
</ex>
         <ex>ing</ex>
         <ex>seint</ex>
         <ex>loing</ex>
         <ex>seinz</ex>
         <ex>seint</ex>
         <ex>seint</ex>
         <ex>enins</ex>
         <ex>meins</ex>
         <ex>seinz</ex>
         <ex>loing</ex>
         <ex>Seinz</ex>
         <ex>artins</ex>
         <ex>int</ex>
         <ex>seint</ex>
         <ex>seint</ex>
         <ex>destreins</ex>
         <ex>seint</ex>
         <ex>reint</ex>
         <ex>compleindre.</ex>
         <ex>artins</ex>
         <ex>meintenir</ex>
      </td>
   </tr>
   <tr>
      <td>ō</td>
      <td>
         <em>om</em>
         <ex>comnos</ex>
         <ex>comil</ex>
         <ex>come</ex>
         <ex>com</ex>
         <ex>comil</ex>
         <ex>nombre.</ex>
         <ex>coml</ex>
         <ex>comli</ex>
         <ex>comtoz</ex>
         <ex>com</ex>
         <ex>comil</ex>
         <ex>comnos</ex>
         <ex>comli</ex>
         <ex>preudommout</ex>
         <ex>homli</ex>
         <ex>comil</ex>
      </td>
      <td>
         <em>on</em>
         <ex>Dont</ex>
         <ex>resoignons</ex>
         <ex>noncierent</ex>
         <ex>mesons</ex>
         <ex>mesonqe</ex>
         <ex>sonser</ex>
         <ex>ision </ex>
         <ex>respondoit</ex>
         <ex>dragonqe</ex>
         <ex>nonsi</ex>
         <ex>beneon.</ex>
         <ex>sont</ex>
         <ex>cont</ex>
         <ex>montaigne</ex>
         <ex>nonmee</ex>
         <ex>anoncierent</ex>
         <ex>cond</ex>
         <ex>conpaignie</ex>
         <ex>raconte</ex>
         <ex>parfondece.</ex>
         <ex>non</ex>
         <ex>mons</ex>
         <ex>barons</ex>
         <ex>contes
</ex>
         <ex>non.</ex>
         <ex>bons</ex>
         <ex>confuson</ex>
         <ex>adonc</ex>
         <ex>respons</ex>
         <ex>oiron</ex>
         <ex>conter</ex>
         <ex>nont</ex>
         <ex>respondi</ex>
         <ex>temptationestoient
</ex>
         <ex>trencherons</ex>
         <ex>con</ex>
         <ex>conseil
</ex>
         <ex>meson</ex>
         <ex>meson.</ex>
         <ex>mesonen</ex>
         <ex>son</ex>
         <ex>son</ex>
         <ex>conmen</ex>
         <ex>pissonniaus</ex>
         <ex>puissons</ex>
         <ex>translationdel</ex>
         <ex>translationdel</ex>
         <ex>raconter</ex>
         <ex>aons</ex>
         <ex>monchier</ex>
         <ex>Dont</ex>
         <ex>dont</ex>
         <ex>oroisons</ex>
         <ex>dont</ex>
         <ex>sonaguet.</ex>
         <ex>beneonpuis</ex>
         <ex>puissons</ex>
         <ex>compaignons</ex>
         <ex>Adont</ex>
         <ex>tonbe</ex>
         <ex>monsigneur</ex>
         <ex>nonbre</ex>
         <ex>mona</ex>
         <ex>proions</ex>
         <ex>nonm</ex>
         <ex>monde.</ex>
         <ex>compaignons</ex>
         <ex>dont</ex>
         <ex>otionoste</ex>
         <ex>ethron</ex>
         <ex>monfil</ex>
         <ex>dont</ex>
         <ex>orisons</ex>
         <ex>ironnee</ex>
         <ex>Dont</ex>
         <ex>dont</ex>
         <ex>conpaignie</ex>
         <ex>compaignoni</ex>
         <ex>sonfil
</ex>
         <ex>raconterei</ex>
         <ex>racontes</ex>
         <ex>cont</ex>
         <ex>monfil</ex>
         <ex>non.</ex>
         <ex>orissons</ex>
         <ex>dont</ex>
      </td>
   </tr>
   <tr>
      <td>ŧ</td>
      <td>
         <em>it</em>
         <ex>oitqi</ex>
      </td>
   </tr>
   <tr>
      <td>ʑ</td>
      <td>
         <em>rum</em>
         <ex>celorumnisi</ex>
      </td>
   </tr>
   <tr>
      <td>ͤ</td>
      <td>
         <em>re</em>
         <ex>nostreignor.</ex>
         <ex>nostreires</ex>
         <ex>ostregrant</ex>
         <ex>mestres</ex>
         <ex>nostreignor</ex>
         <ex>demostreen</ex>
         <ex>autres</ex>
         <ex>nostreie</ex>
         <ex>estretoz</ex>
         <ex>mestreqe</ex>
         <ex>oeres</ex>
         <ex>lires</ex>
      </td>
   </tr>
   <tr>
      <td>ᵈ</td>
      <td>
         <em>d</em>
         <ex>ad</ex>
      </td>
   </tr>
   <tr>
      <td>ᷤ</td>
      <td>
         <em>s</em>
         <ex>Jerosmes</ex>
         <ex>osne</ex>
         <ex>noirsespris</ex>
         <ex>fantosmes.</ex>
         <ex>unsdes</ex>
         <ex>forsdel</ex>
         <ex>deablesa</ex>
         <ex>resuscites</ex>
         <ex>sacisos</ex>
         <ex>poissons</ex>
         <ex>poissanz</ex>
         <ex>miracles</ex>
         <ex>miracles</ex>
         <ex>apesiesl</ex>
         <ex>puis</ex>
         <ex>puisfist</ex>
         <ex>seintimese</ex>
         <ex>miraclespluiseurs</ex>
         <ex>icholasfesoient
</ex>
         <ex>pluiseurschoses</ex>
         <ex>puisle</ex>
         <ex>resne</ex>
         <ex>alascha</ex>
         <ex>misne</ex>
         <ex>portes.</ex>
         <ex>fantosmespar</ex>
      </td>
   </tr>
   <tr>
      <td>ṫ</td>
      <td>
         <em>te</em>
         <ex>detere.</ex>
         <ex>tere</ex>
         <ex>terre</ex>
         <ex>terre</ex>
         <ex>terre</ex>
      </td>
      <td>
         <em>ter</em>
         <ex>isiter</ex>
         <ex>terre</ex>
         <ex> terre</ex>
      </td>
      <td>
         <em>té</em>
         <ex>resuscitési</ex>
      </td>
   </tr>
   <tr>
      <td>⁊</td>
      <td>
         <em>Et</em>
         <ex>resplendissant.Ete</ex>
      </td>
      <td>
         <em>Et </em>
         <ex>chosesEt si</ex>
      </td>
      <td>
         <em>et </em>
         <ex>et de</ex>
         <ex>abstinenceet de</ex>
         <ex>ieet li</ex>
         <ex>et d</ex>
         <ex>et les</ex>
         <ex>et en</ex>
         <ex>et en
</ex>
         <ex>et diroient</ex>
         <ex> et a</ex>
         <ex>acreset si
</ex>
         <ex>borgneset aussi</ex>
         <ex>et parla</ex>
         <ex>et der</ex>
         <ex>sitezet molt
</ex>
         <ex>et a</ex>
         <ex>et mis</ex>
         <ex>et uns</ex>
         <ex>enceinteet si
</ex>
         <ex>et ot</ex>
         <ex>enfantet si</ex>
         <ex> et mout</ex>
         <ex>blasmeet tout</ex>
         <ex>et li</ex>
         <ex>et por</ex>
         <ex>et si</ex>
         <ex>et ta</ex>
         <ex>luxureet ex</ex>
         <ex>et si</ex>
         <ex>escondissoitet cil</ex>
         <ex>et de</ex>
         <ex>et sanz</ex>
         <ex>et si</ex>
         <ex>aet a</ex>
         <ex>et si</ex>
         <ex>demandet se</ex>
         <ex>et si</ex>
         <ex> et e</ex>
         <ex>et geterent</ex>
         <ex>et de</ex>
         <ex> et en</ex>
         <ex>et sachiez</ex>
         <ex>deet s</ex>
         <ex>leeet si</ex>
         <ex>et ceste
</ex>
         <ex>homeet dites</ex>
         <ex>erentet la</ex>
         <ex>esqeet si</ex>
         <ex>smeset s</ex>
         <ex>et ala</ex>
         <ex>et la</ex>
         <ex>et en</ex>
         <ex>citet ploroit</ex>
         <ex>et par</ex>
         <ex>et ala</ex>
         <ex>et qant</ex>
         <ex>dedenzet a</ex>
         <ex>citet mout</ex>
         <ex>et d</ex>
         <ex>et de</ex>
         <ex>et les</ex>
         <ex>et dites</ex>
         <ex>et de</ex>
         <ex>seinteet maintint</ex>
         <ex> et la</ex>
         <ex>et son</ex>
         <ex>et honestement
</ex>
         <ex> et a</ex>
         <ex>et reigne</ex>
         <ex>et de</ex>
         <ex>et sages.</ex>
         <ex>et entendre.</ex>
         <ex>et </ex>
         <ex>et latin</ex>
         <ex>diligenceet si</ex>
         <ex>benignementet fu</ex>
         <ex>et fez</ex>
         <ex>et apris
</ex>
         <ex>et doctrinez</ex>
         <ex>et latin</ex>
         <ex>et ebreu
</ex>
         <ex>et araboi</ex>
         <ex>araboiet caldeu</ex>
         <ex>dampneeet estre</ex>
         <ex>et le</ex>
         <ex>latinet aniel</ex>
         <ex>et le</ex>
         <ex>et le
</ex>
         <ex>et de</ex>
         <ex>et mout</ex>
         <ex>et le</ex>
         <ex>et mout</ex>
         <ex>furentet einsint</ex>
         <ex>espoentezet por</ex>
         <ex>herbergieret li</ex>
         <ex>docementet si</ex>
         <ex>et si</ex>
         <ex>et gueri</ex>
         <ex>lonieet si</ex>
         <ex>frereset si</ex>
         <ex>et si</ex>
         <ex>et si</ex>
         <ex>et si</ex>
         <ex>et au</ex>
         <ex>pasteuret en</ex>
         <ex>luiet si</ex>
         <ex>et bons</ex>
         <ex>bienet li
</ex>
         <ex>et endormi</ex>
         <ex>et ensignoit.</ex>
         <ex>pastureet sanz
</ex>
         <ex>et pleinz
</ex>
         <ex>et a</ex>
         <ex>et us</ex>
         <ex>maniereet qu</ex>
         <ex> et li</ex>
         <ex>asneet q</ex>
         <ex>et mengi</ex>
         <ex> et por</ex>
         <ex>et si</ex>
         <ex>et d</ex>
         <ex>asneet si
</ex>
         <ex>oiret si</ex>
         <ex>et tailliez</ex>
         <ex>graceet aloit</ex>
         <ex>ensambleet el</ex>
         <ex>aportoitet atreioit</ex>
         <ex>et fosses</ex>
         <ex>et qarrieres</ex>
         <ex>et ala</ex>
         <ex>et q</ex>
         <ex>eilliezet molt</ex>
         <ex>et de</ex>
         <ex>asneset por</ex>
         <ex>et li</ex>
         <ex>oieet einsint</ex>
         <ex>et il</ex>
         <ex>durementet lors</ex>
         <ex>et hisdeuse.</ex>
         <ex>et si</ex>
         <ex>et cha</ex>
         <ex>et li</ex>
         <ex>et puis</ex>
         <ex>mengieret apr</ex>
         <ex>et fere.</ex>
         <ex>mandaet atornerent</ex>
         <ex>et aai</ex>
         <ex>et doz</ex>
         <ex>et les</ex>
         <ex>orriereset nostre</ex>
         <ex>et atorn</ex>
         <ex>distet anon</ex>
         <ex>et pardon
</ex>
         <ex>et si</ex>
         <ex>et amonesta</ex>
         <ex>et les
</ex>
         <ex>oizet si</ex>
         <ex>et a</ex>
         <ex>respondiet dist</ex>
         <ex>droitureet leide</ex>
         <ex>et misericorde
</ex>
         <ex>et aidier</ex>
         <ex>et doner</ex>
         <ex>et pre</ex>
         <ex>aet si</ex>
         <ex>et otroions</ex>
         <ex>et nostre</ex>
         <ex>et a</ex>
         <ex>et reci</ex>
         <ex>et lor</ex>
         <ex>prononciet la</ex>
         <ex>et d</ex>
         <ex>et d</ex>
         <ex> et si
</ex>
         <ex>et or.</ex>
         <ex>estroiteet a</ex>
         <ex>et ense</ex>
         <ex>et reigne
</ex>
         <ex>et ses</ex>
         <ex>mondeet totes
</ex>
         <ex>lignieet en</ex>
         <ex>et plus</ex>
         <ex>retreireet por</ex>
         <ex>et les</ex>
         <ex>pereet l</ex>
         <ex>homet apr</ex>
         <ex>tierzet qi</ex>
         <ex>et go</ex>
         <ex>lettreset il</ex>
         <ex>mentet por</ex>
         <ex>potet nus</ex>
         <ex>et honestes</ex>
         <ex>et il</ex>
         <ex>et entier</ex>
         <ex>et si</ex>
         <ex>et cone</ex>
         <ex>meriteet de</ex>
         <ex>aqerreet qui</ex>
         <ex>et tra</ex>
         <ex>et q</ex>
         <ex>queroitet il</ex>
         <ex>oet entendi</ex>
         <ex>et conseilla</ex>
         <ex>potet sot</ex>
         <ex>et docement.</ex>
         <ex>desertet qi
</ex>
         <ex>zet leiz</ex>
         <ex>desozet de</ex>
         <ex>solitaireet por</ex>
         <ex>cheailleet le</ex>
         <ex>habitoitet encore</ex>
         <ex>et si</ex>
         <ex>corset li</ex>
         <ex>rocheet il</ex>
         <ex>fereet si</ex>
         <ex>et de</ex>
         <ex>asqueset nostre</ex>
         <ex>et tes</ex>
         <ex>deliceset mes
</ex>
         <ex>prestreset prist</ex>
         <ex>luiet ala</ex>
         <ex>monset par</ex>
         <ex>et par</ex>
         <ex>et si</ex>
         <ex>ignoret por</ex>
         <ex>geuneset por</ex>
         <ex>et est</ex>
         <ex>et a</ex>
         <ex>hanteret a</ex>
         <ex>sosteniret il</ex>
         <ex>et doctri</ex>
         <ex>et li
</ex>
         <ex>tenteet essaie</ex>
         <ex>iaireet si</ex>
         <ex>et tint</ex>
         <ex>et departiz</ex>
         <ex>penseeet une</ex>
         <ex>mereet int</ex>
         <ex>et d</ex>
         <ex>dedenzet si</ex>
         <ex>et retorna</ex>
         <ex>et ortiez</ex>
         <ex>ortiezet qe</ex>
         <ex>et osta</ex>
         <ex>et mua
</ex>
         <ex>et 
</ex>
         <ex>et sa</ex>
         <ex>et de
</ex>
         <ex>et de</ex>
         <ex>et les</ex>
         <ex>et trespassez</ex>
         <ex>et enfo</ex>
         <ex>aet si</ex>
         <ex>et si
</ex>
         <ex>et lor</ex>
         <ex>moutet si</ex>
         <ex>et distrent</ex>
         <ex>chastoieret a</ex>
         <ex>ieet apr</ex>
         <ex>antet il</ex>
         <ex>et ola</ex>
         <ex>pieceset aussint</ex>
         <ex>et sot</ex>
         <ex>docementet si</ex>
         <ex>meurset les</ex>
         <ex>et repe</ex>
         <ex>repairoientet par</ex>
         <ex>arrestoientet desoz</ex>
         <ex>ensigniet doctri</ex>
         <ex>aprendreet por</ex>
         <ex>et ses</ex>
         <ex>et si</ex>
         <ex>et por</ex>
         <ex>filet </ex>
         <ex>et de</ex>
         <ex>et fetes</ex>
         <ex>forset si
</ex>
         <ex>foizet amonesta</ex>
         <ex>contaet dist</ex>
         <ex>et blasma</ex>
         <ex>folieet li
</ex>
         <ex>amenderoitet atant</ex>
         <ex>eet si</ex>
         <ex>et les</ex>
         <ex>apelezet a</ex>
         <ex>moineet </ex>
         <ex>choseet </ex>
         <ex>et estorees</ex>
         <ex>rocheet estoit</ex>
         <ex>et tra</ex>
         <ex>perilet grant</ex>
         <ex>aet si</ex>
         <ex>et penable</ex>
         <ex>et en</ex>
         <ex>et mout</ex>
         <ex>sorentet si</ex>
         <ex>et il</ex>
         <ex>et si</ex>
         <ex>et os</ex>
         <ex>moisteet ausint</ex>
         <ex>eet tantost</ex>
         <ex>et ont</ex>
         <ex>et orties</ex>
         <ex>fereet cil</ex>
         <ex>et a</ex>
         <ex>et des</ex>
         <ex>oiret si</ex>
         <ex>et si</ex>
         <ex>et dist.</ex>
         <ex>eet meintenant</ex>
         <ex>et si</ex>
         <ex>et qi</ex>
         <ex>et assez
</ex>
         <ex>set meintenant</ex>
         <ex>tretet esloigni</ex>
         <ex>et son</ex>
         <ex>et repera</ex>
         <ex>eet il</ex>
         <ex>et espoori</ex>
         <ex> et li
</ex>
         <ex>et fet</ex>
         <ex>et monteplioient</ex>
         <ex>et par
</ex>
         <ex>ieet si</ex>
         <ex>et de</ex>
         <ex>et sa</ex>
         <ex>isitoientet qi</ex>
         <ex>et por</ex>
         <ex>grezet tantost</ex>
         <ex>et la</ex>
         <ex>mengieret si</ex>
         <ex>soloitet </ex>
         <ex> et si</ex>
         <ex>peinet si</ex>
         <ex>et si</ex>
         <ex>correet si</ex>
         <ex>et autre</ex>
         <ex>autreet si</ex>
         <ex>seurementet si</ex>
         <ex>corbiauset </ex>
         <ex>et la</ex>
         <ex>entretendroientet karoleroient
</ex>
         <ex>et oeroient
</ex>
         <ex>et enflameroient</ex>
         <ex>et mist</ex>
         <ex>et freres</ex>
         <ex>et tint
</ex>
         <ex>solieret il</ex>
         <ex>et fondi</ex>
         <ex>et si</ex>
         <ex>et a</ex>
         <ex>choseet qu</ex>
         <ex>et o</ex>
         <ex>et de
</ex>
         <ex>doleet destruist</ex>
         <ex>et a</ex>
         <ex>abatreet en</ex>
         <ex>et la</ex>
         <ex>et a</ex>
         <ex>et por</ex>
         <ex>oitet grant</ex>
         <ex>et por</ex>
         <ex>isionet si</ex>
         <ex>et ses</ex>
         <ex>noiret espris</ex>
         <ex>et li</ex>
         <ex>et entendoient
</ex>
         <ex> et </ex>
         <ex>et le
</ex>
         <ex>et les</ex>
         <ex>et por</ex>
         <ex>semblerentet puis</ex>
         <ex>laet q</ex>
         <ex>et le</ex>
         <ex>orissonet sa</ex>
         <ex>geet eus</ex>
         <ex>et aoree</ex>
         <ex>et enflambez.</ex>
         <ex>esteindreet il</ex>
         <ex>et si</ex>
         <ex>et n</ex>
         <ex>fereet </ex>
         <ex>fesoientet si</ex>
         <ex>et mout</ex>
         <ex>et combrisiez</ex>
         <ex>et morz.</ex>
         <ex>et heitiez</ex>
         <ex>et rala</ex>
         <ex>et mout</ex>
         <ex>femeet si</ex>
         <ex>et si</ex>
         <ex>et dont</ex>
         <ex>et dont
</ex>
         <ex>mengiet la</ex>
         <ex>et le
</ex>
         <ex>piezet si</ex>
         <ex>et regehirent
</ex>
         <ex>et distrent</ex>
         <ex>et si</ex>
         <ex>et sa
</ex>
         <ex>onet por</ex>
         <ex>et l</ex>
         <ex>pret en</ex>
         <ex>et delitable</ex>
         <ex>delitableet tieus</ex>
         <ex>compaignonet si</ex>
         <ex> et la</ex>
         <ex>fonteineet leu</ex>
         <ex>et reposer</ex>
         <ex>fonteineet tant</ex>
         <ex>et sa</ex>
         <ex>oieet si</ex>
         <ex> et comen</ex>
         <ex>et a</ex>
         <ex>coupeet bien</ex>
         <ex>deet q</ex>
         <ex>luiet si</ex>
         <ex>ensuset si</ex>
         <ex>reset atorner</ex>
         <ex>seet si</ex>
         <ex>et ses</ex>
         <ex>et li</ex>
         <ex>et li</ex>
         <ex>aloientet qi</ex>
         <ex>eet ensamble</ex>
         <ex>et il</ex>
         <ex>et sa</ex>
         <ex>et enten</ex>
         <ex>et a</ex>
         <ex>et puis</ex>
         <ex>aprocieret conterent</ex>
         <ex>et cone</ex>
         <ex>ceailleet tantost</ex>
         <ex>et autre</ex>
         <ex>terreet qui
</ex>
         <ex>feteset a</ex>
         <ex>antet si</ex>
         <ex>aet apr</ex>
         <ex> et en</ex>
         <ex>norieet au</ex>
         <ex>et sa
</ex>
         <ex>et entendez</ex>
         <ex> et de
</ex>
         <ex>meret puis</ex>
         <ex>et issi</ex>
         <ex>preudet seinz
</ex>
         <ex>et de</ex>
         <ex>et dist</ex>
         <ex>et ment</ex>
         <ex> et si
</ex>
         <ex>prestreet si</ex>
         <ex>et par</ex>
         <ex>et par</ex>
         <ex>leuset les</ex>
         <ex>et li
</ex>
         <ex>et cont</ex>
         <ex>et religieus</ex>
         <ex>et ses</ex>
         <ex>deableet gueriz</ex>
         <ex>et si</ex>
         <ex>charet si</ex>
         <ex>deableet en
</ex>
         <ex>et heitiez</ex>
         <ex>heitiezet bi</ex>
         <ex>et ceste</ex>
         <ex>oublieeet il</ex>
         <ex>moroientet li
</ex>
         <ex>et esle</ex>
         <ex> et arriere</ex>
         <ex>prestreet tantost</ex>
         <ex>et mout</ex>
         <ex>et si
</ex>
         <ex>antet si</ex>
         <ex>et ceste</ex>
         <ex>et si</ex>
         <ex>et estoree</ex>
         <ex>et totes</ex>
         <ex>paienset a</ex>
         <ex>otroiet qe
</ex>
         <ex>et mi</ex>
         <ex>eet pristr</ex>
         <ex>eret abatirent</ex>
         <ex>et depecierent</ex>
         <ex>perirentet par</ex>
         <ex>nonet puis</ex>
         <ex>et de</ex>
         <ex> et l</ex>
         <ex>fistet ala</ex>
         <ex>barilliauset li</ex>
         <ex>et si</ex>
         <ex>et tu</ex>
         <ex>et res</ex>
         <ex> et ala</ex>
         <ex>et tantost</ex>
         <ex>et grant
</ex>
         <ex>et par</ex>
         <ex>et par</ex>
         <ex>ignoret a</ex>
         <ex>oientet </ex>
         <ex>et amonester</ex>
         <ex>et l</ex>
         <ex>et il</ex>
         <ex>et </ex>
         <ex>et si</ex>
         <ex>et tu</ex>
         <ex>feteet si</ex>
         <ex>espreeet uns
</ex>
         <ex>penseret a</ex>
         <ex>corageet en</ex>
         <ex>gieret cui</ex>
         <ex>et qi</ex>
         <ex>et si</ex>
         <ex>meinet le</ex>
         <ex>iceet qu</ex>
         <ex>penset la</ex>
         <ex>felonieet la</ex>
         <ex>et nissoit</ex>
         <ex>et les</ex>
         <ex>et si</ex>
         <ex>seulementet demein</ex>
         <ex>et la</ex>
         <ex>et en</ex>
         <ex>ignoret par</ex>
         <ex>et sorent</ex>
         <ex>et besoigne.</ex>
         <ex>aet si</ex>
         <ex>et por</ex>
         <ex>iroientet si</ex>
         <ex>et de</ex>
         <ex> et li</ex>
         <ex>et de</ex>
         <ex>enet bien</ex>
         <ex>oset si</ex>
         <ex>et le</ex>
         <ex>gerontet l</ex>
         <ex>reet les</ex>
         <ex>et alerent</ex>
         <ex>et a</ex>
         <ex>diligenseet ce</ex>
         <ex>et au</ex>
         <ex>aussintet si</ex>
         <ex>ensignaet demostra
</ex>
         <ex>et establir</ex>
         <ex>et li</ex>
         <ex>ditet molt</ex>
         <ex>et si</ex>
         <ex>et demostrasses</ex>
         <ex>et ou
</ex>
         <ex>et dis</ex>
         <ex>dormantet de</ex>
         <ex>et ensignai</ex>
         <ex>et si</ex>
         <ex>reet orde</ex>
         <ex>et de</ex>
         <ex>celeeet ses</ex>
         <ex>et en</ex>
         <ex>et ceste
</ex>
         <ex> et si</ex>
         <ex>et dist</ex>
         <ex>honteet grant</ex>
         <ex>et amendez</ex>
         <ex>et si</ex>
         <ex>et aloient</ex>
         <ex>et lor
</ex>
         <ex>et lor</ex>
         <ex>et si</ex>
         <ex>blieeet si</ex>
         <ex>et si</ex>
         <ex>ceet si</ex>
         <ex>estoientet ce</ex>
         <ex>et sa</ex>
         <ex> et sanz
</ex>
         <ex>et sa
</ex>
         <ex>et issi</ex>
         <ex>et la</ex>
         <ex>et si</ex>
         <ex>et distr</ex>
         <ex>et si</ex>
         <ex>et sacree</ex>
         <ex>et si</ex>
         <ex>erenceet puis</ex>
         <ex>pereset la
</ex>
         <ex>et entendre</ex>
         <ex>et amonestoit</ex>
         <ex>et de</ex>
         <ex>et tenist
</ex>
         <ex>homeet tantost</ex>
         <ex>et ocirre</ex>
         <ex>eet il</ex>
         <ex>contoitet disoit</ex>
         <ex> et si</ex>
         <ex>eet si</ex>
         <ex>et si</ex>
         <ex>et 
</ex>
         <ex>costumeet cil</ex>
         <ex>et si</ex>
         <ex>et les</ex>
         <ex>et oians
</ex>
         <ex>durementet tant</ex>
         <ex>et or</ex>
         <ex>et nuit</ex>
         <ex>tozet de</ex>
         <ex>et dona</ex>
         <ex>net si</ex>
         <ex>uileet c</ex>
         <ex>et a</ex>
         <ex>obedienceset lors</ex>
         <ex>et droiture.</ex>
         <ex>et cil</ex>
         <ex>et blasmez</ex>
         <ex>croissoitet tant</ex>
         <ex>et li</ex>
         <ex>et de</ex>
         <ex>et amonesta</ex>
         <ex>et humilit</ex>
         <ex> et si</ex>
         <ex>et si</ex>
         <ex>et estoree.</ex>
         <ex>et si</ex>
         <ex>et mout</ex>
         <ex>corset lors</ex>
         <ex>oeeet a</ex>
         <ex>et de
</ex>
         <ex>roiet en</ex>
         <ex>et si</ex>
         <ex>et pleins
</ex>
         <ex>durementet a</ex>
         <ex>et a</ex>
         <ex>et ses</ex>
         <ex>et si</ex>
         <ex>et ensignast.</ex>
         <ex>et li</ex>
         <ex>aleret </ex>
         <ex>et rece</ex>
         <ex>et puis</ex>
         <ex>et a</ex>
         <ex>et a</ex>
         <ex>cruiautet sa</ex>
         <ex>eoiret sa</ex>
         <ex>et en</ex>
         <ex>olentet par
</ex>
         <ex>et qi</ex>
         <ex>et par</ex>
         <ex> et par</ex>
         <ex>et par</ex>
         <ex>eet la</ex>
         <ex>et demenoit</ex>
         <ex>et a</ex>
         <ex>et si</ex>
         <ex>et si</ex>
         <ex>et dist</ex>
         <ex>et coucha</ex>
         <ex>et </ex>
         <ex>resusciet si</ex>
         <ex>oret par</ex>
         <ex>et heiti</ex>
         <ex> et i</ex>
         <ex>et atornee</ex>
         <ex>et otro</ex>
         <ex>irginitet por</ex>
         <ex>noneet a</ex>
         <ex>liezet qi</ex>
         <ex>porteet parloit
</ex>
         <ex>liet la</ex>
         <ex>et mostroit
</ex>
         <ex>costumeet  </ex>
         <ex>liet ne</ex>
         <ex>ensembleet parlerent
</ex>
         <ex>et si</ex>
         <ex>et dist</ex>
         <ex>et si</ex>
         <ex>et la</ex>
         <ex>et si</ex>
         <ex>et puis</ex>
         <ex>et rele</ex>
         <ex>et espart</ex>
         <ex>et si
</ex>
         <ex>enteret une</ex>
         <ex>et tou</ex>
         <ex>et esparti.</ex>
         <ex> et q</ex>
         <ex>aet si</ex>
         <ex> et tu</ex>
         <ex>et il</ex>
         <ex>oet entendi.</ex>
         <ex>et si</ex>
         <ex>refirentet saoulerent
</ex>
         <ex>et esclarciz.</ex>
         <ex>ceailleet </ex>
         <ex>et li</ex>
         <ex>et si</ex>
         <ex>et loenges</ex>
         <ex>et non</ex>
         <ex> et si</ex>
         <ex>et d</ex>
         <ex>iseet sanz</ex>
         <ex> et isi</ex>
         <ex>et por</ex>
         <ex>et de</ex>
         <ex>leuet li</ex>
         <ex>et lor</ex>
         <ex>mienuitet li</ex>
         <ex>et dist</ex>
         <ex>et au</ex>
         <ex>et tierce</ex>
         <ex>lumiereet de</ex>
         <ex>et esmer</ex>
         <ex>clartet l</ex>
         <ex>et mis</ex>
         <ex>et enquist</ex>
         <ex>et dist</ex>
         <ex>eritet la
</ex>
         <ex>et retreire</ex>
         <ex>et a</ex>
         <ex>et escrist</ex>
         <ex>et qu</ex>
         <ex>et tant
</ex>
         <ex>et non</ex>
         <ex>esqiet ses</ex>
         <ex>fezet tout</ex>
         <ex>ilet dist</ex>
         <ex>et a</ex>
         <ex>et a</ex>
         <ex>ilet re</ex>
         <ex>estoientet il</ex>
         <ex>ceailleet li</ex>
         <ex>et resplendissanz</ex>
         <ex>ceailleet des
</ex>
         <ex>et mout</ex>
         <ex>antet si</ex>
         <ex>et edefiee</ex>
         <ex>et si</ex>
         <ex>et fet
</ex>
         <ex>et regne</ex>
         <ex>morset al</ex>
         <ex>et par</ex>
         <ex>auset par</ex>
         <ex>et par</ex>
         <ex>et nuit</ex>
         <ex>lasseeet la</ex>
         <ex>et aloit</ex>
         <ex>et fu</ex>
         <ex>et toute</ex>
         <ex>tenueet re</ex>
         <ex>ieet loa</ex>
         <ex>et gracia</ex>
         <ex>ignoret seint</ex>
         <ex> et entendu</ex>
         <ex>dolenteset esgarees</ex>
         <ex>et cria
</ex>
         <ex>et regne</ex>
         <ex>echoitet en</ex>
         <ex>armeset si</ex>
         <ex>et de</ex>
         <ex>nonet sa</ex>
         <ex>et uns</ex>
         <ex>et li</ex>
         <ex>et disoit</ex>
         <ex>celoet nisi</ex>
         <ex>aproismeet qi</ex>
         <ex>et del
</ex>
         <ex>et mout</ex>
         <ex>et ses</ex>
         <ex>et la</ex>
         <ex>ignoret si</ex>
         <ex>et ensignoit</ex>
         <ex>et sa
</ex>
         <ex>et </ex>
         <ex>doctrineet 
</ex>
         <ex>et </ex>
         <ex>et pluiseurs</ex>
         <ex>proceinset par</ex>
         <ex>et fere.</ex>
         <ex>et la</ex>
         <ex>comsomeeet q</ex>
         <ex>decipleset q</ex>
         <ex>et lor</ex>
         <ex>oet pluiseurs</ex>
         <ex>et de</ex>
         <ex>et essia</ex>
         <ex>et dras</ex>
         <ex>formeet il</ex>
         <ex>distet il</ex>
         <ex>rostiet une</ex>
         <ex>et si</ex>
         <ex>et si</ex>
         <ex>ignoret par</ex>
         <ex>et preeschant</ex>
         <ex>preeschantet si</ex>
         <ex>et del</ex>
         <ex>et del</ex>
         <ex>speritet si</ex>
         <ex>et de</ex>
         <ex>speritet a</ex>
         <ex>et il</ex>
         <ex>et si</ex>
         <ex>pleset ensamble</ex>
         <ex>et en</ex>
         <ex>et par</ex>
         <ex>et par</ex>
         <ex>feuet si</ex>
         <ex>et doctrinez
</ex>
         <ex>languageset si</ex>
         <ex>et il</ex>
         <ex>et anoncier
</ex>
         <ex>apostreset qi</ex>
         <ex> et pluseurs</ex>
         <ex>et preechant</ex>
         <ex>et le</ex>
         <ex>cieuset preechant</ex>
         <ex>et disant</ex>
         <ex>et ﻿</ex>
         <ex>predicationset faisoient</ex>
         <ex>et li
</ex>
         <ex>et ses</ex>
         <ex>det q</ex>
         <ex>et a</ex>
         <ex>creanceet mis</ex>
         <ex>et prestres</ex>
         <ex>et autre
</ex>
         <ex>et ne</ex>
         <ex>et ne</ex>
         <ex>eet sa</ex>
         <ex>et molt
</ex>
         <ex>et an</ex>
         <ex>et distrent</ex>
         <ex>aeurentet si</ex>
         <ex>et cone</ex>
         <ex>personeset si</ex>
         <ex>et il
</ex>
         <ex>aoroientet si</ex>
         <ex>parmenableet si</ex>
         <ex>et nule</ex>
         <ex>conforteret si</ex>
         <ex>et dist</ex>
         <ex>et baptizatus
</ex>
         <ex>eritet  </ex>
         <ex>et anon</ex>
         <ex>et baptiziez</ex>
         <ex>et qi</ex>
         <ex>ignoret por</ex>
         <ex>et de</ex>
         <ex>et a</ex>
         <ex>et dire</ex>
         <ex>et sires</ex>
         <ex>et tote</ex>
         <ex>et si</ex>
         <ex>et en</ex>
         <ex>et abandone</ex>
         <ex>et amenistre</ex>
         <ex>et deguerpiz</ex>
         <ex>dit et en</ex>
         <ex>et li</ex>
         <ex>et parti</ex>
         <ex>et ne</ex>
         <ex>et si</ex>
         <ex>et tantost</ex>
         <ex>atoucheet e</ex>
         <ex>ignoret il</ex>
         <ex>dormiret si</ex>
         <ex>et les</ex>
         <ex>et froides</ex>
         <ex>eret si</ex>
         <ex>et qe</ex>
         <ex>tet semant</ex>
         <ex>et a</ex>
         <ex>et refet</ex>
         <ex>estoitet der</ex>
         <ex>et forsenee
</ex>
         <ex>et a</ex>
         <ex>et tormentent</ex>
         <ex>seleet qe</ex>
         <ex>et si</ex>
         <ex>et seine.</ex>
         <ex>esteset qi</ex>
         <ex>et benignitez</ex>
         <ex>benignitezet misericorde 
</ex>
         <ex>et douceur</ex>
         <ex>et grant</ex>
         <ex>humilitet assidueus</ex>
         <ex>et comanda</ex>
         <ex>et de</ex>
         <ex>et estrangla</ex>
         <ex>et la</ex>
         <ex>et tuit</ex>
         <ex>et si</ex>
         <ex>et a</ex>
         <ex>et si</ex>
         <ex>et si</ex>
         <ex>et par</ex>
         <ex>et si</ex>
         <ex>et pou</ex>
         <ex>et par</ex>
         <ex>et au</ex>
         <ex>et si</ex>
         <ex>et rac</ex>
         <ex>enfeset qant</ex>
         <ex>homeet puis</ex>
         <ex>et a</ex>
         <ex>et si</ex>
         <ex>et rege</ex>
         <ex>emportoientet si</ex>
         <ex>oieet a</ex>
         <ex>doceuret teniebres</ex>
         <ex>et pleignement</ex>
         <ex>et criees</ex>
         <ex>crieeset granz</ex>
         <ex>et tristreces</ex>
         <ex>tristreceset froidures
</ex>
         <ex>desmesureeset chaleurs</ex>
         <ex>et grant</ex>
         <ex>faillentet morsures</ex>
         <ex>serpenzet si</ex>
         <ex>et misere</ex>
         <ex>misereet l</ex>
         <ex>lezet hisdeus</ex>
         <ex>et d</ex>
         <ex>zet par</ex>
         <ex>et autres</ex>
         <ex>et a</ex>
         <ex>et annonce</ex>
         <ex>et cenz</ex>
         <ex>donset de</ex>
         <ex>et lor
</ex>
         <ex>et detruist</ex>
         <ex>et d</ex>
         <ex>genzet si</ex>
         <ex>et del</ex>
         <ex>et de</ex>
         <ex>et ceus</ex>
         <ex>et si</ex>
         <ex>ignoret si</ex>
         <ex>meinset trest</ex>
         <ex>et qu</ex>
         <ex>et alerent
</ex>
         <ex>noset por</ex>
         <ex>et si</ex>
         <ex>et usticent.</ex>
         <ex>laet alerent</ex>
         <ex>piezet si</ex>
         <ex>et de</ex>
         <ex>et as</ex>
         <ex>et de</ex>
         <ex>et cens</ex>
         <ex>et a</ex>
         <ex>et </ex>
         <ex>et d</ex>
         <ex>et de</ex>
         <ex>homeet si</ex>
         <ex>ignoret puis</ex>
         <ex>et fu</ex>
         <ex>et gloi</ex>
         <ex>et rendi</ex>
         <ex>dotanceet bien</ex>
         <ex>toiet la</ex>
         <ex>et essaucerai.</ex>
         <ex>diteet puis</ex>
         <ex>euset si</ex>
         <ex>et go</ex>
         <ex>et si</ex>
         <ex>nonet cele</ex>
         <ex>ignoret a</ex>
         <ex>et liiez</ex>
         <ex>et it</ex>
         <ex>et creance</ex>
         <ex>et son</ex>
         <ex>et le
</ex>
         <ex>et cil</ex>
         <ex>et sanez</ex>
         <ex>sanezet re</ex>
         <ex>et si</ex>
         <ex> et li</ex>
         <ex>et sa
</ex>
         <ex>et si</ex>
         <ex>et l</ex>
         <ex> et si</ex>
         <ex>et anoncier</ex>
         <ex>tet baptirent</ex>
         <ex>cruelmentet puis
</ex>
         <ex>et si</ex>
         <ex> et lumiere</ex>
         <ex>derrompirentet li</ex>
         <ex>rentet tuit</ex>
         <ex>et granz</ex>
         <ex>et effoudre</ex>
         <ex>et tonoire</ex>
         <ex>tonoireet esparz
</ex>
         <ex> et a</ex>
         <ex>et ferirent</ex>
         <ex> et ses</ex>
         <ex>et si</ex>
         <ex>et si</ex>
         <ex>crucefierentet au
</ex>
         <ex>ezet a</ex>
         <ex>et ensigniez</ex>
         <ex>tantet puis
</ex>
         <ex>et si</ex>
         <ex>et meesme</ex>
         <ex>et li</ex>
         <ex>et a</ex>
         <ex>et anonce.</ex>
         <ex>et la</ex>
         <ex>granzet petiz</ex>
         <ex>assemblassentet eus</ex>
         <ex>et mos</ex>
         <ex>et del</ex>
         <ex>et del</ex>
         <ex> et de</ex>
         <ex>et de</ex>
         <ex>et de</ex>
         <ex>et destrui</ex>
         <ex>reet le</ex>
         <ex>et abatre.</ex>
         <ex>eet ense</ex>
         <ex>et l</ex>
         <ex>et entendez</ex>
         <ex>et d</ex>
         <ex>et de</ex>
         <ex>et de</ex>
         <ex>igneset si</ex>
         <ex>luiet dist</ex>
         <ex>et uree
</ex>
         <ex>et tote</ex>
         <ex>et si</ex>
         <ex>meret tenoit</ex>
         <ex>et de</ex>
         <ex>et de</ex>
         <ex>det a</ex>
         <ex>alet d</ex>
         <ex>et por</ex>
         <ex>paroleset si</ex>
         <ex>et or</ex>
         <ex>et en</ex>
         <ex>et en</ex>
         <ex>neset bien</ex>
         <ex>cueret de</ex>
         <ex>et serroit</ex>
         <ex>et donast
</ex>
         <ex>cielet si</ex>
         <ex> et si</ex>
         <ex>et q</ex>
         <ex>et d</ex>
         <ex>et de</ex>
         <ex>et de</ex>
         <ex>et dona</ex>
         <ex>et pro</ex>
         <ex>et par
</ex>
         <ex>et molt
</ex>
         <ex>ireet si</ex>
         <ex>et decolee.</ex>
         <ex>et si</ex>
         <ex>graceet si</ex>
         <ex>breet qe</ex>
         <ex>et dese</ex>
         <ex>et si</ex>
         <ex>et cil</ex>
         <ex>et arrazin</ex>
         <ex>soleilet si</ex>
         <ex>et tout</ex>
         <ex>et disant</ex>
         <ex>ignoret tu</ex>
         <ex>ducet si</ex>
         <ex>et conta</ex>
         <ex>et e</ex>
         <ex>pooret tuit</ex>
         <ex>et qi</ex>
         <ex>heireet si</ex>
         <ex>piezet si</ex>
         <ex>escuieret si</ex>
         <ex>crestienset si</ex>
         <ex>et si</ex>
         <ex>exet sires</ex>
         <ex>et si
</ex>
         <ex>et qi</ex>
         <ex>et si</ex>
         <ex>et si</ex>
         <ex>pardonet indulgense.</ex>
         <ex>deet si</ex>
         <ex>pardonet remission</ex>
         <ex>et des</ex>
         <ex>et toz</ex>
         <ex>et ses</ex>
         <ex>et totes</ex>
         <ex>et toz</ex>
         <ex>et femes</ex>
         <ex>et d</ex>
         <ex>euet chastiaus
</ex>
         <ex>et ignes</ex>
         <ex>igneset terres</ex>
         <ex>terreset quanq</ex>
         <ex>et por</ex>
         <ex>et si</ex>
         <ex>herbergieret por</ex>
         <ex>reet si</ex>
         <ex>et trametoit</ex>
         <ex>et si</ex>
         <ex>et comandoit</ex>
         <ex>et d</ex>
         <ex>proieet si</ex>
         <ex>et le</ex>
         <ex>et sa
</ex>
         <ex>et comand</ex>
         <ex>et puis
</ex>
         <ex>deet creoient</ex>
         <ex>preechoitet anon</ex>
         <ex>et la</ex>
         <ex>et tuit</ex>
         <ex>luiet si</ex>
         <ex>et si</ex>
         <ex>et de
</ex>
         <ex>et si</ex>
         <ex>foiet de</ex>
         <ex>ignoret bap</ex>
         <ex> et rendi</ex>
         <ex>et ses</ex>
         <ex>et lontaignes</ex>
         <ex>lontaigneset si</ex>
         <ex>et por</ex>
         <ex>et mis</ex>
         <ex>prissonet batuz</ex>
         <ex>et route.</ex>
         <ex>et ta</ex>
         <ex>et quanq</ex>
         <ex>et pardon</ex>
         <ex>pardonet q</ex>
         <ex>et les
</ex>
         <ex> et misericorde</ex>
         <ex>apostreet toz
</ex>
         <ex>et se</ex>
         <ex>et li</ex>
         <ex>periuset par</ex>
         <ex>et si</ex>
         <ex>clerementet alerent</ex>
         <ex>et lor
</ex>
         <ex>et desme</ex>
         <ex>tet tant</ex>
         <ex>fosseet la</ex>
         <ex>et c</ex>
         <ex>et princes</ex>
         <ex>forset autres</ex>
         <ex>et en</ex>
         <ex>ducet ala</ex>
         <ex>deet molt
</ex>
         <ex>terreset assamblees</ex>
         <ex>ooientet molt
</ex>
         <ex>et de</ex>
         <ex>et de</ex>
         <ex>oloientet estre
</ex>
         <ex>ploroitet a</ex>
         <ex> et tuit</ex>
         <ex>et tuit</ex>
         <ex>fereet me</ex>
         <ex>et tuit</ex>
         <ex>deschauzet en</ex>
         <ex>et il</ex>
         <ex>et esgarder.</ex>
         <ex>terreet li</ex>
         <ex>et esgarder</ex>
         <ex>et si</ex>
         <ex>et esgarder.</ex>
         <ex>et si</ex>
         <ex>opienset lez
</ex>
         <ex>et hisdeus</ex>
         <ex>et si</ex>
         <ex>et desmesurez</ex>
         <ex>desmesurezet iols</ex>
         <ex>et d</ex>
         <ex>et cornues
</ex>
         <ex>issoientet si</ex>
         <ex>et grosses</ex>
         <ex>oientet par</ex>
         <ex>grandeset lees</ex>
         <ex>et si</ex>
         <ex>et par</ex>
         <ex>et si</ex>
         <ex>et si</ex>
         <ex>fosseet si</ex>
         <ex>et ire
</ex>
         <ex>et male</ex>
         <ex> et si</ex>
         <ex>et en</ex>
         <ex>oleet ou</ex>
         <ex>abiteet la</ex>
         <ex>et toz</ex>
         <ex>et fe</ex>
         <ex>et par</ex>
         <ex>et si</ex>
         <ex>eset si</ex>
         <ex>et heitez</ex>
         <ex>ieet parla</ex>
         <ex>et gloirefierent.</ex>
         <ex>et toz</ex>
         <ex>et a</ex>
         <ex>et conte</ex>
         <ex>et noierent.</ex>
         <ex>et si</ex>
         <ex>et torbes
</ex>
         <ex>et l</ex>
         <ex>derriereset si</ex>
         <ex>espoentezet li
</ex>
         <ex>deffenderreset q</ex>
         <ex>docementet si</ex>
         <ex>et omnia</ex>
         <ex>et douter.</ex>
         <ex>et si</ex>
         <ex>deet saces</ex>
         <ex>et des</ex>
         <ex>dureeet par</ex>
         <ex>arresteret puis</ex>
         <ex>deet de</ex>
         <ex>et a</ex>
         <ex>et repeire</ex>
         <ex>corset si</ex>
         <ex>et si</ex>
         <ex>et molt</ex>
         <ex>et si</ex>
         <ex>et go</ex>
         <ex>et dis</ex>
         <ex>et dist</ex>
         <ex>et a</ex>
         <ex>et est</ex>
         <ex>mortet angeles</ex>
         <ex>deableet qi</ex>
         <ex>et de</ex>
         <ex>misereset si</ex>
         <ex>estet si</ex>
         <ex>et si
</ex>
         <ex>genzet ne</ex>
         <ex>et deguer</ex>
         <ex>et li</ex>
         <ex>et toz</ex>
         <ex>resusciteret qi</ex>
         <ex>et loenges</ex>
         <ex>demostreret bene</ex>
         <ex>et gloirefierent.</ex>
         <ex>otionet toz</ex>
         <ex>et lor</ex>
         <ex>ignoret li</ex>
         <ex>entoret si</ex>
         <ex>et d</ex>
         <ex>eet tieus
</ex>
         <ex>iandeet si</ex>
         <ex>et en</ex>
         <ex>et en</ex>
         <ex>reset qanc</ex>
         <ex>et a</ex>
         <ex>angileet les</ex>
         <ex>et mout</ex>
         <ex>reset lor</ex>
         <ex>encelet par</ex>
         <ex>et mistrent</ex>
         <ex>neet tout
</ex>
         <ex>estoientet si</ex>
         <ex>et abatissent</ex>
         <ex>et lor</ex>
         <ex>et lor</ex>
         <ex>arsissentet si</ex>
         <ex>et aorassent
</ex>
         <ex>et toz
</ex>
         <ex>et bene</ex>
         <ex>et en</ex>
         <ex>et son</ex>
         <ex>et dit</ex>
         <ex>meret tout
</ex>
         <ex>et tote
</ex>
         <ex>et tout</ex>
         <ex> et  </ex>
         <ex> et </ex>
         <ex>et la</ex>
         <ex>et longue</ex>
         <ex>longueet lee</ex>
         <ex>et deguerpissent</ex>
         <ex>loiset arsissent
</ex>
         <ex>et destruisis</ex>
         <ex>et lor
</ex>
         <ex>inet de</ex>
         <ex>et fai</ex>
         <ex>menableet encore</ex>
         <ex>et li</ex>
         <ex>et tristrece.</ex>
         <ex>et autrui</ex>
         <ex>et mat</ex>
         <ex>et paine.</ex>
         <ex>dolenset las</ex>
         <ex>et de</ex>
         <ex>estoitet si
</ex>
         <ex>et secoroit</ex>
         <ex>secoroitet les</ex>
         <ex>estrangeset les</ex>
         <ex>et les
</ex>
         <ex>orpheninset bien</ex>
         <ex>fistet dist</ex>
         <ex>uchementet qi</ex>
         <ex>et as</ex>
         <ex>et re</ex>
         <ex>esqeet mout</ex>
         <ex>et mout</ex>
         <ex>et en</ex>
         <ex>et entendoit</ex>
         <ex>homeet puis</ex>
         <ex>et a</ex>
         <ex>crestienset crueus</ex>
         <ex>et de</ex>
         <ex>et poestis</ex>
         <ex>et dire
</ex>
         <ex>et les</ex>
         <ex>dreset fere
</ex>
         <ex> et dit</ex>
         <ex>guerieset pluiseurs</ex>
         <ex>femeet si</ex>
         <ex>languereuset resuscite</ex>
         <ex>et par</ex>
         <ex>conseilet si</ex>
         <ex>oret argent</ex>
         <ex>comandet ala</ex>
         <ex>et si</ex>
         <ex>et ta</ex>
         <ex>et tesmoignes</ex>
         <ex>sostenueset resuscites</ex>
         <ex>et conte
</ex>
         <ex>et de</ex>
         <ex>comandementet q</ex>
         <ex>et tote</ex>
         <ex>et regenerez</ex>
         <ex>dameet la</ex>
         <ex>et si</ex>
         <ex>et la</ex>
         <ex>et si</ex>
         <ex>rriereet qant</ex>
         <ex>mariet tantost</ex>
         <ex>et l</ex>
         <ex>baptizieet li</ex>
         <ex>et establi</ex>
         <ex>fioientet la</ex>
         <ex>et formee</ex>
         <ex>et donoit
</ex>
         <ex> et l</ex>
         <ex>et en</ex>
         <ex>upiteret toz</ex>
         <ex>et por</ex>
         <ex>et les</ex>
         <ex>et si</ex>
         <ex>et nos</ex>
         <ex>mageset si</ex>
         <ex>et terre.</ex>
         <ex>et si</ex>
         <ex>puissanzet si</ex>
         <ex>autreet o</ex>
         <ex>orissonset en</ex>
         <ex>citet tuit</ex>
         <ex>et li</ex>
         <ex>encontreet si</ex>
         <ex>et depechier</ex>
         <ex>et si</ex>
         <ex>et failliz</ex>
         <ex>et furent</ex>
         <ex>citet grant
</ex>
         <ex>et granz</ex>
         <ex>luiet alerent</ex>
         <ex>et a</ex>
         <ex>et reco</ex>
         <ex>et lui</ex>
         <ex>et sa</ex>
         <ex>compaignieet esqui</ex>
         <ex>et de</ex>
         <ex>et si</ex>
         <ex>et fondre.</ex>
         <ex>et lor</ex>
         <ex>oirset s</ex>
         <ex>et religieuse</ex>
         <ex>et si</ex>
         <ex>preesceet annonce</ex>
         <ex>perilet si</ex>
         <ex>et assambl</ex>
         <ex>deet liiez</ex>
         <ex>chaeneset lor</ex>
         <ex>contet mout</ex>
         <ex>maniereet si
</ex>
         <ex>et par</ex>
         <ex>et form</ex>
         <ex>santet si</ex>
         <ex>nonet a</ex>
         <ex>et loenges.</ex>
         <ex>et si</ex>
         <ex>creatureet la</ex>
         <ex>et sanc
</ex>
         <ex>et escume</ex>
         <ex>et de</ex>
         <ex>et de</ex>
         <ex>alierset fist</ex>
         <ex>et de</ex>
         <ex>et granz</ex>
         <ex>et desirroit
</ex>
         <ex>paroleset sa</ex>
         <ex>et alassent</ex>
         <ex>maniereset apr</ex>
         <ex>entrerentet mencierent
</ex>
         <ex>et pesible.</ex>
         <ex>contesseet pluiseurs</ex>
         <ex>repairierentet si</ex>
         <ex>palagreet cou</ex>
         <ex>sierentet la</ex>
         <ex>terreet la</ex>
         <ex>et la</ex>
         <ex>ignoret la</ex>
         <ex>enueet cil</ex>
         <ex>et haiti</ex>
         <ex>et a</ex>
         <ex>serset a</ex>
         <ex>aet li</ex>
         <ex>et mout</ex>
         <ex>et aornee</ex>
         <ex>et sacra﻿</ex>
         <ex> et cele</ex>
         <ex>et de</ex>
         <ex>luiet si</ex>
         <ex>et si</ex>
         <ex>oieset si</ex>
         <ex>et conoistre.</ex>
         <ex>mageet fu</ex>
         <ex>et hisdeus.</ex>
         <ex>noirset tresq</ex>
         <ex>et par</ex>
         <ex>et par</ex>
         <ex>ardanzet puans
</ex>
         <ex>et si</ex>
         <ex>eoiret esgarder</ex>
         <ex>et si</ex>
         <ex>ditet puis</ex>
         <ex>abiteet la</ex>
         <ex>et frois</ex>
         <ex>homeet fist</ex>
         <ex>et ce</ex>
         <ex>et sanez.</ex>
         <ex>tet tuit</ex>
         <ex>et cele</ex>
         <ex>et de</ex>
         <ex> et de</ex>
         <ex>oret si</ex>
         <ex>et lampes</ex>
         <ex>et son</ex>
         <ex>et de</ex>
         <ex>euseset de</ex>
         <ex>oret nuit</ex>
         <ex>et chandelabres</ex>
         <ex>oret une</ex>
         <ex>et l</ex>
         <ex>feteset consomees</ex>
         <ex> et si</ex>
         <ex>et sacrons
</ex>
         <ex>et de</ex>
         <ex>et de</ex>
         <ex>et de</ex>
         <ex>et ins</ex>
         <ex>et bues</ex>
         <ex>et aches</ex>
         <ex>acheset oleilles
</ex>
         <ex>et enoisons</ex>
         <ex>et tr</ex>
         <ex>et pa</ex>
         <ex>citet qe</ex>
         <ex>et poest</ex>
         <ex>et heiti</ex>
         <ex>et a</ex>
         <ex> et ses</ex>
         <ex>et assamblees</ex>
         <ex>apelaet si
</ex>
         <ex>liezet si</ex>
         <ex>et si</ex>
         <ex>et de</ex>
         <ex>et ses</ex>
         <ex>et de</ex>
         <ex>et cuens
</ex>
         <ex> et el</ex>
         <ex>et bele
</ex>
         <ex>et haute</ex>
         <ex>senzet plein</ex>
         <ex>et de
</ex>
         <ex>et chas</ex>
         <ex>et feire.</ex>
         <ex>et si</ex>
         <ex>et li
</ex>
         <ex>et si</ex>
         <ex>et sa</ex>
         <ex>et gracierent</ex>
         <ex>gracierentet toz</ex>
         <ex>et en</ex>
         <ex>signorieet qe</ex>
         <ex>et le</ex>
         <ex>et costume</ex>
         <ex>costumeet li</ex>
         <ex>et clers</ex>
         <ex>mortet si</ex>
         <ex>et feire</ex>
         <ex>esqeset autres</ex>
         <ex>tet fussent</ex>
         <ex>et en</ex>
         <ex>et establi</ex>
         <ex>et por</ex>
         <ex>et les</ex>
         <ex>estoientet si</ex>
         <ex>et estemenz.</ex>
         <ex>et si
</ex>
         <ex>et fet
</ex>
         <ex>et ce</ex>
         <ex>et assembler</ex>
         <ex>sermoneret lor</ex>
         <ex>ignoret lor
</ex>
         <ex>et si</ex>
         <ex>graceet si
</ex>
         <ex>homet qant</ex>
         <ex>et li</ex>
         <ex>et li</ex>
         <ex>et regne</ex>
         <ex>et estoient</ex>
         <ex>et en
</ex>
         <ex>elleset en</ex>
         <ex>reset eunoient
</ex>
         <ex>espreet adonc</ex>
         <ex>et e</ex>
         <ex>et orde</ex>
         <ex>deet 
</ex>
         <ex>et par</ex>
         <ex>et ﻿</ex>
         <ex>deet fist</ex>
         <ex>eglisseset atorna
</ex>
         <ex>et entendement</ex>
         <ex>ignoret a</ex>
         <ex> et par</ex>
         <ex>det par</ex>
         <ex>et si</ex>
         <ex>et lor</ex>
         <ex>doctrineet sermonez</ex>
         <ex>et pree</ex>
         <ex>direet lor</ex>
         <ex>angileet sa</ex>
         <ex>et a</ex>
         <ex>paroleset les
</ex>
         <ex>et re</ex>
         <ex>ieet pluiseurs</ex>
         <ex>et e</ex>
         <ex>baptesmeet puis</ex>
         <ex>et de</ex>
         <ex>et taire.</ex>
         <ex>et par</ex>
         <ex>et molt</ex>
         <ex>et mes</ex>
         <ex>iret a</ex>
         <ex>promiseet a</ex>
         <ex>et aiment.</ex>
         <ex>toiet si</ex>
         <ex>et ensamble</ex>
         <ex>et les</ex>
         <ex>rset ensamble</ex>
         <ex>irgeset de</ex>
         <ex>frereset serras</ex>
         <ex>et par</ex>
         <ex>ireset li</ex>
         <ex>et dist</ex>
         <ex>ieet qe</ex>
         <ex>puepleet un</ex>
         <ex>et autre</ex>
         <ex>et assemblassent</ex>
         <ex>onet absolution</ex>
         <ex>oet les</ex>
         <ex>foiet tornez
</ex>
         <ex>et sa</ex>
         <ex>det oite</ex>
         <ex>et cil</ex>
         <ex>et cil</ex>
         <ex>delet les</ex>
         <ex>et en
</ex>
         <ex>et rendoit
</ex>
         <ex>et loenges</ex>
         <ex>ceet puis</ex>
         <ex>et por
</ex>
         <ex>et a</ex>
         <ex>creanceet puis</ex>
         <ex>espreet lors</ex>
         <ex>et e</ex>
         <ex>doctrinastet enseignast</ex>
         <ex>ieet lors</ex>
         <ex>et a</ex>
         <ex>et ao</ex>
         <ex>et coment</ex>
         <ex>orzet coment</ex>
         <ex>et ensigniez.</ex>
         <ex>et garde.</ex>
         <ex>et chastem</ex>
         <ex>tet qe</ex>
         <ex>ucheoret si</ex>
         <ex>et desfaillies</ex>
         <ex>fianceet doit</ex>
         <ex>et del</ex>
         <ex>et del
</ex>
         <ex>et d</ex>
         <ex>espreet dont</ex>
         <ex>graceet si</ex>
         <ex>et bene</ex>
         <ex>et ait</ex>
         <ex>oset os</ex>
         <ex>reet qi</ex>
         <ex>et qi</ex>
         <ex>et si
</ex>
         <ex>et or</ex>
         <ex>et erais
</ex>
         <ex>et garde</ex>
         <ex>et ires</ex>
         <ex>et la</ex>
         <ex>establieet faite</ex>
         <ex>et tendi</ex>
         <ex>cielet fist</ex>
         <ex>et si</ex>
         <ex>mestreset qi</ex>
         <ex>nonet qi</ex>
         <ex>et estoient</ex>
         <ex>cielet crioient
</ex>
         <ex>ssentet si</ex>
         <ex>et si</ex>
         <ex>et la</ex>
         <ex>contreeset si</ex>
         <ex>parenzet obe</ex>
         <ex>et nostre</ex>
         <ex>et loerent.</ex>
         <ex> et esle</ex>
         <ex>membreset tantost
</ex>
         <ex>et sanez</ex>
         <ex>et si</ex>
         <ex>et por</ex>
         <ex>rirentet donerent</ex>
         <ex>clartet grant
</ex>
         <ex>et le</ex>
         <ex>clercet li</ex>
         <ex>zet mis</ex>
         <ex> et li</ex>
         <ex>ugleet cil</ex>
         <ex>et d</ex>
         <ex> et par
</ex>
         <ex>itet regne</ex>
         <ex>et olentiers</ex>
         <ex>et entendre</ex>
         <ex>et retenir</ex>
         <ex>et </ex>
         <ex>et les</ex>
         <ex>sontet aise</ex>
         <ex>et de
</ex>
         <ex>et de</ex>
         <ex>lonieet de</ex>
         <ex>et a</ex>
         <ex>et pris</ex>
         <ex>et par</ex>
         <ex>tormenzet par</ex>
         <ex>et geunes</ex>
         <ex>geuneset par</ex>
         <ex>et a</ex>
         <ex>confessorset mes</ex>
         <ex>et de</ex>
         <ex>et de</ex>
         <ex>et hauz</ex>
         <ex>et ri</ex>
         <ex>et a</ex>
         <ex>et sa</ex>
         <ex>et a</ex>
         <ex>hermitageet si</ex>
         <ex>et retraist</ex>
         <ex>et ensam</ex>
         <ex>et che</ex>
         <ex>et si</ex>
         <ex>et si</ex>
         <ex>paignonset dou</ex>
         <ex>ouret piti</ex>
         <ex>pitiet benignet</ex>
         <ex> et charit</ex>
         <ex>charitet pacience</ex>
         <ex>pacienceet bone
</ex>
         <ex>olentet hu</ex>
         <ex>mondeet si</ex>
         <ex>et si</ex>
         <ex>et de</ex>
         <ex>eoitet par</ex>
         <ex>tiers et portoient
</ex>
         <ex>et re</ex>
         <ex>baptesmeet si</ex>
         <ex>et paine.</ex>
         <ex>et les</ex>
         <ex>chetiset norrissoit</ex>
         <ex>besoigneuset re</ex>
         <ex>reet l</ex>
         <ex>et donoit</ex>
         <ex>reset a</ex>
         <ex>et besoigneus</ex>
         <ex>entet bien
</ex>
         <ex>et </ex>
         <ex>ozet li</ex>
         <ex>et besoigneuz</ex>
         <ex>et a
</ex>
         <ex>et donast</ex>
         <ex>fublet la</ex>
         <ex>et de</ex>
         <ex>reet l</ex>
         <ex>et mist
</ex>
         <ex>et gemirent</ex>
         <ex>et il
</ex>
         <ex>et affublez</ex>
         <ex>et cone</ex>
         <ex>et en</ex>
         <ex> et la</ex>
         <ex>ignor et por</ex>
         <ex>anzet si</ex>
         <ex>et fu</ex>
         <ex>et a</ex>
         <ex>et li</ex>
         <ex>alierset si</ex>
         <ex>lessieret de</ex>
         <ex>et si</ex>
         <ex>euet qe
</ex>
         <ex>eet cil</ex>
         <ex>et tes</ex>
         <ex>et d</ex>
         <ex>demeinet non</ex>
         <ex>et non</ex>
         <ex>antet tote</ex>
         <ex>et sanz
</ex>
         <ex>heaumeet el</ex>
         <ex>tresperceraiet trespasserai</ex>
         <ex>paiset si</ex>
         <ex>euset totes</ex>
         <ex>et les</ex>
         <ex>citet qi</ex>
         <ex>et de
</ex>
         <ex>et si</ex>
         <ex>pieceet </ex>
         <ex>et sa</ex>
         <ex>paienet si</ex>
         <ex>et de
</ex>
         <ex>et dolenz</ex>
         <ex>contreeet si</ex>
         <ex>et pro</ex>
         <ex>et robeor</ex>
         <ex>et seisi</ex>
         <ex>et a</ex>
         <ex>oieet puis</ex>
         <ex>estoitet de</ex>
         <ex>et s</ex>
         <ex>et en</ex>
         <ex>et dotance</ex>
         <ex>et les</ex>
         <ex>et a</ex>
         <ex>ignoret si</ex>
         <ex>oieet si</ex>
         <ex>pieceet molt</ex>
         <ex>et molt</ex>
         <ex> et si
</ex>
         <ex>loet a</ex>
         <ex>et pluisors</ex>
         <ex>s et mestre</ex>
         <ex>prestreset contre</ex>
         <ex>et eraies</ex>
         <ex>et batirent</ex>
         <ex>et le</ex>
         <ex>et la</ex>
         <ex>et pres</ex>
         <ex>arresteret por</ex>
         <ex>et apris</ex>
         <ex>et fie</ex>
         <ex>departizet ert</ex>
         <ex>annoncieret preechier</ex>
         <ex>et il</ex>
         <ex>cheailleet li</ex>
         <ex>et pro</ex>
         <ex>et pour</ex>
         <ex>et lor</ex>
         <ex>oientet si</ex>
         <ex>et a</ex>
         <ex>deet fu</ex>
         <ex>et apr</ex>
         <ex>eureet esqui</ex>
         <ex>et mena</ex>
         <ex>et preudome</ex>
         <ex>et de</ex>
         <ex>criet de</ex>
         <ex>estreet l</ex>
         <ex>et conta
</ex>
         <ex>cordeet tolue</ex>
         <ex>et fist</ex>
         <ex>estantet si</ex>
         <ex>homeet tuit</ex>
         <ex>et en</ex>
         <ex>prodomet sages</ex>
         <ex>et si</ex>
         <ex>issuet non</ex>
         <ex>et des</ex>
         <ex>et une</ex>
         <ex>eschiet qe</ex>
         <ex>pastoret go</ex>
         <ex>et li
</ex>
         <ex>esqeet es</ex>
         <ex>estuzet de</ex>
         <ex>reet ileinement</ex>
         <ex>et de</ex>
         <ex>et entendoit</ex>
         <ex>reet en</ex>
         <ex>et por</ex>
         <ex>et un</ex>
         <ex>et si</ex>
         <ex>eet de</ex>
         <ex>et d</ex>
         <ex>oieet cele</ex>
         <ex>luiet qi</ex>
         <ex>et sa</ex>
         <ex>sonceleset lor</ex>
         <ex> et doctrin</ex>
         <ex>escritureset a</ex>
         <ex>encelet li</ex>
         <ex>pereet si</ex>
         <ex>et en</ex>
         <ex>et dures.</ex>
         <ex>eset moles</ex>
         <ex>olentezet lor
</ex>
         <ex> et a</ex>
         <ex>et seins</ex>
         <ex>diteet tout</ex>
         <ex>et a</ex>
         <ex>et signorie</ex>
         <ex>siecleset a</ex>
         <ex>mortet doutoient.</ex>
         <ex>et les</ex>
         <ex>pereet lor</ex>
         <ex>et dire</ex>
         <ex>orissonset a</ex>
         <ex>contreeet si</ex>
         <ex>et fere</ex>
         <ex>et clart</ex>
         <ex>clartet lumiere.</ex>
         <ex>beleet mout</ex>
         <ex>et q</ex>
         <ex>et sanz</ex>
         <ex>et les</ex>
         <ex>nonet en</ex>
         <ex>et mart</ex>
         <ex>et par</ex>
         <ex>et a</ex>
         <ex>et demostrast</ex>
         <ex>et sa</ex>
         <ex>et de</ex>
         <ex>et hisdeus
</ex>
         <ex>et cruel</ex>
         <ex>nonet de</ex>
         <ex>parlaet si</ex>
         <ex>apelezet si</ex>
         <ex> lerreset ensamble</ex>
         <ex>frereset a</ex>
         <ex>eet lors</ex>
         <ex>despechieret desfere.</ex>
         <ex>et de</ex>
         <ex>ret cil</ex>
         <ex>doelet grant</ex>
         <ex>et s</ex>
         <ex>et a</ex>
         <ex>et en</ex>
         <ex>ssentet q</ex>
         <ex>et esmer</ex>
         <ex>et qe</ex>
         <ex>et d</ex>
         <ex>aoroientet faisoient</ex>
         <ex>et de</ex>
         <ex>et droit</ex>
         <ex>et lonc</ex>
         <ex>paieneet les</ex>
         <ex>abatistet encore</ex>
         <ex>sacret bene</ex>
         <ex>beneet q</ex>
         <ex>et honorassent.</ex>
         <ex>et a</ex>
         <ex>et lui</ex>
         <ex>et ensi</ex>
         <ex>et abatre</ex>
         <ex>et bene</ex>
         <ex>et por</ex>
         <ex>et si</ex>
         <ex>et mostres
</ex>
         <ex>et contes</ex>
         <ex>oiret s</ex>
         <ex>feireet qe</ex>
         <ex>et che</ex>
         <ex>ensambleet a</ex>
         <ex>bienet si</ex>
         <ex>et con</ex>
         <ex>et lor</ex>
         <ex>et pendoit</ex>
         <ex>liementet a</ex>
         <ex>et de
</ex>
         <ex>loinget si</ex>
         <ex>et esperdu</ex>
         <ex>et sanz</ex>
         <ex>et a</ex>
         <ex>et pesanz</ex>
         <ex>pesanzet de</ex>
         <ex>et grant</ex>
         <ex>eet li</ex>
         <ex>et a</ex>
         <ex>ignoret si</ex>
         <ex>et lor</ex>
         <ex>exempleset par</ex>
         <ex>et lor</ex>
         <ex>et faisoit</ex>
         <ex>et autieus</ex>
         <ex>loet </ex>
         <ex>et paien</ex>
         <ex>et cil</ex>
         <ex>orisonset lor</ex>
         <ex>et a</ex>
         <ex>et celebrees.
</ex>
         <ex>et destruire.</ex>
         <ex>pleinet la</ex>
         <ex>et granz</ex>
         <ex>entet se</ex>
         <ex>et li</ex>
         <ex>et destruiz</ex>
         <ex>destruizet que</ex>
         <ex> et sau</ex>
         <ex>celleet a</ex>
         <ex>mostieret la</ex>
         <ex>et en</ex>
         <ex>et a</ex>
         <ex>et descon</ex>
         <ex>et qe</ex>
         <ex>et des</ex>
         <ex>et totes
</ex>
         <ex>et tuit</ex>
         <ex>et en</ex>
         <ex>et espoent</ex>
         <ex>et crurent.</ex>
         <ex>oizet distrent</ex>
         <ex>et aoroit</ex>
         <ex>et croire</ex>
         <ex>et les</ex>
         <ex>et despire.</ex>
         <ex>et en</ex>
         <ex>et sanz
</ex>
         <ex>douteet li</ex>
         <ex>et maumis.</ex>
         <ex>et a</ex>
         <ex>et a</ex>
         <ex>et formee</ex>
         <ex>et bien
</ex>
         <ex>et a</ex>
         <ex>et grant</ex>
         <ex>et ocirre.</ex>
         <ex>et che</ex>
         <ex>exampleset tieus</ex>
         <ex>miracleset par</ex>
         <ex>eritet q</ex>
         <ex>et lor</ex>
         <ex>et depecier.</ex>
         <ex>et tieus</ex>
         <ex>et curer
</ex>
         <ex>et entendre.</ex>
         <ex>membreset si</ex>
         <ex>et si</ex>
         <ex>et entendi</ex>
         <ex>et a</ex>
         <ex>assemblezet pluisors</ex>
         <ex>amoientet a</ex>
         <ex>et entendre</ex>
         <ex>et perist</ex>
         <ex>itet de</ex>
         <ex>et ce</ex>
         <ex>et a</ex>
         <ex>et a</ex>
         <ex>et cil</ex>
         <ex>seleet granz</ex>
         <ex>et atendoient</ex>
         <ex>et sa</ex>
         <ex>et seigna</ex>
         <ex>puceleet tantost</ex>
         <ex>ignoret tuit</ex>
         <ex>droiteet </ex>
         <ex> et curee</ex>
         <ex>et tiesmo</ex>
         <ex>et gre</ex>
         <ex>et sanez.</ex>
         <ex>denzet crioit</ex>
         <ex>et demenoit
</ex>
         <ex>et si</ex>
         <ex>estoitet tant</ex>
         <ex>et si</ex>
         <ex>et tel</ex>
         <ex>presignieret apr</ex>
         <ex>set toz</ex>
         <ex>et par</ex>
         <ex>homeet la</ex>
         <ex>et aguetier</ex>
         <ex>et mout
</ex>
         <ex>et tenist</ex>
         <ex>estoitet entra</ex>
         <ex>dolantet mout
</ex>
         <ex>et ocirre</ex>
         <ex>pooret sanz</ex>
         <ex>et q</ex>
         <ex>fremiret a</ex>
         <ex>et a</ex>
         <ex>et si</ex>
         <ex>et mengue.</ex>
         <ex>chautet tout</ex>
         <ex>dedenzet ne</ex>
         <ex>derrierset de</ex>
         <ex>et molt</ex>
         <ex>esmaieet torblee
</ex>
         <ex>et confondre.</ex>
         <ex>et en</ex>
         <ex>et dist</ex>
         <ex>et en</ex>
         <ex>et escoutoit</ex>
         <ex>deableset li</ex>
         <ex>estoientet fors</ex>
         <ex>et ses</ex>
         <ex>et la</ex>
         <ex>et le
</ex>
         <ex>et bene</ex>
         <ex>et o</ex>
         <ex>et mondez</ex>
         <ex>et en</ex>
         <ex>ignoret au</ex>
         <ex>oezet entendez</ex>
         <ex>et corrompue</ex>
         <ex>qarteineset par</ex>
         <ex>puceleet en</ex>
         <ex>guerieet mondee</ex>
         <ex>et irge.</ex>
         <ex>et bene</ex>
         <ex>oitet la</ex>
         <ex>reeet li
</ex>
         <ex>et si</ex>
         <ex>et re</ex>
         <ex>et del</ex>
         <ex>combrisiezet si</ex>
         <ex>nuitet il</ex>
         <ex>et si</ex>
         <ex>lendemeinet si</ex>
         <ex>et de
</ex>
         <ex>pluiseurset ra</ex>
         <ex>genzet puis</ex>
         <ex>reset le</ex>
         <ex>et il</ex>
         <ex>guerissonset ocioit</ex>
         <ex>et sanz</ex>
         <ex>et dist</ex>
         <ex>et par
</ex>
         <ex>batailleet ce</ex>
         <ex>desfendreet por</ex>
         <ex>mostreeset tante</ex>
         <ex>et grant</ex>
         <ex>et l</ex>
         <ex>meset de</ex>
         <ex>et en
</ex>
         <ex>butet tantost</ex>
         <ex>et enuz</ex>
         <ex>street li</ex>
         <ex>lignieet acompliz</ex>
         <ex>et couce</ex>
         <ex>et el</ex>
         <ex>matet confus</ex>
         <ex>et tel
</ex>
         <ex>et tel</ex>
         <ex>et matin.</ex>
         <ex>et conter</ex>
         <ex>maniereet si</ex>
         <ex>et a</ex>
         <ex>estoientet molt</ex>
         <ex>et cont</ex>
         <ex>et requis.</ex>
         <ex>et destruiz</ex>
         <ex>et qi</ex>
         <ex>et desconfiz</ex>
         <ex>et si</ex>
         <ex>pereoret tant</ex>
         <ex>et tant
</ex>
         <ex>et entendez
</ex>
         <ex>foizet si</ex>
         <ex>et si</ex>
         <ex>et molt</ex>
         <ex>et a</ex>
         <ex>et fere</ex>
         <ex>et tolue
</ex>
         <ex>parleret il</ex>
         <ex>reset si</ex>
         <ex>et cont</ex>
         <ex>mandaet dist</ex>
         <ex>et cerchassent</ex>
         <ex>doleuret ceste</ex>
         <ex>et cerche</ex>
         <ex>et puis</ex>
         <ex>forestet si</ex>
         <ex>ouet qant</ex>
         <ex>et entendre</ex>
         <ex>et qi</ex>
         <ex> et dit</ex>
         <ex>et apa</ex>
         <ex>et de</ex>
         <ex> et ce</ex>
         <ex>et sa</ex>
         <ex>et sa</ex>
         <ex>paroleset si</ex>
         <ex>et deguerpi</ex>
         <ex> et puis</ex>
         <ex>et ses</ex>
         <ex>fezet les</ex>
         <ex>et si</ex>
         <ex>et les</ex>
         <ex>et la</ex>
         <ex>ieet si</ex>
         <ex>et leis</ex>
         <ex>et misericorde.</ex>
         <ex>et entendre</ex>
         <ex>et a</ex>
         <ex>et sermonoit</ex>
         <ex>et sa</ex>
         <ex>apelezet l</ex>
         <ex>oitet t</ex>
         <ex>reset por</ex>
         <ex>ieet tant</ex>
         <ex>et de</ex>
         <ex>et la</ex>
         <ex>et une</ex>
         <ex>demoranceet non</ex>
         <ex>et lor</ex>
         <ex>et si</ex>
         <ex> et en</ex>
         <ex>compaignieet cil
</ex>
         <ex>creanceet par</ex>
         <ex>loet de</ex>
         <ex>et eu</ex>
         <ex>euet portoient
</ex>
         <ex>et de</ex>
         <ex>estoitet qi</ex>
         <ex>et entendi</ex>
         <ex>friret si</ex>
         <ex>luiet par</ex>
         <ex> et entendi</ex>
         <ex>et tra</ex>
         <ex>miseet cele</ex>
         <ex>estueet par</ex>
         <ex>et conisteroiz</ex>
         <ex>elleet si
</ex>
         <ex>et entendre.</ex>
         <ex>et grant
</ex>
         <ex>et la</ex>
         <ex>eoitet mur</ex>
         <ex>autreset me</ex>
         <ex>estueet por</ex>
         <ex>et molt</ex>
         <ex>et molt</ex>
         <ex>iolset taster</ex>
         <ex>zet nepor</ex>
         <ex>et a</ex>
         <ex>et a</ex>
         <ex>pooitet si</ex>
         <ex>et </ex>
         <ex>et a</ex>
         <ex>ienentet de</ex>
         <ex>et eoir</ex>
         <ex>et die</ex>
         <ex>seuset li</ex>
         <ex>maniereet si
</ex>
         <ex>reet corone</ex>
         <ex>pierreset chau</ex>
         <ex>doreeet molt</ex>
         <ex>et de</ex>
         <ex>et de</ex>
         <ex> et por</ex>
         <ex>et si</ex>
         <ex>direet apr</ex>
         <ex>et corone</ex>
         <ex>et en</ex>
         <ex>mortet a</ex>
         <ex>oizet cele</ex>
         <ex>reet la</ex>
         <ex> et dit</ex>
         <ex>neset si</ex>
         <ex>et de</ex>
         <ex>biet raconterai</ex>
         <ex>gieret c</ex>
         <ex>piezet si</ex>
         <ex>et pechi</ex>
         <ex>et de</ex>
         <ex>siecleet qe
</ex>
         <ex>direet i</ex>
         <ex>et dire</ex>
         <ex>direet dont</ex>
         <ex>pluiseurset resuscitoit</ex>
         <ex>morset a</ex>
         <ex>et les
</ex>
         <ex>fuiet qi</ex>
         <ex>et dire.</ex>
         <ex>et por
</ex>
         <ex>set de</ex>
         <ex>et fesoit</ex>
         <ex>et gesir</ex>
         <ex>gesiret si</ex>
         <ex>estoitet oste</ex>
         <ex>et il</ex>
         <ex>et li
</ex>
         <ex>et la</ex>
         <ex>et si
</ex>
         <ex>et une
</ex>
         <ex>estet li</ex>
         <ex>ardoiret a</ex>
         <ex>et destraignoit</ex>
         <ex>et serrez</ex>
         <ex>et si</ex>
         <ex>sonset si</ex>
         <ex>foiet par</ex>
         <ex>desfermeret il
</ex>
         <ex>croizet ses</ex>
         <ex>entendreet sa</ex>
         <ex>definaet lessa</ex>
         <ex>decipleset a</ex>
         <ex>entreet </ex>
         <ex>oientet cha</ex>
         <ex>et men</ex>
         <ex>et si</ex>
         <ex>entet si</ex>
         <ex>et qant
</ex>
         <ex>et les</ex>
         <ex>leuet si</ex>
         <ex>et entendre</ex>
         <ex>et as
</ex>
         <ex>montaigneset li</ex>
         <ex>oitet la</ex>
         <ex>et grant</ex>
         <ex>demeneret se</ex>
         <ex>oizet si</ex>
         <ex>et descon</ex>
         <ex>saufet si</ex>
         <ex>et de</ex>
         <ex>et si</ex>
         <ex>ignoret a</ex>
         <ex>et faire.</ex>
         <ex>et en</ex>
         <ex>et seur</ex>
         <ex>et les</ex>
         <ex>cielet si</ex>
         <ex>et de</ex>
         <ex>lumiereet tot</ex>
         <ex>et tant</ex>
         <ex>indrentet tuit</ex>
         <ex>et as</ex>
         <ex>oieset me</ex>
         <ex>demenoientet com</ex>
         <ex>et assamblez</ex>
         <ex>et emis</ex>
         <ex>reet i</ex>
         <ex>et chantees.</ex>
         <ex>et un
</ex>
         <ex>eageet au</ex>
         <ex>deet si</ex>
         <ex>contet dit.</ex>
         <ex>aet il</ex>
         <ex>deet cil</ex>
         <ex>euset une</ex>
         <ex>oloientet si</ex>
         <ex>neet si</ex>
         <ex>et olons</ex>
         <ex>mondeet parti</ex>
         <ex>iandeset si</ex>
         <ex>onset esleeciez</ex>
         <ex>ertuzet de</ex>
         <ex>et doi</ex>
         <ex>entet nous</ex>
         <ex>deet si</ex>
         <ex>morzet a</ex>
         <ex>et pro</ex>
         <ex>et droiture</ex>
         <ex>et a</ex>
         <ex>loet l</ex>
         <ex>et la
</ex>
         <ex>et li</ex>
         <ex>et distrent</ex>
         <ex>et de</ex>
         <ex>nefet toutes</ex>
         <ex>confuzet repeirierent</ex>
         <ex>et de</ex>
         <ex>et entendue.</ex>
         <ex>et de</ex>
         <ex>et de</ex>
         <ex>et mout</ex>
         <ex>matineset de</ex>
         <ex>et de</ex>
         <ex>oet entendi</ex>
         <ex>et ent</ex>
         <ex>encoreet si</ex>
         <ex>tendreet les</ex>
         <ex>et por</ex>
         <ex>et li
</ex>
         <ex>acreset si</ex>
         <ex>et par
</ex>
         <ex>et entendoit</ex>
         <ex>et la</ex>
         <ex>et si</ex>
         <ex>et e</ex>
         <ex>ieet por</ex>
         <ex>et demeinent</ex>
         <ex> et entendu</ex>
         <ex>et lor</ex>
         <ex>sesiret prendre</ex>
         <ex>et confuz</ex>
         <ex>et tristres.</ex>
         <ex>et l</ex>
         <ex>et puis</ex>
         <ex>et isnielement</ex>
         <ex>et ent</ex>
         <ex>et florie.</ex>
         <ex>et il</ex>
         <ex>et finee</ex>
         <ex>fineeet cil</ex>
         <ex>et ennuiez</ex>
         <ex>troublezet bien</ex>
         <ex>ensambleet mout</ex>
         <ex>et l</ex>
         <ex>preudomet seinz</ex>
         <ex>homet bene</ex>
         <ex>et les</ex>
         <ex>enoientet cui</ex>
         <ex>confonduzet seinte</ex>
         <ex>enforcieet qi</ex>
         <ex>geleset la</ex>
         <ex>irgeset qi</ex>
         <ex>et leesche</ex>
         <ex>et crieres</ex>
         <ex>et regne</ex>
         <ex>homet de</ex>
         <ex> et en</ex>
         <ex>et plus</ex>
         <ex>estudeet molt
</ex>
         <ex>et consomee</ex>
         <ex>et dire</ex>
         <ex>et somee</ex>
         <ex>et toz</ex>
         <ex>et les</ex>
         <ex>et les</ex>
         <ex>et bene</ex>
         <ex>ret por</ex>
         <ex>et metre</ex>
         <ex>et a</ex>
         <ex>antet qant</ex>
         <ex>sarquet puis</ex>
         <ex>et por</ex>
         <ex>dolenzet si</ex>
         <ex>et molt
</ex>
         <ex>et si</ex>
         <ex>esqiet ceste</ex>
         <ex>et li
</ex>
         <ex>et en</ex>
         <ex>et en</ex>
         <ex>et por</ex>
         <ex>elset il</ex>
         <ex>estoitet il</ex>
         <ex>abbeset puis</ex>
         <ex>laet lor</ex>
         <ex>oset por</ex>
         <ex>et tristre</ex>
         <ex>reet li</ex>
         <ex>et li</ex>
         <ex>esqeet les</ex>
         <ex>et les</ex>
         <ex>et cierges</ex>
         <ex>chanteret si</ex>
         <ex>et misent</ex>
         <ex>et assis</ex>
         <ex>nonet la</ex>
         <ex>chanteeet il</ex>
         <ex>set si</ex>
         <ex> et dit</ex>
         <ex>eet qe</ex>
         <ex>autruiet ce</ex>
         <ex>et regne</ex>
         <ex>eet essaucie</ex>
         <ex>essaucieet qe</ex>
         <ex>et </ex>
         <ex> et en</ex>
         <ex>et nessent.</ex>
         <ex> et la</ex>
         <ex> et de</ex>
         <ex>contreeet mout</ex>
         <ex>oiret de</ex>
         <ex>et de</ex>
         <ex>et de
</ex>
         <ex>et cremoit</ex>
         <ex>et mout</ex>
         <ex>euet ser</ex>
         <ex>et de</ex>
         <ex>set so</ex>
         <ex>et dont</ex>
         <ex>et les</ex>
         <ex>eset les</ex>
         <ex>et les</ex>
         <ex>mengiet il</ex>
         <ex>et si
</ex>
         <ex>et e</ex>
         <ex>et en</ex>
         <ex>et chas</ex>
         <ex> et si
</ex>
         <ex>et si</ex>
         <ex>et mon</ex>
         <ex>contet dit</ex>
         <ex> et </ex>
         <ex>et mi</ex>
         <ex>sericorset qi</ex>
         <ex>et ape</ex>
         <ex>et entendre.</ex>
         <ex>et droiture.</ex>
         <ex>pereset la</ex>
         <ex>et le</ex>
         <ex>et amenda</ex>
         <ex>et la</ex>
         <ex>et par</ex>
         <ex>et rectori</ex>
         <ex>et di</ex>
         <ex>enfeset bien</ex>
         <ex>et ama</ex>
         <ex>reatouret son</ex>
         <ex>et entendans</ex>
         <ex>femeet si</ex>
         <ex>filet si</ex>
         <ex>oieet m</ex>
         <ex>esleeceet l</ex>
         <ex>et les</ex>
         <ex>estoitet furent</ex>
         <ex>mostieret menez</ex>
         <ex>et en</ex>
         <ex>et g</ex>
         <ex>et sa
</ex>
         <ex> et de</ex>
         <ex>et de</ex>
         <ex>et une</ex>
         <ex>et si
</ex>
         <ex>gardezet nostre
</ex>
         <ex>et retint.</ex>
         <ex>et argent</ex>
         <ex>plotet se</ex>
         <ex>et fors
</ex>
         <ex>saleet ala</ex>
         <ex>dedenzet na</ex>
         <ex>citet ala</ex>
         <ex>et si</ex>
         <ex>et dona</ex>
         <ex>et a</ex>
         <ex>reset le</ex>
         <ex>et dona</ex>
         <ex>ignoret dont</ex>
         <ex>aumosneset ce</ex>
         <ex>penseeet estoit</ex>
         <ex>et en</ex>
         <ex>et en</ex>
         <ex> et dit</ex>
         <ex>et demanda
</ex>
         <ex>ilet si</ex>
         <ex>et si</ex>
         <ex>et misericors
</ex>
         <ex>et secorables.</ex>
         <ex>et di</ex>
         <ex>direet gisoit
</ex>
         <ex>et disoit</ex>
         <ex>ignoret en</ex>
         <ex>ignoret li</ex>
         <ex>luiet la</ex>
         <ex>ditet parl</ex>
         <ex>celuiet cil</ex>
         <ex>et proia
</ex>
         <ex>demostrastet ensignast
</ex>
         <ex>misericordeet nostre</ex>
         <ex>eglisseet puis</ex>
         <ex>estoitet de</ex>
         <ex>et dist</ex>
         <ex>et pleinz
</ex>
         <ex>paroleset li</ex>
         <ex>et amener</ex>
         <ex>et sot</ex>
         <ex>et depueplez</ex>
         <ex>contreeet par</ex>
         <ex>et li</ex>
         <ex>et se</ex>
         <ex>portet tant</ex>
         <ex>terreet si</ex>
         <ex>empereoret ensemble</ex>
         <ex>luiet si</ex>
         <ex>et piti</ex>
         <ex>et misericor</ex>
         <ex>et besoigneus</ex>
         <ex>et si</ex>
         <ex>et done</ex>
         <ex>ieet si</ex>
         <ex>et oelle</ex>
         <ex>et raemplir</ex>
         <ex>et si</ex>
         <ex>et li</ex>
         <ex>et si</ex>
         <ex>et istrai</ex>
         <ex>oieet si</ex>
         <ex>maniereet si</ex>
         <ex>et men</ex>
         <ex>et dire</ex>
         <ex>et menoit</ex>
         <ex>et si</ex>
         <ex>et par
</ex>
         <ex>et atendrai</ex>
         <ex>et l</ex>
         <ex>et menoit</ex>
         <ex>entet qi</ex>
         <ex>anuizet de</ex>
         <ex>et les</ex>
         <ex>et le</ex>
         <ex>et sa</ex>
         <ex>et en</ex>
         <ex>et ceste</ex>
         <ex>et metre</ex>
         <ex>et departir</ex>
         <ex>et enque</ex>
         <ex>et pene</ex>
         <ex>ieet ment</ex>
         <ex>et esploiti</ex>
         <ex>esploitiet coment</ex>
         <ex>et coment</ex>
         <ex>oret la</ex>
         <ex>et de</ex>
         <ex>et la</ex>
         <ex>et li</ex>
         <ex>eilliezet qi</ex>
         <ex>esteset e</ex>
         <ex>et assoa</ex>
         <ex>et s</ex>
         <ex>et en</ex>
         <ex>euet si</ex>
         <ex>remestet trespassa</ex>
         <ex>et li</ex>
         <ex>et tuit</ex>
         <ex>maladeset rendoit</ex>
         <ex>et nuit</ex>
         <ex>et loenges</ex>
         <ex>loengeset li</ex>
         <ex>et pardon</ex>
         <ex>pechiezet qu</ex>
         <ex>ameet li
</ex>
         <ex>oieet a</ex>
         <ex>empereoret li
</ex>
         <ex>et enseignie.</ex>
         <ex>eet si</ex>
         <ex> et si</ex>
         <ex>et la</ex>
         <ex>signorieet si</ex>
         <ex>et dist</ex>
         <ex>et por</ex>
         <ex>et embraser</ex>
         <ex>et si</ex>
         <ex>et qieus</ex>
         <ex>et de</ex>
         <ex>eoitet qe</ex>
         <ex>et grant</ex>
         <ex>orissonset en
</ex>
         <ex>gaboientet assailloient</ex>
         <ex>et il
</ex>
         <ex>et trespassez</ex>
         <ex>et aussint</ex>
         <ex>resplendissanzet en</ex>
         <ex>et lire</ex>
         <ex>et si</ex>
         <ex>mesonet ore</ex>
         <ex>morzet tenoit</ex>
         <ex>richementet si</ex>
         <ex>tet ensemble</ex>
         <ex>et tuit</ex>
         <ex>omeet granz</ex>
         <ex>pereorset ci</ex>
         <ex>et q</ex>
         <ex>meinet lor</ex>
         <ex>et li</ex>
         <ex>et esponst</ex>
         <ex>reset si</ex>
         <ex>euset se</ex>
         <ex>plorantet criant</ex>
         <ex>et si
</ex>
         <ex>eet quel
</ex>
         <ex>pasmaet de</ex>
         <ex>et sostenue.</ex>
         <ex>descireret a</ex>
         <ex>eneorset ses
</ex>
         <ex>forseneeet regardoit
</ex>
         <ex>et a</ex>
         <ex>et cui</ex>
         <ex>et redemenoit</ex>
         <ex>oiset si</ex>
         <ex>et toutes</ex>
         <ex>et plorez</ex>
         <ex>et demenez</ex>
         <ex>et disoit</ex>
         <ex>et moi</ex>
         <ex>oset si</ex>
         <ex>et confortoient
</ex>
         <ex>et ploroit</ex>
         <ex>et a</ex>
         <ex>et si
</ex>
         <ex>et la</ex>
         <ex>et esmer</ex>
         <ex>et si</ex>
         <ex>et a</ex>
         <ex>mereet a</ex>
         <ex>citet si</ex>
         <ex>et dire</ex>
         <ex> et cil</ex>
         <ex>maladieset languereus</ex>
         <ex>et ooient</ex>
         <ex> et  </ex>
         <ex>et argent</ex>
         <ex>reet la</ex>
         <ex>et li</ex>
         <ex>et a</ex>
         <ex>et loenges</ex>
         <ex> et d</ex>
         <ex>et d</ex>
         <ex>tet de</ex>
         <ex>et mistrent</ex>
         <ex>et fet</ex>
         <ex> et </ex>
         <ex>mentet par</ex>
         <ex>atentet qi</ex>
         <ex>zet a</ex>
         <ex>eslongentet ser</ex>
         <ex>et pai</ex>
         <ex>irontet a</ex>
         <ex>et o</ex>
         <ex>et o</ex>
         <ex>et o</ex>
         <ex>et en</ex>
         <ex>tendreet la</ex>
         <ex>et regne</ex>
         <ex>entendieet o</ex>
         <ex>racontentet dient
</ex>
         <ex>et les</ex>
         <ex>et por</ex>
         <ex>et qi</ex>
         <ex>et sa</ex>
         <ex>et andui</ex>
         <ex>et ser</ex>
         <ex>et amer</ex>
         <ex>escoleet li</ex>
         <ex>et del</ex>
         <ex>gieet si</ex>
         <ex>et misericorde</ex>
         <ex>et oieus</ex>
         <ex>et l</ex>
         <ex>et sa</ex>
         <ex>et sa</ex>
         <ex>morurentet de</ex>
         <ex> et dona</ex>
         <ex>et en</ex>
         <ex>celuiet lors</ex>
         <ex> et par</ex>
         <ex>et gueriz.</ex>
         <ex>et muiant</ex>
         <ex>muiantet cil</ex>
         <ex>oientet li</ex>
         <ex>conselet a</ex>
         <ex>deet il</ex>
         <ex>metezet secoroit</ex>
         <ex>et esparse</ex>
         <ex>et sa</ex>
         <ex>contreeet trespasse</ex>
         <ex>et menroit</ex>
         <ex>et en</ex>
         <ex>et cil</ex>
         <ex> et deli</ex>
         <ex>estoitet por</ex>
         <ex>et q</ex>
         <ex>et pooir.</ex>
         <ex>piezet si
</ex>
         <ex>estionset qi</ex>
         <ex>corset amenisterrons</ex>
         <ex>liezet bene</ex>
         <ex>ignoret rendi</ex>
         <ex>et a</ex>
         <ex>et ses
</ex>
         <ex>liezet heitiez</ex>
         <ex>et li</ex>
         <ex>et droituriers</ex>
         <ex>et mis</ex>
         <ex>et nuiz</ex>
         <ex>et a</ex>
         <ex>et autres</ex>
         <ex>feteet qant</ex>
         <ex> et quel</ex>
         <ex>et escu</ex>
         <ex>et d</ex>
         <ex>et de</ex>
         <ex>et ni</ex>
         <ex>ieet puis</ex>
         <ex>et apr</ex>
         <ex>et l</ex>
         <ex>et puis</ex>
         <ex>entet alerent</ex>
         <ex>et menoit</ex>
         <ex>homeet por
</ex>
         <ex>et herber</ex>
         <ex>et donees</ex>
         <ex>et sanee</ex>
         <ex>et tant</ex>
         <ex>esqeset il</ex>
         <ex>et si</ex>
         <ex>luiet 
</ex>
         <ex>enerationet li</ex>
         <ex>esqeet qant</ex>
         <ex>et por</ex>
         <ex>et misericorz</ex>
         <ex>et par</ex>
         <ex>et bien
</ex>
         <ex>et alez</ex>
         <ex>et ostas</ex>
         <ex>et qi</ex>
         <ex>et molt</ex>
         <ex>plorantet tant</ex>
         <ex>et de</ex>
         <ex>ageet si
</ex>
         <ex>et pure</ex>
         <ex>et ren</ex>
         <ex>et atornee</ex>
         <ex>et de</ex>
         <ex>et meintenant</ex>
         <ex>et plus</ex>
         <ex>et comencie</ex>
         <ex>eet ele
</ex>
         <ex>et d</ex>
         <ex>et le</ex>
         <ex>et les</ex>
         <ex>orset si</ex>
         <ex>et la</ex>
         <ex>et ge</ex>
         <ex>et de</ex>
         <ex>ignoret si</ex>
         <ex>apaisastet si</ex>
         <ex>acostumeeet tuit</ex>
         <ex>et ne</ex>
         <ex>et dis</ex>
         <ex>et li
</ex>
         <ex>et de</ex>
         <ex>et de</ex>
         <ex>et por
</ex>
         <ex>fereet ele</ex>
         <ex>et bien</ex>
         <ex>et li</ex>
         <ex>et li</ex>
         <ex>reposteet aombree</ex>
         <ex>boiset de</ex>
         <ex>et a</ex>
         <ex>et plai</ex>
         <ex>et ses</ex>
         <ex> et en
</ex>
         <ex>et li</ex>
         <ex> et il</ex>
         <ex>estoitet de</ex>
         <ex>contreeet por</ex>
         <ex>et qi</ex>
         <ex> et na</ex>
         <ex>et le</ex>
         <ex>et l</ex>
         <ex>enet coment</ex>
         <ex>roiset li</ex>
         <ex>piezet si</ex>
         <ex>mesfetet si</ex>
         <ex>et despenses</ex>
         <ex>pardonastet si</ex>
         <ex>et li</ex>
         <ex>orissonset apr</ex>
         <ex>et por</ex>
         <ex>paroleset si</ex>
         <ex>et oloit
</ex>
         <ex>et granz</ex>
         <ex>et qi</ex>
         <ex>et or.</ex>
         <ex>paistreset go</ex>
         <ex>et par</ex>
         <ex>et par</ex>
         <ex>apostreet l</ex>
         <ex>et en</ex>
         <ex>et en</ex>
         <ex>et seint</ex>
         <ex>et a</ex>
         <ex>aet li</ex>
         <ex>terreet por</ex>
         <ex>et do</ex>
         <ex>moineset de</ex>
         <ex>regneet meesmement</ex>
         <ex>et par</ex>
         <ex>et par
</ex>
         <ex>et qu</ex>
         <ex>et mena
</ex>
         <ex>et par</ex>
         <ex>et ho</ex>
         <ex>luiet la</ex>
         <ex>et si</ex>
         <ex>et manda</ex>
         <ex>choseset tant</ex>
         <ex>et si</ex>
         <ex>et de</ex>
         <ex>et si</ex>
         <ex>et heiti</ex>
         <ex>racontezet si</ex>
         <ex>et de</ex>
         <ex>et de</ex>
         <ex>cleset del</ex>
         <ex>et il</ex>
         <ex>fetet q</ex>
         <ex>solementet le</ex>
         <ex>deguerpissoitet au</ex>
         <ex>et le</ex>
         <ex>piezet si</ex>
         <ex>proiereet li</ex>
         <ex>eet il</ex>
         <ex>et tel</ex>
         <ex> et de</ex>
         <ex>apostreset por</ex>
         <ex>apostoileet si</ex>
         <ex>graceset si</ex>
         <ex>et puis</ex>
         <ex>et si</ex>
         <ex>et por</ex>
         <ex>et dist</ex>
         <ex>meret qi</ex>
         <ex>et par</ex>
         <ex>et par</ex>
         <ex>et sanz</ex>
         <ex>et metre</ex>
         <ex> et por
</ex>
         <ex>et en</ex>
         <ex>et en</ex>
         <ex>tenset il</ex>
         <ex>et or</ex>
         <ex>finet il</ex>
         <ex>et dist</ex>
         <ex>espiritueuset si</ex>
         <ex>et ala</ex>
         <ex> et deguerpi</ex>
         <ex>siecleet re</ex>
         <ex>et la
</ex>
         <ex>et requerons</ex>
         <ex>et secorre</ex>
         <ex>et le</ex>
         <ex>et regne</ex>
         <ex>et enten</ex>
         <ex>et croit</ex>
         <ex>et les</ex>
         <ex>et droiture</ex>
         <ex>et che</ex>
         <ex>et puceles
</ex>
         <ex>et dire</ex>
         <ex>et pueplee</ex>
         <ex>et la</ex>
         <ex>et les
</ex>
         <ex>richesceset de</ex>
         <ex>et de</ex>
         <ex>et lor</ex>
         <ex>proiereset si</ex>
         <ex>et la</ex>
         <ex>et le</ex>
         <ex>foieet atant</ex>
         <ex>et il</ex>
         <ex>et sa</ex>
         <ex>seet si</ex>
         <ex>et retenoit</ex>
         <ex>et dire</ex>
         <ex>et de</ex>
         <ex>et tant</ex>
         <ex>et sa</ex>
         <ex>et lor
</ex>
         <ex>et conseillier</ex>
         <ex>et puce</ex>
         <ex>et cui</ex>
         <ex>et sostenoient.</ex>
         <ex>et po</ex>
         <ex>ilet eles</ex>
         <ex>pechiet de</ex>
         <ex>chemiseet ala</ex>
         <ex>coiementet pui</ex>
         <ex>et lez</ex>
         <ex>et si</ex>
         <ex>et establies</ex>
         <ex>et qi</ex>
         <ex>et qe</ex>
         <ex>homeset qe</ex>
         <ex>et disoit</ex>
         <ex>gardaet it</ex>
         <ex>et a</ex>
         <ex>toiet si</ex>
         <ex>et humles
</ex>
         <ex>et si</ex>
         <ex>rendueet si
</ex>
         <ex>et donoit</ex>
         <ex>et or</ex>
         <ex>et nuit</ex>
         <ex>et de
</ex>
         <ex> et de</ex>
         <ex>et a</ex>
         <ex>et cont</ex>
         <ex>contet li</ex>
         <ex>et son</ex>
         <ex>homet religieus</ex>
         <ex>religieuset a</ex>
         <ex> et li</ex>
         <ex>eslectionet proierent</ex>
         <ex>et a</ex>
         <ex>et a</ex>
         <ex>et clers</ex>
         <ex>et en</ex>
         <ex>et ensignier</ex>
         <ex>puepleet l</ex>
         <ex>amonestet proierent</ex>
         <ex>eschiet ententis</ex>
         <ex>forset s</ex>
         <ex>glisseet celui</ex>
         <ex>et si</ex>
         <ex>esqeet si</ex>
         <ex>oet si</ex>
         <ex>et en</ex>
         <ex>orissonset il</ex>
         <ex>fistet a</ex>
         <ex>oiastet si</ex>
         <ex>pristet si</ex>
         <ex>et dous
</ex>
         <ex>chiefet si</ex>
         <ex>et si</ex>
         <ex>oieet nostre</ex>
         <ex>et a</ex>
         <ex>donet dont</ex>
         <ex>et l</ex>
         <ex>chaereet l</ex>
         <ex>et costume</ex>
         <ex>durementet bien</ex>
         <ex>et de</ex>
         <ex>charitet cele
</ex>
         <ex>et amegrissoit</ex>
         <ex>euneset si</ex>
         <ex> et eschi</ex>
         <ex>et sa</ex>
         <ex>et les</ex>
         <ex>et ra</ex>
         <ex>renomeeet partout</ex>
         <ex>et li</ex>
         <ex>et li
</ex>
         <ex>puissanzet li</ex>
         <ex>et prees</ex>
         <ex>donet li</ex>
         <ex>tenset ie</ex>
         <ex>conteret dire.</ex>
         <ex>felonieet e</ex>
         <ex>esforciezet les</ex>
         <ex>et par</ex>
         <ex>et e</ex>
         <ex>et granz</ex>
         <ex>ieet lor</ex>
         <ex>et lor</ex>
         <ex>et lor
</ex>
         <ex>rompueset lor
</ex>
         <ex>et si</ex>
         <ex>et a</ex>
         <ex>euet a</ex>
         <ex>homeet ce</ex>
         <ex>et as
</ex>
         <ex>et la</ex>
         <ex>eet eus</ex>
         <ex>ignoret loant</ex>
         <ex>estoitet l</ex>
         <ex>estoitet tantost</ex>
         <ex>secorset a</ex>
         <ex>et distrent</ex>
         <ex>respondiet dist</ex>
         <ex>et par</ex>
         <ex>foiet par</ex>
         <ex>et de</ex>
         <ex>et de</ex>
         <ex> et secoruz</ex>
         <ex>terreet en</ex>
         <ex>aet si</ex>
         <ex>et aidast</ex>
         <ex>et secorust.</ex>
         <ex>det aloient</ex>
         <ex>nefet a</ex>
         <ex>et ses</ex>
         <ex>contreeet bien</ex>
         <ex>ancreset li</ex>
         <ex>bonset droituriers</ex>
         <ex>portet dont</ex>
         <ex>eillierentet neqedent</ex>
         <ex>empereoret lors</ex>
         <ex>ensambleet rendirent
</ex>
         <ex>et qu</ex>
         <ex>et sa</ex>
         <ex>autreet en</ex>
         <ex>et repleniez.</ex>
         <ex>seneet os</ex>
         <ex>et o</ex>
         <ex>et encore</ex>
         <ex>et eraie
</ex>
         <ex>et d</ex>
         <ex>aoroientet en</ex>
         <ex>fianceet la</ex>
         <ex>creanceet le</ex>
         <ex>et debrissa</ex>
         <ex>et en</ex>
         <ex>et est</ex>
         <ex>et engigne</ex>
         <ex>aet e</ex>
         <ex>et en</ex>
         <ex>reet li</ex>
         <ex>et debonaires</ex>
         <ex>et entr</ex>
         <ex>euset dist</ex>
         <ex>oreet qe</ex>
         <ex>ditet li</ex>
         <ex>et por</ex>
         <ex>et mand</ex>
         <ex>et arstrent</ex>
         <ex>elleet la</ex>
         <ex>oet a</ex>
         <ex>et de</ex>
         <ex>aleeet li</ex>
         <ex>et loenges</ex>
         <ex>costumeet puis</ex>
         <ex>et doctri</ex>
         <ex>reset so</ex>
         <ex>et de</ex>
         <ex>et doctrinez</ex>
         <ex>beneet puis</ex>
         <ex>et hetiez
</ex>
         <ex>eoret le</ex>
         <ex>et l</ex>
         <ex>autreet le</ex>
         <ex>neset genz</ex>
         <ex>euset alassent
</ex>
         <ex>et ser</ex>
         <ex>et iandes</ex>
         <ex>et tout</ex>
         <ex>mazet li</ex>
         <ex>meret il</ex>
         <ex>granzet orible</ex>
         <ex>terreet pristrent</ex>
         <ex>costumeet lor</ex>
         <ex>reet alerent</ex>
         <ex>et d</ex>
         <ex>et marchi</ex>
         <ex>marchiet grant</ex>
         <ex>et la</ex>
         <ex>et adont</ex>
         <ex>et si</ex>
         <ex>oset de</ex>
         <ex>et si</ex>
         <ex>et qi</ex>
         <ex>et sa</ex>
         <ex>otroierentet si</ex>
         <ex>uneet de</ex>
         <ex> et li</ex>
         <ex>et </ex>
         <ex>et homes</ex>
         <ex>luiet si</ex>
         <ex>ocirreet por</ex>
         <ex>et a</ex>
         <ex>et a</ex>
         <ex>et espris</ex>
         <ex>et eus</ex>
         <ex>et si</ex>
         <ex> et </ex>
         <ex>laet qant</ex>
         <ex>et a</ex>
         <ex>reet cil</ex>
         <ex>traiteset apareilliez</ex>
         <ex>toliet si</ex>
         <ex>et puissanz</ex>
         <ex>et granz</ex>
         <ex>et por</ex>
         <ex> et seur</ex>
         <ex>luiet li</ex>
         <ex>pooiret qi</ex>
         <ex>et entenz</ex>
         <ex>et celi</ex>
         <ex>et si</ex>
         <ex>et corroces</ex>
         <ex> et </ex>
         <ex>et si</ex>
         <ex>et de</ex>
         <ex>destruizet si</ex>
         <ex>et d</ex>
         <ex>esteret si</ex>
         <ex>doucementet si</ex>
         <ex>amoret 
</ex>
         <ex>ageet alerent</ex>
         <ex>aleret firent</ex>
         <ex>pereoret les</ex>
         <ex>et bo</ex>
         <ex>oiset damoi</ex>
         <ex>et les</ex>
         <ex>et de</ex>
         <ex>et quist</ex>
         <ex>et en</ex>
         <ex>ieet q</ex>
         <ex>et regarz</ex>
         <ex>entet qe</ex>
         <ex>sonet mortel</ex>
         <ex>bienet cil</ex>
         <ex>et argent</ex>
         <ex>oloiret a</ex>
         <ex>et d</ex>
         <ex>et si</ex>
         <ex>et conta
</ex>
         <ex>certeinementet sanz</ex>
         <ex>oset si
</ex>
         <ex>et qie</ex>
         <ex>et amis
</ex>
         <ex>et ous</ex>
         <ex>et entendue</ex>
         <ex>et dite.</ex>
         <ex>oet entendi</ex>
         <ex>et a</ex>
         <ex>et si</ex>
         <ex>et distrent</ex>
         <ex>et semons</ex>
         <ex>semonset si</ex>
         <ex>et aemplir</ex>
         <ex>forcieret si</ex>
         <ex>et mestiers</ex>
         <ex>peset si</ex>
         <ex>et si</ex>
         <ex>et sanz</ex>
         <ex>chartreet si</ex>
         <ex>bienet si</ex>
         <ex>homet pleins
</ex>
         <ex>treet si</ex>
         <ex>princeset si</ex>
         <ex>reret si</ex>
         <ex>espoentezet comencierent</ex>
         <ex>et a</ex>
         <ex>et lor</ex>
         <ex>detraireet a</ex>
         <ex>reset si</ex>
         <ex>et disoient</ex>
         <ex>et ceste</ex>
         <ex>et sanz</ex>
         <ex>et sanz</ex>
         <ex>grantet ne</ex>
         <ex>et plor</ex>
         <ex>et puis</ex>
         <ex>periret re</ex>
         <ex>et deli</ex>
         <ex>deet s</ex>
         <ex> et si</ex>
         <ex>aussintet si</ex>
         <ex>et besier
</ex>
         <ex>pitiet la</ex>
         <ex>et a</ex>
         <ex>et ne</ex>
         <ex>misericordeet ne</ex>
         <ex>ieet nostre</ex>
         <ex>litet li</ex>
         <ex>et si</ex>
         <ex>prissonet por</ex>
         <ex>et si</ex>
         <ex>ret se</ex>
         <ex>geet q</ex>
         <ex>ociset qe</ex>
         <ex>et as</ex>
         <ex>et de</ex>
         <ex>set tieus</ex>
         <ex>tiet ala
</ex>
         <ex>et perduz</ex>
         <ex>chartreet se</ex>
         <ex>mpereoret si</ex>
         <ex>et soit</ex>
         <ex>erset ta</ex>
         <ex>et li</ex>
         <ex>espoentezet manda</ex>
         <ex>et ses</ex>
         <ex>baronset si</ex>
         <ex>semblantet si</ex>
         <ex>et par
</ex>
         <ex>et espoen</ex>
         <ex>et respondi</ex>
         <ex>et si</ex>
         <ex>aprendreet bien</ex>
         <ex>et si</ex>
         <ex>ssentet si</ex>
         <ex>et de</ex>
         <ex>lignieet se</ex>
         <ex>et si</ex>
         <ex>et qe</ex>
         <ex>et nos</ex>
         <ex>deet si</ex>
         <ex>et entendus</ex>
         <ex>terreset ensus
</ex>
         <ex>distet puis</ex>
         <ex>estoitet de</ex>
         <ex>bontet si</ex>
         <ex>conteret dire</ex>
         <ex>et por</ex>
         <ex> et retraire</ex>
         <ex>et si</ex>
         <ex>et si</ex>
         <ex>et a</ex>
         <ex>rezet si
</ex>
         <ex>et essiaus</ex>
         <ex>et aornez</ex>
         <ex>eet q</ex>
         <ex>deraet si</ex>
         <ex>oioitet tant</ex>
         <ex>besieret por</ex>
         <ex>et si</ex>
         <ex>ceet autres</ex>
         <ex>estoitet si</ex>
         <ex>oioitet les</ex>
         <ex>cielet si</ex>
         <ex>et esmer</ex>
         <ex>et nule</ex>
         <ex>choseset tu</ex>
         <ex>et a</ex>
         <ex>et des
</ex>
         <ex>scritureset qu</ex>
         <ex>et as</ex>
         <ex>loantet bene</ex>
         <ex>itet regne</ex>
         <ex>geleet la</ex>
         <ex>corset le</ex>
         <ex>boucheet tantost</ex>
         <ex>et sa
</ex>
         <ex>et .</ex>
         <ex>adonqeset qant</ex>
         <ex>et si</ex>
         <ex>et tra</ex>
         <ex>celiet tantost</ex>
         <ex>ignoret la</ex>
         <ex>et </ex>
         <ex>euet sa
</ex>
         <ex>et la
</ex>
         <ex>nonet si</ex>
         <ex>et si</ex>
         <ex>et ait</ex>
         <ex>et par</ex>
         <ex>et les</ex>
         <ex>membreset pui</ex>
         <ex>ignoret tantost</ex>
         <ex>sanezet si</ex>
         <ex>et graciant</ex>
         <ex>et tro</ex>
         <ex>et d</ex>
         <ex>et pleines</ex>
         <ex>et a</ex>
         <ex>homeet si</ex>
         <ex>estet a</ex>
         <ex>et deli</ex>
         <ex>et haitiez</ex>
         <ex>et reclamez
</ex>
         <ex>miracleset d</ex>
         <ex>ieet ala</ex>
         <ex>tet si</ex>
         <ex>et si</ex>
         <ex>croizet puis</ex>
         <ex>et eripe</ex>
         <ex>tuamet sal</ex>
         <ex>protectoremet in</ex>
         <ex> et </ex>
         <ex>et 
</ex>
         <ex>et de
</ex>
         <ex>et si</ex>
         <ex>et eslee</ex>
         <ex>et li</ex>
         <ex>et de</ex>
         <ex>et desciroient</ex>
         <ex>et le</ex>
         <ex>et o</ex>
         <ex>eneet si</ex>
         <ex>esqeset cil</ex>
         <ex>corset si</ex>
         <ex>et co</ex>
         <ex>et li</ex>
         <ex>et par</ex>
         <ex>et molt
</ex>
         <ex>miracleet fet</ex>
         <ex>deset adonc</ex>
         <ex>et no</ex>
         <ex>et amoit</ex>
         <ex>et anz
</ex>
         <ex>oitet qe</ex>
         <ex>passionet </ex>
         <ex>elizet enfo</ex>
         <ex>eglisseet si</ex>
         <ex>tureet haute</ex>
         <ex> et esgard</ex>
         <ex>et l</ex>
         <ex> et de</ex>
         <ex>ret de</ex>
         <ex>ret de</ex>
         <ex>deet de</ex>
         <ex>et q</ex>
         <ex>liquieuret d</ex>
         <ex>ditet fet
</ex>
         <ex>et muz</ex>
         <ex>et der</ex>
         <ex>et envoiez</ex>
         <ex>uileet la</ex>
         <ex>et mis</ex>
         <ex>et en</ex>
         <ex>et li</ex>
         <ex>et entendre</ex>
         <ex>et acrut</ex>
         <ex>pluset plus</ex>
         <ex>loinget pres</ex>
         <ex>et des</ex>
         <ex> et qe</ex>
         <ex>genzet de</ex>
         <ex>anet la</ex>
         <ex>confessoret puis</ex>
         <ex>et molt</ex>
         <ex>rieret si</ex>
         <ex>et comen</ex>
         <ex>oeeet comen</ex>
         <ex>ret dont</ex>
         <ex>et la</ex>
         <ex>resgardaet si</ex>
         <ex>reet loa</ex>
         <ex> et celui</ex>
         <ex> et si
</ex>
         <ex>et les</ex>
         <ex>luiet puis
</ex>
         <ex>estet droiture</ex>
         <ex> et a</ex>
         <ex>homeet li</ex>
         <ex>charchiet les
</ex>
         <ex>et les</ex>
         <ex>et fist</ex>
         <ex>et besoinz.</ex>
         <ex>et sa</ex>
         <ex>et ses</ex>
         <ex>et ses
</ex>
         <ex>zet assez</ex>
         <ex>mesnieet puis</ex>
         <ex>et isnie</ex>
         <ex>et droiturier.</ex>
         <ex>et sa</ex>
         <ex>et che</ex>
         <ex>et ses</ex>
         <ex>leet por</ex>
         <ex>meret la</ex>
         <ex>et de
</ex>
         <ex>et son</ex>
         <ex>et perderont</ex>
         <ex>aet plus</ex>
         <ex>perduet la</ex>
         <ex>et toute</ex>
         <ex>et demenerent</ex>
         <ex>et del</ex>
         <ex>et sa</ex>
         <ex>signeuret si</ex>
         <ex>autelet si</ex>
         <ex>et raconta</ex>
         <ex>oitiseet coment</ex>
         <ex>et son</ex>
         <ex>et la</ex>
         <ex>et tuit</ex>
         <ex>oieet rendirent</ex>
         <ex>et loenges
</ex>
         <ex>et a</ex>
         <ex>et si</ex>
         <ex>oeeet puis</ex>
         <ex>meret si</ex>
         <ex>brazet port</ex>
         <ex>ageet li</ex>
         <ex>et puis</ex>
         <ex>et autres</ex>
         <ex>oieet si</ex>
         <ex>et le</ex>
         <ex>et li</ex>
         <ex>et a</ex>
         <ex>et oianz</ex>
         <ex>et a</ex>
         <ex>reset si
</ex>
         <ex>et par</ex>
         <ex>garderet par</ex>
         <ex>nieret rele</ex>
         <ex>homet q</ex>
         <ex>racleet por</ex>
         <ex>euet ses</ex>
         <ex>autelet si</ex>
         <ex>gageset </ex>
         <ex>et par</ex>
         <ex>et si</ex>
         <ex>respitet il</ex>
         <ex> et olentiers.</ex>
         <ex>faiteet li</ex>
         <ex>oitet si</ex>
         <ex>et pa</ex>
         <ex>et autres</ex>
         <ex>et si</ex>
         <ex>et pai</ex>
         <ex>et as</ex>
         <ex>et dist</ex>
         <ex>et par</ex>
         <ex>crestienet si</ex>
         <ex>et si</ex>
         <ex>creoitet </ex>
         <ex>et cre</ex>
         <ex>creet q</ex>
         <ex>et </ex>
         <ex>et re</ex>
         <ex>et autres</ex>
         <ex>et autres</ex>
         <ex>breet le</ex>
         <ex>eglisseet por</ex>
         <ex> et le</ex>
         <ex>boisdieet por</ex>
         <ex>et desco</ex>
         <ex>et ale</ex>
         <ex>autelet si</ex>
         <ex>et trest
</ex>
         <ex>oieet li</ex>
         <ex>oieet si</ex>
         <ex>entureet tant
</ex>
         <ex>crestienet si</ex>
         <ex> et si</ex>
         <ex>et defrois</ex>
         <ex>et bien</ex>
         <ex>et a</ex>
         <ex>parzet li</ex>
         <ex>intet si</ex>
         <ex>et prist</ex>
         <ex>et nurent</ex>
         <ex> et dece</ex>
         <ex>et qant</ex>
         <ex>toiet tres</ex>
         <ex>eet ho</ex>
         <ex>et ami</ex>
         <ex>boisiezet qe</ex>
         <ex>deserteet se</ex>
         <ex>et tote</ex>
         <ex>mesnieet toz
</ex>
         <ex>et hei</ex>
         <ex>et ala</ex>
         <ex>autelet si</ex>
         <ex>coupableset puis</ex>
         <ex>mentet si</ex>
         <ex>et tote
</ex>
         <ex>et honora</ex>
         <ex>tet mon</ex>
         <ex>ret sa</ex>
         <ex>et aempli</ex>
         <ex>et sa</ex>
         <ex>et regne
</ex>
         <ex>det si</ex>
         <ex>et ardoir</ex>
         <ex>et la</ex>
         <ex>et de</ex>
         <ex> et esgardee.</ex>
         <ex>nerentet si</ex>
         <ex>plorantet distrent</ex>
         <ex>et au</ex>
         <ex>et par</ex>
         <ex>et a</ex>
         <ex>oirset proies.</ex>
         <ex>et sa</ex>
         <ex>et d</ex>
         <ex>et de</ex>
         <ex>et sa</ex>
         <ex>richesceet puis</ex>
         <ex>et si</ex>
         <ex>changeet si</ex>
         <ex>et si</ex>
         <ex>et lessa</ex>
         <ex>endroientet pr</ex>
         <ex>et l</ex>
         <ex>et les</ex>
         <ex>et entendez</ex>
         <ex>et pree</ex>
         <ex>ploreret grant</ex>
         <ex>et qui</ex>
         <ex>et si</ex>
         <ex>et de</ex>
         <ex>et prisses</ex>
         <ex>arrazinet lors</ex>
         <ex>et si</ex>
         <ex>et chetif</ex>
         <ex>et ceste
</ex>
         <ex>et tolistes</ex>
         <ex>et autres</ex>
         <ex>et combien</ex>
         <ex>et prises</ex>
         <ex>et puis
</ex>
         <ex>lueset emblees</ex>
         <ex>gardeet si</ex>
         <ex>espoentezet por</ex>
         <ex>et sa</ex>
         <ex>oucementet si</ex>
         <ex>et droituriers</ex>
         <ex>et misericors</ex>
         <ex>et granz</ex>
         <ex>et puissanz</ex>
         <ex>et sanz</ex>
         <ex>et sanz</ex>
         <ex>omeet si</ex>
         <ex>et se</ex>
         <ex>et it</ex>
         <ex>et si</ex>
         <ex>luiet tote
</ex>
         <ex>et sa</ex>
         <ex>et si</ex>
         <ex>et gracierent</ex>
         <ex>et </ex>
         <ex>et en</ex>
         <ex>det einsi</ex>
         <ex>et honeurent</ex>
         <ex>miracleset ceste</ex>
         <ex>det totes</ex>
         <ex> et cil</ex>
         <ex>eglisseset li</ex>
         <ex>festeset honeur</ex>
         <ex>et honeurent.</ex>
         <ex>et entendez</ex>
         <ex>ieet ses</ex>
         <ex>festeset li</ex>
         <ex>et socors</ex>
         <ex>et secorre</ex>
         <ex>besoinzet desliier</ex>
         <ex>mestieret liiez</ex>
         <ex>et de</ex>
         <ex>et reg</ex>
         <ex>miracleet pluiseurs</ex>
         <ex>et embelir</ex>
         <ex>et d</ex>
         <ex>et corages</ex>
         <ex>et si</ex>
         <ex> et en</ex>
         <ex>indrentet q</ex>
         <ex>citet it</ex>
         <ex>et a</ex>
         <ex>et auques</ex>
         <ex>meret corurent</ex>
         <ex>et a</ex>
         <ex>et d</ex>
         <ex>et sorent</ex>
         <ex>et pis</ex>
         <ex>et sorent</ex>
         <ex>fereet si</ex>
         <ex>marcheandiseet de</ex>
         <ex>oileset repairierent</ex>
         <ex>et e</ex>
         <ex>gardoientet pou</ex>
         <ex>et lacierent</ex>
         <ex>heaumeset ceinstr</ex>
         <ex>et mistrent
</ex>
         <ex>forzet hardiz
</ex>
         <ex>et mout
</ex>
         <ex>et distrent</ex>
         <ex>et ou</ex>
         <ex>et lor</ex>
         <ex>et enseignierent</ex>
         <ex>eschaperet mout</ex>
         <ex>durementet li</ex>
         <ex>leuset la</ex>
         <ex>et duc
</ex>
         <ex>et disoient</ex>
         <ex>et au</ex>
         <ex>et si</ex>
         <ex>et enquerez</ex>
         <ex>et si</ex>
         <ex>et ist</ex>
         <ex>et departez</ex>
         <ex>et male</ex>
         <ex> et q</ex>
         <ex>et mout</ex>
         <ex>clerzet pueple</ex>
         <ex>isionet si</ex>
         <ex>regionet se
</ex>
         <ex>et il
</ex>
         <ex>et por</ex>
         <ex>et perdi</ex>
         <ex>et la</ex>
         <ex>duelet si</ex>
         <ex>et argent</ex>
         <ex>seet les</ex>
         <ex>et plo</ex>
         <ex>et crioient</ex>
         <ex>et si</ex>
         <ex> et estri</ex>
         <ex>eglisseet si</ex>
         <ex>et har</ex>
         <ex>et li</ex>
         <ex>toitet qant</ex>
         <ex>et si</ex>
         <ex>et ostas</ex>
         <ex>elizet il</ex>
         <ex>moitiet il</ex>
         <ex>estoitet si</ex>
         <ex>et atrest</ex>
         <ex>nonet li</ex>
         <ex>diligenseet par</ex>
         <ex>amoret par</ex>
         <ex>et atrest
</ex>
         <ex>ertureet il</ex>
         <ex>et toz</ex>
         <ex>et sanz</ex>
         <ex>et trest</ex>
         <ex>decoroientet si
</ex>
         <ex>et a</ex>
         <ex>durementet li</ex>
         <ex>et si</ex>
         <ex>estrangeset ers</ex>
         <ex>et ta</ex>
         <ex>et ceste
</ex>
         <ex>delet si</ex>
         <ex>et la</ex>
         <ex>et puis</ex>
         <ex>et mises</ex>
         <ex>et en</ex>
         <ex>et q</ex>
         <ex>et loerent</ex>
         <ex>et en</ex>
         <ex>et le</ex>
         <ex>et drecierent</ex>
         <ex>et trestrent</ex>
         <ex>et fort</ex>
         <ex>et droiturier
</ex>
         <ex>et si</ex>
         <ex>et tuit</ex>
         <ex>et il</ex>
         <ex>meret il</ex>
         <ex>et lor</ex>
         <ex>rompreet lor</ex>
         <ex>et a</ex>
         <ex>et si</ex>
         <ex>et dont</ex>
         <ex>et si</ex>
         <ex>et si</ex>
         <ex>et demenoient</ex>
         <ex>doleurset li</ex>
         <ex>et si
</ex>
         <ex>et nostre</ex>
         <ex>et nostre</ex>
         <ex>et si</ex>
         <ex>deet puis</ex>
         <ex>et par</ex>
         <ex>et disoient</ex>
         <ex>et s</ex>
         <ex>et depe</ex>
         <ex>leret a</ex>
         <ex>et qatre</ex>
         <ex>et mises</ex>
         <ex>borseet qe</ex>
         <ex>tet si
</ex>
         <ex>et entendez</ex>
         <ex>apesaet cil</ex>
         <ex>et mon</ex>
         <ex>fereet si</ex>
         <ex>et dedenz</ex>
         <ex>det puis</ex>
         <ex>otionet par</ex>
         <ex>cleret au</ex>
         <ex>leesceet la</ex>
         <ex> et corurent</ex>
         <ex>auet pristrent</ex>
         <ex>et lor</ex>
         <ex>zet toz</ex>
         <ex>et puceles</ex>
         <ex>ielet o</ex>
         <ex>chasteaet des
</ex>
         <ex> et plus</ex>
         <ex>et alez</ex>
         <ex>et a</ex>
         <ex>et a</ex>
         <ex>ardanzet chantoient</ex>
         <ex>et droiture.</ex>
         <ex>et a</ex>
         <ex>et bene</ex>
         <ex>et si</ex>
         <ex>otet bene</ex>
         <ex> et sa
</ex>
         <ex>chiet metre</ex>
         <ex>et l</ex>
         <ex>onset granz</ex>
         <ex>et esploitierent</ex>
         <ex>et par</ex>
         <ex>milet wi</ex>
         <ex>tanteet siet</ex>
         <ex>et mout</ex>
         <ex>deset peres</ex>
         <ex>et esqui</ex>
         <ex>et ense</ex>
         <ex>eglisseet la</ex>
         <ex>anzet sessante</ex>
         <ex>delet si</ex>
         <ex>et crestiens</ex>
         <ex> et conte
</ex>
         <ex>et pleins</ex>
         <ex>et disoit</ex>
         <ex>roiet tresq</ex>
         <ex>et au</ex>
         <ex>et dedenz</ex>
         <ex>et tot</ex>
         <ex>antet derriere</ex>
         <ex>ignoret par</ex>
         <ex>et heitiez</ex>
         <ex>et si</ex>
         <ex>et gueriz
</ex>
         <ex>et pluiseurs</ex>
         <ex>et del</ex>
         <ex>et des</ex>
         <ex>et des</ex>
         <ex>maladieet l</ex>
         <ex>et clope</ex>
         <ex>sechieet l</ex>
         <ex>enfermetet la</ex>
         <ex>et pale</ex>
         <ex>et a</ex>
         <ex>et ses</ex>
         <ex>et gueriz</ex>
         <ex>et sors</ex>
         <ex>et muz
</ex>
         <ex>et a</ex>
         <ex>corset por</ex>
         <ex>pechiezet le</ex>
         <ex>et </ex>
         <ex>det </ex>
         <ex>deet autres</ex>
         <ex>esqeset tuit</ex>
         <ex>det grant</ex>
         <ex>et si</ex>
         <ex>et sa</ex>
         <ex>et de</ex>
         <ex>et e</ex>
         <ex>et tantost</ex>
         <ex>et a</ex>
         <ex>et mon</ex>
         <ex>et mout
</ex>
         <ex>et le</ex>
         <ex>et le</ex>
         <ex>aleret au</ex>
         <ex>et por</ex>
         <ex>et por</ex>
         <ex>exet mes</ex>
         <ex>et aidast.</ex>
         <ex>ploreret a</ex>
         <ex>anuiet en</ex>
         <ex>deet si</ex>
         <ex>et il</ex>
         <ex>et par</ex>
         <ex>plaierentet ocistr</ex>
         <ex>fuelleset puis</ex>
         <ex>pelerinet en</ex>
         <ex>et enquist</ex>
         <ex>aloientet cil</ex>
         <ex>respondiet dist</ex>
         <ex>corrociet son</ex>
         <ex>et par</ex>
         <ex>piezet si</ex>
         <ex>luiet ses</ex>
         <ex>et en</ex>
         <ex>et par</ex>
         <ex>et loerent</ex>
         <ex>signeuret si</ex>
         <ex>et il</ex>
         <ex>et cruieus.</ex>
         <ex>et si
</ex>
         <ex>et li
</ex>
         <ex>et puis</ex>
         <ex>et grant
</ex>
         <ex>et lors</ex>
         <ex>et par</ex>
         <ex>et deli</ex>
         <ex>et de</ex>
         <ex>et reclaim</ex>
         <ex>teireet si</ex>
         <ex>et miseri</ex>
         <ex>et de</ex>
         <ex>et amoit</ex>
         <ex>ploreret a</ex>
         <ex> et secoruz</ex>
         <ex>finet si</ex>
         <ex>ignoret se</ex>
         <ex>et a</ex>
         <ex> et qe</ex>
         <ex>et si</ex>
         <ex>et gueriz</ex>
         <ex>aparuzet qu</ex>
         <ex>graceet il</ex>
         <ex>et proioient</ex>
         <ex>et deli</ex>
         <ex>premierset qi</ex>
         <ex>et honorez</ex>
         <ex>ieet qu</ex>
         <ex>et pardon</ex>
         <ex>prestreset as</ex>
         <ex>et les</ex>
         <ex>et irent</ex>
         <ex>et disoit</ex>
         <ex>confessoret si</ex>
         <ex>toiet a</ex>
         <ex>oieet qu</ex>
         <ex>et a</ex>
         <ex>et donee</ex>
         <ex>et consomee</ex>
         <ex> et dedia</ex>
         <ex>oneuret en</ex>
         <ex>et a</ex>
         <ex>et seintement</ex>
         <ex>et si</ex>
         <ex>et sa</ex>
         <ex>et si</ex>
         <ex>et orde</ex>
         <ex>et en</ex>
         <ex>proiaet requist</ex>
         <ex>et orz</ex>
         <ex>et del</ex>
         <ex>et des</ex>
         <ex>et mout</ex>
         <ex>genzet de</ex>
         <ex>et chascun</ex>
         <ex>et la</ex>
         <ex>icholaet fesoient
</ex>
         <ex>et sa</ex>
         <ex>et ses
</ex>
         <ex>fiuzet lor</ex>
         <ex>et lor</ex>
         <ex>et larrons</ex>
         <ex>et sa</ex>
         <ex>et lor</ex>
         <ex>et lor</ex>
         <ex> et sa</ex>
         <ex>et lor</ex>
         <ex>et lor</ex>
         <ex>et lor</ex>
         <ex>debatreet si</ex>
         <ex>et crioit</ex>
         <ex>et si</ex>
         <ex>et di</ex>
         <ex> et mes</ex>
         <ex>et do</ex>
         <ex>et qe</ex>
         <ex>ieet apr</ex>
         <ex>et nos
</ex>
         <ex>et si</ex>
         <ex>rentet si</ex>
         <ex>proiereset si</ex>
         <ex>et norri</ex>
         <ex>et alaitai</ex>
         <ex>et ausint</ex>
         <ex>risteet dolente</ex>
         <ex>et toz</ex>
         <ex>et qe</ex>
         <ex>et la</ex>
         <ex>femeet si</ex>
         <ex>et si</ex>
         <ex>et des</ex>
         <ex>et donons
</ex>
         <ex> et sa
</ex>
         <ex>et oelle</ex>
         <ex>et a</ex>
         <ex>rendreet e</ex>
         <ex>et si</ex>
         <ex>moiet si</ex>
         <ex>proiereet les</ex>
         <ex>et creons</ex>
         <ex>creatureet qe</ex>
         <ex>et de</ex>
         <ex>et des</ex>
         <ex>et regnes</ex>
         <ex>et de</ex>
         <ex>et les</ex>
         <ex>et finez</ex>
         <ex>apertenoitet li</ex>
         <ex>prestreet li</ex>
         <ex>et a</ex>
         <ex>doieet si</ex>
         <ex>reet li</ex>
         <ex>souspireret a</ex>
         <ex>et amenez</ex>
         <ex>prisonet qe</ex>
         <ex>et sa</ex>
         <ex>et celebroient</ex>
         <ex>humlementet mout</ex>
         <ex>et si</ex>
         <ex>et si</ex>
         <ex>et messires</ex>
         <ex>et sa
</ex>
         <ex>et li</ex>
         <ex> et .</ex>
         <ex>et si
</ex>
         <ex>et par</ex>
         <ex>proiereet </ex>
         <ex>iolset qe</ex>
         <ex>et regnes</ex>
         <ex>et la</ex>
         <ex>et de</ex>
         <ex> et dit</ex>
         <ex>ignoret loerent</ex>
         <ex>et apele</ex>
         <ex>et por</ex>
         <ex>et regne</ex>
         <ex>et nostre</ex>
         <ex>et des</ex>
         <ex>et son</ex>
         <ex>get pres</ex>
         <ex>et par</ex>
         <ex>sambleet alerent</ex>
         <ex>et si
</ex>
         <ex>et proierent</ex>
         <ex>et por</ex>
         <ex>douceet a</ex>
         <ex>et mue</ex>
         <ex>et autres</ex>
         <ex>et dist</ex>
         <ex>et font</ex>
         <ex>et lor
</ex>
         <ex>et st</ex>
         <ex>et trest</ex>
         <ex>estenduet lors</ex>
         <ex>et si
</ex>
         <ex>noteet d</ex>
         <ex>tostet qant</ex>
         <ex> et q</ex>
         <ex>et tant</ex>
         <ex>et par
</ex>
         <ex>et mout</ex>
         <ex>steset tres</ex>
         <ex>et les</ex>
         <ex>et socorre</ex>
         <ex>et esgarees</ex>
         <ex>et piti</ex>
         <ex>et regne</ex>
         <ex> et distrent</ex>
         <ex>et des</ex>
         <ex> et distrent</ex>
         <ex> et des
</ex>
         <ex>et de</ex>
         <ex>et baisai</ex>
         <ex>et men</ex>
         <ex>oieet un</ex>
         <ex> et si
</ex>
         <ex>et int
</ex>
         <ex>moiet si</ex>
         <ex>et qe</ex>
         <ex>et li
</ex>
         <ex>enuzet e</ex>
         <ex>aet de</ex>
         <ex>et tante</ex>
         <ex>et tu
</ex>
         <ex>et la</ex>
         <ex>oieet ment</ex>
         <ex>gardeeet qele</ex>
         <ex>et qele
</ex>
         <ex>doneeet quels</ex>
         <ex>et quels</ex>
         <ex>et ser</ex>
         <ex>et croient.</ex>
         <ex>et en</ex>
         <ex>ret entendre</ex>
         <ex>et son</ex>
         <ex> et si</ex>
         <ex> et se</ex>
         <ex>et raconte
</ex>
         <ex>set si
</ex>
         <ex>et de</ex>
         <ex>et lessiez.</ex>
         <ex>amiset puis</ex>
         <ex>orronset entenderons.</ex>
         <ex>meset fe</ex>
         <ex>escoutameset il</ex>
         <ex>toiet e</ex>
         <ex>et droit</ex>
         <ex>et sanz
</ex>
         <ex>et isiter</ex>
         <ex>seinzet me</ex>
         <ex>et feire</ex>
         <ex>et droiture.</ex>
         <ex>terreet noz
</ex>
         <ex>et periz</ex>
         <ex>compaignonset si
</ex>
         <ex>et enqerre</ex>
         <ex>feteet co</ex>
         <ex>et hisdeus.</ex>
         <ex>et de</ex>
         <ex>et de</ex>
         <ex>et par</ex>
         <ex>et cil</ex>
         <ex>benignementet si</ex>
         <ex>ageet q</ex>
         <ex>et raler
</ex>
         <ex>rreet de</ex>
         <ex>habitoientet s</ex>
         <ex>deseureet puis</ex>
         <ex>geet un</ex>
         <ex>et de</ex>
         <ex>et li</ex>
         <ex>et fumes</ex>
         <ex>et saou</ex>
         <ex>et delitable.</ex>
         <ex>orgeet bone</ex>
         <ex>paroleet si</ex>
         <ex>et la</ex>
         <ex>trespasseeet li</ex>
         <ex>habitacleet si</ex>
         <ex>et enclose</ex>
         <ex>encloseet faite</ex>
         <ex>et nos</ex>
         <ex>et entendu</ex>
         <ex>osteet ses
</ex>
         <ex>reset il</ex>
         <ex>ageet nos
</ex>
         <ex>et les</ex>
         <ex>et granz
</ex>
         <ex> et por</ex>
         <ex> et estoit</ex>
         <ex>et mes</ex>
         <ex>preudet mout</ex>
         <ex>et ensigniez
</ex>
         <ex>et endoctrinez</ex>
         <ex>latinet de</ex>
         <ex>greuet d</ex>
         <ex>parleret si</ex>
         <ex> et fait</ex>
         <ex>moigneset </ex>
         <ex>et d</ex>
         <ex>et d</ex>
         <ex>orgueilet de</ex>
         <ex>et li</ex>
         <ex>manoientet preudome
</ex>
         <ex>et se</ex>
         <ex>et de</ex>
         <ex>abet quanq</ex>
         <ex>euset qi</ex>
         <ex>et feire.</ex>
         <ex>et autre
</ex>
         <ex>et establi</ex>
         <ex>abbeset trametoit</ex>
         <ex>et le
</ex>
         <ex>anzet li</ex>
         <ex>et oribles.</ex>
         <ex>colet la</ex>
         <ex>luiet si</ex>
         <ex>fetet bien</ex>
         <ex>et li</ex>
         <ex>et ferme</ex>
         <ex>huiset si
</ex>
         <ex>et co</ex>
         <ex>ertuet por</ex>
         <ex>et alerent</ex>
         <ex>deserzet l</ex>
         <ex>neet la</ex>
         <ex>estoitet a</ex>
         <ex>et del</ex>
         <ex>et la
</ex>
         <ex>et seche</ex>
         <ex>et de</ex>
         <ex>et si
</ex>
         <ex>et sa</ex>
         <ex>besteet de</ex>
         <ex>et la
</ex>
         <ex> et es</ex>
         <ex>liueset del</ex>
         <ex>esbanoieret por
</ex>
         <ex>ermitageet de</ex>
         <ex>et de</ex>
         <ex>serainet por</ex>
         <ex>et mes
</ex>
         <ex>dotanceet nos</ex>
         <ex>iluecet ele</ex>
         <ex>arbreet donc</ex>
         <ex>et li</ex>
         <ex>donaet la</ex>
         <ex>et tint</ex>
         <ex>et entendre</ex>
         <ex>et de
</ex>
         <ex>ertuet qe</ex>
         <ex>et a</ex>
         <ex>toutet qant</ex>
         <ex>et q</ex>
         <ex>abessieet si</ex>
         <ex>testeet puis</ex>
         <ex>et plus</ex>
         <ex>et raconter</ex>
         <ex>et cels</ex>
         <ex>et de</ex>
         <ex>et si</ex>
         <ex>orneret sont</ex>
         <ex>et en</ex>
         <ex>et lo</ex>
         <ex>et por</ex>
         <ex>raconteret dire</ex>
         <ex>peinset lor</ex>
         <ex>et sau</ex>
         <ex>orset leur</ex>
         <ex>et a</ex>
         <ex>et a</ex>
         <ex>pitiet cil</ex>
         <ex>et il</ex>
         <ex>entet regardoit
</ex>
         <ex>eet por</ex>
         <ex>et do</ex>
         <ex>et demandoit</ex>
         <ex>lionceauset tantost</ex>
         <ex>isitet si</ex>
         <ex>homeet si</ex>
         <ex>faitet por</ex>
         <ex>et dire.</ex>
         <ex> et dit.</ex>
         <ex>erbeset de</ex>
         <ex>nuisableset legiere</ex>
         <ex>pristrentet i</ex>
         <ex>gieret la</ex>
         <ex>et a</ex>
         <ex>reret torner</ex>
         <ex>mengieret les
</ex>
         <ex>nonet einsint</ex>
         <ex>besteet ce
</ex>
         <ex>et de</ex>
         <ex>et qi</ex>
         <ex>habitentet qe</ex>
         <ex>et mois.</ex>
         <ex>et des</ex>
         <ex>et qe</ex>
         <ex>et dire</ex>
         <ex>aleret de</ex>
         <ex>puiet le</ex>
         <ex>buefet le</ex>
         <ex>aet a</ex>
         <ex>fistet en</ex>
         <ex>et habi</ex>
         <ex>ieet si
</ex>
         <ex>contreeet si</ex>
         <ex>nonet de</ex>
         <ex>et qi</ex>
         <ex> et dit</ex>
         <ex>et de</ex>
         <ex>solementet e</ex>
         <ex>foiet par</ex>
         <ex>omeset a</ex>
         <ex>et lor</ex>
         <ex>et d</ex>
         <ex>autreet e</ex>
         <ex>et lor</ex>
         <ex>ditet en</ex>
         <ex>mileet el</ex>
         <ex>ruileet tenoient
</ex>
         <ex>et esle</ex>
         <ex>et bien</ex>
         <ex>meurset de</ex>
         <ex>conseuset cest
</ex>
         <ex>et a</ex>
         <ex>et li</ex>
         <ex>soffriret ses</ex>
         <ex>et faire</ex>
         <ex>dreet si</ex>
         <ex>entureet si</ex>
         <ex>et feire.</ex>
         <ex>et par</ex>
         <ex>ignoret por</ex>
         <ex>atargementet meintenant</ex>
         <ex>mandet liez</ex>
         <ex>et pro</ex>
         <ex>et dist</ex>
         <ex>distet </ex>
         <ex>olontierset sanz</ex>
         <ex>penseeet qu</ex>
         <ex>meinet grant</ex>
         <ex>et d</ex>
         <ex>eillieret le</ex>
         <ex>finet adonc
</ex>
         <ex>et a</ex>
         <ex> et a</ex>
         <ex>et portant
</ex>
         <ex>fuelleset si</ex>
         <ex>et d</ex>
         <ex>et la</ex>
         <ex>et retreites</ex>
         <ex>et o</ex>
         <ex>et it</ex>
         <ex>homeset molt</ex>
         <ex> et doctrin</ex>
         <ex>et solitaire</ex>
         <ex>et pure</ex>
         <ex>et plus</ex>
         <ex>femeet a</ex>
         <ex>et a</ex>
         <ex>siecleet lessast
</ex>
         <ex>et a</ex>
         <ex>celleet l</ex>
         <ex>proceineet ou</ex>
         <ex>blasmeret li</ex>
         <ex>et a</ex>
         <ex>et les</ex>
         <ex>ermitageet si</ex>
         <ex>conteeset dites</ex>
         <ex>et de</ex>
         <ex>et a
</ex>
         <ex>et des</ex>
         <ex>et de</ex>
         <ex>moiet se
</ex>
         <ex>et a</ex>
         <ex>escriteet cis</ex>
         <ex>et mes</ex>
         <ex>et mer</ex>
         <ex>meret par</ex>
         <ex> portezet si
</ex>
         <ex>et dite.</ex>
         <ex>homet dont</ex>
         <ex>trespasseeet e</ex>
         <ex>et tuit</ex>
         <ex>et seit</ex>
         <ex>et en</ex>
         <ex>et en</ex>
         <ex>deet par
</ex>
         <ex>det meesmement</ex>
         <ex> et tes</ex>
         <ex>et pluiseurs</ex>
         <ex>et e</ex>
         <ex>et saces
</ex>
         <ex> et si</ex>
         <ex>et dire</ex>
         <ex>et dites</ex>
         <ex>et com</ex>
         <ex>siecleet si</ex>
         <ex>cielet si</ex>
         <ex>siecleet entre</ex>
         <ex>puepleet entre</ex>
         <ex>gaitoientet entre</ex>
         <ex>et de</ex>
         <ex>ieet chascun
</ex>
         <ex>et escandres.</ex>
         <ex>leuet eschapa</ex>
         <ex>et a</ex>
         <ex>et ra</ex>
         <ex>et guerissoit</ex>
         <ex>serpenzet apaisoit</ex>
         <ex>ageset curoit</ex>
         <ex>et sa</ex>
         <ex>reet por
</ex>
         <ex>firentet qe</ex>
         <ex>et il</ex>
         <ex>et dist</ex>
         <ex>det les
</ex>
         <ex>anacorinteset les
</ex>
         <ex>et toute
</ex>
         <ex>et tote</ex>
         <ex>et nde</ex>
         <ex>ndeet tote
</ex>
         <ex>aleeet le</ex>
         <ex>et par</ex>
         <ex>et conoissent</ex>
         <ex>prestreet clerc</ex>
         <ex>clercet roi</ex>
         <ex>roiet conte</ex>
         <ex>conteet prince</ex>
         <ex>princeet li</ex>
         <ex>et cre</ex>
         <ex>et ses</ex>
         <ex>et lor</ex>
         <ex>et fist</ex>
         <ex>pliret feire</ex>
         <ex>honteet ont</ex>
         <ex>et faisoit</ex>
         <ex>traitieret parler</ex>
         <ex>et la</ex>
         <ex>paroleet si</ex>
         <ex>aet si</ex>
         <ex>et dire</ex>
         <ex>enfanceet por</ex>
         <ex>et le</ex>
         <ex> et si
</ex>
         <ex>et proi</ex>
         <ex>et aurai.</ex>
         <ex>diet parole
</ex>
         <ex>et croi</ex>
         <ex>muset sanz</ex>
         <ex>paroleet tu</ex>
         <ex>et ses</ex>
         <ex>et si</ex>
         <ex>et e</ex>
         <ex>paroleset la
</ex>
         <ex>et si
</ex>
         <ex>et dit</ex>
         <ex>reet si</ex>
         <ex>et qant</ex>
         <ex>et dire</ex>
         <ex>luiet en</ex>
         <ex>siecleet qe</ex>
         <ex>mostet e
</ex>
         <ex>et pluiseur</ex>
         <ex>et si
</ex>
         <ex>et cou</ex>
         <ex>et a</ex>
         <ex>mellastet q</ex>
         <ex>et ure
</ex>
         <ex>euet si</ex>
         <ex>et si</ex>
         <ex>orissonset si</ex>
         <ex>mieet puis</ex>
         <ex>donaet se</ex>
         <ex>esqeet si</ex>
         <ex>et si</ex>
         <ex>estiret q</ex>
         <ex>aparellieet li</ex>
         <ex>paroleet par</ex>
         <ex>et par</ex>
         <ex>et corte</ex>
         <ex>petitet ce</ex>
         <ex>reet si</ex>
         <ex>reet il</ex>
         <ex>hautet ce</ex>
         <ex>puepleet non</ex>
         <ex>partieet une</ex>
         <ex>et uns
</ex>
         <ex>prestreset moine</ex>
         <ex>et bel
</ex>
         <ex>apelezet crestiens</ex>
         <ex>et si</ex>
         <ex>homeet re</ex>
         <ex> et entre</ex>
         <ex>et estendu</ex>
         <ex>et par</ex>
         <ex>forset sanc</ex>
         <ex>sonet en</ex>
         <ex>set tout</ex>
         <ex>haitiezet fu</ex>
         <ex>enimet de</ex>
         <ex>et nos</ex>
         <ex>estoientet por</ex>
         <ex>choseet il</ex>
         <ex>et il</ex>
         <ex>estemenzet asfublez</ex>
         <ex>et a</ex>
         <ex>eslancieret s</ex>
         <ex>peineset si
</ex>
         <ex>corrociezet molt</ex>
         <ex>homeet le</ex>
         <ex>et a</ex>
         <ex>batreet a</ex>
         <ex>motet de</ex>
         <ex>desciret tout
</ex>
         <ex>asneet puis</ex>
         <ex>bastonset de</ex>
         <ex>et eoir</ex>
         <ex>et a</ex>
         <ex>et enten</ex>
         <ex>zet molt</ex>
         <ex>oieset si</ex>
         <ex>oret par</ex>
         <ex>et benignement.</ex>
         <ex>et a</ex>
         <ex> et la
</ex>
         <ex>racleet pluiseurs</ex>
         <ex>celeeset tant</ex>
         <ex>et cela</ex>
         <ex>doutezet si</ex>
         <ex>et en</ex>
         <ex>et retraire
</ex>
         <ex>et de</ex>
         <ex>et sot</ex>
         <ex>et sot</ex>
         <ex>et esploiter.</ex>
         <ex>et a</ex>
         <ex>et a</ex>
         <ex>et a</ex>
         <ex>et creez.</ex>
         <ex>et a</ex>
         <ex>et si
</ex>
         <ex>et a</ex>
         <ex>aet la</ex>
         <ex>et lie.</ex>
         <ex>cielet a</ex>
         <ex>homeet li</ex>
         <ex>neret ne</ex>
         <ex>et si</ex>
         <ex>ieet il</ex>
         <ex>aet si</ex>
         <ex>et croi</ex>
         <ex>fermementet nus</ex>
         <ex>aussintet ce</ex>
         <ex>apostreset as
</ex>
         <ex>et de</ex>
         <ex>et di</ex>
         <ex>ret nos</ex>
         <ex>et dite.</ex>
         <ex>et de</ex>
         <ex>et autre</ex>
         <ex>chiefet si
</ex>
         <ex>et de</ex>
         <ex>mengierset si</ex>
         <ex>et nuiz</ex>
         <ex>et ses</ex>
         <ex>et si</ex>
         <ex>palezet q</ex>
         <ex>desfermeeset li
</ex>
         <ex>roiet qant</ex>
         <ex>seoitet toz</ex>
         <ex>et si</ex>
         <ex>proiereet le</ex>
         <ex>mengieret l</ex>
         <ex>et molt</ex>
         <ex>et o</ex>
         <ex>et a</ex>
         <ex>et e</ex>
         <ex>dureeet bien</ex>
         <ex>et miracles</ex>
         <ex>et seintes</ex>
         <ex>laet ut</ex>
         <ex>et de</ex>
         <ex>geet pristrent</ex>
         <ex>et porent.</ex>
         <ex>et grant
</ex>
         <ex>teet tantost</ex>
         <ex>entrezet cil</ex>
         <ex>et deli</ex>
         <ex>et sa</ex>
         <ex>paignieet la
</ex>
         <ex>corneset cruelment</ex>
         <ex>bleciezet ele</ex>
         <ex>et a</ex>
         <ex>et molt
</ex>
         <ex>encontreet si</ex>
         <ex>esteet si</ex>
         <ex>et adonc</ex>
         <ex>et se</ex>
         <ex>piezet li</ex>
         <ex>foucet a</ex>
         <ex>compaignieet ele</ex>
         <ex>et fu</ex>
         <ex>prestreset ceus</ex>
         <ex>eneorset chiens</ex>
         <ex>et lee</ex>
         <ex>leeet li
</ex>
         <ex>issentet q</ex>
         <ex>et fo</ex>
         <ex>paroleet se</ex>
         <ex>et ala</ex>
         <ex>et grant</ex>
         <ex>aet si</ex>
         <ex>corageet li</ex>
         <ex>enchauciet il</ex>
         <ex>ristet ele</ex>
         <ex>et si</ex>
         <ex>et en</ex>
         <ex> et orde</ex>
         <ex> et dit
</ex>
         <ex>noset si</ex>
         <ex>et en</ex>
         <ex>compaignieet si</ex>
         <ex>champaigneet la</ex>
         <ex>mesonet la</ex>
         <ex>abstinanceet si</ex>
         <ex> et si</ex>
         <ex>et amonester</ex>
         <ex>et par</ex>
         <ex>et dist.</ex>
         <ex>et honorer</ex>
         <ex>et de</ex>
         <ex>homeet si</ex>
         <ex>enueet qe</ex>
         <ex>et isiter</ex>
         <ex>et a</ex>
         <ex>demostreret une</ex>
         <ex>et molt</ex>
         <ex>oiret entendre</ex>
         <ex>doneeet de</ex>
         <ex>cheintureet il</ex>
         <ex>et celes</ex>
         <ex>et lor</ex>
         <ex>et quels</ex>
         <ex>et </ex>
         <ex>et bien
</ex>
         <ex>et a</ex>
         <ex>laet atendions</ex>
         <ex>et la</ex>
         <ex>parlassentet dont</ex>
         <ex>pooret fumes
</ex>
         <ex>autreset si
</ex>
         <ex>sentueet a</ex>
         <ex>et oiz</ex>
         <ex>mieet si</ex>
         <ex> et  </ex>
         <ex> et resnierent</ex>
         <ex>et lerent.</ex>
         <ex>et lor</ex>
         <ex>et l</ex>
         <ex>et dist.</ex>
         <ex> et </ex>
         <ex>et de</ex>
         <ex>et blasmoit</ex>
         <ex>et nos</ex>
         <ex>et espro</ex>
         <ex>et molt
</ex>
         <ex>et mer</ex>
         <ex>parzet a</ex>
         <ex>et dit.</ex>
         <ex>entureet si</ex>
         <ex>Signoret si</ex>
         <ex>et dist</ex>
         <ex>et enqe</ex>
         <ex>et les</ex>
         <ex>et dites</ex>
         <ex>diteset com</ex>
         <ex>et aprisses.</ex>
         <ex> et si</ex>
         <ex>paroleset il
</ex>
         <ex>estionset si
</ex>
         <ex>mesonet si</ex>
         <ex>amiset qi
</ex>
         <ex> et si
</ex>
         <ex>deguerpissomeset por</ex>
         <ex>trespasseeet la</ex>
         <ex> et </ex>
         <ex> et il</ex>
         <ex>et e</ex>
         <ex>qeroientet il
</ex>
         <ex>et qe</ex>
         <ex>et desiroient</ex>
         <ex> et </ex>
         <ex>et dire</ex>
         <ex>ieret 
</ex>
         <ex>choseset e</ex>
         <ex>et die</ex>
         <ex>et habitent</ex>
         <ex>et dire.</ex>
         <ex>homeet si</ex>
         <ex>et dist</ex>
         <ex> et li
</ex>
         <ex>et reqe</ex>
         <ex>et li</ex>
         <ex>beneet puis</ex>
         <ex>tet puis
</ex>
         <ex>et le</ex>
         <ex>entreet si</ex>
         <ex>et lonc</ex>
         <ex>encoreet si</ex>
         <ex>et d</ex>
         <ex>et disoit</ex>
         <ex>et diroit
</ex>
         <ex>ensambleet qant</ex>
         <ex>et engr</ex>
         <ex>issiret si</ex>
         <ex>et dire</ex>
         <ex>et a</ex>
         <ex>peineset lendemein
</ex>
         <ex>dormoientet il</ex>
         <ex>fermementet li</ex>
         <ex>et tu</ex>
         <ex>et si</ex>
         <ex>et firent</ex>
         <ex>signoret si
</ex>
         <ex>songeset qe</ex>
         <ex>porteet por</ex>
         <ex>quierset demandes.</ex>
         <ex>laet li</ex>
         <ex>et si</ex>
         <ex>et manda</ex>
         <ex>eilloitet destruisoit.</ex>
         <ex>et dire</ex>
         <ex>et dist</ex>
         <ex>contet se</ex>
         <ex>et i</ex>
         <ex>et ceste</ex>
         <ex>et son</ex>
         <ex>et a</ex>
         <ex>eret si</ex>
         <ex>airet si</ex>
         <ex>paumeset si</ex>
         <ex>et esparz</ex>
         <ex>nueset por</ex>
         <ex>mandastet si</ex>
         <ex>nonet li</ex>
         <ex> et batu</ex>
         <ex>et chaci</ex>
         <ex>et fors</ex>
         <ex>et contrue</ex>
         <ex>et tempeste</ex>
         <ex>et les</ex>
         <ex>et toz</ex>
         <ex>terreset tant</ex>
         <ex>et meintes
</ex>
         <ex>aet si</ex>
         <ex>et deman</ex>
         <ex>deet li</ex>
         <ex>feteet dite</ex>
         <ex>et si</ex>
         <ex>et le</ex>
         <ex>tet meesmement</ex>
         <ex>et dire
</ex>
         <ex>furentet cil</ex>
         <ex>contet dit</ex>
         <ex>et par
</ex>
         <ex>creatureet a</ex>
         <ex>desfendueet ala
</ex>
         <ex>zet si</ex>
         <ex>et plus</ex>
         <ex>et entendi</ex>
         <ex> et mis
</ex>
         <ex>grantet mer</ex>
         <ex>et espes
</ex>
         <ex>et mas</ex>
         <ex>toret la</ex>
         <ex>miseet aoree</ex>
         <ex>et li</ex>
         <ex>et la</ex>
         <ex>et abatist</ex>
         <ex>et en</ex>
         <ex>et si</ex>
         <ex>et une</ex>
         <ex>et les
</ex>
         <ex>et dite</ex>
         <ex>cestuiet si
</ex>
         <ex>et molt</ex>
         <ex>chastelet deseu</ex>
         <ex>et it</ex>
         <ex>et mer</ex>
         <ex>colombeet seur
</ex>
         <ex>et debrisa</ex>
         <ex>et </ex>
         <ex>et entent.</ex>
         <ex>eet uns
</ex>
         <ex>homeet si
</ex>
         <ex>et si
</ex>
         <ex>et enten</ex>
         <ex>dentet li</ex>
         <ex>solementet bien</ex>
         <ex>peschieret si</ex>
         <ex>et si</ex>
         <ex>et si</ex>
         <ex>aet si</ex>
         <ex>graceset loenges.</ex>
         <ex>gemmeset la</ex>
         <ex>et entendre</ex>
         <ex> et si</ex>
         <ex>empereoret meintenu</ex>
         <ex>aet la</ex>
         <ex>espoentezet si</ex>
         <ex>et ses</ex>
         <ex>hermiteset q</ex>
         <ex>et les</ex>
         <ex>et as</ex>
         <ex>et ceus</ex>
         <ex>mieet por</ex>
         <ex>fereet de</ex>
         <ex>encontreet si</ex>
         <ex>et a</ex>
         <ex>et si</ex>
         <ex>et dist</ex>
         <ex>palezet entre</ex>
         <ex>et a</ex>
         <ex>oret entendre</ex>
         <ex>et le</ex>
         <ex>parleret ce</ex>
         <ex>et cruiels</ex>
         <ex>et del</ex>
         <ex>emperereset neqe</ex>
         <ex>regneet </ex>
         <ex>despenduet l</ex>
         <ex>pooret </ex>
         <ex>et distrent</ex>
         <ex>mentet tel</ex>
         <ex>afaireet si</ex>
         <ex>et si</ex>
         <ex>et ou</ex>
         <ex>foiet de</ex>
         <ex> et de
</ex>
         <ex>aet si</ex>
         <ex>droitet qe</ex>
         <ex>et si</ex>
         <ex>comunitet a</ex>
         <ex>et de</ex>
         <ex>et a</ex>
         <ex>noireet a</ex>
         <ex>empereoret se</ex>
         <ex>olentierset si</ex>
         <ex>et preud</ex>
         <ex>raet si</ex>
         <ex>set il</ex>
         <ex>et si</ex>
         <ex>doleuret fere</ex>
         <ex>ertuet si</ex>
         <ex>et il</ex>
         <ex> et de</ex>
         <ex>et </ex>
         <ex>et tant</ex>
         <ex>puiset de</ex>
         <ex>et espro</ex>
         <ex>et si</ex>
         <ex>eet ein</ex>
         <ex>et gueriz.</ex>
         <ex>et dist</ex>
         <ex>et plui</ex>
         <ex>meret il</ex>
         <ex>et une</ex>
         <ex>et lor</ex>
         <ex>derrompreet leur</ex>
         <ex>et a</ex>
         <ex>et seqeur
</ex>
         <ex>et deli</ex>
         <ex>et la</ex>
         <ex>departieet cil</ex>
         <ex>et icaires</ex>
         <ex>et secors</ex>
         <ex>et de</ex>
         <ex>roigneet de</ex>
         <ex>ignoret si</ex>
         <ex>et par</ex>
         <ex>nuizet en
</ex>
         <ex>et si</ex>
         <ex>et conta</ex>
         <ex>et toute</ex>
         <ex>et si</ex>
         <ex>iandeset li</ex>
         <ex>et si
</ex>
         <ex>et este</ex>
         <ex>et cri</ex>
         <ex>et la</ex>
         <ex>maniereset a</ex>
         <ex>seureet li</ex>
         <ex>alerieet par
</ex>
         <ex>fantosmeet par</ex>
         <ex>et disoit.</ex>
         <ex>et autres</ex>
         <ex>et si</ex>
         <ex>et pardon</ex>
         <ex>et q</ex>
         <ex>et a</ex>
         <ex>choseset e</ex>
         <ex>et si</ex>
         <ex>et par</ex>
         <ex>conditionet de</ex>
         <ex>aet si</ex>
         <ex>et 
</ex>
         <ex>resconseet tens</ex>
         <ex>et les
</ex>
         <ex>nuleet si</ex>
         <ex>et si</ex>
         <ex>et le</ex>
         <ex>et es</ex>
         <ex>estrangeset </ex>
         <ex>et es</ex>
         <ex>et es</ex>
         <ex>et es</ex>
         <ex>citezet si</ex>
         <ex>et so</ex>
         <ex>et ra</ex>
         <ex>et ta
</ex>
         <ex>et qi</ex>
         <ex>et a</ex>
         <ex>huiet hier</ex>
         <ex>et raconteras</ex>
         <ex> et par</ex>
         <ex>et par</ex>
         <ex> et par</ex>
         <ex>enet encore</ex>
         <ex>racontasseset en</ex>
         <ex> et en</ex>
         <ex>et par</ex>
         <ex>et en</ex>
         <ex>et proi</ex>
         <ex>et cont</ex>
         <ex>contet si</ex>
         <ex>fleurset herbes</ex>
         <ex>et de</ex>
         <ex>fistet treita</ex>
         <ex>et si</ex>
         <ex>et os</ex>
      </td>
   </tr>
   <tr>
      <td>⁊ </td>
      <td>
         <em>Et </em>
         <ex>creanceEt si</ex>
      </td>
   </tr>
   <tr>
      <td>ꝙ</td>
      <td>
         <em>qe</em>
         <ex> qe</ex>
         <ex>qe</ex>
         <ex>qetu</ex>
         <ex>esqes</ex>
         <ex>ilueqes</ex>
         <ex>siqenus</ex>
      </td>
   </tr>
   <tr>
      <td>ꝯ</td>
      <td>
         <em>com</em>
         <ex>comil</ex>
         <ex>com</ex>
         <ex>com</ex>
         <ex>compeins</ex>
         <ex>comil</ex>
         <ex>comele</ex>
         <ex>compaignie</ex>
         <ex>compaig</ex>
         <ex>sacompaignie</ex>
      </td>
      <td>
         <em>con</em>
         <ex>Ciconmence</ex>
         <ex>Ciconmence</ex>
         <ex>Dontconmen</ex>
         <ex>conmanda</ex>
         <ex>conmanda.</ex>
         <ex>siconmanda
</ex>
         <ex>conmanda</ex>
         <ex>conmandoit</ex>
         <ex>conman</ex>
         <ex>tconme</ex>
         <ex>iconmencierent</ex>
         <ex>conmandement</ex>
         <ex>conmen</ex>
         <ex>conmanda</ex>
         <ex>conment</ex>
         <ex>conment</ex>
         <ex>moineconmanda</ex>
         <ex>connissoit</ex>
         <ex>conmanda</ex>
         <ex>conmandement</ex>
         <ex> conmencierent</ex>
         <ex>conmen</ex>
         <ex>conment</ex>
         <ex>conman</ex>
         <ex>conman</ex>
         <ex>contree</ex>
         <ex>conterai</ex>
         <ex>conmen</ex>
         <ex>conmanda</ex>
         <ex>conman</ex>
         <ex>conmandemenz</ex>
         <ex>conment</ex>
         <ex>conmanda</ex>
         <ex>conmencierent</ex>
         <ex>conmence</ex>
         <ex>conne</ex>
         <ex>conme</ex>
         <ex>conme</ex>
         <ex>entrerentconmencierent
</ex>
         <ex>conmandemenz</ex>
         <ex>conmen</ex>
         <ex>conmandement</ex>
         <ex>meconmandas</ex>
         <ex>conm</ex>
         <ex>conmandemenz</ex>
         <ex>conpaignons</ex>
         <ex>conmen</ex>
         <ex>conmencierent</ex>
         <ex>conmanda</ex>
         <ex>conmen</ex>
         <ex>conman</ex>
         <ex>conmen</ex>
         <ex>conmen</ex>
         <ex>conmen</ex>
         <ex>Doncconmanda</ex>
         <ex>conmen</ex>
         <ex>leconmant</ex>
         <ex>conment</ex>
         <ex>liconmanda</ex>
         <ex>conment</ex>
         <ex>conmanda</ex>
         <ex>conmen</ex>
         <ex>liconmencie</ex>
         <ex>conmen</ex>
         <ex>conmencierent</ex>
         <ex>conmen</ex>
         <ex>conmen</ex>
         <ex>siconme</ex>
         <ex>conmencie</ex>
         <ex>encontre</ex>
         <ex>conme
</ex>
         <ex>conmen</ex>
         <ex>Siconme</ex>
         <ex>liconmen</ex>
         <ex>conmen</ex>
         <ex>conmanda</ex>
         <ex>conselle</ex>
         <ex>conselle</ex>
         <ex>orsconmanda</ex>
         <ex>conmanda</ex>
         <ex>conment</ex>
         <ex>conmanda</ex>
         <ex>conpaignie</ex>
         <ex>conm</ex>
         <ex>sconmunement</ex>
         <ex>conmanda</ex>
         <ex>conment</ex>
         <ex>cont</ex>
         <ex>conmen</ex>
         <ex>conme</ex>
         <ex>conme</ex>
         <ex>conme</ex>
         <ex>conment</ex>
         <ex>leconmandement</ex>
         <ex>deconmander
</ex>
         <ex>conmencierent</ex>
         <ex>conmencierent</ex>
         <ex>conmen</ex>
         <ex>siconme</ex>
         <ex>conme</ex>
         <ex>conme</ex>
         <ex>conmen</ex>
         <ex>conmant</ex>
         <ex>conmencier
</ex>
         <ex>conmandement</ex>
         <ex> conmandez</ex>
         <ex>laconpagnie</ex>
         <ex>conmence</ex>
         <ex>conmence
</ex>
         <ex>conment</ex>
         <ex>consomee</ex>
         <ex>conmencierent</ex>
         <ex>conme
</ex>
         <ex>conmencierent</ex>
         <ex>siconil
</ex>
         <ex>conme</ex>
         <ex>ieconment</ex>
         <ex>conmen</ex>
         <ex>ilconmanderent</ex>
         <ex>conmanderent</ex>
         <ex>sesconmandemenz</ex>
         <ex>conmenci</ex>
         <ex>leconmandement</ex>
         <ex>conmencierent</ex>
         <ex>conme</ex>
         <ex>conme</ex>
         <ex>conmanda</ex>
         <ex>conmence</ex>
         <ex>conmence
</ex>
         <ex>conmen</ex>
         <ex>conme</ex>
         <ex>conmencent</ex>
         <ex>confessor.</ex>
         <ex>conmencent</ex>
         <ex>confessor.</ex>
         <ex>conmen</ex>
         <ex>oitconmand</ex>
         <ex>conmand</ex>
         <ex>leconmencierent
</ex>
         <ex>lorconmanda
</ex>
         <ex>conmandast
</ex>
         <ex>ocirreconment</ex>
         <ex>conme</ex>
         <ex>conmande</ex>
         <ex>conment</ex>
         <ex>connurent</ex>
         <ex>conmande</ex>
         <ex>conmencierent</ex>
         <ex>conmencie</ex>
         <ex>conmen</ex>
         <ex>conment</ex>
         <ex>conmande</ex>
         <ex>liconmandemens</ex>
         <ex>conmen</ex>
         <ex>conmencierent</ex>
         <ex>raconte</ex>
         <ex>raconte</ex>
         <ex>conmen</ex>
         <ex>oieconment</ex>
         <ex>conme</ex>
         <ex>conmen</ex>
         <ex>conmanda</ex>
         <ex>conmande</ex>
         <ex>leconmandement</ex>
         <ex>conme</ex>
         <ex>conme</ex>
         <ex>conmencier</ex>
         <ex>leconmen</ex>
         <ex>conmanda</ex>
         <ex>conme</ex>
         <ex>conme</ex>
         <ex>laconmanda
</ex>
         <ex>conmen</ex>
         <ex>oscontro</ex>
         <ex>conmencierent</ex>
         <ex>congi</ex>
         <ex>conmen</ex>
         <ex>conmen</ex>
         <ex>conme</ex>
         <ex>siconme
</ex>
         <ex>conme</ex>
         <ex>connoi</ex>
         <ex>conme</ex>
         <ex>conmen</ex>
         <ex>conmen</ex>
         <ex>liconmen</ex>
         <ex>conman</ex>
         <ex>conmen</ex>
         <ex>conmandoit</ex>
         <ex>conme
</ex>
         <ex>conmanda</ex>
         <ex>conmanz</ex>
         <ex>conmand</ex>
         <ex>conmanz</ex>
         <ex>conmandemenz</ex>
         <ex>conmanderoit</ex>
         <ex>conman</ex>
         <ex>conmandement</ex>
         <ex>conmen</ex>
         <ex>lesconmandemenz</ex>
         <ex>conman</ex>
         <ex>lacontree</ex>
         <ex>conmencierent</ex>
         <ex>conmenci</ex>
         <ex>conne</ex>
         <ex>encontre</ex>
         <ex>aconplir</ex>
         <ex>conme</ex>
         <ex>conmence
</ex>
         <ex>conmen</ex>
         <ex>conmencement</ex>
         <ex>conmand</ex>
         <ex>conmanda</ex>
         <ex>conment</ex>
         <ex>conient
</ex>
         <ex>conme</ex>
         <ex>conme</ex>
         <ex>conmencierent</ex>
         <ex>conmencierent</ex>
         <ex>conme</ex>
         <ex>lesconmencierent</ex>
         <ex>conne</ex>
         <ex>conmencement</ex>
         <ex>conment</ex>
         <ex>conmen</ex>
         <ex>conmen</ex>
         <ex>siconmen</ex>
         <ex>conmander</ex>
         <ex>conmanda</ex>
         <ex>conmencierent</ex>
         <ex>conmanda</ex>
         <ex>conmandement
</ex>
         <ex>liconmen</ex>
         <ex>conmen</ex>
         <ex>leconmandement</ex>
         <ex>conmen</ex>
         <ex>conmanda</ex>
         <ex>conme</ex>
         <ex>conmencierent
</ex>
         <ex>lacontree</ex>
         <ex>conment</ex>
         <ex>conmen</ex>
         <ex>conmanda</ex>
         <ex>conmen</ex>
         <ex>conme</ex>
      </td>
   </tr>
   <tr>
      <td></td>
      <td>
         <em>qe</em>
         <ex>onqes</ex>
         <ex>onqes</ex>
         <ex>tresqeas</ex>
         <ex>onqes</ex>
         <ex>esqeen</ex>
         <ex>qeil</ex>
         <ex>onqes</ex>
         <ex>onqes</ex>
         <ex>qels</ex>
         <ex>onqes</ex>
         <ex>anqeonqes</ex>
         <ex>onqes</ex>
         <ex>reisonsqetu</ex>
         <ex>auqes</ex>
         <ex>qee</ex>
         <ex>asqes</ex>
         <ex>reqerre</ex>
      </td>
   </tr>
   <tr>
      <td>﻿p</td>
      <td>
         <em>pre</em>
         <ex>pretres</ex>
         <ex>lipreost</ex>
      </td>
      <td>
         <em>pré</em>
         <ex>Aprés</ex>
         <ex>Aprés</ex>
      </td>
   </tr>
   <tr>
      <td>﻿ꝑ</td>
      <td>
         <em>Per</em>
         <ex>﻿Pere</ex>
      </td>
      <td>
         <em>par</em>
         <ex>ne﻿parla</ex>
         <ex>parmons</ex>
         <ex>departi
</ex>
         <ex>﻿partie.</ex>
         <ex>forceparla</ex>
         <ex>parmiracles</ex>
         <ex>oirpar
</ex>
         <ex>parta</ex>
         <ex>paroles</ex>
         <ex>parties</ex>
         <ex>es﻿partirent</ex>
         <ex>baptesmeparlor</ex>
         <ex>﻿parlor</ex>
         <ex>﻿parmoi</ex>
         <ex>foiparcoi</ex>
         <ex>﻿partirent</ex>
         <ex>aparut</ex>
         <ex>cenz﻿parn</ex>
         <ex>lumiere﻿parmenable</ex>
         <ex>﻿parta</ex>
         <ex>﻿parles</ex>
         <ex>parce</ex>
         <ex>parmenable.</ex>
         <ex>de﻿parti</ex>
         <ex>﻿partotes</ex>
         <ex>﻿parmenable</ex>
         <ex>﻿parler
</ex>
         <ex>departie</ex>
         <ex>﻿par</ex>
         <ex>departiroit</ex>
         <ex>﻿parcest</ex>
         <ex>﻿parcom
</ex>
         <ex>messepargrant</ex>
         <ex>partote
</ex>
         <ex>﻿parses
</ex>
         <ex>lesparoles</ex>
         <ex>﻿parnostre</ex>
         <ex>sacra﻿pargrant</ex>
         <ex>﻿partotes</ex>
         <ex>eparlui
</ex>
         <ex>de﻿parti</ex>
         <ex>pargeunes</ex>
         <ex>parmenable</ex>
         <ex>departoit</ex>
         <ex>departies.</ex>
         <ex>parmi</ex>
         <ex>partie</ex>
         <ex>parles</ex>
         <ex>seulementparnon</ex>
         <ex>departir</ex>
         <ex>partout
</ex>
         <ex>parma</ex>
         <ex>par
</ex>
         <ex>departi
</ex>
         <ex>seisiparmi</ex>
         <ex>parole</ex>
         <ex>departi</ex>
         <ex>amesparson</ex>
         <ex>partout</ex>
         <ex>pardesputisons</ex>
         <ex>pareraies</ex>
         <ex>part</ex>
         <ex>parl</ex>
         <ex>parl</ex>
         <ex>parsa</ex>
         <ex>deparnostre</ex>
         <ex>pardolereuse</ex>
         <ex>departi</ex>
         <ex>parla</ex>
         <ex>par</ex>
         <ex>parler</ex>
         <ex>autrepartie</ex>
         <ex>par</ex>
         <ex>sipar</ex>
         <ex>departi</ex>
         <ex>parsa</ex>
         <ex>parsa</ex>
         <ex>parla</ex>
         <ex>parla
</ex>
         <ex>pardon</ex>
         <ex>parla</ex>
         <ex>examplespartieus</ex>
         <ex>parla</ex>
         <ex>partoi</ex>
         <ex>dignesparcui
</ex>
         <ex>parla</ex>
         <ex>partel</ex>
         <ex>parle</ex>
         <ex>parbones</ex>
         <ex>depar</ex>
         <ex>departisist</ex>
         <ex>parsa
</ex>
         <ex>parla</ex>
         <ex>parderriers</ex>
         <ex>parla</ex>
         <ex>departi</ex>
         <ex>par
</ex>
         <ex>metezparce</ex>
         <ex>parmout</ex>
         <ex>donaparla</ex>
         <ex>parlui</ex>
         <ex>oitparla</ex>
         <ex>parsi</ex>
         <ex>alparune</ex>
         <ex>parne</ex>
         <ex>paroles
</ex>
         <ex>parle</ex>
         <ex>par.</ex>
         <ex>parmeintes</ex>
         <ex>siparloit</ex>
         <ex>parl</ex>
         <ex>parmout</ex>
         <ex>parlui
</ex>
         <ex>parses</ex>
         <ex>parmellor
</ex>
         <ex>parloit</ex>
         <ex>parla</ex>
         <ex>parla</ex>
         <ex>parler</ex>
         <ex>cezparoles.</ex>
         <ex>parmeintes</ex>
         <ex>parla</ex>
         <ex>aparut</ex>
         <ex>parler</ex>
         <ex>parle</ex>
         <ex>parmeintes</ex>
         <ex>pardeseure</ex>
         <ex>arsparla</ex>
         <ex>parson</ex>
         <ex>qeparraie</ex>
         <ex>parmenable</ex>
         <ex>mesparoles.</ex>
         <ex>parsa</ex>
         <ex>departirent</ex>
         <ex>parautel
</ex>
         <ex>parole
</ex>
         <ex>enparmenable</ex>
         <ex>parles</ex>
         <ex>parmenable.</ex>
         <ex>departi</ex>
         <ex>paroles</ex>
         <ex>paroles</ex>
         <ex>deparnostre</ex>
         <ex>parnostre</ex>
         <ex>departir
</ex>
         <ex>fuparles</ex>
         <ex>partie</ex>
         <ex>parerit</ex>
         <ex>enoientparcui</ex>
         <ex>partoz</ex>
         <ex>emparmenable</ex>
         <ex>sparenir.</ex>
         <ex>parmolt</ex>
         <ex>touteparfete</ex>
         <ex>parla</ex>
         <ex>paroles</ex>
         <ex>parla</ex>
         <ex>legierementparl</ex>
         <ex>croireparl</ex>
         <ex>﻿partout</ex>
         <ex>parsa</ex>
         <ex>parla</ex>
         <ex>departi</ex>
         <ex>﻿parties</ex>
         <ex>﻿parsa</ex>
         <ex>parle</ex>
         <ex>parmenable.</ex>
         <ex>mandaparmolt</ex>
         <ex>suesfrepartoi</ex>
         <ex>parses</ex>
         <ex>fuparle</ex>
         <ex>partoz</ex>
         <ex>﻿paroles</ex>
         <ex>﻿partout</ex>
         <ex>﻿partie</ex>
         <ex>﻿parsa</ex>
         <ex>oientpargrant
</ex>
         <ex>de﻿partie</ex>
         <ex> ﻿parla</ex>
         <ex>﻿parti</ex>
         <ex>﻿parmout</ex>
         <ex>﻿parmi</ex>
         <ex>﻿parmi</ex>
         <ex>parmenable</ex>
         <ex>tantparmer</ex>
         <ex>﻿partirent</ex>
         <ex>reporterentparnuit</ex>
         <ex>languagespartoute</ex>
         <ex>totespars.</ex>
         <ex>parmout</ex>
         <ex>totesparz</ex>
         <ex>teesparles</ex>
         <ex>﻿parmout</ex>
         <ex> parta</ex>
         <ex> parler</ex>
         <ex> parler</ex>
         <ex>nosparlions</ex>
         <ex>parla</ex>
         <ex>parsonges
</ex>
         <ex>parla</ex>
         <ex>paroles
</ex>
         <ex>departi</ex>
         <ex>partie</ex>
         <ex>departi</ex>
         <ex>departi</ex>
         <ex>partir</ex>
         <ex>para</ex>
         <ex>parcharmes.</ex>
         <ex>mparla</ex>
         <ex>abbesparla</ex>
         <ex>departi</ex>
         <ex>partie</ex>
         <ex>partoz</ex>
         <ex>par</ex>
         <ex>parbrief</ex>
         <ex>departoit.</ex>
         <ex>para</ex>
         <ex>pardon</ex>
         <ex>anzparces</ex>
         <ex>partrois</ex>
         <ex>parla</ex>
         <ex>arriereparce</ex>
         <ex>departirent</ex>
         <ex>parla</ex>
         <ex>parvomite.</ex>
         <ex>parla
</ex>
         <ex>paroles</ex>
         <ex>parenir
</ex>
         <ex>parla</ex>
         <ex>departiz</ex>
         <ex>part
</ex>
         <ex>oientparruile</ex>
         <ex>autrepartie</ex>
         <ex>parla
</ex>
         <ex>laparo</ex>
         <ex>departi</ex>
         <ex>sparceste</ex>
         <ex>departi</ex>
         <ex>parmer</ex>
         <ex>partote</ex>
         <ex>pareus</ex>
         <ex>parla</ex>
         <ex>parloient</ex>
         <ex>Tuparoles
</ex>
         <ex>ndepartote
</ex>
         <ex>parties</ex>
         <ex>pareu</ex>
         <ex>paroe</ex>
         <ex>departisist</ex>
         <ex>faitepargrant
</ex>
         <ex>partoz</ex>
         <ex>partoz</ex>
         <ex>partoz</ex>
         <ex>pargrant</ex>
         <ex>parmenable</ex>
         <ex>departi</ex>
         <ex>parl</ex>
         <ex>parmeintes</ex>
         <ex>foizparmi</ex>
         <ex>parlerent.</ex>
         <ex>lui par</ex>
         <ex>nespara</ex>
         <ex>parenue</ex>
         <ex>parlions</ex>
         <ex>parson</ex>
         <ex>departi</ex>
         <ex>partesmoins</ex>
         <ex>departement</ex>
         <ex>﻿parmout</ex>
         <ex>par﻿ses</ex>
         <ex>﻿par.</ex>
         <ex>autrepart</ex>
         <ex>﻿parlor</ex>
         <ex>﻿parole</ex>
         <ex>departirent</ex>
      </td>
      <td>
         <em>per</em>
         <ex>desesper﻿</ex>
         <ex>sperit</ex>
         <ex>a﻿pertement</ex>
         <ex>em﻿pereres</ex>
         <ex>empereres</ex>
         <ex>em﻿pereres</ex>
         <ex>﻿peres</ex>
         <ex>ses﻿peres</ex>
         <ex>em﻿pereres</ex>
         <ex>pere</ex>
         <ex>empereors</ex>
         <ex>empereor
</ex>
         <ex>empereres</ex>
         <ex>empereor</ex>
         <ex>empereres
</ex>
         <ex>empereres</ex>
         <ex>empereor</ex>
         <ex>aperut</ex>
         <ex>esperit</ex>
         <ex>peres</ex>
         <ex>empereres</ex>
         <ex>empereres</ex>
         <ex>empereor</ex>
         <ex>empereres</ex>
         <ex>empereres
</ex>
         <ex>empereres</ex>
         <ex>empereor
</ex>
         <ex>empereres</ex>
         <ex>empereres</ex>
         <ex>emperere</ex>
         <ex>empereor</ex>
         <ex>empereor</ex>
         <ex>empereor</ex>
         <ex>empereor</ex>
         <ex>empereres</ex>
         <ex>apertement</ex>
         <ex>sperit</ex>
         <ex>esperiz</ex>
         <ex>aperce</ex>
         <ex>esperiz</ex>
         <ex>em﻿pereor</ex>
         <ex>empereor</ex>
         <ex>em﻿pereor</ex>
         <ex>em﻿pereor</ex>
         <ex>em﻿pereor</ex>
         <ex>em﻿pereres
</ex>
         <ex>em﻿pereres</ex>
         <ex>empereres</ex>
         <ex>em﻿pereres
</ex>
         <ex>em﻿pereres</ex>
         <ex>mpereres</ex>
         <ex>empereres
</ex>
         <ex>empereor.</ex>
         <ex>a﻿pertement</ex>
         <ex>empereres</ex>
         <ex>﻿pere</ex>
         <ex>aperce</ex>
         <ex>aperce</ex>
         <ex>em﻿pereor</ex>
         <ex>empereres</ex>
         <ex>em﻿pereor
</ex>
      </td>
      <td>
         <em>pre</em>
         <ex>prestre</ex>
         <ex>Liprestres</ex>
         <ex>prestre</ex>
      </td>
      <td>
         <em>pro</em>
         <ex>apropinquabit</ex>
      </td>
   </tr>
   <tr>
      <td>﻿﻿﻿spū</td>
      <td>
         <em>spiritu</em>
         <ex>etspiritu</ex>
      </td>
   </tr>
   <tr>
      <td>﻿﻿﻿uͤ</td>
      <td>
         <em>vre</em>
         <ex>oevres</ex>
         <ex>povres</ex>
         <ex>oevres</ex>
         <ex>oevres</ex>
      </td>
   </tr>
   <tr>
      <td>﻿﻿﻿uͥ</td>
      <td>
         <em>uer</em>
         <ex>fuerit</ex>
      </td>
   </tr>
   <tr>
      <td>﻿﻿﻿ū</td>
      <td>
         <em>um</em>
         <ex>regnumcelo</ex>
         <ex>regnumDei</ex>
         <ex>epotianum</ex>
         <ex>eternumin</ex>
      </td>
      <td>
         <em>un</em>
         <ex>dunchastel</ex>
         <ex>chascunleu</ex>
         <ex>Aucunbien</ex>
         <ex>chascunor</ex>
      </td>
      <td>
         <em>ver</em>
         <ex>envers</ex>
         <ex>vertuz</ex>
         <ex>diverses</ex>
         <ex>envers</ex>
         <ex>envers</ex>
      </td>
   </tr>
</table>Vie de saint GillesWauchier de DenainAriane Pinche2016ParisBibliothèque nationale de Francefr. 00412Oeuvres hagiographiques de Wauchier de Denain1285Notice tiré de la base Jonas, Anne-Françoise Leurquin et Marie-Laure Savoye,
                     notice de "PARIS, Bibliothèque nationale de France, Manuscrits, fr. 00412" dans
                     la base Jonas-IRHT/CNRS (permalink : http://jonas.irht.cnrs.fr/manuscrit/45533). Consultation du
                     03/07/2015 fol.103-fol.170Wauchier de DenainOeuvres hagiographiques de Wauchier de DenainDe saint Martin mout doit on doucement et volentiers le bien oïr et
                        entendre"Dialogues sur les vertus de saint Martin" de sulpice sévère, URN CTS sur
                        le "Perseus catalog" : urn:cts:latinLit:stoa0270.stoa003parchemin33024521 Senions, 245 foliosCarolineThis pointer pattern extracts chapter and sectionThis pointer pattern extracts chapter.CharlemagneEmepreur des FrancsPriussaint Privat, evêque de Mende au 3e siècle. Son
                     culte était populaire dans le Sud de la France.FlaviusRoi du sud de la France, personnage de la vie de
                        saint GillesVeredemius640720Vérédème, ermite.AureliusArchidiacre de Césaire, personnage de la vie de saint
                        GillesTeocriteVeuve, personnage de la vie de saint GillesCésaireEvêque d'ArlesGillesTheodorusPère de saint
                     GillesPelagieMère de saint
                     GillesJean (Baptiste)Personnage biblique, Jean le
                        Baptiste fut prédicateur en Judée avant Jésus de Nazareth.Valentinien37115 mai 392Valentinien II, fils de Valentinien Ier, est
                     empereur romain de 375 à 392.GallusPersonnage de la Des dialogues sur les vertus de saint
                        Martin, il aurait été un disciple de saint Martin.PostumienPersonnage de la Des dialogues sur les vertus de saint
                        Martin, il aurait été un moine explorateur qui a rencontrer les saints
                     pères du désert.360420SeverusSulpice Sévère, auteur latin des Dialogues sur les vertus de saint Martin et de la Vie de saint Martin, il se met en scène comme étant l'un
                     des trois interlocuteurs des Dialogues sur les vertus de
                        saint Martin.Martin (saint)316397Saint Martin de Tours est né dans en Hongrie dans la colonie
                     romaine de Sabaria en 316. Il est mort à
                        Candes en France le 8 novembre
                     397.Jésus Christ030Jésus-Christ est le nom donné par l'ensemble des chrétiens au
                     prophète qu'ils considèrent comme le Messie Les chrétiens reconnaissent
                     Jésus-Christ comme le Messie et le Fils unique de Dieu.Maximin1738 août 384Magnus Clemens
                     Maximusest un officier romain qui à la tête des légions de Bretagne
                     renversa en 383 l'empereur Gratien, et régna sur l'Occident jusqu'en 388, où il
                     fut vaincu et tué par les troupes de Théodose.ArboriusMagnus Arborius, élu comte des largesses sacrées en 379,
                     puis préfet de Rome en 380, il aurait été l’un des protecteurs de saint Martin,
                     voir Sulpice Sévère, Vie de saint
                           Martin. Tome II, éd. Jacques Fontaine, Paris Éd du Cerf, 1968,
                        p.874.ItacheIthacium, evêque d'Ossobona et meneur du parti épiscopal
                     hostile à Priscillien, voir Chadwick, Priscillian, p.51-55.Priscillien340385Évêque
                     d'Avila, hérésiarque, il est le fondateur de la secte priscillianiste. Il fut
                     banni d'Espagne par un décret de Gratien puis exécuté en 385.TheonisteÉvêque gallo-romain, il est le seul parmi les Ithaciens
                     a avoir rompu avec la faction en condamnant publiquement ses agissementsFelicesÉvêqueCyprien3e siècle258Evêque de
                     Carthage, martyr, victime des persécutions de l'empereur Valérien
                     (253-260).Chaton-95-46Marcus Porcius Cato, dit Caton d'Utique, homme d'Etat romain, en
                     63, lors de la conjuration de Catilina, il prit le parti de Cicéron. Lors des
                     guerres civiles (-49), il se prononça pour Pompée et prit les armes contre César. Après la défaite de Metellus Scipion à Thapsus le 6 avril
                     46, Caton, plutôt que de perdre sa liberté, préféra se suicider en se
                     transperçant de son épée.Cesar12 juillet en 100 av. J-C.15 mars en 44 av. J-C.Caius Iulius Caesar, général romain, fin
                     stratège, suite aux guerres civiles (49-45) qu'il remportera, il se fera nommer
                     dictateur à vie de Rome avant d'être assassiné par Brutus aux Ides de Mars 44.
                  Pompeusle 29 septembre 106 av. J-C.le 28 septembre 48 av. J-C.Cnaeus Pompeius Magnus, général et homme politique
                     romain, il s'opposa à Jules César durant les
                     guerres civiles qu'il perdit lors de la bataille de Pharsale en 48 av. J-C. Il
                     prit alors la fuite vers l'Égypte où il fut assassiné sur la plage de
                     Péluse.Lucanle 3 novembre 39le 28 septembre 65Marcus Annaeus Lucanus, célèbre orateur et écrivain
                     romain, neveu de Sénèque, il composa la Pharsale, épopée
                     qui relate la guerre civile qui opposa Pompée et César entre 49 et 48
                     av. J.-C.Origene (sanit)185254Père de
                     l'Eglise, considéré comme le fondateur de l'exégèse biblique pour avoir
                     commenté tous les livres de l'Ancien et du Nouveau Testament. IL est également
                     connu pour être l'auteur du Traité des principes
                     (231).Jerome (saint)345le 20 septembre 420Père et
                     docteur de l'Eglise, célèbre traducteur de la bible latine. Il est l'un des
                     principaux opposants aux idées d'Origène.BelguisunPersonnage des Dialogues, il
                     semble être un ami de Gallus, peut-être un disciple de saint Martin. J.Fontaine
                     suggère que ce nom pourrait être un cognomen ethnique, voir
                           Sulpice Sévère, Gallus,
                           Dialogues sur les "vertus" de saint Martin, éd. Jacques Fontaine,
                        Paris Éd du Cerf, 2006, p.133Antoine251356Antoine le grand, Antoine d'Egypte ou Antoine
                        l'Ermite est considéré comme le fondateur du l'érémitisme
                     chrétien.Paul228341Paul de Thèbes ou Paul l'ermite est l'une des
                     figures fondatrices du monachisme, avec saint
                        Antoine.Jehan360432Jean Cassien ou Jean l'ermite prêtre et
                     moine, originaire d'Egypte, il établit sa communauté sur l'île de
                     Chypre.CyrenenseNom d'un personnage des Dialogues, vieux prêtre de auquel Postumien prêta sa copie de la Vie de saint Martin de
                        Sulpice Sévère. Son nom n'est pas
                     indiqué dans la source latine, mais il est fait mention du fait qu'il est
                     originaire de Cyrénaïque, cyrenensis. L'attribution de
                     ce nom au prêtre est peut-être lié à une confusion de Wauchier de Denain.ZachariePersonnage biblique, il serait le père de saint
                        Jean le Baptiste. Trop vieux pour
                     avoir un enfant, le Seigneur lui Apparais pour lui annoncer la naissance d'un
                     fils qui serait prophète. Zacharie est alors frappé de stupeur jusqu'à la
                     naissance de son fils. Il retrouvera la parole pour proclamer que le nom de son
                     fils est Jean, tel que le Seigneur le lui avait demander.EvanchiusPersonnage des Dialogues, oncle chrétien de GallusAgnes4e siècle4e siècleMartyr
                     romaineCecile3e siècle3e siècleMartyr
                     romaineMarie MagdalenePersonnage biblique, disciple femme de Jesus-Christ.Pere??64Pêcheur de
                     Galilée, devenu un des douze apôtres de Jésus-Christ. Il est le premier évêque
                     de RomeRefrigeriusPersonnage des Dialogues,
                     prêtre.EucheriusPersonnage des Dialogues,
                     consul.CelsusPersonnage des Dialogues,
                     consul.ValentinienPersonnage des Dialogues, evêque
                     du temps de saint Martin.VictricusPersonnage des Dialogues, evêque
                     de Rouen du temps de saint Martin.AvicienPersonnage des Dialogues, comte
                     de Tours du temps de saint Martin.SaturninePersonnage des Dialogues,
                     prêtre.ArpagePersonnage des Dialogues,
                     prêtre.AgaridutPersonnage des Dialogues,
                     gentilhomme, il arrive au monastère où se trouvent Sulpice Sevère, Postumien
                     et Gallus avec Refregerius.EvangilusPersonnage des Dialogues,
                     prêtre.MariePersonnage biblique, la vierge Marie est
                     la mère de Dieu.JupiterDieu romainMercuriusDieu romainMarcelPersonnage des Dialogues, prêtre
                     d'Amboise.ChatonPersonnage des Dialogues, diacre
                     de l'éveque saint Martin.JudasPersonnage biblique, apôtre qui trahit le Christ pour le
                     livrer à Ponce Pilate.Brice444Saint Brice de Tours,
                     Ordoné évêque de Tours en 397, il est le successeur de saint Martin. Il possède
                     une mauvaise réputation en raison de son affection pour le luxe et les chevaux
                     Paulin353431Paulin de Nole, né à Bordeaux vers 353,
                     mort à Nole en 431, est un poète et un ecclésiastique latin contemporain de
                     saint Augustin et de Martin de Tours, qui
                     l'encouragea dans sa vocation religieuse. Il a été évêque de Nole de 409 à sa
                     mort.PomponiePersonnage des Dialogues, ami de
                        Gallus.GauchierWauchier de Denain, auteur du recueil hagriographique
                        Li seint ConfessorDuc de NamurPhilippe de Namur, duc de Namur et comte de Hainault,
                     mécène de Wauchier de Denain.ValentiensSeigneur de la ville de Tours pendant que saint
                        Martin était évêque.ToivreFleuve du Tibre qui traverse Rome.CabinoneCabinonensem, nom latin de la ville de Cavaillon.ChypreMonastère de Sainte-CroixOrléansFranceNemausenseNemausensis, nom latin de la ville de Nîmes.GardoneRivière du GardonRhôneArlesProvenceCaphseLieu inconnu, peut-être issu d'une confusion sur le texte latin (à
                     terminer)EgypteOrientNerbone43.184277 3.0030779999999595Marselle43.296482 5.369779999999992AufriqeAlixandre31.2000924 29.91873869999995CyreneRome41.8919300 12.5113300BethleemJerusalemOccidentNilNitreroge merSynayAiseThebesIndesSyreEthyopeHermenieBosforeTours47.3833300 0.6833300ChartreClaudomiasTrieveMansSensEmbaiseTouraineEspagneLombardieGrèceCarthageAchaïeChorinteAtheinesEuropeCholomaideSezilePuille<table>
   <tr>
      <td>'</td>
      <td>
         <em>er</em>
         <ex>troeren</ex>
         <ex>terme</ex>
         <ex>esmerellier</ex>
         <ex>mengiertant</ex>
      </td>
      <td>
         <em>ier</em>
         <ex>olentiers</ex>
         <ex>aidierne
</ex>
         <ex>chevaliers</ex>
         <ex>mostiere
</ex>
         <ex>plenier.</ex>
      </td>
      <td>
         <em>os</em>
         <ex>osdirai</ex>
         <ex>nosentr</ex>
         <ex>oseoir</ex>
         <ex>faireosoel</ex>
         <ex>nosa</ex>
         <ex>nosde</ex>
         <ex>eosai</ex>
         <ex>osne</ex>
         <ex>nosa</ex>
         <ex>nosfumes</ex>
         <ex>nos</ex>
         <ex>nosaparoit</ex>
         <ex>osraconteroie</ex>
         <ex>nos</ex>
         <ex>nospe</ex>
         <ex>nosen
</ex>
         <ex>os</ex>
         <ex>osdiroie</ex>
         <ex>osconterai</ex>
         <ex>osen</ex>
         <ex>osos</ex>
         <ex>os
</ex>
         <ex>nose</ex>
      </td>
      <td>
         <em>re</em>
         <ex>prendre.</ex>
         <ex>premiers</ex>
         <ex>entendrene</ex>
      </td>
      <td>
         <em>s</em>
         <ex>us
</ex>
         <ex>sacreficesar</ex>
         <ex>bones</ex>
      </td>
      <td>
         <em>ue</em>
         <ex>queuns</ex>
         <ex>esqueqi</ex>
      </td>
      <td>
         <em>us</em>
         <ex>Beaussignors</ex>
         <ex>Beaussignor</ex>
         <ex>Beausperes</ex>
         <ex>estusde</ex>
         <ex>plus
</ex>
         <ex>plusententi</ex>
         <ex>Beaus
</ex>
         <ex>esperitueusce</ex>
         <ex>Beausfreres</ex>
         <ex>essiausmetre</ex>
         <ex>arceaus</ex>
         <ex>arceaus</ex>
         <ex>enceausdist</ex>
         <ex>porceaus.</ex>
         <ex>enceausau
</ex>
         <ex>Beaussire</ex>
         <ex>enceaussa</ex>
         <ex>enusde</ex>
         <ex>arceaus</ex>
         <ex>ceusqi</ex>
         <ex>dusgardes</ex>
         <ex>enus</ex>
         <ex>iustenues.</ex>
         <ex>tieuschoses</ex>
         <ex>enciaushauz</ex>
         <ex>ceusqi</ex>
         <ex>Beausfiuz</ex>
         <ex>enuscoment</ex>
         <ex>engigneusestoient</ex>
         <ex>enceausdeli</ex>
         <ex>morteusl</ex>
         <ex>euserrachoient
</ex>
         <ex>languereusclop</ex>
         <ex>languereusa</ex>
         <ex>eusensamble</ex>
         <ex>eusq</ex>
         <ex>estussanz</ex>
         <ex>enceauspuceles</ex>
         <ex>chasteausdes
</ex>
         <ex>palezineuspelerins</ex>
         <ex>enceaustenoit</ex>
         <ex>piausde</ex>
         <ex>beausmiracles.</ex>
         <ex>allus</ex>
         <ex>erus</ex>
         <ex>plusconter</ex>
      </td>
   </tr>
   <tr>
      <td>a'</td>
      <td>
         <em>an</em>
         <ex>afairesant</ex>
      </td>
   </tr>
   <tr>
      <td>aᷤ</td>
      <td>
         <em>as</em>
         <ex>ase</ex>
      </td>
   </tr>
   <tr>
      <td>bƺ</td>
      <td>
         <em>bus</em>
         <ex>omnibus</ex>
         <ex>ebus
</ex>
      </td>
   </tr>
   <tr>
      <td>cͥ</td>
      <td>
         <em>Cri</em>
         <ex>Crist</ex>
      </td>
      <td>
         <em>cri</em>
         <ex>ntecrist</ex>
      </td>
   </tr>
   <tr>
      <td>d'</td>
      <td>
         <em>dre</em>
         <ex>pendreen</ex>
      </td>
   </tr>
   <tr>
      <td>dͤ</td>
      <td>
         <em>de</em>
         <ex>gardede</ex>
      </td>
   </tr>
   <tr>
      <td>d</td>
      <td>
         <em>Domin</em>
         <ex>Domins</ex>
         <ex>Domine</ex>
      </td>
   </tr>
   <tr>
      <td>e'</td>
      <td>
         <em>en</em>
         <ex>laidengier</ex>
      </td>
   </tr>
   <tr>
      <td>eᷤ</td>
      <td>
         <em>es</em>
         <ex>deciplessi</ex>
         <ex>mesla</ex>
         <ex>iresli
</ex>
         <ex>choses.</ex>
         <ex>auques</ex>
         <ex>Mespor</ex>
      </td>
   </tr>
   <tr>
      <td>iͣ</td>
      <td>
         <em>rai</em>
         <ex>destraig</ex>
      </td>
   </tr>
   <tr>
      <td>iᷤ</td>
      <td>
         <em>is</em>
         <ex>puisqe</ex>
      </td>
   </tr>
   <tr>
      <td>mlt'</td>
      <td>
         <em>molt</em>
         <ex>moltde</ex>
         <ex>rochemoltestoit</ex>
         <ex>molt
</ex>
         <ex>molta</ex>
         <ex>moltso</ex>
         <ex>moltdocement</ex>
         <ex>moltcruelment</ex>
         <ex>moltdesirroit
</ex>
         <ex>molt</ex>
         <ex>molt</ex>
         <ex>moltdolenz</ex>
         <ex>moltcombrisiez</ex>
         <ex>moltestoit</ex>
         <ex>demoltgrant
</ex>
         <ex>moltbenignement</ex>
         <ex>eslectionmoltproierent</ex>
         <ex>moltgrant</ex>
         <ex>moltriches</ex>
         <ex>moltdolenz
</ex>
         <ex>moltpetit.</ex>
         <ex>moltiau</ex>
         <ex>moltgrant</ex>
         <ex>moltcar</ex>
         <ex>moltqe</ex>
         <ex>moltbenignement.</ex>
         <ex>moltfelon</ex>
         <ex>moltso</ex>
         <ex>moltprodome</ex>
         <ex>moltco</ex>
      </td>
   </tr>
   <tr>
      <td>m̃</td>
      <td>
         <em>mur</em>
         <ex>forsmurs</ex>
      </td>
   </tr>
   <tr>
      <td>m̅</td>
      <td>
         <em>men</em>
         <ex>longuement</ex>
         <ex>isnelement</ex>
         <ex>premierement</ex>
         <ex>meesmement</ex>
         <ex>habundanment.</ex>
         <ex>solement</ex>
         <ex>amonestement</ex>
         <ex>tormenz</ex>
         <ex>ement</ex>
         <ex>eraiement</ex>
         <ex>mencement</ex>
         <ex>dediement</ex>
         <ex>assiduelment</ex>
         <ex>heitiement</ex>
         <ex>tormentoit</ex>
         <ex>oignement</ex>
         <ex>longuement.</ex>
         <ex>esleecement.</ex>
         <ex>erranment</ex>
         <ex>comandemenz</ex>
         <ex>comandement</ex>
         <ex>durement</ex>
         <ex>docement</ex>
         <ex>rement</ex>
         <ex>benignement</ex>
         <ex>menablement</ex>
         <ex>solement</ex>
         <ex>belement</ex>
         <ex>seulement</ex>
         <ex>hautement</ex>
         <ex>raiement</ex>
         <ex>solement</ex>
         <ex>seulement</ex>
         <ex>pleinement</ex>
         <ex>hardiement</ex>
         <ex>meesmement</ex>
         <ex>seulement</ex>
         <ex>Ensement</ex>
         <ex>isnelement</ex>
         <ex>ement.</ex>
         <ex>autrement</ex>
         <ex>pleinement</ex>
      </td>
      <td>
         <em>mer</em>
         <ex>merel</ex>
      </td>
   </tr>
   <tr>
      <td>mͣ</td>
      <td>
         <em>Mar</em>
         <ex> Mart</ex>
         <ex>Mart</ex>
      </td>
   </tr>
   <tr>
      <td>nͣ</td>
      <td>
         <em>an</em>
         <ex>Qant</ex>
         <ex>mestierant</ex>
         <ex>qant</ex>
         <ex>Qant</ex>
         <ex>qant</ex>
         <ex>qant</ex>
         <ex>Qant</ex>
         <ex>Qant</ex>
         <ex>qant</ex>
         <ex>Qant</ex>
         <ex>Qant</ex>
         <ex>Qant</ex>
         <ex>Qant</ex>
         <ex>Qant</ex>
         <ex>Qant</ex>
         <ex>Qant</ex>
         <ex>qant</ex>
         <ex>qant</ex>
         <ex>Qant</ex>
         <ex>Qant</ex>
         <ex>qant</ex>
         <ex>qant</ex>
         <ex>qant</ex>
         <ex>qant</ex>
         <ex>Qant</ex>
         <ex>Qant</ex>
         <ex>qant</ex>
         <ex>Qant</ex>
         <ex>Qant</ex>
         <ex>qant</ex>
         <ex>qant</ex>
         <ex>Qant</ex>
         <ex>Qant</ex>
         <ex>Qant</ex>
         <ex>qant</ex>
         <ex>Qant</ex>
         <ex>Qant</ex>
         <ex>Qant</ex>
         <ex>qant</ex>
         <ex>qant</ex>
         <ex>qant</ex>
         <ex>qant</ex>
         <ex>qant</ex>
         <ex>qant</ex>
         <ex>qant</ex>
         <ex>Qant</ex>
         <ex>Qant</ex>
         <ex>Qant</ex>
         <ex>Qant</ex>
         <ex>qant</ex>
         <ex>Qant</ex>
         <ex>qant</ex>
         <ex>qant</ex>
         <ex>qant</ex>
         <ex>Qant</ex>
         <ex>qant</ex>
      </td>
      <td>
         <em>ran</em>
         <ex>granz</ex>
         <ex>granz</ex>
         <ex>grant</ex>
         <ex>grant</ex>
         <ex>grant</ex>
         <ex>grant</ex>
         <ex>grant</ex>
         <ex>grant</ex>
         <ex>grant</ex>
         <ex>grans</ex>
         <ex>grant</ex>
         <ex>grant</ex>
         <ex>grant</ex>
         <ex>grant</ex>
         <ex>grant</ex>
         <ex>granz</ex>
         <ex>grant</ex>
         <ex>granz</ex>
         <ex>grant</ex>
         <ex>grant</ex>
         <ex>grant</ex>
         <ex>grant</ex>
         <ex>grant</ex>
         <ex>grant</ex>
         <ex>grant</ex>
         <ex>granz</ex>
         <ex>grant</ex>
         <ex>grant</ex>
      </td>
   </tr>
   <tr>
      <td>nͥ</td>
      <td>
         <em>nier</em>
         <ex>maniere</ex>
      </td>
   </tr>
   <tr>
      <td>nͬ</td>
      <td>
         <em>nor</em>
         <ex>signordedenz</ex>
      </td>
   </tr>
   <tr>
      <td>nᷤ</td>
      <td>
         <em>ns</em>
         <ex>tens.</ex>
      </td>
   </tr>
   <tr>
      <td>o'</td>
      <td>
         <em>om</em>
         <ex>comli</ex>
         <ex>preudomseinz
</ex>
         <ex>comil</ex>
         <ex>comla</ex>
         <ex>preudom.</ex>
      </td>
      <td>
         <em>on</em>
         <ex>orisona</ex>
         <ex>confessor</ex>
         <ex>confessor</ex>
         <ex>son
</ex>
         <ex>conment</ex>
      </td>
   </tr>
   <tr>
      <td>pͥ</td>
      <td>
         <em>pri</em>
         <ex>espris</ex>
         <ex>prise.</ex>
         <ex>primes</ex>
         <ex>prist</ex>
         <ex>lesprinces</ex>
         <ex>repris</ex>
         <ex>prist</ex>
      </td>
   </tr>
   <tr>
      <td>pͬ</td>
      <td>
         <em>pr</em>
         <ex> pres</ex>
         <ex>esqepres</ex>
      </td>
   </tr>
   <tr>
      <td>q'</td>
      <td>
         <em>q'e</em>
         <ex>q'eles</ex>
         <ex>q'ele</ex>
      </td>
   </tr>
   <tr>
      <td>qƺ</td>
      <td>
         <em>que</em>
         <ex>usque</ex>
      </td>
   </tr>
   <tr>
      <td>qͤ</td>
      <td>
         <em>qe</em>
         <ex>qesi</ex>
      </td>
   </tr>
   <tr>
      <td>qͥ</td>
      <td>
         <em>q'i</em>
         <ex>q'il</ex>
         <ex>q'il</ex>
         <ex>ceq'il</ex>
         <ex>teleq'il</ex>
         <ex>q'il</ex>
         <ex>q'il</ex>
         <ex>q'il</ex>
         <ex>q'il</ex>
         <ex>foisq'il</ex>
      </td>
      <td>
         <em>qi</em>
         <ex>eritqi </ex>
         <ex>esqisi</ex>
         <ex>qiadis</ex>
         <ex>teqi</ex>
         <ex>teqi</ex>
      </td>
   </tr>
   <tr>
      <td>rͤ</td>
      <td>
         <em>re</em>
         <ex>eincoreesgarder</ex>
      </td>
   </tr>
   <tr>
      <td>rͥ</td>
      <td>
         <em>ri</em>
         <ex>grief</ex>
      </td>
   </tr>
   <tr>
      <td>s'</td>
      <td>
         <em>seint</em>
         <ex>seintartin</ex>
         <ex>seintartin</ex>
         <ex>seintartin</ex>
         <ex>seint </ex>
         <ex>seintt</ex>
         <ex>de.seint.</ex>
         <ex>.seint.</ex>
      </td>
   </tr>
   <tr>
      <td>tº</td>
      <td>
         <em>tro</em>
         <ex>estroite.</ex>
      </td>
   </tr>
   <tr>
      <td>tͧ</td>
      <td>
         <em>tur</em>
         <ex>nature</ex>
      </td>
   </tr>
   <tr>
      <td>tᵉ</td>
      <td>
         <em>tre</em>
         <ex>autrel</ex>
         <ex>nostreignor
</ex>
         <ex>nostreignor
</ex>
         <ex>autres</ex>
         <ex>contree</ex>
         <ex>nostreignor</ex>
         <ex>mestres</ex>
         <ex>prestres</ex>
      </td>
   </tr>
   <tr>
      <td>uͥ</td>
      <td>
         <em>vri</em>
         <ex>covrir</ex>
      </td>
   </tr>
   <tr>
      <td>ñ</td>
      <td>
         <em>non</em>
         <ex>non
</ex>
         <ex> non</ex>
      </td>
   </tr>
   <tr>
      <td>ā</td>
      <td>
         <em>am</em>
         <ex>Penitentiam</ex>
         <ex>ensamble</ex>
      </td>
      <td>
         <em>an</em>
         <ex>grant</ex>
         <ex>semblant</ex>
         <ex>marcheanz</ex>
         <ex>meintenant</ex>
         <ex>creance</ex>
         <ex>tramblant</ex>
         <ex>sanblance</ex>
         <ex>enfant</ex>
         <ex>grant</ex>
         <ex>deant</ex>
         <ex>rance</ex>
         <ex>preecant</ex>
         <ex>rance.</ex>
         <ex>tant</ex>
         <ex>anssambl</ex>
         <ex>demandai</ex>
         <ex>grant</ex>
         <ex>manmon
</ex>
         <ex>demanda</ex>
         <ex>sanz
</ex>
         <ex>tant</ex>
         <ex>deant</ex>
         <ex>doutance.</ex>
         <ex>creance</ex>
         <ex>deant</ex>
         <ex>tant</ex>
         <ex>aant</ex>
         <ex>enfant</ex>
         <ex>nsanble</ex>
         <ex>tant</ex>
         <ex>portanz</ex>
         <ex>granz</ex>
         <ex>granz</ex>
         <ex>serant</ex>
         <ex>estrange</ex>
         <ex>sanz</ex>
         <ex>ramembrance</ex>
         <ex>demorance</ex>
         <ex>grant</ex>
         <ex>seranz</ex>
         <ex>ensanble</ex>
         <ex>tant</ex>
         <ex>aant</ex>
         <ex>tant</ex>
         <ex>tant</ex>
         <ex>grant</ex>
         <ex>deant</ex>
         <ex>tant</ex>
         <ex>demanda</ex>
         <ex>deant</ex>
         <ex>repentanz</ex>
         <ex>meintenant</ex>
         <ex>tant</ex>
         <ex>aant</ex>
         <ex>grant</ex>
         <ex>deant</ex>
         <ex>tant</ex>
         <ex>tant</ex>
         <ex>grant</ex>
      </td>
   </tr>
   <tr>
      <td>ē</td>
      <td>
         <em>em</em>
         <ex>temple.</ex>
         <ex>temp</ex>
         <ex>lempereor</ex>
      </td>
      <td>
         <em>en</em>
         <ex>meintient</ex>
         <ex>citoienfirent</ex>
         <ex>esmurent</ex>
         <ex>Quenusurier</ex>
         <ex>genz</ex>
         <ex>tenpore</ex>
         <ex>tenp</ex>
         <ex>distrent</ex>
         <ex>lendemein</ex>
         <ex>prendre</ex>
         <ex>eroient</ex>
         <ex>ssent</ex>
         <ex>paiena</ex>
         <ex>firent</ex>
         <ex>estoient.</ex>
         <ex>alerent</ex>
         <ex>enorter</ex>
         <ex>griement</ex>
         <ex>bien
</ex>
         <ex>biense</ex>
         <ex>pristrent</ex>
         <ex>mengoit</ex>
         <ex>estoient</ex>
         <ex>estoient</ex>
         <ex>mandement</ex>
         <ex>biensanz</ex>
         <ex>distrent</ex>
         <ex>erent</ex>
         <ex>nen </ex>
         <ex>rendi</ex>
         <ex>doient
</ex>
         <ex>respondirent</ex>
         <ex>oenceaus</ex>
         <ex>denpnabitur.</ex>
         <ex>eoient</ex>
         <ex>indrent</ex>
         <ex>pristrent</ex>
         <ex>cenz</ex>
         <ex>cenz</ex>
         <ex>indrent</ex>
         <ex>fesoient</ex>
         <ex>proierent</ex>
         <ex>nenn</ex>
         <ex>menbres</ex>
         <ex>comena</ex>
         <ex>baptizierent</ex>
         <ex>arrestoient.</ex>
         <ex>descendoit</ex>
         <ex>mistrent</ex>
         <ex>respondirent</ex>
         <ex>chastement</ex>
         <ex>olentiers </ex>
         <ex>estoient</ex>
         <ex>lendemein</ex>
         <ex>oierent</ex>
         <ex>estoient</ex>
         <ex>descendre</ex>
         <ex>croient</ex>
         <ex>estoient</ex>
         <ex>pensoient</ex>
         <ex>oient</ex>
         <ex>eoient
</ex>
         <ex>aoroient</ex>
         <ex>trenchier</ex>
         <ex>noient</ex>
         <ex>rieng</ex>
         <ex>paiens</ex>
         <ex>estoient</ex>
         <ex>portoient</ex>
         <ex>ment</ex>
         <ex>menco</ex>
         <ex>biens</ex>
         <ex>roient</ex>
         <ex>indulgense.</ex>
         <ex>bienraconterai</ex>
         <ex>eillierent</ex>
         <ex>bienqe</ex>
         <ex>estoient</ex>
         <ex>enostre</ex>
         <ex>emporteroient</ex>
         <ex>ssent</ex>
         <ex>entendoit</ex>
         <ex>entendi</ex>
         <ex>porpensa</ex>
         <ex>ellierent</ex>
         <ex>erent</ex>
         <ex>genz</ex>
         <ex>estoient</ex>
         <ex>firent</ex>
         <ex>indrent</ex>
         <ex>mendiz</ex>
         <ex>assemblerent</ex>
         <ex>nenconois
</ex>
         <ex>ceens</ex>
         <ex>estoient</ex>
         <ex>argent</ex>
         <ex>amerent.</ex>
         <ex>estoient</ex>
         <ex>nient</ex>
         <ex>riens</ex>
         <ex>proierent</ex>
         <ex>mistrent</ex>
         <ex>ernement</ex>
         <ex>retiegnent</ex>
         <ex>entendoient</ex>
         <ex>dementieres</ex>
         <ex>siens</ex>
         <ex>oient</ex>
         <ex>irent</ex>
         <ex>prendoit</ex>
         <ex>conurent</ex>
         <ex>ssent.</ex>
         <ex>distrent</ex>
         <ex>trestrent</ex>
         <ex>furent</ex>
         <ex>erent.</ex>
         <ex>bienq</ex>
         <ex>partirent</ex>
         <ex>fussent</ex>
         <ex>rendez</ex>
         <ex>donerent</ex>
         <ex>firent</ex>
         <ex>assiduelment</ex>
         <ex>boient.</ex>
         <ex>fussent</ex>
         <ex>prendroient</ex>
         <ex>entrefirent</ex>
         <ex>oient</ex>
         <ex>emporteroient</ex>
         <ex>mistrent</ex>
         <ex>prendre</ex>
         <ex>demanderent</ex>
         <ex>distrent</ex>
         <ex>irent</ex>
         <ex>distrent</ex>
         <ex>distrent</ex>
         <ex>estoient</ex>
         <ex>retrestrent</ex>
         <ex>oient</ex>
         <ex>repristrent</ex>
         <ex>ent</ex>
         <ex>menroient</ex>
         <ex>diemence</ex>
         <ex>ocistrent.</ex>
         <ex>oelent</ex>
         <ex>demorerent</ex>
         <ex>oencel</ex>
         <ex>reclaiment.</ex>
         <ex>senreperierent</ex>
         <ex>menpuisses</ex>
         <ex>alerent</ex>
         <ex>oenceaus</ex>
         <ex>rient</ex>
         <ex>enz</ex>
         <ex>trentiesme</ex>
         <ex>desirroient</ex>
         <ex>argent</ex>
         <ex>soent</ex>
         <ex>menalai</ex>
         <ex>esgardoient.</ex>
         <ex>mencierent</ex>
         <ex>ententi</ex>
         <ex>assistrent</ex>
         <ex>estoient</ex>
         <ex>ient</ex>
         <ex>ssent</ex>
         <ex>hantent</ex>
         <ex>indrent</ex>
         <ex>mengoit</ex>
         <ex>entreil</ex>
         <ex>mengier</ex>
         <ex>oencel</ex>
         <ex>amoient
</ex>
         <ex>habitent</ex>
         <ex>ssent</ex>
         <ex>longement</ex>
         <ex>eoient</ex>
         <ex>irent</ex>
         <ex>ensanglent</ex>
         <ex>comencierent</ex>
         <ex>prensignast
</ex>
         <ex>prensigniez</ex>
         <ex>tesmoignent</ex>
         <ex>fussent</ex>
         <ex>empense.</ex>
         <ex>nentiegent</ex>
         <ex>biensachiez</ex>
         <ex>ient</ex>
         <ex>tesmoigneroient.</ex>
         <ex>tesmoigneroient</ex>
         <ex>dolenz</ex>
         <ex>bienq</ex>
         <ex>bienles</ex>
         <ex>riens</ex>
         <ex>olent</ex>
         <ex>puent</ex>
      </td>
   </tr>
   <tr>
      <td>ĩ</td>
      <td>
         <em>in</em>
         <ex>seint</ex>
         <ex>seint</ex>
         <ex>seint</ex>
         <ex>estreinz</ex>
         <ex>seinz</ex>
         <ex>seinz</ex>
         <ex>seinz</ex>
         <ex>ausint</ex>
         <ex>seinz</ex>
         <ex>ceint</ex>
         <ex>seint</ex>
         <ex>seinz</ex>
         <ex>Einsint</ex>
         <ex>eintenant
</ex>
         <ex>seint</ex>
         <ex>seint</ex>
         <ex>Seinz</ex>
         <ex>int</ex>
         <ex>seint</ex>
         <ex>aint</ex>
         <ex>ceint</ex>
         <ex>meins</ex>
         <ex>seinz</ex>
         <ex>meintenant</ex>
         <ex>seint</ex>
         <ex>amin</ex>
         <ex>seint</ex>
         <ex>seinz</ex>
         <ex>seinte</ex>
         <ex>seint</ex>
         <ex>meins</ex>
         <ex>Seintismes</ex>
         <ex>einz</ex>
         <ex>einsint</ex>
         <ex>meintenissent
</ex>
         <ex>seinz</ex>
         <ex>seinz</ex>
         <ex>ainz</ex>
         <ex>peinnes
</ex>
         <ex>seint</ex>
         <ex>int
</ex>
         <ex>seinz</ex>
         <ex>tesmoing</ex>
         <ex>seint</ex>
         <ex>vint</ex>
         <ex>seinz</ex>
         <ex>int</ex>
         <ex>seinz</ex>
         <ex>seinz</ex>
         <ex>tin</ex>
         <ex>tin</ex>
         <ex>certeinnement</ex>
         <ex>loing</ex>
         <ex>artins</ex>
         <ex>artin</ex>
         <ex>artin</ex>
         <ex>seinz</ex>
         <ex>artin</ex>
         <ex>seinte</ex>
         <ex>artins</ex>
         <ex>oitint</ex>
         <ex>seint</ex>
         <ex>meinz</ex>
         <ex>seint</ex>
         <ex>meins</ex>
         <ex>int</ex>
         <ex>Meintenant</ex>
         <ex>seinz</ex>
         <ex>seinz</ex>
         <ex>seint</ex>
         <ex>meinz</ex>
         <ex>seinte
</ex>
         <ex>seint</ex>
         <ex>seint</ex>
         <ex>meinune</ex>
         <ex>aint</ex>
         <ex>seinz</ex>
         <ex>seint</ex>
         <ex>oisins
</ex>
         <ex>seinz</ex>
         <ex>seinte</ex>
         <ex>Einsint</ex>
         <ex>seint</ex>
         <ex>seinz</ex>
         <ex>pleins</ex>
         <ex>einz</ex>
         <ex>eleint</ex>
         <ex>seint</ex>
         <ex>seint</ex>
         <ex>aussint</ex>
         <ex>seinz</ex>
         <ex>int</ex>
         <ex>seinz</ex>
         <ex>seint</ex>
         <ex>seint</ex>
         <ex>einsint</ex>
         <ex>ausint</ex>
         <ex>loing</ex>
         <ex>larrecinne
</ex>
         <ex>ing</ex>
         <ex>seint</ex>
         <ex>loing</ex>
         <ex>seinz</ex>
         <ex>seint</ex>
         <ex>seint</ex>
         <ex>enins</ex>
         <ex>meins</ex>
         <ex>seinz</ex>
         <ex>loing</ex>
         <ex>Seinz</ex>
         <ex>artins</ex>
         <ex>int</ex>
         <ex>seint</ex>
         <ex>seint</ex>
         <ex>destreins</ex>
         <ex>seint</ex>
         <ex>reint</ex>
         <ex>compleindre.</ex>
         <ex>artins</ex>
         <ex>meintenir</ex>
      </td>
   </tr>
   <tr>
      <td>ō</td>
      <td>
         <em>om</em>
         <ex>comnos</ex>
         <ex>comil</ex>
         <ex>come</ex>
         <ex>com</ex>
         <ex>comil</ex>
         <ex>nombre.</ex>
         <ex>coml</ex>
         <ex>comli</ex>
         <ex>comtoz</ex>
         <ex>com</ex>
         <ex>comil</ex>
         <ex>comnos</ex>
         <ex>comli</ex>
         <ex>preudommout</ex>
         <ex>homli</ex>
         <ex>comil</ex>
      </td>
      <td>
         <em>on</em>
         <ex>Dont</ex>
         <ex>resoignons</ex>
         <ex>noncierent</ex>
         <ex>mesons</ex>
         <ex>mesonqe</ex>
         <ex>sonser</ex>
         <ex>ision </ex>
         <ex>respondoit</ex>
         <ex>dragonqe</ex>
         <ex>nonsi</ex>
         <ex>beneon.</ex>
         <ex>sont</ex>
         <ex>cont</ex>
         <ex>montaigne</ex>
         <ex>nonmee</ex>
         <ex>anoncierent</ex>
         <ex>cond</ex>
         <ex>conpaignie</ex>
         <ex>raconte</ex>
         <ex>parfondece.</ex>
         <ex>non</ex>
         <ex>mons</ex>
         <ex>barons</ex>
         <ex>contes
</ex>
         <ex>non.</ex>
         <ex>bons</ex>
         <ex>confuson</ex>
         <ex>adonc</ex>
         <ex>respons</ex>
         <ex>oiron</ex>
         <ex>conter</ex>
         <ex>nont</ex>
         <ex>respondi</ex>
         <ex>temptationestoient
</ex>
         <ex>trencherons</ex>
         <ex>con</ex>
         <ex>conseil
</ex>
         <ex>meson</ex>
         <ex>meson.</ex>
         <ex>mesonen</ex>
         <ex>son</ex>
         <ex>son</ex>
         <ex>conmen</ex>
         <ex>pissonniaus</ex>
         <ex>puissons</ex>
         <ex>translationdel</ex>
         <ex>translationdel</ex>
         <ex>raconter</ex>
         <ex>aons</ex>
         <ex>monchier</ex>
         <ex>Dont</ex>
         <ex>dont</ex>
         <ex>oroisons</ex>
         <ex>dont</ex>
         <ex>sonaguet.</ex>
         <ex>beneonpuis</ex>
         <ex>puissons</ex>
         <ex>compaignons</ex>
         <ex>Adont</ex>
         <ex>tonbe</ex>
         <ex>monsigneur</ex>
         <ex>nonbre</ex>
         <ex>mona</ex>
         <ex>proions</ex>
         <ex>nonm</ex>
         <ex>monde.</ex>
         <ex>compaignons</ex>
         <ex>dont</ex>
         <ex>otionoste</ex>
         <ex>ethron</ex>
         <ex>monfil</ex>
         <ex>dont</ex>
         <ex>orisons</ex>
         <ex>ironnee</ex>
         <ex>Dont</ex>
         <ex>dont</ex>
         <ex>conpaignie</ex>
         <ex>compaignoni</ex>
         <ex>sonfil
</ex>
         <ex>raconterei</ex>
         <ex>racontes</ex>
         <ex>cont</ex>
         <ex>monfil</ex>
         <ex>non.</ex>
         <ex>orissons</ex>
         <ex>dont</ex>
      </td>
   </tr>
   <tr>
      <td>ŧ</td>
      <td>
         <em>it</em>
         <ex>oitqi</ex>
      </td>
   </tr>
   <tr>
      <td>ʑ</td>
      <td>
         <em>rum</em>
         <ex>celorumnisi</ex>
      </td>
   </tr>
   <tr>
      <td>ͤ</td>
      <td>
         <em>re</em>
         <ex>nostreignor.</ex>
         <ex>nostreires</ex>
         <ex>ostregrant</ex>
         <ex>mestres</ex>
         <ex>nostreignor</ex>
         <ex>demostreen</ex>
         <ex>autres</ex>
         <ex>nostreie</ex>
         <ex>estretoz</ex>
         <ex>mestreqe</ex>
         <ex>oeres</ex>
         <ex>lires</ex>
      </td>
   </tr>
   <tr>
      <td>ᵈ</td>
      <td>
         <em>d</em>
         <ex>ad</ex>
      </td>
   </tr>
   <tr>
      <td>ᷤ</td>
      <td>
         <em>s</em>
         <ex>Jerosmes</ex>
         <ex>osne</ex>
         <ex>noirsespris</ex>
         <ex>fantosmes.</ex>
         <ex>unsdes</ex>
         <ex>forsdel</ex>
         <ex>deablesa</ex>
         <ex>resuscites</ex>
         <ex>sacisos</ex>
         <ex>poissons</ex>
         <ex>poissanz</ex>
         <ex>miracles</ex>
         <ex>miracles</ex>
         <ex>apesiesl</ex>
         <ex>puis</ex>
         <ex>puisfist</ex>
         <ex>seintimese</ex>
         <ex>miraclespluiseurs</ex>
         <ex>icholasfesoient
</ex>
         <ex>pluiseurschoses</ex>
         <ex>puisle</ex>
         <ex>resne</ex>
         <ex>alascha</ex>
         <ex>misne</ex>
         <ex>portes.</ex>
         <ex>fantosmespar</ex>
      </td>
   </tr>
   <tr>
      <td>ṫ</td>
      <td>
         <em>te</em>
         <ex>detere.</ex>
         <ex>tere</ex>
         <ex>terre</ex>
         <ex>terre</ex>
         <ex>terre</ex>
      </td>
      <td>
         <em>ter</em>
         <ex>isiter</ex>
         <ex>terre</ex>
         <ex> terre</ex>
      </td>
      <td>
         <em>té</em>
         <ex>resuscitési</ex>
      </td>
   </tr>
   <tr>
      <td>⁊</td>
      <td>
         <em>Et</em>
         <ex>resplendissant.Ete</ex>
      </td>
      <td>
         <em>Et </em>
         <ex>chosesEt si</ex>
      </td>
      <td>
         <em>et </em>
         <ex>et de</ex>
         <ex>abstinenceet de</ex>
         <ex>ieet li</ex>
         <ex>et d</ex>
         <ex>et les</ex>
         <ex>et en</ex>
         <ex>et en
</ex>
         <ex>et diroient</ex>
         <ex> et a</ex>
         <ex>acreset si
</ex>
         <ex>borgneset aussi</ex>
         <ex>et parla</ex>
         <ex>et der</ex>
         <ex>sitezet molt
</ex>
         <ex>et a</ex>
         <ex>et mis</ex>
         <ex>et uns</ex>
         <ex>enceinteet si
</ex>
         <ex>et ot</ex>
         <ex>enfantet si</ex>
         <ex> et mout</ex>
         <ex>blasmeet tout</ex>
         <ex>et li</ex>
         <ex>et por</ex>
         <ex>et si</ex>
         <ex>et ta</ex>
         <ex>luxureet ex</ex>
         <ex>et si</ex>
         <ex>escondissoitet cil</ex>
         <ex>et de</ex>
         <ex>et sanz</ex>
         <ex>et si</ex>
         <ex>aet a</ex>
         <ex>et si</ex>
         <ex>demandet se</ex>
         <ex>et si</ex>
         <ex> et e</ex>
         <ex>et geterent</ex>
         <ex>et de</ex>
         <ex> et en</ex>
         <ex>et sachiez</ex>
         <ex>deet s</ex>
         <ex>leeet si</ex>
         <ex>et ceste
</ex>
         <ex>homeet dites</ex>
         <ex>erentet la</ex>
         <ex>esqeet si</ex>
         <ex>smeset s</ex>
         <ex>et ala</ex>
         <ex>et la</ex>
         <ex>et en</ex>
         <ex>citet ploroit</ex>
         <ex>et par</ex>
         <ex>et ala</ex>
         <ex>et qant</ex>
         <ex>dedenzet a</ex>
         <ex>citet mout</ex>
         <ex>et d</ex>
         <ex>et de</ex>
         <ex>et les</ex>
         <ex>et dites</ex>
         <ex>et de</ex>
         <ex>seinteet maintint</ex>
         <ex> et la</ex>
         <ex>et son</ex>
         <ex>et honestement
</ex>
         <ex> et a</ex>
         <ex>et reigne</ex>
         <ex>et de</ex>
         <ex>et sages.</ex>
         <ex>et entendre.</ex>
         <ex>et </ex>
         <ex>et latin</ex>
         <ex>diligenceet si</ex>
         <ex>benignementet fu</ex>
         <ex>et fez</ex>
         <ex>et apris
</ex>
         <ex>et doctrinez</ex>
         <ex>et latin</ex>
         <ex>et ebreu
</ex>
         <ex>et araboi</ex>
         <ex>araboiet caldeu</ex>
         <ex>dampneeet estre</ex>
         <ex>et le</ex>
         <ex>latinet aniel</ex>
         <ex>et le</ex>
         <ex>et le
</ex>
         <ex>et de</ex>
         <ex>et mout</ex>
         <ex>et le</ex>
         <ex>et mout</ex>
         <ex>furentet einsint</ex>
         <ex>espoentezet por</ex>
         <ex>herbergieret li</ex>
         <ex>docementet si</ex>
         <ex>et si</ex>
         <ex>et gueri</ex>
         <ex>lonieet si</ex>
         <ex>frereset si</ex>
         <ex>et si</ex>
         <ex>et si</ex>
         <ex>et si</ex>
         <ex>et au</ex>
         <ex>pasteuret en</ex>
         <ex>luiet si</ex>
         <ex>et bons</ex>
         <ex>bienet li
</ex>
         <ex>et endormi</ex>
         <ex>et ensignoit.</ex>
         <ex>pastureet sanz
</ex>
         <ex>et pleinz
</ex>
         <ex>et a</ex>
         <ex>et us</ex>
         <ex>maniereet qu</ex>
         <ex> et li</ex>
         <ex>asneet q</ex>
         <ex>et mengi</ex>
         <ex> et por</ex>
         <ex>et si</ex>
         <ex>et d</ex>
         <ex>asneet si
</ex>
         <ex>oiret si</ex>
         <ex>et tailliez</ex>
         <ex>graceet aloit</ex>
         <ex>ensambleet el</ex>
         <ex>aportoitet atreioit</ex>
         <ex>et fosses</ex>
         <ex>et qarrieres</ex>
         <ex>et ala</ex>
         <ex>et q</ex>
         <ex>eilliezet molt</ex>
         <ex>et de</ex>
         <ex>asneset por</ex>
         <ex>et li</ex>
         <ex>oieet einsint</ex>
         <ex>et il</ex>
         <ex>durementet lors</ex>
         <ex>et hisdeuse.</ex>
         <ex>et si</ex>
         <ex>et cha</ex>
         <ex>et li</ex>
         <ex>et puis</ex>
         <ex>mengieret apr</ex>
         <ex>et fere.</ex>
         <ex>mandaet atornerent</ex>
         <ex>et aai</ex>
         <ex>et doz</ex>
         <ex>et les</ex>
         <ex>orriereset nostre</ex>
         <ex>et atorn</ex>
         <ex>distet anon</ex>
         <ex>et pardon
</ex>
         <ex>et si</ex>
         <ex>et amonesta</ex>
         <ex>et les
</ex>
         <ex>oizet si</ex>
         <ex>et a</ex>
         <ex>respondiet dist</ex>
         <ex>droitureet leide</ex>
         <ex>et misericorde
</ex>
         <ex>et aidier</ex>
         <ex>et doner</ex>
         <ex>et pre</ex>
         <ex>aet si</ex>
         <ex>et otroions</ex>
         <ex>et nostre</ex>
         <ex>et a</ex>
         <ex>et reci</ex>
         <ex>et lor</ex>
         <ex>prononciet la</ex>
         <ex>et d</ex>
         <ex>et d</ex>
         <ex> et si
</ex>
         <ex>et or.</ex>
         <ex>estroiteet a</ex>
         <ex>et ense</ex>
         <ex>et reigne
</ex>
         <ex>et ses</ex>
         <ex>mondeet totes
</ex>
         <ex>lignieet en</ex>
         <ex>et plus</ex>
         <ex>retreireet por</ex>
         <ex>et les</ex>
         <ex>pereet l</ex>
         <ex>homet apr</ex>
         <ex>tierzet qi</ex>
         <ex>et go</ex>
         <ex>lettreset il</ex>
         <ex>mentet por</ex>
         <ex>potet nus</ex>
         <ex>et honestes</ex>
         <ex>et il</ex>
         <ex>et entier</ex>
         <ex>et si</ex>
         <ex>et cone</ex>
         <ex>meriteet de</ex>
         <ex>aqerreet qui</ex>
         <ex>et tra</ex>
         <ex>et q</ex>
         <ex>queroitet il</ex>
         <ex>oet entendi</ex>
         <ex>et conseilla</ex>
         <ex>potet sot</ex>
         <ex>et docement.</ex>
         <ex>desertet qi
</ex>
         <ex>zet leiz</ex>
         <ex>desozet de</ex>
         <ex>solitaireet por</ex>
         <ex>cheailleet le</ex>
         <ex>habitoitet encore</ex>
         <ex>et si</ex>
         <ex>corset li</ex>
         <ex>rocheet il</ex>
         <ex>fereet si</ex>
         <ex>et de</ex>
         <ex>asqueset nostre</ex>
         <ex>et tes</ex>
         <ex>deliceset mes
</ex>
         <ex>prestreset prist</ex>
         <ex>luiet ala</ex>
         <ex>monset par</ex>
         <ex>et par</ex>
         <ex>et si</ex>
         <ex>ignoret por</ex>
         <ex>geuneset por</ex>
         <ex>et est</ex>
         <ex>et a</ex>
         <ex>hanteret a</ex>
         <ex>sosteniret il</ex>
         <ex>et doctri</ex>
         <ex>et li
</ex>
         <ex>tenteet essaie</ex>
         <ex>iaireet si</ex>
         <ex>et tint</ex>
         <ex>et departiz</ex>
         <ex>penseeet une</ex>
         <ex>mereet int</ex>
         <ex>et d</ex>
         <ex>dedenzet si</ex>
         <ex>et retorna</ex>
         <ex>et ortiez</ex>
         <ex>ortiezet qe</ex>
         <ex>et osta</ex>
         <ex>et mua
</ex>
         <ex>et 
</ex>
         <ex>et sa</ex>
         <ex>et de
</ex>
         <ex>et de</ex>
         <ex>et les</ex>
         <ex>et trespassez</ex>
         <ex>et enfo</ex>
         <ex>aet si</ex>
         <ex>et si
</ex>
         <ex>et lor</ex>
         <ex>moutet si</ex>
         <ex>et distrent</ex>
         <ex>chastoieret a</ex>
         <ex>ieet apr</ex>
         <ex>antet il</ex>
         <ex>et ola</ex>
         <ex>pieceset aussint</ex>
         <ex>et sot</ex>
         <ex>docementet si</ex>
         <ex>meurset les</ex>
         <ex>et repe</ex>
         <ex>repairoientet par</ex>
         <ex>arrestoientet desoz</ex>
         <ex>ensigniet doctri</ex>
         <ex>aprendreet por</ex>
         <ex>et ses</ex>
         <ex>et si</ex>
         <ex>et por</ex>
         <ex>filet </ex>
         <ex>et de</ex>
         <ex>et fetes</ex>
         <ex>forset si
</ex>
         <ex>foizet amonesta</ex>
         <ex>contaet dist</ex>
         <ex>et blasma</ex>
         <ex>folieet li
</ex>
         <ex>amenderoitet atant</ex>
         <ex>eet si</ex>
         <ex>et les</ex>
         <ex>apelezet a</ex>
         <ex>moineet </ex>
         <ex>choseet </ex>
         <ex>et estorees</ex>
         <ex>rocheet estoit</ex>
         <ex>et tra</ex>
         <ex>perilet grant</ex>
         <ex>aet si</ex>
         <ex>et penable</ex>
         <ex>et en</ex>
         <ex>et mout</ex>
         <ex>sorentet si</ex>
         <ex>et il</ex>
         <ex>et si</ex>
         <ex>et os</ex>
         <ex>moisteet ausint</ex>
         <ex>eet tantost</ex>
         <ex>et ont</ex>
         <ex>et orties</ex>
         <ex>fereet cil</ex>
         <ex>et a</ex>
         <ex>et des</ex>
         <ex>oiret si</ex>
         <ex>et si</ex>
         <ex>et dist.</ex>
         <ex>eet meintenant</ex>
         <ex>et si</ex>
         <ex>et qi</ex>
         <ex>et assez
</ex>
         <ex>set meintenant</ex>
         <ex>tretet esloigni</ex>
         <ex>et son</ex>
         <ex>et repera</ex>
         <ex>eet il</ex>
         <ex>et espoori</ex>
         <ex> et li
</ex>
         <ex>et fet</ex>
         <ex>et monteplioient</ex>
         <ex>et par
</ex>
         <ex>ieet si</ex>
         <ex>et de</ex>
         <ex>et sa</ex>
         <ex>isitoientet qi</ex>
         <ex>et por</ex>
         <ex>grezet tantost</ex>
         <ex>et la</ex>
         <ex>mengieret si</ex>
         <ex>soloitet </ex>
         <ex> et si</ex>
         <ex>peinet si</ex>
         <ex>et si</ex>
         <ex>correet si</ex>
         <ex>et autre</ex>
         <ex>autreet si</ex>
         <ex>seurementet si</ex>
         <ex>corbiauset </ex>
         <ex>et la</ex>
         <ex>entretendroientet karoleroient
</ex>
         <ex>et oeroient
</ex>
         <ex>et enflameroient</ex>
         <ex>et mist</ex>
         <ex>et freres</ex>
         <ex>et tint
</ex>
         <ex>solieret il</ex>
         <ex>et fondi</ex>
         <ex>et si</ex>
         <ex>et a</ex>
         <ex>choseet qu</ex>
         <ex>et o</ex>
         <ex>et de
</ex>
         <ex>doleet destruist</ex>
         <ex>et a</ex>
         <ex>abatreet en</ex>
         <ex>et la</ex>
         <ex>et a</ex>
         <ex>et por</ex>
         <ex>oitet grant</ex>
         <ex>et por</ex>
         <ex>isionet si</ex>
         <ex>et ses</ex>
         <ex>noiret espris</ex>
         <ex>et li</ex>
         <ex>et entendoient
</ex>
         <ex> et </ex>
         <ex>et le
</ex>
         <ex>et les</ex>
         <ex>et por</ex>
         <ex>semblerentet puis</ex>
         <ex>laet q</ex>
         <ex>et le</ex>
         <ex>orissonet sa</ex>
         <ex>geet eus</ex>
         <ex>et aoree</ex>
         <ex>et enflambez.</ex>
         <ex>esteindreet il</ex>
         <ex>et si</ex>
         <ex>et n</ex>
         <ex>fereet </ex>
         <ex>fesoientet si</ex>
         <ex>et mout</ex>
         <ex>et combrisiez</ex>
         <ex>et morz.</ex>
         <ex>et heitiez</ex>
         <ex>et rala</ex>
         <ex>et mout</ex>
         <ex>femeet si</ex>
         <ex>et si</ex>
         <ex>et dont</ex>
         <ex>et dont
</ex>
         <ex>mengiet la</ex>
         <ex>et le
</ex>
         <ex>piezet si</ex>
         <ex>et regehirent
</ex>
         <ex>et distrent</ex>
         <ex>et si</ex>
         <ex>et sa
</ex>
         <ex>onet por</ex>
         <ex>et l</ex>
         <ex>pret en</ex>
         <ex>et delitable</ex>
         <ex>delitableet tieus</ex>
         <ex>compaignonet si</ex>
         <ex> et la</ex>
         <ex>fonteineet leu</ex>
         <ex>et reposer</ex>
         <ex>fonteineet tant</ex>
         <ex>et sa</ex>
         <ex>oieet si</ex>
         <ex> et comen</ex>
         <ex>et a</ex>
         <ex>coupeet bien</ex>
         <ex>deet q</ex>
         <ex>luiet si</ex>
         <ex>ensuset si</ex>
         <ex>reset atorner</ex>
         <ex>seet si</ex>
         <ex>et ses</ex>
         <ex>et li</ex>
         <ex>et li</ex>
         <ex>aloientet qi</ex>
         <ex>eet ensamble</ex>
         <ex>et il</ex>
         <ex>et sa</ex>
         <ex>et enten</ex>
         <ex>et a</ex>
         <ex>et puis</ex>
         <ex>aprocieret conterent</ex>
         <ex>et cone</ex>
         <ex>ceailleet tantost</ex>
         <ex>et autre</ex>
         <ex>terreet qui
</ex>
         <ex>feteset a</ex>
         <ex>antet si</ex>
         <ex>aet apr</ex>
         <ex> et en</ex>
         <ex>norieet au</ex>
         <ex>et sa
</ex>
         <ex>et entendez</ex>
         <ex> et de
</ex>
         <ex>meret puis</ex>
         <ex>et issi</ex>
         <ex>preudet seinz
</ex>
         <ex>et de</ex>
         <ex>et dist</ex>
         <ex>et ment</ex>
         <ex> et si
</ex>
         <ex>prestreet si</ex>
         <ex>et par</ex>
         <ex>et par</ex>
         <ex>leuset les</ex>
         <ex>et li
</ex>
         <ex>et cont</ex>
         <ex>et religieus</ex>
         <ex>et ses</ex>
         <ex>deableet gueriz</ex>
         <ex>et si</ex>
         <ex>charet si</ex>
         <ex>deableet en
</ex>
         <ex>et heitiez</ex>
         <ex>heitiezet bi</ex>
         <ex>et ceste</ex>
         <ex>oublieeet il</ex>
         <ex>moroientet li
</ex>
         <ex>et esle</ex>
         <ex> et arriere</ex>
         <ex>prestreet tantost</ex>
         <ex>et mout</ex>
         <ex>et si
</ex>
         <ex>antet si</ex>
         <ex>et ceste</ex>
         <ex>et si</ex>
         <ex>et estoree</ex>
         <ex>et totes</ex>
         <ex>paienset a</ex>
         <ex>otroiet qe
</ex>
         <ex>et mi</ex>
         <ex>eet pristr</ex>
         <ex>eret abatirent</ex>
         <ex>et depecierent</ex>
         <ex>perirentet par</ex>
         <ex>nonet puis</ex>
         <ex>et de</ex>
         <ex> et l</ex>
         <ex>fistet ala</ex>
         <ex>barilliauset li</ex>
         <ex>et si</ex>
         <ex>et tu</ex>
         <ex>et res</ex>
         <ex> et ala</ex>
         <ex>et tantost</ex>
         <ex>et grant
</ex>
         <ex>et par</ex>
         <ex>et par</ex>
         <ex>ignoret a</ex>
         <ex>oientet </ex>
         <ex>et amonester</ex>
         <ex>et l</ex>
         <ex>et il</ex>
         <ex>et </ex>
         <ex>et si</ex>
         <ex>et tu</ex>
         <ex>feteet si</ex>
         <ex>espreeet uns
</ex>
         <ex>penseret a</ex>
         <ex>corageet en</ex>
         <ex>gieret cui</ex>
         <ex>et qi</ex>
         <ex>et si</ex>
         <ex>meinet le</ex>
         <ex>iceet qu</ex>
         <ex>penset la</ex>
         <ex>felonieet la</ex>
         <ex>et nissoit</ex>
         <ex>et les</ex>
         <ex>et si</ex>
         <ex>seulementet demein</ex>
         <ex>et la</ex>
         <ex>et en</ex>
         <ex>ignoret par</ex>
         <ex>et sorent</ex>
         <ex>et besoigne.</ex>
         <ex>aet si</ex>
         <ex>et por</ex>
         <ex>iroientet si</ex>
         <ex>et de</ex>
         <ex> et li</ex>
         <ex>et de</ex>
         <ex>enet bien</ex>
         <ex>oset si</ex>
         <ex>et le</ex>
         <ex>gerontet l</ex>
         <ex>reet les</ex>
         <ex>et alerent</ex>
         <ex>et a</ex>
         <ex>diligenseet ce</ex>
         <ex>et au</ex>
         <ex>aussintet si</ex>
         <ex>ensignaet demostra
</ex>
         <ex>et establir</ex>
         <ex>et li</ex>
         <ex>ditet molt</ex>
         <ex>et si</ex>
         <ex>et demostrasses</ex>
         <ex>et ou
</ex>
         <ex>et dis</ex>
         <ex>dormantet de</ex>
         <ex>et ensignai</ex>
         <ex>et si</ex>
         <ex>reet orde</ex>
         <ex>et de</ex>
         <ex>celeeet ses</ex>
         <ex>et en</ex>
         <ex>et ceste
</ex>
         <ex> et si</ex>
         <ex>et dist</ex>
         <ex>honteet grant</ex>
         <ex>et amendez</ex>
         <ex>et si</ex>
         <ex>et aloient</ex>
         <ex>et lor
</ex>
         <ex>et lor</ex>
         <ex>et si</ex>
         <ex>blieeet si</ex>
         <ex>et si</ex>
         <ex>ceet si</ex>
         <ex>estoientet ce</ex>
         <ex>et sa</ex>
         <ex> et sanz
</ex>
         <ex>et sa
</ex>
         <ex>et issi</ex>
         <ex>et la</ex>
         <ex>et si</ex>
         <ex>et distr</ex>
         <ex>et si</ex>
         <ex>et sacree</ex>
         <ex>et si</ex>
         <ex>erenceet puis</ex>
         <ex>pereset la
</ex>
         <ex>et entendre</ex>
         <ex>et amonestoit</ex>
         <ex>et de</ex>
         <ex>et tenist
</ex>
         <ex>homeet tantost</ex>
         <ex>et ocirre</ex>
         <ex>eet il</ex>
         <ex>contoitet disoit</ex>
         <ex> et si</ex>
         <ex>eet si</ex>
         <ex>et si</ex>
         <ex>et 
</ex>
         <ex>costumeet cil</ex>
         <ex>et si</ex>
         <ex>et les</ex>
         <ex>et oians
</ex>
         <ex>durementet tant</ex>
         <ex>et or</ex>
         <ex>et nuit</ex>
         <ex>tozet de</ex>
         <ex>et dona</ex>
         <ex>net si</ex>
         <ex>uileet c</ex>
         <ex>et a</ex>
         <ex>obedienceset lors</ex>
         <ex>et droiture.</ex>
         <ex>et cil</ex>
         <ex>et blasmez</ex>
         <ex>croissoitet tant</ex>
         <ex>et li</ex>
         <ex>et de</ex>
         <ex>et amonesta</ex>
         <ex>et humilit</ex>
         <ex> et si</ex>
         <ex>et si</ex>
         <ex>et estoree.</ex>
         <ex>et si</ex>
         <ex>et mout</ex>
         <ex>corset lors</ex>
         <ex>oeeet a</ex>
         <ex>et de
</ex>
         <ex>roiet en</ex>
         <ex>et si</ex>
         <ex>et pleins
</ex>
         <ex>durementet a</ex>
         <ex>et a</ex>
         <ex>et ses</ex>
         <ex>et si</ex>
         <ex>et ensignast.</ex>
         <ex>et li</ex>
         <ex>aleret </ex>
         <ex>et rece</ex>
         <ex>et puis</ex>
         <ex>et a</ex>
         <ex>et a</ex>
         <ex>cruiautet sa</ex>
         <ex>eoiret sa</ex>
         <ex>et en</ex>
         <ex>olentet par
</ex>
         <ex>et qi</ex>
         <ex>et par</ex>
         <ex> et par</ex>
         <ex>et par</ex>
         <ex>eet la</ex>
         <ex>et demenoit</ex>
         <ex>et a</ex>
         <ex>et si</ex>
         <ex>et si</ex>
         <ex>et dist</ex>
         <ex>et coucha</ex>
         <ex>et </ex>
         <ex>resusciet si</ex>
         <ex>oret par</ex>
         <ex>et heiti</ex>
         <ex> et i</ex>
         <ex>et atornee</ex>
         <ex>et otro</ex>
         <ex>irginitet por</ex>
         <ex>noneet a</ex>
         <ex>liezet qi</ex>
         <ex>porteet parloit
</ex>
         <ex>liet la</ex>
         <ex>et mostroit
</ex>
         <ex>costumeet  </ex>
         <ex>liet ne</ex>
         <ex>ensembleet parlerent
</ex>
         <ex>et si</ex>
         <ex>et dist</ex>
         <ex>et si</ex>
         <ex>et la</ex>
         <ex>et si</ex>
         <ex>et puis</ex>
         <ex>et rele</ex>
         <ex>et espart</ex>
         <ex>et si
</ex>
         <ex>enteret une</ex>
         <ex>et tou</ex>
         <ex>et esparti.</ex>
         <ex> et q</ex>
         <ex>aet si</ex>
         <ex> et tu</ex>
         <ex>et il</ex>
         <ex>oet entendi.</ex>
         <ex>et si</ex>
         <ex>refirentet saoulerent
</ex>
         <ex>et esclarciz.</ex>
         <ex>ceailleet </ex>
         <ex>et li</ex>
         <ex>et si</ex>
         <ex>et loenges</ex>
         <ex>et non</ex>
         <ex> et si</ex>
         <ex>et d</ex>
         <ex>iseet sanz</ex>
         <ex> et isi</ex>
         <ex>et por</ex>
         <ex>et de</ex>
         <ex>leuet li</ex>
         <ex>et lor</ex>
         <ex>mienuitet li</ex>
         <ex>et dist</ex>
         <ex>et au</ex>
         <ex>et tierce</ex>
         <ex>lumiereet de</ex>
         <ex>et esmer</ex>
         <ex>clartet l</ex>
         <ex>et mis</ex>
         <ex>et enquist</ex>
         <ex>et dist</ex>
         <ex>eritet la
</ex>
         <ex>et retreire</ex>
         <ex>et a</ex>
         <ex>et escrist</ex>
         <ex>et qu</ex>
         <ex>et tant
</ex>
         <ex>et non</ex>
         <ex>esqiet ses</ex>
         <ex>fezet tout</ex>
         <ex>ilet dist</ex>
         <ex>et a</ex>
         <ex>et a</ex>
         <ex>ilet re</ex>
         <ex>estoientet il</ex>
         <ex>ceailleet li</ex>
         <ex>et resplendissanz</ex>
         <ex>ceailleet des
</ex>
         <ex>et mout</ex>
         <ex>antet si</ex>
         <ex>et edefiee</ex>
         <ex>et si</ex>
         <ex>et fet
</ex>
         <ex>et regne</ex>
         <ex>morset al</ex>
         <ex>et par</ex>
         <ex>auset par</ex>
         <ex>et par</ex>
         <ex>et nuit</ex>
         <ex>lasseeet la</ex>
         <ex>et aloit</ex>
         <ex>et fu</ex>
         <ex>et toute</ex>
         <ex>tenueet re</ex>
         <ex>ieet loa</ex>
         <ex>et gracia</ex>
         <ex>ignoret seint</ex>
         <ex> et entendu</ex>
         <ex>dolenteset esgarees</ex>
         <ex>et cria
</ex>
         <ex>et regne</ex>
         <ex>echoitet en</ex>
         <ex>armeset si</ex>
         <ex>et de</ex>
         <ex>nonet sa</ex>
         <ex>et uns</ex>
         <ex>et li</ex>
         <ex>et disoit</ex>
         <ex>celoet nisi</ex>
         <ex>aproismeet qi</ex>
         <ex>et del
</ex>
         <ex>et mout</ex>
         <ex>et ses</ex>
         <ex>et la</ex>
         <ex>ignoret si</ex>
         <ex>et ensignoit</ex>
         <ex>et sa
</ex>
         <ex>et </ex>
         <ex>doctrineet 
</ex>
         <ex>et </ex>
         <ex>et pluiseurs</ex>
         <ex>proceinset par</ex>
         <ex>et fere.</ex>
         <ex>et la</ex>
         <ex>comsomeeet q</ex>
         <ex>decipleset q</ex>
         <ex>et lor</ex>
         <ex>oet pluiseurs</ex>
         <ex>et de</ex>
         <ex>et essia</ex>
         <ex>et dras</ex>
         <ex>formeet il</ex>
         <ex>distet il</ex>
         <ex>rostiet une</ex>
         <ex>et si</ex>
         <ex>et si</ex>
         <ex>ignoret par</ex>
         <ex>et preeschant</ex>
         <ex>preeschantet si</ex>
         <ex>et del</ex>
         <ex>et del</ex>
         <ex>speritet si</ex>
         <ex>et de</ex>
         <ex>speritet a</ex>
         <ex>et il</ex>
         <ex>et si</ex>
         <ex>pleset ensamble</ex>
         <ex>et en</ex>
         <ex>et par</ex>
         <ex>et par</ex>
         <ex>feuet si</ex>
         <ex>et doctrinez
</ex>
         <ex>languageset si</ex>
         <ex>et il</ex>
         <ex>et anoncier
</ex>
         <ex>apostreset qi</ex>
         <ex> et pluseurs</ex>
         <ex>et preechant</ex>
         <ex>et le</ex>
         <ex>cieuset preechant</ex>
         <ex>et disant</ex>
         <ex>et ﻿</ex>
         <ex>predicationset faisoient</ex>
         <ex>et li
</ex>
         <ex>et ses</ex>
         <ex>det q</ex>
         <ex>et a</ex>
         <ex>creanceet mis</ex>
         <ex>et prestres</ex>
         <ex>et autre
</ex>
         <ex>et ne</ex>
         <ex>et ne</ex>
         <ex>eet sa</ex>
         <ex>et molt
</ex>
         <ex>et an</ex>
         <ex>et distrent</ex>
         <ex>aeurentet si</ex>
         <ex>et cone</ex>
         <ex>personeset si</ex>
         <ex>et il
</ex>
         <ex>aoroientet si</ex>
         <ex>parmenableet si</ex>
         <ex>et nule</ex>
         <ex>conforteret si</ex>
         <ex>et dist</ex>
         <ex>et baptizatus
</ex>
         <ex>eritet  </ex>
         <ex>et anon</ex>
         <ex>et baptiziez</ex>
         <ex>et qi</ex>
         <ex>ignoret por</ex>
         <ex>et de</ex>
         <ex>et a</ex>
         <ex>et dire</ex>
         <ex>et sires</ex>
         <ex>et tote</ex>
         <ex>et si</ex>
         <ex>et en</ex>
         <ex>et abandone</ex>
         <ex>et amenistre</ex>
         <ex>et deguerpiz</ex>
         <ex>dit et en</ex>
         <ex>et li</ex>
         <ex>et parti</ex>
         <ex>et ne</ex>
         <ex>et si</ex>
         <ex>et tantost</ex>
         <ex>atoucheet e</ex>
         <ex>ignoret il</ex>
         <ex>dormiret si</ex>
         <ex>et les</ex>
         <ex>et froides</ex>
         <ex>eret si</ex>
         <ex>et qe</ex>
         <ex>tet semant</ex>
         <ex>et a</ex>
         <ex>et refet</ex>
         <ex>estoitet der</ex>
         <ex>et forsenee
</ex>
         <ex>et a</ex>
         <ex>et tormentent</ex>
         <ex>seleet qe</ex>
         <ex>et si</ex>
         <ex>et seine.</ex>
         <ex>esteset qi</ex>
         <ex>et benignitez</ex>
         <ex>benignitezet misericorde 
</ex>
         <ex>et douceur</ex>
         <ex>et grant</ex>
         <ex>humilitet assidueus</ex>
         <ex>et comanda</ex>
         <ex>et de</ex>
         <ex>et estrangla</ex>
         <ex>et la</ex>
         <ex>et tuit</ex>
         <ex>et si</ex>
         <ex>et a</ex>
         <ex>et si</ex>
         <ex>et si</ex>
         <ex>et par</ex>
         <ex>et si</ex>
         <ex>et pou</ex>
         <ex>et par</ex>
         <ex>et au</ex>
         <ex>et si</ex>
         <ex>et rac</ex>
         <ex>enfeset qant</ex>
         <ex>homeet puis</ex>
         <ex>et a</ex>
         <ex>et si</ex>
         <ex>et rege</ex>
         <ex>emportoientet si</ex>
         <ex>oieet a</ex>
         <ex>doceuret teniebres</ex>
         <ex>et pleignement</ex>
         <ex>et criees</ex>
         <ex>crieeset granz</ex>
         <ex>et tristreces</ex>
         <ex>tristreceset froidures
</ex>
         <ex>desmesureeset chaleurs</ex>
         <ex>et grant</ex>
         <ex>faillentet morsures</ex>
         <ex>serpenzet si</ex>
         <ex>et misere</ex>
         <ex>misereet l</ex>
         <ex>lezet hisdeus</ex>
         <ex>et d</ex>
         <ex>zet par</ex>
         <ex>et autres</ex>
         <ex>et a</ex>
         <ex>et annonce</ex>
         <ex>et cenz</ex>
         <ex>donset de</ex>
         <ex>et lor
</ex>
         <ex>et detruist</ex>
         <ex>et d</ex>
         <ex>genzet si</ex>
         <ex>et del</ex>
         <ex>et de</ex>
         <ex>et ceus</ex>
         <ex>et si</ex>
         <ex>ignoret si</ex>
         <ex>meinset trest</ex>
         <ex>et qu</ex>
         <ex>et alerent
</ex>
         <ex>noset por</ex>
         <ex>et si</ex>
         <ex>et usticent.</ex>
         <ex>laet alerent</ex>
         <ex>piezet si</ex>
         <ex>et de</ex>
         <ex>et as</ex>
         <ex>et de</ex>
         <ex>et cens</ex>
         <ex>et a</ex>
         <ex>et </ex>
         <ex>et d</ex>
         <ex>et de</ex>
         <ex>homeet si</ex>
         <ex>ignoret puis</ex>
         <ex>et fu</ex>
         <ex>et gloi</ex>
         <ex>et rendi</ex>
         <ex>dotanceet bien</ex>
         <ex>toiet la</ex>
         <ex>et essaucerai.</ex>
         <ex>diteet puis</ex>
         <ex>euset si</ex>
         <ex>et go</ex>
         <ex>et si</ex>
         <ex>nonet cele</ex>
         <ex>ignoret a</ex>
         <ex>et liiez</ex>
         <ex>et it</ex>
         <ex>et creance</ex>
         <ex>et son</ex>
         <ex>et le
</ex>
         <ex>et cil</ex>
         <ex>et sanez</ex>
         <ex>sanezet re</ex>
         <ex>et si</ex>
         <ex> et li</ex>
         <ex>et sa
</ex>
         <ex>et si</ex>
         <ex>et l</ex>
         <ex> et si</ex>
         <ex>et anoncier</ex>
         <ex>tet baptirent</ex>
         <ex>cruelmentet puis
</ex>
         <ex>et si</ex>
         <ex> et lumiere</ex>
         <ex>derrompirentet li</ex>
         <ex>rentet tuit</ex>
         <ex>et granz</ex>
         <ex>et effoudre</ex>
         <ex>et tonoire</ex>
         <ex>tonoireet esparz
</ex>
         <ex> et a</ex>
         <ex>et ferirent</ex>
         <ex> et ses</ex>
         <ex>et si</ex>
         <ex>et si</ex>
         <ex>crucefierentet au
</ex>
         <ex>ezet a</ex>
         <ex>et ensigniez</ex>
         <ex>tantet puis
</ex>
         <ex>et si</ex>
         <ex>et meesme</ex>
         <ex>et li</ex>
         <ex>et a</ex>
         <ex>et anonce.</ex>
         <ex>et la</ex>
         <ex>granzet petiz</ex>
         <ex>assemblassentet eus</ex>
         <ex>et mos</ex>
         <ex>et del</ex>
         <ex>et del</ex>
         <ex> et de</ex>
         <ex>et de</ex>
         <ex>et de</ex>
         <ex>et destrui</ex>
         <ex>reet le</ex>
         <ex>et abatre.</ex>
         <ex>eet ense</ex>
         <ex>et l</ex>
         <ex>et entendez</ex>
         <ex>et d</ex>
         <ex>et de</ex>
         <ex>et de</ex>
         <ex>igneset si</ex>
         <ex>luiet dist</ex>
         <ex>et uree
</ex>
         <ex>et tote</ex>
         <ex>et si</ex>
         <ex>meret tenoit</ex>
         <ex>et de</ex>
         <ex>et de</ex>
         <ex>det a</ex>
         <ex>alet d</ex>
         <ex>et por</ex>
         <ex>paroleset si</ex>
         <ex>et or</ex>
         <ex>et en</ex>
         <ex>et en</ex>
         <ex>neset bien</ex>
         <ex>cueret de</ex>
         <ex>et serroit</ex>
         <ex>et donast
</ex>
         <ex>cielet si</ex>
         <ex> et si</ex>
         <ex>et q</ex>
         <ex>et d</ex>
         <ex>et de</ex>
         <ex>et de</ex>
         <ex>et dona</ex>
         <ex>et pro</ex>
         <ex>et par
</ex>
         <ex>et molt
</ex>
         <ex>ireet si</ex>
         <ex>et decolee.</ex>
         <ex>et si</ex>
         <ex>graceet si</ex>
         <ex>breet qe</ex>
         <ex>et dese</ex>
         <ex>et si</ex>
         <ex>et cil</ex>
         <ex>et arrazin</ex>
         <ex>soleilet si</ex>
         <ex>et tout</ex>
         <ex>et disant</ex>
         <ex>ignoret tu</ex>
         <ex>ducet si</ex>
         <ex>et conta</ex>
         <ex>et e</ex>
         <ex>pooret tuit</ex>
         <ex>et qi</ex>
         <ex>heireet si</ex>
         <ex>piezet si</ex>
         <ex>escuieret si</ex>
         <ex>crestienset si</ex>
         <ex>et si</ex>
         <ex>exet sires</ex>
         <ex>et si
</ex>
         <ex>et qi</ex>
         <ex>et si</ex>
         <ex>et si</ex>
         <ex>pardonet indulgense.</ex>
         <ex>deet si</ex>
         <ex>pardonet remission</ex>
         <ex>et des</ex>
         <ex>et toz</ex>
         <ex>et ses</ex>
         <ex>et totes</ex>
         <ex>et toz</ex>
         <ex>et femes</ex>
         <ex>et d</ex>
         <ex>euet chastiaus
</ex>
         <ex>et ignes</ex>
         <ex>igneset terres</ex>
         <ex>terreset quanq</ex>
         <ex>et por</ex>
         <ex>et si</ex>
         <ex>herbergieret por</ex>
         <ex>reet si</ex>
         <ex>et trametoit</ex>
         <ex>et si</ex>
         <ex>et comandoit</ex>
         <ex>et d</ex>
         <ex>proieet si</ex>
         <ex>et le</ex>
         <ex>et sa
</ex>
         <ex>et comand</ex>
         <ex>et puis
</ex>
         <ex>deet creoient</ex>
         <ex>preechoitet anon</ex>
         <ex>et la</ex>
         <ex>et tuit</ex>
         <ex>luiet si</ex>
         <ex>et si</ex>
         <ex>et de
</ex>
         <ex>et si</ex>
         <ex>foiet de</ex>
         <ex>ignoret bap</ex>
         <ex> et rendi</ex>
         <ex>et ses</ex>
         <ex>et lontaignes</ex>
         <ex>lontaigneset si</ex>
         <ex>et por</ex>
         <ex>et mis</ex>
         <ex>prissonet batuz</ex>
         <ex>et route.</ex>
         <ex>et ta</ex>
         <ex>et quanq</ex>
         <ex>et pardon</ex>
         <ex>pardonet q</ex>
         <ex>et les
</ex>
         <ex> et misericorde</ex>
         <ex>apostreet toz
</ex>
         <ex>et se</ex>
         <ex>et li</ex>
         <ex>periuset par</ex>
         <ex>et si</ex>
         <ex>clerementet alerent</ex>
         <ex>et lor
</ex>
         <ex>et desme</ex>
         <ex>tet tant</ex>
         <ex>fosseet la</ex>
         <ex>et c</ex>
         <ex>et princes</ex>
         <ex>forset autres</ex>
         <ex>et en</ex>
         <ex>ducet ala</ex>
         <ex>deet molt
</ex>
         <ex>terreset assamblees</ex>
         <ex>ooientet molt
</ex>
         <ex>et de</ex>
         <ex>et de</ex>
         <ex>oloientet estre
</ex>
         <ex>ploroitet a</ex>
         <ex> et tuit</ex>
         <ex>et tuit</ex>
         <ex>fereet me</ex>
         <ex>et tuit</ex>
         <ex>deschauzet en</ex>
         <ex>et il</ex>
         <ex>et esgarder.</ex>
         <ex>terreet li</ex>
         <ex>et esgarder</ex>
         <ex>et si</ex>
         <ex>et esgarder.</ex>
         <ex>et si</ex>
         <ex>opienset lez
</ex>
         <ex>et hisdeus</ex>
         <ex>et si</ex>
         <ex>et desmesurez</ex>
         <ex>desmesurezet iols</ex>
         <ex>et d</ex>
         <ex>et cornues
</ex>
         <ex>issoientet si</ex>
         <ex>et grosses</ex>
         <ex>oientet par</ex>
         <ex>grandeset lees</ex>
         <ex>et si</ex>
         <ex>et par</ex>
         <ex>et si</ex>
         <ex>et si</ex>
         <ex>fosseet si</ex>
         <ex>et ire
</ex>
         <ex>et male</ex>
         <ex> et si</ex>
         <ex>et en</ex>
         <ex>oleet ou</ex>
         <ex>abiteet la</ex>
         <ex>et toz</ex>
         <ex>et fe</ex>
         <ex>et par</ex>
         <ex>et si</ex>
         <ex>eset si</ex>
         <ex>et heitez</ex>
         <ex>ieet parla</ex>
         <ex>et gloirefierent.</ex>
         <ex>et toz</ex>
         <ex>et a</ex>
         <ex>et conte</ex>
         <ex>et noierent.</ex>
         <ex>et si</ex>
         <ex>et torbes
</ex>
         <ex>et l</ex>
         <ex>derriereset si</ex>
         <ex>espoentezet li
</ex>
         <ex>deffenderreset q</ex>
         <ex>docementet si</ex>
         <ex>et omnia</ex>
         <ex>et douter.</ex>
         <ex>et si</ex>
         <ex>deet saces</ex>
         <ex>et des</ex>
         <ex>dureeet par</ex>
         <ex>arresteret puis</ex>
         <ex>deet de</ex>
         <ex>et a</ex>
         <ex>et repeire</ex>
         <ex>corset si</ex>
         <ex>et si</ex>
         <ex>et molt</ex>
         <ex>et si</ex>
         <ex>et go</ex>
         <ex>et dis</ex>
         <ex>et dist</ex>
         <ex>et a</ex>
         <ex>et est</ex>
         <ex>mortet angeles</ex>
         <ex>deableet qi</ex>
         <ex>et de</ex>
         <ex>misereset si</ex>
         <ex>estet si</ex>
         <ex>et si
</ex>
         <ex>genzet ne</ex>
         <ex>et deguer</ex>
         <ex>et li</ex>
         <ex>et toz</ex>
         <ex>resusciteret qi</ex>
         <ex>et loenges</ex>
         <ex>demostreret bene</ex>
         <ex>et gloirefierent.</ex>
         <ex>otionet toz</ex>
         <ex>et lor</ex>
         <ex>ignoret li</ex>
         <ex>entoret si</ex>
         <ex>et d</ex>
         <ex>eet tieus
</ex>
         <ex>iandeet si</ex>
         <ex>et en</ex>
         <ex>et en</ex>
         <ex>reset qanc</ex>
         <ex>et a</ex>
         <ex>angileet les</ex>
         <ex>et mout</ex>
         <ex>reset lor</ex>
         <ex>encelet par</ex>
         <ex>et mistrent</ex>
         <ex>neet tout
</ex>
         <ex>estoientet si</ex>
         <ex>et abatissent</ex>
         <ex>et lor</ex>
         <ex>et lor</ex>
         <ex>arsissentet si</ex>
         <ex>et aorassent
</ex>
         <ex>et toz
</ex>
         <ex>et bene</ex>
         <ex>et en</ex>
         <ex>et son</ex>
         <ex>et dit</ex>
         <ex>meret tout
</ex>
         <ex>et tote
</ex>
         <ex>et tout</ex>
         <ex> et  </ex>
         <ex> et </ex>
         <ex>et la</ex>
         <ex>et longue</ex>
         <ex>longueet lee</ex>
         <ex>et deguerpissent</ex>
         <ex>loiset arsissent
</ex>
         <ex>et destruisis</ex>
         <ex>et lor
</ex>
         <ex>inet de</ex>
         <ex>et fai</ex>
         <ex>menableet encore</ex>
         <ex>et li</ex>
         <ex>et tristrece.</ex>
         <ex>et autrui</ex>
         <ex>et mat</ex>
         <ex>et paine.</ex>
         <ex>dolenset las</ex>
         <ex>et de</ex>
         <ex>estoitet si
</ex>
         <ex>et secoroit</ex>
         <ex>secoroitet les</ex>
         <ex>estrangeset les</ex>
         <ex>et les
</ex>
         <ex>orpheninset bien</ex>
         <ex>fistet dist</ex>
         <ex>uchementet qi</ex>
         <ex>et as</ex>
         <ex>et re</ex>
         <ex>esqeet mout</ex>
         <ex>et mout</ex>
         <ex>et en</ex>
         <ex>et entendoit</ex>
         <ex>homeet puis</ex>
         <ex>et a</ex>
         <ex>crestienset crueus</ex>
         <ex>et de</ex>
         <ex>et poestis</ex>
         <ex>et dire
</ex>
         <ex>et les</ex>
         <ex>dreset fere
</ex>
         <ex> et dit</ex>
         <ex>guerieset pluiseurs</ex>
         <ex>femeet si</ex>
         <ex>languereuset resuscite</ex>
         <ex>et par</ex>
         <ex>conseilet si</ex>
         <ex>oret argent</ex>
         <ex>comandet ala</ex>
         <ex>et si</ex>
         <ex>et ta</ex>
         <ex>et tesmoignes</ex>
         <ex>sostenueset resuscites</ex>
         <ex>et conte
</ex>
         <ex>et de</ex>
         <ex>comandementet q</ex>
         <ex>et tote</ex>
         <ex>et regenerez</ex>
         <ex>dameet la</ex>
         <ex>et si</ex>
         <ex>et la</ex>
         <ex>et si</ex>
         <ex>rriereet qant</ex>
         <ex>mariet tantost</ex>
         <ex>et l</ex>
         <ex>baptizieet li</ex>
         <ex>et establi</ex>
         <ex>fioientet la</ex>
         <ex>et formee</ex>
         <ex>et donoit
</ex>
         <ex> et l</ex>
         <ex>et en</ex>
         <ex>upiteret toz</ex>
         <ex>et por</ex>
         <ex>et les</ex>
         <ex>et si</ex>
         <ex>et nos</ex>
         <ex>mageset si</ex>
         <ex>et terre.</ex>
         <ex>et si</ex>
         <ex>puissanzet si</ex>
         <ex>autreet o</ex>
         <ex>orissonset en</ex>
         <ex>citet tuit</ex>
         <ex>et li</ex>
         <ex>encontreet si</ex>
         <ex>et depechier</ex>
         <ex>et si</ex>
         <ex>et failliz</ex>
         <ex>et furent</ex>
         <ex>citet grant
</ex>
         <ex>et granz</ex>
         <ex>luiet alerent</ex>
         <ex>et a</ex>
         <ex>et reco</ex>
         <ex>et lui</ex>
         <ex>et sa</ex>
         <ex>compaignieet esqui</ex>
         <ex>et de</ex>
         <ex>et si</ex>
         <ex>et fondre.</ex>
         <ex>et lor</ex>
         <ex>oirset s</ex>
         <ex>et religieuse</ex>
         <ex>et si</ex>
         <ex>preesceet annonce</ex>
         <ex>perilet si</ex>
         <ex>et assambl</ex>
         <ex>deet liiez</ex>
         <ex>chaeneset lor</ex>
         <ex>contet mout</ex>
         <ex>maniereet si
</ex>
         <ex>et par</ex>
         <ex>et form</ex>
         <ex>santet si</ex>
         <ex>nonet a</ex>
         <ex>et loenges.</ex>
         <ex>et si</ex>
         <ex>creatureet la</ex>
         <ex>et sanc
</ex>
         <ex>et escume</ex>
         <ex>et de</ex>
         <ex>et de</ex>
         <ex>alierset fist</ex>
         <ex>et de</ex>
         <ex>et granz</ex>
         <ex>et desirroit
</ex>
         <ex>paroleset sa</ex>
         <ex>et alassent</ex>
         <ex>maniereset apr</ex>
         <ex>entrerentet mencierent
</ex>
         <ex>et pesible.</ex>
         <ex>contesseet pluiseurs</ex>
         <ex>repairierentet si</ex>
         <ex>palagreet cou</ex>
         <ex>sierentet la</ex>
         <ex>terreet la</ex>
         <ex>et la</ex>
         <ex>ignoret la</ex>
         <ex>enueet cil</ex>
         <ex>et haiti</ex>
         <ex>et a</ex>
         <ex>serset a</ex>
         <ex>aet li</ex>
         <ex>et mout</ex>
         <ex>et aornee</ex>
         <ex>et sacra﻿</ex>
         <ex> et cele</ex>
         <ex>et de</ex>
         <ex>luiet si</ex>
         <ex>et si</ex>
         <ex>oieset si</ex>
         <ex>et conoistre.</ex>
         <ex>mageet fu</ex>
         <ex>et hisdeus.</ex>
         <ex>noirset tresq</ex>
         <ex>et par</ex>
         <ex>et par</ex>
         <ex>ardanzet puans
</ex>
         <ex>et si</ex>
         <ex>eoiret esgarder</ex>
         <ex>et si</ex>
         <ex>ditet puis</ex>
         <ex>abiteet la</ex>
         <ex>et frois</ex>
         <ex>homeet fist</ex>
         <ex>et ce</ex>
         <ex>et sanez.</ex>
         <ex>tet tuit</ex>
         <ex>et cele</ex>
         <ex>et de</ex>
         <ex> et de</ex>
         <ex>oret si</ex>
         <ex>et lampes</ex>
         <ex>et son</ex>
         <ex>et de</ex>
         <ex>euseset de</ex>
         <ex>oret nuit</ex>
         <ex>et chandelabres</ex>
         <ex>oret une</ex>
         <ex>et l</ex>
         <ex>feteset consomees</ex>
         <ex> et si</ex>
         <ex>et sacrons
</ex>
         <ex>et de</ex>
         <ex>et de</ex>
         <ex>et de</ex>
         <ex>et ins</ex>
         <ex>et bues</ex>
         <ex>et aches</ex>
         <ex>acheset oleilles
</ex>
         <ex>et enoisons</ex>
         <ex>et tr</ex>
         <ex>et pa</ex>
         <ex>citet qe</ex>
         <ex>et poest</ex>
         <ex>et heiti</ex>
         <ex>et a</ex>
         <ex> et ses</ex>
         <ex>et assamblees</ex>
         <ex>apelaet si
</ex>
         <ex>liezet si</ex>
         <ex>et si</ex>
         <ex>et de</ex>
         <ex>et ses</ex>
         <ex>et de</ex>
         <ex>et cuens
</ex>
         <ex> et el</ex>
         <ex>et bele
</ex>
         <ex>et haute</ex>
         <ex>senzet plein</ex>
         <ex>et de
</ex>
         <ex>et chas</ex>
         <ex>et feire.</ex>
         <ex>et si</ex>
         <ex>et li
</ex>
         <ex>et si</ex>
         <ex>et sa</ex>
         <ex>et gracierent</ex>
         <ex>gracierentet toz</ex>
         <ex>et en</ex>
         <ex>signorieet qe</ex>
         <ex>et le</ex>
         <ex>et costume</ex>
         <ex>costumeet li</ex>
         <ex>et clers</ex>
         <ex>mortet si</ex>
         <ex>et feire</ex>
         <ex>esqeset autres</ex>
         <ex>tet fussent</ex>
         <ex>et en</ex>
         <ex>et establi</ex>
         <ex>et por</ex>
         <ex>et les</ex>
         <ex>estoientet si</ex>
         <ex>et estemenz.</ex>
         <ex>et si
</ex>
         <ex>et fet
</ex>
         <ex>et ce</ex>
         <ex>et assembler</ex>
         <ex>sermoneret lor</ex>
         <ex>ignoret lor
</ex>
         <ex>et si</ex>
         <ex>graceet si
</ex>
         <ex>homet qant</ex>
         <ex>et li</ex>
         <ex>et li</ex>
         <ex>et regne</ex>
         <ex>et estoient</ex>
         <ex>et en
</ex>
         <ex>elleset en</ex>
         <ex>reset eunoient
</ex>
         <ex>espreet adonc</ex>
         <ex>et e</ex>
         <ex>et orde</ex>
         <ex>deet 
</ex>
         <ex>et par</ex>
         <ex>et ﻿</ex>
         <ex>deet fist</ex>
         <ex>eglisseset atorna
</ex>
         <ex>et entendement</ex>
         <ex>ignoret a</ex>
         <ex> et par</ex>
         <ex>det par</ex>
         <ex>et si</ex>
         <ex>et lor</ex>
         <ex>doctrineet sermonez</ex>
         <ex>et pree</ex>
         <ex>direet lor</ex>
         <ex>angileet sa</ex>
         <ex>et a</ex>
         <ex>paroleset les
</ex>
         <ex>et re</ex>
         <ex>ieet pluiseurs</ex>
         <ex>et e</ex>
         <ex>baptesmeet puis</ex>
         <ex>et de</ex>
         <ex>et taire.</ex>
         <ex>et par</ex>
         <ex>et molt</ex>
         <ex>et mes</ex>
         <ex>iret a</ex>
         <ex>promiseet a</ex>
         <ex>et aiment.</ex>
         <ex>toiet si</ex>
         <ex>et ensamble</ex>
         <ex>et les</ex>
         <ex>rset ensamble</ex>
         <ex>irgeset de</ex>
         <ex>frereset serras</ex>
         <ex>et par</ex>
         <ex>ireset li</ex>
         <ex>et dist</ex>
         <ex>ieet qe</ex>
         <ex>puepleet un</ex>
         <ex>et autre</ex>
         <ex>et assemblassent</ex>
         <ex>onet absolution</ex>
         <ex>oet les</ex>
         <ex>foiet tornez
</ex>
         <ex>et sa</ex>
         <ex>det oite</ex>
         <ex>et cil</ex>
         <ex>et cil</ex>
         <ex>delet les</ex>
         <ex>et en
</ex>
         <ex>et rendoit
</ex>
         <ex>et loenges</ex>
         <ex>ceet puis</ex>
         <ex>et por
</ex>
         <ex>et a</ex>
         <ex>creanceet puis</ex>
         <ex>espreet lors</ex>
         <ex>et e</ex>
         <ex>doctrinastet enseignast</ex>
         <ex>ieet lors</ex>
         <ex>et a</ex>
         <ex>et ao</ex>
         <ex>et coment</ex>
         <ex>orzet coment</ex>
         <ex>et ensigniez.</ex>
         <ex>et garde.</ex>
         <ex>et chastem</ex>
         <ex>tet qe</ex>
         <ex>ucheoret si</ex>
         <ex>et desfaillies</ex>
         <ex>fianceet doit</ex>
         <ex>et del</ex>
         <ex>et del
</ex>
         <ex>et d</ex>
         <ex>espreet dont</ex>
         <ex>graceet si</ex>
         <ex>et bene</ex>
         <ex>et ait</ex>
         <ex>oset os</ex>
         <ex>reet qi</ex>
         <ex>et qi</ex>
         <ex>et si
</ex>
         <ex>et or</ex>
         <ex>et erais
</ex>
         <ex>et garde</ex>
         <ex>et ires</ex>
         <ex>et la</ex>
         <ex>establieet faite</ex>
         <ex>et tendi</ex>
         <ex>cielet fist</ex>
         <ex>et si</ex>
         <ex>mestreset qi</ex>
         <ex>nonet qi</ex>
         <ex>et estoient</ex>
         <ex>cielet crioient
</ex>
         <ex>ssentet si</ex>
         <ex>et si</ex>
         <ex>et la</ex>
         <ex>contreeset si</ex>
         <ex>parenzet obe</ex>
         <ex>et nostre</ex>
         <ex>et loerent.</ex>
         <ex> et esle</ex>
         <ex>membreset tantost
</ex>
         <ex>et sanez</ex>
         <ex>et si</ex>
         <ex>et por</ex>
         <ex>rirentet donerent</ex>
         <ex>clartet grant
</ex>
         <ex>et le</ex>
         <ex>clercet li</ex>
         <ex>zet mis</ex>
         <ex> et li</ex>
         <ex>ugleet cil</ex>
         <ex>et d</ex>
         <ex> et par
</ex>
         <ex>itet regne</ex>
         <ex>et olentiers</ex>
         <ex>et entendre</ex>
         <ex>et retenir</ex>
         <ex>et </ex>
         <ex>et les</ex>
         <ex>sontet aise</ex>
         <ex>et de
</ex>
         <ex>et de</ex>
         <ex>lonieet de</ex>
         <ex>et a</ex>
         <ex>et pris</ex>
         <ex>et par</ex>
         <ex>tormenzet par</ex>
         <ex>et geunes</ex>
         <ex>geuneset par</ex>
         <ex>et a</ex>
         <ex>confessorset mes</ex>
         <ex>et de</ex>
         <ex>et de</ex>
         <ex>et hauz</ex>
         <ex>et ri</ex>
         <ex>et a</ex>
         <ex>et sa</ex>
         <ex>et a</ex>
         <ex>hermitageet si</ex>
         <ex>et retraist</ex>
         <ex>et ensam</ex>
         <ex>et che</ex>
         <ex>et si</ex>
         <ex>et si</ex>
         <ex>paignonset dou</ex>
         <ex>ouret piti</ex>
         <ex>pitiet benignet</ex>
         <ex> et charit</ex>
         <ex>charitet pacience</ex>
         <ex>pacienceet bone
</ex>
         <ex>olentet hu</ex>
         <ex>mondeet si</ex>
         <ex>et si</ex>
         <ex>et de</ex>
         <ex>eoitet par</ex>
         <ex>tiers et portoient
</ex>
         <ex>et re</ex>
         <ex>baptesmeet si</ex>
         <ex>et paine.</ex>
         <ex>et les</ex>
         <ex>chetiset norrissoit</ex>
         <ex>besoigneuset re</ex>
         <ex>reet l</ex>
         <ex>et donoit</ex>
         <ex>reset a</ex>
         <ex>et besoigneus</ex>
         <ex>entet bien
</ex>
         <ex>et </ex>
         <ex>ozet li</ex>
         <ex>et besoigneuz</ex>
         <ex>et a
</ex>
         <ex>et donast</ex>
         <ex>fublet la</ex>
         <ex>et de</ex>
         <ex>reet l</ex>
         <ex>et mist
</ex>
         <ex>et gemirent</ex>
         <ex>et il
</ex>
         <ex>et affublez</ex>
         <ex>et cone</ex>
         <ex>et en</ex>
         <ex> et la</ex>
         <ex>ignor et por</ex>
         <ex>anzet si</ex>
         <ex>et fu</ex>
         <ex>et a</ex>
         <ex>et li</ex>
         <ex>alierset si</ex>
         <ex>lessieret de</ex>
         <ex>et si</ex>
         <ex>euet qe
</ex>
         <ex>eet cil</ex>
         <ex>et tes</ex>
         <ex>et d</ex>
         <ex>demeinet non</ex>
         <ex>et non</ex>
         <ex>antet tote</ex>
         <ex>et sanz
</ex>
         <ex>heaumeet el</ex>
         <ex>tresperceraiet trespasserai</ex>
         <ex>paiset si</ex>
         <ex>euset totes</ex>
         <ex>et les</ex>
         <ex>citet qi</ex>
         <ex>et de
</ex>
         <ex>et si</ex>
         <ex>pieceet </ex>
         <ex>et sa</ex>
         <ex>paienet si</ex>
         <ex>et de
</ex>
         <ex>et dolenz</ex>
         <ex>contreeet si</ex>
         <ex>et pro</ex>
         <ex>et robeor</ex>
         <ex>et seisi</ex>
         <ex>et a</ex>
         <ex>oieet puis</ex>
         <ex>estoitet de</ex>
         <ex>et s</ex>
         <ex>et en</ex>
         <ex>et dotance</ex>
         <ex>et les</ex>
         <ex>et a</ex>
         <ex>ignoret si</ex>
         <ex>oieet si</ex>
         <ex>pieceet molt</ex>
         <ex>et molt</ex>
         <ex> et si
</ex>
         <ex>loet a</ex>
         <ex>et pluisors</ex>
         <ex>s et mestre</ex>
         <ex>prestreset contre</ex>
         <ex>et eraies</ex>
         <ex>et batirent</ex>
         <ex>et le</ex>
         <ex>et la</ex>
         <ex>et pres</ex>
         <ex>arresteret por</ex>
         <ex>et apris</ex>
         <ex>et fie</ex>
         <ex>departizet ert</ex>
         <ex>annoncieret preechier</ex>
         <ex>et il</ex>
         <ex>cheailleet li</ex>
         <ex>et pro</ex>
         <ex>et pour</ex>
         <ex>et lor</ex>
         <ex>oientet si</ex>
         <ex>et a</ex>
         <ex>deet fu</ex>
         <ex>et apr</ex>
         <ex>eureet esqui</ex>
         <ex>et mena</ex>
         <ex>et preudome</ex>
         <ex>et de</ex>
         <ex>criet de</ex>
         <ex>estreet l</ex>
         <ex>et conta
</ex>
         <ex>cordeet tolue</ex>
         <ex>et fist</ex>
         <ex>estantet si</ex>
         <ex>homeet tuit</ex>
         <ex>et en</ex>
         <ex>prodomet sages</ex>
         <ex>et si</ex>
         <ex>issuet non</ex>
         <ex>et des</ex>
         <ex>et une</ex>
         <ex>eschiet qe</ex>
         <ex>pastoret go</ex>
         <ex>et li
</ex>
         <ex>esqeet es</ex>
         <ex>estuzet de</ex>
         <ex>reet ileinement</ex>
         <ex>et de</ex>
         <ex>et entendoit</ex>
         <ex>reet en</ex>
         <ex>et por</ex>
         <ex>et un</ex>
         <ex>et si</ex>
         <ex>eet de</ex>
         <ex>et d</ex>
         <ex>oieet cele</ex>
         <ex>luiet qi</ex>
         <ex>et sa</ex>
         <ex>sonceleset lor</ex>
         <ex> et doctrin</ex>
         <ex>escritureset a</ex>
         <ex>encelet li</ex>
         <ex>pereet si</ex>
         <ex>et en</ex>
         <ex>et dures.</ex>
         <ex>eset moles</ex>
         <ex>olentezet lor
</ex>
         <ex> et a</ex>
         <ex>et seins</ex>
         <ex>diteet tout</ex>
         <ex>et a</ex>
         <ex>et signorie</ex>
         <ex>siecleset a</ex>
         <ex>mortet doutoient.</ex>
         <ex>et les</ex>
         <ex>pereet lor</ex>
         <ex>et dire</ex>
         <ex>orissonset a</ex>
         <ex>contreeet si</ex>
         <ex>et fere</ex>
         <ex>et clart</ex>
         <ex>clartet lumiere.</ex>
         <ex>beleet mout</ex>
         <ex>et q</ex>
         <ex>et sanz</ex>
         <ex>et les</ex>
         <ex>nonet en</ex>
         <ex>et mart</ex>
         <ex>et par</ex>
         <ex>et a</ex>
         <ex>et demostrast</ex>
         <ex>et sa</ex>
         <ex>et de</ex>
         <ex>et hisdeus
</ex>
         <ex>et cruel</ex>
         <ex>nonet de</ex>
         <ex>parlaet si</ex>
         <ex>apelezet si</ex>
         <ex> lerreset ensamble</ex>
         <ex>frereset a</ex>
         <ex>eet lors</ex>
         <ex>despechieret desfere.</ex>
         <ex>et de</ex>
         <ex>ret cil</ex>
         <ex>doelet grant</ex>
         <ex>et s</ex>
         <ex>et a</ex>
         <ex>et en</ex>
         <ex>ssentet q</ex>
         <ex>et esmer</ex>
         <ex>et qe</ex>
         <ex>et d</ex>
         <ex>aoroientet faisoient</ex>
         <ex>et de</ex>
         <ex>et droit</ex>
         <ex>et lonc</ex>
         <ex>paieneet les</ex>
         <ex>abatistet encore</ex>
         <ex>sacret bene</ex>
         <ex>beneet q</ex>
         <ex>et honorassent.</ex>
         <ex>et a</ex>
         <ex>et lui</ex>
         <ex>et ensi</ex>
         <ex>et abatre</ex>
         <ex>et bene</ex>
         <ex>et por</ex>
         <ex>et si</ex>
         <ex>et mostres
</ex>
         <ex>et contes</ex>
         <ex>oiret s</ex>
         <ex>feireet qe</ex>
         <ex>et che</ex>
         <ex>ensambleet a</ex>
         <ex>bienet si</ex>
         <ex>et con</ex>
         <ex>et lor</ex>
         <ex>et pendoit</ex>
         <ex>liementet a</ex>
         <ex>et de
</ex>
         <ex>loinget si</ex>
         <ex>et esperdu</ex>
         <ex>et sanz</ex>
         <ex>et a</ex>
         <ex>et pesanz</ex>
         <ex>pesanzet de</ex>
         <ex>et grant</ex>
         <ex>eet li</ex>
         <ex>et a</ex>
         <ex>ignoret si</ex>
         <ex>et lor</ex>
         <ex>exempleset par</ex>
         <ex>et lor</ex>
         <ex>et faisoit</ex>
         <ex>et autieus</ex>
         <ex>loet </ex>
         <ex>et paien</ex>
         <ex>et cil</ex>
         <ex>orisonset lor</ex>
         <ex>et a</ex>
         <ex>et celebrees.
</ex>
         <ex>et destruire.</ex>
         <ex>pleinet la</ex>
         <ex>et granz</ex>
         <ex>entet se</ex>
         <ex>et li</ex>
         <ex>et destruiz</ex>
         <ex>destruizet que</ex>
         <ex> et sau</ex>
         <ex>celleet a</ex>
         <ex>mostieret la</ex>
         <ex>et en</ex>
         <ex>et a</ex>
         <ex>et descon</ex>
         <ex>et qe</ex>
         <ex>et des</ex>
         <ex>et totes
</ex>
         <ex>et tuit</ex>
         <ex>et en</ex>
         <ex>et espoent</ex>
         <ex>et crurent.</ex>
         <ex>oizet distrent</ex>
         <ex>et aoroit</ex>
         <ex>et croire</ex>
         <ex>et les</ex>
         <ex>et despire.</ex>
         <ex>et en</ex>
         <ex>et sanz
</ex>
         <ex>douteet li</ex>
         <ex>et maumis.</ex>
         <ex>et a</ex>
         <ex>et a</ex>
         <ex>et formee</ex>
         <ex>et bien
</ex>
         <ex>et a</ex>
         <ex>et grant</ex>
         <ex>et ocirre.</ex>
         <ex>et che</ex>
         <ex>exampleset tieus</ex>
         <ex>miracleset par</ex>
         <ex>eritet q</ex>
         <ex>et lor</ex>
         <ex>et depecier.</ex>
         <ex>et tieus</ex>
         <ex>et curer
</ex>
         <ex>et entendre.</ex>
         <ex>membreset si</ex>
         <ex>et si</ex>
         <ex>et entendi</ex>
         <ex>et a</ex>
         <ex>assemblezet pluisors</ex>
         <ex>amoientet a</ex>
         <ex>et entendre</ex>
         <ex>et perist</ex>
         <ex>itet de</ex>
         <ex>et ce</ex>
         <ex>et a</ex>
         <ex>et a</ex>
         <ex>et cil</ex>
         <ex>seleet granz</ex>
         <ex>et atendoient</ex>
         <ex>et sa</ex>
         <ex>et seigna</ex>
         <ex>puceleet tantost</ex>
         <ex>ignoret tuit</ex>
         <ex>droiteet </ex>
         <ex> et curee</ex>
         <ex>et tiesmo</ex>
         <ex>et gre</ex>
         <ex>et sanez.</ex>
         <ex>denzet crioit</ex>
         <ex>et demenoit
</ex>
         <ex>et si</ex>
         <ex>estoitet tant</ex>
         <ex>et si</ex>
         <ex>et tel</ex>
         <ex>presignieret apr</ex>
         <ex>set toz</ex>
         <ex>et par</ex>
         <ex>homeet la</ex>
         <ex>et aguetier</ex>
         <ex>et mout
</ex>
         <ex>et tenist</ex>
         <ex>estoitet entra</ex>
         <ex>dolantet mout
</ex>
         <ex>et ocirre</ex>
         <ex>pooret sanz</ex>
         <ex>et q</ex>
         <ex>fremiret a</ex>
         <ex>et a</ex>
         <ex>et si</ex>
         <ex>et mengue.</ex>
         <ex>chautet tout</ex>
         <ex>dedenzet ne</ex>
         <ex>derrierset de</ex>
         <ex>et molt</ex>
         <ex>esmaieet torblee
</ex>
         <ex>et confondre.</ex>
         <ex>et en</ex>
         <ex>et dist</ex>
         <ex>et en</ex>
         <ex>et escoutoit</ex>
         <ex>deableset li</ex>
         <ex>estoientet fors</ex>
         <ex>et ses</ex>
         <ex>et la</ex>
         <ex>et le
</ex>
         <ex>et bene</ex>
         <ex>et o</ex>
         <ex>et mondez</ex>
         <ex>et en</ex>
         <ex>ignoret au</ex>
         <ex>oezet entendez</ex>
         <ex>et corrompue</ex>
         <ex>qarteineset par</ex>
         <ex>puceleet en</ex>
         <ex>guerieet mondee</ex>
         <ex>et irge.</ex>
         <ex>et bene</ex>
         <ex>oitet la</ex>
         <ex>reeet li
</ex>
         <ex>et si</ex>
         <ex>et re</ex>
         <ex>et del</ex>
         <ex>combrisiezet si</ex>
         <ex>nuitet il</ex>
         <ex>et si</ex>
         <ex>lendemeinet si</ex>
         <ex>et de
</ex>
         <ex>pluiseurset ra</ex>
         <ex>genzet puis</ex>
         <ex>reset le</ex>
         <ex>et il</ex>
         <ex>guerissonset ocioit</ex>
         <ex>et sanz</ex>
         <ex>et dist</ex>
         <ex>et par
</ex>
         <ex>batailleet ce</ex>
         <ex>desfendreet por</ex>
         <ex>mostreeset tante</ex>
         <ex>et grant</ex>
         <ex>et l</ex>
         <ex>meset de</ex>
         <ex>et en
</ex>
         <ex>butet tantost</ex>
         <ex>et enuz</ex>
         <ex>street li</ex>
         <ex>lignieet acompliz</ex>
         <ex>et couce</ex>
         <ex>et el</ex>
         <ex>matet confus</ex>
         <ex>et tel
</ex>
         <ex>et tel</ex>
         <ex>et matin.</ex>
         <ex>et conter</ex>
         <ex>maniereet si</ex>
         <ex>et a</ex>
         <ex>estoientet molt</ex>
         <ex>et cont</ex>
         <ex>et requis.</ex>
         <ex>et destruiz</ex>
         <ex>et qi</ex>
         <ex>et desconfiz</ex>
         <ex>et si</ex>
         <ex>pereoret tant</ex>
         <ex>et tant
</ex>
         <ex>et entendez
</ex>
         <ex>foizet si</ex>
         <ex>et si</ex>
         <ex>et molt</ex>
         <ex>et a</ex>
         <ex>et fere</ex>
         <ex>et tolue
</ex>
         <ex>parleret il</ex>
         <ex>reset si</ex>
         <ex>et cont</ex>
         <ex>mandaet dist</ex>
         <ex>et cerchassent</ex>
         <ex>doleuret ceste</ex>
         <ex>et cerche</ex>
         <ex>et puis</ex>
         <ex>forestet si</ex>
         <ex>ouet qant</ex>
         <ex>et entendre</ex>
         <ex>et qi</ex>
         <ex> et dit</ex>
         <ex>et apa</ex>
         <ex>et de</ex>
         <ex> et ce</ex>
         <ex>et sa</ex>
         <ex>et sa</ex>
         <ex>paroleset si</ex>
         <ex>et deguerpi</ex>
         <ex> et puis</ex>
         <ex>et ses</ex>
         <ex>fezet les</ex>
         <ex>et si</ex>
         <ex>et les</ex>
         <ex>et la</ex>
         <ex>ieet si</ex>
         <ex>et leis</ex>
         <ex>et misericorde.</ex>
         <ex>et entendre</ex>
         <ex>et a</ex>
         <ex>et sermonoit</ex>
         <ex>et sa</ex>
         <ex>apelezet l</ex>
         <ex>oitet t</ex>
         <ex>reset por</ex>
         <ex>ieet tant</ex>
         <ex>et de</ex>
         <ex>et la</ex>
         <ex>et une</ex>
         <ex>demoranceet non</ex>
         <ex>et lor</ex>
         <ex>et si</ex>
         <ex> et en</ex>
         <ex>compaignieet cil
</ex>
         <ex>creanceet par</ex>
         <ex>loet de</ex>
         <ex>et eu</ex>
         <ex>euet portoient
</ex>
         <ex>et de</ex>
         <ex>estoitet qi</ex>
         <ex>et entendi</ex>
         <ex>friret si</ex>
         <ex>luiet par</ex>
         <ex> et entendi</ex>
         <ex>et tra</ex>
         <ex>miseet cele</ex>
         <ex>estueet par</ex>
         <ex>et conisteroiz</ex>
         <ex>elleet si
</ex>
         <ex>et entendre.</ex>
         <ex>et grant
</ex>
         <ex>et la</ex>
         <ex>eoitet mur</ex>
         <ex>autreset me</ex>
         <ex>estueet por</ex>
         <ex>et molt</ex>
         <ex>et molt</ex>
         <ex>iolset taster</ex>
         <ex>zet nepor</ex>
         <ex>et a</ex>
         <ex>et a</ex>
         <ex>pooitet si</ex>
         <ex>et </ex>
         <ex>et a</ex>
         <ex>ienentet de</ex>
         <ex>et eoir</ex>
         <ex>et die</ex>
         <ex>seuset li</ex>
         <ex>maniereet si
</ex>
         <ex>reet corone</ex>
         <ex>pierreset chau</ex>
         <ex>doreeet molt</ex>
         <ex>et de</ex>
         <ex>et de</ex>
         <ex> et por</ex>
         <ex>et si</ex>
         <ex>direet apr</ex>
         <ex>et corone</ex>
         <ex>et en</ex>
         <ex>mortet a</ex>
         <ex>oizet cele</ex>
         <ex>reet la</ex>
         <ex> et dit</ex>
         <ex>neset si</ex>
         <ex>et de</ex>
         <ex>biet raconterai</ex>
         <ex>gieret c</ex>
         <ex>piezet si</ex>
         <ex>et pechi</ex>
         <ex>et de</ex>
         <ex>siecleet qe
</ex>
         <ex>direet i</ex>
         <ex>et dire</ex>
         <ex>direet dont</ex>
         <ex>pluiseurset resuscitoit</ex>
         <ex>morset a</ex>
         <ex>et les
</ex>
         <ex>fuiet qi</ex>
         <ex>et dire.</ex>
         <ex>et por
</ex>
         <ex>set de</ex>
         <ex>et fesoit</ex>
         <ex>et gesir</ex>
         <ex>gesiret si</ex>
         <ex>estoitet oste</ex>
         <ex>et il</ex>
         <ex>et li
</ex>
         <ex>et la</ex>
         <ex>et si
</ex>
         <ex>et une
</ex>
         <ex>estet li</ex>
         <ex>ardoiret a</ex>
         <ex>et destraignoit</ex>
         <ex>et serrez</ex>
         <ex>et si</ex>
         <ex>sonset si</ex>
         <ex>foiet par</ex>
         <ex>desfermeret il
</ex>
         <ex>croizet ses</ex>
         <ex>entendreet sa</ex>
         <ex>definaet lessa</ex>
         <ex>decipleset a</ex>
         <ex>entreet </ex>
         <ex>oientet cha</ex>
         <ex>et men</ex>
         <ex>et si</ex>
         <ex>entet si</ex>
         <ex>et qant
</ex>
         <ex>et les</ex>
         <ex>leuet si</ex>
         <ex>et entendre</ex>
         <ex>et as
</ex>
         <ex>montaigneset li</ex>
         <ex>oitet la</ex>
         <ex>et grant</ex>
         <ex>demeneret se</ex>
         <ex>oizet si</ex>
         <ex>et descon</ex>
         <ex>saufet si</ex>
         <ex>et de</ex>
         <ex>et si</ex>
         <ex>ignoret a</ex>
         <ex>et faire.</ex>
         <ex>et en</ex>
         <ex>et seur</ex>
         <ex>et les</ex>
         <ex>cielet si</ex>
         <ex>et de</ex>
         <ex>lumiereet tot</ex>
         <ex>et tant</ex>
         <ex>indrentet tuit</ex>
         <ex>et as</ex>
         <ex>oieset me</ex>
         <ex>demenoientet com</ex>
         <ex>et assamblez</ex>
         <ex>et emis</ex>
         <ex>reet i</ex>
         <ex>et chantees.</ex>
         <ex>et un
</ex>
         <ex>eageet au</ex>
         <ex>deet si</ex>
         <ex>contet dit.</ex>
         <ex>aet il</ex>
         <ex>deet cil</ex>
         <ex>euset une</ex>
         <ex>oloientet si</ex>
         <ex>neet si</ex>
         <ex>et olons</ex>
         <ex>mondeet parti</ex>
         <ex>iandeset si</ex>
         <ex>onset esleeciez</ex>
         <ex>ertuzet de</ex>
         <ex>et doi</ex>
         <ex>entet nous</ex>
         <ex>deet si</ex>
         <ex>morzet a</ex>
         <ex>et pro</ex>
         <ex>et droiture</ex>
         <ex>et a</ex>
         <ex>loet l</ex>
         <ex>et la
</ex>
         <ex>et li</ex>
         <ex>et distrent</ex>
         <ex>et de</ex>
         <ex>nefet toutes</ex>
         <ex>confuzet repeirierent</ex>
         <ex>et de</ex>
         <ex>et entendue.</ex>
         <ex>et de</ex>
         <ex>et de</ex>
         <ex>et mout</ex>
         <ex>matineset de</ex>
         <ex>et de</ex>
         <ex>oet entendi</ex>
         <ex>et ent</ex>
         <ex>encoreet si</ex>
         <ex>tendreet les</ex>
         <ex>et por</ex>
         <ex>et li
</ex>
         <ex>acreset si</ex>
         <ex>et par
</ex>
         <ex>et entendoit</ex>
         <ex>et la</ex>
         <ex>et si</ex>
         <ex>et e</ex>
         <ex>ieet por</ex>
         <ex>et demeinent</ex>
         <ex> et entendu</ex>
         <ex>et lor</ex>
         <ex>sesiret prendre</ex>
         <ex>et confuz</ex>
         <ex>et tristres.</ex>
         <ex>et l</ex>
         <ex>et puis</ex>
         <ex>et isnielement</ex>
         <ex>et ent</ex>
         <ex>et florie.</ex>
         <ex>et il</ex>
         <ex>et finee</ex>
         <ex>fineeet cil</ex>
         <ex>et ennuiez</ex>
         <ex>troublezet bien</ex>
         <ex>ensambleet mout</ex>
         <ex>et l</ex>
         <ex>preudomet seinz</ex>
         <ex>homet bene</ex>
         <ex>et les</ex>
         <ex>enoientet cui</ex>
         <ex>confonduzet seinte</ex>
         <ex>enforcieet qi</ex>
         <ex>geleset la</ex>
         <ex>irgeset qi</ex>
         <ex>et leesche</ex>
         <ex>et crieres</ex>
         <ex>et regne</ex>
         <ex>homet de</ex>
         <ex> et en</ex>
         <ex>et plus</ex>
         <ex>estudeet molt
</ex>
         <ex>et consomee</ex>
         <ex>et dire</ex>
         <ex>et somee</ex>
         <ex>et toz</ex>
         <ex>et les</ex>
         <ex>et les</ex>
         <ex>et bene</ex>
         <ex>ret por</ex>
         <ex>et metre</ex>
         <ex>et a</ex>
         <ex>antet qant</ex>
         <ex>sarquet puis</ex>
         <ex>et por</ex>
         <ex>dolenzet si</ex>
         <ex>et molt
</ex>
         <ex>et si</ex>
         <ex>esqiet ceste</ex>
         <ex>et li
</ex>
         <ex>et en</ex>
         <ex>et en</ex>
         <ex>et por</ex>
         <ex>elset il</ex>
         <ex>estoitet il</ex>
         <ex>abbeset puis</ex>
         <ex>laet lor</ex>
         <ex>oset por</ex>
         <ex>et tristre</ex>
         <ex>reet li</ex>
         <ex>et li</ex>
         <ex>esqeet les</ex>
         <ex>et les</ex>
         <ex>et cierges</ex>
         <ex>chanteret si</ex>
         <ex>et misent</ex>
         <ex>et assis</ex>
         <ex>nonet la</ex>
         <ex>chanteeet il</ex>
         <ex>set si</ex>
         <ex> et dit</ex>
         <ex>eet qe</ex>
         <ex>autruiet ce</ex>
         <ex>et regne</ex>
         <ex>eet essaucie</ex>
         <ex>essaucieet qe</ex>
         <ex>et </ex>
         <ex> et en</ex>
         <ex>et nessent.</ex>
         <ex> et la</ex>
         <ex> et de</ex>
         <ex>contreeet mout</ex>
         <ex>oiret de</ex>
         <ex>et de</ex>
         <ex>et de
</ex>
         <ex>et cremoit</ex>
         <ex>et mout</ex>
         <ex>euet ser</ex>
         <ex>et de</ex>
         <ex>set so</ex>
         <ex>et dont</ex>
         <ex>et les</ex>
         <ex>eset les</ex>
         <ex>et les</ex>
         <ex>mengiet il</ex>
         <ex>et si
</ex>
         <ex>et e</ex>
         <ex>et en</ex>
         <ex>et chas</ex>
         <ex> et si
</ex>
         <ex>et si</ex>
         <ex>et mon</ex>
         <ex>contet dit</ex>
         <ex> et </ex>
         <ex>et mi</ex>
         <ex>sericorset qi</ex>
         <ex>et ape</ex>
         <ex>et entendre.</ex>
         <ex>et droiture.</ex>
         <ex>pereset la</ex>
         <ex>et le</ex>
         <ex>et amenda</ex>
         <ex>et la</ex>
         <ex>et par</ex>
         <ex>et rectori</ex>
         <ex>et di</ex>
         <ex>enfeset bien</ex>
         <ex>et ama</ex>
         <ex>reatouret son</ex>
         <ex>et entendans</ex>
         <ex>femeet si</ex>
         <ex>filet si</ex>
         <ex>oieet m</ex>
         <ex>esleeceet l</ex>
         <ex>et les</ex>
         <ex>estoitet furent</ex>
         <ex>mostieret menez</ex>
         <ex>et en</ex>
         <ex>et g</ex>
         <ex>et sa
</ex>
         <ex> et de</ex>
         <ex>et de</ex>
         <ex>et une</ex>
         <ex>et si
</ex>
         <ex>gardezet nostre
</ex>
         <ex>et retint.</ex>
         <ex>et argent</ex>
         <ex>plotet se</ex>
         <ex>et fors
</ex>
         <ex>saleet ala</ex>
         <ex>dedenzet na</ex>
         <ex>citet ala</ex>
         <ex>et si</ex>
         <ex>et dona</ex>
         <ex>et a</ex>
         <ex>reset le</ex>
         <ex>et dona</ex>
         <ex>ignoret dont</ex>
         <ex>aumosneset ce</ex>
         <ex>penseeet estoit</ex>
         <ex>et en</ex>
         <ex>et en</ex>
         <ex> et dit</ex>
         <ex>et demanda
</ex>
         <ex>ilet si</ex>
         <ex>et si</ex>
         <ex>et misericors
</ex>
         <ex>et secorables.</ex>
         <ex>et di</ex>
         <ex>direet gisoit
</ex>
         <ex>et disoit</ex>
         <ex>ignoret en</ex>
         <ex>ignoret li</ex>
         <ex>luiet la</ex>
         <ex>ditet parl</ex>
         <ex>celuiet cil</ex>
         <ex>et proia
</ex>
         <ex>demostrastet ensignast
</ex>
         <ex>misericordeet nostre</ex>
         <ex>eglisseet puis</ex>
         <ex>estoitet de</ex>
         <ex>et dist</ex>
         <ex>et pleinz
</ex>
         <ex>paroleset li</ex>
         <ex>et amener</ex>
         <ex>et sot</ex>
         <ex>et depueplez</ex>
         <ex>contreeet par</ex>
         <ex>et li</ex>
         <ex>et se</ex>
         <ex>portet tant</ex>
         <ex>terreet si</ex>
         <ex>empereoret ensemble</ex>
         <ex>luiet si</ex>
         <ex>et piti</ex>
         <ex>et misericor</ex>
         <ex>et besoigneus</ex>
         <ex>et si</ex>
         <ex>et done</ex>
         <ex>ieet si</ex>
         <ex>et oelle</ex>
         <ex>et raemplir</ex>
         <ex>et si</ex>
         <ex>et li</ex>
         <ex>et si</ex>
         <ex>et istrai</ex>
         <ex>oieet si</ex>
         <ex>maniereet si</ex>
         <ex>et men</ex>
         <ex>et dire</ex>
         <ex>et menoit</ex>
         <ex>et si</ex>
         <ex>et par
</ex>
         <ex>et atendrai</ex>
         <ex>et l</ex>
         <ex>et menoit</ex>
         <ex>entet qi</ex>
         <ex>anuizet de</ex>
         <ex>et les</ex>
         <ex>et le</ex>
         <ex>et sa</ex>
         <ex>et en</ex>
         <ex>et ceste</ex>
         <ex>et metre</ex>
         <ex>et departir</ex>
         <ex>et enque</ex>
         <ex>et pene</ex>
         <ex>ieet ment</ex>
         <ex>et esploiti</ex>
         <ex>esploitiet coment</ex>
         <ex>et coment</ex>
         <ex>oret la</ex>
         <ex>et de</ex>
         <ex>et la</ex>
         <ex>et li</ex>
         <ex>eilliezet qi</ex>
         <ex>esteset e</ex>
         <ex>et assoa</ex>
         <ex>et s</ex>
         <ex>et en</ex>
         <ex>euet si</ex>
         <ex>remestet trespassa</ex>
         <ex>et li</ex>
         <ex>et tuit</ex>
         <ex>maladeset rendoit</ex>
         <ex>et nuit</ex>
         <ex>et loenges</ex>
         <ex>loengeset li</ex>
         <ex>et pardon</ex>
         <ex>pechiezet qu</ex>
         <ex>ameet li
</ex>
         <ex>oieet a</ex>
         <ex>empereoret li
</ex>
         <ex>et enseignie.</ex>
         <ex>eet si</ex>
         <ex> et si</ex>
         <ex>et la</ex>
         <ex>signorieet si</ex>
         <ex>et dist</ex>
         <ex>et por</ex>
         <ex>et embraser</ex>
         <ex>et si</ex>
         <ex>et qieus</ex>
         <ex>et de</ex>
         <ex>eoitet qe</ex>
         <ex>et grant</ex>
         <ex>orissonset en
</ex>
         <ex>gaboientet assailloient</ex>
         <ex>et il
</ex>
         <ex>et trespassez</ex>
         <ex>et aussint</ex>
         <ex>resplendissanzet en</ex>
         <ex>et lire</ex>
         <ex>et si</ex>
         <ex>mesonet ore</ex>
         <ex>morzet tenoit</ex>
         <ex>richementet si</ex>
         <ex>tet ensemble</ex>
         <ex>et tuit</ex>
         <ex>omeet granz</ex>
         <ex>pereorset ci</ex>
         <ex>et q</ex>
         <ex>meinet lor</ex>
         <ex>et li</ex>
         <ex>et esponst</ex>
         <ex>reset si</ex>
         <ex>euset se</ex>
         <ex>plorantet criant</ex>
         <ex>et si
</ex>
         <ex>eet quel
</ex>
         <ex>pasmaet de</ex>
         <ex>et sostenue.</ex>
         <ex>descireret a</ex>
         <ex>eneorset ses
</ex>
         <ex>forseneeet regardoit
</ex>
         <ex>et a</ex>
         <ex>et cui</ex>
         <ex>et redemenoit</ex>
         <ex>oiset si</ex>
         <ex>et toutes</ex>
         <ex>et plorez</ex>
         <ex>et demenez</ex>
         <ex>et disoit</ex>
         <ex>et moi</ex>
         <ex>oset si</ex>
         <ex>et confortoient
</ex>
         <ex>et ploroit</ex>
         <ex>et a</ex>
         <ex>et si
</ex>
         <ex>et la</ex>
         <ex>et esmer</ex>
         <ex>et si</ex>
         <ex>et a</ex>
         <ex>mereet a</ex>
         <ex>citet si</ex>
         <ex>et dire</ex>
         <ex> et cil</ex>
         <ex>maladieset languereus</ex>
         <ex>et ooient</ex>
         <ex> et  </ex>
         <ex>et argent</ex>
         <ex>reet la</ex>
         <ex>et li</ex>
         <ex>et a</ex>
         <ex>et loenges</ex>
         <ex> et d</ex>
         <ex>et d</ex>
         <ex>tet de</ex>
         <ex>et mistrent</ex>
         <ex>et fet</ex>
         <ex> et </ex>
         <ex>mentet par</ex>
         <ex>atentet qi</ex>
         <ex>zet a</ex>
         <ex>eslongentet ser</ex>
         <ex>et pai</ex>
         <ex>irontet a</ex>
         <ex>et o</ex>
         <ex>et o</ex>
         <ex>et o</ex>
         <ex>et en</ex>
         <ex>tendreet la</ex>
         <ex>et regne</ex>
         <ex>entendieet o</ex>
         <ex>racontentet dient
</ex>
         <ex>et les</ex>
         <ex>et por</ex>
         <ex>et qi</ex>
         <ex>et sa</ex>
         <ex>et andui</ex>
         <ex>et ser</ex>
         <ex>et amer</ex>
         <ex>escoleet li</ex>
         <ex>et del</ex>
         <ex>gieet si</ex>
         <ex>et misericorde</ex>
         <ex>et oieus</ex>
         <ex>et l</ex>
         <ex>et sa</ex>
         <ex>et sa</ex>
         <ex>morurentet de</ex>
         <ex> et dona</ex>
         <ex>et en</ex>
         <ex>celuiet lors</ex>
         <ex> et par</ex>
         <ex>et gueriz.</ex>
         <ex>et muiant</ex>
         <ex>muiantet cil</ex>
         <ex>oientet li</ex>
         <ex>conselet a</ex>
         <ex>deet il</ex>
         <ex>metezet secoroit</ex>
         <ex>et esparse</ex>
         <ex>et sa</ex>
         <ex>contreeet trespasse</ex>
         <ex>et menroit</ex>
         <ex>et en</ex>
         <ex>et cil</ex>
         <ex> et deli</ex>
         <ex>estoitet por</ex>
         <ex>et q</ex>
         <ex>et pooir.</ex>
         <ex>piezet si
</ex>
         <ex>estionset qi</ex>
         <ex>corset amenisterrons</ex>
         <ex>liezet bene</ex>
         <ex>ignoret rendi</ex>
         <ex>et a</ex>
         <ex>et ses
</ex>
         <ex>liezet heitiez</ex>
         <ex>et li</ex>
         <ex>et droituriers</ex>
         <ex>et mis</ex>
         <ex>et nuiz</ex>
         <ex>et a</ex>
         <ex>et autres</ex>
         <ex>feteet qant</ex>
         <ex> et quel</ex>
         <ex>et escu</ex>
         <ex>et d</ex>
         <ex>et de</ex>
         <ex>et ni</ex>
         <ex>ieet puis</ex>
         <ex>et apr</ex>
         <ex>et l</ex>
         <ex>et puis</ex>
         <ex>entet alerent</ex>
         <ex>et menoit</ex>
         <ex>homeet por
</ex>
         <ex>et herber</ex>
         <ex>et donees</ex>
         <ex>et sanee</ex>
         <ex>et tant</ex>
         <ex>esqeset il</ex>
         <ex>et si</ex>
         <ex>luiet 
</ex>
         <ex>enerationet li</ex>
         <ex>esqeet qant</ex>
         <ex>et por</ex>
         <ex>et misericorz</ex>
         <ex>et par</ex>
         <ex>et bien
</ex>
         <ex>et alez</ex>
         <ex>et ostas</ex>
         <ex>et qi</ex>
         <ex>et molt</ex>
         <ex>plorantet tant</ex>
         <ex>et de</ex>
         <ex>ageet si
</ex>
         <ex>et pure</ex>
         <ex>et ren</ex>
         <ex>et atornee</ex>
         <ex>et de</ex>
         <ex>et meintenant</ex>
         <ex>et plus</ex>
         <ex>et comencie</ex>
         <ex>eet ele
</ex>
         <ex>et d</ex>
         <ex>et le</ex>
         <ex>et les</ex>
         <ex>orset si</ex>
         <ex>et la</ex>
         <ex>et ge</ex>
         <ex>et de</ex>
         <ex>ignoret si</ex>
         <ex>apaisastet si</ex>
         <ex>acostumeeet tuit</ex>
         <ex>et ne</ex>
         <ex>et dis</ex>
         <ex>et li
</ex>
         <ex>et de</ex>
         <ex>et de</ex>
         <ex>et por
</ex>
         <ex>fereet ele</ex>
         <ex>et bien</ex>
         <ex>et li</ex>
         <ex>et li</ex>
         <ex>reposteet aombree</ex>
         <ex>boiset de</ex>
         <ex>et a</ex>
         <ex>et plai</ex>
         <ex>et ses</ex>
         <ex> et en
</ex>
         <ex>et li</ex>
         <ex> et il</ex>
         <ex>estoitet de</ex>
         <ex>contreeet por</ex>
         <ex>et qi</ex>
         <ex> et na</ex>
         <ex>et le</ex>
         <ex>et l</ex>
         <ex>enet coment</ex>
         <ex>roiset li</ex>
         <ex>piezet si</ex>
         <ex>mesfetet si</ex>
         <ex>et despenses</ex>
         <ex>pardonastet si</ex>
         <ex>et li</ex>
         <ex>orissonset apr</ex>
         <ex>et por</ex>
         <ex>paroleset si</ex>
         <ex>et oloit
</ex>
         <ex>et granz</ex>
         <ex>et qi</ex>
         <ex>et or.</ex>
         <ex>paistreset go</ex>
         <ex>et par</ex>
         <ex>et par</ex>
         <ex>apostreet l</ex>
         <ex>et en</ex>
         <ex>et en</ex>
         <ex>et seint</ex>
         <ex>et a</ex>
         <ex>aet li</ex>
         <ex>terreet por</ex>
         <ex>et do</ex>
         <ex>moineset de</ex>
         <ex>regneet meesmement</ex>
         <ex>et par</ex>
         <ex>et par
</ex>
         <ex>et qu</ex>
         <ex>et mena
</ex>
         <ex>et par</ex>
         <ex>et ho</ex>
         <ex>luiet la</ex>
         <ex>et si</ex>
         <ex>et manda</ex>
         <ex>choseset tant</ex>
         <ex>et si</ex>
         <ex>et de</ex>
         <ex>et si</ex>
         <ex>et heiti</ex>
         <ex>racontezet si</ex>
         <ex>et de</ex>
         <ex>et de</ex>
         <ex>cleset del</ex>
         <ex>et il</ex>
         <ex>fetet q</ex>
         <ex>solementet le</ex>
         <ex>deguerpissoitet au</ex>
         <ex>et le</ex>
         <ex>piezet si</ex>
         <ex>proiereet li</ex>
         <ex>eet il</ex>
         <ex>et tel</ex>
         <ex> et de</ex>
         <ex>apostreset por</ex>
         <ex>apostoileet si</ex>
         <ex>graceset si</ex>
         <ex>et puis</ex>
         <ex>et si</ex>
         <ex>et por</ex>
         <ex>et dist</ex>
         <ex>meret qi</ex>
         <ex>et par</ex>
         <ex>et par</ex>
         <ex>et sanz</ex>
         <ex>et metre</ex>
         <ex> et por
</ex>
         <ex>et en</ex>
         <ex>et en</ex>
         <ex>tenset il</ex>
         <ex>et or</ex>
         <ex>finet il</ex>
         <ex>et dist</ex>
         <ex>espiritueuset si</ex>
         <ex>et ala</ex>
         <ex> et deguerpi</ex>
         <ex>siecleet re</ex>
         <ex>et la
</ex>
         <ex>et requerons</ex>
         <ex>et secorre</ex>
         <ex>et le</ex>
         <ex>et regne</ex>
         <ex>et enten</ex>
         <ex>et croit</ex>
         <ex>et les</ex>
         <ex>et droiture</ex>
         <ex>et che</ex>
         <ex>et puceles
</ex>
         <ex>et dire</ex>
         <ex>et pueplee</ex>
         <ex>et la</ex>
         <ex>et les
</ex>
         <ex>richesceset de</ex>
         <ex>et de</ex>
         <ex>et lor</ex>
         <ex>proiereset si</ex>
         <ex>et la</ex>
         <ex>et le</ex>
         <ex>foieet atant</ex>
         <ex>et il</ex>
         <ex>et sa</ex>
         <ex>seet si</ex>
         <ex>et retenoit</ex>
         <ex>et dire</ex>
         <ex>et de</ex>
         <ex>et tant</ex>
         <ex>et sa</ex>
         <ex>et lor
</ex>
         <ex>et conseillier</ex>
         <ex>et puce</ex>
         <ex>et cui</ex>
         <ex>et sostenoient.</ex>
         <ex>et po</ex>
         <ex>ilet eles</ex>
         <ex>pechiet de</ex>
         <ex>chemiseet ala</ex>
         <ex>coiementet pui</ex>
         <ex>et lez</ex>
         <ex>et si</ex>
         <ex>et establies</ex>
         <ex>et qi</ex>
         <ex>et qe</ex>
         <ex>homeset qe</ex>
         <ex>et disoit</ex>
         <ex>gardaet it</ex>
         <ex>et a</ex>
         <ex>toiet si</ex>
         <ex>et humles
</ex>
         <ex>et si</ex>
         <ex>rendueet si
</ex>
         <ex>et donoit</ex>
         <ex>et or</ex>
         <ex>et nuit</ex>
         <ex>et de
</ex>
         <ex> et de</ex>
         <ex>et a</ex>
         <ex>et cont</ex>
         <ex>contet li</ex>
         <ex>et son</ex>
         <ex>homet religieus</ex>
         <ex>religieuset a</ex>
         <ex> et li</ex>
         <ex>eslectionet proierent</ex>
         <ex>et a</ex>
         <ex>et a</ex>
         <ex>et clers</ex>
         <ex>et en</ex>
         <ex>et ensignier</ex>
         <ex>puepleet l</ex>
         <ex>amonestet proierent</ex>
         <ex>eschiet ententis</ex>
         <ex>forset s</ex>
         <ex>glisseet celui</ex>
         <ex>et si</ex>
         <ex>esqeet si</ex>
         <ex>oet si</ex>
         <ex>et en</ex>
         <ex>orissonset il</ex>
         <ex>fistet a</ex>
         <ex>oiastet si</ex>
         <ex>pristet si</ex>
         <ex>et dous
</ex>
         <ex>chiefet si</ex>
         <ex>et si</ex>
         <ex>oieet nostre</ex>
         <ex>et a</ex>
         <ex>donet dont</ex>
         <ex>et l</ex>
         <ex>chaereet l</ex>
         <ex>et costume</ex>
         <ex>durementet bien</ex>
         <ex>et de</ex>
         <ex>charitet cele
</ex>
         <ex>et amegrissoit</ex>
         <ex>euneset si</ex>
         <ex> et eschi</ex>
         <ex>et sa</ex>
         <ex>et les</ex>
         <ex>et ra</ex>
         <ex>renomeeet partout</ex>
         <ex>et li</ex>
         <ex>et li
</ex>
         <ex>puissanzet li</ex>
         <ex>et prees</ex>
         <ex>donet li</ex>
         <ex>tenset ie</ex>
         <ex>conteret dire.</ex>
         <ex>felonieet e</ex>
         <ex>esforciezet les</ex>
         <ex>et par</ex>
         <ex>et e</ex>
         <ex>et granz</ex>
         <ex>ieet lor</ex>
         <ex>et lor</ex>
         <ex>et lor
</ex>
         <ex>rompueset lor
</ex>
         <ex>et si</ex>
         <ex>et a</ex>
         <ex>euet a</ex>
         <ex>homeet ce</ex>
         <ex>et as
</ex>
         <ex>et la</ex>
         <ex>eet eus</ex>
         <ex>ignoret loant</ex>
         <ex>estoitet l</ex>
         <ex>estoitet tantost</ex>
         <ex>secorset a</ex>
         <ex>et distrent</ex>
         <ex>respondiet dist</ex>
         <ex>et par</ex>
         <ex>foiet par</ex>
         <ex>et de</ex>
         <ex>et de</ex>
         <ex> et secoruz</ex>
         <ex>terreet en</ex>
         <ex>aet si</ex>
         <ex>et aidast</ex>
         <ex>et secorust.</ex>
         <ex>det aloient</ex>
         <ex>nefet a</ex>
         <ex>et ses</ex>
         <ex>contreeet bien</ex>
         <ex>ancreset li</ex>
         <ex>bonset droituriers</ex>
         <ex>portet dont</ex>
         <ex>eillierentet neqedent</ex>
         <ex>empereoret lors</ex>
         <ex>ensambleet rendirent
</ex>
         <ex>et qu</ex>
         <ex>et sa</ex>
         <ex>autreet en</ex>
         <ex>et repleniez.</ex>
         <ex>seneet os</ex>
         <ex>et o</ex>
         <ex>et encore</ex>
         <ex>et eraie
</ex>
         <ex>et d</ex>
         <ex>aoroientet en</ex>
         <ex>fianceet la</ex>
         <ex>creanceet le</ex>
         <ex>et debrissa</ex>
         <ex>et en</ex>
         <ex>et est</ex>
         <ex>et engigne</ex>
         <ex>aet e</ex>
         <ex>et en</ex>
         <ex>reet li</ex>
         <ex>et debonaires</ex>
         <ex>et entr</ex>
         <ex>euset dist</ex>
         <ex>oreet qe</ex>
         <ex>ditet li</ex>
         <ex>et por</ex>
         <ex>et mand</ex>
         <ex>et arstrent</ex>
         <ex>elleet la</ex>
         <ex>oet a</ex>
         <ex>et de</ex>
         <ex>aleeet li</ex>
         <ex>et loenges</ex>
         <ex>costumeet puis</ex>
         <ex>et doctri</ex>
         <ex>reset so</ex>
         <ex>et de</ex>
         <ex>et doctrinez</ex>
         <ex>beneet puis</ex>
         <ex>et hetiez
</ex>
         <ex>eoret le</ex>
         <ex>et l</ex>
         <ex>autreet le</ex>
         <ex>neset genz</ex>
         <ex>euset alassent
</ex>
         <ex>et ser</ex>
         <ex>et iandes</ex>
         <ex>et tout</ex>
         <ex>mazet li</ex>
         <ex>meret il</ex>
         <ex>granzet orible</ex>
         <ex>terreet pristrent</ex>
         <ex>costumeet lor</ex>
         <ex>reet alerent</ex>
         <ex>et d</ex>
         <ex>et marchi</ex>
         <ex>marchiet grant</ex>
         <ex>et la</ex>
         <ex>et adont</ex>
         <ex>et si</ex>
         <ex>oset de</ex>
         <ex>et si</ex>
         <ex>et qi</ex>
         <ex>et sa</ex>
         <ex>otroierentet si</ex>
         <ex>uneet de</ex>
         <ex> et li</ex>
         <ex>et </ex>
         <ex>et homes</ex>
         <ex>luiet si</ex>
         <ex>ocirreet por</ex>
         <ex>et a</ex>
         <ex>et a</ex>
         <ex>et espris</ex>
         <ex>et eus</ex>
         <ex>et si</ex>
         <ex> et </ex>
         <ex>laet qant</ex>
         <ex>et a</ex>
         <ex>reet cil</ex>
         <ex>traiteset apareilliez</ex>
         <ex>toliet si</ex>
         <ex>et puissanz</ex>
         <ex>et granz</ex>
         <ex>et por</ex>
         <ex> et seur</ex>
         <ex>luiet li</ex>
         <ex>pooiret qi</ex>
         <ex>et entenz</ex>
         <ex>et celi</ex>
         <ex>et si</ex>
         <ex>et corroces</ex>
         <ex> et </ex>
         <ex>et si</ex>
         <ex>et de</ex>
         <ex>destruizet si</ex>
         <ex>et d</ex>
         <ex>esteret si</ex>
         <ex>doucementet si</ex>
         <ex>amoret 
</ex>
         <ex>ageet alerent</ex>
         <ex>aleret firent</ex>
         <ex>pereoret les</ex>
         <ex>et bo</ex>
         <ex>oiset damoi</ex>
         <ex>et les</ex>
         <ex>et de</ex>
         <ex>et quist</ex>
         <ex>et en</ex>
         <ex>ieet q</ex>
         <ex>et regarz</ex>
         <ex>entet qe</ex>
         <ex>sonet mortel</ex>
         <ex>bienet cil</ex>
         <ex>et argent</ex>
         <ex>oloiret a</ex>
         <ex>et d</ex>
         <ex>et si</ex>
         <ex>et conta
</ex>
         <ex>certeinementet sanz</ex>
         <ex>oset si
</ex>
         <ex>et qie</ex>
         <ex>et amis
</ex>
         <ex>et ous</ex>
         <ex>et entendue</ex>
         <ex>et dite.</ex>
         <ex>oet entendi</ex>
         <ex>et a</ex>
         <ex>et si</ex>
         <ex>et distrent</ex>
         <ex>et semons</ex>
         <ex>semonset si</ex>
         <ex>et aemplir</ex>
         <ex>forcieret si</ex>
         <ex>et mestiers</ex>
         <ex>peset si</ex>
         <ex>et si</ex>
         <ex>et sanz</ex>
         <ex>chartreet si</ex>
         <ex>bienet si</ex>
         <ex>homet pleins
</ex>
         <ex>treet si</ex>
         <ex>princeset si</ex>
         <ex>reret si</ex>
         <ex>espoentezet comencierent</ex>
         <ex>et a</ex>
         <ex>et lor</ex>
         <ex>detraireet a</ex>
         <ex>reset si</ex>
         <ex>et disoient</ex>
         <ex>et ceste</ex>
         <ex>et sanz</ex>
         <ex>et sanz</ex>
         <ex>grantet ne</ex>
         <ex>et plor</ex>
         <ex>et puis</ex>
         <ex>periret re</ex>
         <ex>et deli</ex>
         <ex>deet s</ex>
         <ex> et si</ex>
         <ex>aussintet si</ex>
         <ex>et besier
</ex>
         <ex>pitiet la</ex>
         <ex>et a</ex>
         <ex>et ne</ex>
         <ex>misericordeet ne</ex>
         <ex>ieet nostre</ex>
         <ex>litet li</ex>
         <ex>et si</ex>
         <ex>prissonet por</ex>
         <ex>et si</ex>
         <ex>ret se</ex>
         <ex>geet q</ex>
         <ex>ociset qe</ex>
         <ex>et as</ex>
         <ex>et de</ex>
         <ex>set tieus</ex>
         <ex>tiet ala
</ex>
         <ex>et perduz</ex>
         <ex>chartreet se</ex>
         <ex>mpereoret si</ex>
         <ex>et soit</ex>
         <ex>erset ta</ex>
         <ex>et li</ex>
         <ex>espoentezet manda</ex>
         <ex>et ses</ex>
         <ex>baronset si</ex>
         <ex>semblantet si</ex>
         <ex>et par
</ex>
         <ex>et espoen</ex>
         <ex>et respondi</ex>
         <ex>et si</ex>
         <ex>aprendreet bien</ex>
         <ex>et si</ex>
         <ex>ssentet si</ex>
         <ex>et de</ex>
         <ex>lignieet se</ex>
         <ex>et si</ex>
         <ex>et qe</ex>
         <ex>et nos</ex>
         <ex>deet si</ex>
         <ex>et entendus</ex>
         <ex>terreset ensus
</ex>
         <ex>distet puis</ex>
         <ex>estoitet de</ex>
         <ex>bontet si</ex>
         <ex>conteret dire</ex>
         <ex>et por</ex>
         <ex> et retraire</ex>
         <ex>et si</ex>
         <ex>et si</ex>
         <ex>et a</ex>
         <ex>rezet si
</ex>
         <ex>et essiaus</ex>
         <ex>et aornez</ex>
         <ex>eet q</ex>
         <ex>deraet si</ex>
         <ex>oioitet tant</ex>
         <ex>besieret por</ex>
         <ex>et si</ex>
         <ex>ceet autres</ex>
         <ex>estoitet si</ex>
         <ex>oioitet les</ex>
         <ex>cielet si</ex>
         <ex>et esmer</ex>
         <ex>et nule</ex>
         <ex>choseset tu</ex>
         <ex>et a</ex>
         <ex>et des
</ex>
         <ex>scritureset qu</ex>
         <ex>et as</ex>
         <ex>loantet bene</ex>
         <ex>itet regne</ex>
         <ex>geleet la</ex>
         <ex>corset le</ex>
         <ex>boucheet tantost</ex>
         <ex>et sa
</ex>
         <ex>et .</ex>
         <ex>adonqeset qant</ex>
         <ex>et si</ex>
         <ex>et tra</ex>
         <ex>celiet tantost</ex>
         <ex>ignoret la</ex>
         <ex>et </ex>
         <ex>euet sa
</ex>
         <ex>et la
</ex>
         <ex>nonet si</ex>
         <ex>et si</ex>
         <ex>et ait</ex>
         <ex>et par</ex>
         <ex>et les</ex>
         <ex>membreset pui</ex>
         <ex>ignoret tantost</ex>
         <ex>sanezet si</ex>
         <ex>et graciant</ex>
         <ex>et tro</ex>
         <ex>et d</ex>
         <ex>et pleines</ex>
         <ex>et a</ex>
         <ex>homeet si</ex>
         <ex>estet a</ex>
         <ex>et deli</ex>
         <ex>et haitiez</ex>
         <ex>et reclamez
</ex>
         <ex>miracleset d</ex>
         <ex>ieet ala</ex>
         <ex>tet si</ex>
         <ex>et si</ex>
         <ex>croizet puis</ex>
         <ex>et eripe</ex>
         <ex>tuamet sal</ex>
         <ex>protectoremet in</ex>
         <ex> et </ex>
         <ex>et 
</ex>
         <ex>et de
</ex>
         <ex>et si</ex>
         <ex>et eslee</ex>
         <ex>et li</ex>
         <ex>et de</ex>
         <ex>et desciroient</ex>
         <ex>et le</ex>
         <ex>et o</ex>
         <ex>eneet si</ex>
         <ex>esqeset cil</ex>
         <ex>corset si</ex>
         <ex>et co</ex>
         <ex>et li</ex>
         <ex>et par</ex>
         <ex>et molt
</ex>
         <ex>miracleet fet</ex>
         <ex>deset adonc</ex>
         <ex>et no</ex>
         <ex>et amoit</ex>
         <ex>et anz
</ex>
         <ex>oitet qe</ex>
         <ex>passionet </ex>
         <ex>elizet enfo</ex>
         <ex>eglisseet si</ex>
         <ex>tureet haute</ex>
         <ex> et esgard</ex>
         <ex>et l</ex>
         <ex> et de</ex>
         <ex>ret de</ex>
         <ex>ret de</ex>
         <ex>deet de</ex>
         <ex>et q</ex>
         <ex>liquieuret d</ex>
         <ex>ditet fet
</ex>
         <ex>et muz</ex>
         <ex>et der</ex>
         <ex>et envoiez</ex>
         <ex>uileet la</ex>
         <ex>et mis</ex>
         <ex>et en</ex>
         <ex>et li</ex>
         <ex>et entendre</ex>
         <ex>et acrut</ex>
         <ex>pluset plus</ex>
         <ex>loinget pres</ex>
         <ex>et des</ex>
         <ex> et qe</ex>
         <ex>genzet de</ex>
         <ex>anet la</ex>
         <ex>confessoret puis</ex>
         <ex>et molt</ex>
         <ex>rieret si</ex>
         <ex>et comen</ex>
         <ex>oeeet comen</ex>
         <ex>ret dont</ex>
         <ex>et la</ex>
         <ex>resgardaet si</ex>
         <ex>reet loa</ex>
         <ex> et celui</ex>
         <ex> et si
</ex>
         <ex>et les</ex>
         <ex>luiet puis
</ex>
         <ex>estet droiture</ex>
         <ex> et a</ex>
         <ex>homeet li</ex>
         <ex>charchiet les
</ex>
         <ex>et les</ex>
         <ex>et fist</ex>
         <ex>et besoinz.</ex>
         <ex>et sa</ex>
         <ex>et ses</ex>
         <ex>et ses
</ex>
         <ex>zet assez</ex>
         <ex>mesnieet puis</ex>
         <ex>et isnie</ex>
         <ex>et droiturier.</ex>
         <ex>et sa</ex>
         <ex>et che</ex>
         <ex>et ses</ex>
         <ex>leet por</ex>
         <ex>meret la</ex>
         <ex>et de
</ex>
         <ex>et son</ex>
         <ex>et perderont</ex>
         <ex>aet plus</ex>
         <ex>perduet la</ex>
         <ex>et toute</ex>
         <ex>et demenerent</ex>
         <ex>et del</ex>
         <ex>et sa</ex>
         <ex>signeuret si</ex>
         <ex>autelet si</ex>
         <ex>et raconta</ex>
         <ex>oitiseet coment</ex>
         <ex>et son</ex>
         <ex>et la</ex>
         <ex>et tuit</ex>
         <ex>oieet rendirent</ex>
         <ex>et loenges
</ex>
         <ex>et a</ex>
         <ex>et si</ex>
         <ex>oeeet puis</ex>
         <ex>meret si</ex>
         <ex>brazet port</ex>
         <ex>ageet li</ex>
         <ex>et puis</ex>
         <ex>et autres</ex>
         <ex>oieet si</ex>
         <ex>et le</ex>
         <ex>et li</ex>
         <ex>et a</ex>
         <ex>et oianz</ex>
         <ex>et a</ex>
         <ex>reset si
</ex>
         <ex>et par</ex>
         <ex>garderet par</ex>
         <ex>nieret rele</ex>
         <ex>homet q</ex>
         <ex>racleet por</ex>
         <ex>euet ses</ex>
         <ex>autelet si</ex>
         <ex>gageset </ex>
         <ex>et par</ex>
         <ex>et si</ex>
         <ex>respitet il</ex>
         <ex> et olentiers.</ex>
         <ex>faiteet li</ex>
         <ex>oitet si</ex>
         <ex>et pa</ex>
         <ex>et autres</ex>
         <ex>et si</ex>
         <ex>et pai</ex>
         <ex>et as</ex>
         <ex>et dist</ex>
         <ex>et par</ex>
         <ex>crestienet si</ex>
         <ex>et si</ex>
         <ex>creoitet </ex>
         <ex>et cre</ex>
         <ex>creet q</ex>
         <ex>et </ex>
         <ex>et re</ex>
         <ex>et autres</ex>
         <ex>et autres</ex>
         <ex>breet le</ex>
         <ex>eglisseet por</ex>
         <ex> et le</ex>
         <ex>boisdieet por</ex>
         <ex>et desco</ex>
         <ex>et ale</ex>
         <ex>autelet si</ex>
         <ex>et trest
</ex>
         <ex>oieet li</ex>
         <ex>oieet si</ex>
         <ex>entureet tant
</ex>
         <ex>crestienet si</ex>
         <ex> et si</ex>
         <ex>et defrois</ex>
         <ex>et bien</ex>
         <ex>et a</ex>
         <ex>parzet li</ex>
         <ex>intet si</ex>
         <ex>et prist</ex>
         <ex>et nurent</ex>
         <ex> et dece</ex>
         <ex>et qant</ex>
         <ex>toiet tres</ex>
         <ex>eet ho</ex>
         <ex>et ami</ex>
         <ex>boisiezet qe</ex>
         <ex>deserteet se</ex>
         <ex>et tote</ex>
         <ex>mesnieet toz
</ex>
         <ex>et hei</ex>
         <ex>et ala</ex>
         <ex>autelet si</ex>
         <ex>coupableset puis</ex>
         <ex>mentet si</ex>
         <ex>et tote
</ex>
         <ex>et honora</ex>
         <ex>tet mon</ex>
         <ex>ret sa</ex>
         <ex>et aempli</ex>
         <ex>et sa</ex>
         <ex>et regne
</ex>
         <ex>det si</ex>
         <ex>et ardoir</ex>
         <ex>et la</ex>
         <ex>et de</ex>
         <ex> et esgardee.</ex>
         <ex>nerentet si</ex>
         <ex>plorantet distrent</ex>
         <ex>et au</ex>
         <ex>et par</ex>
         <ex>et a</ex>
         <ex>oirset proies.</ex>
         <ex>et sa</ex>
         <ex>et d</ex>
         <ex>et de</ex>
         <ex>et sa</ex>
         <ex>richesceet puis</ex>
         <ex>et si</ex>
         <ex>changeet si</ex>
         <ex>et si</ex>
         <ex>et lessa</ex>
         <ex>endroientet pr</ex>
         <ex>et l</ex>
         <ex>et les</ex>
         <ex>et entendez</ex>
         <ex>et pree</ex>
         <ex>ploreret grant</ex>
         <ex>et qui</ex>
         <ex>et si</ex>
         <ex>et de</ex>
         <ex>et prisses</ex>
         <ex>arrazinet lors</ex>
         <ex>et si</ex>
         <ex>et chetif</ex>
         <ex>et ceste
</ex>
         <ex>et tolistes</ex>
         <ex>et autres</ex>
         <ex>et combien</ex>
         <ex>et prises</ex>
         <ex>et puis
</ex>
         <ex>lueset emblees</ex>
         <ex>gardeet si</ex>
         <ex>espoentezet por</ex>
         <ex>et sa</ex>
         <ex>oucementet si</ex>
         <ex>et droituriers</ex>
         <ex>et misericors</ex>
         <ex>et granz</ex>
         <ex>et puissanz</ex>
         <ex>et sanz</ex>
         <ex>et sanz</ex>
         <ex>omeet si</ex>
         <ex>et se</ex>
         <ex>et it</ex>
         <ex>et si</ex>
         <ex>luiet tote
</ex>
         <ex>et sa</ex>
         <ex>et si</ex>
         <ex>et gracierent</ex>
         <ex>et </ex>
         <ex>et en</ex>
         <ex>det einsi</ex>
         <ex>et honeurent</ex>
         <ex>miracleset ceste</ex>
         <ex>det totes</ex>
         <ex> et cil</ex>
         <ex>eglisseset li</ex>
         <ex>festeset honeur</ex>
         <ex>et honeurent.</ex>
         <ex>et entendez</ex>
         <ex>ieet ses</ex>
         <ex>festeset li</ex>
         <ex>et socors</ex>
         <ex>et secorre</ex>
         <ex>besoinzet desliier</ex>
         <ex>mestieret liiez</ex>
         <ex>et de</ex>
         <ex>et reg</ex>
         <ex>miracleet pluiseurs</ex>
         <ex>et embelir</ex>
         <ex>et d</ex>
         <ex>et corages</ex>
         <ex>et si</ex>
         <ex> et en</ex>
         <ex>indrentet q</ex>
         <ex>citet it</ex>
         <ex>et a</ex>
         <ex>et auques</ex>
         <ex>meret corurent</ex>
         <ex>et a</ex>
         <ex>et d</ex>
         <ex>et sorent</ex>
         <ex>et pis</ex>
         <ex>et sorent</ex>
         <ex>fereet si</ex>
         <ex>marcheandiseet de</ex>
         <ex>oileset repairierent</ex>
         <ex>et e</ex>
         <ex>gardoientet pou</ex>
         <ex>et lacierent</ex>
         <ex>heaumeset ceinstr</ex>
         <ex>et mistrent
</ex>
         <ex>forzet hardiz
</ex>
         <ex>et mout
</ex>
         <ex>et distrent</ex>
         <ex>et ou</ex>
         <ex>et lor</ex>
         <ex>et enseignierent</ex>
         <ex>eschaperet mout</ex>
         <ex>durementet li</ex>
         <ex>leuset la</ex>
         <ex>et duc
</ex>
         <ex>et disoient</ex>
         <ex>et au</ex>
         <ex>et si</ex>
         <ex>et enquerez</ex>
         <ex>et si</ex>
         <ex>et ist</ex>
         <ex>et departez</ex>
         <ex>et male</ex>
         <ex> et q</ex>
         <ex>et mout</ex>
         <ex>clerzet pueple</ex>
         <ex>isionet si</ex>
         <ex>regionet se
</ex>
         <ex>et il
</ex>
         <ex>et por</ex>
         <ex>et perdi</ex>
         <ex>et la</ex>
         <ex>duelet si</ex>
         <ex>et argent</ex>
         <ex>seet les</ex>
         <ex>et plo</ex>
         <ex>et crioient</ex>
         <ex>et si</ex>
         <ex> et estri</ex>
         <ex>eglisseet si</ex>
         <ex>et har</ex>
         <ex>et li</ex>
         <ex>toitet qant</ex>
         <ex>et si</ex>
         <ex>et ostas</ex>
         <ex>elizet il</ex>
         <ex>moitiet il</ex>
         <ex>estoitet si</ex>
         <ex>et atrest</ex>
         <ex>nonet li</ex>
         <ex>diligenseet par</ex>
         <ex>amoret par</ex>
         <ex>et atrest
</ex>
         <ex>ertureet il</ex>
         <ex>et toz</ex>
         <ex>et sanz</ex>
         <ex>et trest</ex>
         <ex>decoroientet si
</ex>
         <ex>et a</ex>
         <ex>durementet li</ex>
         <ex>et si</ex>
         <ex>estrangeset ers</ex>
         <ex>et ta</ex>
         <ex>et ceste
</ex>
         <ex>delet si</ex>
         <ex>et la</ex>
         <ex>et puis</ex>
         <ex>et mises</ex>
         <ex>et en</ex>
         <ex>et q</ex>
         <ex>et loerent</ex>
         <ex>et en</ex>
         <ex>et le</ex>
         <ex>et drecierent</ex>
         <ex>et trestrent</ex>
         <ex>et fort</ex>
         <ex>et droiturier
</ex>
         <ex>et si</ex>
         <ex>et tuit</ex>
         <ex>et il</ex>
         <ex>meret il</ex>
         <ex>et lor</ex>
         <ex>rompreet lor</ex>
         <ex>et a</ex>
         <ex>et si</ex>
         <ex>et dont</ex>
         <ex>et si</ex>
         <ex>et si</ex>
         <ex>et demenoient</ex>
         <ex>doleurset li</ex>
         <ex>et si
</ex>
         <ex>et nostre</ex>
         <ex>et nostre</ex>
         <ex>et si</ex>
         <ex>deet puis</ex>
         <ex>et par</ex>
         <ex>et disoient</ex>
         <ex>et s</ex>
         <ex>et depe</ex>
         <ex>leret a</ex>
         <ex>et qatre</ex>
         <ex>et mises</ex>
         <ex>borseet qe</ex>
         <ex>tet si
</ex>
         <ex>et entendez</ex>
         <ex>apesaet cil</ex>
         <ex>et mon</ex>
         <ex>fereet si</ex>
         <ex>et dedenz</ex>
         <ex>det puis</ex>
         <ex>otionet par</ex>
         <ex>cleret au</ex>
         <ex>leesceet la</ex>
         <ex> et corurent</ex>
         <ex>auet pristrent</ex>
         <ex>et lor</ex>
         <ex>zet toz</ex>
         <ex>et puceles</ex>
         <ex>ielet o</ex>
         <ex>chasteaet des
</ex>
         <ex> et plus</ex>
         <ex>et alez</ex>
         <ex>et a</ex>
         <ex>et a</ex>
         <ex>ardanzet chantoient</ex>
         <ex>et droiture.</ex>
         <ex>et a</ex>
         <ex>et bene</ex>
         <ex>et si</ex>
         <ex>otet bene</ex>
         <ex> et sa
</ex>
         <ex>chiet metre</ex>
         <ex>et l</ex>
         <ex>onset granz</ex>
         <ex>et esploitierent</ex>
         <ex>et par</ex>
         <ex>milet wi</ex>
         <ex>tanteet siet</ex>
         <ex>et mout</ex>
         <ex>deset peres</ex>
         <ex>et esqui</ex>
         <ex>et ense</ex>
         <ex>eglisseet la</ex>
         <ex>anzet sessante</ex>
         <ex>delet si</ex>
         <ex>et crestiens</ex>
         <ex> et conte
</ex>
         <ex>et pleins</ex>
         <ex>et disoit</ex>
         <ex>roiet tresq</ex>
         <ex>et au</ex>
         <ex>et dedenz</ex>
         <ex>et tot</ex>
         <ex>antet derriere</ex>
         <ex>ignoret par</ex>
         <ex>et heitiez</ex>
         <ex>et si</ex>
         <ex>et gueriz
</ex>
         <ex>et pluiseurs</ex>
         <ex>et del</ex>
         <ex>et des</ex>
         <ex>et des</ex>
         <ex>maladieet l</ex>
         <ex>et clope</ex>
         <ex>sechieet l</ex>
         <ex>enfermetet la</ex>
         <ex>et pale</ex>
         <ex>et a</ex>
         <ex>et ses</ex>
         <ex>et gueriz</ex>
         <ex>et sors</ex>
         <ex>et muz
</ex>
         <ex>et a</ex>
         <ex>corset por</ex>
         <ex>pechiezet le</ex>
         <ex>et </ex>
         <ex>det </ex>
         <ex>deet autres</ex>
         <ex>esqeset tuit</ex>
         <ex>det grant</ex>
         <ex>et si</ex>
         <ex>et sa</ex>
         <ex>et de</ex>
         <ex>et e</ex>
         <ex>et tantost</ex>
         <ex>et a</ex>
         <ex>et mon</ex>
         <ex>et mout
</ex>
         <ex>et le</ex>
         <ex>et le</ex>
         <ex>aleret au</ex>
         <ex>et por</ex>
         <ex>et por</ex>
         <ex>exet mes</ex>
         <ex>et aidast.</ex>
         <ex>ploreret a</ex>
         <ex>anuiet en</ex>
         <ex>deet si</ex>
         <ex>et il</ex>
         <ex>et par</ex>
         <ex>plaierentet ocistr</ex>
         <ex>fuelleset puis</ex>
         <ex>pelerinet en</ex>
         <ex>et enquist</ex>
         <ex>aloientet cil</ex>
         <ex>respondiet dist</ex>
         <ex>corrociet son</ex>
         <ex>et par</ex>
         <ex>piezet si</ex>
         <ex>luiet ses</ex>
         <ex>et en</ex>
         <ex>et par</ex>
         <ex>et loerent</ex>
         <ex>signeuret si</ex>
         <ex>et il</ex>
         <ex>et cruieus.</ex>
         <ex>et si
</ex>
         <ex>et li
</ex>
         <ex>et puis</ex>
         <ex>et grant
</ex>
         <ex>et lors</ex>
         <ex>et par</ex>
         <ex>et deli</ex>
         <ex>et de</ex>
         <ex>et reclaim</ex>
         <ex>teireet si</ex>
         <ex>et miseri</ex>
         <ex>et de</ex>
         <ex>et amoit</ex>
         <ex>ploreret a</ex>
         <ex> et secoruz</ex>
         <ex>finet si</ex>
         <ex>ignoret se</ex>
         <ex>et a</ex>
         <ex> et qe</ex>
         <ex>et si</ex>
         <ex>et gueriz</ex>
         <ex>aparuzet qu</ex>
         <ex>graceet il</ex>
         <ex>et proioient</ex>
         <ex>et deli</ex>
         <ex>premierset qi</ex>
         <ex>et honorez</ex>
         <ex>ieet qu</ex>
         <ex>et pardon</ex>
         <ex>prestreset as</ex>
         <ex>et les</ex>
         <ex>et irent</ex>
         <ex>et disoit</ex>
         <ex>confessoret si</ex>
         <ex>toiet a</ex>
         <ex>oieet qu</ex>
         <ex>et a</ex>
         <ex>et donee</ex>
         <ex>et consomee</ex>
         <ex> et dedia</ex>
         <ex>oneuret en</ex>
         <ex>et a</ex>
         <ex>et seintement</ex>
         <ex>et si</ex>
         <ex>et sa</ex>
         <ex>et si</ex>
         <ex>et orde</ex>
         <ex>et en</ex>
         <ex>proiaet requist</ex>
         <ex>et orz</ex>
         <ex>et del</ex>
         <ex>et des</ex>
         <ex>et mout</ex>
         <ex>genzet de</ex>
         <ex>et chascun</ex>
         <ex>et la</ex>
         <ex>icholaet fesoient
</ex>
         <ex>et sa</ex>
         <ex>et ses
</ex>
         <ex>fiuzet lor</ex>
         <ex>et lor</ex>
         <ex>et larrons</ex>
         <ex>et sa</ex>
         <ex>et lor</ex>
         <ex>et lor</ex>
         <ex> et sa</ex>
         <ex>et lor</ex>
         <ex>et lor</ex>
         <ex>et lor</ex>
         <ex>debatreet si</ex>
         <ex>et crioit</ex>
         <ex>et si</ex>
         <ex>et di</ex>
         <ex> et mes</ex>
         <ex>et do</ex>
         <ex>et qe</ex>
         <ex>ieet apr</ex>
         <ex>et nos
</ex>
         <ex>et si</ex>
         <ex>rentet si</ex>
         <ex>proiereset si</ex>
         <ex>et norri</ex>
         <ex>et alaitai</ex>
         <ex>et ausint</ex>
         <ex>risteet dolente</ex>
         <ex>et toz</ex>
         <ex>et qe</ex>
         <ex>et la</ex>
         <ex>femeet si</ex>
         <ex>et si</ex>
         <ex>et des</ex>
         <ex>et donons
</ex>
         <ex> et sa
</ex>
         <ex>et oelle</ex>
         <ex>et a</ex>
         <ex>rendreet e</ex>
         <ex>et si</ex>
         <ex>moiet si</ex>
         <ex>proiereet les</ex>
         <ex>et creons</ex>
         <ex>creatureet qe</ex>
         <ex>et de</ex>
         <ex>et des</ex>
         <ex>et regnes</ex>
         <ex>et de</ex>
         <ex>et les</ex>
         <ex>et finez</ex>
         <ex>apertenoitet li</ex>
         <ex>prestreet li</ex>
         <ex>et a</ex>
         <ex>doieet si</ex>
         <ex>reet li</ex>
         <ex>souspireret a</ex>
         <ex>et amenez</ex>
         <ex>prisonet qe</ex>
         <ex>et sa</ex>
         <ex>et celebroient</ex>
         <ex>humlementet mout</ex>
         <ex>et si</ex>
         <ex>et si</ex>
         <ex>et messires</ex>
         <ex>et sa
</ex>
         <ex>et li</ex>
         <ex> et .</ex>
         <ex>et si
</ex>
         <ex>et par</ex>
         <ex>proiereet </ex>
         <ex>iolset qe</ex>
         <ex>et regnes</ex>
         <ex>et la</ex>
         <ex>et de</ex>
         <ex> et dit</ex>
         <ex>ignoret loerent</ex>
         <ex>et apele</ex>
         <ex>et por</ex>
         <ex>et regne</ex>
         <ex>et nostre</ex>
         <ex>et des</ex>
         <ex>et son</ex>
         <ex>get pres</ex>
         <ex>et par</ex>
         <ex>sambleet alerent</ex>
         <ex>et si
</ex>
         <ex>et proierent</ex>
         <ex>et por</ex>
         <ex>douceet a</ex>
         <ex>et mue</ex>
         <ex>et autres</ex>
         <ex>et dist</ex>
         <ex>et font</ex>
         <ex>et lor
</ex>
         <ex>et st</ex>
         <ex>et trest</ex>
         <ex>estenduet lors</ex>
         <ex>et si
</ex>
         <ex>noteet d</ex>
         <ex>tostet qant</ex>
         <ex> et q</ex>
         <ex>et tant</ex>
         <ex>et par
</ex>
         <ex>et mout</ex>
         <ex>steset tres</ex>
         <ex>et les</ex>
         <ex>et socorre</ex>
         <ex>et esgarees</ex>
         <ex>et piti</ex>
         <ex>et regne</ex>
         <ex> et distrent</ex>
         <ex>et des</ex>
         <ex> et distrent</ex>
         <ex> et des
</ex>
         <ex>et de</ex>
         <ex>et baisai</ex>
         <ex>et men</ex>
         <ex>oieet un</ex>
         <ex> et si
</ex>
         <ex>et int
</ex>
         <ex>moiet si</ex>
         <ex>et qe</ex>
         <ex>et li
</ex>
         <ex>enuzet e</ex>
         <ex>aet de</ex>
         <ex>et tante</ex>
         <ex>et tu
</ex>
         <ex>et la</ex>
         <ex>oieet ment</ex>
         <ex>gardeeet qele</ex>
         <ex>et qele
</ex>
         <ex>doneeet quels</ex>
         <ex>et quels</ex>
         <ex>et ser</ex>
         <ex>et croient.</ex>
         <ex>et en</ex>
         <ex>ret entendre</ex>
         <ex>et son</ex>
         <ex> et si</ex>
         <ex> et se</ex>
         <ex>et raconte
</ex>
         <ex>set si
</ex>
         <ex>et de</ex>
         <ex>et lessiez.</ex>
         <ex>amiset puis</ex>
         <ex>orronset entenderons.</ex>
         <ex>meset fe</ex>
         <ex>escoutameset il</ex>
         <ex>toiet e</ex>
         <ex>et droit</ex>
         <ex>et sanz
</ex>
         <ex>et isiter</ex>
         <ex>seinzet me</ex>
         <ex>et feire</ex>
         <ex>et droiture.</ex>
         <ex>terreet noz
</ex>
         <ex>et periz</ex>
         <ex>compaignonset si
</ex>
         <ex>et enqerre</ex>
         <ex>feteet co</ex>
         <ex>et hisdeus.</ex>
         <ex>et de</ex>
         <ex>et de</ex>
         <ex>et par</ex>
         <ex>et cil</ex>
         <ex>benignementet si</ex>
         <ex>ageet q</ex>
         <ex>et raler
</ex>
         <ex>rreet de</ex>
         <ex>habitoientet s</ex>
         <ex>deseureet puis</ex>
         <ex>geet un</ex>
         <ex>et de</ex>
         <ex>et li</ex>
         <ex>et fumes</ex>
         <ex>et saou</ex>
         <ex>et delitable.</ex>
         <ex>orgeet bone</ex>
         <ex>paroleet si</ex>
         <ex>et la</ex>
         <ex>trespasseeet li</ex>
         <ex>habitacleet si</ex>
         <ex>et enclose</ex>
         <ex>encloseet faite</ex>
         <ex>et nos</ex>
         <ex>et entendu</ex>
         <ex>osteet ses
</ex>
         <ex>reset il</ex>
         <ex>ageet nos
</ex>
         <ex>et les</ex>
         <ex>et granz
</ex>
         <ex> et por</ex>
         <ex> et estoit</ex>
         <ex>et mes</ex>
         <ex>preudet mout</ex>
         <ex>et ensigniez
</ex>
         <ex>et endoctrinez</ex>
         <ex>latinet de</ex>
         <ex>greuet d</ex>
         <ex>parleret si</ex>
         <ex> et fait</ex>
         <ex>moigneset </ex>
         <ex>et d</ex>
         <ex>et d</ex>
         <ex>orgueilet de</ex>
         <ex>et li</ex>
         <ex>manoientet preudome
</ex>
         <ex>et se</ex>
         <ex>et de</ex>
         <ex>abet quanq</ex>
         <ex>euset qi</ex>
         <ex>et feire.</ex>
         <ex>et autre
</ex>
         <ex>et establi</ex>
         <ex>abbeset trametoit</ex>
         <ex>et le
</ex>
         <ex>anzet li</ex>
         <ex>et oribles.</ex>
         <ex>colet la</ex>
         <ex>luiet si</ex>
         <ex>fetet bien</ex>
         <ex>et li</ex>
         <ex>et ferme</ex>
         <ex>huiset si
</ex>
         <ex>et co</ex>
         <ex>ertuet por</ex>
         <ex>et alerent</ex>
         <ex>deserzet l</ex>
         <ex>neet la</ex>
         <ex>estoitet a</ex>
         <ex>et del</ex>
         <ex>et la
</ex>
         <ex>et seche</ex>
         <ex>et de</ex>
         <ex>et si
</ex>
         <ex>et sa</ex>
         <ex>besteet de</ex>
         <ex>et la
</ex>
         <ex> et es</ex>
         <ex>liueset del</ex>
         <ex>esbanoieret por
</ex>
         <ex>ermitageet de</ex>
         <ex>et de</ex>
         <ex>serainet por</ex>
         <ex>et mes
</ex>
         <ex>dotanceet nos</ex>
         <ex>iluecet ele</ex>
         <ex>arbreet donc</ex>
         <ex>et li</ex>
         <ex>donaet la</ex>
         <ex>et tint</ex>
         <ex>et entendre</ex>
         <ex>et de
</ex>
         <ex>ertuet qe</ex>
         <ex>et a</ex>
         <ex>toutet qant</ex>
         <ex>et q</ex>
         <ex>abessieet si</ex>
         <ex>testeet puis</ex>
         <ex>et plus</ex>
         <ex>et raconter</ex>
         <ex>et cels</ex>
         <ex>et de</ex>
         <ex>et si</ex>
         <ex>orneret sont</ex>
         <ex>et en</ex>
         <ex>et lo</ex>
         <ex>et por</ex>
         <ex>raconteret dire</ex>
         <ex>peinset lor</ex>
         <ex>et sau</ex>
         <ex>orset leur</ex>
         <ex>et a</ex>
         <ex>et a</ex>
         <ex>pitiet cil</ex>
         <ex>et il</ex>
         <ex>entet regardoit
</ex>
         <ex>eet por</ex>
         <ex>et do</ex>
         <ex>et demandoit</ex>
         <ex>lionceauset tantost</ex>
         <ex>isitet si</ex>
         <ex>homeet si</ex>
         <ex>faitet por</ex>
         <ex>et dire.</ex>
         <ex> et dit.</ex>
         <ex>erbeset de</ex>
         <ex>nuisableset legiere</ex>
         <ex>pristrentet i</ex>
         <ex>gieret la</ex>
         <ex>et a</ex>
         <ex>reret torner</ex>
         <ex>mengieret les
</ex>
         <ex>nonet einsint</ex>
         <ex>besteet ce
</ex>
         <ex>et de</ex>
         <ex>et qi</ex>
         <ex>habitentet qe</ex>
         <ex>et mois.</ex>
         <ex>et des</ex>
         <ex>et qe</ex>
         <ex>et dire</ex>
         <ex>aleret de</ex>
         <ex>puiet le</ex>
         <ex>buefet le</ex>
         <ex>aet a</ex>
         <ex>fistet en</ex>
         <ex>et habi</ex>
         <ex>ieet si
</ex>
         <ex>contreeet si</ex>
         <ex>nonet de</ex>
         <ex>et qi</ex>
         <ex> et dit</ex>
         <ex>et de</ex>
         <ex>solementet e</ex>
         <ex>foiet par</ex>
         <ex>omeset a</ex>
         <ex>et lor</ex>
         <ex>et d</ex>
         <ex>autreet e</ex>
         <ex>et lor</ex>
         <ex>ditet en</ex>
         <ex>mileet el</ex>
         <ex>ruileet tenoient
</ex>
         <ex>et esle</ex>
         <ex>et bien</ex>
         <ex>meurset de</ex>
         <ex>conseuset cest
</ex>
         <ex>et a</ex>
         <ex>et li</ex>
         <ex>soffriret ses</ex>
         <ex>et faire</ex>
         <ex>dreet si</ex>
         <ex>entureet si</ex>
         <ex>et feire.</ex>
         <ex>et par</ex>
         <ex>ignoret por</ex>
         <ex>atargementet meintenant</ex>
         <ex>mandet liez</ex>
         <ex>et pro</ex>
         <ex>et dist</ex>
         <ex>distet </ex>
         <ex>olontierset sanz</ex>
         <ex>penseeet qu</ex>
         <ex>meinet grant</ex>
         <ex>et d</ex>
         <ex>eillieret le</ex>
         <ex>finet adonc
</ex>
         <ex>et a</ex>
         <ex> et a</ex>
         <ex>et portant
</ex>
         <ex>fuelleset si</ex>
         <ex>et d</ex>
         <ex>et la</ex>
         <ex>et retreites</ex>
         <ex>et o</ex>
         <ex>et it</ex>
         <ex>homeset molt</ex>
         <ex> et doctrin</ex>
         <ex>et solitaire</ex>
         <ex>et pure</ex>
         <ex>et plus</ex>
         <ex>femeet a</ex>
         <ex>et a</ex>
         <ex>siecleet lessast
</ex>
         <ex>et a</ex>
         <ex>celleet l</ex>
         <ex>proceineet ou</ex>
         <ex>blasmeret li</ex>
         <ex>et a</ex>
         <ex>et les</ex>
         <ex>ermitageet si</ex>
         <ex>conteeset dites</ex>
         <ex>et de</ex>
         <ex>et a
</ex>
         <ex>et des</ex>
         <ex>et de</ex>
         <ex>moiet se
</ex>
         <ex>et a</ex>
         <ex>escriteet cis</ex>
         <ex>et mes</ex>
         <ex>et mer</ex>
         <ex>meret par</ex>
         <ex> portezet si
</ex>
         <ex>et dite.</ex>
         <ex>homet dont</ex>
         <ex>trespasseeet e</ex>
         <ex>et tuit</ex>
         <ex>et seit</ex>
         <ex>et en</ex>
         <ex>et en</ex>
         <ex>deet par
</ex>
         <ex>det meesmement</ex>
         <ex> et tes</ex>
         <ex>et pluiseurs</ex>
         <ex>et e</ex>
         <ex>et saces
</ex>
         <ex> et si</ex>
         <ex>et dire</ex>
         <ex>et dites</ex>
         <ex>et com</ex>
         <ex>siecleet si</ex>
         <ex>cielet si</ex>
         <ex>siecleet entre</ex>
         <ex>puepleet entre</ex>
         <ex>gaitoientet entre</ex>
         <ex>et de</ex>
         <ex>ieet chascun
</ex>
         <ex>et escandres.</ex>
         <ex>leuet eschapa</ex>
         <ex>et a</ex>
         <ex>et ra</ex>
         <ex>et guerissoit</ex>
         <ex>serpenzet apaisoit</ex>
         <ex>ageset curoit</ex>
         <ex>et sa</ex>
         <ex>reet por
</ex>
         <ex>firentet qe</ex>
         <ex>et il</ex>
         <ex>et dist</ex>
         <ex>det les
</ex>
         <ex>anacorinteset les
</ex>
         <ex>et toute
</ex>
         <ex>et tote</ex>
         <ex>et nde</ex>
         <ex>ndeet tote
</ex>
         <ex>aleeet le</ex>
         <ex>et par</ex>
         <ex>et conoissent</ex>
         <ex>prestreet clerc</ex>
         <ex>clercet roi</ex>
         <ex>roiet conte</ex>
         <ex>conteet prince</ex>
         <ex>princeet li</ex>
         <ex>et cre</ex>
         <ex>et ses</ex>
         <ex>et lor</ex>
         <ex>et fist</ex>
         <ex>pliret feire</ex>
         <ex>honteet ont</ex>
         <ex>et faisoit</ex>
         <ex>traitieret parler</ex>
         <ex>et la</ex>
         <ex>paroleet si</ex>
         <ex>aet si</ex>
         <ex>et dire</ex>
         <ex>enfanceet por</ex>
         <ex>et le</ex>
         <ex> et si
</ex>
         <ex>et proi</ex>
         <ex>et aurai.</ex>
         <ex>diet parole
</ex>
         <ex>et croi</ex>
         <ex>muset sanz</ex>
         <ex>paroleet tu</ex>
         <ex>et ses</ex>
         <ex>et si</ex>
         <ex>et e</ex>
         <ex>paroleset la
</ex>
         <ex>et si
</ex>
         <ex>et dit</ex>
         <ex>reet si</ex>
         <ex>et qant</ex>
         <ex>et dire</ex>
         <ex>luiet en</ex>
         <ex>siecleet qe</ex>
         <ex>mostet e
</ex>
         <ex>et pluiseur</ex>
         <ex>et si
</ex>
         <ex>et cou</ex>
         <ex>et a</ex>
         <ex>mellastet q</ex>
         <ex>et ure
</ex>
         <ex>euet si</ex>
         <ex>et si</ex>
         <ex>orissonset si</ex>
         <ex>mieet puis</ex>
         <ex>donaet se</ex>
         <ex>esqeet si</ex>
         <ex>et si</ex>
         <ex>estiret q</ex>
         <ex>aparellieet li</ex>
         <ex>paroleet par</ex>
         <ex>et par</ex>
         <ex>et corte</ex>
         <ex>petitet ce</ex>
         <ex>reet si</ex>
         <ex>reet il</ex>
         <ex>hautet ce</ex>
         <ex>puepleet non</ex>
         <ex>partieet une</ex>
         <ex>et uns
</ex>
         <ex>prestreset moine</ex>
         <ex>et bel
</ex>
         <ex>apelezet crestiens</ex>
         <ex>et si</ex>
         <ex>homeet re</ex>
         <ex> et entre</ex>
         <ex>et estendu</ex>
         <ex>et par</ex>
         <ex>forset sanc</ex>
         <ex>sonet en</ex>
         <ex>set tout</ex>
         <ex>haitiezet fu</ex>
         <ex>enimet de</ex>
         <ex>et nos</ex>
         <ex>estoientet por</ex>
         <ex>choseet il</ex>
         <ex>et il</ex>
         <ex>estemenzet asfublez</ex>
         <ex>et a</ex>
         <ex>eslancieret s</ex>
         <ex>peineset si
</ex>
         <ex>corrociezet molt</ex>
         <ex>homeet le</ex>
         <ex>et a</ex>
         <ex>batreet a</ex>
         <ex>motet de</ex>
         <ex>desciret tout
</ex>
         <ex>asneet puis</ex>
         <ex>bastonset de</ex>
         <ex>et eoir</ex>
         <ex>et a</ex>
         <ex>et enten</ex>
         <ex>zet molt</ex>
         <ex>oieset si</ex>
         <ex>oret par</ex>
         <ex>et benignement.</ex>
         <ex>et a</ex>
         <ex> et la
</ex>
         <ex>racleet pluiseurs</ex>
         <ex>celeeset tant</ex>
         <ex>et cela</ex>
         <ex>doutezet si</ex>
         <ex>et en</ex>
         <ex>et retraire
</ex>
         <ex>et de</ex>
         <ex>et sot</ex>
         <ex>et sot</ex>
         <ex>et esploiter.</ex>
         <ex>et a</ex>
         <ex>et a</ex>
         <ex>et a</ex>
         <ex>et creez.</ex>
         <ex>et a</ex>
         <ex>et si
</ex>
         <ex>et a</ex>
         <ex>aet la</ex>
         <ex>et lie.</ex>
         <ex>cielet a</ex>
         <ex>homeet li</ex>
         <ex>neret ne</ex>
         <ex>et si</ex>
         <ex>ieet il</ex>
         <ex>aet si</ex>
         <ex>et croi</ex>
         <ex>fermementet nus</ex>
         <ex>aussintet ce</ex>
         <ex>apostreset as
</ex>
         <ex>et de</ex>
         <ex>et di</ex>
         <ex>ret nos</ex>
         <ex>et dite.</ex>
         <ex>et de</ex>
         <ex>et autre</ex>
         <ex>chiefet si
</ex>
         <ex>et de</ex>
         <ex>mengierset si</ex>
         <ex>et nuiz</ex>
         <ex>et ses</ex>
         <ex>et si</ex>
         <ex>palezet q</ex>
         <ex>desfermeeset li
</ex>
         <ex>roiet qant</ex>
         <ex>seoitet toz</ex>
         <ex>et si</ex>
         <ex>proiereet le</ex>
         <ex>mengieret l</ex>
         <ex>et molt</ex>
         <ex>et o</ex>
         <ex>et a</ex>
         <ex>et e</ex>
         <ex>dureeet bien</ex>
         <ex>et miracles</ex>
         <ex>et seintes</ex>
         <ex>laet ut</ex>
         <ex>et de</ex>
         <ex>geet pristrent</ex>
         <ex>et porent.</ex>
         <ex>et grant
</ex>
         <ex>teet tantost</ex>
         <ex>entrezet cil</ex>
         <ex>et deli</ex>
         <ex>et sa</ex>
         <ex>paignieet la
</ex>
         <ex>corneset cruelment</ex>
         <ex>bleciezet ele</ex>
         <ex>et a</ex>
         <ex>et molt
</ex>
         <ex>encontreet si</ex>
         <ex>esteet si</ex>
         <ex>et adonc</ex>
         <ex>et se</ex>
         <ex>piezet li</ex>
         <ex>foucet a</ex>
         <ex>compaignieet ele</ex>
         <ex>et fu</ex>
         <ex>prestreset ceus</ex>
         <ex>eneorset chiens</ex>
         <ex>et lee</ex>
         <ex>leeet li
</ex>
         <ex>issentet q</ex>
         <ex>et fo</ex>
         <ex>paroleet se</ex>
         <ex>et ala</ex>
         <ex>et grant</ex>
         <ex>aet si</ex>
         <ex>corageet li</ex>
         <ex>enchauciet il</ex>
         <ex>ristet ele</ex>
         <ex>et si</ex>
         <ex>et en</ex>
         <ex> et orde</ex>
         <ex> et dit
</ex>
         <ex>noset si</ex>
         <ex>et en</ex>
         <ex>compaignieet si</ex>
         <ex>champaigneet la</ex>
         <ex>mesonet la</ex>
         <ex>abstinanceet si</ex>
         <ex> et si</ex>
         <ex>et amonester</ex>
         <ex>et par</ex>
         <ex>et dist.</ex>
         <ex>et honorer</ex>
         <ex>et de</ex>
         <ex>homeet si</ex>
         <ex>enueet qe</ex>
         <ex>et isiter</ex>
         <ex>et a</ex>
         <ex>demostreret une</ex>
         <ex>et molt</ex>
         <ex>oiret entendre</ex>
         <ex>doneeet de</ex>
         <ex>cheintureet il</ex>
         <ex>et celes</ex>
         <ex>et lor</ex>
         <ex>et quels</ex>
         <ex>et </ex>
         <ex>et bien
</ex>
         <ex>et a</ex>
         <ex>laet atendions</ex>
         <ex>et la</ex>
         <ex>parlassentet dont</ex>
         <ex>pooret fumes
</ex>
         <ex>autreset si
</ex>
         <ex>sentueet a</ex>
         <ex>et oiz</ex>
         <ex>mieet si</ex>
         <ex> et  </ex>
         <ex> et resnierent</ex>
         <ex>et lerent.</ex>
         <ex>et lor</ex>
         <ex>et l</ex>
         <ex>et dist.</ex>
         <ex> et </ex>
         <ex>et de</ex>
         <ex>et blasmoit</ex>
         <ex>et nos</ex>
         <ex>et espro</ex>
         <ex>et molt
</ex>
         <ex>et mer</ex>
         <ex>parzet a</ex>
         <ex>et dit.</ex>
         <ex>entureet si</ex>
         <ex>Signoret si</ex>
         <ex>et dist</ex>
         <ex>et enqe</ex>
         <ex>et les</ex>
         <ex>et dites</ex>
         <ex>diteset com</ex>
         <ex>et aprisses.</ex>
         <ex> et si</ex>
         <ex>paroleset il
</ex>
         <ex>estionset si
</ex>
         <ex>mesonet si</ex>
         <ex>amiset qi
</ex>
         <ex> et si
</ex>
         <ex>deguerpissomeset por</ex>
         <ex>trespasseeet la</ex>
         <ex> et </ex>
         <ex> et il</ex>
         <ex>et e</ex>
         <ex>qeroientet il
</ex>
         <ex>et qe</ex>
         <ex>et desiroient</ex>
         <ex> et </ex>
         <ex>et dire</ex>
         <ex>ieret 
</ex>
         <ex>choseset e</ex>
         <ex>et die</ex>
         <ex>et habitent</ex>
         <ex>et dire.</ex>
         <ex>homeet si</ex>
         <ex>et dist</ex>
         <ex> et li
</ex>
         <ex>et reqe</ex>
         <ex>et li</ex>
         <ex>beneet puis</ex>
         <ex>tet puis
</ex>
         <ex>et le</ex>
         <ex>entreet si</ex>
         <ex>et lonc</ex>
         <ex>encoreet si</ex>
         <ex>et d</ex>
         <ex>et disoit</ex>
         <ex>et diroit
</ex>
         <ex>ensambleet qant</ex>
         <ex>et engr</ex>
         <ex>issiret si</ex>
         <ex>et dire</ex>
         <ex>et a</ex>
         <ex>peineset lendemein
</ex>
         <ex>dormoientet il</ex>
         <ex>fermementet li</ex>
         <ex>et tu</ex>
         <ex>et si</ex>
         <ex>et firent</ex>
         <ex>signoret si
</ex>
         <ex>songeset qe</ex>
         <ex>porteet por</ex>
         <ex>quierset demandes.</ex>
         <ex>laet li</ex>
         <ex>et si</ex>
         <ex>et manda</ex>
         <ex>eilloitet destruisoit.</ex>
         <ex>et dire</ex>
         <ex>et dist</ex>
         <ex>contet se</ex>
         <ex>et i</ex>
         <ex>et ceste</ex>
         <ex>et son</ex>
         <ex>et a</ex>
         <ex>eret si</ex>
         <ex>airet si</ex>
         <ex>paumeset si</ex>
         <ex>et esparz</ex>
         <ex>nueset por</ex>
         <ex>mandastet si</ex>
         <ex>nonet li</ex>
         <ex> et batu</ex>
         <ex>et chaci</ex>
         <ex>et fors</ex>
         <ex>et contrue</ex>
         <ex>et tempeste</ex>
         <ex>et les</ex>
         <ex>et toz</ex>
         <ex>terreset tant</ex>
         <ex>et meintes
</ex>
         <ex>aet si</ex>
         <ex>et deman</ex>
         <ex>deet li</ex>
         <ex>feteet dite</ex>
         <ex>et si</ex>
         <ex>et le</ex>
         <ex>tet meesmement</ex>
         <ex>et dire
</ex>
         <ex>furentet cil</ex>
         <ex>contet dit</ex>
         <ex>et par
</ex>
         <ex>creatureet a</ex>
         <ex>desfendueet ala
</ex>
         <ex>zet si</ex>
         <ex>et plus</ex>
         <ex>et entendi</ex>
         <ex> et mis
</ex>
         <ex>grantet mer</ex>
         <ex>et espes
</ex>
         <ex>et mas</ex>
         <ex>toret la</ex>
         <ex>miseet aoree</ex>
         <ex>et li</ex>
         <ex>et la</ex>
         <ex>et abatist</ex>
         <ex>et en</ex>
         <ex>et si</ex>
         <ex>et une</ex>
         <ex>et les
</ex>
         <ex>et dite</ex>
         <ex>cestuiet si
</ex>
         <ex>et molt</ex>
         <ex>chastelet deseu</ex>
         <ex>et it</ex>
         <ex>et mer</ex>
         <ex>colombeet seur
</ex>
         <ex>et debrisa</ex>
         <ex>et </ex>
         <ex>et entent.</ex>
         <ex>eet uns
</ex>
         <ex>homeet si
</ex>
         <ex>et si
</ex>
         <ex>et enten</ex>
         <ex>dentet li</ex>
         <ex>solementet bien</ex>
         <ex>peschieret si</ex>
         <ex>et si</ex>
         <ex>et si</ex>
         <ex>aet si</ex>
         <ex>graceset loenges.</ex>
         <ex>gemmeset la</ex>
         <ex>et entendre</ex>
         <ex> et si</ex>
         <ex>empereoret meintenu</ex>
         <ex>aet la</ex>
         <ex>espoentezet si</ex>
         <ex>et ses</ex>
         <ex>hermiteset q</ex>
         <ex>et les</ex>
         <ex>et as</ex>
         <ex>et ceus</ex>
         <ex>mieet por</ex>
         <ex>fereet de</ex>
         <ex>encontreet si</ex>
         <ex>et a</ex>
         <ex>et si</ex>
         <ex>et dist</ex>
         <ex>palezet entre</ex>
         <ex>et a</ex>
         <ex>oret entendre</ex>
         <ex>et le</ex>
         <ex>parleret ce</ex>
         <ex>et cruiels</ex>
         <ex>et del</ex>
         <ex>emperereset neqe</ex>
         <ex>regneet </ex>
         <ex>despenduet l</ex>
         <ex>pooret </ex>
         <ex>et distrent</ex>
         <ex>mentet tel</ex>
         <ex>afaireet si</ex>
         <ex>et si</ex>
         <ex>et ou</ex>
         <ex>foiet de</ex>
         <ex> et de
</ex>
         <ex>aet si</ex>
         <ex>droitet qe</ex>
         <ex>et si</ex>
         <ex>comunitet a</ex>
         <ex>et de</ex>
         <ex>et a</ex>
         <ex>noireet a</ex>
         <ex>empereoret se</ex>
         <ex>olentierset si</ex>
         <ex>et preud</ex>
         <ex>raet si</ex>
         <ex>set il</ex>
         <ex>et si</ex>
         <ex>doleuret fere</ex>
         <ex>ertuet si</ex>
         <ex>et il</ex>
         <ex> et de</ex>
         <ex>et </ex>
         <ex>et tant</ex>
         <ex>puiset de</ex>
         <ex>et espro</ex>
         <ex>et si</ex>
         <ex>eet ein</ex>
         <ex>et gueriz.</ex>
         <ex>et dist</ex>
         <ex>et plui</ex>
         <ex>meret il</ex>
         <ex>et une</ex>
         <ex>et lor</ex>
         <ex>derrompreet leur</ex>
         <ex>et a</ex>
         <ex>et seqeur
</ex>
         <ex>et deli</ex>
         <ex>et la</ex>
         <ex>departieet cil</ex>
         <ex>et icaires</ex>
         <ex>et secors</ex>
         <ex>et de</ex>
         <ex>roigneet de</ex>
         <ex>ignoret si</ex>
         <ex>et par</ex>
         <ex>nuizet en
</ex>
         <ex>et si</ex>
         <ex>et conta</ex>
         <ex>et toute</ex>
         <ex>et si</ex>
         <ex>iandeset li</ex>
         <ex>et si
</ex>
         <ex>et este</ex>
         <ex>et cri</ex>
         <ex>et la</ex>
         <ex>maniereset a</ex>
         <ex>seureet li</ex>
         <ex>alerieet par
</ex>
         <ex>fantosmeet par</ex>
         <ex>et disoit.</ex>
         <ex>et autres</ex>
         <ex>et si</ex>
         <ex>et pardon</ex>
         <ex>et q</ex>
         <ex>et a</ex>
         <ex>choseset e</ex>
         <ex>et si</ex>
         <ex>et par</ex>
         <ex>conditionet de</ex>
         <ex>aet si</ex>
         <ex>et 
</ex>
         <ex>resconseet tens</ex>
         <ex>et les
</ex>
         <ex>nuleet si</ex>
         <ex>et si</ex>
         <ex>et le</ex>
         <ex>et es</ex>
         <ex>estrangeset </ex>
         <ex>et es</ex>
         <ex>et es</ex>
         <ex>et es</ex>
         <ex>citezet si</ex>
         <ex>et so</ex>
         <ex>et ra</ex>
         <ex>et ta
</ex>
         <ex>et qi</ex>
         <ex>et a</ex>
         <ex>huiet hier</ex>
         <ex>et raconteras</ex>
         <ex> et par</ex>
         <ex>et par</ex>
         <ex> et par</ex>
         <ex>enet encore</ex>
         <ex>racontasseset en</ex>
         <ex> et en</ex>
         <ex>et par</ex>
         <ex>et en</ex>
         <ex>et proi</ex>
         <ex>et cont</ex>
         <ex>contet si</ex>
         <ex>fleurset herbes</ex>
         <ex>et de</ex>
         <ex>fistet treita</ex>
         <ex>et si</ex>
         <ex>et os</ex>
      </td>
   </tr>
   <tr>
      <td>⁊ </td>
      <td>
         <em>Et </em>
         <ex>creanceEt si</ex>
      </td>
   </tr>
   <tr>
      <td>ꝙ</td>
      <td>
         <em>qe</em>
         <ex> qe</ex>
         <ex>qe</ex>
         <ex>qetu</ex>
         <ex>esqes</ex>
         <ex>ilueqes</ex>
         <ex>siqenus</ex>
      </td>
   </tr>
   <tr>
      <td>ꝯ</td>
      <td>
         <em>com</em>
         <ex>comil</ex>
         <ex>com</ex>
         <ex>com</ex>
         <ex>compeins</ex>
         <ex>comil</ex>
         <ex>comele</ex>
         <ex>compaignie</ex>
         <ex>compaig</ex>
         <ex>sacompaignie</ex>
      </td>
      <td>
         <em>con</em>
         <ex>Ciconmence</ex>
         <ex>Ciconmence</ex>
         <ex>Dontconmen</ex>
         <ex>conmanda</ex>
         <ex>conmanda.</ex>
         <ex>siconmanda
</ex>
         <ex>conmanda</ex>
         <ex>conmandoit</ex>
         <ex>conman</ex>
         <ex>tconme</ex>
         <ex>iconmencierent</ex>
         <ex>conmandement</ex>
         <ex>conmen</ex>
         <ex>conmanda</ex>
         <ex>conment</ex>
         <ex>conment</ex>
         <ex>moineconmanda</ex>
         <ex>connissoit</ex>
         <ex>conmanda</ex>
         <ex>conmandement</ex>
         <ex> conmencierent</ex>
         <ex>conmen</ex>
         <ex>conment</ex>
         <ex>conman</ex>
         <ex>conman</ex>
         <ex>contree</ex>
         <ex>conterai</ex>
         <ex>conmen</ex>
         <ex>conmanda</ex>
         <ex>conman</ex>
         <ex>conmandemenz</ex>
         <ex>conment</ex>
         <ex>conmanda</ex>
         <ex>conmencierent</ex>
         <ex>conmence</ex>
         <ex>conne</ex>
         <ex>conme</ex>
         <ex>conme</ex>
         <ex>entrerentconmencierent
</ex>
         <ex>conmandemenz</ex>
         <ex>conmen</ex>
         <ex>conmandement</ex>
         <ex>meconmandas</ex>
         <ex>conm</ex>
         <ex>conmandemenz</ex>
         <ex>conpaignons</ex>
         <ex>conmen</ex>
         <ex>conmencierent</ex>
         <ex>conmanda</ex>
         <ex>conmen</ex>
         <ex>conman</ex>
         <ex>conmen</ex>
         <ex>conmen</ex>
         <ex>conmen</ex>
         <ex>Doncconmanda</ex>
         <ex>conmen</ex>
         <ex>leconmant</ex>
         <ex>conment</ex>
         <ex>liconmanda</ex>
         <ex>conment</ex>
         <ex>conmanda</ex>
         <ex>conmen</ex>
         <ex>liconmencie</ex>
         <ex>conmen</ex>
         <ex>conmencierent</ex>
         <ex>conmen</ex>
         <ex>conmen</ex>
         <ex>siconme</ex>
         <ex>conmencie</ex>
         <ex>encontre</ex>
         <ex>conme
</ex>
         <ex>conmen</ex>
         <ex>Siconme</ex>
         <ex>liconmen</ex>
         <ex>conmen</ex>
         <ex>conmanda</ex>
         <ex>conselle</ex>
         <ex>conselle</ex>
         <ex>orsconmanda</ex>
         <ex>conmanda</ex>
         <ex>conment</ex>
         <ex>conmanda</ex>
         <ex>conpaignie</ex>
         <ex>conm</ex>
         <ex>sconmunement</ex>
         <ex>conmanda</ex>
         <ex>conment</ex>
         <ex>cont</ex>
         <ex>conmen</ex>
         <ex>conme</ex>
         <ex>conme</ex>
         <ex>conme</ex>
         <ex>conment</ex>
         <ex>leconmandement</ex>
         <ex>deconmander
</ex>
         <ex>conmencierent</ex>
         <ex>conmencierent</ex>
         <ex>conmen</ex>
         <ex>siconme</ex>
         <ex>conme</ex>
         <ex>conme</ex>
         <ex>conmen</ex>
         <ex>conmant</ex>
         <ex>conmencier
</ex>
         <ex>conmandement</ex>
         <ex> conmandez</ex>
         <ex>laconpagnie</ex>
         <ex>conmence</ex>
         <ex>conmence
</ex>
         <ex>conment</ex>
         <ex>consomee</ex>
         <ex>conmencierent</ex>
         <ex>conme
</ex>
         <ex>conmencierent</ex>
         <ex>siconil
</ex>
         <ex>conme</ex>
         <ex>ieconment</ex>
         <ex>conmen</ex>
         <ex>ilconmanderent</ex>
         <ex>conmanderent</ex>
         <ex>sesconmandemenz</ex>
         <ex>conmenci</ex>
         <ex>leconmandement</ex>
         <ex>conmencierent</ex>
         <ex>conme</ex>
         <ex>conme</ex>
         <ex>conmanda</ex>
         <ex>conmence</ex>
         <ex>conmence
</ex>
         <ex>conmen</ex>
         <ex>conme</ex>
         <ex>conmencent</ex>
         <ex>confessor.</ex>
         <ex>conmencent</ex>
         <ex>confessor.</ex>
         <ex>conmen</ex>
         <ex>oitconmand</ex>
         <ex>conmand</ex>
         <ex>leconmencierent
</ex>
         <ex>lorconmanda
</ex>
         <ex>conmandast
</ex>
         <ex>ocirreconment</ex>
         <ex>conme</ex>
         <ex>conmande</ex>
         <ex>conment</ex>
         <ex>connurent</ex>
         <ex>conmande</ex>
         <ex>conmencierent</ex>
         <ex>conmencie</ex>
         <ex>conmen</ex>
         <ex>conment</ex>
         <ex>conmande</ex>
         <ex>liconmandemens</ex>
         <ex>conmen</ex>
         <ex>conmencierent</ex>
         <ex>raconte</ex>
         <ex>raconte</ex>
         <ex>conmen</ex>
         <ex>oieconment</ex>
         <ex>conme</ex>
         <ex>conmen</ex>
         <ex>conmanda</ex>
         <ex>conmande</ex>
         <ex>leconmandement</ex>
         <ex>conme</ex>
         <ex>conme</ex>
         <ex>conmencier</ex>
         <ex>leconmen</ex>
         <ex>conmanda</ex>
         <ex>conme</ex>
         <ex>conme</ex>
         <ex>laconmanda
</ex>
         <ex>conmen</ex>
         <ex>oscontro</ex>
         <ex>conmencierent</ex>
         <ex>congi</ex>
         <ex>conmen</ex>
         <ex>conmen</ex>
         <ex>conme</ex>
         <ex>siconme
</ex>
         <ex>conme</ex>
         <ex>connoi</ex>
         <ex>conme</ex>
         <ex>conmen</ex>
         <ex>conmen</ex>
         <ex>liconmen</ex>
         <ex>conman</ex>
         <ex>conmen</ex>
         <ex>conmandoit</ex>
         <ex>conme
</ex>
         <ex>conmanda</ex>
         <ex>conmanz</ex>
         <ex>conmand</ex>
         <ex>conmanz</ex>
         <ex>conmandemenz</ex>
         <ex>conmanderoit</ex>
         <ex>conman</ex>
         <ex>conmandement</ex>
         <ex>conmen</ex>
         <ex>lesconmandemenz</ex>
         <ex>conman</ex>
         <ex>lacontree</ex>
         <ex>conmencierent</ex>
         <ex>conmenci</ex>
         <ex>conne</ex>
         <ex>encontre</ex>
         <ex>aconplir</ex>
         <ex>conme</ex>
         <ex>conmence
</ex>
         <ex>conmen</ex>
         <ex>conmencement</ex>
         <ex>conmand</ex>
         <ex>conmanda</ex>
         <ex>conment</ex>
         <ex>conient
</ex>
         <ex>conme</ex>
         <ex>conme</ex>
         <ex>conmencierent</ex>
         <ex>conmencierent</ex>
         <ex>conme</ex>
         <ex>lesconmencierent</ex>
         <ex>conne</ex>
         <ex>conmencement</ex>
         <ex>conment</ex>
         <ex>conmen</ex>
         <ex>conmen</ex>
         <ex>siconmen</ex>
         <ex>conmander</ex>
         <ex>conmanda</ex>
         <ex>conmencierent</ex>
         <ex>conmanda</ex>
         <ex>conmandement
</ex>
         <ex>liconmen</ex>
         <ex>conmen</ex>
         <ex>leconmandement</ex>
         <ex>conmen</ex>
         <ex>conmanda</ex>
         <ex>conme</ex>
         <ex>conmencierent
</ex>
         <ex>lacontree</ex>
         <ex>conment</ex>
         <ex>conmen</ex>
         <ex>conmanda</ex>
         <ex>conmen</ex>
         <ex>conme</ex>
      </td>
   </tr>
   <tr>
      <td></td>
      <td>
         <em>qe</em>
         <ex>onqes</ex>
         <ex>onqes</ex>
         <ex>tresqeas</ex>
         <ex>onqes</ex>
         <ex>esqeen</ex>
         <ex>qeil</ex>
         <ex>onqes</ex>
         <ex>onqes</ex>
         <ex>qels</ex>
         <ex>onqes</ex>
         <ex>anqeonqes</ex>
         <ex>onqes</ex>
         <ex>reisonsqetu</ex>
         <ex>auqes</ex>
         <ex>qee</ex>
         <ex>asqes</ex>
         <ex>reqerre</ex>
      </td>
   </tr>
   <tr>
      <td>﻿p</td>
      <td>
         <em>pre</em>
         <ex>pretres</ex>
         <ex>lipreost</ex>
      </td>
      <td>
         <em>pré</em>
         <ex>Aprés</ex>
         <ex>Aprés</ex>
      </td>
   </tr>
   <tr>
      <td>﻿ꝑ</td>
      <td>
         <em>Per</em>
         <ex>﻿Pere</ex>
      </td>
      <td>
         <em>par</em>
         <ex>ne﻿parla</ex>
         <ex>parmons</ex>
         <ex>departi
</ex>
         <ex>﻿partie.</ex>
         <ex>forceparla</ex>
         <ex>parmiracles</ex>
         <ex>oirpar
</ex>
         <ex>parta</ex>
         <ex>paroles</ex>
         <ex>parties</ex>
         <ex>es﻿partirent</ex>
         <ex>baptesmeparlor</ex>
         <ex>﻿parlor</ex>
         <ex>﻿parmoi</ex>
         <ex>foiparcoi</ex>
         <ex>﻿partirent</ex>
         <ex>aparut</ex>
         <ex>cenz﻿parn</ex>
         <ex>lumiere﻿parmenable</ex>
         <ex>﻿parta</ex>
         <ex>﻿parles</ex>
         <ex>parce</ex>
         <ex>parmenable.</ex>
         <ex>de﻿parti</ex>
         <ex>﻿partotes</ex>
         <ex>﻿parmenable</ex>
         <ex>﻿parler
</ex>
         <ex>departie</ex>
         <ex>﻿par</ex>
         <ex>departiroit</ex>
         <ex>﻿parcest</ex>
         <ex>﻿parcom
</ex>
         <ex>messepargrant</ex>
         <ex>partote
</ex>
         <ex>﻿parses
</ex>
         <ex>lesparoles</ex>
         <ex>﻿parnostre</ex>
         <ex>sacra﻿pargrant</ex>
         <ex>﻿partotes</ex>
         <ex>eparlui
</ex>
         <ex>de﻿parti</ex>
         <ex>pargeunes</ex>
         <ex>parmenable</ex>
         <ex>departoit</ex>
         <ex>departies.</ex>
         <ex>parmi</ex>
         <ex>partie</ex>
         <ex>parles</ex>
         <ex>seulementparnon</ex>
         <ex>departir</ex>
         <ex>partout
</ex>
         <ex>parma</ex>
         <ex>par
</ex>
         <ex>departi
</ex>
         <ex>seisiparmi</ex>
         <ex>parole</ex>
         <ex>departi</ex>
         <ex>amesparson</ex>
         <ex>partout</ex>
         <ex>pardesputisons</ex>
         <ex>pareraies</ex>
         <ex>part</ex>
         <ex>parl</ex>
         <ex>parl</ex>
         <ex>parsa</ex>
         <ex>deparnostre</ex>
         <ex>pardolereuse</ex>
         <ex>departi</ex>
         <ex>parla</ex>
         <ex>par</ex>
         <ex>parler</ex>
         <ex>autrepartie</ex>
         <ex>par</ex>
         <ex>sipar</ex>
         <ex>departi</ex>
         <ex>parsa</ex>
         <ex>parsa</ex>
         <ex>parla</ex>
         <ex>parla
</ex>
         <ex>pardon</ex>
         <ex>parla</ex>
         <ex>examplespartieus</ex>
         <ex>parla</ex>
         <ex>partoi</ex>
         <ex>dignesparcui
</ex>
         <ex>parla</ex>
         <ex>partel</ex>
         <ex>parle</ex>
         <ex>parbones</ex>
         <ex>depar</ex>
         <ex>departisist</ex>
         <ex>parsa
</ex>
         <ex>parla</ex>
         <ex>parderriers</ex>
         <ex>parla</ex>
         <ex>departi</ex>
         <ex>par
</ex>
         <ex>metezparce</ex>
         <ex>parmout</ex>
         <ex>donaparla</ex>
         <ex>parlui</ex>
         <ex>oitparla</ex>
         <ex>parsi</ex>
         <ex>alparune</ex>
         <ex>parne</ex>
         <ex>paroles
</ex>
         <ex>parle</ex>
         <ex>par.</ex>
         <ex>parmeintes</ex>
         <ex>siparloit</ex>
         <ex>parl</ex>
         <ex>parmout</ex>
         <ex>parlui
</ex>
         <ex>parses</ex>
         <ex>parmellor
</ex>
         <ex>parloit</ex>
         <ex>parla</ex>
         <ex>parla</ex>
         <ex>parler</ex>
         <ex>cezparoles.</ex>
         <ex>parmeintes</ex>
         <ex>parla</ex>
         <ex>aparut</ex>
         <ex>parler</ex>
         <ex>parle</ex>
         <ex>parmeintes</ex>
         <ex>pardeseure</ex>
         <ex>arsparla</ex>
         <ex>parson</ex>
         <ex>qeparraie</ex>
         <ex>parmenable</ex>
         <ex>mesparoles.</ex>
         <ex>parsa</ex>
         <ex>departirent</ex>
         <ex>parautel
</ex>
         <ex>parole
</ex>
         <ex>enparmenable</ex>
         <ex>parles</ex>
         <ex>parmenable.</ex>
         <ex>departi</ex>
         <ex>paroles</ex>
         <ex>paroles</ex>
         <ex>deparnostre</ex>
         <ex>parnostre</ex>
         <ex>departir
</ex>
         <ex>fuparles</ex>
         <ex>partie</ex>
         <ex>parerit</ex>
         <ex>enoientparcui</ex>
         <ex>partoz</ex>
         <ex>emparmenable</ex>
         <ex>sparenir.</ex>
         <ex>parmolt</ex>
         <ex>touteparfete</ex>
         <ex>parla</ex>
         <ex>paroles</ex>
         <ex>parla</ex>
         <ex>legierementparl</ex>
         <ex>croireparl</ex>
         <ex>﻿partout</ex>
         <ex>parsa</ex>
         <ex>parla</ex>
         <ex>departi</ex>
         <ex>﻿parties</ex>
         <ex>﻿parsa</ex>
         <ex>parle</ex>
         <ex>parmenable.</ex>
         <ex>mandaparmolt</ex>
         <ex>suesfrepartoi</ex>
         <ex>parses</ex>
         <ex>fuparle</ex>
         <ex>partoz</ex>
         <ex>﻿paroles</ex>
         <ex>﻿partout</ex>
         <ex>﻿partie</ex>
         <ex>﻿parsa</ex>
         <ex>oientpargrant
</ex>
         <ex>de﻿partie</ex>
         <ex> ﻿parla</ex>
         <ex>﻿parti</ex>
         <ex>﻿parmout</ex>
         <ex>﻿parmi</ex>
         <ex>﻿parmi</ex>
         <ex>parmenable</ex>
         <ex>tantparmer</ex>
         <ex>﻿partirent</ex>
         <ex>reporterentparnuit</ex>
         <ex>languagespartoute</ex>
         <ex>totespars.</ex>
         <ex>parmout</ex>
         <ex>totesparz</ex>
         <ex>teesparles</ex>
         <ex>﻿parmout</ex>
         <ex> parta</ex>
         <ex> parler</ex>
         <ex> parler</ex>
         <ex>nosparlions</ex>
         <ex>parla</ex>
         <ex>parsonges
</ex>
         <ex>parla</ex>
         <ex>paroles
</ex>
         <ex>departi</ex>
         <ex>partie</ex>
         <ex>departi</ex>
         <ex>departi</ex>
         <ex>partir</ex>
         <ex>para</ex>
         <ex>parcharmes.</ex>
         <ex>mparla</ex>
         <ex>abbesparla</ex>
         <ex>departi</ex>
         <ex>partie</ex>
         <ex>partoz</ex>
         <ex>par</ex>
         <ex>parbrief</ex>
         <ex>departoit.</ex>
         <ex>para</ex>
         <ex>pardon</ex>
         <ex>anzparces</ex>
         <ex>partrois</ex>
         <ex>parla</ex>
         <ex>arriereparce</ex>
         <ex>departirent</ex>
         <ex>parla</ex>
         <ex>parvomite.</ex>
         <ex>parla
</ex>
         <ex>paroles</ex>
         <ex>parenir
</ex>
         <ex>parla</ex>
         <ex>departiz</ex>
         <ex>part
</ex>
         <ex>oientparruile</ex>
         <ex>autrepartie</ex>
         <ex>parla
</ex>
         <ex>laparo</ex>
         <ex>departi</ex>
         <ex>sparceste</ex>
         <ex>departi</ex>
         <ex>parmer</ex>
         <ex>partote</ex>
         <ex>pareus</ex>
         <ex>parla</ex>
         <ex>parloient</ex>
         <ex>Tuparoles
</ex>
         <ex>ndepartote
</ex>
         <ex>parties</ex>
         <ex>pareu</ex>
         <ex>paroe</ex>
         <ex>departisist</ex>
         <ex>faitepargrant
</ex>
         <ex>partoz</ex>
         <ex>partoz</ex>
         <ex>partoz</ex>
         <ex>pargrant</ex>
         <ex>parmenable</ex>
         <ex>departi</ex>
         <ex>parl</ex>
         <ex>parmeintes</ex>
         <ex>foizparmi</ex>
         <ex>parlerent.</ex>
         <ex>lui par</ex>
         <ex>nespara</ex>
         <ex>parenue</ex>
         <ex>parlions</ex>
         <ex>parson</ex>
         <ex>departi</ex>
         <ex>partesmoins</ex>
         <ex>departement</ex>
         <ex>﻿parmout</ex>
         <ex>par﻿ses</ex>
         <ex>﻿par.</ex>
         <ex>autrepart</ex>
         <ex>﻿parlor</ex>
         <ex>﻿parole</ex>
         <ex>departirent</ex>
      </td>
      <td>
         <em>per</em>
         <ex>desesper﻿</ex>
         <ex>sperit</ex>
         <ex>a﻿pertement</ex>
         <ex>em﻿pereres</ex>
         <ex>empereres</ex>
         <ex>em﻿pereres</ex>
         <ex>﻿peres</ex>
         <ex>ses﻿peres</ex>
         <ex>em﻿pereres</ex>
         <ex>pere</ex>
         <ex>empereors</ex>
         <ex>empereor
</ex>
         <ex>empereres</ex>
         <ex>empereor</ex>
         <ex>empereres
</ex>
         <ex>empereres</ex>
         <ex>empereor</ex>
         <ex>aperut</ex>
         <ex>esperit</ex>
         <ex>peres</ex>
         <ex>empereres</ex>
         <ex>empereres</ex>
         <ex>empereor</ex>
         <ex>empereres</ex>
         <ex>empereres
</ex>
         <ex>empereres</ex>
         <ex>empereor
</ex>
         <ex>empereres</ex>
         <ex>empereres</ex>
         <ex>emperere</ex>
         <ex>empereor</ex>
         <ex>empereor</ex>
         <ex>empereor</ex>
         <ex>empereor</ex>
         <ex>empereres</ex>
         <ex>apertement</ex>
         <ex>sperit</ex>
         <ex>esperiz</ex>
         <ex>aperce</ex>
         <ex>esperiz</ex>
         <ex>em﻿pereor</ex>
         <ex>empereor</ex>
         <ex>em﻿pereor</ex>
         <ex>em﻿pereor</ex>
         <ex>em﻿pereor</ex>
         <ex>em﻿pereres
</ex>
         <ex>em﻿pereres</ex>
         <ex>empereres</ex>
         <ex>em﻿pereres
</ex>
         <ex>em﻿pereres</ex>
         <ex>mpereres</ex>
         <ex>empereres
</ex>
         <ex>empereor.</ex>
         <ex>a﻿pertement</ex>
         <ex>empereres</ex>
         <ex>﻿pere</ex>
         <ex>aperce</ex>
         <ex>aperce</ex>
         <ex>em﻿pereor</ex>
         <ex>empereres</ex>
         <ex>em﻿pereor
</ex>
      </td>
      <td>
         <em>pre</em>
         <ex>prestre</ex>
         <ex>Liprestres</ex>
         <ex>prestre</ex>
      </td>
      <td>
         <em>pro</em>
         <ex>apropinquabit</ex>
      </td>
   </tr>
   <tr>
      <td>﻿﻿﻿spū</td>
      <td>
         <em>spiritu</em>
         <ex>etspiritu</ex>
      </td>
   </tr>
   <tr>
      <td>﻿﻿﻿uͤ</td>
      <td>
         <em>vre</em>
         <ex>oevres</ex>
         <ex>povres</ex>
         <ex>oevres</ex>
         <ex>oevres</ex>
      </td>
   </tr>
   <tr>
      <td>﻿﻿﻿uͥ</td>
      <td>
         <em>uer</em>
         <ex>fuerit</ex>
      </td>
   </tr>
   <tr>
      <td>﻿﻿﻿ū</td>
      <td>
         <em>um</em>
         <ex>regnumcelo</ex>
         <ex>regnumDei</ex>
         <ex>epotianum</ex>
         <ex>eternumin</ex>
      </td>
      <td>
         <em>un</em>
         <ex>dunchastel</ex>
         <ex>chascunleu</ex>
         <ex>Aucunbien</ex>
         <ex>chascunor</ex>
      </td>
      <td>
         <em>ver</em>
         <ex>envers</ex>
         <ex>vertuz</ex>
         <ex>diverses</ex>
         <ex>envers</ex>
         <ex>envers</ex>
      </td>
   </tr>
</table>Vie de saint NicolasWauchier de DenainAriane Pinche2017ParisBibliothèque nationale de Francefr. 00412Oeuvres hagiographiques de Wauchier de Denain1285Notice tiré de la base Jonas, Anne-Françoise Leurquin et Marie-Laure Savoye,
                     notice de "PARIS, Bibliothèque nationale de France, Manuscrits, fr. 00412" dans
                     la base Jonas-IRHT/CNRS (permalink : http://jonas.irht.cnrs.fr/manuscrit/45533). Consultation du
                     03/07/2015 fol.103-fol.170Wauchier de DenainOeuvres hagiographiques de Wauchier de DenainDe saint Martin mout doit on doucement et volentiers le bien oïr et
                        entendreparchemin33024521 Senions, 245 foliosCarolineThis pointer pattern extracts chapter and sectionThis pointer pattern extracts chapter.MarmoriusSarrazins, propriétaire de Deudoné.DeudonéFils de JechronApolloineÉvêque d'ExcorandeEufrosinefemme du pélerin JechronJechronpèlerin d'ExcorandeCorras10931152Conrad III, empereur d'AllemagneLeonsÉvêque de CupersaneGodinsArchevêque d'ArgentaneErnolsArnulphus, évêque de ButuntumArmanieJeune fille, personnage de la Vie de
                           saint NicolasAlexisAlexis 1er Commène, empereur de Constantinoples
                     de 1081 à 1118.Benoit (saint)Saint BenoitGeorge (saint)Saint GeorgeRodevalduspersonnage contant parmi les marchands de Bari.eustachepersonnage contant parmi les marchands de Bari.Lupuspersonnage contant parmi les prêtres qui accompagnent
                     les marchands de Bari.Mathiuspersonnage contant parmi les prêtres qui accompagnent
                     les marchands de Bari.Mathiuspersonnage contant parmi les jeunes gens qui
                     accompagnent les marchands de Bari.Alixandrepersonnage contant parmi les jeunes gens qui
                     accompagnent les marchands de Bari.LuciusEmpereur romain.AntiocusAntiochus, gouverneur responsable du martyre de
                        saint Serge et saint
                        Bace en 303.Bace (saint)3e siecle303Saint Bace (Bacchus), martyr avec saint Serge en 303.Serge (saint)3e siecle303Saint Serge, martyr avec saint
                        Bace en 303.Théodore (saint)4e siecle4e siecleSaint Théodore de le Tiron, moine de Constantinople, martyr du 4.Etiene?37Saint Etienne, premier martyr chrétien, il fait partie
                     de la première communaité chrétienne de Jérusalem.Macairefin du 3e siècle334Saint Machaire, évêque de Jérusalem, la Vie présente ici une erreur historique en le
                     faisant pape.Justinien48214 novembre 565Justinien 1er, empereur de
                        Constantinople de 527 à 565,
                     cela induit une erreur de datation, due à l'interpolation d'éléments provenant
                     de la vie de Nicolas de Sion..HylarionClerc qui assiste aux derniers soins mortuaires de
                        saint Nicolas.PhelippeÉvêque de la cité de Feliton (Phellos).ArchemiusArtemas, prêtre présent au moment de la mort de
                        saint Nicolas.ChemelausHermelaus, prêtre présent au moment de la mort de
                        saint Nicolas.NicolasArchidiacre, présent au moment de la mort de saint Nicolas.Nicolaspersonnage de la Vie de saint
                        Nicolas, originaire de la ville de SivineMichel (saint)Saint Michel, archangeConstentinConstantin Ier, Empereur de
                     RomeYlarienGardien de la prison des trois princes condamnés à
                     mort.AlbaniesAlblabius, préfet du prétoire sous Constantin Ier.SymonidesPersonnage de la vie de saint Martial, haut dignitaire
                     sous Constantin Ier.EudoxiusPersonnage de la vie de saint Martial, haut dignitaire
                     sous Constantin Ier.DyoscurusSaint Dioscuride, martyr vers 244.CressentiusSaint Crescent, martyr vers 244.EustacheEustathius, consul impérial sous Constantin 1er.UrsusPersonnage de la Vie de saint
                        Nicolas, officier impérial envoyé en mission secrète et qui sera
                     condamné à mort par l'empereur.AquileonPersonnage de la Vie de saint
                        Nicolas, officier impérial envoyé en mission secrète et qui sera
                     condamné à mort par l'empereur.NepotiensPersonnage de la Vie de saint
                        Nicolas, officier impérial envoyé en mission secrète et qui sera
                     condamné à mort par l'empereur.Dianedéesse du panthéon latin.Nicolas (saint)CharlemagneEmpereur des FrancsPriussaint hommeFlaviRoi du sud de la France, personnage de la vie de
                        saint GillesVeredemiusErmite, personnage de la vie de saint GillesAureliusArchidiacre de Césaire, personnage de la vie de saint
                        GillesTheocriteVeuve, personnage de la vie de saint GillesCésaireEvêque d'ArlesGillesTheodorusPère de saint
                     GillesPelagieMère de saint
                     GillesJean (Baptiste)Personnage biblique, Jean le
                        Baptiste fut prédicateur en Judée avant Jésus de Nazareth.Valentinien37115 mai 392Valentinien II, fils de Valentinien Ier, est
                     empereur romain de 375 à 392.GallusPersonnage de la Des dialogues sur les vertus de saint
                        Martin, il aurait été un disciple de saint Martin.PostumienPersonnage de la Des dialogues sur les vertus de saint
                        Martin, il aurait été un moine explorateur qui a rencontrer les saints
                     pères du désert.360420SeverusSulpice Sévère, auteur latin des Dialogues sur les vertus de saint Martin et de la Vie de saint Martin, il se met en scène comme étant l'un
                     des trois interlocuteurs des Dialogues sur les vertus de
                        saint Martin.Martin (saint)316397Saint Martin de Tours est né dans en Hongrie dans la colonie
                     romaine de Sabaria en 316. Il est mort à
                        Candes en France le 8 novembre
                     397.Jésus Christ030Jésus-Christ est le nom donné par l'ensemble des chrétiens au
                     prophète qu'ils considèrent comme le Messie Les chrétiens reconnaissent
                     Jésus-Christ comme le Messie et le Fils unique de Dieu.Maximin1738 août 384Magnus Clemens
                     Maximusest un officier romain qui à la tête des légions de Bretagne
                     renversa en 383 l'empereur Gratien, et régna sur l'Occident jusqu'en 388, où il
                     fut vaincu et tué par les troupes de Théodose.ArboriusMagnus Arborius, élu comte des largesses sacrées en 379,
                     puis préfet de Rome en 380, il aurait été l’un des protecteurs de saint Martin,
                     voir Sulpice Sévère, Vie de saint
                           Martin. Tome II, éd. Jacques Fontaine, Paris Éd du Cerf, 1968,
                        p.874.ItacheIthacium, evêque d'Ossobona et meneur du parti épiscopal
                     hostile à Priscillien, voir Chadwick, Priscillian, p.51-55.Priscillien340385Évêque
                     d'Avila, hérésiarque, il est le fondateur de la secte priscillianiste. Il fut
                     banni d'Espagne par un décret de Gratien puis exécuté en 385.TheonisteÉvêque gallo-romain, il est le seul parmi les Ithaciens
                     a avoir rompu avec la faction en condamnant publiquement ses agissementsFelicesÉvêqueCyprien3e siècle258Evêque de
                     Carthage, martyr, victime des persécutions de l'empereur Valérien
                     (253-260).Chaton-95-46Marcus Porcius Cato, dit Caton d'Utique, homme d'Etat romain, en
                     63, lors de la conjuration de Catilina, il prit le parti de Cicéron. Lors des
                     guerres civiles (-49), il se prononça pour Pompée et prit les armes contre César. Après la défaite de Metellus Scipion à Thapsus le 6 avril
                     46, Caton, plutôt que de perdre sa liberté, préféra se suicider en se
                     transperçant de son épée.Cesar12 juillet en 100 av. J-C.15 mars en 44 av. J-C.Caius Iulius Caesar, général romain, fin
                     stratège, suite aux guerres civiles (49-45) qu'il remportera, il se fera nommer
                     dictateur à vie de Rome avant d'être assassiné par Brutus aux Ides de Mars 44.
                  Pompeusle 29 septembre 106 av. J-C.le 28 septembre 48 av. J-C.Cnaeus Pompeius Magnus, général et homme politique
                     romain, il s'opposa à Jules César durant les
                     guerres civiles qu'il perdit lors de la bataille de Pharsale en 48 av. J-C. Il
                     prit alors la fuite vers l'Égypte où il fut assassiné sur la plage de
                     Péluse.Lucanle 3 novembre 39le 28 septembre 65Marcus Annaeus Lucanus, célèbre orateur et écrivain
                     romain, neveu de Sénèque, il composa la Pharsale, épopée
                     qui relate la guerre civile qui opposa Pompée et César entre 49 et 48
                     av. J.-C.Origene (sanit)185254Père de
                     l'Eglise, considéré comme le fondateur de l'exégèse biblique pour avoir
                     commenté tous les livres de l'Ancien et du Nouveau Testament. IL est également
                     connu pour être l'auteur du Traité des principes
                     (231).Jerome (saint)345le 20 septembre 420Père et
                     docteur de l'Eglise, célèbre traducteur de la bible latine. Il est l'un des
                     principaux opposants aux idées d'Origène.BelguisunPersonnage des Dialogues, il
                     semble être un ami de Gallus, peut-être un disciple de saint Martin. J.Fontaine
                     suggère que ce nom pourrait être un cognomen ethnique, voir
                           Sulpice Sévère, Gallus,
                           Dialogues sur les "vertus" de saint Martin, éd. Jacques Fontaine,
                        Paris Éd du Cerf, 2006, p.133Antoine251356Antoine le grand, Antoine d'Egypte ou Antoine
                        l'Ermite est considéré comme le fondateur du l'érémitisme
                     chrétien.Paul228341Paul de Thèbes ou Paul l'ermite est l'une des
                     figures fondatrices du monachisme, avec saint
                        Antoine.Jehan360432Jean Cassien ou Jean l'ermite prêtre et
                     moine, originaire d'Egypte, il établit sa communauté sur l'île de
                     Chypre.CyrenenseNom d'un personnage des Dialogues, vieux prêtre de auquel Postumien prêta sa copie de la Vie de saint Martin de
                        Sulpice Sévère. Son nom n'est pas
                     indiqué dans la source latine, mais il est fait mention du fait qu'il est
                     originaire de Cyrénaïque, cyrenensis. L'attribution de
                     ce nom au prêtre est peut-être lié à une confusion de Wauchier de Denain.ZachariePersonnage biblique, il serait le père de saint
                        Jean le Baptiste. Trop vieux pour
                     avoir un enfant, le Seigneur lui Apparais pour lui annoncer la naissance d'un
                     fils qui serait prophète. Zacharie est alors frappé de stupeur jusqu'à la
                     naissance de son fils. Il retrouvera la parole pour proclamer que le nom de son
                     fils est Jean, tel que le Seigneur le lui avait demander.EvanchiusPersonnage des Dialogues, oncle chrétien de GallusAgnes4e siècle4e siècleMartyr
                     romaineCecile3e siècle3e siècleMartyr
                     romaineMarie MagdalenePersonnage biblique, disciple femme de Jesus-Christ.Pere??64Pêcheur de
                     Galilée, devenu un des douze apôtres de Jésus-Christ. Il est le premier évêque
                     de RomeRefrigeriusPersonnage des Dialogues,
                     prêtre.EucheriusPersonnage des Dialogues,
                     consul.CelsusPersonnage des Dialogues,
                     consul.ValentinienPersonnage des Dialogues, evêque
                     du temps de saint Martin.VictricusPersonnage des Dialogues, evêque
                     de Rouen du temps de saint Martin.AvicienPersonnage des Dialogues, comte
                     de Tours du temps de saint Martin.SaturninePersonnage des Dialogues,
                     prêtre.ArpagePersonnage des Dialogues,
                     prêtre.AgaridutPersonnage des Dialogues,
                     gentilhomme, il arrive au monastère où se trouvent Sulpice Sevère, Postumien
                     et Gallus avec Refregerius.EvangilusPersonnage des Dialogues,
                     prêtre.MariePersonnage biblique, la vierge Marie est
                     la mère de Dieu.JupiterDieu romainMercuriusDieu romainMarcelPersonnage des Dialogues, prêtre
                     d'Amboise.ChatonPersonnage des Dialogues, diacre
                     de l'éveque saint Martin.JudasPersonnage biblique, apôtre qui trahit le Christ pour le
                     livrer à Ponce Pilate.Brice444Saint Brice de Tours,
                     Ordoné évêque de Tours en 397, il est le successeur de saint Martin. Il possède
                     une mauvaise réputation en raison de son affection pour le luxe et les chevaux
                     Paulin353431Paulin de Nole, né à Bordeaux vers 353,
                     mort à Nole en 431, est un poète et un ecclésiastique latin contemporain de
                     saint Augustin et de Martin de Tours, qui
                     l'encouragea dans sa vocation religieuse. Il a été évêque de Nole de 409 à sa
                     mort.PomponiePersonnage des Dialogues, ami de
                        Gallus.GauchierWauchier de Denain, auteur du recueil hagriographique
                        Li seint ConfessorDuc de NamurPhilippe de Namur, duc de Namur et comte de Hainault,
                     mécène de Wauchier de Denain.ValentiensSeigneur de la ville de Tours pendant que saint
                        Martin était évêque.Niqué40.4285312, 29.715356Nicée, Actuelle Iznik en Turquie.Seinte Marie de la charitéPrieuré clunisien de la Charité-sur-LoireBabiloineBabylone (Egypte)Seinte CroizÉglise près de LiègeExcorandeVille où habitait le pélerin Gétron. Le
                     nom est vraisemblement une déformation d'Alexandrette, port du Levant, en arabe
                        IskanderouWAUCHIER DE DENAIN, La vie de Mon Signeur Seint Nicholas le Beneoit confessor, éd. John
                        Jay Thompson, Genève, Suisse, Droz, 1999, p.253.AlemmaigneAllemagneLiegeVille de LiègeBoniventBénévent, ville du samniumEscaucvilleCupersaneCopertino, ville au Sud de BariArgentaneArgentanum, ville de BruttiumVerontheneVille de Butuntum près de BariPiseVille de Pise en ItalieCathapanLieu de la sépulture de saint Nicolas de BariTraneVille, proche de Bari.MacreMakri, presqu'île au large de la LycieMagestreMagiste, île au large de la LycieCacaviusCaccavus, île au large de la LycieAntiocheBarBari, ville italienne qui se trouve dans les pouilles.CalabreLa calabre, région d'Italie située à l'extrême sud-ouest de la
                     péninsuleSebastéSébastée, ville d'Arménie MineureFelitonPhellos, ville de LycieSivine37.224609, 30.2991205Sibinos, ville de Lycie, proche de MyreSaint-Syonabbaye fondée par saint Nicolas à
                        Myre, lieu de sa première
                     sépulture.Necapolie35.379381, 40.564031Neapolis, ville de LycieCrobeDomaine de l'archange de saint
                     MichelQuaparseCyparissus, ville de LycieLapresLisceLa lycie, province du sud de l'Asie mineure.CostantinopleConstantinopleVigaute41.25, 28.75 Graphie fautive de Vigante qui désigne Byzance, capitale de la Thrace et du
                     futur empire romain d'Orient de Constantin à partir de 330.Myrre36.2562953333, 29.987365666Capitale de Lycie et ville de épiscopale de saint
                        NicolasPatre36.2617946667, 29.314501Patara, ville de Lycie et ville de naissance de saint NicolasToivreFleuve du Tibre qui traverse Rome.CabinoneCabinonensem, nom latin de la ville de Cavaillon.ChypreMonastère de Sainte-CroixOrléansFranceNemausenseNemausensis, nom latin de la ville de Nîme.GardoneRivière du GardonRhôneArlesProvenceCaphseLieu inconnu, peut-être issu d'une confusion sur le texte latin (à
                     terminer)EgypteOrientNerbone43.184277 3.0030779999999595Marselle43.296482 5.369779999999992AufriqeAlixandre31.2000924 29.91873869999995CyreneRome41.8919300 12.5113300BethleemJerusalemOccidentNilNitreroge merSynayAiseThebesIndesSyreEthyopeHermenieBosforeTours47.3833300 0.6833300ChartreClaudomiasTrieveMansSensEmbaiseTouraineEspagneLombardieGrèceCarthageAchaïeChorinteAtheinesEuropeCholomaideSezilePuille<table>
   <tr>
      <td>'</td>
      <td>
         <em>er</em>
         <ex>troeren</ex>
         <ex>terme</ex>
         <ex>esmerellier</ex>
         <ex>mengiertant</ex>
      </td>
      <td>
         <em>ier</em>
         <ex>olentiers</ex>
         <ex>aidierne
</ex>
         <ex>chevaliers</ex>
         <ex>mostiere
</ex>
         <ex>plenier.</ex>
      </td>
      <td>
         <em>os</em>
         <ex>osdirai</ex>
         <ex>nosentr</ex>
         <ex>oseoir</ex>
         <ex>faireosoel</ex>
         <ex>nosa</ex>
         <ex>nosde</ex>
         <ex>eosai</ex>
         <ex>osne</ex>
         <ex>nosa</ex>
         <ex>nosfumes</ex>
         <ex>nos</ex>
         <ex>nosaparoit</ex>
         <ex>osraconteroie</ex>
         <ex>nos</ex>
         <ex>nospe</ex>
         <ex>nosen
</ex>
         <ex>os</ex>
         <ex>osdiroie</ex>
         <ex>osconterai</ex>
         <ex>osen</ex>
         <ex>osos</ex>
         <ex>os
</ex>
         <ex>nose</ex>
      </td>
      <td>
         <em>re</em>
         <ex>prendre.</ex>
         <ex>premiers</ex>
         <ex>entendrene</ex>
      </td>
      <td>
         <em>s</em>
         <ex>us
</ex>
         <ex>sacreficesar</ex>
         <ex>bones</ex>
      </td>
      <td>
         <em>ue</em>
         <ex>queuns</ex>
         <ex>esqueqi</ex>
      </td>
      <td>
         <em>us</em>
         <ex>Beaussignors</ex>
         <ex>Beaussignor</ex>
         <ex>Beausperes</ex>
         <ex>estusde</ex>
         <ex>plus
</ex>
         <ex>plusententi</ex>
         <ex>Beaus
</ex>
         <ex>esperitueusce</ex>
         <ex>Beausfreres</ex>
         <ex>essiausmetre</ex>
         <ex>arceaus</ex>
         <ex>arceaus</ex>
         <ex>enceausdist</ex>
         <ex>porceaus.</ex>
         <ex>enceausau
</ex>
         <ex>Beaussire</ex>
         <ex>enceaussa</ex>
         <ex>enusde</ex>
         <ex>arceaus</ex>
         <ex>ceusqi</ex>
         <ex>dusgardes</ex>
         <ex>enus</ex>
         <ex>iustenues.</ex>
         <ex>tieuschoses</ex>
         <ex>enciaushauz</ex>
         <ex>ceusqi</ex>
         <ex>Beausfiuz</ex>
         <ex>enuscoment</ex>
         <ex>engigneusestoient</ex>
         <ex>enceausdeli</ex>
         <ex>morteusl</ex>
         <ex>euserrachoient
</ex>
         <ex>languereusclop</ex>
         <ex>languereusa</ex>
         <ex>eusensamble</ex>
         <ex>eusq</ex>
         <ex>estussanz</ex>
         <ex>enceauspuceles</ex>
         <ex>chasteausdes
</ex>
         <ex>palezineuspelerins</ex>
         <ex>enceaustenoit</ex>
         <ex>piausde</ex>
         <ex>beausmiracles.</ex>
         <ex>allus</ex>
         <ex>erus</ex>
         <ex>plusconter</ex>
      </td>
   </tr>
   <tr>
      <td>a'</td>
      <td>
         <em>an</em>
         <ex>afairesant</ex>
      </td>
   </tr>
   <tr>
      <td>aᷤ</td>
      <td>
         <em>as</em>
         <ex>ase</ex>
      </td>
   </tr>
   <tr>
      <td>bƺ</td>
      <td>
         <em>bus</em>
         <ex>omnibus</ex>
         <ex>ebus
</ex>
      </td>
   </tr>
   <tr>
      <td>cͥ</td>
      <td>
         <em>Cri</em>
         <ex>Crist</ex>
      </td>
      <td>
         <em>cri</em>
         <ex>ntecrist</ex>
      </td>
   </tr>
   <tr>
      <td>d'</td>
      <td>
         <em>dre</em>
         <ex>pendreen</ex>
      </td>
   </tr>
   <tr>
      <td>dͤ</td>
      <td>
         <em>de</em>
         <ex>gardede</ex>
      </td>
   </tr>
   <tr>
      <td>d</td>
      <td>
         <em>Domin</em>
         <ex>Domins</ex>
         <ex>Domine</ex>
      </td>
   </tr>
   <tr>
      <td>e'</td>
      <td>
         <em>en</em>
         <ex>laidengier</ex>
      </td>
   </tr>
   <tr>
      <td>eᷤ</td>
      <td>
         <em>es</em>
         <ex>deciplessi</ex>
         <ex>mesla</ex>
         <ex>iresli
</ex>
         <ex>choses.</ex>
         <ex>auques</ex>
         <ex>Mespor</ex>
      </td>
   </tr>
   <tr>
      <td>iͣ</td>
      <td>
         <em>rai</em>
         <ex>destraig</ex>
      </td>
   </tr>
   <tr>
      <td>iᷤ</td>
      <td>
         <em>is</em>
         <ex>puisqe</ex>
      </td>
   </tr>
   <tr>
      <td>mlt'</td>
      <td>
         <em>molt</em>
         <ex>moltde</ex>
         <ex>rochemoltestoit</ex>
         <ex>molt
</ex>
         <ex>molta</ex>
         <ex>moltso</ex>
         <ex>moltdocement</ex>
         <ex>moltcruelment</ex>
         <ex>moltdesirroit
</ex>
         <ex>molt</ex>
         <ex>molt</ex>
         <ex>moltdolenz</ex>
         <ex>moltcombrisiez</ex>
         <ex>moltestoit</ex>
         <ex>demoltgrant
</ex>
         <ex>moltbenignement</ex>
         <ex>eslectionmoltproierent</ex>
         <ex>moltgrant</ex>
         <ex>moltriches</ex>
         <ex>moltdolenz
</ex>
         <ex>moltpetit.</ex>
         <ex>moltiau</ex>
         <ex>moltgrant</ex>
         <ex>moltcar</ex>
         <ex>moltqe</ex>
         <ex>moltbenignement.</ex>
         <ex>moltfelon</ex>
         <ex>moltso</ex>
         <ex>moltprodome</ex>
         <ex>moltco</ex>
      </td>
   </tr>
   <tr>
      <td>m̃</td>
      <td>
         <em>mur</em>
         <ex>forsmurs</ex>
      </td>
   </tr>
   <tr>
      <td>m̅</td>
      <td>
         <em>men</em>
         <ex>longuement</ex>
         <ex>isnelement</ex>
         <ex>premierement</ex>
         <ex>meesmement</ex>
         <ex>habundanment.</ex>
         <ex>solement</ex>
         <ex>amonestement</ex>
         <ex>tormenz</ex>
         <ex>ement</ex>
         <ex>eraiement</ex>
         <ex>mencement</ex>
         <ex>dediement</ex>
         <ex>assiduelment</ex>
         <ex>heitiement</ex>
         <ex>tormentoit</ex>
         <ex>oignement</ex>
         <ex>longuement.</ex>
         <ex>esleecement.</ex>
         <ex>erranment</ex>
         <ex>comandemenz</ex>
         <ex>comandement</ex>
         <ex>durement</ex>
         <ex>docement</ex>
         <ex>rement</ex>
         <ex>benignement</ex>
         <ex>menablement</ex>
         <ex>solement</ex>
         <ex>belement</ex>
         <ex>seulement</ex>
         <ex>hautement</ex>
         <ex>raiement</ex>
         <ex>solement</ex>
         <ex>seulement</ex>
         <ex>pleinement</ex>
         <ex>hardiement</ex>
         <ex>meesmement</ex>
         <ex>seulement</ex>
         <ex>Ensement</ex>
         <ex>isnelement</ex>
         <ex>ement.</ex>
         <ex>autrement</ex>
         <ex>pleinement</ex>
      </td>
      <td>
         <em>mer</em>
         <ex>merel</ex>
      </td>
   </tr>
   <tr>
      <td>mͣ</td>
      <td>
         <em>Mar</em>
         <ex> Mart</ex>
         <ex>Mart</ex>
      </td>
   </tr>
   <tr>
      <td>nͣ</td>
      <td>
         <em>an</em>
         <ex>Qant</ex>
         <ex>mestierant</ex>
         <ex>qant</ex>
         <ex>Qant</ex>
         <ex>qant</ex>
         <ex>qant</ex>
         <ex>Qant</ex>
         <ex>Qant</ex>
         <ex>qant</ex>
         <ex>Qant</ex>
         <ex>Qant</ex>
         <ex>Qant</ex>
         <ex>Qant</ex>
         <ex>Qant</ex>
         <ex>Qant</ex>
         <ex>Qant</ex>
         <ex>qant</ex>
         <ex>qant</ex>
         <ex>Qant</ex>
         <ex>Qant</ex>
         <ex>qant</ex>
         <ex>qant</ex>
         <ex>qant</ex>
         <ex>qant</ex>
         <ex>Qant</ex>
         <ex>Qant</ex>
         <ex>qant</ex>
         <ex>Qant</ex>
         <ex>Qant</ex>
         <ex>qant</ex>
         <ex>qant</ex>
         <ex>Qant</ex>
         <ex>Qant</ex>
         <ex>Qant</ex>
         <ex>qant</ex>
         <ex>Qant</ex>
         <ex>Qant</ex>
         <ex>Qant</ex>
         <ex>qant</ex>
         <ex>qant</ex>
         <ex>qant</ex>
         <ex>qant</ex>
         <ex>qant</ex>
         <ex>qant</ex>
         <ex>qant</ex>
         <ex>Qant</ex>
         <ex>Qant</ex>
         <ex>Qant</ex>
         <ex>Qant</ex>
         <ex>qant</ex>
         <ex>Qant</ex>
         <ex>qant</ex>
         <ex>qant</ex>
         <ex>qant</ex>
         <ex>Qant</ex>
         <ex>qant</ex>
      </td>
      <td>
         <em>ran</em>
         <ex>granz</ex>
         <ex>granz</ex>
         <ex>grant</ex>
         <ex>grant</ex>
         <ex>grant</ex>
         <ex>grant</ex>
         <ex>grant</ex>
         <ex>grant</ex>
         <ex>grant</ex>
         <ex>grans</ex>
         <ex>grant</ex>
         <ex>grant</ex>
         <ex>grant</ex>
         <ex>grant</ex>
         <ex>grant</ex>
         <ex>granz</ex>
         <ex>grant</ex>
         <ex>granz</ex>
         <ex>grant</ex>
         <ex>grant</ex>
         <ex>grant</ex>
         <ex>grant</ex>
         <ex>grant</ex>
         <ex>grant</ex>
         <ex>grant</ex>
         <ex>granz</ex>
         <ex>grant</ex>
         <ex>grant</ex>
      </td>
   </tr>
   <tr>
      <td>nͥ</td>
      <td>
         <em>nier</em>
         <ex>maniere</ex>
      </td>
   </tr>
   <tr>
      <td>nͬ</td>
      <td>
         <em>nor</em>
         <ex>signordedenz</ex>
      </td>
   </tr>
   <tr>
      <td>nᷤ</td>
      <td>
         <em>ns</em>
         <ex>tens.</ex>
      </td>
   </tr>
   <tr>
      <td>o'</td>
      <td>
         <em>om</em>
         <ex>comli</ex>
         <ex>preudomseinz
</ex>
         <ex>comil</ex>
         <ex>comla</ex>
         <ex>preudom.</ex>
      </td>
      <td>
         <em>on</em>
         <ex>orisona</ex>
         <ex>confessor</ex>
         <ex>confessor</ex>
         <ex>son
</ex>
         <ex>conment</ex>
      </td>
   </tr>
   <tr>
      <td>pͥ</td>
      <td>
         <em>pri</em>
         <ex>espris</ex>
         <ex>prise.</ex>
         <ex>primes</ex>
         <ex>prist</ex>
         <ex>lesprinces</ex>
         <ex>repris</ex>
         <ex>prist</ex>
      </td>
   </tr>
   <tr>
      <td>pͬ</td>
      <td>
         <em>pr</em>
         <ex> pres</ex>
         <ex>esqepres</ex>
      </td>
   </tr>
   <tr>
      <td>q'</td>
      <td>
         <em>q'e</em>
         <ex>q'eles</ex>
         <ex>q'ele</ex>
      </td>
   </tr>
   <tr>
      <td>qƺ</td>
      <td>
         <em>que</em>
         <ex>usque</ex>
      </td>
   </tr>
   <tr>
      <td>qͤ</td>
      <td>
         <em>qe</em>
         <ex>qesi</ex>
      </td>
   </tr>
   <tr>
      <td>qͥ</td>
      <td>
         <em>q'i</em>
         <ex>q'il</ex>
         <ex>q'il</ex>
         <ex>ceq'il</ex>
         <ex>teleq'il</ex>
         <ex>q'il</ex>
         <ex>q'il</ex>
         <ex>q'il</ex>
         <ex>q'il</ex>
         <ex>foisq'il</ex>
      </td>
      <td>
         <em>qi</em>
         <ex>eritqi </ex>
         <ex>esqisi</ex>
         <ex>qiadis</ex>
         <ex>teqi</ex>
         <ex>teqi</ex>
      </td>
   </tr>
   <tr>
      <td>rͤ</td>
      <td>
         <em>re</em>
         <ex>eincoreesgarder</ex>
      </td>
   </tr>
   <tr>
      <td>rͥ</td>
      <td>
         <em>ri</em>
         <ex>grief</ex>
      </td>
   </tr>
   <tr>
      <td>s'</td>
      <td>
         <em>seint</em>
         <ex>seintartin</ex>
         <ex>seintartin</ex>
         <ex>seintartin</ex>
         <ex>seint </ex>
         <ex>seintt</ex>
         <ex>de.seint.</ex>
         <ex>.seint.</ex>
      </td>
   </tr>
   <tr>
      <td>tº</td>
      <td>
         <em>tro</em>
         <ex>estroite.</ex>
      </td>
   </tr>
   <tr>
      <td>tͧ</td>
      <td>
         <em>tur</em>
         <ex>nature</ex>
      </td>
   </tr>
   <tr>
      <td>tᵉ</td>
      <td>
         <em>tre</em>
         <ex>autrel</ex>
         <ex>nostreignor
</ex>
         <ex>nostreignor
</ex>
         <ex>autres</ex>
         <ex>contree</ex>
         <ex>nostreignor</ex>
         <ex>mestres</ex>
         <ex>prestres</ex>
      </td>
   </tr>
   <tr>
      <td>uͥ</td>
      <td>
         <em>vri</em>
         <ex>covrir</ex>
      </td>
   </tr>
   <tr>
      <td>ñ</td>
      <td>
         <em>non</em>
         <ex>non
</ex>
         <ex> non</ex>
      </td>
   </tr>
   <tr>
      <td>ā</td>
      <td>
         <em>am</em>
         <ex>Penitentiam</ex>
         <ex>ensamble</ex>
      </td>
      <td>
         <em>an</em>
         <ex>grant</ex>
         <ex>semblant</ex>
         <ex>marcheanz</ex>
         <ex>meintenant</ex>
         <ex>creance</ex>
         <ex>tramblant</ex>
         <ex>sanblance</ex>
         <ex>enfant</ex>
         <ex>grant</ex>
         <ex>deant</ex>
         <ex>rance</ex>
         <ex>preecant</ex>
         <ex>rance.</ex>
         <ex>tant</ex>
         <ex>anssambl</ex>
         <ex>demandai</ex>
         <ex>grant</ex>
         <ex>manmon
</ex>
         <ex>demanda</ex>
         <ex>sanz
</ex>
         <ex>tant</ex>
         <ex>deant</ex>
         <ex>doutance.</ex>
         <ex>creance</ex>
         <ex>deant</ex>
         <ex>tant</ex>
         <ex>aant</ex>
         <ex>enfant</ex>
         <ex>nsanble</ex>
         <ex>tant</ex>
         <ex>portanz</ex>
         <ex>granz</ex>
         <ex>granz</ex>
         <ex>serant</ex>
         <ex>estrange</ex>
         <ex>sanz</ex>
         <ex>ramembrance</ex>
         <ex>demorance</ex>
         <ex>grant</ex>
         <ex>seranz</ex>
         <ex>ensanble</ex>
         <ex>tant</ex>
         <ex>aant</ex>
         <ex>tant</ex>
         <ex>tant</ex>
         <ex>grant</ex>
         <ex>deant</ex>
         <ex>tant</ex>
         <ex>demanda</ex>
         <ex>deant</ex>
         <ex>repentanz</ex>
         <ex>meintenant</ex>
         <ex>tant</ex>
         <ex>aant</ex>
         <ex>grant</ex>
         <ex>deant</ex>
         <ex>tant</ex>
         <ex>tant</ex>
         <ex>grant</ex>
      </td>
   </tr>
   <tr>
      <td>ē</td>
      <td>
         <em>em</em>
         <ex>temple.</ex>
         <ex>temp</ex>
         <ex>lempereor</ex>
      </td>
      <td>
         <em>en</em>
         <ex>meintient</ex>
         <ex>citoienfirent</ex>
         <ex>esmurent</ex>
         <ex>Quenusurier</ex>
         <ex>genz</ex>
         <ex>tenpore</ex>
         <ex>tenp</ex>
         <ex>distrent</ex>
         <ex>lendemein</ex>
         <ex>prendre</ex>
         <ex>eroient</ex>
         <ex>ssent</ex>
         <ex>paiena</ex>
         <ex>firent</ex>
         <ex>estoient.</ex>
         <ex>alerent</ex>
         <ex>enorter</ex>
         <ex>griement</ex>
         <ex>bien
</ex>
         <ex>biense</ex>
         <ex>pristrent</ex>
         <ex>mengoit</ex>
         <ex>estoient</ex>
         <ex>estoient</ex>
         <ex>mandement</ex>
         <ex>biensanz</ex>
         <ex>distrent</ex>
         <ex>erent</ex>
         <ex>nen </ex>
         <ex>rendi</ex>
         <ex>doient
</ex>
         <ex>respondirent</ex>
         <ex>oenceaus</ex>
         <ex>denpnabitur.</ex>
         <ex>eoient</ex>
         <ex>indrent</ex>
         <ex>pristrent</ex>
         <ex>cenz</ex>
         <ex>cenz</ex>
         <ex>indrent</ex>
         <ex>fesoient</ex>
         <ex>proierent</ex>
         <ex>nenn</ex>
         <ex>menbres</ex>
         <ex>comena</ex>
         <ex>baptizierent</ex>
         <ex>arrestoient.</ex>
         <ex>descendoit</ex>
         <ex>mistrent</ex>
         <ex>respondirent</ex>
         <ex>chastement</ex>
         <ex>olentiers </ex>
         <ex>estoient</ex>
         <ex>lendemein</ex>
         <ex>oierent</ex>
         <ex>estoient</ex>
         <ex>descendre</ex>
         <ex>croient</ex>
         <ex>estoient</ex>
         <ex>pensoient</ex>
         <ex>oient</ex>
         <ex>eoient
</ex>
         <ex>aoroient</ex>
         <ex>trenchier</ex>
         <ex>noient</ex>
         <ex>rieng</ex>
         <ex>paiens</ex>
         <ex>estoient</ex>
         <ex>portoient</ex>
         <ex>ment</ex>
         <ex>menco</ex>
         <ex>biens</ex>
         <ex>roient</ex>
         <ex>indulgense.</ex>
         <ex>bienraconterai</ex>
         <ex>eillierent</ex>
         <ex>bienqe</ex>
         <ex>estoient</ex>
         <ex>enostre</ex>
         <ex>emporteroient</ex>
         <ex>ssent</ex>
         <ex>entendoit</ex>
         <ex>entendi</ex>
         <ex>porpensa</ex>
         <ex>ellierent</ex>
         <ex>erent</ex>
         <ex>genz</ex>
         <ex>estoient</ex>
         <ex>firent</ex>
         <ex>indrent</ex>
         <ex>mendiz</ex>
         <ex>assemblerent</ex>
         <ex>nenconois
</ex>
         <ex>ceens</ex>
         <ex>estoient</ex>
         <ex>argent</ex>
         <ex>amerent.</ex>
         <ex>estoient</ex>
         <ex>nient</ex>
         <ex>riens</ex>
         <ex>proierent</ex>
         <ex>mistrent</ex>
         <ex>ernement</ex>
         <ex>retiegnent</ex>
         <ex>entendoient</ex>
         <ex>dementieres</ex>
         <ex>siens</ex>
         <ex>oient</ex>
         <ex>irent</ex>
         <ex>prendoit</ex>
         <ex>conurent</ex>
         <ex>ssent.</ex>
         <ex>distrent</ex>
         <ex>trestrent</ex>
         <ex>furent</ex>
         <ex>erent.</ex>
         <ex>bienq</ex>
         <ex>partirent</ex>
         <ex>fussent</ex>
         <ex>rendez</ex>
         <ex>donerent</ex>
         <ex>firent</ex>
         <ex>assiduelment</ex>
         <ex>boient.</ex>
         <ex>fussent</ex>
         <ex>prendroient</ex>
         <ex>entrefirent</ex>
         <ex>oient</ex>
         <ex>emporteroient</ex>
         <ex>mistrent</ex>
         <ex>prendre</ex>
         <ex>demanderent</ex>
         <ex>distrent</ex>
         <ex>irent</ex>
         <ex>distrent</ex>
         <ex>distrent</ex>
         <ex>estoient</ex>
         <ex>retrestrent</ex>
         <ex>oient</ex>
         <ex>repristrent</ex>
         <ex>ent</ex>
         <ex>menroient</ex>
         <ex>diemence</ex>
         <ex>ocistrent.</ex>
         <ex>oelent</ex>
         <ex>demorerent</ex>
         <ex>oencel</ex>
         <ex>reclaiment.</ex>
         <ex>senreperierent</ex>
         <ex>menpuisses</ex>
         <ex>alerent</ex>
         <ex>oenceaus</ex>
         <ex>rient</ex>
         <ex>enz</ex>
         <ex>trentiesme</ex>
         <ex>desirroient</ex>
         <ex>argent</ex>
         <ex>soent</ex>
         <ex>menalai</ex>
         <ex>esgardoient.</ex>
         <ex>mencierent</ex>
         <ex>ententi</ex>
         <ex>assistrent</ex>
         <ex>estoient</ex>
         <ex>ient</ex>
         <ex>ssent</ex>
         <ex>hantent</ex>
         <ex>indrent</ex>
         <ex>mengoit</ex>
         <ex>entreil</ex>
         <ex>mengier</ex>
         <ex>oencel</ex>
         <ex>amoient
</ex>
         <ex>habitent</ex>
         <ex>ssent</ex>
         <ex>longement</ex>
         <ex>eoient</ex>
         <ex>irent</ex>
         <ex>ensanglent</ex>
         <ex>comencierent</ex>
         <ex>prensignast
</ex>
         <ex>prensigniez</ex>
         <ex>tesmoignent</ex>
         <ex>fussent</ex>
         <ex>empense.</ex>
         <ex>nentiegent</ex>
         <ex>biensachiez</ex>
         <ex>ient</ex>
         <ex>tesmoigneroient.</ex>
         <ex>tesmoigneroient</ex>
         <ex>dolenz</ex>
         <ex>bienq</ex>
         <ex>bienles</ex>
         <ex>riens</ex>
         <ex>olent</ex>
         <ex>puent</ex>
      </td>
   </tr>
   <tr>
      <td>ĩ</td>
      <td>
         <em>in</em>
         <ex>seint</ex>
         <ex>seint</ex>
         <ex>seint</ex>
         <ex>estreinz</ex>
         <ex>seinz</ex>
         <ex>seinz</ex>
         <ex>seinz</ex>
         <ex>ausint</ex>
         <ex>seinz</ex>
         <ex>ceint</ex>
         <ex>seint</ex>
         <ex>seinz</ex>
         <ex>Einsint</ex>
         <ex>eintenant
</ex>
         <ex>seint</ex>
         <ex>seint</ex>
         <ex>Seinz</ex>
         <ex>int</ex>
         <ex>seint</ex>
         <ex>aint</ex>
         <ex>ceint</ex>
         <ex>meins</ex>
         <ex>seinz</ex>
         <ex>meintenant</ex>
         <ex>seint</ex>
         <ex>amin</ex>
         <ex>seint</ex>
         <ex>seinz</ex>
         <ex>seinte</ex>
         <ex>seint</ex>
         <ex>meins</ex>
         <ex>Seintismes</ex>
         <ex>einz</ex>
         <ex>einsint</ex>
         <ex>meintenissent
</ex>
         <ex>seinz</ex>
         <ex>seinz</ex>
         <ex>ainz</ex>
         <ex>peinnes
</ex>
         <ex>seint</ex>
         <ex>int
</ex>
         <ex>seinz</ex>
         <ex>tesmoing</ex>
         <ex>seint</ex>
         <ex>vint</ex>
         <ex>seinz</ex>
         <ex>int</ex>
         <ex>seinz</ex>
         <ex>seinz</ex>
         <ex>tin</ex>
         <ex>tin</ex>
         <ex>certeinnement</ex>
         <ex>loing</ex>
         <ex>artins</ex>
         <ex>artin</ex>
         <ex>artin</ex>
         <ex>seinz</ex>
         <ex>artin</ex>
         <ex>seinte</ex>
         <ex>artins</ex>
         <ex>oitint</ex>
         <ex>seint</ex>
         <ex>meinz</ex>
         <ex>seint</ex>
         <ex>meins</ex>
         <ex>int</ex>
         <ex>Meintenant</ex>
         <ex>seinz</ex>
         <ex>seinz</ex>
         <ex>seint</ex>
         <ex>meinz</ex>
         <ex>seinte
</ex>
         <ex>seint</ex>
         <ex>seint</ex>
         <ex>meinune</ex>
         <ex>aint</ex>
         <ex>seinz</ex>
         <ex>seint</ex>
         <ex>oisins
</ex>
         <ex>seinz</ex>
         <ex>seinte</ex>
         <ex>Einsint</ex>
         <ex>seint</ex>
         <ex>seinz</ex>
         <ex>pleins</ex>
         <ex>einz</ex>
         <ex>eleint</ex>
         <ex>seint</ex>
         <ex>seint</ex>
         <ex>aussint</ex>
         <ex>seinz</ex>
         <ex>int</ex>
         <ex>seinz</ex>
         <ex>seint</ex>
         <ex>seint</ex>
         <ex>einsint</ex>
         <ex>ausint</ex>
         <ex>loing</ex>
         <ex>larrecinne
</ex>
         <ex>ing</ex>
         <ex>seint</ex>
         <ex>loing</ex>
         <ex>seinz</ex>
         <ex>seint</ex>
         <ex>seint</ex>
         <ex>enins</ex>
         <ex>meins</ex>
         <ex>seinz</ex>
         <ex>loing</ex>
         <ex>Seinz</ex>
         <ex>artins</ex>
         <ex>int</ex>
         <ex>seint</ex>
         <ex>seint</ex>
         <ex>destreins</ex>
         <ex>seint</ex>
         <ex>reint</ex>
         <ex>compleindre.</ex>
         <ex>artins</ex>
         <ex>meintenir</ex>
      </td>
   </tr>
   <tr>
      <td>ō</td>
      <td>
         <em>om</em>
         <ex>comnos</ex>
         <ex>comil</ex>
         <ex>come</ex>
         <ex>com</ex>
         <ex>comil</ex>
         <ex>nombre.</ex>
         <ex>coml</ex>
         <ex>comli</ex>
         <ex>comtoz</ex>
         <ex>com</ex>
         <ex>comil</ex>
         <ex>comnos</ex>
         <ex>comli</ex>
         <ex>preudommout</ex>
         <ex>homli</ex>
         <ex>comil</ex>
      </td>
      <td>
         <em>on</em>
         <ex>Dont</ex>
         <ex>resoignons</ex>
         <ex>noncierent</ex>
         <ex>mesons</ex>
         <ex>mesonqe</ex>
         <ex>sonser</ex>
         <ex>ision </ex>
         <ex>respondoit</ex>
         <ex>dragonqe</ex>
         <ex>nonsi</ex>
         <ex>beneon.</ex>
         <ex>sont</ex>
         <ex>cont</ex>
         <ex>montaigne</ex>
         <ex>nonmee</ex>
         <ex>anoncierent</ex>
         <ex>cond</ex>
         <ex>conpaignie</ex>
         <ex>raconte</ex>
         <ex>parfondece.</ex>
         <ex>non</ex>
         <ex>mons</ex>
         <ex>barons</ex>
         <ex>contes
</ex>
         <ex>non.</ex>
         <ex>bons</ex>
         <ex>confuson</ex>
         <ex>adonc</ex>
         <ex>respons</ex>
         <ex>oiron</ex>
         <ex>conter</ex>
         <ex>nont</ex>
         <ex>respondi</ex>
         <ex>temptationestoient
</ex>
         <ex>trencherons</ex>
         <ex>con</ex>
         <ex>conseil
</ex>
         <ex>meson</ex>
         <ex>meson.</ex>
         <ex>mesonen</ex>
         <ex>son</ex>
         <ex>son</ex>
         <ex>conmen</ex>
         <ex>pissonniaus</ex>
         <ex>puissons</ex>
         <ex>translationdel</ex>
         <ex>translationdel</ex>
         <ex>raconter</ex>
         <ex>aons</ex>
         <ex>monchier</ex>
         <ex>Dont</ex>
         <ex>dont</ex>
         <ex>oroisons</ex>
         <ex>dont</ex>
         <ex>sonaguet.</ex>
         <ex>beneonpuis</ex>
         <ex>puissons</ex>
         <ex>compaignons</ex>
         <ex>Adont</ex>
         <ex>tonbe</ex>
         <ex>monsigneur</ex>
         <ex>nonbre</ex>
         <ex>mona</ex>
         <ex>proions</ex>
         <ex>nonm</ex>
         <ex>monde.</ex>
         <ex>compaignons</ex>
         <ex>dont</ex>
         <ex>otionoste</ex>
         <ex>ethron</ex>
         <ex>monfil</ex>
         <ex>dont</ex>
         <ex>orisons</ex>
         <ex>ironnee</ex>
         <ex>Dont</ex>
         <ex>dont</ex>
         <ex>conpaignie</ex>
         <ex>compaignoni</ex>
         <ex>sonfil
</ex>
         <ex>raconterei</ex>
         <ex>racontes</ex>
         <ex>cont</ex>
         <ex>monfil</ex>
         <ex>non.</ex>
         <ex>orissons</ex>
         <ex>dont</ex>
      </td>
   </tr>
   <tr>
      <td>ŧ</td>
      <td>
         <em>it</em>
         <ex>oitqi</ex>
      </td>
   </tr>
   <tr>
      <td>ʑ</td>
      <td>
         <em>rum</em>
         <ex>celorumnisi</ex>
      </td>
   </tr>
   <tr>
      <td>ͤ</td>
      <td>
         <em>re</em>
         <ex>nostreignor.</ex>
         <ex>nostreires</ex>
         <ex>ostregrant</ex>
         <ex>mestres</ex>
         <ex>nostreignor</ex>
         <ex>demostreen</ex>
         <ex>autres</ex>
         <ex>nostreie</ex>
         <ex>estretoz</ex>
         <ex>mestreqe</ex>
         <ex>oeres</ex>
         <ex>lires</ex>
      </td>
   </tr>
   <tr>
      <td>ᵈ</td>
      <td>
         <em>d</em>
         <ex>ad</ex>
      </td>
   </tr>
   <tr>
      <td>ᷤ</td>
      <td>
         <em>s</em>
         <ex>Jerosmes</ex>
         <ex>osne</ex>
         <ex>noirsespris</ex>
         <ex>fantosmes.</ex>
         <ex>unsdes</ex>
         <ex>forsdel</ex>
         <ex>deablesa</ex>
         <ex>resuscites</ex>
         <ex>sacisos</ex>
         <ex>poissons</ex>
         <ex>poissanz</ex>
         <ex>miracles</ex>
         <ex>miracles</ex>
         <ex>apesiesl</ex>
         <ex>puis</ex>
         <ex>puisfist</ex>
         <ex>seintimese</ex>
         <ex>miraclespluiseurs</ex>
         <ex>icholasfesoient
</ex>
         <ex>pluiseurschoses</ex>
         <ex>puisle</ex>
         <ex>resne</ex>
         <ex>alascha</ex>
         <ex>misne</ex>
         <ex>portes.</ex>
         <ex>fantosmespar</ex>
      </td>
   </tr>
   <tr>
      <td>ṫ</td>
      <td>
         <em>te</em>
         <ex>detere.</ex>
         <ex>tere</ex>
         <ex>terre</ex>
         <ex>terre</ex>
         <ex>terre</ex>
      </td>
      <td>
         <em>ter</em>
         <ex>isiter</ex>
         <ex>terre</ex>
         <ex> terre</ex>
      </td>
      <td>
         <em>té</em>
         <ex>resuscitési</ex>
      </td>
   </tr>
   <tr>
      <td>⁊</td>
      <td>
         <em>Et</em>
         <ex>resplendissant.Ete</ex>
      </td>
      <td>
         <em>Et </em>
         <ex>chosesEt si</ex>
      </td>
      <td>
         <em>et </em>
         <ex>et de</ex>
         <ex>abstinenceet de</ex>
         <ex>ieet li</ex>
         <ex>et d</ex>
         <ex>et les</ex>
         <ex>et en</ex>
         <ex>et en
</ex>
         <ex>et diroient</ex>
         <ex> et a</ex>
         <ex>acreset si
</ex>
         <ex>borgneset aussi</ex>
         <ex>et parla</ex>
         <ex>et der</ex>
         <ex>sitezet molt
</ex>
         <ex>et a</ex>
         <ex>et mis</ex>
         <ex>et uns</ex>
         <ex>enceinteet si
</ex>
         <ex>et ot</ex>
         <ex>enfantet si</ex>
         <ex> et mout</ex>
         <ex>blasmeet tout</ex>
         <ex>et li</ex>
         <ex>et por</ex>
         <ex>et si</ex>
         <ex>et ta</ex>
         <ex>luxureet ex</ex>
         <ex>et si</ex>
         <ex>escondissoitet cil</ex>
         <ex>et de</ex>
         <ex>et sanz</ex>
         <ex>et si</ex>
         <ex>aet a</ex>
         <ex>et si</ex>
         <ex>demandet se</ex>
         <ex>et si</ex>
         <ex> et e</ex>
         <ex>et geterent</ex>
         <ex>et de</ex>
         <ex> et en</ex>
         <ex>et sachiez</ex>
         <ex>deet s</ex>
         <ex>leeet si</ex>
         <ex>et ceste
</ex>
         <ex>homeet dites</ex>
         <ex>erentet la</ex>
         <ex>esqeet si</ex>
         <ex>smeset s</ex>
         <ex>et ala</ex>
         <ex>et la</ex>
         <ex>et en</ex>
         <ex>citet ploroit</ex>
         <ex>et par</ex>
         <ex>et ala</ex>
         <ex>et qant</ex>
         <ex>dedenzet a</ex>
         <ex>citet mout</ex>
         <ex>et d</ex>
         <ex>et de</ex>
         <ex>et les</ex>
         <ex>et dites</ex>
         <ex>et de</ex>
         <ex>seinteet maintint</ex>
         <ex> et la</ex>
         <ex>et son</ex>
         <ex>et honestement
</ex>
         <ex> et a</ex>
         <ex>et reigne</ex>
         <ex>et de</ex>
         <ex>et sages.</ex>
         <ex>et entendre.</ex>
         <ex>et </ex>
         <ex>et latin</ex>
         <ex>diligenceet si</ex>
         <ex>benignementet fu</ex>
         <ex>et fez</ex>
         <ex>et apris
</ex>
         <ex>et doctrinez</ex>
         <ex>et latin</ex>
         <ex>et ebreu
</ex>
         <ex>et araboi</ex>
         <ex>araboiet caldeu</ex>
         <ex>dampneeet estre</ex>
         <ex>et le</ex>
         <ex>latinet aniel</ex>
         <ex>et le</ex>
         <ex>et le
</ex>
         <ex>et de</ex>
         <ex>et mout</ex>
         <ex>et le</ex>
         <ex>et mout</ex>
         <ex>furentet einsint</ex>
         <ex>espoentezet por</ex>
         <ex>herbergieret li</ex>
         <ex>docementet si</ex>
         <ex>et si</ex>
         <ex>et gueri</ex>
         <ex>lonieet si</ex>
         <ex>frereset si</ex>
         <ex>et si</ex>
         <ex>et si</ex>
         <ex>et si</ex>
         <ex>et au</ex>
         <ex>pasteuret en</ex>
         <ex>luiet si</ex>
         <ex>et bons</ex>
         <ex>bienet li
</ex>
         <ex>et endormi</ex>
         <ex>et ensignoit.</ex>
         <ex>pastureet sanz
</ex>
         <ex>et pleinz
</ex>
         <ex>et a</ex>
         <ex>et us</ex>
         <ex>maniereet qu</ex>
         <ex> et li</ex>
         <ex>asneet q</ex>
         <ex>et mengi</ex>
         <ex> et por</ex>
         <ex>et si</ex>
         <ex>et d</ex>
         <ex>asneet si
</ex>
         <ex>oiret si</ex>
         <ex>et tailliez</ex>
         <ex>graceet aloit</ex>
         <ex>ensambleet el</ex>
         <ex>aportoitet atreioit</ex>
         <ex>et fosses</ex>
         <ex>et qarrieres</ex>
         <ex>et ala</ex>
         <ex>et q</ex>
         <ex>eilliezet molt</ex>
         <ex>et de</ex>
         <ex>asneset por</ex>
         <ex>et li</ex>
         <ex>oieet einsint</ex>
         <ex>et il</ex>
         <ex>durementet lors</ex>
         <ex>et hisdeuse.</ex>
         <ex>et si</ex>
         <ex>et cha</ex>
         <ex>et li</ex>
         <ex>et puis</ex>
         <ex>mengieret apr</ex>
         <ex>et fere.</ex>
         <ex>mandaet atornerent</ex>
         <ex>et aai</ex>
         <ex>et doz</ex>
         <ex>et les</ex>
         <ex>orriereset nostre</ex>
         <ex>et atorn</ex>
         <ex>distet anon</ex>
         <ex>et pardon
</ex>
         <ex>et si</ex>
         <ex>et amonesta</ex>
         <ex>et les
</ex>
         <ex>oizet si</ex>
         <ex>et a</ex>
         <ex>respondiet dist</ex>
         <ex>droitureet leide</ex>
         <ex>et misericorde
</ex>
         <ex>et aidier</ex>
         <ex>et doner</ex>
         <ex>et pre</ex>
         <ex>aet si</ex>
         <ex>et otroions</ex>
         <ex>et nostre</ex>
         <ex>et a</ex>
         <ex>et reci</ex>
         <ex>et lor</ex>
         <ex>prononciet la</ex>
         <ex>et d</ex>
         <ex>et d</ex>
         <ex> et si
</ex>
         <ex>et or.</ex>
         <ex>estroiteet a</ex>
         <ex>et ense</ex>
         <ex>et reigne
</ex>
         <ex>et ses</ex>
         <ex>mondeet totes
</ex>
         <ex>lignieet en</ex>
         <ex>et plus</ex>
         <ex>retreireet por</ex>
         <ex>et les</ex>
         <ex>pereet l</ex>
         <ex>homet apr</ex>
         <ex>tierzet qi</ex>
         <ex>et go</ex>
         <ex>lettreset il</ex>
         <ex>mentet por</ex>
         <ex>potet nus</ex>
         <ex>et honestes</ex>
         <ex>et il</ex>
         <ex>et entier</ex>
         <ex>et si</ex>
         <ex>et cone</ex>
         <ex>meriteet de</ex>
         <ex>aqerreet qui</ex>
         <ex>et tra</ex>
         <ex>et q</ex>
         <ex>queroitet il</ex>
         <ex>oet entendi</ex>
         <ex>et conseilla</ex>
         <ex>potet sot</ex>
         <ex>et docement.</ex>
         <ex>desertet qi
</ex>
         <ex>zet leiz</ex>
         <ex>desozet de</ex>
         <ex>solitaireet por</ex>
         <ex>cheailleet le</ex>
         <ex>habitoitet encore</ex>
         <ex>et si</ex>
         <ex>corset li</ex>
         <ex>rocheet il</ex>
         <ex>fereet si</ex>
         <ex>et de</ex>
         <ex>asqueset nostre</ex>
         <ex>et tes</ex>
         <ex>deliceset mes
</ex>
         <ex>prestreset prist</ex>
         <ex>luiet ala</ex>
         <ex>monset par</ex>
         <ex>et par</ex>
         <ex>et si</ex>
         <ex>ignoret por</ex>
         <ex>geuneset por</ex>
         <ex>et est</ex>
         <ex>et a</ex>
         <ex>hanteret a</ex>
         <ex>sosteniret il</ex>
         <ex>et doctri</ex>
         <ex>et li
</ex>
         <ex>tenteet essaie</ex>
         <ex>iaireet si</ex>
         <ex>et tint</ex>
         <ex>et departiz</ex>
         <ex>penseeet une</ex>
         <ex>mereet int</ex>
         <ex>et d</ex>
         <ex>dedenzet si</ex>
         <ex>et retorna</ex>
         <ex>et ortiez</ex>
         <ex>ortiezet qe</ex>
         <ex>et osta</ex>
         <ex>et mua
</ex>
         <ex>et 
</ex>
         <ex>et sa</ex>
         <ex>et de
</ex>
         <ex>et de</ex>
         <ex>et les</ex>
         <ex>et trespassez</ex>
         <ex>et enfo</ex>
         <ex>aet si</ex>
         <ex>et si
</ex>
         <ex>et lor</ex>
         <ex>moutet si</ex>
         <ex>et distrent</ex>
         <ex>chastoieret a</ex>
         <ex>ieet apr</ex>
         <ex>antet il</ex>
         <ex>et ola</ex>
         <ex>pieceset aussint</ex>
         <ex>et sot</ex>
         <ex>docementet si</ex>
         <ex>meurset les</ex>
         <ex>et repe</ex>
         <ex>repairoientet par</ex>
         <ex>arrestoientet desoz</ex>
         <ex>ensigniet doctri</ex>
         <ex>aprendreet por</ex>
         <ex>et ses</ex>
         <ex>et si</ex>
         <ex>et por</ex>
         <ex>filet </ex>
         <ex>et de</ex>
         <ex>et fetes</ex>
         <ex>forset si
</ex>
         <ex>foizet amonesta</ex>
         <ex>contaet dist</ex>
         <ex>et blasma</ex>
         <ex>folieet li
</ex>
         <ex>amenderoitet atant</ex>
         <ex>eet si</ex>
         <ex>et les</ex>
         <ex>apelezet a</ex>
         <ex>moineet </ex>
         <ex>choseet </ex>
         <ex>et estorees</ex>
         <ex>rocheet estoit</ex>
         <ex>et tra</ex>
         <ex>perilet grant</ex>
         <ex>aet si</ex>
         <ex>et penable</ex>
         <ex>et en</ex>
         <ex>et mout</ex>
         <ex>sorentet si</ex>
         <ex>et il</ex>
         <ex>et si</ex>
         <ex>et os</ex>
         <ex>moisteet ausint</ex>
         <ex>eet tantost</ex>
         <ex>et ont</ex>
         <ex>et orties</ex>
         <ex>fereet cil</ex>
         <ex>et a</ex>
         <ex>et des</ex>
         <ex>oiret si</ex>
         <ex>et si</ex>
         <ex>et dist.</ex>
         <ex>eet meintenant</ex>
         <ex>et si</ex>
         <ex>et qi</ex>
         <ex>et assez
</ex>
         <ex>set meintenant</ex>
         <ex>tretet esloigni</ex>
         <ex>et son</ex>
         <ex>et repera</ex>
         <ex>eet il</ex>
         <ex>et espoori</ex>
         <ex> et li
</ex>
         <ex>et fet</ex>
         <ex>et monteplioient</ex>
         <ex>et par
</ex>
         <ex>ieet si</ex>
         <ex>et de</ex>
         <ex>et sa</ex>
         <ex>isitoientet qi</ex>
         <ex>et por</ex>
         <ex>grezet tantost</ex>
         <ex>et la</ex>
         <ex>mengieret si</ex>
         <ex>soloitet </ex>
         <ex> et si</ex>
         <ex>peinet si</ex>
         <ex>et si</ex>
         <ex>correet si</ex>
         <ex>et autre</ex>
         <ex>autreet si</ex>
         <ex>seurementet si</ex>
         <ex>corbiauset </ex>
         <ex>et la</ex>
         <ex>entretendroientet karoleroient
</ex>
         <ex>et oeroient
</ex>
         <ex>et enflameroient</ex>
         <ex>et mist</ex>
         <ex>et freres</ex>
         <ex>et tint
</ex>
         <ex>solieret il</ex>
         <ex>et fondi</ex>
         <ex>et si</ex>
         <ex>et a</ex>
         <ex>choseet qu</ex>
         <ex>et o</ex>
         <ex>et de
</ex>
         <ex>doleet destruist</ex>
         <ex>et a</ex>
         <ex>abatreet en</ex>
         <ex>et la</ex>
         <ex>et a</ex>
         <ex>et por</ex>
         <ex>oitet grant</ex>
         <ex>et por</ex>
         <ex>isionet si</ex>
         <ex>et ses</ex>
         <ex>noiret espris</ex>
         <ex>et li</ex>
         <ex>et entendoient
</ex>
         <ex> et </ex>
         <ex>et le
</ex>
         <ex>et les</ex>
         <ex>et por</ex>
         <ex>semblerentet puis</ex>
         <ex>laet q</ex>
         <ex>et le</ex>
         <ex>orissonet sa</ex>
         <ex>geet eus</ex>
         <ex>et aoree</ex>
         <ex>et enflambez.</ex>
         <ex>esteindreet il</ex>
         <ex>et si</ex>
         <ex>et n</ex>
         <ex>fereet </ex>
         <ex>fesoientet si</ex>
         <ex>et mout</ex>
         <ex>et combrisiez</ex>
         <ex>et morz.</ex>
         <ex>et heitiez</ex>
         <ex>et rala</ex>
         <ex>et mout</ex>
         <ex>femeet si</ex>
         <ex>et si</ex>
         <ex>et dont</ex>
         <ex>et dont
</ex>
         <ex>mengiet la</ex>
         <ex>et le
</ex>
         <ex>piezet si</ex>
         <ex>et regehirent
</ex>
         <ex>et distrent</ex>
         <ex>et si</ex>
         <ex>et sa
</ex>
         <ex>onet por</ex>
         <ex>et l</ex>
         <ex>pret en</ex>
         <ex>et delitable</ex>
         <ex>delitableet tieus</ex>
         <ex>compaignonet si</ex>
         <ex> et la</ex>
         <ex>fonteineet leu</ex>
         <ex>et reposer</ex>
         <ex>fonteineet tant</ex>
         <ex>et sa</ex>
         <ex>oieet si</ex>
         <ex> et comen</ex>
         <ex>et a</ex>
         <ex>coupeet bien</ex>
         <ex>deet q</ex>
         <ex>luiet si</ex>
         <ex>ensuset si</ex>
         <ex>reset atorner</ex>
         <ex>seet si</ex>
         <ex>et ses</ex>
         <ex>et li</ex>
         <ex>et li</ex>
         <ex>aloientet qi</ex>
         <ex>eet ensamble</ex>
         <ex>et il</ex>
         <ex>et sa</ex>
         <ex>et enten</ex>
         <ex>et a</ex>
         <ex>et puis</ex>
         <ex>aprocieret conterent</ex>
         <ex>et cone</ex>
         <ex>ceailleet tantost</ex>
         <ex>et autre</ex>
         <ex>terreet qui
</ex>
         <ex>feteset a</ex>
         <ex>antet si</ex>
         <ex>aet apr</ex>
         <ex> et en</ex>
         <ex>norieet au</ex>
         <ex>et sa
</ex>
         <ex>et entendez</ex>
         <ex> et de
</ex>
         <ex>meret puis</ex>
         <ex>et issi</ex>
         <ex>preudet seinz
</ex>
         <ex>et de</ex>
         <ex>et dist</ex>
         <ex>et ment</ex>
         <ex> et si
</ex>
         <ex>prestreet si</ex>
         <ex>et par</ex>
         <ex>et par</ex>
         <ex>leuset les</ex>
         <ex>et li
</ex>
         <ex>et cont</ex>
         <ex>et religieus</ex>
         <ex>et ses</ex>
         <ex>deableet gueriz</ex>
         <ex>et si</ex>
         <ex>charet si</ex>
         <ex>deableet en
</ex>
         <ex>et heitiez</ex>
         <ex>heitiezet bi</ex>
         <ex>et ceste</ex>
         <ex>oublieeet il</ex>
         <ex>moroientet li
</ex>
         <ex>et esle</ex>
         <ex> et arriere</ex>
         <ex>prestreet tantost</ex>
         <ex>et mout</ex>
         <ex>et si
</ex>
         <ex>antet si</ex>
         <ex>et ceste</ex>
         <ex>et si</ex>
         <ex>et estoree</ex>
         <ex>et totes</ex>
         <ex>paienset a</ex>
         <ex>otroiet qe
</ex>
         <ex>et mi</ex>
         <ex>eet pristr</ex>
         <ex>eret abatirent</ex>
         <ex>et depecierent</ex>
         <ex>perirentet par</ex>
         <ex>nonet puis</ex>
         <ex>et de</ex>
         <ex> et l</ex>
         <ex>fistet ala</ex>
         <ex>barilliauset li</ex>
         <ex>et si</ex>
         <ex>et tu</ex>
         <ex>et res</ex>
         <ex> et ala</ex>
         <ex>et tantost</ex>
         <ex>et grant
</ex>
         <ex>et par</ex>
         <ex>et par</ex>
         <ex>ignoret a</ex>
         <ex>oientet </ex>
         <ex>et amonester</ex>
         <ex>et l</ex>
         <ex>et il</ex>
         <ex>et </ex>
         <ex>et si</ex>
         <ex>et tu</ex>
         <ex>feteet si</ex>
         <ex>espreeet uns
</ex>
         <ex>penseret a</ex>
         <ex>corageet en</ex>
         <ex>gieret cui</ex>
         <ex>et qi</ex>
         <ex>et si</ex>
         <ex>meinet le</ex>
         <ex>iceet qu</ex>
         <ex>penset la</ex>
         <ex>felonieet la</ex>
         <ex>et nissoit</ex>
         <ex>et les</ex>
         <ex>et si</ex>
         <ex>seulementet demein</ex>
         <ex>et la</ex>
         <ex>et en</ex>
         <ex>ignoret par</ex>
         <ex>et sorent</ex>
         <ex>et besoigne.</ex>
         <ex>aet si</ex>
         <ex>et por</ex>
         <ex>iroientet si</ex>
         <ex>et de</ex>
         <ex> et li</ex>
         <ex>et de</ex>
         <ex>enet bien</ex>
         <ex>oset si</ex>
         <ex>et le</ex>
         <ex>gerontet l</ex>
         <ex>reet les</ex>
         <ex>et alerent</ex>
         <ex>et a</ex>
         <ex>diligenseet ce</ex>
         <ex>et au</ex>
         <ex>aussintet si</ex>
         <ex>ensignaet demostra
</ex>
         <ex>et establir</ex>
         <ex>et li</ex>
         <ex>ditet molt</ex>
         <ex>et si</ex>
         <ex>et demostrasses</ex>
         <ex>et ou
</ex>
         <ex>et dis</ex>
         <ex>dormantet de</ex>
         <ex>et ensignai</ex>
         <ex>et si</ex>
         <ex>reet orde</ex>
         <ex>et de</ex>
         <ex>celeeet ses</ex>
         <ex>et en</ex>
         <ex>et ceste
</ex>
         <ex> et si</ex>
         <ex>et dist</ex>
         <ex>honteet grant</ex>
         <ex>et amendez</ex>
         <ex>et si</ex>
         <ex>et aloient</ex>
         <ex>et lor
</ex>
         <ex>et lor</ex>
         <ex>et si</ex>
         <ex>blieeet si</ex>
         <ex>et si</ex>
         <ex>ceet si</ex>
         <ex>estoientet ce</ex>
         <ex>et sa</ex>
         <ex> et sanz
</ex>
         <ex>et sa
</ex>
         <ex>et issi</ex>
         <ex>et la</ex>
         <ex>et si</ex>
         <ex>et distr</ex>
         <ex>et si</ex>
         <ex>et sacree</ex>
         <ex>et si</ex>
         <ex>erenceet puis</ex>
         <ex>pereset la
</ex>
         <ex>et entendre</ex>
         <ex>et amonestoit</ex>
         <ex>et de</ex>
         <ex>et tenist
</ex>
         <ex>homeet tantost</ex>
         <ex>et ocirre</ex>
         <ex>eet il</ex>
         <ex>contoitet disoit</ex>
         <ex> et si</ex>
         <ex>eet si</ex>
         <ex>et si</ex>
         <ex>et 
</ex>
         <ex>costumeet cil</ex>
         <ex>et si</ex>
         <ex>et les</ex>
         <ex>et oians
</ex>
         <ex>durementet tant</ex>
         <ex>et or</ex>
         <ex>et nuit</ex>
         <ex>tozet de</ex>
         <ex>et dona</ex>
         <ex>net si</ex>
         <ex>uileet c</ex>
         <ex>et a</ex>
         <ex>obedienceset lors</ex>
         <ex>et droiture.</ex>
         <ex>et cil</ex>
         <ex>et blasmez</ex>
         <ex>croissoitet tant</ex>
         <ex>et li</ex>
         <ex>et de</ex>
         <ex>et amonesta</ex>
         <ex>et humilit</ex>
         <ex> et si</ex>
         <ex>et si</ex>
         <ex>et estoree.</ex>
         <ex>et si</ex>
         <ex>et mout</ex>
         <ex>corset lors</ex>
         <ex>oeeet a</ex>
         <ex>et de
</ex>
         <ex>roiet en</ex>
         <ex>et si</ex>
         <ex>et pleins
</ex>
         <ex>durementet a</ex>
         <ex>et a</ex>
         <ex>et ses</ex>
         <ex>et si</ex>
         <ex>et ensignast.</ex>
         <ex>et li</ex>
         <ex>aleret </ex>
         <ex>et rece</ex>
         <ex>et puis</ex>
         <ex>et a</ex>
         <ex>et a</ex>
         <ex>cruiautet sa</ex>
         <ex>eoiret sa</ex>
         <ex>et en</ex>
         <ex>olentet par
</ex>
         <ex>et qi</ex>
         <ex>et par</ex>
         <ex> et par</ex>
         <ex>et par</ex>
         <ex>eet la</ex>
         <ex>et demenoit</ex>
         <ex>et a</ex>
         <ex>et si</ex>
         <ex>et si</ex>
         <ex>et dist</ex>
         <ex>et coucha</ex>
         <ex>et </ex>
         <ex>resusciet si</ex>
         <ex>oret par</ex>
         <ex>et heiti</ex>
         <ex> et i</ex>
         <ex>et atornee</ex>
         <ex>et otro</ex>
         <ex>irginitet por</ex>
         <ex>noneet a</ex>
         <ex>liezet qi</ex>
         <ex>porteet parloit
</ex>
         <ex>liet la</ex>
         <ex>et mostroit
</ex>
         <ex>costumeet  </ex>
         <ex>liet ne</ex>
         <ex>ensembleet parlerent
</ex>
         <ex>et si</ex>
         <ex>et dist</ex>
         <ex>et si</ex>
         <ex>et la</ex>
         <ex>et si</ex>
         <ex>et puis</ex>
         <ex>et rele</ex>
         <ex>et espart</ex>
         <ex>et si
</ex>
         <ex>enteret une</ex>
         <ex>et tou</ex>
         <ex>et esparti.</ex>
         <ex> et q</ex>
         <ex>aet si</ex>
         <ex> et tu</ex>
         <ex>et il</ex>
         <ex>oet entendi.</ex>
         <ex>et si</ex>
         <ex>refirentet saoulerent
</ex>
         <ex>et esclarciz.</ex>
         <ex>ceailleet </ex>
         <ex>et li</ex>
         <ex>et si</ex>
         <ex>et loenges</ex>
         <ex>et non</ex>
         <ex> et si</ex>
         <ex>et d</ex>
         <ex>iseet sanz</ex>
         <ex> et isi</ex>
         <ex>et por</ex>
         <ex>et de</ex>
         <ex>leuet li</ex>
         <ex>et lor</ex>
         <ex>mienuitet li</ex>
         <ex>et dist</ex>
         <ex>et au</ex>
         <ex>et tierce</ex>
         <ex>lumiereet de</ex>
         <ex>et esmer</ex>
         <ex>clartet l</ex>
         <ex>et mis</ex>
         <ex>et enquist</ex>
         <ex>et dist</ex>
         <ex>eritet la
</ex>
         <ex>et retreire</ex>
         <ex>et a</ex>
         <ex>et escrist</ex>
         <ex>et qu</ex>
         <ex>et tant
</ex>
         <ex>et non</ex>
         <ex>esqiet ses</ex>
         <ex>fezet tout</ex>
         <ex>ilet dist</ex>
         <ex>et a</ex>
         <ex>et a</ex>
         <ex>ilet re</ex>
         <ex>estoientet il</ex>
         <ex>ceailleet li</ex>
         <ex>et resplendissanz</ex>
         <ex>ceailleet des
</ex>
         <ex>et mout</ex>
         <ex>antet si</ex>
         <ex>et edefiee</ex>
         <ex>et si</ex>
         <ex>et fet
</ex>
         <ex>et regne</ex>
         <ex>morset al</ex>
         <ex>et par</ex>
         <ex>auset par</ex>
         <ex>et par</ex>
         <ex>et nuit</ex>
         <ex>lasseeet la</ex>
         <ex>et aloit</ex>
         <ex>et fu</ex>
         <ex>et toute</ex>
         <ex>tenueet re</ex>
         <ex>ieet loa</ex>
         <ex>et gracia</ex>
         <ex>ignoret seint</ex>
         <ex> et entendu</ex>
         <ex>dolenteset esgarees</ex>
         <ex>et cria
</ex>
         <ex>et regne</ex>
         <ex>echoitet en</ex>
         <ex>armeset si</ex>
         <ex>et de</ex>
         <ex>nonet sa</ex>
         <ex>et uns</ex>
         <ex>et li</ex>
         <ex>et disoit</ex>
         <ex>celoet nisi</ex>
         <ex>aproismeet qi</ex>
         <ex>et del
</ex>
         <ex>et mout</ex>
         <ex>et ses</ex>
         <ex>et la</ex>
         <ex>ignoret si</ex>
         <ex>et ensignoit</ex>
         <ex>et sa
</ex>
         <ex>et </ex>
         <ex>doctrineet 
</ex>
         <ex>et </ex>
         <ex>et pluiseurs</ex>
         <ex>proceinset par</ex>
         <ex>et fere.</ex>
         <ex>et la</ex>
         <ex>comsomeeet q</ex>
         <ex>decipleset q</ex>
         <ex>et lor</ex>
         <ex>oet pluiseurs</ex>
         <ex>et de</ex>
         <ex>et essia</ex>
         <ex>et dras</ex>
         <ex>formeet il</ex>
         <ex>distet il</ex>
         <ex>rostiet une</ex>
         <ex>et si</ex>
         <ex>et si</ex>
         <ex>ignoret par</ex>
         <ex>et preeschant</ex>
         <ex>preeschantet si</ex>
         <ex>et del</ex>
         <ex>et del</ex>
         <ex>speritet si</ex>
         <ex>et de</ex>
         <ex>speritet a</ex>
         <ex>et il</ex>
         <ex>et si</ex>
         <ex>pleset ensamble</ex>
         <ex>et en</ex>
         <ex>et par</ex>
         <ex>et par</ex>
         <ex>feuet si</ex>
         <ex>et doctrinez
</ex>
         <ex>languageset si</ex>
         <ex>et il</ex>
         <ex>et anoncier
</ex>
         <ex>apostreset qi</ex>
         <ex> et pluseurs</ex>
         <ex>et preechant</ex>
         <ex>et le</ex>
         <ex>cieuset preechant</ex>
         <ex>et disant</ex>
         <ex>et ﻿</ex>
         <ex>predicationset faisoient</ex>
         <ex>et li
</ex>
         <ex>et ses</ex>
         <ex>det q</ex>
         <ex>et a</ex>
         <ex>creanceet mis</ex>
         <ex>et prestres</ex>
         <ex>et autre
</ex>
         <ex>et ne</ex>
         <ex>et ne</ex>
         <ex>eet sa</ex>
         <ex>et molt
</ex>
         <ex>et an</ex>
         <ex>et distrent</ex>
         <ex>aeurentet si</ex>
         <ex>et cone</ex>
         <ex>personeset si</ex>
         <ex>et il
</ex>
         <ex>aoroientet si</ex>
         <ex>parmenableet si</ex>
         <ex>et nule</ex>
         <ex>conforteret si</ex>
         <ex>et dist</ex>
         <ex>et baptizatus
</ex>
         <ex>eritet  </ex>
         <ex>et anon</ex>
         <ex>et baptiziez</ex>
         <ex>et qi</ex>
         <ex>ignoret por</ex>
         <ex>et de</ex>
         <ex>et a</ex>
         <ex>et dire</ex>
         <ex>et sires</ex>
         <ex>et tote</ex>
         <ex>et si</ex>
         <ex>et en</ex>
         <ex>et abandone</ex>
         <ex>et amenistre</ex>
         <ex>et deguerpiz</ex>
         <ex>dit et en</ex>
         <ex>et li</ex>
         <ex>et parti</ex>
         <ex>et ne</ex>
         <ex>et si</ex>
         <ex>et tantost</ex>
         <ex>atoucheet e</ex>
         <ex>ignoret il</ex>
         <ex>dormiret si</ex>
         <ex>et les</ex>
         <ex>et froides</ex>
         <ex>eret si</ex>
         <ex>et qe</ex>
         <ex>tet semant</ex>
         <ex>et a</ex>
         <ex>et refet</ex>
         <ex>estoitet der</ex>
         <ex>et forsenee
</ex>
         <ex>et a</ex>
         <ex>et tormentent</ex>
         <ex>seleet qe</ex>
         <ex>et si</ex>
         <ex>et seine.</ex>
         <ex>esteset qi</ex>
         <ex>et benignitez</ex>
         <ex>benignitezet misericorde 
</ex>
         <ex>et douceur</ex>
         <ex>et grant</ex>
         <ex>humilitet assidueus</ex>
         <ex>et comanda</ex>
         <ex>et de</ex>
         <ex>et estrangla</ex>
         <ex>et la</ex>
         <ex>et tuit</ex>
         <ex>et si</ex>
         <ex>et a</ex>
         <ex>et si</ex>
         <ex>et si</ex>
         <ex>et par</ex>
         <ex>et si</ex>
         <ex>et pou</ex>
         <ex>et par</ex>
         <ex>et au</ex>
         <ex>et si</ex>
         <ex>et rac</ex>
         <ex>enfeset qant</ex>
         <ex>homeet puis</ex>
         <ex>et a</ex>
         <ex>et si</ex>
         <ex>et rege</ex>
         <ex>emportoientet si</ex>
         <ex>oieet a</ex>
         <ex>doceuret teniebres</ex>
         <ex>et pleignement</ex>
         <ex>et criees</ex>
         <ex>crieeset granz</ex>
         <ex>et tristreces</ex>
         <ex>tristreceset froidures
</ex>
         <ex>desmesureeset chaleurs</ex>
         <ex>et grant</ex>
         <ex>faillentet morsures</ex>
         <ex>serpenzet si</ex>
         <ex>et misere</ex>
         <ex>misereet l</ex>
         <ex>lezet hisdeus</ex>
         <ex>et d</ex>
         <ex>zet par</ex>
         <ex>et autres</ex>
         <ex>et a</ex>
         <ex>et annonce</ex>
         <ex>et cenz</ex>
         <ex>donset de</ex>
         <ex>et lor
</ex>
         <ex>et detruist</ex>
         <ex>et d</ex>
         <ex>genzet si</ex>
         <ex>et del</ex>
         <ex>et de</ex>
         <ex>et ceus</ex>
         <ex>et si</ex>
         <ex>ignoret si</ex>
         <ex>meinset trest</ex>
         <ex>et qu</ex>
         <ex>et alerent
</ex>
         <ex>noset por</ex>
         <ex>et si</ex>
         <ex>et usticent.</ex>
         <ex>laet alerent</ex>
         <ex>piezet si</ex>
         <ex>et de</ex>
         <ex>et as</ex>
         <ex>et de</ex>
         <ex>et cens</ex>
         <ex>et a</ex>
         <ex>et </ex>
         <ex>et d</ex>
         <ex>et de</ex>
         <ex>homeet si</ex>
         <ex>ignoret puis</ex>
         <ex>et fu</ex>
         <ex>et gloi</ex>
         <ex>et rendi</ex>
         <ex>dotanceet bien</ex>
         <ex>toiet la</ex>
         <ex>et essaucerai.</ex>
         <ex>diteet puis</ex>
         <ex>euset si</ex>
         <ex>et go</ex>
         <ex>et si</ex>
         <ex>nonet cele</ex>
         <ex>ignoret a</ex>
         <ex>et liiez</ex>
         <ex>et it</ex>
         <ex>et creance</ex>
         <ex>et son</ex>
         <ex>et le
</ex>
         <ex>et cil</ex>
         <ex>et sanez</ex>
         <ex>sanezet re</ex>
         <ex>et si</ex>
         <ex> et li</ex>
         <ex>et sa
</ex>
         <ex>et si</ex>
         <ex>et l</ex>
         <ex> et si</ex>
         <ex>et anoncier</ex>
         <ex>tet baptirent</ex>
         <ex>cruelmentet puis
</ex>
         <ex>et si</ex>
         <ex> et lumiere</ex>
         <ex>derrompirentet li</ex>
         <ex>rentet tuit</ex>
         <ex>et granz</ex>
         <ex>et effoudre</ex>
         <ex>et tonoire</ex>
         <ex>tonoireet esparz
</ex>
         <ex> et a</ex>
         <ex>et ferirent</ex>
         <ex> et ses</ex>
         <ex>et si</ex>
         <ex>et si</ex>
         <ex>crucefierentet au
</ex>
         <ex>ezet a</ex>
         <ex>et ensigniez</ex>
         <ex>tantet puis
</ex>
         <ex>et si</ex>
         <ex>et meesme</ex>
         <ex>et li</ex>
         <ex>et a</ex>
         <ex>et anonce.</ex>
         <ex>et la</ex>
         <ex>granzet petiz</ex>
         <ex>assemblassentet eus</ex>
         <ex>et mos</ex>
         <ex>et del</ex>
         <ex>et del</ex>
         <ex> et de</ex>
         <ex>et de</ex>
         <ex>et de</ex>
         <ex>et destrui</ex>
         <ex>reet le</ex>
         <ex>et abatre.</ex>
         <ex>eet ense</ex>
         <ex>et l</ex>
         <ex>et entendez</ex>
         <ex>et d</ex>
         <ex>et de</ex>
         <ex>et de</ex>
         <ex>igneset si</ex>
         <ex>luiet dist</ex>
         <ex>et uree
</ex>
         <ex>et tote</ex>
         <ex>et si</ex>
         <ex>meret tenoit</ex>
         <ex>et de</ex>
         <ex>et de</ex>
         <ex>det a</ex>
         <ex>alet d</ex>
         <ex>et por</ex>
         <ex>paroleset si</ex>
         <ex>et or</ex>
         <ex>et en</ex>
         <ex>et en</ex>
         <ex>neset bien</ex>
         <ex>cueret de</ex>
         <ex>et serroit</ex>
         <ex>et donast
</ex>
         <ex>cielet si</ex>
         <ex> et si</ex>
         <ex>et q</ex>
         <ex>et d</ex>
         <ex>et de</ex>
         <ex>et de</ex>
         <ex>et dona</ex>
         <ex>et pro</ex>
         <ex>et par
</ex>
         <ex>et molt
</ex>
         <ex>ireet si</ex>
         <ex>et decolee.</ex>
         <ex>et si</ex>
         <ex>graceet si</ex>
         <ex>breet qe</ex>
         <ex>et dese</ex>
         <ex>et si</ex>
         <ex>et cil</ex>
         <ex>et arrazin</ex>
         <ex>soleilet si</ex>
         <ex>et tout</ex>
         <ex>et disant</ex>
         <ex>ignoret tu</ex>
         <ex>ducet si</ex>
         <ex>et conta</ex>
         <ex>et e</ex>
         <ex>pooret tuit</ex>
         <ex>et qi</ex>
         <ex>heireet si</ex>
         <ex>piezet si</ex>
         <ex>escuieret si</ex>
         <ex>crestienset si</ex>
         <ex>et si</ex>
         <ex>exet sires</ex>
         <ex>et si
</ex>
         <ex>et qi</ex>
         <ex>et si</ex>
         <ex>et si</ex>
         <ex>pardonet indulgense.</ex>
         <ex>deet si</ex>
         <ex>pardonet remission</ex>
         <ex>et des</ex>
         <ex>et toz</ex>
         <ex>et ses</ex>
         <ex>et totes</ex>
         <ex>et toz</ex>
         <ex>et femes</ex>
         <ex>et d</ex>
         <ex>euet chastiaus
</ex>
         <ex>et ignes</ex>
         <ex>igneset terres</ex>
         <ex>terreset quanq</ex>
         <ex>et por</ex>
         <ex>et si</ex>
         <ex>herbergieret por</ex>
         <ex>reet si</ex>
         <ex>et trametoit</ex>
         <ex>et si</ex>
         <ex>et comandoit</ex>
         <ex>et d</ex>
         <ex>proieet si</ex>
         <ex>et le</ex>
         <ex>et sa
</ex>
         <ex>et comand</ex>
         <ex>et puis
</ex>
         <ex>deet creoient</ex>
         <ex>preechoitet anon</ex>
         <ex>et la</ex>
         <ex>et tuit</ex>
         <ex>luiet si</ex>
         <ex>et si</ex>
         <ex>et de
</ex>
         <ex>et si</ex>
         <ex>foiet de</ex>
         <ex>ignoret bap</ex>
         <ex> et rendi</ex>
         <ex>et ses</ex>
         <ex>et lontaignes</ex>
         <ex>lontaigneset si</ex>
         <ex>et por</ex>
         <ex>et mis</ex>
         <ex>prissonet batuz</ex>
         <ex>et route.</ex>
         <ex>et ta</ex>
         <ex>et quanq</ex>
         <ex>et pardon</ex>
         <ex>pardonet q</ex>
         <ex>et les
</ex>
         <ex> et misericorde</ex>
         <ex>apostreet toz
</ex>
         <ex>et se</ex>
         <ex>et li</ex>
         <ex>periuset par</ex>
         <ex>et si</ex>
         <ex>clerementet alerent</ex>
         <ex>et lor
</ex>
         <ex>et desme</ex>
         <ex>tet tant</ex>
         <ex>fosseet la</ex>
         <ex>et c</ex>
         <ex>et princes</ex>
         <ex>forset autres</ex>
         <ex>et en</ex>
         <ex>ducet ala</ex>
         <ex>deet molt
</ex>
         <ex>terreset assamblees</ex>
         <ex>ooientet molt
</ex>
         <ex>et de</ex>
         <ex>et de</ex>
         <ex>oloientet estre
</ex>
         <ex>ploroitet a</ex>
         <ex> et tuit</ex>
         <ex>et tuit</ex>
         <ex>fereet me</ex>
         <ex>et tuit</ex>
         <ex>deschauzet en</ex>
         <ex>et il</ex>
         <ex>et esgarder.</ex>
         <ex>terreet li</ex>
         <ex>et esgarder</ex>
         <ex>et si</ex>
         <ex>et esgarder.</ex>
         <ex>et si</ex>
         <ex>opienset lez
</ex>
         <ex>et hisdeus</ex>
         <ex>et si</ex>
         <ex>et desmesurez</ex>
         <ex>desmesurezet iols</ex>
         <ex>et d</ex>
         <ex>et cornues
</ex>
         <ex>issoientet si</ex>
         <ex>et grosses</ex>
         <ex>oientet par</ex>
         <ex>grandeset lees</ex>
         <ex>et si</ex>
         <ex>et par</ex>
         <ex>et si</ex>
         <ex>et si</ex>
         <ex>fosseet si</ex>
         <ex>et ire
</ex>
         <ex>et male</ex>
         <ex> et si</ex>
         <ex>et en</ex>
         <ex>oleet ou</ex>
         <ex>abiteet la</ex>
         <ex>et toz</ex>
         <ex>et fe</ex>
         <ex>et par</ex>
         <ex>et si</ex>
         <ex>eset si</ex>
         <ex>et heitez</ex>
         <ex>ieet parla</ex>
         <ex>et gloirefierent.</ex>
         <ex>et toz</ex>
         <ex>et a</ex>
         <ex>et conte</ex>
         <ex>et noierent.</ex>
         <ex>et si</ex>
         <ex>et torbes
</ex>
         <ex>et l</ex>
         <ex>derriereset si</ex>
         <ex>espoentezet li
</ex>
         <ex>deffenderreset q</ex>
         <ex>docementet si</ex>
         <ex>et omnia</ex>
         <ex>et douter.</ex>
         <ex>et si</ex>
         <ex>deet saces</ex>
         <ex>et des</ex>
         <ex>dureeet par</ex>
         <ex>arresteret puis</ex>
         <ex>deet de</ex>
         <ex>et a</ex>
         <ex>et repeire</ex>
         <ex>corset si</ex>
         <ex>et si</ex>
         <ex>et molt</ex>
         <ex>et si</ex>
         <ex>et go</ex>
         <ex>et dis</ex>
         <ex>et dist</ex>
         <ex>et a</ex>
         <ex>et est</ex>
         <ex>mortet angeles</ex>
         <ex>deableet qi</ex>
         <ex>et de</ex>
         <ex>misereset si</ex>
         <ex>estet si</ex>
         <ex>et si
</ex>
         <ex>genzet ne</ex>
         <ex>et deguer</ex>
         <ex>et li</ex>
         <ex>et toz</ex>
         <ex>resusciteret qi</ex>
         <ex>et loenges</ex>
         <ex>demostreret bene</ex>
         <ex>et gloirefierent.</ex>
         <ex>otionet toz</ex>
         <ex>et lor</ex>
         <ex>ignoret li</ex>
         <ex>entoret si</ex>
         <ex>et d</ex>
         <ex>eet tieus
</ex>
         <ex>iandeet si</ex>
         <ex>et en</ex>
         <ex>et en</ex>
         <ex>reset qanc</ex>
         <ex>et a</ex>
         <ex>angileet les</ex>
         <ex>et mout</ex>
         <ex>reset lor</ex>
         <ex>encelet par</ex>
         <ex>et mistrent</ex>
         <ex>neet tout
</ex>
         <ex>estoientet si</ex>
         <ex>et abatissent</ex>
         <ex>et lor</ex>
         <ex>et lor</ex>
         <ex>arsissentet si</ex>
         <ex>et aorassent
</ex>
         <ex>et toz
</ex>
         <ex>et bene</ex>
         <ex>et en</ex>
         <ex>et son</ex>
         <ex>et dit</ex>
         <ex>meret tout
</ex>
         <ex>et tote
</ex>
         <ex>et tout</ex>
         <ex> et  </ex>
         <ex> et </ex>
         <ex>et la</ex>
         <ex>et longue</ex>
         <ex>longueet lee</ex>
         <ex>et deguerpissent</ex>
         <ex>loiset arsissent
</ex>
         <ex>et destruisis</ex>
         <ex>et lor
</ex>
         <ex>inet de</ex>
         <ex>et fai</ex>
         <ex>menableet encore</ex>
         <ex>et li</ex>
         <ex>et tristrece.</ex>
         <ex>et autrui</ex>
         <ex>et mat</ex>
         <ex>et paine.</ex>
         <ex>dolenset las</ex>
         <ex>et de</ex>
         <ex>estoitet si
</ex>
         <ex>et secoroit</ex>
         <ex>secoroitet les</ex>
         <ex>estrangeset les</ex>
         <ex>et les
</ex>
         <ex>orpheninset bien</ex>
         <ex>fistet dist</ex>
         <ex>uchementet qi</ex>
         <ex>et as</ex>
         <ex>et re</ex>
         <ex>esqeet mout</ex>
         <ex>et mout</ex>
         <ex>et en</ex>
         <ex>et entendoit</ex>
         <ex>homeet puis</ex>
         <ex>et a</ex>
         <ex>crestienset crueus</ex>
         <ex>et de</ex>
         <ex>et poestis</ex>
         <ex>et dire
</ex>
         <ex>et les</ex>
         <ex>dreset fere
</ex>
         <ex> et dit</ex>
         <ex>guerieset pluiseurs</ex>
         <ex>femeet si</ex>
         <ex>languereuset resuscite</ex>
         <ex>et par</ex>
         <ex>conseilet si</ex>
         <ex>oret argent</ex>
         <ex>comandet ala</ex>
         <ex>et si</ex>
         <ex>et ta</ex>
         <ex>et tesmoignes</ex>
         <ex>sostenueset resuscites</ex>
         <ex>et conte
</ex>
         <ex>et de</ex>
         <ex>comandementet q</ex>
         <ex>et tote</ex>
         <ex>et regenerez</ex>
         <ex>dameet la</ex>
         <ex>et si</ex>
         <ex>et la</ex>
         <ex>et si</ex>
         <ex>rriereet qant</ex>
         <ex>mariet tantost</ex>
         <ex>et l</ex>
         <ex>baptizieet li</ex>
         <ex>et establi</ex>
         <ex>fioientet la</ex>
         <ex>et formee</ex>
         <ex>et donoit
</ex>
         <ex> et l</ex>
         <ex>et en</ex>
         <ex>upiteret toz</ex>
         <ex>et por</ex>
         <ex>et les</ex>
         <ex>et si</ex>
         <ex>et nos</ex>
         <ex>mageset si</ex>
         <ex>et terre.</ex>
         <ex>et si</ex>
         <ex>puissanzet si</ex>
         <ex>autreet o</ex>
         <ex>orissonset en</ex>
         <ex>citet tuit</ex>
         <ex>et li</ex>
         <ex>encontreet si</ex>
         <ex>et depechier</ex>
         <ex>et si</ex>
         <ex>et failliz</ex>
         <ex>et furent</ex>
         <ex>citet grant
</ex>
         <ex>et granz</ex>
         <ex>luiet alerent</ex>
         <ex>et a</ex>
         <ex>et reco</ex>
         <ex>et lui</ex>
         <ex>et sa</ex>
         <ex>compaignieet esqui</ex>
         <ex>et de</ex>
         <ex>et si</ex>
         <ex>et fondre.</ex>
         <ex>et lor</ex>
         <ex>oirset s</ex>
         <ex>et religieuse</ex>
         <ex>et si</ex>
         <ex>preesceet annonce</ex>
         <ex>perilet si</ex>
         <ex>et assambl</ex>
         <ex>deet liiez</ex>
         <ex>chaeneset lor</ex>
         <ex>contet mout</ex>
         <ex>maniereet si
</ex>
         <ex>et par</ex>
         <ex>et form</ex>
         <ex>santet si</ex>
         <ex>nonet a</ex>
         <ex>et loenges.</ex>
         <ex>et si</ex>
         <ex>creatureet la</ex>
         <ex>et sanc
</ex>
         <ex>et escume</ex>
         <ex>et de</ex>
         <ex>et de</ex>
         <ex>alierset fist</ex>
         <ex>et de</ex>
         <ex>et granz</ex>
         <ex>et desirroit
</ex>
         <ex>paroleset sa</ex>
         <ex>et alassent</ex>
         <ex>maniereset apr</ex>
         <ex>entrerentet mencierent
</ex>
         <ex>et pesible.</ex>
         <ex>contesseet pluiseurs</ex>
         <ex>repairierentet si</ex>
         <ex>palagreet cou</ex>
         <ex>sierentet la</ex>
         <ex>terreet la</ex>
         <ex>et la</ex>
         <ex>ignoret la</ex>
         <ex>enueet cil</ex>
         <ex>et haiti</ex>
         <ex>et a</ex>
         <ex>serset a</ex>
         <ex>aet li</ex>
         <ex>et mout</ex>
         <ex>et aornee</ex>
         <ex>et sacra﻿</ex>
         <ex> et cele</ex>
         <ex>et de</ex>
         <ex>luiet si</ex>
         <ex>et si</ex>
         <ex>oieset si</ex>
         <ex>et conoistre.</ex>
         <ex>mageet fu</ex>
         <ex>et hisdeus.</ex>
         <ex>noirset tresq</ex>
         <ex>et par</ex>
         <ex>et par</ex>
         <ex>ardanzet puans
</ex>
         <ex>et si</ex>
         <ex>eoiret esgarder</ex>
         <ex>et si</ex>
         <ex>ditet puis</ex>
         <ex>abiteet la</ex>
         <ex>et frois</ex>
         <ex>homeet fist</ex>
         <ex>et ce</ex>
         <ex>et sanez.</ex>
         <ex>tet tuit</ex>
         <ex>et cele</ex>
         <ex>et de</ex>
         <ex> et de</ex>
         <ex>oret si</ex>
         <ex>et lampes</ex>
         <ex>et son</ex>
         <ex>et de</ex>
         <ex>euseset de</ex>
         <ex>oret nuit</ex>
         <ex>et chandelabres</ex>
         <ex>oret une</ex>
         <ex>et l</ex>
         <ex>feteset consomees</ex>
         <ex> et si</ex>
         <ex>et sacrons
</ex>
         <ex>et de</ex>
         <ex>et de</ex>
         <ex>et de</ex>
         <ex>et ins</ex>
         <ex>et bues</ex>
         <ex>et aches</ex>
         <ex>acheset oleilles
</ex>
         <ex>et enoisons</ex>
         <ex>et tr</ex>
         <ex>et pa</ex>
         <ex>citet qe</ex>
         <ex>et poest</ex>
         <ex>et heiti</ex>
         <ex>et a</ex>
         <ex> et ses</ex>
         <ex>et assamblees</ex>
         <ex>apelaet si
</ex>
         <ex>liezet si</ex>
         <ex>et si</ex>
         <ex>et de</ex>
         <ex>et ses</ex>
         <ex>et de</ex>
         <ex>et cuens
</ex>
         <ex> et el</ex>
         <ex>et bele
</ex>
         <ex>et haute</ex>
         <ex>senzet plein</ex>
         <ex>et de
</ex>
         <ex>et chas</ex>
         <ex>et feire.</ex>
         <ex>et si</ex>
         <ex>et li
</ex>
         <ex>et si</ex>
         <ex>et sa</ex>
         <ex>et gracierent</ex>
         <ex>gracierentet toz</ex>
         <ex>et en</ex>
         <ex>signorieet qe</ex>
         <ex>et le</ex>
         <ex>et costume</ex>
         <ex>costumeet li</ex>
         <ex>et clers</ex>
         <ex>mortet si</ex>
         <ex>et feire</ex>
         <ex>esqeset autres</ex>
         <ex>tet fussent</ex>
         <ex>et en</ex>
         <ex>et establi</ex>
         <ex>et por</ex>
         <ex>et les</ex>
         <ex>estoientet si</ex>
         <ex>et estemenz.</ex>
         <ex>et si
</ex>
         <ex>et fet
</ex>
         <ex>et ce</ex>
         <ex>et assembler</ex>
         <ex>sermoneret lor</ex>
         <ex>ignoret lor
</ex>
         <ex>et si</ex>
         <ex>graceet si
</ex>
         <ex>homet qant</ex>
         <ex>et li</ex>
         <ex>et li</ex>
         <ex>et regne</ex>
         <ex>et estoient</ex>
         <ex>et en
</ex>
         <ex>elleset en</ex>
         <ex>reset eunoient
</ex>
         <ex>espreet adonc</ex>
         <ex>et e</ex>
         <ex>et orde</ex>
         <ex>deet 
</ex>
         <ex>et par</ex>
         <ex>et ﻿</ex>
         <ex>deet fist</ex>
         <ex>eglisseset atorna
</ex>
         <ex>et entendement</ex>
         <ex>ignoret a</ex>
         <ex> et par</ex>
         <ex>det par</ex>
         <ex>et si</ex>
         <ex>et lor</ex>
         <ex>doctrineet sermonez</ex>
         <ex>et pree</ex>
         <ex>direet lor</ex>
         <ex>angileet sa</ex>
         <ex>et a</ex>
         <ex>paroleset les
</ex>
         <ex>et re</ex>
         <ex>ieet pluiseurs</ex>
         <ex>et e</ex>
         <ex>baptesmeet puis</ex>
         <ex>et de</ex>
         <ex>et taire.</ex>
         <ex>et par</ex>
         <ex>et molt</ex>
         <ex>et mes</ex>
         <ex>iret a</ex>
         <ex>promiseet a</ex>
         <ex>et aiment.</ex>
         <ex>toiet si</ex>
         <ex>et ensamble</ex>
         <ex>et les</ex>
         <ex>rset ensamble</ex>
         <ex>irgeset de</ex>
         <ex>frereset serras</ex>
         <ex>et par</ex>
         <ex>ireset li</ex>
         <ex>et dist</ex>
         <ex>ieet qe</ex>
         <ex>puepleet un</ex>
         <ex>et autre</ex>
         <ex>et assemblassent</ex>
         <ex>onet absolution</ex>
         <ex>oet les</ex>
         <ex>foiet tornez
</ex>
         <ex>et sa</ex>
         <ex>det oite</ex>
         <ex>et cil</ex>
         <ex>et cil</ex>
         <ex>delet les</ex>
         <ex>et en
</ex>
         <ex>et rendoit
</ex>
         <ex>et loenges</ex>
         <ex>ceet puis</ex>
         <ex>et por
</ex>
         <ex>et a</ex>
         <ex>creanceet puis</ex>
         <ex>espreet lors</ex>
         <ex>et e</ex>
         <ex>doctrinastet enseignast</ex>
         <ex>ieet lors</ex>
         <ex>et a</ex>
         <ex>et ao</ex>
         <ex>et coment</ex>
         <ex>orzet coment</ex>
         <ex>et ensigniez.</ex>
         <ex>et garde.</ex>
         <ex>et chastem</ex>
         <ex>tet qe</ex>
         <ex>ucheoret si</ex>
         <ex>et desfaillies</ex>
         <ex>fianceet doit</ex>
         <ex>et del</ex>
         <ex>et del
</ex>
         <ex>et d</ex>
         <ex>espreet dont</ex>
         <ex>graceet si</ex>
         <ex>et bene</ex>
         <ex>et ait</ex>
         <ex>oset os</ex>
         <ex>reet qi</ex>
         <ex>et qi</ex>
         <ex>et si
</ex>
         <ex>et or</ex>
         <ex>et erais
</ex>
         <ex>et garde</ex>
         <ex>et ires</ex>
         <ex>et la</ex>
         <ex>establieet faite</ex>
         <ex>et tendi</ex>
         <ex>cielet fist</ex>
         <ex>et si</ex>
         <ex>mestreset qi</ex>
         <ex>nonet qi</ex>
         <ex>et estoient</ex>
         <ex>cielet crioient
</ex>
         <ex>ssentet si</ex>
         <ex>et si</ex>
         <ex>et la</ex>
         <ex>contreeset si</ex>
         <ex>parenzet obe</ex>
         <ex>et nostre</ex>
         <ex>et loerent.</ex>
         <ex> et esle</ex>
         <ex>membreset tantost
</ex>
         <ex>et sanez</ex>
         <ex>et si</ex>
         <ex>et por</ex>
         <ex>rirentet donerent</ex>
         <ex>clartet grant
</ex>
         <ex>et le</ex>
         <ex>clercet li</ex>
         <ex>zet mis</ex>
         <ex> et li</ex>
         <ex>ugleet cil</ex>
         <ex>et d</ex>
         <ex> et par
</ex>
         <ex>itet regne</ex>
         <ex>et olentiers</ex>
         <ex>et entendre</ex>
         <ex>et retenir</ex>
         <ex>et </ex>
         <ex>et les</ex>
         <ex>sontet aise</ex>
         <ex>et de
</ex>
         <ex>et de</ex>
         <ex>lonieet de</ex>
         <ex>et a</ex>
         <ex>et pris</ex>
         <ex>et par</ex>
         <ex>tormenzet par</ex>
         <ex>et geunes</ex>
         <ex>geuneset par</ex>
         <ex>et a</ex>
         <ex>confessorset mes</ex>
         <ex>et de</ex>
         <ex>et de</ex>
         <ex>et hauz</ex>
         <ex>et ri</ex>
         <ex>et a</ex>
         <ex>et sa</ex>
         <ex>et a</ex>
         <ex>hermitageet si</ex>
         <ex>et retraist</ex>
         <ex>et ensam</ex>
         <ex>et che</ex>
         <ex>et si</ex>
         <ex>et si</ex>
         <ex>paignonset dou</ex>
         <ex>ouret piti</ex>
         <ex>pitiet benignet</ex>
         <ex> et charit</ex>
         <ex>charitet pacience</ex>
         <ex>pacienceet bone
</ex>
         <ex>olentet hu</ex>
         <ex>mondeet si</ex>
         <ex>et si</ex>
         <ex>et de</ex>
         <ex>eoitet par</ex>
         <ex>tiers et portoient
</ex>
         <ex>et re</ex>
         <ex>baptesmeet si</ex>
         <ex>et paine.</ex>
         <ex>et les</ex>
         <ex>chetiset norrissoit</ex>
         <ex>besoigneuset re</ex>
         <ex>reet l</ex>
         <ex>et donoit</ex>
         <ex>reset a</ex>
         <ex>et besoigneus</ex>
         <ex>entet bien
</ex>
         <ex>et </ex>
         <ex>ozet li</ex>
         <ex>et besoigneuz</ex>
         <ex>et a
</ex>
         <ex>et donast</ex>
         <ex>fublet la</ex>
         <ex>et de</ex>
         <ex>reet l</ex>
         <ex>et mist
</ex>
         <ex>et gemirent</ex>
         <ex>et il
</ex>
         <ex>et affublez</ex>
         <ex>et cone</ex>
         <ex>et en</ex>
         <ex> et la</ex>
         <ex>ignor et por</ex>
         <ex>anzet si</ex>
         <ex>et fu</ex>
         <ex>et a</ex>
         <ex>et li</ex>
         <ex>alierset si</ex>
         <ex>lessieret de</ex>
         <ex>et si</ex>
         <ex>euet qe
</ex>
         <ex>eet cil</ex>
         <ex>et tes</ex>
         <ex>et d</ex>
         <ex>demeinet non</ex>
         <ex>et non</ex>
         <ex>antet tote</ex>
         <ex>et sanz
</ex>
         <ex>heaumeet el</ex>
         <ex>tresperceraiet trespasserai</ex>
         <ex>paiset si</ex>
         <ex>euset totes</ex>
         <ex>et les</ex>
         <ex>citet qi</ex>
         <ex>et de
</ex>
         <ex>et si</ex>
         <ex>pieceet </ex>
         <ex>et sa</ex>
         <ex>paienet si</ex>
         <ex>et de
</ex>
         <ex>et dolenz</ex>
         <ex>contreeet si</ex>
         <ex>et pro</ex>
         <ex>et robeor</ex>
         <ex>et seisi</ex>
         <ex>et a</ex>
         <ex>oieet puis</ex>
         <ex>estoitet de</ex>
         <ex>et s</ex>
         <ex>et en</ex>
         <ex>et dotance</ex>
         <ex>et les</ex>
         <ex>et a</ex>
         <ex>ignoret si</ex>
         <ex>oieet si</ex>
         <ex>pieceet molt</ex>
         <ex>et molt</ex>
         <ex> et si
</ex>
         <ex>loet a</ex>
         <ex>et pluisors</ex>
         <ex>s et mestre</ex>
         <ex>prestreset contre</ex>
         <ex>et eraies</ex>
         <ex>et batirent</ex>
         <ex>et le</ex>
         <ex>et la</ex>
         <ex>et pres</ex>
         <ex>arresteret por</ex>
         <ex>et apris</ex>
         <ex>et fie</ex>
         <ex>departizet ert</ex>
         <ex>annoncieret preechier</ex>
         <ex>et il</ex>
         <ex>cheailleet li</ex>
         <ex>et pro</ex>
         <ex>et pour</ex>
         <ex>et lor</ex>
         <ex>oientet si</ex>
         <ex>et a</ex>
         <ex>deet fu</ex>
         <ex>et apr</ex>
         <ex>eureet esqui</ex>
         <ex>et mena</ex>
         <ex>et preudome</ex>
         <ex>et de</ex>
         <ex>criet de</ex>
         <ex>estreet l</ex>
         <ex>et conta
</ex>
         <ex>cordeet tolue</ex>
         <ex>et fist</ex>
         <ex>estantet si</ex>
         <ex>homeet tuit</ex>
         <ex>et en</ex>
         <ex>prodomet sages</ex>
         <ex>et si</ex>
         <ex>issuet non</ex>
         <ex>et des</ex>
         <ex>et une</ex>
         <ex>eschiet qe</ex>
         <ex>pastoret go</ex>
         <ex>et li
</ex>
         <ex>esqeet es</ex>
         <ex>estuzet de</ex>
         <ex>reet ileinement</ex>
         <ex>et de</ex>
         <ex>et entendoit</ex>
         <ex>reet en</ex>
         <ex>et por</ex>
         <ex>et un</ex>
         <ex>et si</ex>
         <ex>eet de</ex>
         <ex>et d</ex>
         <ex>oieet cele</ex>
         <ex>luiet qi</ex>
         <ex>et sa</ex>
         <ex>sonceleset lor</ex>
         <ex> et doctrin</ex>
         <ex>escritureset a</ex>
         <ex>encelet li</ex>
         <ex>pereet si</ex>
         <ex>et en</ex>
         <ex>et dures.</ex>
         <ex>eset moles</ex>
         <ex>olentezet lor
</ex>
         <ex> et a</ex>
         <ex>et seins</ex>
         <ex>diteet tout</ex>
         <ex>et a</ex>
         <ex>et signorie</ex>
         <ex>siecleset a</ex>
         <ex>mortet doutoient.</ex>
         <ex>et les</ex>
         <ex>pereet lor</ex>
         <ex>et dire</ex>
         <ex>orissonset a</ex>
         <ex>contreeet si</ex>
         <ex>et fere</ex>
         <ex>et clart</ex>
         <ex>clartet lumiere.</ex>
         <ex>beleet mout</ex>
         <ex>et q</ex>
         <ex>et sanz</ex>
         <ex>et les</ex>
         <ex>nonet en</ex>
         <ex>et mart</ex>
         <ex>et par</ex>
         <ex>et a</ex>
         <ex>et demostrast</ex>
         <ex>et sa</ex>
         <ex>et de</ex>
         <ex>et hisdeus
</ex>
         <ex>et cruel</ex>
         <ex>nonet de</ex>
         <ex>parlaet si</ex>
         <ex>apelezet si</ex>
         <ex> lerreset ensamble</ex>
         <ex>frereset a</ex>
         <ex>eet lors</ex>
         <ex>despechieret desfere.</ex>
         <ex>et de</ex>
         <ex>ret cil</ex>
         <ex>doelet grant</ex>
         <ex>et s</ex>
         <ex>et a</ex>
         <ex>et en</ex>
         <ex>ssentet q</ex>
         <ex>et esmer</ex>
         <ex>et qe</ex>
         <ex>et d</ex>
         <ex>aoroientet faisoient</ex>
         <ex>et de</ex>
         <ex>et droit</ex>
         <ex>et lonc</ex>
         <ex>paieneet les</ex>
         <ex>abatistet encore</ex>
         <ex>sacret bene</ex>
         <ex>beneet q</ex>
         <ex>et honorassent.</ex>
         <ex>et a</ex>
         <ex>et lui</ex>
         <ex>et ensi</ex>
         <ex>et abatre</ex>
         <ex>et bene</ex>
         <ex>et por</ex>
         <ex>et si</ex>
         <ex>et mostres
</ex>
         <ex>et contes</ex>
         <ex>oiret s</ex>
         <ex>feireet qe</ex>
         <ex>et che</ex>
         <ex>ensambleet a</ex>
         <ex>bienet si</ex>
         <ex>et con</ex>
         <ex>et lor</ex>
         <ex>et pendoit</ex>
         <ex>liementet a</ex>
         <ex>et de
</ex>
         <ex>loinget si</ex>
         <ex>et esperdu</ex>
         <ex>et sanz</ex>
         <ex>et a</ex>
         <ex>et pesanz</ex>
         <ex>pesanzet de</ex>
         <ex>et grant</ex>
         <ex>eet li</ex>
         <ex>et a</ex>
         <ex>ignoret si</ex>
         <ex>et lor</ex>
         <ex>exempleset par</ex>
         <ex>et lor</ex>
         <ex>et faisoit</ex>
         <ex>et autieus</ex>
         <ex>loet </ex>
         <ex>et paien</ex>
         <ex>et cil</ex>
         <ex>orisonset lor</ex>
         <ex>et a</ex>
         <ex>et celebrees.
</ex>
         <ex>et destruire.</ex>
         <ex>pleinet la</ex>
         <ex>et granz</ex>
         <ex>entet se</ex>
         <ex>et li</ex>
         <ex>et destruiz</ex>
         <ex>destruizet que</ex>
         <ex> et sau</ex>
         <ex>celleet a</ex>
         <ex>mostieret la</ex>
         <ex>et en</ex>
         <ex>et a</ex>
         <ex>et descon</ex>
         <ex>et qe</ex>
         <ex>et des</ex>
         <ex>et totes
</ex>
         <ex>et tuit</ex>
         <ex>et en</ex>
         <ex>et espoent</ex>
         <ex>et crurent.</ex>
         <ex>oizet distrent</ex>
         <ex>et aoroit</ex>
         <ex>et croire</ex>
         <ex>et les</ex>
         <ex>et despire.</ex>
         <ex>et en</ex>
         <ex>et sanz
</ex>
         <ex>douteet li</ex>
         <ex>et maumis.</ex>
         <ex>et a</ex>
         <ex>et a</ex>
         <ex>et formee</ex>
         <ex>et bien
</ex>
         <ex>et a</ex>
         <ex>et grant</ex>
         <ex>et ocirre.</ex>
         <ex>et che</ex>
         <ex>exampleset tieus</ex>
         <ex>miracleset par</ex>
         <ex>eritet q</ex>
         <ex>et lor</ex>
         <ex>et depecier.</ex>
         <ex>et tieus</ex>
         <ex>et curer
</ex>
         <ex>et entendre.</ex>
         <ex>membreset si</ex>
         <ex>et si</ex>
         <ex>et entendi</ex>
         <ex>et a</ex>
         <ex>assemblezet pluisors</ex>
         <ex>amoientet a</ex>
         <ex>et entendre</ex>
         <ex>et perist</ex>
         <ex>itet de</ex>
         <ex>et ce</ex>
         <ex>et a</ex>
         <ex>et a</ex>
         <ex>et cil</ex>
         <ex>seleet granz</ex>
         <ex>et atendoient</ex>
         <ex>et sa</ex>
         <ex>et seigna</ex>
         <ex>puceleet tantost</ex>
         <ex>ignoret tuit</ex>
         <ex>droiteet </ex>
         <ex> et curee</ex>
         <ex>et tiesmo</ex>
         <ex>et gre</ex>
         <ex>et sanez.</ex>
         <ex>denzet crioit</ex>
         <ex>et demenoit
</ex>
         <ex>et si</ex>
         <ex>estoitet tant</ex>
         <ex>et si</ex>
         <ex>et tel</ex>
         <ex>presignieret apr</ex>
         <ex>set toz</ex>
         <ex>et par</ex>
         <ex>homeet la</ex>
         <ex>et aguetier</ex>
         <ex>et mout
</ex>
         <ex>et tenist</ex>
         <ex>estoitet entra</ex>
         <ex>dolantet mout
</ex>
         <ex>et ocirre</ex>
         <ex>pooret sanz</ex>
         <ex>et q</ex>
         <ex>fremiret a</ex>
         <ex>et a</ex>
         <ex>et si</ex>
         <ex>et mengue.</ex>
         <ex>chautet tout</ex>
         <ex>dedenzet ne</ex>
         <ex>derrierset de</ex>
         <ex>et molt</ex>
         <ex>esmaieet torblee
</ex>
         <ex>et confondre.</ex>
         <ex>et en</ex>
         <ex>et dist</ex>
         <ex>et en</ex>
         <ex>et escoutoit</ex>
         <ex>deableset li</ex>
         <ex>estoientet fors</ex>
         <ex>et ses</ex>
         <ex>et la</ex>
         <ex>et le
</ex>
         <ex>et bene</ex>
         <ex>et o</ex>
         <ex>et mondez</ex>
         <ex>et en</ex>
         <ex>ignoret au</ex>
         <ex>oezet entendez</ex>
         <ex>et corrompue</ex>
         <ex>qarteineset par</ex>
         <ex>puceleet en</ex>
         <ex>guerieet mondee</ex>
         <ex>et irge.</ex>
         <ex>et bene</ex>
         <ex>oitet la</ex>
         <ex>reeet li
</ex>
         <ex>et si</ex>
         <ex>et re</ex>
         <ex>et del</ex>
         <ex>combrisiezet si</ex>
         <ex>nuitet il</ex>
         <ex>et si</ex>
         <ex>lendemeinet si</ex>
         <ex>et de
</ex>
         <ex>pluiseurset ra</ex>
         <ex>genzet puis</ex>
         <ex>reset le</ex>
         <ex>et il</ex>
         <ex>guerissonset ocioit</ex>
         <ex>et sanz</ex>
         <ex>et dist</ex>
         <ex>et par
</ex>
         <ex>batailleet ce</ex>
         <ex>desfendreet por</ex>
         <ex>mostreeset tante</ex>
         <ex>et grant</ex>
         <ex>et l</ex>
         <ex>meset de</ex>
         <ex>et en
</ex>
         <ex>butet tantost</ex>
         <ex>et enuz</ex>
         <ex>street li</ex>
         <ex>lignieet acompliz</ex>
         <ex>et couce</ex>
         <ex>et el</ex>
         <ex>matet confus</ex>
         <ex>et tel
</ex>
         <ex>et tel</ex>
         <ex>et matin.</ex>
         <ex>et conter</ex>
         <ex>maniereet si</ex>
         <ex>et a</ex>
         <ex>estoientet molt</ex>
         <ex>et cont</ex>
         <ex>et requis.</ex>
         <ex>et destruiz</ex>
         <ex>et qi</ex>
         <ex>et desconfiz</ex>
         <ex>et si</ex>
         <ex>pereoret tant</ex>
         <ex>et tant
</ex>
         <ex>et entendez
</ex>
         <ex>foizet si</ex>
         <ex>et si</ex>
         <ex>et molt</ex>
         <ex>et a</ex>
         <ex>et fere</ex>
         <ex>et tolue
</ex>
         <ex>parleret il</ex>
         <ex>reset si</ex>
         <ex>et cont</ex>
         <ex>mandaet dist</ex>
         <ex>et cerchassent</ex>
         <ex>doleuret ceste</ex>
         <ex>et cerche</ex>
         <ex>et puis</ex>
         <ex>forestet si</ex>
         <ex>ouet qant</ex>
         <ex>et entendre</ex>
         <ex>et qi</ex>
         <ex> et dit</ex>
         <ex>et apa</ex>
         <ex>et de</ex>
         <ex> et ce</ex>
         <ex>et sa</ex>
         <ex>et sa</ex>
         <ex>paroleset si</ex>
         <ex>et deguerpi</ex>
         <ex> et puis</ex>
         <ex>et ses</ex>
         <ex>fezet les</ex>
         <ex>et si</ex>
         <ex>et les</ex>
         <ex>et la</ex>
         <ex>ieet si</ex>
         <ex>et leis</ex>
         <ex>et misericorde.</ex>
         <ex>et entendre</ex>
         <ex>et a</ex>
         <ex>et sermonoit</ex>
         <ex>et sa</ex>
         <ex>apelezet l</ex>
         <ex>oitet t</ex>
         <ex>reset por</ex>
         <ex>ieet tant</ex>
         <ex>et de</ex>
         <ex>et la</ex>
         <ex>et une</ex>
         <ex>demoranceet non</ex>
         <ex>et lor</ex>
         <ex>et si</ex>
         <ex> et en</ex>
         <ex>compaignieet cil
</ex>
         <ex>creanceet par</ex>
         <ex>loet de</ex>
         <ex>et eu</ex>
         <ex>euet portoient
</ex>
         <ex>et de</ex>
         <ex>estoitet qi</ex>
         <ex>et entendi</ex>
         <ex>friret si</ex>
         <ex>luiet par</ex>
         <ex> et entendi</ex>
         <ex>et tra</ex>
         <ex>miseet cele</ex>
         <ex>estueet par</ex>
         <ex>et conisteroiz</ex>
         <ex>elleet si
</ex>
         <ex>et entendre.</ex>
         <ex>et grant
</ex>
         <ex>et la</ex>
         <ex>eoitet mur</ex>
         <ex>autreset me</ex>
         <ex>estueet por</ex>
         <ex>et molt</ex>
         <ex>et molt</ex>
         <ex>iolset taster</ex>
         <ex>zet nepor</ex>
         <ex>et a</ex>
         <ex>et a</ex>
         <ex>pooitet si</ex>
         <ex>et </ex>
         <ex>et a</ex>
         <ex>ienentet de</ex>
         <ex>et eoir</ex>
         <ex>et die</ex>
         <ex>seuset li</ex>
         <ex>maniereet si
</ex>
         <ex>reet corone</ex>
         <ex>pierreset chau</ex>
         <ex>doreeet molt</ex>
         <ex>et de</ex>
         <ex>et de</ex>
         <ex> et por</ex>
         <ex>et si</ex>
         <ex>direet apr</ex>
         <ex>et corone</ex>
         <ex>et en</ex>
         <ex>mortet a</ex>
         <ex>oizet cele</ex>
         <ex>reet la</ex>
         <ex> et dit</ex>
         <ex>neset si</ex>
         <ex>et de</ex>
         <ex>biet raconterai</ex>
         <ex>gieret c</ex>
         <ex>piezet si</ex>
         <ex>et pechi</ex>
         <ex>et de</ex>
         <ex>siecleet qe
</ex>
         <ex>direet i</ex>
         <ex>et dire</ex>
         <ex>direet dont</ex>
         <ex>pluiseurset resuscitoit</ex>
         <ex>morset a</ex>
         <ex>et les
</ex>
         <ex>fuiet qi</ex>
         <ex>et dire.</ex>
         <ex>et por
</ex>
         <ex>set de</ex>
         <ex>et fesoit</ex>
         <ex>et gesir</ex>
         <ex>gesiret si</ex>
         <ex>estoitet oste</ex>
         <ex>et il</ex>
         <ex>et li
</ex>
         <ex>et la</ex>
         <ex>et si
</ex>
         <ex>et une
</ex>
         <ex>estet li</ex>
         <ex>ardoiret a</ex>
         <ex>et destraignoit</ex>
         <ex>et serrez</ex>
         <ex>et si</ex>
         <ex>sonset si</ex>
         <ex>foiet par</ex>
         <ex>desfermeret il
</ex>
         <ex>croizet ses</ex>
         <ex>entendreet sa</ex>
         <ex>definaet lessa</ex>
         <ex>decipleset a</ex>
         <ex>entreet </ex>
         <ex>oientet cha</ex>
         <ex>et men</ex>
         <ex>et si</ex>
         <ex>entet si</ex>
         <ex>et qant
</ex>
         <ex>et les</ex>
         <ex>leuet si</ex>
         <ex>et entendre</ex>
         <ex>et as
</ex>
         <ex>montaigneset li</ex>
         <ex>oitet la</ex>
         <ex>et grant</ex>
         <ex>demeneret se</ex>
         <ex>oizet si</ex>
         <ex>et descon</ex>
         <ex>saufet si</ex>
         <ex>et de</ex>
         <ex>et si</ex>
         <ex>ignoret a</ex>
         <ex>et faire.</ex>
         <ex>et en</ex>
         <ex>et seur</ex>
         <ex>et les</ex>
         <ex>cielet si</ex>
         <ex>et de</ex>
         <ex>lumiereet tot</ex>
         <ex>et tant</ex>
         <ex>indrentet tuit</ex>
         <ex>et as</ex>
         <ex>oieset me</ex>
         <ex>demenoientet com</ex>
         <ex>et assamblez</ex>
         <ex>et emis</ex>
         <ex>reet i</ex>
         <ex>et chantees.</ex>
         <ex>et un
</ex>
         <ex>eageet au</ex>
         <ex>deet si</ex>
         <ex>contet dit.</ex>
         <ex>aet il</ex>
         <ex>deet cil</ex>
         <ex>euset une</ex>
         <ex>oloientet si</ex>
         <ex>neet si</ex>
         <ex>et olons</ex>
         <ex>mondeet parti</ex>
         <ex>iandeset si</ex>
         <ex>onset esleeciez</ex>
         <ex>ertuzet de</ex>
         <ex>et doi</ex>
         <ex>entet nous</ex>
         <ex>deet si</ex>
         <ex>morzet a</ex>
         <ex>et pro</ex>
         <ex>et droiture</ex>
         <ex>et a</ex>
         <ex>loet l</ex>
         <ex>et la
</ex>
         <ex>et li</ex>
         <ex>et distrent</ex>
         <ex>et de</ex>
         <ex>nefet toutes</ex>
         <ex>confuzet repeirierent</ex>
         <ex>et de</ex>
         <ex>et entendue.</ex>
         <ex>et de</ex>
         <ex>et de</ex>
         <ex>et mout</ex>
         <ex>matineset de</ex>
         <ex>et de</ex>
         <ex>oet entendi</ex>
         <ex>et ent</ex>
         <ex>encoreet si</ex>
         <ex>tendreet les</ex>
         <ex>et por</ex>
         <ex>et li
</ex>
         <ex>acreset si</ex>
         <ex>et par
</ex>
         <ex>et entendoit</ex>
         <ex>et la</ex>
         <ex>et si</ex>
         <ex>et e</ex>
         <ex>ieet por</ex>
         <ex>et demeinent</ex>
         <ex> et entendu</ex>
         <ex>et lor</ex>
         <ex>sesiret prendre</ex>
         <ex>et confuz</ex>
         <ex>et tristres.</ex>
         <ex>et l</ex>
         <ex>et puis</ex>
         <ex>et isnielement</ex>
         <ex>et ent</ex>
         <ex>et florie.</ex>
         <ex>et il</ex>
         <ex>et finee</ex>
         <ex>fineeet cil</ex>
         <ex>et ennuiez</ex>
         <ex>troublezet bien</ex>
         <ex>ensambleet mout</ex>
         <ex>et l</ex>
         <ex>preudomet seinz</ex>
         <ex>homet bene</ex>
         <ex>et les</ex>
         <ex>enoientet cui</ex>
         <ex>confonduzet seinte</ex>
         <ex>enforcieet qi</ex>
         <ex>geleset la</ex>
         <ex>irgeset qi</ex>
         <ex>et leesche</ex>
         <ex>et crieres</ex>
         <ex>et regne</ex>
         <ex>homet de</ex>
         <ex> et en</ex>
         <ex>et plus</ex>
         <ex>estudeet molt
</ex>
         <ex>et consomee</ex>
         <ex>et dire</ex>
         <ex>et somee</ex>
         <ex>et toz</ex>
         <ex>et les</ex>
         <ex>et les</ex>
         <ex>et bene</ex>
         <ex>ret por</ex>
         <ex>et metre</ex>
         <ex>et a</ex>
         <ex>antet qant</ex>
         <ex>sarquet puis</ex>
         <ex>et por</ex>
         <ex>dolenzet si</ex>
         <ex>et molt
</ex>
         <ex>et si</ex>
         <ex>esqiet ceste</ex>
         <ex>et li
</ex>
         <ex>et en</ex>
         <ex>et en</ex>
         <ex>et por</ex>
         <ex>elset il</ex>
         <ex>estoitet il</ex>
         <ex>abbeset puis</ex>
         <ex>laet lor</ex>
         <ex>oset por</ex>
         <ex>et tristre</ex>
         <ex>reet li</ex>
         <ex>et li</ex>
         <ex>esqeet les</ex>
         <ex>et les</ex>
         <ex>et cierges</ex>
         <ex>chanteret si</ex>
         <ex>et misent</ex>
         <ex>et assis</ex>
         <ex>nonet la</ex>
         <ex>chanteeet il</ex>
         <ex>set si</ex>
         <ex> et dit</ex>
         <ex>eet qe</ex>
         <ex>autruiet ce</ex>
         <ex>et regne</ex>
         <ex>eet essaucie</ex>
         <ex>essaucieet qe</ex>
         <ex>et </ex>
         <ex> et en</ex>
         <ex>et nessent.</ex>
         <ex> et la</ex>
         <ex> et de</ex>
         <ex>contreeet mout</ex>
         <ex>oiret de</ex>
         <ex>et de</ex>
         <ex>et de
</ex>
         <ex>et cremoit</ex>
         <ex>et mout</ex>
         <ex>euet ser</ex>
         <ex>et de</ex>
         <ex>set so</ex>
         <ex>et dont</ex>
         <ex>et les</ex>
         <ex>eset les</ex>
         <ex>et les</ex>
         <ex>mengiet il</ex>
         <ex>et si
</ex>
         <ex>et e</ex>
         <ex>et en</ex>
         <ex>et chas</ex>
         <ex> et si
</ex>
         <ex>et si</ex>
         <ex>et mon</ex>
         <ex>contet dit</ex>
         <ex> et </ex>
         <ex>et mi</ex>
         <ex>sericorset qi</ex>
         <ex>et ape</ex>
         <ex>et entendre.</ex>
         <ex>et droiture.</ex>
         <ex>pereset la</ex>
         <ex>et le</ex>
         <ex>et amenda</ex>
         <ex>et la</ex>
         <ex>et par</ex>
         <ex>et rectori</ex>
         <ex>et di</ex>
         <ex>enfeset bien</ex>
         <ex>et ama</ex>
         <ex>reatouret son</ex>
         <ex>et entendans</ex>
         <ex>femeet si</ex>
         <ex>filet si</ex>
         <ex>oieet m</ex>
         <ex>esleeceet l</ex>
         <ex>et les</ex>
         <ex>estoitet furent</ex>
         <ex>mostieret menez</ex>
         <ex>et en</ex>
         <ex>et g</ex>
         <ex>et sa
</ex>
         <ex> et de</ex>
         <ex>et de</ex>
         <ex>et une</ex>
         <ex>et si
</ex>
         <ex>gardezet nostre
</ex>
         <ex>et retint.</ex>
         <ex>et argent</ex>
         <ex>plotet se</ex>
         <ex>et fors
</ex>
         <ex>saleet ala</ex>
         <ex>dedenzet na</ex>
         <ex>citet ala</ex>
         <ex>et si</ex>
         <ex>et dona</ex>
         <ex>et a</ex>
         <ex>reset le</ex>
         <ex>et dona</ex>
         <ex>ignoret dont</ex>
         <ex>aumosneset ce</ex>
         <ex>penseeet estoit</ex>
         <ex>et en</ex>
         <ex>et en</ex>
         <ex> et dit</ex>
         <ex>et demanda
</ex>
         <ex>ilet si</ex>
         <ex>et si</ex>
         <ex>et misericors
</ex>
         <ex>et secorables.</ex>
         <ex>et di</ex>
         <ex>direet gisoit
</ex>
         <ex>et disoit</ex>
         <ex>ignoret en</ex>
         <ex>ignoret li</ex>
         <ex>luiet la</ex>
         <ex>ditet parl</ex>
         <ex>celuiet cil</ex>
         <ex>et proia
</ex>
         <ex>demostrastet ensignast
</ex>
         <ex>misericordeet nostre</ex>
         <ex>eglisseet puis</ex>
         <ex>estoitet de</ex>
         <ex>et dist</ex>
         <ex>et pleinz
</ex>
         <ex>paroleset li</ex>
         <ex>et amener</ex>
         <ex>et sot</ex>
         <ex>et depueplez</ex>
         <ex>contreeet par</ex>
         <ex>et li</ex>
         <ex>et se</ex>
         <ex>portet tant</ex>
         <ex>terreet si</ex>
         <ex>empereoret ensemble</ex>
         <ex>luiet si</ex>
         <ex>et piti</ex>
         <ex>et misericor</ex>
         <ex>et besoigneus</ex>
         <ex>et si</ex>
         <ex>et done</ex>
         <ex>ieet si</ex>
         <ex>et oelle</ex>
         <ex>et raemplir</ex>
         <ex>et si</ex>
         <ex>et li</ex>
         <ex>et si</ex>
         <ex>et istrai</ex>
         <ex>oieet si</ex>
         <ex>maniereet si</ex>
         <ex>et men</ex>
         <ex>et dire</ex>
         <ex>et menoit</ex>
         <ex>et si</ex>
         <ex>et par
</ex>
         <ex>et atendrai</ex>
         <ex>et l</ex>
         <ex>et menoit</ex>
         <ex>entet qi</ex>
         <ex>anuizet de</ex>
         <ex>et les</ex>
         <ex>et le</ex>
         <ex>et sa</ex>
         <ex>et en</ex>
         <ex>et ceste</ex>
         <ex>et metre</ex>
         <ex>et departir</ex>
         <ex>et enque</ex>
         <ex>et pene</ex>
         <ex>ieet ment</ex>
         <ex>et esploiti</ex>
         <ex>esploitiet coment</ex>
         <ex>et coment</ex>
         <ex>oret la</ex>
         <ex>et de</ex>
         <ex>et la</ex>
         <ex>et li</ex>
         <ex>eilliezet qi</ex>
         <ex>esteset e</ex>
         <ex>et assoa</ex>
         <ex>et s</ex>
         <ex>et en</ex>
         <ex>euet si</ex>
         <ex>remestet trespassa</ex>
         <ex>et li</ex>
         <ex>et tuit</ex>
         <ex>maladeset rendoit</ex>
         <ex>et nuit</ex>
         <ex>et loenges</ex>
         <ex>loengeset li</ex>
         <ex>et pardon</ex>
         <ex>pechiezet qu</ex>
         <ex>ameet li
</ex>
         <ex>oieet a</ex>
         <ex>empereoret li
</ex>
         <ex>et enseignie.</ex>
         <ex>eet si</ex>
         <ex> et si</ex>
         <ex>et la</ex>
         <ex>signorieet si</ex>
         <ex>et dist</ex>
         <ex>et por</ex>
         <ex>et embraser</ex>
         <ex>et si</ex>
         <ex>et qieus</ex>
         <ex>et de</ex>
         <ex>eoitet qe</ex>
         <ex>et grant</ex>
         <ex>orissonset en
</ex>
         <ex>gaboientet assailloient</ex>
         <ex>et il
</ex>
         <ex>et trespassez</ex>
         <ex>et aussint</ex>
         <ex>resplendissanzet en</ex>
         <ex>et lire</ex>
         <ex>et si</ex>
         <ex>mesonet ore</ex>
         <ex>morzet tenoit</ex>
         <ex>richementet si</ex>
         <ex>tet ensemble</ex>
         <ex>et tuit</ex>
         <ex>omeet granz</ex>
         <ex>pereorset ci</ex>
         <ex>et q</ex>
         <ex>meinet lor</ex>
         <ex>et li</ex>
         <ex>et esponst</ex>
         <ex>reset si</ex>
         <ex>euset se</ex>
         <ex>plorantet criant</ex>
         <ex>et si
</ex>
         <ex>eet quel
</ex>
         <ex>pasmaet de</ex>
         <ex>et sostenue.</ex>
         <ex>descireret a</ex>
         <ex>eneorset ses
</ex>
         <ex>forseneeet regardoit
</ex>
         <ex>et a</ex>
         <ex>et cui</ex>
         <ex>et redemenoit</ex>
         <ex>oiset si</ex>
         <ex>et toutes</ex>
         <ex>et plorez</ex>
         <ex>et demenez</ex>
         <ex>et disoit</ex>
         <ex>et moi</ex>
         <ex>oset si</ex>
         <ex>et confortoient
</ex>
         <ex>et ploroit</ex>
         <ex>et a</ex>
         <ex>et si
</ex>
         <ex>et la</ex>
         <ex>et esmer</ex>
         <ex>et si</ex>
         <ex>et a</ex>
         <ex>mereet a</ex>
         <ex>citet si</ex>
         <ex>et dire</ex>
         <ex> et cil</ex>
         <ex>maladieset languereus</ex>
         <ex>et ooient</ex>
         <ex> et  </ex>
         <ex>et argent</ex>
         <ex>reet la</ex>
         <ex>et li</ex>
         <ex>et a</ex>
         <ex>et loenges</ex>
         <ex> et d</ex>
         <ex>et d</ex>
         <ex>tet de</ex>
         <ex>et mistrent</ex>
         <ex>et fet</ex>
         <ex> et </ex>
         <ex>mentet par</ex>
         <ex>atentet qi</ex>
         <ex>zet a</ex>
         <ex>eslongentet ser</ex>
         <ex>et pai</ex>
         <ex>irontet a</ex>
         <ex>et o</ex>
         <ex>et o</ex>
         <ex>et o</ex>
         <ex>et en</ex>
         <ex>tendreet la</ex>
         <ex>et regne</ex>
         <ex>entendieet o</ex>
         <ex>racontentet dient
</ex>
         <ex>et les</ex>
         <ex>et por</ex>
         <ex>et qi</ex>
         <ex>et sa</ex>
         <ex>et andui</ex>
         <ex>et ser</ex>
         <ex>et amer</ex>
         <ex>escoleet li</ex>
         <ex>et del</ex>
         <ex>gieet si</ex>
         <ex>et misericorde</ex>
         <ex>et oieus</ex>
         <ex>et l</ex>
         <ex>et sa</ex>
         <ex>et sa</ex>
         <ex>morurentet de</ex>
         <ex> et dona</ex>
         <ex>et en</ex>
         <ex>celuiet lors</ex>
         <ex> et par</ex>
         <ex>et gueriz.</ex>
         <ex>et muiant</ex>
         <ex>muiantet cil</ex>
         <ex>oientet li</ex>
         <ex>conselet a</ex>
         <ex>deet il</ex>
         <ex>metezet secoroit</ex>
         <ex>et esparse</ex>
         <ex>et sa</ex>
         <ex>contreeet trespasse</ex>
         <ex>et menroit</ex>
         <ex>et en</ex>
         <ex>et cil</ex>
         <ex> et deli</ex>
         <ex>estoitet por</ex>
         <ex>et q</ex>
         <ex>et pooir.</ex>
         <ex>piezet si
</ex>
         <ex>estionset qi</ex>
         <ex>corset amenisterrons</ex>
         <ex>liezet bene</ex>
         <ex>ignoret rendi</ex>
         <ex>et a</ex>
         <ex>et ses
</ex>
         <ex>liezet heitiez</ex>
         <ex>et li</ex>
         <ex>et droituriers</ex>
         <ex>et mis</ex>
         <ex>et nuiz</ex>
         <ex>et a</ex>
         <ex>et autres</ex>
         <ex>feteet qant</ex>
         <ex> et quel</ex>
         <ex>et escu</ex>
         <ex>et d</ex>
         <ex>et de</ex>
         <ex>et ni</ex>
         <ex>ieet puis</ex>
         <ex>et apr</ex>
         <ex>et l</ex>
         <ex>et puis</ex>
         <ex>entet alerent</ex>
         <ex>et menoit</ex>
         <ex>homeet por
</ex>
         <ex>et herber</ex>
         <ex>et donees</ex>
         <ex>et sanee</ex>
         <ex>et tant</ex>
         <ex>esqeset il</ex>
         <ex>et si</ex>
         <ex>luiet 
</ex>
         <ex>enerationet li</ex>
         <ex>esqeet qant</ex>
         <ex>et por</ex>
         <ex>et misericorz</ex>
         <ex>et par</ex>
         <ex>et bien
</ex>
         <ex>et alez</ex>
         <ex>et ostas</ex>
         <ex>et qi</ex>
         <ex>et molt</ex>
         <ex>plorantet tant</ex>
         <ex>et de</ex>
         <ex>ageet si
</ex>
         <ex>et pure</ex>
         <ex>et ren</ex>
         <ex>et atornee</ex>
         <ex>et de</ex>
         <ex>et meintenant</ex>
         <ex>et plus</ex>
         <ex>et comencie</ex>
         <ex>eet ele
</ex>
         <ex>et d</ex>
         <ex>et le</ex>
         <ex>et les</ex>
         <ex>orset si</ex>
         <ex>et la</ex>
         <ex>et ge</ex>
         <ex>et de</ex>
         <ex>ignoret si</ex>
         <ex>apaisastet si</ex>
         <ex>acostumeeet tuit</ex>
         <ex>et ne</ex>
         <ex>et dis</ex>
         <ex>et li
</ex>
         <ex>et de</ex>
         <ex>et de</ex>
         <ex>et por
</ex>
         <ex>fereet ele</ex>
         <ex>et bien</ex>
         <ex>et li</ex>
         <ex>et li</ex>
         <ex>reposteet aombree</ex>
         <ex>boiset de</ex>
         <ex>et a</ex>
         <ex>et plai</ex>
         <ex>et ses</ex>
         <ex> et en
</ex>
         <ex>et li</ex>
         <ex> et il</ex>
         <ex>estoitet de</ex>
         <ex>contreeet por</ex>
         <ex>et qi</ex>
         <ex> et na</ex>
         <ex>et le</ex>
         <ex>et l</ex>
         <ex>enet coment</ex>
         <ex>roiset li</ex>
         <ex>piezet si</ex>
         <ex>mesfetet si</ex>
         <ex>et despenses</ex>
         <ex>pardonastet si</ex>
         <ex>et li</ex>
         <ex>orissonset apr</ex>
         <ex>et por</ex>
         <ex>paroleset si</ex>
         <ex>et oloit
</ex>
         <ex>et granz</ex>
         <ex>et qi</ex>
         <ex>et or.</ex>
         <ex>paistreset go</ex>
         <ex>et par</ex>
         <ex>et par</ex>
         <ex>apostreet l</ex>
         <ex>et en</ex>
         <ex>et en</ex>
         <ex>et seint</ex>
         <ex>et a</ex>
         <ex>aet li</ex>
         <ex>terreet por</ex>
         <ex>et do</ex>
         <ex>moineset de</ex>
         <ex>regneet meesmement</ex>
         <ex>et par</ex>
         <ex>et par
</ex>
         <ex>et qu</ex>
         <ex>et mena
</ex>
         <ex>et par</ex>
         <ex>et ho</ex>
         <ex>luiet la</ex>
         <ex>et si</ex>
         <ex>et manda</ex>
         <ex>choseset tant</ex>
         <ex>et si</ex>
         <ex>et de</ex>
         <ex>et si</ex>
         <ex>et heiti</ex>
         <ex>racontezet si</ex>
         <ex>et de</ex>
         <ex>et de</ex>
         <ex>cleset del</ex>
         <ex>et il</ex>
         <ex>fetet q</ex>
         <ex>solementet le</ex>
         <ex>deguerpissoitet au</ex>
         <ex>et le</ex>
         <ex>piezet si</ex>
         <ex>proiereet li</ex>
         <ex>eet il</ex>
         <ex>et tel</ex>
         <ex> et de</ex>
         <ex>apostreset por</ex>
         <ex>apostoileet si</ex>
         <ex>graceset si</ex>
         <ex>et puis</ex>
         <ex>et si</ex>
         <ex>et por</ex>
         <ex>et dist</ex>
         <ex>meret qi</ex>
         <ex>et par</ex>
         <ex>et par</ex>
         <ex>et sanz</ex>
         <ex>et metre</ex>
         <ex> et por
</ex>
         <ex>et en</ex>
         <ex>et en</ex>
         <ex>tenset il</ex>
         <ex>et or</ex>
         <ex>finet il</ex>
         <ex>et dist</ex>
         <ex>espiritueuset si</ex>
         <ex>et ala</ex>
         <ex> et deguerpi</ex>
         <ex>siecleet re</ex>
         <ex>et la
</ex>
         <ex>et requerons</ex>
         <ex>et secorre</ex>
         <ex>et le</ex>
         <ex>et regne</ex>
         <ex>et enten</ex>
         <ex>et croit</ex>
         <ex>et les</ex>
         <ex>et droiture</ex>
         <ex>et che</ex>
         <ex>et puceles
</ex>
         <ex>et dire</ex>
         <ex>et pueplee</ex>
         <ex>et la</ex>
         <ex>et les
</ex>
         <ex>richesceset de</ex>
         <ex>et de</ex>
         <ex>et lor</ex>
         <ex>proiereset si</ex>
         <ex>et la</ex>
         <ex>et le</ex>
         <ex>foieet atant</ex>
         <ex>et il</ex>
         <ex>et sa</ex>
         <ex>seet si</ex>
         <ex>et retenoit</ex>
         <ex>et dire</ex>
         <ex>et de</ex>
         <ex>et tant</ex>
         <ex>et sa</ex>
         <ex>et lor
</ex>
         <ex>et conseillier</ex>
         <ex>et puce</ex>
         <ex>et cui</ex>
         <ex>et sostenoient.</ex>
         <ex>et po</ex>
         <ex>ilet eles</ex>
         <ex>pechiet de</ex>
         <ex>chemiseet ala</ex>
         <ex>coiementet pui</ex>
         <ex>et lez</ex>
         <ex>et si</ex>
         <ex>et establies</ex>
         <ex>et qi</ex>
         <ex>et qe</ex>
         <ex>homeset qe</ex>
         <ex>et disoit</ex>
         <ex>gardaet it</ex>
         <ex>et a</ex>
         <ex>toiet si</ex>
         <ex>et humles
</ex>
         <ex>et si</ex>
         <ex>rendueet si
</ex>
         <ex>et donoit</ex>
         <ex>et or</ex>
         <ex>et nuit</ex>
         <ex>et de
</ex>
         <ex> et de</ex>
         <ex>et a</ex>
         <ex>et cont</ex>
         <ex>contet li</ex>
         <ex>et son</ex>
         <ex>homet religieus</ex>
         <ex>religieuset a</ex>
         <ex> et li</ex>
         <ex>eslectionet proierent</ex>
         <ex>et a</ex>
         <ex>et a</ex>
         <ex>et clers</ex>
         <ex>et en</ex>
         <ex>et ensignier</ex>
         <ex>puepleet l</ex>
         <ex>amonestet proierent</ex>
         <ex>eschiet ententis</ex>
         <ex>forset s</ex>
         <ex>glisseet celui</ex>
         <ex>et si</ex>
         <ex>esqeet si</ex>
         <ex>oet si</ex>
         <ex>et en</ex>
         <ex>orissonset il</ex>
         <ex>fistet a</ex>
         <ex>oiastet si</ex>
         <ex>pristet si</ex>
         <ex>et dous
</ex>
         <ex>chiefet si</ex>
         <ex>et si</ex>
         <ex>oieet nostre</ex>
         <ex>et a</ex>
         <ex>donet dont</ex>
         <ex>et l</ex>
         <ex>chaereet l</ex>
         <ex>et costume</ex>
         <ex>durementet bien</ex>
         <ex>et de</ex>
         <ex>charitet cele
</ex>
         <ex>et amegrissoit</ex>
         <ex>euneset si</ex>
         <ex> et eschi</ex>
         <ex>et sa</ex>
         <ex>et les</ex>
         <ex>et ra</ex>
         <ex>renomeeet partout</ex>
         <ex>et li</ex>
         <ex>et li
</ex>
         <ex>puissanzet li</ex>
         <ex>et prees</ex>
         <ex>donet li</ex>
         <ex>tenset ie</ex>
         <ex>conteret dire.</ex>
         <ex>felonieet e</ex>
         <ex>esforciezet les</ex>
         <ex>et par</ex>
         <ex>et e</ex>
         <ex>et granz</ex>
         <ex>ieet lor</ex>
         <ex>et lor</ex>
         <ex>et lor
</ex>
         <ex>rompueset lor
</ex>
         <ex>et si</ex>
         <ex>et a</ex>
         <ex>euet a</ex>
         <ex>homeet ce</ex>
         <ex>et as
</ex>
         <ex>et la</ex>
         <ex>eet eus</ex>
         <ex>ignoret loant</ex>
         <ex>estoitet l</ex>
         <ex>estoitet tantost</ex>
         <ex>secorset a</ex>
         <ex>et distrent</ex>
         <ex>respondiet dist</ex>
         <ex>et par</ex>
         <ex>foiet par</ex>
         <ex>et de</ex>
         <ex>et de</ex>
         <ex> et secoruz</ex>
         <ex>terreet en</ex>
         <ex>aet si</ex>
         <ex>et aidast</ex>
         <ex>et secorust.</ex>
         <ex>det aloient</ex>
         <ex>nefet a</ex>
         <ex>et ses</ex>
         <ex>contreeet bien</ex>
         <ex>ancreset li</ex>
         <ex>bonset droituriers</ex>
         <ex>portet dont</ex>
         <ex>eillierentet neqedent</ex>
         <ex>empereoret lors</ex>
         <ex>ensambleet rendirent
</ex>
         <ex>et qu</ex>
         <ex>et sa</ex>
         <ex>autreet en</ex>
         <ex>et repleniez.</ex>
         <ex>seneet os</ex>
         <ex>et o</ex>
         <ex>et encore</ex>
         <ex>et eraie
</ex>
         <ex>et d</ex>
         <ex>aoroientet en</ex>
         <ex>fianceet la</ex>
         <ex>creanceet le</ex>
         <ex>et debrissa</ex>
         <ex>et en</ex>
         <ex>et est</ex>
         <ex>et engigne</ex>
         <ex>aet e</ex>
         <ex>et en</ex>
         <ex>reet li</ex>
         <ex>et debonaires</ex>
         <ex>et entr</ex>
         <ex>euset dist</ex>
         <ex>oreet qe</ex>
         <ex>ditet li</ex>
         <ex>et por</ex>
         <ex>et mand</ex>
         <ex>et arstrent</ex>
         <ex>elleet la</ex>
         <ex>oet a</ex>
         <ex>et de</ex>
         <ex>aleeet li</ex>
         <ex>et loenges</ex>
         <ex>costumeet puis</ex>
         <ex>et doctri</ex>
         <ex>reset so</ex>
         <ex>et de</ex>
         <ex>et doctrinez</ex>
         <ex>beneet puis</ex>
         <ex>et hetiez
</ex>
         <ex>eoret le</ex>
         <ex>et l</ex>
         <ex>autreet le</ex>
         <ex>neset genz</ex>
         <ex>euset alassent
</ex>
         <ex>et ser</ex>
         <ex>et iandes</ex>
         <ex>et tout</ex>
         <ex>mazet li</ex>
         <ex>meret il</ex>
         <ex>granzet orible</ex>
         <ex>terreet pristrent</ex>
         <ex>costumeet lor</ex>
         <ex>reet alerent</ex>
         <ex>et d</ex>
         <ex>et marchi</ex>
         <ex>marchiet grant</ex>
         <ex>et la</ex>
         <ex>et adont</ex>
         <ex>et si</ex>
         <ex>oset de</ex>
         <ex>et si</ex>
         <ex>et qi</ex>
         <ex>et sa</ex>
         <ex>otroierentet si</ex>
         <ex>uneet de</ex>
         <ex> et li</ex>
         <ex>et </ex>
         <ex>et homes</ex>
         <ex>luiet si</ex>
         <ex>ocirreet por</ex>
         <ex>et a</ex>
         <ex>et a</ex>
         <ex>et espris</ex>
         <ex>et eus</ex>
         <ex>et si</ex>
         <ex> et </ex>
         <ex>laet qant</ex>
         <ex>et a</ex>
         <ex>reet cil</ex>
         <ex>traiteset apareilliez</ex>
         <ex>toliet si</ex>
         <ex>et puissanz</ex>
         <ex>et granz</ex>
         <ex>et por</ex>
         <ex> et seur</ex>
         <ex>luiet li</ex>
         <ex>pooiret qi</ex>
         <ex>et entenz</ex>
         <ex>et celi</ex>
         <ex>et si</ex>
         <ex>et corroces</ex>
         <ex> et </ex>
         <ex>et si</ex>
         <ex>et de</ex>
         <ex>destruizet si</ex>
         <ex>et d</ex>
         <ex>esteret si</ex>
         <ex>doucementet si</ex>
         <ex>amoret 
</ex>
         <ex>ageet alerent</ex>
         <ex>aleret firent</ex>
         <ex>pereoret les</ex>
         <ex>et bo</ex>
         <ex>oiset damoi</ex>
         <ex>et les</ex>
         <ex>et de</ex>
         <ex>et quist</ex>
         <ex>et en</ex>
         <ex>ieet q</ex>
         <ex>et regarz</ex>
         <ex>entet qe</ex>
         <ex>sonet mortel</ex>
         <ex>bienet cil</ex>
         <ex>et argent</ex>
         <ex>oloiret a</ex>
         <ex>et d</ex>
         <ex>et si</ex>
         <ex>et conta
</ex>
         <ex>certeinementet sanz</ex>
         <ex>oset si
</ex>
         <ex>et qie</ex>
         <ex>et amis
</ex>
         <ex>et ous</ex>
         <ex>et entendue</ex>
         <ex>et dite.</ex>
         <ex>oet entendi</ex>
         <ex>et a</ex>
         <ex>et si</ex>
         <ex>et distrent</ex>
         <ex>et semons</ex>
         <ex>semonset si</ex>
         <ex>et aemplir</ex>
         <ex>forcieret si</ex>
         <ex>et mestiers</ex>
         <ex>peset si</ex>
         <ex>et si</ex>
         <ex>et sanz</ex>
         <ex>chartreet si</ex>
         <ex>bienet si</ex>
         <ex>homet pleins
</ex>
         <ex>treet si</ex>
         <ex>princeset si</ex>
         <ex>reret si</ex>
         <ex>espoentezet comencierent</ex>
         <ex>et a</ex>
         <ex>et lor</ex>
         <ex>detraireet a</ex>
         <ex>reset si</ex>
         <ex>et disoient</ex>
         <ex>et ceste</ex>
         <ex>et sanz</ex>
         <ex>et sanz</ex>
         <ex>grantet ne</ex>
         <ex>et plor</ex>
         <ex>et puis</ex>
         <ex>periret re</ex>
         <ex>et deli</ex>
         <ex>deet s</ex>
         <ex> et si</ex>
         <ex>aussintet si</ex>
         <ex>et besier
</ex>
         <ex>pitiet la</ex>
         <ex>et a</ex>
         <ex>et ne</ex>
         <ex>misericordeet ne</ex>
         <ex>ieet nostre</ex>
         <ex>litet li</ex>
         <ex>et si</ex>
         <ex>prissonet por</ex>
         <ex>et si</ex>
         <ex>ret se</ex>
         <ex>geet q</ex>
         <ex>ociset qe</ex>
         <ex>et as</ex>
         <ex>et de</ex>
         <ex>set tieus</ex>
         <ex>tiet ala
</ex>
         <ex>et perduz</ex>
         <ex>chartreet se</ex>
         <ex>mpereoret si</ex>
         <ex>et soit</ex>
         <ex>erset ta</ex>
         <ex>et li</ex>
         <ex>espoentezet manda</ex>
         <ex>et ses</ex>
         <ex>baronset si</ex>
         <ex>semblantet si</ex>
         <ex>et par
</ex>
         <ex>et espoen</ex>
         <ex>et respondi</ex>
         <ex>et si</ex>
         <ex>aprendreet bien</ex>
         <ex>et si</ex>
         <ex>ssentet si</ex>
         <ex>et de</ex>
         <ex>lignieet se</ex>
         <ex>et si</ex>
         <ex>et qe</ex>
         <ex>et nos</ex>
         <ex>deet si</ex>
         <ex>et entendus</ex>
         <ex>terreset ensus
</ex>
         <ex>distet puis</ex>
         <ex>estoitet de</ex>
         <ex>bontet si</ex>
         <ex>conteret dire</ex>
         <ex>et por</ex>
         <ex> et retraire</ex>
         <ex>et si</ex>
         <ex>et si</ex>
         <ex>et a</ex>
         <ex>rezet si
</ex>
         <ex>et essiaus</ex>
         <ex>et aornez</ex>
         <ex>eet q</ex>
         <ex>deraet si</ex>
         <ex>oioitet tant</ex>
         <ex>besieret por</ex>
         <ex>et si</ex>
         <ex>ceet autres</ex>
         <ex>estoitet si</ex>
         <ex>oioitet les</ex>
         <ex>cielet si</ex>
         <ex>et esmer</ex>
         <ex>et nule</ex>
         <ex>choseset tu</ex>
         <ex>et a</ex>
         <ex>et des
</ex>
         <ex>scritureset qu</ex>
         <ex>et as</ex>
         <ex>loantet bene</ex>
         <ex>itet regne</ex>
         <ex>geleet la</ex>
         <ex>corset le</ex>
         <ex>boucheet tantost</ex>
         <ex>et sa
</ex>
         <ex>et .</ex>
         <ex>adonqeset qant</ex>
         <ex>et si</ex>
         <ex>et tra</ex>
         <ex>celiet tantost</ex>
         <ex>ignoret la</ex>
         <ex>et </ex>
         <ex>euet sa
</ex>
         <ex>et la
</ex>
         <ex>nonet si</ex>
         <ex>et si</ex>
         <ex>et ait</ex>
         <ex>et par</ex>
         <ex>et les</ex>
         <ex>membreset pui</ex>
         <ex>ignoret tantost</ex>
         <ex>sanezet si</ex>
         <ex>et graciant</ex>
         <ex>et tro</ex>
         <ex>et d</ex>
         <ex>et pleines</ex>
         <ex>et a</ex>
         <ex>homeet si</ex>
         <ex>estet a</ex>
         <ex>et deli</ex>
         <ex>et haitiez</ex>
         <ex>et reclamez
</ex>
         <ex>miracleset d</ex>
         <ex>ieet ala</ex>
         <ex>tet si</ex>
         <ex>et si</ex>
         <ex>croizet puis</ex>
         <ex>et eripe</ex>
         <ex>tuamet sal</ex>
         <ex>protectoremet in</ex>
         <ex> et </ex>
         <ex>et 
</ex>
         <ex>et de
</ex>
         <ex>et si</ex>
         <ex>et eslee</ex>
         <ex>et li</ex>
         <ex>et de</ex>
         <ex>et desciroient</ex>
         <ex>et le</ex>
         <ex>et o</ex>
         <ex>eneet si</ex>
         <ex>esqeset cil</ex>
         <ex>corset si</ex>
         <ex>et co</ex>
         <ex>et li</ex>
         <ex>et par</ex>
         <ex>et molt
</ex>
         <ex>miracleet fet</ex>
         <ex>deset adonc</ex>
         <ex>et no</ex>
         <ex>et amoit</ex>
         <ex>et anz
</ex>
         <ex>oitet qe</ex>
         <ex>passionet </ex>
         <ex>elizet enfo</ex>
         <ex>eglisseet si</ex>
         <ex>tureet haute</ex>
         <ex> et esgard</ex>
         <ex>et l</ex>
         <ex> et de</ex>
         <ex>ret de</ex>
         <ex>ret de</ex>
         <ex>deet de</ex>
         <ex>et q</ex>
         <ex>liquieuret d</ex>
         <ex>ditet fet
</ex>
         <ex>et muz</ex>
         <ex>et der</ex>
         <ex>et envoiez</ex>
         <ex>uileet la</ex>
         <ex>et mis</ex>
         <ex>et en</ex>
         <ex>et li</ex>
         <ex>et entendre</ex>
         <ex>et acrut</ex>
         <ex>pluset plus</ex>
         <ex>loinget pres</ex>
         <ex>et des</ex>
         <ex> et qe</ex>
         <ex>genzet de</ex>
         <ex>anet la</ex>
         <ex>confessoret puis</ex>
         <ex>et molt</ex>
         <ex>rieret si</ex>
         <ex>et comen</ex>
         <ex>oeeet comen</ex>
         <ex>ret dont</ex>
         <ex>et la</ex>
         <ex>resgardaet si</ex>
         <ex>reet loa</ex>
         <ex> et celui</ex>
         <ex> et si
</ex>
         <ex>et les</ex>
         <ex>luiet puis
</ex>
         <ex>estet droiture</ex>
         <ex> et a</ex>
         <ex>homeet li</ex>
         <ex>charchiet les
</ex>
         <ex>et les</ex>
         <ex>et fist</ex>
         <ex>et besoinz.</ex>
         <ex>et sa</ex>
         <ex>et ses</ex>
         <ex>et ses
</ex>
         <ex>zet assez</ex>
         <ex>mesnieet puis</ex>
         <ex>et isnie</ex>
         <ex>et droiturier.</ex>
         <ex>et sa</ex>
         <ex>et che</ex>
         <ex>et ses</ex>
         <ex>leet por</ex>
         <ex>meret la</ex>
         <ex>et de
</ex>
         <ex>et son</ex>
         <ex>et perderont</ex>
         <ex>aet plus</ex>
         <ex>perduet la</ex>
         <ex>et toute</ex>
         <ex>et demenerent</ex>
         <ex>et del</ex>
         <ex>et sa</ex>
         <ex>signeuret si</ex>
         <ex>autelet si</ex>
         <ex>et raconta</ex>
         <ex>oitiseet coment</ex>
         <ex>et son</ex>
         <ex>et la</ex>
         <ex>et tuit</ex>
         <ex>oieet rendirent</ex>
         <ex>et loenges
</ex>
         <ex>et a</ex>
         <ex>et si</ex>
         <ex>oeeet puis</ex>
         <ex>meret si</ex>
         <ex>brazet port</ex>
         <ex>ageet li</ex>
         <ex>et puis</ex>
         <ex>et autres</ex>
         <ex>oieet si</ex>
         <ex>et le</ex>
         <ex>et li</ex>
         <ex>et a</ex>
         <ex>et oianz</ex>
         <ex>et a</ex>
         <ex>reset si
</ex>
         <ex>et par</ex>
         <ex>garderet par</ex>
         <ex>nieret rele</ex>
         <ex>homet q</ex>
         <ex>racleet por</ex>
         <ex>euet ses</ex>
         <ex>autelet si</ex>
         <ex>gageset </ex>
         <ex>et par</ex>
         <ex>et si</ex>
         <ex>respitet il</ex>
         <ex> et olentiers.</ex>
         <ex>faiteet li</ex>
         <ex>oitet si</ex>
         <ex>et pa</ex>
         <ex>et autres</ex>
         <ex>et si</ex>
         <ex>et pai</ex>
         <ex>et as</ex>
         <ex>et dist</ex>
         <ex>et par</ex>
         <ex>crestienet si</ex>
         <ex>et si</ex>
         <ex>creoitet </ex>
         <ex>et cre</ex>
         <ex>creet q</ex>
         <ex>et </ex>
         <ex>et re</ex>
         <ex>et autres</ex>
         <ex>et autres</ex>
         <ex>breet le</ex>
         <ex>eglisseet por</ex>
         <ex> et le</ex>
         <ex>boisdieet por</ex>
         <ex>et desco</ex>
         <ex>et ale</ex>
         <ex>autelet si</ex>
         <ex>et trest
</ex>
         <ex>oieet li</ex>
         <ex>oieet si</ex>
         <ex>entureet tant
</ex>
         <ex>crestienet si</ex>
         <ex> et si</ex>
         <ex>et defrois</ex>
         <ex>et bien</ex>
         <ex>et a</ex>
         <ex>parzet li</ex>
         <ex>intet si</ex>
         <ex>et prist</ex>
         <ex>et nurent</ex>
         <ex> et dece</ex>
         <ex>et qant</ex>
         <ex>toiet tres</ex>
         <ex>eet ho</ex>
         <ex>et ami</ex>
         <ex>boisiezet qe</ex>
         <ex>deserteet se</ex>
         <ex>et tote</ex>
         <ex>mesnieet toz
</ex>
         <ex>et hei</ex>
         <ex>et ala</ex>
         <ex>autelet si</ex>
         <ex>coupableset puis</ex>
         <ex>mentet si</ex>
         <ex>et tote
</ex>
         <ex>et honora</ex>
         <ex>tet mon</ex>
         <ex>ret sa</ex>
         <ex>et aempli</ex>
         <ex>et sa</ex>
         <ex>et regne
</ex>
         <ex>det si</ex>
         <ex>et ardoir</ex>
         <ex>et la</ex>
         <ex>et de</ex>
         <ex> et esgardee.</ex>
         <ex>nerentet si</ex>
         <ex>plorantet distrent</ex>
         <ex>et au</ex>
         <ex>et par</ex>
         <ex>et a</ex>
         <ex>oirset proies.</ex>
         <ex>et sa</ex>
         <ex>et d</ex>
         <ex>et de</ex>
         <ex>et sa</ex>
         <ex>richesceet puis</ex>
         <ex>et si</ex>
         <ex>changeet si</ex>
         <ex>et si</ex>
         <ex>et lessa</ex>
         <ex>endroientet pr</ex>
         <ex>et l</ex>
         <ex>et les</ex>
         <ex>et entendez</ex>
         <ex>et pree</ex>
         <ex>ploreret grant</ex>
         <ex>et qui</ex>
         <ex>et si</ex>
         <ex>et de</ex>
         <ex>et prisses</ex>
         <ex>arrazinet lors</ex>
         <ex>et si</ex>
         <ex>et chetif</ex>
         <ex>et ceste
</ex>
         <ex>et tolistes</ex>
         <ex>et autres</ex>
         <ex>et combien</ex>
         <ex>et prises</ex>
         <ex>et puis
</ex>
         <ex>lueset emblees</ex>
         <ex>gardeet si</ex>
         <ex>espoentezet por</ex>
         <ex>et sa</ex>
         <ex>oucementet si</ex>
         <ex>et droituriers</ex>
         <ex>et misericors</ex>
         <ex>et granz</ex>
         <ex>et puissanz</ex>
         <ex>et sanz</ex>
         <ex>et sanz</ex>
         <ex>omeet si</ex>
         <ex>et se</ex>
         <ex>et it</ex>
         <ex>et si</ex>
         <ex>luiet tote
</ex>
         <ex>et sa</ex>
         <ex>et si</ex>
         <ex>et gracierent</ex>
         <ex>et </ex>
         <ex>et en</ex>
         <ex>det einsi</ex>
         <ex>et honeurent</ex>
         <ex>miracleset ceste</ex>
         <ex>det totes</ex>
         <ex> et cil</ex>
         <ex>eglisseset li</ex>
         <ex>festeset honeur</ex>
         <ex>et honeurent.</ex>
         <ex>et entendez</ex>
         <ex>ieet ses</ex>
         <ex>festeset li</ex>
         <ex>et socors</ex>
         <ex>et secorre</ex>
         <ex>besoinzet desliier</ex>
         <ex>mestieret liiez</ex>
         <ex>et de</ex>
         <ex>et reg</ex>
         <ex>miracleet pluiseurs</ex>
         <ex>et embelir</ex>
         <ex>et d</ex>
         <ex>et corages</ex>
         <ex>et si</ex>
         <ex> et en</ex>
         <ex>indrentet q</ex>
         <ex>citet it</ex>
         <ex>et a</ex>
         <ex>et auques</ex>
         <ex>meret corurent</ex>
         <ex>et a</ex>
         <ex>et d</ex>
         <ex>et sorent</ex>
         <ex>et pis</ex>
         <ex>et sorent</ex>
         <ex>fereet si</ex>
         <ex>marcheandiseet de</ex>
         <ex>oileset repairierent</ex>
         <ex>et e</ex>
         <ex>gardoientet pou</ex>
         <ex>et lacierent</ex>
         <ex>heaumeset ceinstr</ex>
         <ex>et mistrent
</ex>
         <ex>forzet hardiz
</ex>
         <ex>et mout
</ex>
         <ex>et distrent</ex>
         <ex>et ou</ex>
         <ex>et lor</ex>
         <ex>et enseignierent</ex>
         <ex>eschaperet mout</ex>
         <ex>durementet li</ex>
         <ex>leuset la</ex>
         <ex>et duc
</ex>
         <ex>et disoient</ex>
         <ex>et au</ex>
         <ex>et si</ex>
         <ex>et enquerez</ex>
         <ex>et si</ex>
         <ex>et ist</ex>
         <ex>et departez</ex>
         <ex>et male</ex>
         <ex> et q</ex>
         <ex>et mout</ex>
         <ex>clerzet pueple</ex>
         <ex>isionet si</ex>
         <ex>regionet se
</ex>
         <ex>et il
</ex>
         <ex>et por</ex>
         <ex>et perdi</ex>
         <ex>et la</ex>
         <ex>duelet si</ex>
         <ex>et argent</ex>
         <ex>seet les</ex>
         <ex>et plo</ex>
         <ex>et crioient</ex>
         <ex>et si</ex>
         <ex> et estri</ex>
         <ex>eglisseet si</ex>
         <ex>et har</ex>
         <ex>et li</ex>
         <ex>toitet qant</ex>
         <ex>et si</ex>
         <ex>et ostas</ex>
         <ex>elizet il</ex>
         <ex>moitiet il</ex>
         <ex>estoitet si</ex>
         <ex>et atrest</ex>
         <ex>nonet li</ex>
         <ex>diligenseet par</ex>
         <ex>amoret par</ex>
         <ex>et atrest
</ex>
         <ex>ertureet il</ex>
         <ex>et toz</ex>
         <ex>et sanz</ex>
         <ex>et trest</ex>
         <ex>decoroientet si
</ex>
         <ex>et a</ex>
         <ex>durementet li</ex>
         <ex>et si</ex>
         <ex>estrangeset ers</ex>
         <ex>et ta</ex>
         <ex>et ceste
</ex>
         <ex>delet si</ex>
         <ex>et la</ex>
         <ex>et puis</ex>
         <ex>et mises</ex>
         <ex>et en</ex>
         <ex>et q</ex>
         <ex>et loerent</ex>
         <ex>et en</ex>
         <ex>et le</ex>
         <ex>et drecierent</ex>
         <ex>et trestrent</ex>
         <ex>et fort</ex>
         <ex>et droiturier
</ex>
         <ex>et si</ex>
         <ex>et tuit</ex>
         <ex>et il</ex>
         <ex>meret il</ex>
         <ex>et lor</ex>
         <ex>rompreet lor</ex>
         <ex>et a</ex>
         <ex>et si</ex>
         <ex>et dont</ex>
         <ex>et si</ex>
         <ex>et si</ex>
         <ex>et demenoient</ex>
         <ex>doleurset li</ex>
         <ex>et si
</ex>
         <ex>et nostre</ex>
         <ex>et nostre</ex>
         <ex>et si</ex>
         <ex>deet puis</ex>
         <ex>et par</ex>
         <ex>et disoient</ex>
         <ex>et s</ex>
         <ex>et depe</ex>
         <ex>leret a</ex>
         <ex>et qatre</ex>
         <ex>et mises</ex>
         <ex>borseet qe</ex>
         <ex>tet si
</ex>
         <ex>et entendez</ex>
         <ex>apesaet cil</ex>
         <ex>et mon</ex>
         <ex>fereet si</ex>
         <ex>et dedenz</ex>
         <ex>det puis</ex>
         <ex>otionet par</ex>
         <ex>cleret au</ex>
         <ex>leesceet la</ex>
         <ex> et corurent</ex>
         <ex>auet pristrent</ex>
         <ex>et lor</ex>
         <ex>zet toz</ex>
         <ex>et puceles</ex>
         <ex>ielet o</ex>
         <ex>chasteaet des
</ex>
         <ex> et plus</ex>
         <ex>et alez</ex>
         <ex>et a</ex>
         <ex>et a</ex>
         <ex>ardanzet chantoient</ex>
         <ex>et droiture.</ex>
         <ex>et a</ex>
         <ex>et bene</ex>
         <ex>et si</ex>
         <ex>otet bene</ex>
         <ex> et sa
</ex>
         <ex>chiet metre</ex>
         <ex>et l</ex>
         <ex>onset granz</ex>
         <ex>et esploitierent</ex>
         <ex>et par</ex>
         <ex>milet wi</ex>
         <ex>tanteet siet</ex>
         <ex>et mout</ex>
         <ex>deset peres</ex>
         <ex>et esqui</ex>
         <ex>et ense</ex>
         <ex>eglisseet la</ex>
         <ex>anzet sessante</ex>
         <ex>delet si</ex>
         <ex>et crestiens</ex>
         <ex> et conte
</ex>
         <ex>et pleins</ex>
         <ex>et disoit</ex>
         <ex>roiet tresq</ex>
         <ex>et au</ex>
         <ex>et dedenz</ex>
         <ex>et tot</ex>
         <ex>antet derriere</ex>
         <ex>ignoret par</ex>
         <ex>et heitiez</ex>
         <ex>et si</ex>
         <ex>et gueriz
</ex>
         <ex>et pluiseurs</ex>
         <ex>et del</ex>
         <ex>et des</ex>
         <ex>et des</ex>
         <ex>maladieet l</ex>
         <ex>et clope</ex>
         <ex>sechieet l</ex>
         <ex>enfermetet la</ex>
         <ex>et pale</ex>
         <ex>et a</ex>
         <ex>et ses</ex>
         <ex>et gueriz</ex>
         <ex>et sors</ex>
         <ex>et muz
</ex>
         <ex>et a</ex>
         <ex>corset por</ex>
         <ex>pechiezet le</ex>
         <ex>et </ex>
         <ex>det </ex>
         <ex>deet autres</ex>
         <ex>esqeset tuit</ex>
         <ex>det grant</ex>
         <ex>et si</ex>
         <ex>et sa</ex>
         <ex>et de</ex>
         <ex>et e</ex>
         <ex>et tantost</ex>
         <ex>et a</ex>
         <ex>et mon</ex>
         <ex>et mout
</ex>
         <ex>et le</ex>
         <ex>et le</ex>
         <ex>aleret au</ex>
         <ex>et por</ex>
         <ex>et por</ex>
         <ex>exet mes</ex>
         <ex>et aidast.</ex>
         <ex>ploreret a</ex>
         <ex>anuiet en</ex>
         <ex>deet si</ex>
         <ex>et il</ex>
         <ex>et par</ex>
         <ex>plaierentet ocistr</ex>
         <ex>fuelleset puis</ex>
         <ex>pelerinet en</ex>
         <ex>et enquist</ex>
         <ex>aloientet cil</ex>
         <ex>respondiet dist</ex>
         <ex>corrociet son</ex>
         <ex>et par</ex>
         <ex>piezet si</ex>
         <ex>luiet ses</ex>
         <ex>et en</ex>
         <ex>et par</ex>
         <ex>et loerent</ex>
         <ex>signeuret si</ex>
         <ex>et il</ex>
         <ex>et cruieus.</ex>
         <ex>et si
</ex>
         <ex>et li
</ex>
         <ex>et puis</ex>
         <ex>et grant
</ex>
         <ex>et lors</ex>
         <ex>et par</ex>
         <ex>et deli</ex>
         <ex>et de</ex>
         <ex>et reclaim</ex>
         <ex>teireet si</ex>
         <ex>et miseri</ex>
         <ex>et de</ex>
         <ex>et amoit</ex>
         <ex>ploreret a</ex>
         <ex> et secoruz</ex>
         <ex>finet si</ex>
         <ex>ignoret se</ex>
         <ex>et a</ex>
         <ex> et qe</ex>
         <ex>et si</ex>
         <ex>et gueriz</ex>
         <ex>aparuzet qu</ex>
         <ex>graceet il</ex>
         <ex>et proioient</ex>
         <ex>et deli</ex>
         <ex>premierset qi</ex>
         <ex>et honorez</ex>
         <ex>ieet qu</ex>
         <ex>et pardon</ex>
         <ex>prestreset as</ex>
         <ex>et les</ex>
         <ex>et irent</ex>
         <ex>et disoit</ex>
         <ex>confessoret si</ex>
         <ex>toiet a</ex>
         <ex>oieet qu</ex>
         <ex>et a</ex>
         <ex>et donee</ex>
         <ex>et consomee</ex>
         <ex> et dedia</ex>
         <ex>oneuret en</ex>
         <ex>et a</ex>
         <ex>et seintement</ex>
         <ex>et si</ex>
         <ex>et sa</ex>
         <ex>et si</ex>
         <ex>et orde</ex>
         <ex>et en</ex>
         <ex>proiaet requist</ex>
         <ex>et orz</ex>
         <ex>et del</ex>
         <ex>et des</ex>
         <ex>et mout</ex>
         <ex>genzet de</ex>
         <ex>et chascun</ex>
         <ex>et la</ex>
         <ex>icholaet fesoient
</ex>
         <ex>et sa</ex>
         <ex>et ses
</ex>
         <ex>fiuzet lor</ex>
         <ex>et lor</ex>
         <ex>et larrons</ex>
         <ex>et sa</ex>
         <ex>et lor</ex>
         <ex>et lor</ex>
         <ex> et sa</ex>
         <ex>et lor</ex>
         <ex>et lor</ex>
         <ex>et lor</ex>
         <ex>debatreet si</ex>
         <ex>et crioit</ex>
         <ex>et si</ex>
         <ex>et di</ex>
         <ex> et mes</ex>
         <ex>et do</ex>
         <ex>et qe</ex>
         <ex>ieet apr</ex>
         <ex>et nos
</ex>
         <ex>et si</ex>
         <ex>rentet si</ex>
         <ex>proiereset si</ex>
         <ex>et norri</ex>
         <ex>et alaitai</ex>
         <ex>et ausint</ex>
         <ex>risteet dolente</ex>
         <ex>et toz</ex>
         <ex>et qe</ex>
         <ex>et la</ex>
         <ex>femeet si</ex>
         <ex>et si</ex>
         <ex>et des</ex>
         <ex>et donons
</ex>
         <ex> et sa
</ex>
         <ex>et oelle</ex>
         <ex>et a</ex>
         <ex>rendreet e</ex>
         <ex>et si</ex>
         <ex>moiet si</ex>
         <ex>proiereet les</ex>
         <ex>et creons</ex>
         <ex>creatureet qe</ex>
         <ex>et de</ex>
         <ex>et des</ex>
         <ex>et regnes</ex>
         <ex>et de</ex>
         <ex>et les</ex>
         <ex>et finez</ex>
         <ex>apertenoitet li</ex>
         <ex>prestreet li</ex>
         <ex>et a</ex>
         <ex>doieet si</ex>
         <ex>reet li</ex>
         <ex>souspireret a</ex>
         <ex>et amenez</ex>
         <ex>prisonet qe</ex>
         <ex>et sa</ex>
         <ex>et celebroient</ex>
         <ex>humlementet mout</ex>
         <ex>et si</ex>
         <ex>et si</ex>
         <ex>et messires</ex>
         <ex>et sa
</ex>
         <ex>et li</ex>
         <ex> et .</ex>
         <ex>et si
</ex>
         <ex>et par</ex>
         <ex>proiereet </ex>
         <ex>iolset qe</ex>
         <ex>et regnes</ex>
         <ex>et la</ex>
         <ex>et de</ex>
         <ex> et dit</ex>
         <ex>ignoret loerent</ex>
         <ex>et apele</ex>
         <ex>et por</ex>
         <ex>et regne</ex>
         <ex>et nostre</ex>
         <ex>et des</ex>
         <ex>et son</ex>
         <ex>get pres</ex>
         <ex>et par</ex>
         <ex>sambleet alerent</ex>
         <ex>et si
</ex>
         <ex>et proierent</ex>
         <ex>et por</ex>
         <ex>douceet a</ex>
         <ex>et mue</ex>
         <ex>et autres</ex>
         <ex>et dist</ex>
         <ex>et font</ex>
         <ex>et lor
</ex>
         <ex>et st</ex>
         <ex>et trest</ex>
         <ex>estenduet lors</ex>
         <ex>et si
</ex>
         <ex>noteet d</ex>
         <ex>tostet qant</ex>
         <ex> et q</ex>
         <ex>et tant</ex>
         <ex>et par
</ex>
         <ex>et mout</ex>
         <ex>steset tres</ex>
         <ex>et les</ex>
         <ex>et socorre</ex>
         <ex>et esgarees</ex>
         <ex>et piti</ex>
         <ex>et regne</ex>
         <ex> et distrent</ex>
         <ex>et des</ex>
         <ex> et distrent</ex>
         <ex> et des
</ex>
         <ex>et de</ex>
         <ex>et baisai</ex>
         <ex>et men</ex>
         <ex>oieet un</ex>
         <ex> et si
</ex>
         <ex>et int
</ex>
         <ex>moiet si</ex>
         <ex>et qe</ex>
         <ex>et li
</ex>
         <ex>enuzet e</ex>
         <ex>aet de</ex>
         <ex>et tante</ex>
         <ex>et tu
</ex>
         <ex>et la</ex>
         <ex>oieet ment</ex>
         <ex>gardeeet qele</ex>
         <ex>et qele
</ex>
         <ex>doneeet quels</ex>
         <ex>et quels</ex>
         <ex>et ser</ex>
         <ex>et croient.</ex>
         <ex>et en</ex>
         <ex>ret entendre</ex>
         <ex>et son</ex>
         <ex> et si</ex>
         <ex> et se</ex>
         <ex>et raconte
</ex>
         <ex>set si
</ex>
         <ex>et de</ex>
         <ex>et lessiez.</ex>
         <ex>amiset puis</ex>
         <ex>orronset entenderons.</ex>
         <ex>meset fe</ex>
         <ex>escoutameset il</ex>
         <ex>toiet e</ex>
         <ex>et droit</ex>
         <ex>et sanz
</ex>
         <ex>et isiter</ex>
         <ex>seinzet me</ex>
         <ex>et feire</ex>
         <ex>et droiture.</ex>
         <ex>terreet noz
</ex>
         <ex>et periz</ex>
         <ex>compaignonset si
</ex>
         <ex>et enqerre</ex>
         <ex>feteet co</ex>
         <ex>et hisdeus.</ex>
         <ex>et de</ex>
         <ex>et de</ex>
         <ex>et par</ex>
         <ex>et cil</ex>
         <ex>benignementet si</ex>
         <ex>ageet q</ex>
         <ex>et raler
</ex>
         <ex>rreet de</ex>
         <ex>habitoientet s</ex>
         <ex>deseureet puis</ex>
         <ex>geet un</ex>
         <ex>et de</ex>
         <ex>et li</ex>
         <ex>et fumes</ex>
         <ex>et saou</ex>
         <ex>et delitable.</ex>
         <ex>orgeet bone</ex>
         <ex>paroleet si</ex>
         <ex>et la</ex>
         <ex>trespasseeet li</ex>
         <ex>habitacleet si</ex>
         <ex>et enclose</ex>
         <ex>encloseet faite</ex>
         <ex>et nos</ex>
         <ex>et entendu</ex>
         <ex>osteet ses
</ex>
         <ex>reset il</ex>
         <ex>ageet nos
</ex>
         <ex>et les</ex>
         <ex>et granz
</ex>
         <ex> et por</ex>
         <ex> et estoit</ex>
         <ex>et mes</ex>
         <ex>preudet mout</ex>
         <ex>et ensigniez
</ex>
         <ex>et endoctrinez</ex>
         <ex>latinet de</ex>
         <ex>greuet d</ex>
         <ex>parleret si</ex>
         <ex> et fait</ex>
         <ex>moigneset </ex>
         <ex>et d</ex>
         <ex>et d</ex>
         <ex>orgueilet de</ex>
         <ex>et li</ex>
         <ex>manoientet preudome
</ex>
         <ex>et se</ex>
         <ex>et de</ex>
         <ex>abet quanq</ex>
         <ex>euset qi</ex>
         <ex>et feire.</ex>
         <ex>et autre
</ex>
         <ex>et establi</ex>
         <ex>abbeset trametoit</ex>
         <ex>et le
</ex>
         <ex>anzet li</ex>
         <ex>et oribles.</ex>
         <ex>colet la</ex>
         <ex>luiet si</ex>
         <ex>fetet bien</ex>
         <ex>et li</ex>
         <ex>et ferme</ex>
         <ex>huiset si
</ex>
         <ex>et co</ex>
         <ex>ertuet por</ex>
         <ex>et alerent</ex>
         <ex>deserzet l</ex>
         <ex>neet la</ex>
         <ex>estoitet a</ex>
         <ex>et del</ex>
         <ex>et la
</ex>
         <ex>et seche</ex>
         <ex>et de</ex>
         <ex>et si
</ex>
         <ex>et sa</ex>
         <ex>besteet de</ex>
         <ex>et la
</ex>
         <ex> et es</ex>
         <ex>liueset del</ex>
         <ex>esbanoieret por
</ex>
         <ex>ermitageet de</ex>
         <ex>et de</ex>
         <ex>serainet por</ex>
         <ex>et mes
</ex>
         <ex>dotanceet nos</ex>
         <ex>iluecet ele</ex>
         <ex>arbreet donc</ex>
         <ex>et li</ex>
         <ex>donaet la</ex>
         <ex>et tint</ex>
         <ex>et entendre</ex>
         <ex>et de
</ex>
         <ex>ertuet qe</ex>
         <ex>et a</ex>
         <ex>toutet qant</ex>
         <ex>et q</ex>
         <ex>abessieet si</ex>
         <ex>testeet puis</ex>
         <ex>et plus</ex>
         <ex>et raconter</ex>
         <ex>et cels</ex>
         <ex>et de</ex>
         <ex>et si</ex>
         <ex>orneret sont</ex>
         <ex>et en</ex>
         <ex>et lo</ex>
         <ex>et por</ex>
         <ex>raconteret dire</ex>
         <ex>peinset lor</ex>
         <ex>et sau</ex>
         <ex>orset leur</ex>
         <ex>et a</ex>
         <ex>et a</ex>
         <ex>pitiet cil</ex>
         <ex>et il</ex>
         <ex>entet regardoit
</ex>
         <ex>eet por</ex>
         <ex>et do</ex>
         <ex>et demandoit</ex>
         <ex>lionceauset tantost</ex>
         <ex>isitet si</ex>
         <ex>homeet si</ex>
         <ex>faitet por</ex>
         <ex>et dire.</ex>
         <ex> et dit.</ex>
         <ex>erbeset de</ex>
         <ex>nuisableset legiere</ex>
         <ex>pristrentet i</ex>
         <ex>gieret la</ex>
         <ex>et a</ex>
         <ex>reret torner</ex>
         <ex>mengieret les
</ex>
         <ex>nonet einsint</ex>
         <ex>besteet ce
</ex>
         <ex>et de</ex>
         <ex>et qi</ex>
         <ex>habitentet qe</ex>
         <ex>et mois.</ex>
         <ex>et des</ex>
         <ex>et qe</ex>
         <ex>et dire</ex>
         <ex>aleret de</ex>
         <ex>puiet le</ex>
         <ex>buefet le</ex>
         <ex>aet a</ex>
         <ex>fistet en</ex>
         <ex>et habi</ex>
         <ex>ieet si
</ex>
         <ex>contreeet si</ex>
         <ex>nonet de</ex>
         <ex>et qi</ex>
         <ex> et dit</ex>
         <ex>et de</ex>
         <ex>solementet e</ex>
         <ex>foiet par</ex>
         <ex>omeset a</ex>
         <ex>et lor</ex>
         <ex>et d</ex>
         <ex>autreet e</ex>
         <ex>et lor</ex>
         <ex>ditet en</ex>
         <ex>mileet el</ex>
         <ex>ruileet tenoient
</ex>
         <ex>et esle</ex>
         <ex>et bien</ex>
         <ex>meurset de</ex>
         <ex>conseuset cest
</ex>
         <ex>et a</ex>
         <ex>et li</ex>
         <ex>soffriret ses</ex>
         <ex>et faire</ex>
         <ex>dreet si</ex>
         <ex>entureet si</ex>
         <ex>et feire.</ex>
         <ex>et par</ex>
         <ex>ignoret por</ex>
         <ex>atargementet meintenant</ex>
         <ex>mandet liez</ex>
         <ex>et pro</ex>
         <ex>et dist</ex>
         <ex>distet </ex>
         <ex>olontierset sanz</ex>
         <ex>penseeet qu</ex>
         <ex>meinet grant</ex>
         <ex>et d</ex>
         <ex>eillieret le</ex>
         <ex>finet adonc
</ex>
         <ex>et a</ex>
         <ex> et a</ex>
         <ex>et portant
</ex>
         <ex>fuelleset si</ex>
         <ex>et d</ex>
         <ex>et la</ex>
         <ex>et retreites</ex>
         <ex>et o</ex>
         <ex>et it</ex>
         <ex>homeset molt</ex>
         <ex> et doctrin</ex>
         <ex>et solitaire</ex>
         <ex>et pure</ex>
         <ex>et plus</ex>
         <ex>femeet a</ex>
         <ex>et a</ex>
         <ex>siecleet lessast
</ex>
         <ex>et a</ex>
         <ex>celleet l</ex>
         <ex>proceineet ou</ex>
         <ex>blasmeret li</ex>
         <ex>et a</ex>
         <ex>et les</ex>
         <ex>ermitageet si</ex>
         <ex>conteeset dites</ex>
         <ex>et de</ex>
         <ex>et a
</ex>
         <ex>et des</ex>
         <ex>et de</ex>
         <ex>moiet se
</ex>
         <ex>et a</ex>
         <ex>escriteet cis</ex>
         <ex>et mes</ex>
         <ex>et mer</ex>
         <ex>meret par</ex>
         <ex> portezet si
</ex>
         <ex>et dite.</ex>
         <ex>homet dont</ex>
         <ex>trespasseeet e</ex>
         <ex>et tuit</ex>
         <ex>et seit</ex>
         <ex>et en</ex>
         <ex>et en</ex>
         <ex>deet par
</ex>
         <ex>det meesmement</ex>
         <ex> et tes</ex>
         <ex>et pluiseurs</ex>
         <ex>et e</ex>
         <ex>et saces
</ex>
         <ex> et si</ex>
         <ex>et dire</ex>
         <ex>et dites</ex>
         <ex>et com</ex>
         <ex>siecleet si</ex>
         <ex>cielet si</ex>
         <ex>siecleet entre</ex>
         <ex>puepleet entre</ex>
         <ex>gaitoientet entre</ex>
         <ex>et de</ex>
         <ex>ieet chascun
</ex>
         <ex>et escandres.</ex>
         <ex>leuet eschapa</ex>
         <ex>et a</ex>
         <ex>et ra</ex>
         <ex>et guerissoit</ex>
         <ex>serpenzet apaisoit</ex>
         <ex>ageset curoit</ex>
         <ex>et sa</ex>
         <ex>reet por
</ex>
         <ex>firentet qe</ex>
         <ex>et il</ex>
         <ex>et dist</ex>
         <ex>det les
</ex>
         <ex>anacorinteset les
</ex>
         <ex>et toute
</ex>
         <ex>et tote</ex>
         <ex>et nde</ex>
         <ex>ndeet tote
</ex>
         <ex>aleeet le</ex>
         <ex>et par</ex>
         <ex>et conoissent</ex>
         <ex>prestreet clerc</ex>
         <ex>clercet roi</ex>
         <ex>roiet conte</ex>
         <ex>conteet prince</ex>
         <ex>princeet li</ex>
         <ex>et cre</ex>
         <ex>et ses</ex>
         <ex>et lor</ex>
         <ex>et fist</ex>
         <ex>pliret feire</ex>
         <ex>honteet ont</ex>
         <ex>et faisoit</ex>
         <ex>traitieret parler</ex>
         <ex>et la</ex>
         <ex>paroleet si</ex>
         <ex>aet si</ex>
         <ex>et dire</ex>
         <ex>enfanceet por</ex>
         <ex>et le</ex>
         <ex> et si
</ex>
         <ex>et proi</ex>
         <ex>et aurai.</ex>
         <ex>diet parole
</ex>
         <ex>et croi</ex>
         <ex>muset sanz</ex>
         <ex>paroleet tu</ex>
         <ex>et ses</ex>
         <ex>et si</ex>
         <ex>et e</ex>
         <ex>paroleset la
</ex>
         <ex>et si
</ex>
         <ex>et dit</ex>
         <ex>reet si</ex>
         <ex>et qant</ex>
         <ex>et dire</ex>
         <ex>luiet en</ex>
         <ex>siecleet qe</ex>
         <ex>mostet e
</ex>
         <ex>et pluiseur</ex>
         <ex>et si
</ex>
         <ex>et cou</ex>
         <ex>et a</ex>
         <ex>mellastet q</ex>
         <ex>et ure
</ex>
         <ex>euet si</ex>
         <ex>et si</ex>
         <ex>orissonset si</ex>
         <ex>mieet puis</ex>
         <ex>donaet se</ex>
         <ex>esqeet si</ex>
         <ex>et si</ex>
         <ex>estiret q</ex>
         <ex>aparellieet li</ex>
         <ex>paroleet par</ex>
         <ex>et par</ex>
         <ex>et corte</ex>
         <ex>petitet ce</ex>
         <ex>reet si</ex>
         <ex>reet il</ex>
         <ex>hautet ce</ex>
         <ex>puepleet non</ex>
         <ex>partieet une</ex>
         <ex>et uns
</ex>
         <ex>prestreset moine</ex>
         <ex>et bel
</ex>
         <ex>apelezet crestiens</ex>
         <ex>et si</ex>
         <ex>homeet re</ex>
         <ex> et entre</ex>
         <ex>et estendu</ex>
         <ex>et par</ex>
         <ex>forset sanc</ex>
         <ex>sonet en</ex>
         <ex>set tout</ex>
         <ex>haitiezet fu</ex>
         <ex>enimet de</ex>
         <ex>et nos</ex>
         <ex>estoientet por</ex>
         <ex>choseet il</ex>
         <ex>et il</ex>
         <ex>estemenzet asfublez</ex>
         <ex>et a</ex>
         <ex>eslancieret s</ex>
         <ex>peineset si
</ex>
         <ex>corrociezet molt</ex>
         <ex>homeet le</ex>
         <ex>et a</ex>
         <ex>batreet a</ex>
         <ex>motet de</ex>
         <ex>desciret tout
</ex>
         <ex>asneet puis</ex>
         <ex>bastonset de</ex>
         <ex>et eoir</ex>
         <ex>et a</ex>
         <ex>et enten</ex>
         <ex>zet molt</ex>
         <ex>oieset si</ex>
         <ex>oret par</ex>
         <ex>et benignement.</ex>
         <ex>et a</ex>
         <ex> et la
</ex>
         <ex>racleet pluiseurs</ex>
         <ex>celeeset tant</ex>
         <ex>et cela</ex>
         <ex>doutezet si</ex>
         <ex>et en</ex>
         <ex>et retraire
</ex>
         <ex>et de</ex>
         <ex>et sot</ex>
         <ex>et sot</ex>
         <ex>et esploiter.</ex>
         <ex>et a</ex>
         <ex>et a</ex>
         <ex>et a</ex>
         <ex>et creez.</ex>
         <ex>et a</ex>
         <ex>et si
</ex>
         <ex>et a</ex>
         <ex>aet la</ex>
         <ex>et lie.</ex>
         <ex>cielet a</ex>
         <ex>homeet li</ex>
         <ex>neret ne</ex>
         <ex>et si</ex>
         <ex>ieet il</ex>
         <ex>aet si</ex>
         <ex>et croi</ex>
         <ex>fermementet nus</ex>
         <ex>aussintet ce</ex>
         <ex>apostreset as
</ex>
         <ex>et de</ex>
         <ex>et di</ex>
         <ex>ret nos</ex>
         <ex>et dite.</ex>
         <ex>et de</ex>
         <ex>et autre</ex>
         <ex>chiefet si
</ex>
         <ex>et de</ex>
         <ex>mengierset si</ex>
         <ex>et nuiz</ex>
         <ex>et ses</ex>
         <ex>et si</ex>
         <ex>palezet q</ex>
         <ex>desfermeeset li
</ex>
         <ex>roiet qant</ex>
         <ex>seoitet toz</ex>
         <ex>et si</ex>
         <ex>proiereet le</ex>
         <ex>mengieret l</ex>
         <ex>et molt</ex>
         <ex>et o</ex>
         <ex>et a</ex>
         <ex>et e</ex>
         <ex>dureeet bien</ex>
         <ex>et miracles</ex>
         <ex>et seintes</ex>
         <ex>laet ut</ex>
         <ex>et de</ex>
         <ex>geet pristrent</ex>
         <ex>et porent.</ex>
         <ex>et grant
</ex>
         <ex>teet tantost</ex>
         <ex>entrezet cil</ex>
         <ex>et deli</ex>
         <ex>et sa</ex>
         <ex>paignieet la
</ex>
         <ex>corneset cruelment</ex>
         <ex>bleciezet ele</ex>
         <ex>et a</ex>
         <ex>et molt
</ex>
         <ex>encontreet si</ex>
         <ex>esteet si</ex>
         <ex>et adonc</ex>
         <ex>et se</ex>
         <ex>piezet li</ex>
         <ex>foucet a</ex>
         <ex>compaignieet ele</ex>
         <ex>et fu</ex>
         <ex>prestreset ceus</ex>
         <ex>eneorset chiens</ex>
         <ex>et lee</ex>
         <ex>leeet li
</ex>
         <ex>issentet q</ex>
         <ex>et fo</ex>
         <ex>paroleet se</ex>
         <ex>et ala</ex>
         <ex>et grant</ex>
         <ex>aet si</ex>
         <ex>corageet li</ex>
         <ex>enchauciet il</ex>
         <ex>ristet ele</ex>
         <ex>et si</ex>
         <ex>et en</ex>
         <ex> et orde</ex>
         <ex> et dit
</ex>
         <ex>noset si</ex>
         <ex>et en</ex>
         <ex>compaignieet si</ex>
         <ex>champaigneet la</ex>
         <ex>mesonet la</ex>
         <ex>abstinanceet si</ex>
         <ex> et si</ex>
         <ex>et amonester</ex>
         <ex>et par</ex>
         <ex>et dist.</ex>
         <ex>et honorer</ex>
         <ex>et de</ex>
         <ex>homeet si</ex>
         <ex>enueet qe</ex>
         <ex>et isiter</ex>
         <ex>et a</ex>
         <ex>demostreret une</ex>
         <ex>et molt</ex>
         <ex>oiret entendre</ex>
         <ex>doneeet de</ex>
         <ex>cheintureet il</ex>
         <ex>et celes</ex>
         <ex>et lor</ex>
         <ex>et quels</ex>
         <ex>et </ex>
         <ex>et bien
</ex>
         <ex>et a</ex>
         <ex>laet atendions</ex>
         <ex>et la</ex>
         <ex>parlassentet dont</ex>
         <ex>pooret fumes
</ex>
         <ex>autreset si
</ex>
         <ex>sentueet a</ex>
         <ex>et oiz</ex>
         <ex>mieet si</ex>
         <ex> et  </ex>
         <ex> et resnierent</ex>
         <ex>et lerent.</ex>
         <ex>et lor</ex>
         <ex>et l</ex>
         <ex>et dist.</ex>
         <ex> et </ex>
         <ex>et de</ex>
         <ex>et blasmoit</ex>
         <ex>et nos</ex>
         <ex>et espro</ex>
         <ex>et molt
</ex>
         <ex>et mer</ex>
         <ex>parzet a</ex>
         <ex>et dit.</ex>
         <ex>entureet si</ex>
         <ex>Signoret si</ex>
         <ex>et dist</ex>
         <ex>et enqe</ex>
         <ex>et les</ex>
         <ex>et dites</ex>
         <ex>diteset com</ex>
         <ex>et aprisses.</ex>
         <ex> et si</ex>
         <ex>paroleset il
</ex>
         <ex>estionset si
</ex>
         <ex>mesonet si</ex>
         <ex>amiset qi
</ex>
         <ex> et si
</ex>
         <ex>deguerpissomeset por</ex>
         <ex>trespasseeet la</ex>
         <ex> et </ex>
         <ex> et il</ex>
         <ex>et e</ex>
         <ex>qeroientet il
</ex>
         <ex>et qe</ex>
         <ex>et desiroient</ex>
         <ex> et </ex>
         <ex>et dire</ex>
         <ex>ieret 
</ex>
         <ex>choseset e</ex>
         <ex>et die</ex>
         <ex>et habitent</ex>
         <ex>et dire.</ex>
         <ex>homeet si</ex>
         <ex>et dist</ex>
         <ex> et li
</ex>
         <ex>et reqe</ex>
         <ex>et li</ex>
         <ex>beneet puis</ex>
         <ex>tet puis
</ex>
         <ex>et le</ex>
         <ex>entreet si</ex>
         <ex>et lonc</ex>
         <ex>encoreet si</ex>
         <ex>et d</ex>
         <ex>et disoit</ex>
         <ex>et diroit
</ex>
         <ex>ensambleet qant</ex>
         <ex>et engr</ex>
         <ex>issiret si</ex>
         <ex>et dire</ex>
         <ex>et a</ex>
         <ex>peineset lendemein
</ex>
         <ex>dormoientet il</ex>
         <ex>fermementet li</ex>
         <ex>et tu</ex>
         <ex>et si</ex>
         <ex>et firent</ex>
         <ex>signoret si
</ex>
         <ex>songeset qe</ex>
         <ex>porteet por</ex>
         <ex>quierset demandes.</ex>
         <ex>laet li</ex>
         <ex>et si</ex>
         <ex>et manda</ex>
         <ex>eilloitet destruisoit.</ex>
         <ex>et dire</ex>
         <ex>et dist</ex>
         <ex>contet se</ex>
         <ex>et i</ex>
         <ex>et ceste</ex>
         <ex>et son</ex>
         <ex>et a</ex>
         <ex>eret si</ex>
         <ex>airet si</ex>
         <ex>paumeset si</ex>
         <ex>et esparz</ex>
         <ex>nueset por</ex>
         <ex>mandastet si</ex>
         <ex>nonet li</ex>
         <ex> et batu</ex>
         <ex>et chaci</ex>
         <ex>et fors</ex>
         <ex>et contrue</ex>
         <ex>et tempeste</ex>
         <ex>et les</ex>
         <ex>et toz</ex>
         <ex>terreset tant</ex>
         <ex>et meintes
</ex>
         <ex>aet si</ex>
         <ex>et deman</ex>
         <ex>deet li</ex>
         <ex>feteet dite</ex>
         <ex>et si</ex>
         <ex>et le</ex>
         <ex>tet meesmement</ex>
         <ex>et dire
</ex>
         <ex>furentet cil</ex>
         <ex>contet dit</ex>
         <ex>et par
</ex>
         <ex>creatureet a</ex>
         <ex>desfendueet ala
</ex>
         <ex>zet si</ex>
         <ex>et plus</ex>
         <ex>et entendi</ex>
         <ex> et mis
</ex>
         <ex>grantet mer</ex>
         <ex>et espes
</ex>
         <ex>et mas</ex>
         <ex>toret la</ex>
         <ex>miseet aoree</ex>
         <ex>et li</ex>
         <ex>et la</ex>
         <ex>et abatist</ex>
         <ex>et en</ex>
         <ex>et si</ex>
         <ex>et une</ex>
         <ex>et les
</ex>
         <ex>et dite</ex>
         <ex>cestuiet si
</ex>
         <ex>et molt</ex>
         <ex>chastelet deseu</ex>
         <ex>et it</ex>
         <ex>et mer</ex>
         <ex>colombeet seur
</ex>
         <ex>et debrisa</ex>
         <ex>et </ex>
         <ex>et entent.</ex>
         <ex>eet uns
</ex>
         <ex>homeet si
</ex>
         <ex>et si
</ex>
         <ex>et enten</ex>
         <ex>dentet li</ex>
         <ex>solementet bien</ex>
         <ex>peschieret si</ex>
         <ex>et si</ex>
         <ex>et si</ex>
         <ex>aet si</ex>
         <ex>graceset loenges.</ex>
         <ex>gemmeset la</ex>
         <ex>et entendre</ex>
         <ex> et si</ex>
         <ex>empereoret meintenu</ex>
         <ex>aet la</ex>
         <ex>espoentezet si</ex>
         <ex>et ses</ex>
         <ex>hermiteset q</ex>
         <ex>et les</ex>
         <ex>et as</ex>
         <ex>et ceus</ex>
         <ex>mieet por</ex>
         <ex>fereet de</ex>
         <ex>encontreet si</ex>
         <ex>et a</ex>
         <ex>et si</ex>
         <ex>et dist</ex>
         <ex>palezet entre</ex>
         <ex>et a</ex>
         <ex>oret entendre</ex>
         <ex>et le</ex>
         <ex>parleret ce</ex>
         <ex>et cruiels</ex>
         <ex>et del</ex>
         <ex>emperereset neqe</ex>
         <ex>regneet </ex>
         <ex>despenduet l</ex>
         <ex>pooret </ex>
         <ex>et distrent</ex>
         <ex>mentet tel</ex>
         <ex>afaireet si</ex>
         <ex>et si</ex>
         <ex>et ou</ex>
         <ex>foiet de</ex>
         <ex> et de
</ex>
         <ex>aet si</ex>
         <ex>droitet qe</ex>
         <ex>et si</ex>
         <ex>comunitet a</ex>
         <ex>et de</ex>
         <ex>et a</ex>
         <ex>noireet a</ex>
         <ex>empereoret se</ex>
         <ex>olentierset si</ex>
         <ex>et preud</ex>
         <ex>raet si</ex>
         <ex>set il</ex>
         <ex>et si</ex>
         <ex>doleuret fere</ex>
         <ex>ertuet si</ex>
         <ex>et il</ex>
         <ex> et de</ex>
         <ex>et </ex>
         <ex>et tant</ex>
         <ex>puiset de</ex>
         <ex>et espro</ex>
         <ex>et si</ex>
         <ex>eet ein</ex>
         <ex>et gueriz.</ex>
         <ex>et dist</ex>
         <ex>et plui</ex>
         <ex>meret il</ex>
         <ex>et une</ex>
         <ex>et lor</ex>
         <ex>derrompreet leur</ex>
         <ex>et a</ex>
         <ex>et seqeur
</ex>
         <ex>et deli</ex>
         <ex>et la</ex>
         <ex>departieet cil</ex>
         <ex>et icaires</ex>
         <ex>et secors</ex>
         <ex>et de</ex>
         <ex>roigneet de</ex>
         <ex>ignoret si</ex>
         <ex>et par</ex>
         <ex>nuizet en
</ex>
         <ex>et si</ex>
         <ex>et conta</ex>
         <ex>et toute</ex>
         <ex>et si</ex>
         <ex>iandeset li</ex>
         <ex>et si
</ex>
         <ex>et este</ex>
         <ex>et cri</ex>
         <ex>et la</ex>
         <ex>maniereset a</ex>
         <ex>seureet li</ex>
         <ex>alerieet par
</ex>
         <ex>fantosmeet par</ex>
         <ex>et disoit.</ex>
         <ex>et autres</ex>
         <ex>et si</ex>
         <ex>et pardon</ex>
         <ex>et q</ex>
         <ex>et a</ex>
         <ex>choseset e</ex>
         <ex>et si</ex>
         <ex>et par</ex>
         <ex>conditionet de</ex>
         <ex>aet si</ex>
         <ex>et 
</ex>
         <ex>resconseet tens</ex>
         <ex>et les
</ex>
         <ex>nuleet si</ex>
         <ex>et si</ex>
         <ex>et le</ex>
         <ex>et es</ex>
         <ex>estrangeset </ex>
         <ex>et es</ex>
         <ex>et es</ex>
         <ex>et es</ex>
         <ex>citezet si</ex>
         <ex>et so</ex>
         <ex>et ra</ex>
         <ex>et ta
</ex>
         <ex>et qi</ex>
         <ex>et a</ex>
         <ex>huiet hier</ex>
         <ex>et raconteras</ex>
         <ex> et par</ex>
         <ex>et par</ex>
         <ex> et par</ex>
         <ex>enet encore</ex>
         <ex>racontasseset en</ex>
         <ex> et en</ex>
         <ex>et par</ex>
         <ex>et en</ex>
         <ex>et proi</ex>
         <ex>et cont</ex>
         <ex>contet si</ex>
         <ex>fleurset herbes</ex>
         <ex>et de</ex>
         <ex>fistet treita</ex>
         <ex>et si</ex>
         <ex>et os</ex>
      </td>
   </tr>
   <tr>
      <td>⁊ </td>
      <td>
         <em>Et </em>
         <ex>creanceEt si</ex>
      </td>
   </tr>
   <tr>
      <td>ꝙ</td>
      <td>
         <em>qe</em>
         <ex> qe</ex>
         <ex>qe</ex>
         <ex>qetu</ex>
         <ex>esqes</ex>
         <ex>ilueqes</ex>
         <ex>siqenus</ex>
      </td>
   </tr>
   <tr>
      <td>ꝯ</td>
      <td>
         <em>com</em>
         <ex>comil</ex>
         <ex>com</ex>
         <ex>com</ex>
         <ex>compeins</ex>
         <ex>comil</ex>
         <ex>comele</ex>
         <ex>compaignie</ex>
         <ex>compaig</ex>
         <ex>sacompaignie</ex>
      </td>
      <td>
         <em>con</em>
         <ex>Ciconmence</ex>
         <ex>Ciconmence</ex>
         <ex>Dontconmen</ex>
         <ex>conmanda</ex>
         <ex>conmanda.</ex>
         <ex>siconmanda
</ex>
         <ex>conmanda</ex>
         <ex>conmandoit</ex>
         <ex>conman</ex>
         <ex>tconme</ex>
         <ex>iconmencierent</ex>
         <ex>conmandement</ex>
         <ex>conmen</ex>
         <ex>conmanda</ex>
         <ex>conment</ex>
         <ex>conment</ex>
         <ex>moineconmanda</ex>
         <ex>connissoit</ex>
         <ex>conmanda</ex>
         <ex>conmandement</ex>
         <ex> conmencierent</ex>
         <ex>conmen</ex>
         <ex>conment</ex>
         <ex>conman</ex>
         <ex>conman</ex>
         <ex>contree</ex>
         <ex>conterai</ex>
         <ex>conmen</ex>
         <ex>conmanda</ex>
         <ex>conman</ex>
         <ex>conmandemenz</ex>
         <ex>conment</ex>
         <ex>conmanda</ex>
         <ex>conmencierent</ex>
         <ex>conmence</ex>
         <ex>conne</ex>
         <ex>conme</ex>
         <ex>conme</ex>
         <ex>entrerentconmencierent
</ex>
         <ex>conmandemenz</ex>
         <ex>conmen</ex>
         <ex>conmandement</ex>
         <ex>meconmandas</ex>
         <ex>conm</ex>
         <ex>conmandemenz</ex>
         <ex>conpaignons</ex>
         <ex>conmen</ex>
         <ex>conmencierent</ex>
         <ex>conmanda</ex>
         <ex>conmen</ex>
         <ex>conman</ex>
         <ex>conmen</ex>
         <ex>conmen</ex>
         <ex>conmen</ex>
         <ex>Doncconmanda</ex>
         <ex>conmen</ex>
         <ex>leconmant</ex>
         <ex>conment</ex>
         <ex>liconmanda</ex>
         <ex>conment</ex>
         <ex>conmanda</ex>
         <ex>conmen</ex>
         <ex>liconmencie</ex>
         <ex>conmen</ex>
         <ex>conmencierent</ex>
         <ex>conmen</ex>
         <ex>conmen</ex>
         <ex>siconme</ex>
         <ex>conmencie</ex>
         <ex>encontre</ex>
         <ex>conme
</ex>
         <ex>conmen</ex>
         <ex>Siconme</ex>
         <ex>liconmen</ex>
         <ex>conmen</ex>
         <ex>conmanda</ex>
         <ex>conselle</ex>
         <ex>conselle</ex>
         <ex>orsconmanda</ex>
         <ex>conmanda</ex>
         <ex>conment</ex>
         <ex>conmanda</ex>
         <ex>conpaignie</ex>
         <ex>conm</ex>
         <ex>sconmunement</ex>
         <ex>conmanda</ex>
         <ex>conment</ex>
         <ex>cont</ex>
         <ex>conmen</ex>
         <ex>conme</ex>
         <ex>conme</ex>
         <ex>conme</ex>
         <ex>conment</ex>
         <ex>leconmandement</ex>
         <ex>deconmander
</ex>
         <ex>conmencierent</ex>
         <ex>conmencierent</ex>
         <ex>conmen</ex>
         <ex>siconme</ex>
         <ex>conme</ex>
         <ex>conme</ex>
         <ex>conmen</ex>
         <ex>conmant</ex>
         <ex>conmencier
</ex>
         <ex>conmandement</ex>
         <ex> conmandez</ex>
         <ex>laconpagnie</ex>
         <ex>conmence</ex>
         <ex>conmence
</ex>
         <ex>conment</ex>
         <ex>consomee</ex>
         <ex>conmencierent</ex>
         <ex>conme
</ex>
         <ex>conmencierent</ex>
         <ex>siconil
</ex>
         <ex>conme</ex>
         <ex>ieconment</ex>
         <ex>conmen</ex>
         <ex>ilconmanderent</ex>
         <ex>conmanderent</ex>
         <ex>sesconmandemenz</ex>
         <ex>conmenci</ex>
         <ex>leconmandement</ex>
         <ex>conmencierent</ex>
         <ex>conme</ex>
         <ex>conme</ex>
         <ex>conmanda</ex>
         <ex>conmence</ex>
         <ex>conmence
</ex>
         <ex>conmen</ex>
         <ex>conme</ex>
         <ex>conmencent</ex>
         <ex>confessor.</ex>
         <ex>conmencent</ex>
         <ex>confessor.</ex>
         <ex>conmen</ex>
         <ex>oitconmand</ex>
         <ex>conmand</ex>
         <ex>leconmencierent
</ex>
         <ex>lorconmanda
</ex>
         <ex>conmandast
</ex>
         <ex>ocirreconment</ex>
         <ex>conme</ex>
         <ex>conmande</ex>
         <ex>conment</ex>
         <ex>connurent</ex>
         <ex>conmande</ex>
         <ex>conmencierent</ex>
         <ex>conmencie</ex>
         <ex>conmen</ex>
         <ex>conment</ex>
         <ex>conmande</ex>
         <ex>liconmandemens</ex>
         <ex>conmen</ex>
         <ex>conmencierent</ex>
         <ex>raconte</ex>
         <ex>raconte</ex>
         <ex>conmen</ex>
         <ex>oieconment</ex>
         <ex>conme</ex>
         <ex>conmen</ex>
         <ex>conmanda</ex>
         <ex>conmande</ex>
         <ex>leconmandement</ex>
         <ex>conme</ex>
         <ex>conme</ex>
         <ex>conmencier</ex>
         <ex>leconmen</ex>
         <ex>conmanda</ex>
         <ex>conme</ex>
         <ex>conme</ex>
         <ex>laconmanda
</ex>
         <ex>conmen</ex>
         <ex>oscontro</ex>
         <ex>conmencierent</ex>
         <ex>congi</ex>
         <ex>conmen</ex>
         <ex>conmen</ex>
         <ex>conme</ex>
         <ex>siconme
</ex>
         <ex>conme</ex>
         <ex>connoi</ex>
         <ex>conme</ex>
         <ex>conmen</ex>
         <ex>conmen</ex>
         <ex>liconmen</ex>
         <ex>conman</ex>
         <ex>conmen</ex>
         <ex>conmandoit</ex>
         <ex>conme
</ex>
         <ex>conmanda</ex>
         <ex>conmanz</ex>
         <ex>conmand</ex>
         <ex>conmanz</ex>
         <ex>conmandemenz</ex>
         <ex>conmanderoit</ex>
         <ex>conman</ex>
         <ex>conmandement</ex>
         <ex>conmen</ex>
         <ex>lesconmandemenz</ex>
         <ex>conman</ex>
         <ex>lacontree</ex>
         <ex>conmencierent</ex>
         <ex>conmenci</ex>
         <ex>conne</ex>
         <ex>encontre</ex>
         <ex>aconplir</ex>
         <ex>conme</ex>
         <ex>conmence
</ex>
         <ex>conmen</ex>
         <ex>conmencement</ex>
         <ex>conmand</ex>
         <ex>conmanda</ex>
         <ex>conment</ex>
         <ex>conient
</ex>
         <ex>conme</ex>
         <ex>conme</ex>
         <ex>conmencierent</ex>
         <ex>conmencierent</ex>
         <ex>conme</ex>
         <ex>lesconmencierent</ex>
         <ex>conne</ex>
         <ex>conmencement</ex>
         <ex>conment</ex>
         <ex>conmen</ex>
         <ex>conmen</ex>
         <ex>siconmen</ex>
         <ex>conmander</ex>
         <ex>conmanda</ex>
         <ex>conmencierent</ex>
         <ex>conmanda</ex>
         <ex>conmandement
</ex>
         <ex>liconmen</ex>
         <ex>conmen</ex>
         <ex>leconmandement</ex>
         <ex>conmen</ex>
         <ex>conmanda</ex>
         <ex>conme</ex>
         <ex>conmencierent
</ex>
         <ex>lacontree</ex>
         <ex>conment</ex>
         <ex>conmen</ex>
         <ex>conmanda</ex>
         <ex>conmen</ex>
         <ex>conme</ex>
      </td>
   </tr>
   <tr>
      <td></td>
      <td>
         <em>qe</em>
         <ex>onqes</ex>
         <ex>onqes</ex>
         <ex>tresqeas</ex>
         <ex>onqes</ex>
         <ex>esqeen</ex>
         <ex>qeil</ex>
         <ex>onqes</ex>
         <ex>onqes</ex>
         <ex>qels</ex>
         <ex>onqes</ex>
         <ex>anqeonqes</ex>
         <ex>onqes</ex>
         <ex>reisonsqetu</ex>
         <ex>auqes</ex>
         <ex>qee</ex>
         <ex>asqes</ex>
         <ex>reqerre</ex>
      </td>
   </tr>
   <tr>
      <td>﻿p</td>
      <td>
         <em>pre</em>
         <ex>pretres</ex>
         <ex>lipreost</ex>
      </td>
      <td>
         <em>pré</em>
         <ex>Aprés</ex>
         <ex>Aprés</ex>
      </td>
   </tr>
   <tr>
      <td>﻿ꝑ</td>
      <td>
         <em>Per</em>
         <ex>﻿Pere</ex>
      </td>
      <td>
         <em>par</em>
         <ex>ne﻿parla</ex>
         <ex>parmons</ex>
         <ex>departi
</ex>
         <ex>﻿partie.</ex>
         <ex>forceparla</ex>
         <ex>parmiracles</ex>
         <ex>oirpar
</ex>
         <ex>parta</ex>
         <ex>paroles</ex>
         <ex>parties</ex>
         <ex>es﻿partirent</ex>
         <ex>baptesmeparlor</ex>
         <ex>﻿parlor</ex>
         <ex>﻿parmoi</ex>
         <ex>foiparcoi</ex>
         <ex>﻿partirent</ex>
         <ex>aparut</ex>
         <ex>cenz﻿parn</ex>
         <ex>lumiere﻿parmenable</ex>
         <ex>﻿parta</ex>
         <ex>﻿parles</ex>
         <ex>parce</ex>
         <ex>parmenable.</ex>
         <ex>de﻿parti</ex>
         <ex>﻿partotes</ex>
         <ex>﻿parmenable</ex>
         <ex>﻿parler
</ex>
         <ex>departie</ex>
         <ex>﻿par</ex>
         <ex>departiroit</ex>
         <ex>﻿parcest</ex>
         <ex>﻿parcom
</ex>
         <ex>messepargrant</ex>
         <ex>partote
</ex>
         <ex>﻿parses
</ex>
         <ex>lesparoles</ex>
         <ex>﻿parnostre</ex>
         <ex>sacra﻿pargrant</ex>
         <ex>﻿partotes</ex>
         <ex>eparlui
</ex>
         <ex>de﻿parti</ex>
         <ex>pargeunes</ex>
         <ex>parmenable</ex>
         <ex>departoit</ex>
         <ex>departies.</ex>
         <ex>parmi</ex>
         <ex>partie</ex>
         <ex>parles</ex>
         <ex>seulementparnon</ex>
         <ex>departir</ex>
         <ex>partout
</ex>
         <ex>parma</ex>
         <ex>par
</ex>
         <ex>departi
</ex>
         <ex>seisiparmi</ex>
         <ex>parole</ex>
         <ex>departi</ex>
         <ex>amesparson</ex>
         <ex>partout</ex>
         <ex>pardesputisons</ex>
         <ex>pareraies</ex>
         <ex>part</ex>
         <ex>parl</ex>
         <ex>parl</ex>
         <ex>parsa</ex>
         <ex>deparnostre</ex>
         <ex>pardolereuse</ex>
         <ex>departi</ex>
         <ex>parla</ex>
         <ex>par</ex>
         <ex>parler</ex>
         <ex>autrepartie</ex>
         <ex>par</ex>
         <ex>sipar</ex>
         <ex>departi</ex>
         <ex>parsa</ex>
         <ex>parsa</ex>
         <ex>parla</ex>
         <ex>parla
</ex>
         <ex>pardon</ex>
         <ex>parla</ex>
         <ex>examplespartieus</ex>
         <ex>parla</ex>
         <ex>partoi</ex>
         <ex>dignesparcui
</ex>
         <ex>parla</ex>
         <ex>partel</ex>
         <ex>parle</ex>
         <ex>parbones</ex>
         <ex>depar</ex>
         <ex>departisist</ex>
         <ex>parsa
</ex>
         <ex>parla</ex>
         <ex>parderriers</ex>
         <ex>parla</ex>
         <ex>departi</ex>
         <ex>par
</ex>
         <ex>metezparce</ex>
         <ex>parmout</ex>
         <ex>donaparla</ex>
         <ex>parlui</ex>
         <ex>oitparla</ex>
         <ex>parsi</ex>
         <ex>alparune</ex>
         <ex>parne</ex>
         <ex>paroles
</ex>
         <ex>parle</ex>
         <ex>par.</ex>
         <ex>parmeintes</ex>
         <ex>siparloit</ex>
         <ex>parl</ex>
         <ex>parmout</ex>
         <ex>parlui
</ex>
         <ex>parses</ex>
         <ex>parmellor
</ex>
         <ex>parloit</ex>
         <ex>parla</ex>
         <ex>parla</ex>
         <ex>parler</ex>
         <ex>cezparoles.</ex>
         <ex>parmeintes</ex>
         <ex>parla</ex>
         <ex>aparut</ex>
         <ex>parler</ex>
         <ex>parle</ex>
         <ex>parmeintes</ex>
         <ex>pardeseure</ex>
         <ex>arsparla</ex>
         <ex>parson</ex>
         <ex>qeparraie</ex>
         <ex>parmenable</ex>
         <ex>mesparoles.</ex>
         <ex>parsa</ex>
         <ex>departirent</ex>
         <ex>parautel
</ex>
         <ex>parole
</ex>
         <ex>enparmenable</ex>
         <ex>parles</ex>
         <ex>parmenable.</ex>
         <ex>departi</ex>
         <ex>paroles</ex>
         <ex>paroles</ex>
         <ex>deparnostre</ex>
         <ex>parnostre</ex>
         <ex>departir
</ex>
         <ex>fuparles</ex>
         <ex>partie</ex>
         <ex>parerit</ex>
         <ex>enoientparcui</ex>
         <ex>partoz</ex>
         <ex>emparmenable</ex>
         <ex>sparenir.</ex>
         <ex>parmolt</ex>
         <ex>touteparfete</ex>
         <ex>parla</ex>
         <ex>paroles</ex>
         <ex>parla</ex>
         <ex>legierementparl</ex>
         <ex>croireparl</ex>
         <ex>﻿partout</ex>
         <ex>parsa</ex>
         <ex>parla</ex>
         <ex>departi</ex>
         <ex>﻿parties</ex>
         <ex>﻿parsa</ex>
         <ex>parle</ex>
         <ex>parmenable.</ex>
         <ex>mandaparmolt</ex>
         <ex>suesfrepartoi</ex>
         <ex>parses</ex>
         <ex>fuparle</ex>
         <ex>partoz</ex>
         <ex>﻿paroles</ex>
         <ex>﻿partout</ex>
         <ex>﻿partie</ex>
         <ex>﻿parsa</ex>
         <ex>oientpargrant
</ex>
         <ex>de﻿partie</ex>
         <ex> ﻿parla</ex>
         <ex>﻿parti</ex>
         <ex>﻿parmout</ex>
         <ex>﻿parmi</ex>
         <ex>﻿parmi</ex>
         <ex>parmenable</ex>
         <ex>tantparmer</ex>
         <ex>﻿partirent</ex>
         <ex>reporterentparnuit</ex>
         <ex>languagespartoute</ex>
         <ex>totespars.</ex>
         <ex>parmout</ex>
         <ex>totesparz</ex>
         <ex>teesparles</ex>
         <ex>﻿parmout</ex>
         <ex> parta</ex>
         <ex> parler</ex>
         <ex> parler</ex>
         <ex>nosparlions</ex>
         <ex>parla</ex>
         <ex>parsonges
</ex>
         <ex>parla</ex>
         <ex>paroles
</ex>
         <ex>departi</ex>
         <ex>partie</ex>
         <ex>departi</ex>
         <ex>departi</ex>
         <ex>partir</ex>
         <ex>para</ex>
         <ex>parcharmes.</ex>
         <ex>mparla</ex>
         <ex>abbesparla</ex>
         <ex>departi</ex>
         <ex>partie</ex>
         <ex>partoz</ex>
         <ex>par</ex>
         <ex>parbrief</ex>
         <ex>departoit.</ex>
         <ex>para</ex>
         <ex>pardon</ex>
         <ex>anzparces</ex>
         <ex>partrois</ex>
         <ex>parla</ex>
         <ex>arriereparce</ex>
         <ex>departirent</ex>
         <ex>parla</ex>
         <ex>parvomite.</ex>
         <ex>parla
</ex>
         <ex>paroles</ex>
         <ex>parenir
</ex>
         <ex>parla</ex>
         <ex>departiz</ex>
         <ex>part
</ex>
         <ex>oientparruile</ex>
         <ex>autrepartie</ex>
         <ex>parla
</ex>
         <ex>laparo</ex>
         <ex>departi</ex>
         <ex>sparceste</ex>
         <ex>departi</ex>
         <ex>parmer</ex>
         <ex>partote</ex>
         <ex>pareus</ex>
         <ex>parla</ex>
         <ex>parloient</ex>
         <ex>Tuparoles
</ex>
         <ex>ndepartote
</ex>
         <ex>parties</ex>
         <ex>pareu</ex>
         <ex>paroe</ex>
         <ex>departisist</ex>
         <ex>faitepargrant
</ex>
         <ex>partoz</ex>
         <ex>partoz</ex>
         <ex>partoz</ex>
         <ex>pargrant</ex>
         <ex>parmenable</ex>
         <ex>departi</ex>
         <ex>parl</ex>
         <ex>parmeintes</ex>
         <ex>foizparmi</ex>
         <ex>parlerent.</ex>
         <ex>lui par</ex>
         <ex>nespara</ex>
         <ex>parenue</ex>
         <ex>parlions</ex>
         <ex>parson</ex>
         <ex>departi</ex>
         <ex>partesmoins</ex>
         <ex>departement</ex>
         <ex>﻿parmout</ex>
         <ex>par﻿ses</ex>
         <ex>﻿par.</ex>
         <ex>autrepart</ex>
         <ex>﻿parlor</ex>
         <ex>﻿parole</ex>
         <ex>departirent</ex>
      </td>
      <td>
         <em>per</em>
         <ex>desesper﻿</ex>
         <ex>sperit</ex>
         <ex>a﻿pertement</ex>
         <ex>em﻿pereres</ex>
         <ex>empereres</ex>
         <ex>em﻿pereres</ex>
         <ex>﻿peres</ex>
         <ex>ses﻿peres</ex>
         <ex>em﻿pereres</ex>
         <ex>pere</ex>
         <ex>empereors</ex>
         <ex>empereor
</ex>
         <ex>empereres</ex>
         <ex>empereor</ex>
         <ex>empereres
</ex>
         <ex>empereres</ex>
         <ex>empereor</ex>
         <ex>aperut</ex>
         <ex>esperit</ex>
         <ex>peres</ex>
         <ex>empereres</ex>
         <ex>empereres</ex>
         <ex>empereor</ex>
         <ex>empereres</ex>
         <ex>empereres
</ex>
         <ex>empereres</ex>
         <ex>empereor
</ex>
         <ex>empereres</ex>
         <ex>empereres</ex>
         <ex>emperere</ex>
         <ex>empereor</ex>
         <ex>empereor</ex>
         <ex>empereor</ex>
         <ex>empereor</ex>
         <ex>empereres</ex>
         <ex>apertement</ex>
         <ex>sperit</ex>
         <ex>esperiz</ex>
         <ex>aperce</ex>
         <ex>esperiz</ex>
         <ex>em﻿pereor</ex>
         <ex>empereor</ex>
         <ex>em﻿pereor</ex>
         <ex>em﻿pereor</ex>
         <ex>em﻿pereor</ex>
         <ex>em﻿pereres
</ex>
         <ex>em﻿pereres</ex>
         <ex>empereres</ex>
         <ex>em﻿pereres
</ex>
         <ex>em﻿pereres</ex>
         <ex>mpereres</ex>
         <ex>empereres
</ex>
         <ex>empereor.</ex>
         <ex>a﻿pertement</ex>
         <ex>empereres</ex>
         <ex>﻿pere</ex>
         <ex>aperce</ex>
         <ex>aperce</ex>
         <ex>em﻿pereor</ex>
         <ex>empereres</ex>
         <ex>em﻿pereor
</ex>
      </td>
      <td>
         <em>pre</em>
         <ex>prestre</ex>
         <ex>Liprestres</ex>
         <ex>prestre</ex>
      </td>
      <td>
         <em>pro</em>
         <ex>apropinquabit</ex>
      </td>
   </tr>
   <tr>
      <td>﻿﻿﻿spū</td>
      <td>
         <em>spiritu</em>
         <ex>etspiritu</ex>
      </td>
   </tr>
   <tr>
      <td>﻿﻿﻿uͤ</td>
      <td>
         <em>vre</em>
         <ex>oevres</ex>
         <ex>povres</ex>
         <ex>oevres</ex>
         <ex>oevres</ex>
      </td>
   </tr>
   <tr>
      <td>﻿﻿﻿uͥ</td>
      <td>
         <em>uer</em>
         <ex>fuerit</ex>
      </td>
   </tr>
   <tr>
      <td>﻿﻿﻿ū</td>
      <td>
         <em>um</em>
         <ex>regnumcelo</ex>
         <ex>regnumDei</ex>
         <ex>epotianum</ex>
         <ex>eternumin</ex>
      </td>
      <td>
         <em>un</em>
         <ex>dunchastel</ex>
         <ex>chascunleu</ex>
         <ex>Aucunbien</ex>
         <ex>chascunor</ex>
      </td>
      <td>
         <em>ver</em>
         <ex>envers</ex>
         <ex>vertuz</ex>
         <ex>diverses</ex>
         <ex>envers</ex>
         <ex>envers</ex>
      </td>
   </tr>
</table>Dialogues sur les vertus de saint MartinWauchier de DenainAriane Pinche2015ParisBibliothèque nationale de Francefr. 00412Oeuvres hagiographiques de Wauchier de Denain1285Notice tiré de la base Jonas, Anne-Françoise Leurquin et Marie-Laure
                            Savoye, notice de "PARIS, Bibliothèque nationale de France, Manuscrits,
                            fr. 00412" dans la base Jonas-IRHT/CNRS (permalink : http://jonas.irht.cnrs.fr/manuscrit/45533). Consultation du
                            03/07/2015 fol.103-fol.170Wauchier de DenainOeuvres hagiographiques de Wauchier de DenainDe saint Martin mout doit on doucement et volentiers le bien
                                oïr et entendreTraduction des "Dialogues sur les vertus de saint Martin" de
                                sulpice sévère, URN CTS sur le "Perseus catalog" :
                                urn:cts:latinLit:stoa0270.stoa003parchemin33024521 Senions, 245 foliosCarolineThis pointer pattern extracts chapter and sectionThis pointer pattern extracts chapter.Jean (Baptiste)Personnage biblique, Jean
                                le Baptiste fut prédicateur en Judée avant Jésus de
                            Nazareth.Valentinien37115 mai 392Valentinien II, fils de Valentinien
                            Ier, est empereur romain de 375 à 392.GallusPersonnage des dialogues sur les vertus de saint
                                Martin, il aurait été un disciple de saint Martin.PostumienPersonnage des dialogues sur les vertus de saint
                                Martin, il aurait été un moine explorateur qui a rencontrer les
                            saints pères du désert.360420SeverusSulpice Sévère, auteur latin des Dialogues sur les vertus de saint Martin et de la
                                Vie de saint Martin, il se met en scène comme
                            étant l'un des trois interlocuteurs des Dialogues sur
                                les vertus de saint Martin.Martin (saint)316397Saint Martin de Tours est né dans en
                            Hongrie dans la colonie romaine de Sabaria en 316. Il est mort à Candes en France le 8 novembre 397.Jésus Christ030Jésus-Christ est le nom donné par l'ensemble des
                            chrétiens au prophète qu'ils considèrent comme le Messie et le Fils
                            unique de Dieu.Maximin1738 août 384Magnus Clemens
                                Maximusest un officier romain qui à la tête des légions de
                            Bretagne renversa en 383 l'empereur Gratien, et régna sur l'Occident
                            jusqu'en 388, où il fut vaincu et tué par les troupes de
                            Théodose.ArboriusMagnus Arborius, élu comte des largesses sacrées
                            en 379, puis préfet de Rome en 380, il aurait été l’un des protecteurs
                            de saint Martin, voir Sulpice Sévère, Vie de saint Martin. Tome II, éd. Jacques
                                Fontaine, Paris Éd du Cerf, 1968, p.874.ItacheIthacium, evêque d'Ossobona et meneur du parti
                            épiscopal hostile à Priscillien, voir Chadwick,
                                    Priscillian, p.51-55.Priscillien340385Évêque d'Avila, hérésiarque, il est le fondateur de la secte
                            priscillianiste. Il fut banni d'Espagne par un décret de Gratien puis
                            exécuté en 385.TheonisteÉvêque gallo-romain, il est le seul parmi les
                            Ithaciens a avoir rompu avec la faction en condamnant publiquement ses
                            agissementsFelicesÉvêqueCyprien3e siècle258Evêque de Carthage, martyr, victime des persécutions de l'empereur
                            Valérien (253-260).Chaton9546Marcus Porcius Cato, dit Caton d'Utique,
                            homme d'Etat romain, en 63, lors de la conjuration de Catilina, il prit
                            le parti de Cicéron. Lors des guerres civiles (-49), il se prononça pour
                                Pompée et prit les armes contre
                                César. Après la défaite de
                            Metellus Scipion à Thapsus le 6 avril 46, Caton, plutôt que de perdre sa
                            liberté, préféra se suicider en se transperçant de son épée.Cesar12 juillet en 100 av. J-C.15 mars en 44 av. J-C.Caius Iulius Caesar, général
                            romain, fin stratège, suite aux guerres civiles (49-45) qu'il
                            remportera, il se fera nommer dictateur à vie de Rome avant d'être
                            assassiné par Brutus aux Ides de Mars 44. Pompeus29 septembre 106 av. J-C.28 septembre 48 av. J-C.Cnaeus Pompeius Magnus, général
                            et homme politique romain, il s'opposa à Jules
                                César durant les guerres civiles qu'il perdit lors de la
                            bataille de Pharsale en 48 av. J-C. Il prit alors la fuite vers l'Égypte
                            où il fut assassiné sur la plage de Péluse.Lucan3 novembre 3928 septembre 65Marcus Annaeus Lucanus, célèbre
                            orateur et écrivain romain, neveu de Sénèque, il composa la Pharsale, épopée qui relate la guerre civile qui
                            opposa Pompée et César entre 49 et 48 av. J.-C.Origene (sanit)185254Père
                            de l'Eglise, considéré comme le fondateur de l'exégèse biblique pour
                            avoir commenté tous les livres de l'Ancien et du Nouveau Testament. Il
                            est également connu pour être l'auteur du Traité des
                                principes (231).Jerome (saint)34520 septembre 420Père
                            et docteur de l'Eglise, célèbre traducteur de la bible latine. Il est
                            l'un des principaux opposants aux idées d'Origène.BelguisunPersonnage des Dialogues,
                            il semble être un ami de Gallus, peut-être un disciple de saint Martin.
                            J.Fontaine suggère que ce nom pourrait être un cognomen ethnique, voir
                                    Sulpice Sévère, Gallus,
                                    Dialogues sur les "vertus" de saint Martin, éd. Jacques
                                Fontaine, Paris Éd du Cerf, 2006, p.133Antoine251356Antoine le grand, Antoine d'Egypte ou Antoine
                                l'Ermite est considéré comme le fondateur du l'érémitisme
                            chrétien.Paul228341Paul de Thèbes ou Paul l'ermite est
                            l'une des figures fondatrices du monachisme, avec saint Antoine.Jehan360432Jean Cassien ou Jean l'ermite prêtre
                            et moine, originaire d'Egypte, il établit sa communauté sur l'île de
                            Chypre.CyrenenseNom d'un personnage des Dialogues, vieux prêtre de auquel Postumien prêta sa copie de
                            la Vie de saint
                                    Martin de Sulpice
                                Sévère. Son nom n'est pas indiqué dans la source latine,
                            mais il est fait mention du fait qu'il est originaire de Cyrénaïque, cyrenensis. L'attribution de ce nom au prêtre est
                            peut-être lié à une confusion de Wauchier de
                                Denain.ZachariePersonnage biblique, il serait le père de saint
                                Jean le Baptiste. Trop
                            vieux pour avoir un enfant, le Seigneur lui Apparais pour lui annoncer
                            la naissance d'un fils qui serait prophète. Zacharie est alors frappé de
                            stupeur jusqu'à la naissance de son fils. Il retrouvera la parole pour
                            proclamer que le nom de son fils est Jean, tel que le Seigneur le lui
                            avait demander.EvanchiusPersonnage des Dialogues, oncle chrétien de
                                GallusAgnes4e siècle4e siècleMartyr
                            romaineCecile3e siècle3e siècleMartyre romaineMarie MagdalenePersonnage biblique, disciple femme de Jesus-Christ.Pere??64Pêcheur de Galilée, devenu un des douze apôtres de Jésus-Christ. Il est
                            le premier évêque de RomeRefrigeriusPersonnage des Dialogues,
                            prêtre.EucheriusPersonnage des Dialogues,
                            consul.CelsusPersonnage des Dialogues,
                            consul.ValentinienPersonnage des Dialogues,
                            evêque du temps de saint
                            Martin.VictricusPersonnage des Dialogues,
                            evêque de Rouen du temps de saint
                                Martin.AvicienPersonnage des Dialogues,
                            comte de Tours du temps de saint
                                Martin.SaturninePersonnage des Dialogues,
                            prêtre.ArpagePersonnage des Dialogues,
                            prêtre.AgaridutPersonnage des Dialogues,
                            gentilhomme, il arrive au monastère où se trouvent Sulpice Sevère, Postumien et Gallus
                            avec Refregerius.EvangilusPersonnage des Dialogues,
                            prêtre.MariePersonnage biblique, la vierge Marie
                            est la mère de Dieu.JupiterDieu romainMercuriusDieu romainMarcelPersonnage des Dialogues,
                            prêtre d'Amboise.ChatonPersonnage des Dialogues,
                            diacre de l'éveque saint
                            Martin.JudasPersonnage biblique, apôtre qui trahit le Christ
                            pour le livrer à Ponce Pilate.Brice444Saint Brice de
                                Tours, Ordoné évêque de Tours en 397, il est le successeur
                            de saint Martin. Il possède une mauvaise réputation en raison de son
                            affection pour le luxe et les chevaux
                            Paulin353431Paulin de Nole, né à Bordeaux vers 353,
                            mort à Nole en 431, est un poète et un ecclésiastique latin contemporain
                            de saint Augustin et de Martin de
                                Tours, qui l'encouragea dans sa vocation religieuse. Il a
                            été évêque de Nole de 409 à sa mort.PomponiePersonnage des Dialogues,
                            ami de Gallus.GauchierWauchier de Denain, auteur du recueil
                            hagriographique Li seint ConfessorDuc de NamurPhilippe de Namur, duc de Namur et comte de
                            Hainault, mécène de Wauchier de
                                Denain.ValentiensSeigneur de la ville de Tours pendant que saint
                                Martin était évêque.CaphseLieu inconnu, peut-être issu d'une confusion sur le texte latin (à
                            terminer)EgypteOrientNerbone43.184277 3.0030779999999595Marselle43.296482 5.369779999999992AufriqeAlixandre31.2000924 29.91873869999995CyreneRome41.8919300 12.5113300Bethleem31.712291 35.202123Jerusalem31.7774646 35.23474835 OccidentNilNitre30.75 30.25roge merSynay29.5 34.0AiseDésigne l'Asie mineure.Thebes25.631139 32.560331Désigne la cité EgyptienneIndesSyre37.5 37.5EthyopeHermenieBosforeTours47.3833300 0.6833300Chartre48.445658 1.4856175Claudiomias46.941585 1.232804Cité romaine dont le nom est formé sur le nom de l'empereur Claude et
                            du terme Gaulois "magus" qui désigne "le marche, le champ, la plaine".
                            Située dans l'Indre, il s'agit de l'actuelle commune de
                            CLion-Sur-Indre.Trieve49.7536618698 6.39714245326 Désigne la ville de Trèves.Mans45.867886882, 0.176127267151Sens48.1978885 3.2855855Embaise45.955991 1.399235TouraineEspagneLombardieGrèceCarthageEmbaise36.84837212 10.32340778AchaïeChorinte37.798572, 22.834379Atheines37.450394 22.669501EuropeCholomaideVille inconnue, le texte de Sulpice Sévère fait quant à lui allusion à
                            Ptolemaidis, future Saint-Jean-d'Acre (actuelle Akkr).SezileDésigne la province Romaine de Sicile.PuilleDésigne les Puilles, région du Sud-Est de l'Italie dont le chef lieu
                            est BariFrance<table>
   <tr>
      <td>'</td>
      <td>
         <em>er</em>
         <ex>troeren</ex>
         <ex>terme</ex>
         <ex>esmerellier</ex>
         <ex>mengiertant</ex>
      </td>
      <td>
         <em>ier</em>
         <ex>olentiers</ex>
         <ex>aidierne
</ex>
         <ex>chevaliers</ex>
         <ex>mostiere
</ex>
         <ex>plenier.</ex>
      </td>
      <td>
         <em>os</em>
         <ex>osdirai</ex>
         <ex>nosentr</ex>
         <ex>oseoir</ex>
         <ex>faireosoel</ex>
         <ex>nosa</ex>
         <ex>nosde</ex>
         <ex>eosai</ex>
         <ex>osne</ex>
         <ex>nosa</ex>
         <ex>nosfumes</ex>
         <ex>nos</ex>
         <ex>nosaparoit</ex>
         <ex>osraconteroie</ex>
         <ex>nos</ex>
         <ex>nospe</ex>
         <ex>nosen
</ex>
         <ex>os</ex>
         <ex>osdiroie</ex>
         <ex>osconterai</ex>
         <ex>osen</ex>
         <ex>osos</ex>
         <ex>os
</ex>
         <ex>nose</ex>
      </td>
      <td>
         <em>re</em>
         <ex>prendre.</ex>
         <ex>premiers</ex>
         <ex>entendrene</ex>
      </td>
      <td>
         <em>s</em>
         <ex>us
</ex>
         <ex>sacreficesar</ex>
         <ex>bones</ex>
      </td>
      <td>
         <em>ue</em>
         <ex>queuns</ex>
         <ex>esqueqi</ex>
      </td>
      <td>
         <em>us</em>
         <ex>Beaussignors</ex>
         <ex>Beaussignor</ex>
         <ex>Beausperes</ex>
         <ex>estusde</ex>
         <ex>plus
</ex>
         <ex>plusententi</ex>
         <ex>Beaus
</ex>
         <ex>esperitueusce</ex>
         <ex>Beausfreres</ex>
         <ex>essiausmetre</ex>
         <ex>arceaus</ex>
         <ex>arceaus</ex>
         <ex>enceausdist</ex>
         <ex>porceaus.</ex>
         <ex>enceausau
</ex>
         <ex>Beaussire</ex>
         <ex>enceaussa</ex>
         <ex>enusde</ex>
         <ex>arceaus</ex>
         <ex>ceusqi</ex>
         <ex>dusgardes</ex>
         <ex>enus</ex>
         <ex>iustenues.</ex>
         <ex>tieuschoses</ex>
         <ex>enciaushauz</ex>
         <ex>ceusqi</ex>
         <ex>Beausfiuz</ex>
         <ex>enuscoment</ex>
         <ex>engigneusestoient</ex>
         <ex>enceausdeli</ex>
         <ex>morteusl</ex>
         <ex>euserrachoient
</ex>
         <ex>languereusclop</ex>
         <ex>languereusa</ex>
         <ex>eusensamble</ex>
         <ex>eusq</ex>
         <ex>estussanz</ex>
         <ex>enceauspuceles</ex>
         <ex>chasteausdes
</ex>
         <ex>palezineuspelerins</ex>
         <ex>enceaustenoit</ex>
         <ex>piausde</ex>
         <ex>beausmiracles.</ex>
         <ex>allus</ex>
         <ex>erus</ex>
         <ex>plusconter</ex>
      </td>
   </tr>
   <tr>
      <td>a'</td>
      <td>
         <em>an</em>
         <ex>afairesant</ex>
      </td>
   </tr>
   <tr>
      <td>aᷤ</td>
      <td>
         <em>as</em>
         <ex>ase</ex>
      </td>
   </tr>
   <tr>
      <td>bƺ</td>
      <td>
         <em>bus</em>
         <ex>omnibus</ex>
         <ex>ebus
</ex>
      </td>
   </tr>
   <tr>
      <td>cͥ</td>
      <td>
         <em>Cri</em>
         <ex>Crist</ex>
      </td>
      <td>
         <em>cri</em>
         <ex>ntecrist</ex>
      </td>
   </tr>
   <tr>
      <td>d'</td>
      <td>
         <em>dre</em>
         <ex>pendreen</ex>
      </td>
   </tr>
   <tr>
      <td>dͤ</td>
      <td>
         <em>de</em>
         <ex>gardede</ex>
      </td>
   </tr>
   <tr>
      <td>d</td>
      <td>
         <em>Domin</em>
         <ex>Domins</ex>
         <ex>Domine</ex>
      </td>
   </tr>
   <tr>
      <td>e'</td>
      <td>
         <em>en</em>
         <ex>laidengier</ex>
      </td>
   </tr>
   <tr>
      <td>eᷤ</td>
      <td>
         <em>es</em>
         <ex>deciplessi</ex>
         <ex>mesla</ex>
         <ex>iresli
</ex>
         <ex>choses.</ex>
         <ex>auques</ex>
         <ex>Mespor</ex>
      </td>
   </tr>
   <tr>
      <td>iͣ</td>
      <td>
         <em>rai</em>
         <ex>destraig</ex>
      </td>
   </tr>
   <tr>
      <td>iᷤ</td>
      <td>
         <em>is</em>
         <ex>puisqe</ex>
      </td>
   </tr>
   <tr>
      <td>mlt'</td>
      <td>
         <em>molt</em>
         <ex>moltde</ex>
         <ex>rochemoltestoit</ex>
         <ex>molt
</ex>
         <ex>molta</ex>
         <ex>moltso</ex>
         <ex>moltdocement</ex>
         <ex>moltcruelment</ex>
         <ex>moltdesirroit
</ex>
         <ex>molt</ex>
         <ex>molt</ex>
         <ex>moltdolenz</ex>
         <ex>moltcombrisiez</ex>
         <ex>moltestoit</ex>
         <ex>demoltgrant
</ex>
         <ex>moltbenignement</ex>
         <ex>eslectionmoltproierent</ex>
         <ex>moltgrant</ex>
         <ex>moltriches</ex>
         <ex>moltdolenz
</ex>
         <ex>moltpetit.</ex>
         <ex>moltiau</ex>
         <ex>moltgrant</ex>
         <ex>moltcar</ex>
         <ex>moltqe</ex>
         <ex>moltbenignement.</ex>
         <ex>moltfelon</ex>
         <ex>moltso</ex>
         <ex>moltprodome</ex>
         <ex>moltco</ex>
      </td>
   </tr>
   <tr>
      <td>m̃</td>
      <td>
         <em>mur</em>
         <ex>forsmurs</ex>
      </td>
   </tr>
   <tr>
      <td>m̅</td>
      <td>
         <em>men</em>
         <ex>longuement</ex>
         <ex>isnelement</ex>
         <ex>premierement</ex>
         <ex>meesmement</ex>
         <ex>habundanment.</ex>
         <ex>solement</ex>
         <ex>amonestement</ex>
         <ex>tormenz</ex>
         <ex>ement</ex>
         <ex>eraiement</ex>
         <ex>mencement</ex>
         <ex>dediement</ex>
         <ex>assiduelment</ex>
         <ex>heitiement</ex>
         <ex>tormentoit</ex>
         <ex>oignement</ex>
         <ex>longuement.</ex>
         <ex>esleecement.</ex>
         <ex>erranment</ex>
         <ex>comandemenz</ex>
         <ex>comandement</ex>
         <ex>durement</ex>
         <ex>docement</ex>
         <ex>rement</ex>
         <ex>benignement</ex>
         <ex>menablement</ex>
         <ex>solement</ex>
         <ex>belement</ex>
         <ex>seulement</ex>
         <ex>hautement</ex>
         <ex>raiement</ex>
         <ex>solement</ex>
         <ex>seulement</ex>
         <ex>pleinement</ex>
         <ex>hardiement</ex>
         <ex>meesmement</ex>
         <ex>seulement</ex>
         <ex>Ensement</ex>
         <ex>isnelement</ex>
         <ex>ement.</ex>
         <ex>autrement</ex>
         <ex>pleinement</ex>
      </td>
      <td>
         <em>mer</em>
         <ex>merel</ex>
      </td>
   </tr>
   <tr>
      <td>mͣ</td>
      <td>
         <em>Mar</em>
         <ex> Mart</ex>
         <ex>Mart</ex>
      </td>
   </tr>
   <tr>
      <td>nͣ</td>
      <td>
         <em>an</em>
         <ex>Qant</ex>
         <ex>mestierant</ex>
         <ex>qant</ex>
         <ex>Qant</ex>
         <ex>qant</ex>
         <ex>qant</ex>
         <ex>Qant</ex>
         <ex>Qant</ex>
         <ex>qant</ex>
         <ex>Qant</ex>
         <ex>Qant</ex>
         <ex>Qant</ex>
         <ex>Qant</ex>
         <ex>Qant</ex>
         <ex>Qant</ex>
         <ex>Qant</ex>
         <ex>qant</ex>
         <ex>qant</ex>
         <ex>Qant</ex>
         <ex>Qant</ex>
         <ex>qant</ex>
         <ex>qant</ex>
         <ex>qant</ex>
         <ex>qant</ex>
         <ex>Qant</ex>
         <ex>Qant</ex>
         <ex>qant</ex>
         <ex>Qant</ex>
         <ex>Qant</ex>
         <ex>qant</ex>
         <ex>qant</ex>
         <ex>Qant</ex>
         <ex>Qant</ex>
         <ex>Qant</ex>
         <ex>qant</ex>
         <ex>Qant</ex>
         <ex>Qant</ex>
         <ex>Qant</ex>
         <ex>qant</ex>
         <ex>qant</ex>
         <ex>qant</ex>
         <ex>qant</ex>
         <ex>qant</ex>
         <ex>qant</ex>
         <ex>qant</ex>
         <ex>Qant</ex>
         <ex>Qant</ex>
         <ex>Qant</ex>
         <ex>Qant</ex>
         <ex>qant</ex>
         <ex>Qant</ex>
         <ex>qant</ex>
         <ex>qant</ex>
         <ex>qant</ex>
         <ex>Qant</ex>
         <ex>qant</ex>
      </td>
      <td>
         <em>ran</em>
         <ex>granz</ex>
         <ex>granz</ex>
         <ex>grant</ex>
         <ex>grant</ex>
         <ex>grant</ex>
         <ex>grant</ex>
         <ex>grant</ex>
         <ex>grant</ex>
         <ex>grant</ex>
         <ex>grans</ex>
         <ex>grant</ex>
         <ex>grant</ex>
         <ex>grant</ex>
         <ex>grant</ex>
         <ex>grant</ex>
         <ex>granz</ex>
         <ex>grant</ex>
         <ex>granz</ex>
         <ex>grant</ex>
         <ex>grant</ex>
         <ex>grant</ex>
         <ex>grant</ex>
         <ex>grant</ex>
         <ex>grant</ex>
         <ex>grant</ex>
         <ex>granz</ex>
         <ex>grant</ex>
         <ex>grant</ex>
      </td>
   </tr>
   <tr>
      <td>nͥ</td>
      <td>
         <em>nier</em>
         <ex>maniere</ex>
      </td>
   </tr>
   <tr>
      <td>nͬ</td>
      <td>
         <em>nor</em>
         <ex>signordedenz</ex>
      </td>
   </tr>
   <tr>
      <td>nᷤ</td>
      <td>
         <em>ns</em>
         <ex>tens.</ex>
      </td>
   </tr>
   <tr>
      <td>o'</td>
      <td>
         <em>om</em>
         <ex>comli</ex>
         <ex>preudomseinz
</ex>
         <ex>comil</ex>
         <ex>comla</ex>
         <ex>preudom.</ex>
      </td>
      <td>
         <em>on</em>
         <ex>orisona</ex>
         <ex>confessor</ex>
         <ex>confessor</ex>
         <ex>son
</ex>
         <ex>conment</ex>
      </td>
   </tr>
   <tr>
      <td>pͥ</td>
      <td>
         <em>pri</em>
         <ex>espris</ex>
         <ex>prise.</ex>
         <ex>primes</ex>
         <ex>prist</ex>
         <ex>lesprinces</ex>
         <ex>repris</ex>
         <ex>prist</ex>
      </td>
   </tr>
   <tr>
      <td>pͬ</td>
      <td>
         <em>pr</em>
         <ex> pres</ex>
         <ex>esqepres</ex>
      </td>
   </tr>
   <tr>
      <td>q'</td>
      <td>
         <em>q'e</em>
         <ex>q'eles</ex>
         <ex>q'ele</ex>
      </td>
   </tr>
   <tr>
      <td>qƺ</td>
      <td>
         <em>que</em>
         <ex>usque</ex>
      </td>
   </tr>
   <tr>
      <td>qͤ</td>
      <td>
         <em>qe</em>
         <ex>qesi</ex>
      </td>
   </tr>
   <tr>
      <td>qͥ</td>
      <td>
         <em>q'i</em>
         <ex>q'il</ex>
         <ex>q'il</ex>
         <ex>ceq'il</ex>
         <ex>teleq'il</ex>
         <ex>q'il</ex>
         <ex>q'il</ex>
         <ex>q'il</ex>
         <ex>q'il</ex>
         <ex>foisq'il</ex>
      </td>
      <td>
         <em>qi</em>
         <ex>eritqi </ex>
         <ex>esqisi</ex>
         <ex>qiadis</ex>
         <ex>teqi</ex>
         <ex>teqi</ex>
      </td>
   </tr>
   <tr>
      <td>rͤ</td>
      <td>
         <em>re</em>
         <ex>eincoreesgarder</ex>
      </td>
   </tr>
   <tr>
      <td>rͥ</td>
      <td>
         <em>ri</em>
         <ex>grief</ex>
      </td>
   </tr>
   <tr>
      <td>s'</td>
      <td>
         <em>seint</em>
         <ex>seintartin</ex>
         <ex>seintartin</ex>
         <ex>seintartin</ex>
         <ex>seint </ex>
         <ex>seintt</ex>
         <ex>de.seint.</ex>
         <ex>.seint.</ex>
      </td>
   </tr>
   <tr>
      <td>tº</td>
      <td>
         <em>tro</em>
         <ex>estroite.</ex>
      </td>
   </tr>
   <tr>
      <td>tͧ</td>
      <td>
         <em>tur</em>
         <ex>nature</ex>
      </td>
   </tr>
   <tr>
      <td>tᵉ</td>
      <td>
         <em>tre</em>
         <ex>autrel</ex>
         <ex>nostreignor
</ex>
         <ex>nostreignor
</ex>
         <ex>autres</ex>
         <ex>contree</ex>
         <ex>nostreignor</ex>
         <ex>mestres</ex>
         <ex>prestres</ex>
      </td>
   </tr>
   <tr>
      <td>uͥ</td>
      <td>
         <em>vri</em>
         <ex>covrir</ex>
      </td>
   </tr>
   <tr>
      <td>ñ</td>
      <td>
         <em>non</em>
         <ex>non
</ex>
         <ex> non</ex>
      </td>
   </tr>
   <tr>
      <td>ā</td>
      <td>
         <em>am</em>
         <ex>Penitentiam</ex>
         <ex>ensamble</ex>
      </td>
      <td>
         <em>an</em>
         <ex>grant</ex>
         <ex>semblant</ex>
         <ex>marcheanz</ex>
         <ex>meintenant</ex>
         <ex>creance</ex>
         <ex>tramblant</ex>
         <ex>sanblance</ex>
         <ex>enfant</ex>
         <ex>grant</ex>
         <ex>deant</ex>
         <ex>rance</ex>
         <ex>preecant</ex>
         <ex>rance.</ex>
         <ex>tant</ex>
         <ex>anssambl</ex>
         <ex>demandai</ex>
         <ex>grant</ex>
         <ex>manmon
</ex>
         <ex>demanda</ex>
         <ex>sanz
</ex>
         <ex>tant</ex>
         <ex>deant</ex>
         <ex>doutance.</ex>
         <ex>creance</ex>
         <ex>deant</ex>
         <ex>tant</ex>
         <ex>aant</ex>
         <ex>enfant</ex>
         <ex>nsanble</ex>
         <ex>tant</ex>
         <ex>portanz</ex>
         <ex>granz</ex>
         <ex>granz</ex>
         <ex>serant</ex>
         <ex>estrange</ex>
         <ex>sanz</ex>
         <ex>ramembrance</ex>
         <ex>demorance</ex>
         <ex>grant</ex>
         <ex>seranz</ex>
         <ex>ensanble</ex>
         <ex>tant</ex>
         <ex>aant</ex>
         <ex>tant</ex>
         <ex>tant</ex>
         <ex>grant</ex>
         <ex>deant</ex>
         <ex>tant</ex>
         <ex>demanda</ex>
         <ex>deant</ex>
         <ex>repentanz</ex>
         <ex>meintenant</ex>
         <ex>tant</ex>
         <ex>aant</ex>
         <ex>grant</ex>
         <ex>deant</ex>
         <ex>tant</ex>
         <ex>tant</ex>
         <ex>grant</ex>
      </td>
   </tr>
   <tr>
      <td>ē</td>
      <td>
         <em>em</em>
         <ex>temple.</ex>
         <ex>temp</ex>
         <ex>lempereor</ex>
      </td>
      <td>
         <em>en</em>
         <ex>meintient</ex>
         <ex>citoienfirent</ex>
         <ex>esmurent</ex>
         <ex>Quenusurier</ex>
         <ex>genz</ex>
         <ex>tenpore</ex>
         <ex>tenp</ex>
         <ex>distrent</ex>
         <ex>lendemein</ex>
         <ex>prendre</ex>
         <ex>eroient</ex>
         <ex>ssent</ex>
         <ex>paiena</ex>
         <ex>firent</ex>
         <ex>estoient.</ex>
         <ex>alerent</ex>
         <ex>enorter</ex>
         <ex>griement</ex>
         <ex>bien
</ex>
         <ex>biense</ex>
         <ex>pristrent</ex>
         <ex>mengoit</ex>
         <ex>estoient</ex>
         <ex>estoient</ex>
         <ex>mandement</ex>
         <ex>biensanz</ex>
         <ex>distrent</ex>
         <ex>erent</ex>
         <ex>nen </ex>
         <ex>rendi</ex>
         <ex>doient
</ex>
         <ex>respondirent</ex>
         <ex>oenceaus</ex>
         <ex>denpnabitur.</ex>
         <ex>eoient</ex>
         <ex>indrent</ex>
         <ex>pristrent</ex>
         <ex>cenz</ex>
         <ex>cenz</ex>
         <ex>indrent</ex>
         <ex>fesoient</ex>
         <ex>proierent</ex>
         <ex>nenn</ex>
         <ex>menbres</ex>
         <ex>comena</ex>
         <ex>baptizierent</ex>
         <ex>arrestoient.</ex>
         <ex>descendoit</ex>
         <ex>mistrent</ex>
         <ex>respondirent</ex>
         <ex>chastement</ex>
         <ex>olentiers </ex>
         <ex>estoient</ex>
         <ex>lendemein</ex>
         <ex>oierent</ex>
         <ex>estoient</ex>
         <ex>descendre</ex>
         <ex>croient</ex>
         <ex>estoient</ex>
         <ex>pensoient</ex>
         <ex>oient</ex>
         <ex>eoient
</ex>
         <ex>aoroient</ex>
         <ex>trenchier</ex>
         <ex>noient</ex>
         <ex>rieng</ex>
         <ex>paiens</ex>
         <ex>estoient</ex>
         <ex>portoient</ex>
         <ex>ment</ex>
         <ex>menco</ex>
         <ex>biens</ex>
         <ex>roient</ex>
         <ex>indulgense.</ex>
         <ex>bienraconterai</ex>
         <ex>eillierent</ex>
         <ex>bienqe</ex>
         <ex>estoient</ex>
         <ex>enostre</ex>
         <ex>emporteroient</ex>
         <ex>ssent</ex>
         <ex>entendoit</ex>
         <ex>entendi</ex>
         <ex>porpensa</ex>
         <ex>ellierent</ex>
         <ex>erent</ex>
         <ex>genz</ex>
         <ex>estoient</ex>
         <ex>firent</ex>
         <ex>indrent</ex>
         <ex>mendiz</ex>
         <ex>assemblerent</ex>
         <ex>nenconois
</ex>
         <ex>ceens</ex>
         <ex>estoient</ex>
         <ex>argent</ex>
         <ex>amerent.</ex>
         <ex>estoient</ex>
         <ex>nient</ex>
         <ex>riens</ex>
         <ex>proierent</ex>
         <ex>mistrent</ex>
         <ex>ernement</ex>
         <ex>retiegnent</ex>
         <ex>entendoient</ex>
         <ex>dementieres</ex>
         <ex>siens</ex>
         <ex>oient</ex>
         <ex>irent</ex>
         <ex>prendoit</ex>
         <ex>conurent</ex>
         <ex>ssent.</ex>
         <ex>distrent</ex>
         <ex>trestrent</ex>
         <ex>furent</ex>
         <ex>erent.</ex>
         <ex>bienq</ex>
         <ex>partirent</ex>
         <ex>fussent</ex>
         <ex>rendez</ex>
         <ex>donerent</ex>
         <ex>firent</ex>
         <ex>assiduelment</ex>
         <ex>boient.</ex>
         <ex>fussent</ex>
         <ex>prendroient</ex>
         <ex>entrefirent</ex>
         <ex>oient</ex>
         <ex>emporteroient</ex>
         <ex>mistrent</ex>
         <ex>prendre</ex>
         <ex>demanderent</ex>
         <ex>distrent</ex>
         <ex>irent</ex>
         <ex>distrent</ex>
         <ex>distrent</ex>
         <ex>estoient</ex>
         <ex>retrestrent</ex>
         <ex>oient</ex>
         <ex>repristrent</ex>
         <ex>ent</ex>
         <ex>menroient</ex>
         <ex>diemence</ex>
         <ex>ocistrent.</ex>
         <ex>oelent</ex>
         <ex>demorerent</ex>
         <ex>oencel</ex>
         <ex>reclaiment.</ex>
         <ex>senreperierent</ex>
         <ex>menpuisses</ex>
         <ex>alerent</ex>
         <ex>oenceaus</ex>
         <ex>rient</ex>
         <ex>enz</ex>
         <ex>trentiesme</ex>
         <ex>desirroient</ex>
         <ex>argent</ex>
         <ex>soent</ex>
         <ex>menalai</ex>
         <ex>esgardoient.</ex>
         <ex>mencierent</ex>
         <ex>ententi</ex>
         <ex>assistrent</ex>
         <ex>estoient</ex>
         <ex>ient</ex>
         <ex>ssent</ex>
         <ex>hantent</ex>
         <ex>indrent</ex>
         <ex>mengoit</ex>
         <ex>entreil</ex>
         <ex>mengier</ex>
         <ex>oencel</ex>
         <ex>amoient
</ex>
         <ex>habitent</ex>
         <ex>ssent</ex>
         <ex>longement</ex>
         <ex>eoient</ex>
         <ex>irent</ex>
         <ex>ensanglent</ex>
         <ex>comencierent</ex>
         <ex>prensignast
</ex>
         <ex>prensigniez</ex>
         <ex>tesmoignent</ex>
         <ex>fussent</ex>
         <ex>empense.</ex>
         <ex>nentiegent</ex>
         <ex>biensachiez</ex>
         <ex>ient</ex>
         <ex>tesmoigneroient.</ex>
         <ex>tesmoigneroient</ex>
         <ex>dolenz</ex>
         <ex>bienq</ex>
         <ex>bienles</ex>
         <ex>riens</ex>
         <ex>olent</ex>
         <ex>puent</ex>
      </td>
   </tr>
   <tr>
      <td>ĩ</td>
      <td>
         <em>in</em>
         <ex>seint</ex>
         <ex>seint</ex>
         <ex>seint</ex>
         <ex>estreinz</ex>
         <ex>seinz</ex>
         <ex>seinz</ex>
         <ex>seinz</ex>
         <ex>ausint</ex>
         <ex>seinz</ex>
         <ex>ceint</ex>
         <ex>seint</ex>
         <ex>seinz</ex>
         <ex>Einsint</ex>
         <ex>eintenant
</ex>
         <ex>seint</ex>
         <ex>seint</ex>
         <ex>Seinz</ex>
         <ex>int</ex>
         <ex>seint</ex>
         <ex>aint</ex>
         <ex>ceint</ex>
         <ex>meins</ex>
         <ex>seinz</ex>
         <ex>meintenant</ex>
         <ex>seint</ex>
         <ex>amin</ex>
         <ex>seint</ex>
         <ex>seinz</ex>
         <ex>seinte</ex>
         <ex>seint</ex>
         <ex>meins</ex>
         <ex>Seintismes</ex>
         <ex>einz</ex>
         <ex>einsint</ex>
         <ex>meintenissent
</ex>
         <ex>seinz</ex>
         <ex>seinz</ex>
         <ex>ainz</ex>
         <ex>peinnes
</ex>
         <ex>seint</ex>
         <ex>int
</ex>
         <ex>seinz</ex>
         <ex>tesmoing</ex>
         <ex>seint</ex>
         <ex>vint</ex>
         <ex>seinz</ex>
         <ex>int</ex>
         <ex>seinz</ex>
         <ex>seinz</ex>
         <ex>tin</ex>
         <ex>tin</ex>
         <ex>certeinnement</ex>
         <ex>loing</ex>
         <ex>artins</ex>
         <ex>artin</ex>
         <ex>artin</ex>
         <ex>seinz</ex>
         <ex>artin</ex>
         <ex>seinte</ex>
         <ex>artins</ex>
         <ex>oitint</ex>
         <ex>seint</ex>
         <ex>meinz</ex>
         <ex>seint</ex>
         <ex>meins</ex>
         <ex>int</ex>
         <ex>Meintenant</ex>
         <ex>seinz</ex>
         <ex>seinz</ex>
         <ex>seint</ex>
         <ex>meinz</ex>
         <ex>seinte
</ex>
         <ex>seint</ex>
         <ex>seint</ex>
         <ex>meinune</ex>
         <ex>aint</ex>
         <ex>seinz</ex>
         <ex>seint</ex>
         <ex>oisins
</ex>
         <ex>seinz</ex>
         <ex>seinte</ex>
         <ex>Einsint</ex>
         <ex>seint</ex>
         <ex>seinz</ex>
         <ex>pleins</ex>
         <ex>einz</ex>
         <ex>eleint</ex>
         <ex>seint</ex>
         <ex>seint</ex>
         <ex>aussint</ex>
         <ex>seinz</ex>
         <ex>int</ex>
         <ex>seinz</ex>
         <ex>seint</ex>
         <ex>seint</ex>
         <ex>einsint</ex>
         <ex>ausint</ex>
         <ex>loing</ex>
         <ex>larrecinne
</ex>
         <ex>ing</ex>
         <ex>seint</ex>
         <ex>loing</ex>
         <ex>seinz</ex>
         <ex>seint</ex>
         <ex>seint</ex>
         <ex>enins</ex>
         <ex>meins</ex>
         <ex>seinz</ex>
         <ex>loing</ex>
         <ex>Seinz</ex>
         <ex>artins</ex>
         <ex>int</ex>
         <ex>seint</ex>
         <ex>seint</ex>
         <ex>destreins</ex>
         <ex>seint</ex>
         <ex>reint</ex>
         <ex>compleindre.</ex>
         <ex>artins</ex>
         <ex>meintenir</ex>
      </td>
   </tr>
   <tr>
      <td>ō</td>
      <td>
         <em>om</em>
         <ex>comnos</ex>
         <ex>comil</ex>
         <ex>come</ex>
         <ex>com</ex>
         <ex>comil</ex>
         <ex>nombre.</ex>
         <ex>coml</ex>
         <ex>comli</ex>
         <ex>comtoz</ex>
         <ex>com</ex>
         <ex>comil</ex>
         <ex>comnos</ex>
         <ex>comli</ex>
         <ex>preudommout</ex>
         <ex>homli</ex>
         <ex>comil</ex>
      </td>
      <td>
         <em>on</em>
         <ex>Dont</ex>
         <ex>resoignons</ex>
         <ex>noncierent</ex>
         <ex>mesons</ex>
         <ex>mesonqe</ex>
         <ex>sonser</ex>
         <ex>ision </ex>
         <ex>respondoit</ex>
         <ex>dragonqe</ex>
         <ex>nonsi</ex>
         <ex>beneon.</ex>
         <ex>sont</ex>
         <ex>cont</ex>
         <ex>montaigne</ex>
         <ex>nonmee</ex>
         <ex>anoncierent</ex>
         <ex>cond</ex>
         <ex>conpaignie</ex>
         <ex>raconte</ex>
         <ex>parfondece.</ex>
         <ex>non</ex>
         <ex>mons</ex>
         <ex>barons</ex>
         <ex>contes
</ex>
         <ex>non.</ex>
         <ex>bons</ex>
         <ex>confuson</ex>
         <ex>adonc</ex>
         <ex>respons</ex>
         <ex>oiron</ex>
         <ex>conter</ex>
         <ex>nont</ex>
         <ex>respondi</ex>
         <ex>temptationestoient
</ex>
         <ex>trencherons</ex>
         <ex>con</ex>
         <ex>conseil
</ex>
         <ex>meson</ex>
         <ex>meson.</ex>
         <ex>mesonen</ex>
         <ex>son</ex>
         <ex>son</ex>
         <ex>conmen</ex>
         <ex>pissonniaus</ex>
         <ex>puissons</ex>
         <ex>translationdel</ex>
         <ex>translationdel</ex>
         <ex>raconter</ex>
         <ex>aons</ex>
         <ex>monchier</ex>
         <ex>Dont</ex>
         <ex>dont</ex>
         <ex>oroisons</ex>
         <ex>dont</ex>
         <ex>sonaguet.</ex>
         <ex>beneonpuis</ex>
         <ex>puissons</ex>
         <ex>compaignons</ex>
         <ex>Adont</ex>
         <ex>tonbe</ex>
         <ex>monsigneur</ex>
         <ex>nonbre</ex>
         <ex>mona</ex>
         <ex>proions</ex>
         <ex>nonm</ex>
         <ex>monde.</ex>
         <ex>compaignons</ex>
         <ex>dont</ex>
         <ex>otionoste</ex>
         <ex>ethron</ex>
         <ex>monfil</ex>
         <ex>dont</ex>
         <ex>orisons</ex>
         <ex>ironnee</ex>
         <ex>Dont</ex>
         <ex>dont</ex>
         <ex>conpaignie</ex>
         <ex>compaignoni</ex>
         <ex>sonfil
</ex>
         <ex>raconterei</ex>
         <ex>racontes</ex>
         <ex>cont</ex>
         <ex>monfil</ex>
         <ex>non.</ex>
         <ex>orissons</ex>
         <ex>dont</ex>
      </td>
   </tr>
   <tr>
      <td>ŧ</td>
      <td>
         <em>it</em>
         <ex>oitqi</ex>
      </td>
   </tr>
   <tr>
      <td>ʑ</td>
      <td>
         <em>rum</em>
         <ex>celorumnisi</ex>
      </td>
   </tr>
   <tr>
      <td>ͤ</td>
      <td>
         <em>re</em>
         <ex>nostreignor.</ex>
         <ex>nostreires</ex>
         <ex>ostregrant</ex>
         <ex>mestres</ex>
         <ex>nostreignor</ex>
         <ex>demostreen</ex>
         <ex>autres</ex>
         <ex>nostreie</ex>
         <ex>estretoz</ex>
         <ex>mestreqe</ex>
         <ex>oeres</ex>
         <ex>lires</ex>
      </td>
   </tr>
   <tr>
      <td>ᵈ</td>
      <td>
         <em>d</em>
         <ex>ad</ex>
      </td>
   </tr>
   <tr>
      <td>ᷤ</td>
      <td>
         <em>s</em>
         <ex>Jerosmes</ex>
         <ex>osne</ex>
         <ex>noirsespris</ex>
         <ex>fantosmes.</ex>
         <ex>unsdes</ex>
         <ex>forsdel</ex>
         <ex>deablesa</ex>
         <ex>resuscites</ex>
         <ex>sacisos</ex>
         <ex>poissons</ex>
         <ex>poissanz</ex>
         <ex>miracles</ex>
         <ex>miracles</ex>
         <ex>apesiesl</ex>
         <ex>puis</ex>
         <ex>puisfist</ex>
         <ex>seintimese</ex>
         <ex>miraclespluiseurs</ex>
         <ex>icholasfesoient
</ex>
         <ex>pluiseurschoses</ex>
         <ex>puisle</ex>
         <ex>resne</ex>
         <ex>alascha</ex>
         <ex>misne</ex>
         <ex>portes.</ex>
         <ex>fantosmespar</ex>
      </td>
   </tr>
   <tr>
      <td>ṫ</td>
      <td>
         <em>te</em>
         <ex>detere.</ex>
         <ex>tere</ex>
         <ex>terre</ex>
         <ex>terre</ex>
         <ex>terre</ex>
      </td>
      <td>
         <em>ter</em>
         <ex>isiter</ex>
         <ex>terre</ex>
         <ex> terre</ex>
      </td>
      <td>
         <em>té</em>
         <ex>resuscitési</ex>
      </td>
   </tr>
   <tr>
      <td>⁊</td>
      <td>
         <em>Et</em>
         <ex>resplendissant.Ete</ex>
      </td>
      <td>
         <em>Et </em>
         <ex>chosesEt si</ex>
      </td>
      <td>
         <em>et </em>
         <ex>et de</ex>
         <ex>abstinenceet de</ex>
         <ex>ieet li</ex>
         <ex>et d</ex>
         <ex>et les</ex>
         <ex>et en</ex>
         <ex>et en
</ex>
         <ex>et diroient</ex>
         <ex> et a</ex>
         <ex>acreset si
</ex>
         <ex>borgneset aussi</ex>
         <ex>et parla</ex>
         <ex>et der</ex>
         <ex>sitezet molt
</ex>
         <ex>et a</ex>
         <ex>et mis</ex>
         <ex>et uns</ex>
         <ex>enceinteet si
</ex>
         <ex>et ot</ex>
         <ex>enfantet si</ex>
         <ex> et mout</ex>
         <ex>blasmeet tout</ex>
         <ex>et li</ex>
         <ex>et por</ex>
         <ex>et si</ex>
         <ex>et ta</ex>
         <ex>luxureet ex</ex>
         <ex>et si</ex>
         <ex>escondissoitet cil</ex>
         <ex>et de</ex>
         <ex>et sanz</ex>
         <ex>et si</ex>
         <ex>aet a</ex>
         <ex>et si</ex>
         <ex>demandet se</ex>
         <ex>et si</ex>
         <ex> et e</ex>
         <ex>et geterent</ex>
         <ex>et de</ex>
         <ex> et en</ex>
         <ex>et sachiez</ex>
         <ex>deet s</ex>
         <ex>leeet si</ex>
         <ex>et ceste
</ex>
         <ex>homeet dites</ex>
         <ex>erentet la</ex>
         <ex>esqeet si</ex>
         <ex>smeset s</ex>
         <ex>et ala</ex>
         <ex>et la</ex>
         <ex>et en</ex>
         <ex>citet ploroit</ex>
         <ex>et par</ex>
         <ex>et ala</ex>
         <ex>et qant</ex>
         <ex>dedenzet a</ex>
         <ex>citet mout</ex>
         <ex>et d</ex>
         <ex>et de</ex>
         <ex>et les</ex>
         <ex>et dites</ex>
         <ex>et de</ex>
         <ex>seinteet maintint</ex>
         <ex> et la</ex>
         <ex>et son</ex>
         <ex>et honestement
</ex>
         <ex> et a</ex>
         <ex>et reigne</ex>
         <ex>et de</ex>
         <ex>et sages.</ex>
         <ex>et entendre.</ex>
         <ex>et </ex>
         <ex>et latin</ex>
         <ex>diligenceet si</ex>
         <ex>benignementet fu</ex>
         <ex>et fez</ex>
         <ex>et apris
</ex>
         <ex>et doctrinez</ex>
         <ex>et latin</ex>
         <ex>et ebreu
</ex>
         <ex>et araboi</ex>
         <ex>araboiet caldeu</ex>
         <ex>dampneeet estre</ex>
         <ex>et le</ex>
         <ex>latinet aniel</ex>
         <ex>et le</ex>
         <ex>et le
</ex>
         <ex>et de</ex>
         <ex>et mout</ex>
         <ex>et le</ex>
         <ex>et mout</ex>
         <ex>furentet einsint</ex>
         <ex>espoentezet por</ex>
         <ex>herbergieret li</ex>
         <ex>docementet si</ex>
         <ex>et si</ex>
         <ex>et gueri</ex>
         <ex>lonieet si</ex>
         <ex>frereset si</ex>
         <ex>et si</ex>
         <ex>et si</ex>
         <ex>et si</ex>
         <ex>et au</ex>
         <ex>pasteuret en</ex>
         <ex>luiet si</ex>
         <ex>et bons</ex>
         <ex>bienet li
</ex>
         <ex>et endormi</ex>
         <ex>et ensignoit.</ex>
         <ex>pastureet sanz
</ex>
         <ex>et pleinz
</ex>
         <ex>et a</ex>
         <ex>et us</ex>
         <ex>maniereet qu</ex>
         <ex> et li</ex>
         <ex>asneet q</ex>
         <ex>et mengi</ex>
         <ex> et por</ex>
         <ex>et si</ex>
         <ex>et d</ex>
         <ex>asneet si
</ex>
         <ex>oiret si</ex>
         <ex>et tailliez</ex>
         <ex>graceet aloit</ex>
         <ex>ensambleet el</ex>
         <ex>aportoitet atreioit</ex>
         <ex>et fosses</ex>
         <ex>et qarrieres</ex>
         <ex>et ala</ex>
         <ex>et q</ex>
         <ex>eilliezet molt</ex>
         <ex>et de</ex>
         <ex>asneset por</ex>
         <ex>et li</ex>
         <ex>oieet einsint</ex>
         <ex>et il</ex>
         <ex>durementet lors</ex>
         <ex>et hisdeuse.</ex>
         <ex>et si</ex>
         <ex>et cha</ex>
         <ex>et li</ex>
         <ex>et puis</ex>
         <ex>mengieret apr</ex>
         <ex>et fere.</ex>
         <ex>mandaet atornerent</ex>
         <ex>et aai</ex>
         <ex>et doz</ex>
         <ex>et les</ex>
         <ex>orriereset nostre</ex>
         <ex>et atorn</ex>
         <ex>distet anon</ex>
         <ex>et pardon
</ex>
         <ex>et si</ex>
         <ex>et amonesta</ex>
         <ex>et les
</ex>
         <ex>oizet si</ex>
         <ex>et a</ex>
         <ex>respondiet dist</ex>
         <ex>droitureet leide</ex>
         <ex>et misericorde
</ex>
         <ex>et aidier</ex>
         <ex>et doner</ex>
         <ex>et pre</ex>
         <ex>aet si</ex>
         <ex>et otroions</ex>
         <ex>et nostre</ex>
         <ex>et a</ex>
         <ex>et reci</ex>
         <ex>et lor</ex>
         <ex>prononciet la</ex>
         <ex>et d</ex>
         <ex>et d</ex>
         <ex> et si
</ex>
         <ex>et or.</ex>
         <ex>estroiteet a</ex>
         <ex>et ense</ex>
         <ex>et reigne
</ex>
         <ex>et ses</ex>
         <ex>mondeet totes
</ex>
         <ex>lignieet en</ex>
         <ex>et plus</ex>
         <ex>retreireet por</ex>
         <ex>et les</ex>
         <ex>pereet l</ex>
         <ex>homet apr</ex>
         <ex>tierzet qi</ex>
         <ex>et go</ex>
         <ex>lettreset il</ex>
         <ex>mentet por</ex>
         <ex>potet nus</ex>
         <ex>et honestes</ex>
         <ex>et il</ex>
         <ex>et entier</ex>
         <ex>et si</ex>
         <ex>et cone</ex>
         <ex>meriteet de</ex>
         <ex>aqerreet qui</ex>
         <ex>et tra</ex>
         <ex>et q</ex>
         <ex>queroitet il</ex>
         <ex>oet entendi</ex>
         <ex>et conseilla</ex>
         <ex>potet sot</ex>
         <ex>et docement.</ex>
         <ex>desertet qi
</ex>
         <ex>zet leiz</ex>
         <ex>desozet de</ex>
         <ex>solitaireet por</ex>
         <ex>cheailleet le</ex>
         <ex>habitoitet encore</ex>
         <ex>et si</ex>
         <ex>corset li</ex>
         <ex>rocheet il</ex>
         <ex>fereet si</ex>
         <ex>et de</ex>
         <ex>asqueset nostre</ex>
         <ex>et tes</ex>
         <ex>deliceset mes
</ex>
         <ex>prestreset prist</ex>
         <ex>luiet ala</ex>
         <ex>monset par</ex>
         <ex>et par</ex>
         <ex>et si</ex>
         <ex>ignoret por</ex>
         <ex>geuneset por</ex>
         <ex>et est</ex>
         <ex>et a</ex>
         <ex>hanteret a</ex>
         <ex>sosteniret il</ex>
         <ex>et doctri</ex>
         <ex>et li
</ex>
         <ex>tenteet essaie</ex>
         <ex>iaireet si</ex>
         <ex>et tint</ex>
         <ex>et departiz</ex>
         <ex>penseeet une</ex>
         <ex>mereet int</ex>
         <ex>et d</ex>
         <ex>dedenzet si</ex>
         <ex>et retorna</ex>
         <ex>et ortiez</ex>
         <ex>ortiezet qe</ex>
         <ex>et osta</ex>
         <ex>et mua
</ex>
         <ex>et 
</ex>
         <ex>et sa</ex>
         <ex>et de
</ex>
         <ex>et de</ex>
         <ex>et les</ex>
         <ex>et trespassez</ex>
         <ex>et enfo</ex>
         <ex>aet si</ex>
         <ex>et si
</ex>
         <ex>et lor</ex>
         <ex>moutet si</ex>
         <ex>et distrent</ex>
         <ex>chastoieret a</ex>
         <ex>ieet apr</ex>
         <ex>antet il</ex>
         <ex>et ola</ex>
         <ex>pieceset aussint</ex>
         <ex>et sot</ex>
         <ex>docementet si</ex>
         <ex>meurset les</ex>
         <ex>et repe</ex>
         <ex>repairoientet par</ex>
         <ex>arrestoientet desoz</ex>
         <ex>ensigniet doctri</ex>
         <ex>aprendreet por</ex>
         <ex>et ses</ex>
         <ex>et si</ex>
         <ex>et por</ex>
         <ex>filet </ex>
         <ex>et de</ex>
         <ex>et fetes</ex>
         <ex>forset si
</ex>
         <ex>foizet amonesta</ex>
         <ex>contaet dist</ex>
         <ex>et blasma</ex>
         <ex>folieet li
</ex>
         <ex>amenderoitet atant</ex>
         <ex>eet si</ex>
         <ex>et les</ex>
         <ex>apelezet a</ex>
         <ex>moineet </ex>
         <ex>choseet </ex>
         <ex>et estorees</ex>
         <ex>rocheet estoit</ex>
         <ex>et tra</ex>
         <ex>perilet grant</ex>
         <ex>aet si</ex>
         <ex>et penable</ex>
         <ex>et en</ex>
         <ex>et mout</ex>
         <ex>sorentet si</ex>
         <ex>et il</ex>
         <ex>et si</ex>
         <ex>et os</ex>
         <ex>moisteet ausint</ex>
         <ex>eet tantost</ex>
         <ex>et ont</ex>
         <ex>et orties</ex>
         <ex>fereet cil</ex>
         <ex>et a</ex>
         <ex>et des</ex>
         <ex>oiret si</ex>
         <ex>et si</ex>
         <ex>et dist.</ex>
         <ex>eet meintenant</ex>
         <ex>et si</ex>
         <ex>et qi</ex>
         <ex>et assez
</ex>
         <ex>set meintenant</ex>
         <ex>tretet esloigni</ex>
         <ex>et son</ex>
         <ex>et repera</ex>
         <ex>eet il</ex>
         <ex>et espoori</ex>
         <ex> et li
</ex>
         <ex>et fet</ex>
         <ex>et monteplioient</ex>
         <ex>et par
</ex>
         <ex>ieet si</ex>
         <ex>et de</ex>
         <ex>et sa</ex>
         <ex>isitoientet qi</ex>
         <ex>et por</ex>
         <ex>grezet tantost</ex>
         <ex>et la</ex>
         <ex>mengieret si</ex>
         <ex>soloitet </ex>
         <ex> et si</ex>
         <ex>peinet si</ex>
         <ex>et si</ex>
         <ex>correet si</ex>
         <ex>et autre</ex>
         <ex>autreet si</ex>
         <ex>seurementet si</ex>
         <ex>corbiauset </ex>
         <ex>et la</ex>
         <ex>entretendroientet karoleroient
</ex>
         <ex>et oeroient
</ex>
         <ex>et enflameroient</ex>
         <ex>et mist</ex>
         <ex>et freres</ex>
         <ex>et tint
</ex>
         <ex>solieret il</ex>
         <ex>et fondi</ex>
         <ex>et si</ex>
         <ex>et a</ex>
         <ex>choseet qu</ex>
         <ex>et o</ex>
         <ex>et de
</ex>
         <ex>doleet destruist</ex>
         <ex>et a</ex>
         <ex>abatreet en</ex>
         <ex>et la</ex>
         <ex>et a</ex>
         <ex>et por</ex>
         <ex>oitet grant</ex>
         <ex>et por</ex>
         <ex>isionet si</ex>
         <ex>et ses</ex>
         <ex>noiret espris</ex>
         <ex>et li</ex>
         <ex>et entendoient
</ex>
         <ex> et </ex>
         <ex>et le
</ex>
         <ex>et les</ex>
         <ex>et por</ex>
         <ex>semblerentet puis</ex>
         <ex>laet q</ex>
         <ex>et le</ex>
         <ex>orissonet sa</ex>
         <ex>geet eus</ex>
         <ex>et aoree</ex>
         <ex>et enflambez.</ex>
         <ex>esteindreet il</ex>
         <ex>et si</ex>
         <ex>et n</ex>
         <ex>fereet </ex>
         <ex>fesoientet si</ex>
         <ex>et mout</ex>
         <ex>et combrisiez</ex>
         <ex>et morz.</ex>
         <ex>et heitiez</ex>
         <ex>et rala</ex>
         <ex>et mout</ex>
         <ex>femeet si</ex>
         <ex>et si</ex>
         <ex>et dont</ex>
         <ex>et dont
</ex>
         <ex>mengiet la</ex>
         <ex>et le
</ex>
         <ex>piezet si</ex>
         <ex>et regehirent
</ex>
         <ex>et distrent</ex>
         <ex>et si</ex>
         <ex>et sa
</ex>
         <ex>onet por</ex>
         <ex>et l</ex>
         <ex>pret en</ex>
         <ex>et delitable</ex>
         <ex>delitableet tieus</ex>
         <ex>compaignonet si</ex>
         <ex> et la</ex>
         <ex>fonteineet leu</ex>
         <ex>et reposer</ex>
         <ex>fonteineet tant</ex>
         <ex>et sa</ex>
         <ex>oieet si</ex>
         <ex> et comen</ex>
         <ex>et a</ex>
         <ex>coupeet bien</ex>
         <ex>deet q</ex>
         <ex>luiet si</ex>
         <ex>ensuset si</ex>
         <ex>reset atorner</ex>
         <ex>seet si</ex>
         <ex>et ses</ex>
         <ex>et li</ex>
         <ex>et li</ex>
         <ex>aloientet qi</ex>
         <ex>eet ensamble</ex>
         <ex>et il</ex>
         <ex>et sa</ex>
         <ex>et enten</ex>
         <ex>et a</ex>
         <ex>et puis</ex>
         <ex>aprocieret conterent</ex>
         <ex>et cone</ex>
         <ex>ceailleet tantost</ex>
         <ex>et autre</ex>
         <ex>terreet qui
</ex>
         <ex>feteset a</ex>
         <ex>antet si</ex>
         <ex>aet apr</ex>
         <ex> et en</ex>
         <ex>norieet au</ex>
         <ex>et sa
</ex>
         <ex>et entendez</ex>
         <ex> et de
</ex>
         <ex>meret puis</ex>
         <ex>et issi</ex>
         <ex>preudet seinz
</ex>
         <ex>et de</ex>
         <ex>et dist</ex>
         <ex>et ment</ex>
         <ex> et si
</ex>
         <ex>prestreet si</ex>
         <ex>et par</ex>
         <ex>et par</ex>
         <ex>leuset les</ex>
         <ex>et li
</ex>
         <ex>et cont</ex>
         <ex>et religieus</ex>
         <ex>et ses</ex>
         <ex>deableet gueriz</ex>
         <ex>et si</ex>
         <ex>charet si</ex>
         <ex>deableet en
</ex>
         <ex>et heitiez</ex>
         <ex>heitiezet bi</ex>
         <ex>et ceste</ex>
         <ex>oublieeet il</ex>
         <ex>moroientet li
</ex>
         <ex>et esle</ex>
         <ex> et arriere</ex>
         <ex>prestreet tantost</ex>
         <ex>et mout</ex>
         <ex>et si
</ex>
         <ex>antet si</ex>
         <ex>et ceste</ex>
         <ex>et si</ex>
         <ex>et estoree</ex>
         <ex>et totes</ex>
         <ex>paienset a</ex>
         <ex>otroiet qe
</ex>
         <ex>et mi</ex>
         <ex>eet pristr</ex>
         <ex>eret abatirent</ex>
         <ex>et depecierent</ex>
         <ex>perirentet par</ex>
         <ex>nonet puis</ex>
         <ex>et de</ex>
         <ex> et l</ex>
         <ex>fistet ala</ex>
         <ex>barilliauset li</ex>
         <ex>et si</ex>
         <ex>et tu</ex>
         <ex>et res</ex>
         <ex> et ala</ex>
         <ex>et tantost</ex>
         <ex>et grant
</ex>
         <ex>et par</ex>
         <ex>et par</ex>
         <ex>ignoret a</ex>
         <ex>oientet </ex>
         <ex>et amonester</ex>
         <ex>et l</ex>
         <ex>et il</ex>
         <ex>et </ex>
         <ex>et si</ex>
         <ex>et tu</ex>
         <ex>feteet si</ex>
         <ex>espreeet uns
</ex>
         <ex>penseret a</ex>
         <ex>corageet en</ex>
         <ex>gieret cui</ex>
         <ex>et qi</ex>
         <ex>et si</ex>
         <ex>meinet le</ex>
         <ex>iceet qu</ex>
         <ex>penset la</ex>
         <ex>felonieet la</ex>
         <ex>et nissoit</ex>
         <ex>et les</ex>
         <ex>et si</ex>
         <ex>seulementet demein</ex>
         <ex>et la</ex>
         <ex>et en</ex>
         <ex>ignoret par</ex>
         <ex>et sorent</ex>
         <ex>et besoigne.</ex>
         <ex>aet si</ex>
         <ex>et por</ex>
         <ex>iroientet si</ex>
         <ex>et de</ex>
         <ex> et li</ex>
         <ex>et de</ex>
         <ex>enet bien</ex>
         <ex>oset si</ex>
         <ex>et le</ex>
         <ex>gerontet l</ex>
         <ex>reet les</ex>
         <ex>et alerent</ex>
         <ex>et a</ex>
         <ex>diligenseet ce</ex>
         <ex>et au</ex>
         <ex>aussintet si</ex>
         <ex>ensignaet demostra
</ex>
         <ex>et establir</ex>
         <ex>et li</ex>
         <ex>ditet molt</ex>
         <ex>et si</ex>
         <ex>et demostrasses</ex>
         <ex>et ou
</ex>
         <ex>et dis</ex>
         <ex>dormantet de</ex>
         <ex>et ensignai</ex>
         <ex>et si</ex>
         <ex>reet orde</ex>
         <ex>et de</ex>
         <ex>celeeet ses</ex>
         <ex>et en</ex>
         <ex>et ceste
</ex>
         <ex> et si</ex>
         <ex>et dist</ex>
         <ex>honteet grant</ex>
         <ex>et amendez</ex>
         <ex>et si</ex>
         <ex>et aloient</ex>
         <ex>et lor
</ex>
         <ex>et lor</ex>
         <ex>et si</ex>
         <ex>blieeet si</ex>
         <ex>et si</ex>
         <ex>ceet si</ex>
         <ex>estoientet ce</ex>
         <ex>et sa</ex>
         <ex> et sanz
</ex>
         <ex>et sa
</ex>
         <ex>et issi</ex>
         <ex>et la</ex>
         <ex>et si</ex>
         <ex>et distr</ex>
         <ex>et si</ex>
         <ex>et sacree</ex>
         <ex>et si</ex>
         <ex>erenceet puis</ex>
         <ex>pereset la
</ex>
         <ex>et entendre</ex>
         <ex>et amonestoit</ex>
         <ex>et de</ex>
         <ex>et tenist
</ex>
         <ex>homeet tantost</ex>
         <ex>et ocirre</ex>
         <ex>eet il</ex>
         <ex>contoitet disoit</ex>
         <ex> et si</ex>
         <ex>eet si</ex>
         <ex>et si</ex>
         <ex>et 
</ex>
         <ex>costumeet cil</ex>
         <ex>et si</ex>
         <ex>et les</ex>
         <ex>et oians
</ex>
         <ex>durementet tant</ex>
         <ex>et or</ex>
         <ex>et nuit</ex>
         <ex>tozet de</ex>
         <ex>et dona</ex>
         <ex>net si</ex>
         <ex>uileet c</ex>
         <ex>et a</ex>
         <ex>obedienceset lors</ex>
         <ex>et droiture.</ex>
         <ex>et cil</ex>
         <ex>et blasmez</ex>
         <ex>croissoitet tant</ex>
         <ex>et li</ex>
         <ex>et de</ex>
         <ex>et amonesta</ex>
         <ex>et humilit</ex>
         <ex> et si</ex>
         <ex>et si</ex>
         <ex>et estoree.</ex>
         <ex>et si</ex>
         <ex>et mout</ex>
         <ex>corset lors</ex>
         <ex>oeeet a</ex>
         <ex>et de
</ex>
         <ex>roiet en</ex>
         <ex>et si</ex>
         <ex>et pleins
</ex>
         <ex>durementet a</ex>
         <ex>et a</ex>
         <ex>et ses</ex>
         <ex>et si</ex>
         <ex>et ensignast.</ex>
         <ex>et li</ex>
         <ex>aleret </ex>
         <ex>et rece</ex>
         <ex>et puis</ex>
         <ex>et a</ex>
         <ex>et a</ex>
         <ex>cruiautet sa</ex>
         <ex>eoiret sa</ex>
         <ex>et en</ex>
         <ex>olentet par
</ex>
         <ex>et qi</ex>
         <ex>et par</ex>
         <ex> et par</ex>
         <ex>et par</ex>
         <ex>eet la</ex>
         <ex>et demenoit</ex>
         <ex>et a</ex>
         <ex>et si</ex>
         <ex>et si</ex>
         <ex>et dist</ex>
         <ex>et coucha</ex>
         <ex>et </ex>
         <ex>resusciet si</ex>
         <ex>oret par</ex>
         <ex>et heiti</ex>
         <ex> et i</ex>
         <ex>et atornee</ex>
         <ex>et otro</ex>
         <ex>irginitet por</ex>
         <ex>noneet a</ex>
         <ex>liezet qi</ex>
         <ex>porteet parloit
</ex>
         <ex>liet la</ex>
         <ex>et mostroit
</ex>
         <ex>costumeet  </ex>
         <ex>liet ne</ex>
         <ex>ensembleet parlerent
</ex>
         <ex>et si</ex>
         <ex>et dist</ex>
         <ex>et si</ex>
         <ex>et la</ex>
         <ex>et si</ex>
         <ex>et puis</ex>
         <ex>et rele</ex>
         <ex>et espart</ex>
         <ex>et si
</ex>
         <ex>enteret une</ex>
         <ex>et tou</ex>
         <ex>et esparti.</ex>
         <ex> et q</ex>
         <ex>aet si</ex>
         <ex> et tu</ex>
         <ex>et il</ex>
         <ex>oet entendi.</ex>
         <ex>et si</ex>
         <ex>refirentet saoulerent
</ex>
         <ex>et esclarciz.</ex>
         <ex>ceailleet </ex>
         <ex>et li</ex>
         <ex>et si</ex>
         <ex>et loenges</ex>
         <ex>et non</ex>
         <ex> et si</ex>
         <ex>et d</ex>
         <ex>iseet sanz</ex>
         <ex> et isi</ex>
         <ex>et por</ex>
         <ex>et de</ex>
         <ex>leuet li</ex>
         <ex>et lor</ex>
         <ex>mienuitet li</ex>
         <ex>et dist</ex>
         <ex>et au</ex>
         <ex>et tierce</ex>
         <ex>lumiereet de</ex>
         <ex>et esmer</ex>
         <ex>clartet l</ex>
         <ex>et mis</ex>
         <ex>et enquist</ex>
         <ex>et dist</ex>
         <ex>eritet la
</ex>
         <ex>et retreire</ex>
         <ex>et a</ex>
         <ex>et escrist</ex>
         <ex>et qu</ex>
         <ex>et tant
</ex>
         <ex>et non</ex>
         <ex>esqiet ses</ex>
         <ex>fezet tout</ex>
         <ex>ilet dist</ex>
         <ex>et a</ex>
         <ex>et a</ex>
         <ex>ilet re</ex>
         <ex>estoientet il</ex>
         <ex>ceailleet li</ex>
         <ex>et resplendissanz</ex>
         <ex>ceailleet des
</ex>
         <ex>et mout</ex>
         <ex>antet si</ex>
         <ex>et edefiee</ex>
         <ex>et si</ex>
         <ex>et fet
</ex>
         <ex>et regne</ex>
         <ex>morset al</ex>
         <ex>et par</ex>
         <ex>auset par</ex>
         <ex>et par</ex>
         <ex>et nuit</ex>
         <ex>lasseeet la</ex>
         <ex>et aloit</ex>
         <ex>et fu</ex>
         <ex>et toute</ex>
         <ex>tenueet re</ex>
         <ex>ieet loa</ex>
         <ex>et gracia</ex>
         <ex>ignoret seint</ex>
         <ex> et entendu</ex>
         <ex>dolenteset esgarees</ex>
         <ex>et cria
</ex>
         <ex>et regne</ex>
         <ex>echoitet en</ex>
         <ex>armeset si</ex>
         <ex>et de</ex>
         <ex>nonet sa</ex>
         <ex>et uns</ex>
         <ex>et li</ex>
         <ex>et disoit</ex>
         <ex>celoet nisi</ex>
         <ex>aproismeet qi</ex>
         <ex>et del
</ex>
         <ex>et mout</ex>
         <ex>et ses</ex>
         <ex>et la</ex>
         <ex>ignoret si</ex>
         <ex>et ensignoit</ex>
         <ex>et sa
</ex>
         <ex>et </ex>
         <ex>doctrineet 
</ex>
         <ex>et </ex>
         <ex>et pluiseurs</ex>
         <ex>proceinset par</ex>
         <ex>et fere.</ex>
         <ex>et la</ex>
         <ex>comsomeeet q</ex>
         <ex>decipleset q</ex>
         <ex>et lor</ex>
         <ex>oet pluiseurs</ex>
         <ex>et de</ex>
         <ex>et essia</ex>
         <ex>et dras</ex>
         <ex>formeet il</ex>
         <ex>distet il</ex>
         <ex>rostiet une</ex>
         <ex>et si</ex>
         <ex>et si</ex>
         <ex>ignoret par</ex>
         <ex>et preeschant</ex>
         <ex>preeschantet si</ex>
         <ex>et del</ex>
         <ex>et del</ex>
         <ex>speritet si</ex>
         <ex>et de</ex>
         <ex>speritet a</ex>
         <ex>et il</ex>
         <ex>et si</ex>
         <ex>pleset ensamble</ex>
         <ex>et en</ex>
         <ex>et par</ex>
         <ex>et par</ex>
         <ex>feuet si</ex>
         <ex>et doctrinez
</ex>
         <ex>languageset si</ex>
         <ex>et il</ex>
         <ex>et anoncier
</ex>
         <ex>apostreset qi</ex>
         <ex> et pluseurs</ex>
         <ex>et preechant</ex>
         <ex>et le</ex>
         <ex>cieuset preechant</ex>
         <ex>et disant</ex>
         <ex>et ﻿</ex>
         <ex>predicationset faisoient</ex>
         <ex>et li
</ex>
         <ex>et ses</ex>
         <ex>det q</ex>
         <ex>et a</ex>
         <ex>creanceet mis</ex>
         <ex>et prestres</ex>
         <ex>et autre
</ex>
         <ex>et ne</ex>
         <ex>et ne</ex>
         <ex>eet sa</ex>
         <ex>et molt
</ex>
         <ex>et an</ex>
         <ex>et distrent</ex>
         <ex>aeurentet si</ex>
         <ex>et cone</ex>
         <ex>personeset si</ex>
         <ex>et il
</ex>
         <ex>aoroientet si</ex>
         <ex>parmenableet si</ex>
         <ex>et nule</ex>
         <ex>conforteret si</ex>
         <ex>et dist</ex>
         <ex>et baptizatus
</ex>
         <ex>eritet  </ex>
         <ex>et anon</ex>
         <ex>et baptiziez</ex>
         <ex>et qi</ex>
         <ex>ignoret por</ex>
         <ex>et de</ex>
         <ex>et a</ex>
         <ex>et dire</ex>
         <ex>et sires</ex>
         <ex>et tote</ex>
         <ex>et si</ex>
         <ex>et en</ex>
         <ex>et abandone</ex>
         <ex>et amenistre</ex>
         <ex>et deguerpiz</ex>
         <ex>dit et en</ex>
         <ex>et li</ex>
         <ex>et parti</ex>
         <ex>et ne</ex>
         <ex>et si</ex>
         <ex>et tantost</ex>
         <ex>atoucheet e</ex>
         <ex>ignoret il</ex>
         <ex>dormiret si</ex>
         <ex>et les</ex>
         <ex>et froides</ex>
         <ex>eret si</ex>
         <ex>et qe</ex>
         <ex>tet semant</ex>
         <ex>et a</ex>
         <ex>et refet</ex>
         <ex>estoitet der</ex>
         <ex>et forsenee
</ex>
         <ex>et a</ex>
         <ex>et tormentent</ex>
         <ex>seleet qe</ex>
         <ex>et si</ex>
         <ex>et seine.</ex>
         <ex>esteset qi</ex>
         <ex>et benignitez</ex>
         <ex>benignitezet misericorde 
</ex>
         <ex>et douceur</ex>
         <ex>et grant</ex>
         <ex>humilitet assidueus</ex>
         <ex>et comanda</ex>
         <ex>et de</ex>
         <ex>et estrangla</ex>
         <ex>et la</ex>
         <ex>et tuit</ex>
         <ex>et si</ex>
         <ex>et a</ex>
         <ex>et si</ex>
         <ex>et si</ex>
         <ex>et par</ex>
         <ex>et si</ex>
         <ex>et pou</ex>
         <ex>et par</ex>
         <ex>et au</ex>
         <ex>et si</ex>
         <ex>et rac</ex>
         <ex>enfeset qant</ex>
         <ex>homeet puis</ex>
         <ex>et a</ex>
         <ex>et si</ex>
         <ex>et rege</ex>
         <ex>emportoientet si</ex>
         <ex>oieet a</ex>
         <ex>doceuret teniebres</ex>
         <ex>et pleignement</ex>
         <ex>et criees</ex>
         <ex>crieeset granz</ex>
         <ex>et tristreces</ex>
         <ex>tristreceset froidures
</ex>
         <ex>desmesureeset chaleurs</ex>
         <ex>et grant</ex>
         <ex>faillentet morsures</ex>
         <ex>serpenzet si</ex>
         <ex>et misere</ex>
         <ex>misereet l</ex>
         <ex>lezet hisdeus</ex>
         <ex>et d</ex>
         <ex>zet par</ex>
         <ex>et autres</ex>
         <ex>et a</ex>
         <ex>et annonce</ex>
         <ex>et cenz</ex>
         <ex>donset de</ex>
         <ex>et lor
</ex>
         <ex>et detruist</ex>
         <ex>et d</ex>
         <ex>genzet si</ex>
         <ex>et del</ex>
         <ex>et de</ex>
         <ex>et ceus</ex>
         <ex>et si</ex>
         <ex>ignoret si</ex>
         <ex>meinset trest</ex>
         <ex>et qu</ex>
         <ex>et alerent
</ex>
         <ex>noset por</ex>
         <ex>et si</ex>
         <ex>et usticent.</ex>
         <ex>laet alerent</ex>
         <ex>piezet si</ex>
         <ex>et de</ex>
         <ex>et as</ex>
         <ex>et de</ex>
         <ex>et cens</ex>
         <ex>et a</ex>
         <ex>et </ex>
         <ex>et d</ex>
         <ex>et de</ex>
         <ex>homeet si</ex>
         <ex>ignoret puis</ex>
         <ex>et fu</ex>
         <ex>et gloi</ex>
         <ex>et rendi</ex>
         <ex>dotanceet bien</ex>
         <ex>toiet la</ex>
         <ex>et essaucerai.</ex>
         <ex>diteet puis</ex>
         <ex>euset si</ex>
         <ex>et go</ex>
         <ex>et si</ex>
         <ex>nonet cele</ex>
         <ex>ignoret a</ex>
         <ex>et liiez</ex>
         <ex>et it</ex>
         <ex>et creance</ex>
         <ex>et son</ex>
         <ex>et le
</ex>
         <ex>et cil</ex>
         <ex>et sanez</ex>
         <ex>sanezet re</ex>
         <ex>et si</ex>
         <ex> et li</ex>
         <ex>et sa
</ex>
         <ex>et si</ex>
         <ex>et l</ex>
         <ex> et si</ex>
         <ex>et anoncier</ex>
         <ex>tet baptirent</ex>
         <ex>cruelmentet puis
</ex>
         <ex>et si</ex>
         <ex> et lumiere</ex>
         <ex>derrompirentet li</ex>
         <ex>rentet tuit</ex>
         <ex>et granz</ex>
         <ex>et effoudre</ex>
         <ex>et tonoire</ex>
         <ex>tonoireet esparz
</ex>
         <ex> et a</ex>
         <ex>et ferirent</ex>
         <ex> et ses</ex>
         <ex>et si</ex>
         <ex>et si</ex>
         <ex>crucefierentet au
</ex>
         <ex>ezet a</ex>
         <ex>et ensigniez</ex>
         <ex>tantet puis
</ex>
         <ex>et si</ex>
         <ex>et meesme</ex>
         <ex>et li</ex>
         <ex>et a</ex>
         <ex>et anonce.</ex>
         <ex>et la</ex>
         <ex>granzet petiz</ex>
         <ex>assemblassentet eus</ex>
         <ex>et mos</ex>
         <ex>et del</ex>
         <ex>et del</ex>
         <ex> et de</ex>
         <ex>et de</ex>
         <ex>et de</ex>
         <ex>et destrui</ex>
         <ex>reet le</ex>
         <ex>et abatre.</ex>
         <ex>eet ense</ex>
         <ex>et l</ex>
         <ex>et entendez</ex>
         <ex>et d</ex>
         <ex>et de</ex>
         <ex>et de</ex>
         <ex>igneset si</ex>
         <ex>luiet dist</ex>
         <ex>et uree
</ex>
         <ex>et tote</ex>
         <ex>et si</ex>
         <ex>meret tenoit</ex>
         <ex>et de</ex>
         <ex>et de</ex>
         <ex>det a</ex>
         <ex>alet d</ex>
         <ex>et por</ex>
         <ex>paroleset si</ex>
         <ex>et or</ex>
         <ex>et en</ex>
         <ex>et en</ex>
         <ex>neset bien</ex>
         <ex>cueret de</ex>
         <ex>et serroit</ex>
         <ex>et donast
</ex>
         <ex>cielet si</ex>
         <ex> et si</ex>
         <ex>et q</ex>
         <ex>et d</ex>
         <ex>et de</ex>
         <ex>et de</ex>
         <ex>et dona</ex>
         <ex>et pro</ex>
         <ex>et par
</ex>
         <ex>et molt
</ex>
         <ex>ireet si</ex>
         <ex>et decolee.</ex>
         <ex>et si</ex>
         <ex>graceet si</ex>
         <ex>breet qe</ex>
         <ex>et dese</ex>
         <ex>et si</ex>
         <ex>et cil</ex>
         <ex>et arrazin</ex>
         <ex>soleilet si</ex>
         <ex>et tout</ex>
         <ex>et disant</ex>
         <ex>ignoret tu</ex>
         <ex>ducet si</ex>
         <ex>et conta</ex>
         <ex>et e</ex>
         <ex>pooret tuit</ex>
         <ex>et qi</ex>
         <ex>heireet si</ex>
         <ex>piezet si</ex>
         <ex>escuieret si</ex>
         <ex>crestienset si</ex>
         <ex>et si</ex>
         <ex>exet sires</ex>
         <ex>et si
</ex>
         <ex>et qi</ex>
         <ex>et si</ex>
         <ex>et si</ex>
         <ex>pardonet indulgense.</ex>
         <ex>deet si</ex>
         <ex>pardonet remission</ex>
         <ex>et des</ex>
         <ex>et toz</ex>
         <ex>et ses</ex>
         <ex>et totes</ex>
         <ex>et toz</ex>
         <ex>et femes</ex>
         <ex>et d</ex>
         <ex>euet chastiaus
</ex>
         <ex>et ignes</ex>
         <ex>igneset terres</ex>
         <ex>terreset quanq</ex>
         <ex>et por</ex>
         <ex>et si</ex>
         <ex>herbergieret por</ex>
         <ex>reet si</ex>
         <ex>et trametoit</ex>
         <ex>et si</ex>
         <ex>et comandoit</ex>
         <ex>et d</ex>
         <ex>proieet si</ex>
         <ex>et le</ex>
         <ex>et sa
</ex>
         <ex>et comand</ex>
         <ex>et puis
</ex>
         <ex>deet creoient</ex>
         <ex>preechoitet anon</ex>
         <ex>et la</ex>
         <ex>et tuit</ex>
         <ex>luiet si</ex>
         <ex>et si</ex>
         <ex>et de
</ex>
         <ex>et si</ex>
         <ex>foiet de</ex>
         <ex>ignoret bap</ex>
         <ex> et rendi</ex>
         <ex>et ses</ex>
         <ex>et lontaignes</ex>
         <ex>lontaigneset si</ex>
         <ex>et por</ex>
         <ex>et mis</ex>
         <ex>prissonet batuz</ex>
         <ex>et route.</ex>
         <ex>et ta</ex>
         <ex>et quanq</ex>
         <ex>et pardon</ex>
         <ex>pardonet q</ex>
         <ex>et les
</ex>
         <ex> et misericorde</ex>
         <ex>apostreet toz
</ex>
         <ex>et se</ex>
         <ex>et li</ex>
         <ex>periuset par</ex>
         <ex>et si</ex>
         <ex>clerementet alerent</ex>
         <ex>et lor
</ex>
         <ex>et desme</ex>
         <ex>tet tant</ex>
         <ex>fosseet la</ex>
         <ex>et c</ex>
         <ex>et princes</ex>
         <ex>forset autres</ex>
         <ex>et en</ex>
         <ex>ducet ala</ex>
         <ex>deet molt
</ex>
         <ex>terreset assamblees</ex>
         <ex>ooientet molt
</ex>
         <ex>et de</ex>
         <ex>et de</ex>
         <ex>oloientet estre
</ex>
         <ex>ploroitet a</ex>
         <ex> et tuit</ex>
         <ex>et tuit</ex>
         <ex>fereet me</ex>
         <ex>et tuit</ex>
         <ex>deschauzet en</ex>
         <ex>et il</ex>
         <ex>et esgarder.</ex>
         <ex>terreet li</ex>
         <ex>et esgarder</ex>
         <ex>et si</ex>
         <ex>et esgarder.</ex>
         <ex>et si</ex>
         <ex>opienset lez
</ex>
         <ex>et hisdeus</ex>
         <ex>et si</ex>
         <ex>et desmesurez</ex>
         <ex>desmesurezet iols</ex>
         <ex>et d</ex>
         <ex>et cornues
</ex>
         <ex>issoientet si</ex>
         <ex>et grosses</ex>
         <ex>oientet par</ex>
         <ex>grandeset lees</ex>
         <ex>et si</ex>
         <ex>et par</ex>
         <ex>et si</ex>
         <ex>et si</ex>
         <ex>fosseet si</ex>
         <ex>et ire
</ex>
         <ex>et male</ex>
         <ex> et si</ex>
         <ex>et en</ex>
         <ex>oleet ou</ex>
         <ex>abiteet la</ex>
         <ex>et toz</ex>
         <ex>et fe</ex>
         <ex>et par</ex>
         <ex>et si</ex>
         <ex>eset si</ex>
         <ex>et heitez</ex>
         <ex>ieet parla</ex>
         <ex>et gloirefierent.</ex>
         <ex>et toz</ex>
         <ex>et a</ex>
         <ex>et conte</ex>
         <ex>et noierent.</ex>
         <ex>et si</ex>
         <ex>et torbes
</ex>
         <ex>et l</ex>
         <ex>derriereset si</ex>
         <ex>espoentezet li
</ex>
         <ex>deffenderreset q</ex>
         <ex>docementet si</ex>
         <ex>et omnia</ex>
         <ex>et douter.</ex>
         <ex>et si</ex>
         <ex>deet saces</ex>
         <ex>et des</ex>
         <ex>dureeet par</ex>
         <ex>arresteret puis</ex>
         <ex>deet de</ex>
         <ex>et a</ex>
         <ex>et repeire</ex>
         <ex>corset si</ex>
         <ex>et si</ex>
         <ex>et molt</ex>
         <ex>et si</ex>
         <ex>et go</ex>
         <ex>et dis</ex>
         <ex>et dist</ex>
         <ex>et a</ex>
         <ex>et est</ex>
         <ex>mortet angeles</ex>
         <ex>deableet qi</ex>
         <ex>et de</ex>
         <ex>misereset si</ex>
         <ex>estet si</ex>
         <ex>et si
</ex>
         <ex>genzet ne</ex>
         <ex>et deguer</ex>
         <ex>et li</ex>
         <ex>et toz</ex>
         <ex>resusciteret qi</ex>
         <ex>et loenges</ex>
         <ex>demostreret bene</ex>
         <ex>et gloirefierent.</ex>
         <ex>otionet toz</ex>
         <ex>et lor</ex>
         <ex>ignoret li</ex>
         <ex>entoret si</ex>
         <ex>et d</ex>
         <ex>eet tieus
</ex>
         <ex>iandeet si</ex>
         <ex>et en</ex>
         <ex>et en</ex>
         <ex>reset qanc</ex>
         <ex>et a</ex>
         <ex>angileet les</ex>
         <ex>et mout</ex>
         <ex>reset lor</ex>
         <ex>encelet par</ex>
         <ex>et mistrent</ex>
         <ex>neet tout
</ex>
         <ex>estoientet si</ex>
         <ex>et abatissent</ex>
         <ex>et lor</ex>
         <ex>et lor</ex>
         <ex>arsissentet si</ex>
         <ex>et aorassent
</ex>
         <ex>et toz
</ex>
         <ex>et bene</ex>
         <ex>et en</ex>
         <ex>et son</ex>
         <ex>et dit</ex>
         <ex>meret tout
</ex>
         <ex>et tote
</ex>
         <ex>et tout</ex>
         <ex> et  </ex>
         <ex> et </ex>
         <ex>et la</ex>
         <ex>et longue</ex>
         <ex>longueet lee</ex>
         <ex>et deguerpissent</ex>
         <ex>loiset arsissent
</ex>
         <ex>et destruisis</ex>
         <ex>et lor
</ex>
         <ex>inet de</ex>
         <ex>et fai</ex>
         <ex>menableet encore</ex>
         <ex>et li</ex>
         <ex>et tristrece.</ex>
         <ex>et autrui</ex>
         <ex>et mat</ex>
         <ex>et paine.</ex>
         <ex>dolenset las</ex>
         <ex>et de</ex>
         <ex>estoitet si
</ex>
         <ex>et secoroit</ex>
         <ex>secoroitet les</ex>
         <ex>estrangeset les</ex>
         <ex>et les
</ex>
         <ex>orpheninset bien</ex>
         <ex>fistet dist</ex>
         <ex>uchementet qi</ex>
         <ex>et as</ex>
         <ex>et re</ex>
         <ex>esqeet mout</ex>
         <ex>et mout</ex>
         <ex>et en</ex>
         <ex>et entendoit</ex>
         <ex>homeet puis</ex>
         <ex>et a</ex>
         <ex>crestienset crueus</ex>
         <ex>et de</ex>
         <ex>et poestis</ex>
         <ex>et dire
</ex>
         <ex>et les</ex>
         <ex>dreset fere
</ex>
         <ex> et dit</ex>
         <ex>guerieset pluiseurs</ex>
         <ex>femeet si</ex>
         <ex>languereuset resuscite</ex>
         <ex>et par</ex>
         <ex>conseilet si</ex>
         <ex>oret argent</ex>
         <ex>comandet ala</ex>
         <ex>et si</ex>
         <ex>et ta</ex>
         <ex>et tesmoignes</ex>
         <ex>sostenueset resuscites</ex>
         <ex>et conte
</ex>
         <ex>et de</ex>
         <ex>comandementet q</ex>
         <ex>et tote</ex>
         <ex>et regenerez</ex>
         <ex>dameet la</ex>
         <ex>et si</ex>
         <ex>et la</ex>
         <ex>et si</ex>
         <ex>rriereet qant</ex>
         <ex>mariet tantost</ex>
         <ex>et l</ex>
         <ex>baptizieet li</ex>
         <ex>et establi</ex>
         <ex>fioientet la</ex>
         <ex>et formee</ex>
         <ex>et donoit
</ex>
         <ex> et l</ex>
         <ex>et en</ex>
         <ex>upiteret toz</ex>
         <ex>et por</ex>
         <ex>et les</ex>
         <ex>et si</ex>
         <ex>et nos</ex>
         <ex>mageset si</ex>
         <ex>et terre.</ex>
         <ex>et si</ex>
         <ex>puissanzet si</ex>
         <ex>autreet o</ex>
         <ex>orissonset en</ex>
         <ex>citet tuit</ex>
         <ex>et li</ex>
         <ex>encontreet si</ex>
         <ex>et depechier</ex>
         <ex>et si</ex>
         <ex>et failliz</ex>
         <ex>et furent</ex>
         <ex>citet grant
</ex>
         <ex>et granz</ex>
         <ex>luiet alerent</ex>
         <ex>et a</ex>
         <ex>et reco</ex>
         <ex>et lui</ex>
         <ex>et sa</ex>
         <ex>compaignieet esqui</ex>
         <ex>et de</ex>
         <ex>et si</ex>
         <ex>et fondre.</ex>
         <ex>et lor</ex>
         <ex>oirset s</ex>
         <ex>et religieuse</ex>
         <ex>et si</ex>
         <ex>preesceet annonce</ex>
         <ex>perilet si</ex>
         <ex>et assambl</ex>
         <ex>deet liiez</ex>
         <ex>chaeneset lor</ex>
         <ex>contet mout</ex>
         <ex>maniereet si
</ex>
         <ex>et par</ex>
         <ex>et form</ex>
         <ex>santet si</ex>
         <ex>nonet a</ex>
         <ex>et loenges.</ex>
         <ex>et si</ex>
         <ex>creatureet la</ex>
         <ex>et sanc
</ex>
         <ex>et escume</ex>
         <ex>et de</ex>
         <ex>et de</ex>
         <ex>alierset fist</ex>
         <ex>et de</ex>
         <ex>et granz</ex>
         <ex>et desirroit
</ex>
         <ex>paroleset sa</ex>
         <ex>et alassent</ex>
         <ex>maniereset apr</ex>
         <ex>entrerentet mencierent
</ex>
         <ex>et pesible.</ex>
         <ex>contesseet pluiseurs</ex>
         <ex>repairierentet si</ex>
         <ex>palagreet cou</ex>
         <ex>sierentet la</ex>
         <ex>terreet la</ex>
         <ex>et la</ex>
         <ex>ignoret la</ex>
         <ex>enueet cil</ex>
         <ex>et haiti</ex>
         <ex>et a</ex>
         <ex>serset a</ex>
         <ex>aet li</ex>
         <ex>et mout</ex>
         <ex>et aornee</ex>
         <ex>et sacra﻿</ex>
         <ex> et cele</ex>
         <ex>et de</ex>
         <ex>luiet si</ex>
         <ex>et si</ex>
         <ex>oieset si</ex>
         <ex>et conoistre.</ex>
         <ex>mageet fu</ex>
         <ex>et hisdeus.</ex>
         <ex>noirset tresq</ex>
         <ex>et par</ex>
         <ex>et par</ex>
         <ex>ardanzet puans
</ex>
         <ex>et si</ex>
         <ex>eoiret esgarder</ex>
         <ex>et si</ex>
         <ex>ditet puis</ex>
         <ex>abiteet la</ex>
         <ex>et frois</ex>
         <ex>homeet fist</ex>
         <ex>et ce</ex>
         <ex>et sanez.</ex>
         <ex>tet tuit</ex>
         <ex>et cele</ex>
         <ex>et de</ex>
         <ex> et de</ex>
         <ex>oret si</ex>
         <ex>et lampes</ex>
         <ex>et son</ex>
         <ex>et de</ex>
         <ex>euseset de</ex>
         <ex>oret nuit</ex>
         <ex>et chandelabres</ex>
         <ex>oret une</ex>
         <ex>et l</ex>
         <ex>feteset consomees</ex>
         <ex> et si</ex>
         <ex>et sacrons
</ex>
         <ex>et de</ex>
         <ex>et de</ex>
         <ex>et de</ex>
         <ex>et ins</ex>
         <ex>et bues</ex>
         <ex>et aches</ex>
         <ex>acheset oleilles
</ex>
         <ex>et enoisons</ex>
         <ex>et tr</ex>
         <ex>et pa</ex>
         <ex>citet qe</ex>
         <ex>et poest</ex>
         <ex>et heiti</ex>
         <ex>et a</ex>
         <ex> et ses</ex>
         <ex>et assamblees</ex>
         <ex>apelaet si
</ex>
         <ex>liezet si</ex>
         <ex>et si</ex>
         <ex>et de</ex>
         <ex>et ses</ex>
         <ex>et de</ex>
         <ex>et cuens
</ex>
         <ex> et el</ex>
         <ex>et bele
</ex>
         <ex>et haute</ex>
         <ex>senzet plein</ex>
         <ex>et de
</ex>
         <ex>et chas</ex>
         <ex>et feire.</ex>
         <ex>et si</ex>
         <ex>et li
</ex>
         <ex>et si</ex>
         <ex>et sa</ex>
         <ex>et gracierent</ex>
         <ex>gracierentet toz</ex>
         <ex>et en</ex>
         <ex>signorieet qe</ex>
         <ex>et le</ex>
         <ex>et costume</ex>
         <ex>costumeet li</ex>
         <ex>et clers</ex>
         <ex>mortet si</ex>
         <ex>et feire</ex>
         <ex>esqeset autres</ex>
         <ex>tet fussent</ex>
         <ex>et en</ex>
         <ex>et establi</ex>
         <ex>et por</ex>
         <ex>et les</ex>
         <ex>estoientet si</ex>
         <ex>et estemenz.</ex>
         <ex>et si
</ex>
         <ex>et fet
</ex>
         <ex>et ce</ex>
         <ex>et assembler</ex>
         <ex>sermoneret lor</ex>
         <ex>ignoret lor
</ex>
         <ex>et si</ex>
         <ex>graceet si
</ex>
         <ex>homet qant</ex>
         <ex>et li</ex>
         <ex>et li</ex>
         <ex>et regne</ex>
         <ex>et estoient</ex>
         <ex>et en
</ex>
         <ex>elleset en</ex>
         <ex>reset eunoient
</ex>
         <ex>espreet adonc</ex>
         <ex>et e</ex>
         <ex>et orde</ex>
         <ex>deet 
</ex>
         <ex>et par</ex>
         <ex>et ﻿</ex>
         <ex>deet fist</ex>
         <ex>eglisseset atorna
</ex>
         <ex>et entendement</ex>
         <ex>ignoret a</ex>
         <ex> et par</ex>
         <ex>det par</ex>
         <ex>et si</ex>
         <ex>et lor</ex>
         <ex>doctrineet sermonez</ex>
         <ex>et pree</ex>
         <ex>direet lor</ex>
         <ex>angileet sa</ex>
         <ex>et a</ex>
         <ex>paroleset les
</ex>
         <ex>et re</ex>
         <ex>ieet pluiseurs</ex>
         <ex>et e</ex>
         <ex>baptesmeet puis</ex>
         <ex>et de</ex>
         <ex>et taire.</ex>
         <ex>et par</ex>
         <ex>et molt</ex>
         <ex>et mes</ex>
         <ex>iret a</ex>
         <ex>promiseet a</ex>
         <ex>et aiment.</ex>
         <ex>toiet si</ex>
         <ex>et ensamble</ex>
         <ex>et les</ex>
         <ex>rset ensamble</ex>
         <ex>irgeset de</ex>
         <ex>frereset serras</ex>
         <ex>et par</ex>
         <ex>ireset li</ex>
         <ex>et dist</ex>
         <ex>ieet qe</ex>
         <ex>puepleet un</ex>
         <ex>et autre</ex>
         <ex>et assemblassent</ex>
         <ex>onet absolution</ex>
         <ex>oet les</ex>
         <ex>foiet tornez
</ex>
         <ex>et sa</ex>
         <ex>det oite</ex>
         <ex>et cil</ex>
         <ex>et cil</ex>
         <ex>delet les</ex>
         <ex>et en
</ex>
         <ex>et rendoit
</ex>
         <ex>et loenges</ex>
         <ex>ceet puis</ex>
         <ex>et por
</ex>
         <ex>et a</ex>
         <ex>creanceet puis</ex>
         <ex>espreet lors</ex>
         <ex>et e</ex>
         <ex>doctrinastet enseignast</ex>
         <ex>ieet lors</ex>
         <ex>et a</ex>
         <ex>et ao</ex>
         <ex>et coment</ex>
         <ex>orzet coment</ex>
         <ex>et ensigniez.</ex>
         <ex>et garde.</ex>
         <ex>et chastem</ex>
         <ex>tet qe</ex>
         <ex>ucheoret si</ex>
         <ex>et desfaillies</ex>
         <ex>fianceet doit</ex>
         <ex>et del</ex>
         <ex>et del
</ex>
         <ex>et d</ex>
         <ex>espreet dont</ex>
         <ex>graceet si</ex>
         <ex>et bene</ex>
         <ex>et ait</ex>
         <ex>oset os</ex>
         <ex>reet qi</ex>
         <ex>et qi</ex>
         <ex>et si
</ex>
         <ex>et or</ex>
         <ex>et erais
</ex>
         <ex>et garde</ex>
         <ex>et ires</ex>
         <ex>et la</ex>
         <ex>establieet faite</ex>
         <ex>et tendi</ex>
         <ex>cielet fist</ex>
         <ex>et si</ex>
         <ex>mestreset qi</ex>
         <ex>nonet qi</ex>
         <ex>et estoient</ex>
         <ex>cielet crioient
</ex>
         <ex>ssentet si</ex>
         <ex>et si</ex>
         <ex>et la</ex>
         <ex>contreeset si</ex>
         <ex>parenzet obe</ex>
         <ex>et nostre</ex>
         <ex>et loerent.</ex>
         <ex> et esle</ex>
         <ex>membreset tantost
</ex>
         <ex>et sanez</ex>
         <ex>et si</ex>
         <ex>et por</ex>
         <ex>rirentet donerent</ex>
         <ex>clartet grant
</ex>
         <ex>et le</ex>
         <ex>clercet li</ex>
         <ex>zet mis</ex>
         <ex> et li</ex>
         <ex>ugleet cil</ex>
         <ex>et d</ex>
         <ex> et par
</ex>
         <ex>itet regne</ex>
         <ex>et olentiers</ex>
         <ex>et entendre</ex>
         <ex>et retenir</ex>
         <ex>et </ex>
         <ex>et les</ex>
         <ex>sontet aise</ex>
         <ex>et de
</ex>
         <ex>et de</ex>
         <ex>lonieet de</ex>
         <ex>et a</ex>
         <ex>et pris</ex>
         <ex>et par</ex>
         <ex>tormenzet par</ex>
         <ex>et geunes</ex>
         <ex>geuneset par</ex>
         <ex>et a</ex>
         <ex>confessorset mes</ex>
         <ex>et de</ex>
         <ex>et de</ex>
         <ex>et hauz</ex>
         <ex>et ri</ex>
         <ex>et a</ex>
         <ex>et sa</ex>
         <ex>et a</ex>
         <ex>hermitageet si</ex>
         <ex>et retraist</ex>
         <ex>et ensam</ex>
         <ex>et che</ex>
         <ex>et si</ex>
         <ex>et si</ex>
         <ex>paignonset dou</ex>
         <ex>ouret piti</ex>
         <ex>pitiet benignet</ex>
         <ex> et charit</ex>
         <ex>charitet pacience</ex>
         <ex>pacienceet bone
</ex>
         <ex>olentet hu</ex>
         <ex>mondeet si</ex>
         <ex>et si</ex>
         <ex>et de</ex>
         <ex>eoitet par</ex>
         <ex>tiers et portoient
</ex>
         <ex>et re</ex>
         <ex>baptesmeet si</ex>
         <ex>et paine.</ex>
         <ex>et les</ex>
         <ex>chetiset norrissoit</ex>
         <ex>besoigneuset re</ex>
         <ex>reet l</ex>
         <ex>et donoit</ex>
         <ex>reset a</ex>
         <ex>et besoigneus</ex>
         <ex>entet bien
</ex>
         <ex>et </ex>
         <ex>ozet li</ex>
         <ex>et besoigneuz</ex>
         <ex>et a
</ex>
         <ex>et donast</ex>
         <ex>fublet la</ex>
         <ex>et de</ex>
         <ex>reet l</ex>
         <ex>et mist
</ex>
         <ex>et gemirent</ex>
         <ex>et il
</ex>
         <ex>et affublez</ex>
         <ex>et cone</ex>
         <ex>et en</ex>
         <ex> et la</ex>
         <ex>ignor et por</ex>
         <ex>anzet si</ex>
         <ex>et fu</ex>
         <ex>et a</ex>
         <ex>et li</ex>
         <ex>alierset si</ex>
         <ex>lessieret de</ex>
         <ex>et si</ex>
         <ex>euet qe
</ex>
         <ex>eet cil</ex>
         <ex>et tes</ex>
         <ex>et d</ex>
         <ex>demeinet non</ex>
         <ex>et non</ex>
         <ex>antet tote</ex>
         <ex>et sanz
</ex>
         <ex>heaumeet el</ex>
         <ex>tresperceraiet trespasserai</ex>
         <ex>paiset si</ex>
         <ex>euset totes</ex>
         <ex>et les</ex>
         <ex>citet qi</ex>
         <ex>et de
</ex>
         <ex>et si</ex>
         <ex>pieceet </ex>
         <ex>et sa</ex>
         <ex>paienet si</ex>
         <ex>et de
</ex>
         <ex>et dolenz</ex>
         <ex>contreeet si</ex>
         <ex>et pro</ex>
         <ex>et robeor</ex>
         <ex>et seisi</ex>
         <ex>et a</ex>
         <ex>oieet puis</ex>
         <ex>estoitet de</ex>
         <ex>et s</ex>
         <ex>et en</ex>
         <ex>et dotance</ex>
         <ex>et les</ex>
         <ex>et a</ex>
         <ex>ignoret si</ex>
         <ex>oieet si</ex>
         <ex>pieceet molt</ex>
         <ex>et molt</ex>
         <ex> et si
</ex>
         <ex>loet a</ex>
         <ex>et pluisors</ex>
         <ex>s et mestre</ex>
         <ex>prestreset contre</ex>
         <ex>et eraies</ex>
         <ex>et batirent</ex>
         <ex>et le</ex>
         <ex>et la</ex>
         <ex>et pres</ex>
         <ex>arresteret por</ex>
         <ex>et apris</ex>
         <ex>et fie</ex>
         <ex>departizet ert</ex>
         <ex>annoncieret preechier</ex>
         <ex>et il</ex>
         <ex>cheailleet li</ex>
         <ex>et pro</ex>
         <ex>et pour</ex>
         <ex>et lor</ex>
         <ex>oientet si</ex>
         <ex>et a</ex>
         <ex>deet fu</ex>
         <ex>et apr</ex>
         <ex>eureet esqui</ex>
         <ex>et mena</ex>
         <ex>et preudome</ex>
         <ex>et de</ex>
         <ex>criet de</ex>
         <ex>estreet l</ex>
         <ex>et conta
</ex>
         <ex>cordeet tolue</ex>
         <ex>et fist</ex>
         <ex>estantet si</ex>
         <ex>homeet tuit</ex>
         <ex>et en</ex>
         <ex>prodomet sages</ex>
         <ex>et si</ex>
         <ex>issuet non</ex>
         <ex>et des</ex>
         <ex>et une</ex>
         <ex>eschiet qe</ex>
         <ex>pastoret go</ex>
         <ex>et li
</ex>
         <ex>esqeet es</ex>
         <ex>estuzet de</ex>
         <ex>reet ileinement</ex>
         <ex>et de</ex>
         <ex>et entendoit</ex>
         <ex>reet en</ex>
         <ex>et por</ex>
         <ex>et un</ex>
         <ex>et si</ex>
         <ex>eet de</ex>
         <ex>et d</ex>
         <ex>oieet cele</ex>
         <ex>luiet qi</ex>
         <ex>et sa</ex>
         <ex>sonceleset lor</ex>
         <ex> et doctrin</ex>
         <ex>escritureset a</ex>
         <ex>encelet li</ex>
         <ex>pereet si</ex>
         <ex>et en</ex>
         <ex>et dures.</ex>
         <ex>eset moles</ex>
         <ex>olentezet lor
</ex>
         <ex> et a</ex>
         <ex>et seins</ex>
         <ex>diteet tout</ex>
         <ex>et a</ex>
         <ex>et signorie</ex>
         <ex>siecleset a</ex>
         <ex>mortet doutoient.</ex>
         <ex>et les</ex>
         <ex>pereet lor</ex>
         <ex>et dire</ex>
         <ex>orissonset a</ex>
         <ex>contreeet si</ex>
         <ex>et fere</ex>
         <ex>et clart</ex>
         <ex>clartet lumiere.</ex>
         <ex>beleet mout</ex>
         <ex>et q</ex>
         <ex>et sanz</ex>
         <ex>et les</ex>
         <ex>nonet en</ex>
         <ex>et mart</ex>
         <ex>et par</ex>
         <ex>et a</ex>
         <ex>et demostrast</ex>
         <ex>et sa</ex>
         <ex>et de</ex>
         <ex>et hisdeus
</ex>
         <ex>et cruel</ex>
         <ex>nonet de</ex>
         <ex>parlaet si</ex>
         <ex>apelezet si</ex>
         <ex> lerreset ensamble</ex>
         <ex>frereset a</ex>
         <ex>eet lors</ex>
         <ex>despechieret desfere.</ex>
         <ex>et de</ex>
         <ex>ret cil</ex>
         <ex>doelet grant</ex>
         <ex>et s</ex>
         <ex>et a</ex>
         <ex>et en</ex>
         <ex>ssentet q</ex>
         <ex>et esmer</ex>
         <ex>et qe</ex>
         <ex>et d</ex>
         <ex>aoroientet faisoient</ex>
         <ex>et de</ex>
         <ex>et droit</ex>
         <ex>et lonc</ex>
         <ex>paieneet les</ex>
         <ex>abatistet encore</ex>
         <ex>sacret bene</ex>
         <ex>beneet q</ex>
         <ex>et honorassent.</ex>
         <ex>et a</ex>
         <ex>et lui</ex>
         <ex>et ensi</ex>
         <ex>et abatre</ex>
         <ex>et bene</ex>
         <ex>et por</ex>
         <ex>et si</ex>
         <ex>et mostres
</ex>
         <ex>et contes</ex>
         <ex>oiret s</ex>
         <ex>feireet qe</ex>
         <ex>et che</ex>
         <ex>ensambleet a</ex>
         <ex>bienet si</ex>
         <ex>et con</ex>
         <ex>et lor</ex>
         <ex>et pendoit</ex>
         <ex>liementet a</ex>
         <ex>et de
</ex>
         <ex>loinget si</ex>
         <ex>et esperdu</ex>
         <ex>et sanz</ex>
         <ex>et a</ex>
         <ex>et pesanz</ex>
         <ex>pesanzet de</ex>
         <ex>et grant</ex>
         <ex>eet li</ex>
         <ex>et a</ex>
         <ex>ignoret si</ex>
         <ex>et lor</ex>
         <ex>exempleset par</ex>
         <ex>et lor</ex>
         <ex>et faisoit</ex>
         <ex>et autieus</ex>
         <ex>loet </ex>
         <ex>et paien</ex>
         <ex>et cil</ex>
         <ex>orisonset lor</ex>
         <ex>et a</ex>
         <ex>et celebrees.
</ex>
         <ex>et destruire.</ex>
         <ex>pleinet la</ex>
         <ex>et granz</ex>
         <ex>entet se</ex>
         <ex>et li</ex>
         <ex>et destruiz</ex>
         <ex>destruizet que</ex>
         <ex> et sau</ex>
         <ex>celleet a</ex>
         <ex>mostieret la</ex>
         <ex>et en</ex>
         <ex>et a</ex>
         <ex>et descon</ex>
         <ex>et qe</ex>
         <ex>et des</ex>
         <ex>et totes
</ex>
         <ex>et tuit</ex>
         <ex>et en</ex>
         <ex>et espoent</ex>
         <ex>et crurent.</ex>
         <ex>oizet distrent</ex>
         <ex>et aoroit</ex>
         <ex>et croire</ex>
         <ex>et les</ex>
         <ex>et despire.</ex>
         <ex>et en</ex>
         <ex>et sanz
</ex>
         <ex>douteet li</ex>
         <ex>et maumis.</ex>
         <ex>et a</ex>
         <ex>et a</ex>
         <ex>et formee</ex>
         <ex>et bien
</ex>
         <ex>et a</ex>
         <ex>et grant</ex>
         <ex>et ocirre.</ex>
         <ex>et che</ex>
         <ex>exampleset tieus</ex>
         <ex>miracleset par</ex>
         <ex>eritet q</ex>
         <ex>et lor</ex>
         <ex>et depecier.</ex>
         <ex>et tieus</ex>
         <ex>et curer
</ex>
         <ex>et entendre.</ex>
         <ex>membreset si</ex>
         <ex>et si</ex>
         <ex>et entendi</ex>
         <ex>et a</ex>
         <ex>assemblezet pluisors</ex>
         <ex>amoientet a</ex>
         <ex>et entendre</ex>
         <ex>et perist</ex>
         <ex>itet de</ex>
         <ex>et ce</ex>
         <ex>et a</ex>
         <ex>et a</ex>
         <ex>et cil</ex>
         <ex>seleet granz</ex>
         <ex>et atendoient</ex>
         <ex>et sa</ex>
         <ex>et seigna</ex>
         <ex>puceleet tantost</ex>
         <ex>ignoret tuit</ex>
         <ex>droiteet </ex>
         <ex> et curee</ex>
         <ex>et tiesmo</ex>
         <ex>et gre</ex>
         <ex>et sanez.</ex>
         <ex>denzet crioit</ex>
         <ex>et demenoit
</ex>
         <ex>et si</ex>
         <ex>estoitet tant</ex>
         <ex>et si</ex>
         <ex>et tel</ex>
         <ex>presignieret apr</ex>
         <ex>set toz</ex>
         <ex>et par</ex>
         <ex>homeet la</ex>
         <ex>et aguetier</ex>
         <ex>et mout
</ex>
         <ex>et tenist</ex>
         <ex>estoitet entra</ex>
         <ex>dolantet mout
</ex>
         <ex>et ocirre</ex>
         <ex>pooret sanz</ex>
         <ex>et q</ex>
         <ex>fremiret a</ex>
         <ex>et a</ex>
         <ex>et si</ex>
         <ex>et mengue.</ex>
         <ex>chautet tout</ex>
         <ex>dedenzet ne</ex>
         <ex>derrierset de</ex>
         <ex>et molt</ex>
         <ex>esmaieet torblee
</ex>
         <ex>et confondre.</ex>
         <ex>et en</ex>
         <ex>et dist</ex>
         <ex>et en</ex>
         <ex>et escoutoit</ex>
         <ex>deableset li</ex>
         <ex>estoientet fors</ex>
         <ex>et ses</ex>
         <ex>et la</ex>
         <ex>et le
</ex>
         <ex>et bene</ex>
         <ex>et o</ex>
         <ex>et mondez</ex>
         <ex>et en</ex>
         <ex>ignoret au</ex>
         <ex>oezet entendez</ex>
         <ex>et corrompue</ex>
         <ex>qarteineset par</ex>
         <ex>puceleet en</ex>
         <ex>guerieet mondee</ex>
         <ex>et irge.</ex>
         <ex>et bene</ex>
         <ex>oitet la</ex>
         <ex>reeet li
</ex>
         <ex>et si</ex>
         <ex>et re</ex>
         <ex>et del</ex>
         <ex>combrisiezet si</ex>
         <ex>nuitet il</ex>
         <ex>et si</ex>
         <ex>lendemeinet si</ex>
         <ex>et de
</ex>
         <ex>pluiseurset ra</ex>
         <ex>genzet puis</ex>
         <ex>reset le</ex>
         <ex>et il</ex>
         <ex>guerissonset ocioit</ex>
         <ex>et sanz</ex>
         <ex>et dist</ex>
         <ex>et par
</ex>
         <ex>batailleet ce</ex>
         <ex>desfendreet por</ex>
         <ex>mostreeset tante</ex>
         <ex>et grant</ex>
         <ex>et l</ex>
         <ex>meset de</ex>
         <ex>et en
</ex>
         <ex>butet tantost</ex>
         <ex>et enuz</ex>
         <ex>street li</ex>
         <ex>lignieet acompliz</ex>
         <ex>et couce</ex>
         <ex>et el</ex>
         <ex>matet confus</ex>
         <ex>et tel
</ex>
         <ex>et tel</ex>
         <ex>et matin.</ex>
         <ex>et conter</ex>
         <ex>maniereet si</ex>
         <ex>et a</ex>
         <ex>estoientet molt</ex>
         <ex>et cont</ex>
         <ex>et requis.</ex>
         <ex>et destruiz</ex>
         <ex>et qi</ex>
         <ex>et desconfiz</ex>
         <ex>et si</ex>
         <ex>pereoret tant</ex>
         <ex>et tant
</ex>
         <ex>et entendez
</ex>
         <ex>foizet si</ex>
         <ex>et si</ex>
         <ex>et molt</ex>
         <ex>et a</ex>
         <ex>et fere</ex>
         <ex>et tolue
</ex>
         <ex>parleret il</ex>
         <ex>reset si</ex>
         <ex>et cont</ex>
         <ex>mandaet dist</ex>
         <ex>et cerchassent</ex>
         <ex>doleuret ceste</ex>
         <ex>et cerche</ex>
         <ex>et puis</ex>
         <ex>forestet si</ex>
         <ex>ouet qant</ex>
         <ex>et entendre</ex>
         <ex>et qi</ex>
         <ex> et dit</ex>
         <ex>et apa</ex>
         <ex>et de</ex>
         <ex> et ce</ex>
         <ex>et sa</ex>
         <ex>et sa</ex>
         <ex>paroleset si</ex>
         <ex>et deguerpi</ex>
         <ex> et puis</ex>
         <ex>et ses</ex>
         <ex>fezet les</ex>
         <ex>et si</ex>
         <ex>et les</ex>
         <ex>et la</ex>
         <ex>ieet si</ex>
         <ex>et leis</ex>
         <ex>et misericorde.</ex>
         <ex>et entendre</ex>
         <ex>et a</ex>
         <ex>et sermonoit</ex>
         <ex>et sa</ex>
         <ex>apelezet l</ex>
         <ex>oitet t</ex>
         <ex>reset por</ex>
         <ex>ieet tant</ex>
         <ex>et de</ex>
         <ex>et la</ex>
         <ex>et une</ex>
         <ex>demoranceet non</ex>
         <ex>et lor</ex>
         <ex>et si</ex>
         <ex> et en</ex>
         <ex>compaignieet cil
</ex>
         <ex>creanceet par</ex>
         <ex>loet de</ex>
         <ex>et eu</ex>
         <ex>euet portoient
</ex>
         <ex>et de</ex>
         <ex>estoitet qi</ex>
         <ex>et entendi</ex>
         <ex>friret si</ex>
         <ex>luiet par</ex>
         <ex> et entendi</ex>
         <ex>et tra</ex>
         <ex>miseet cele</ex>
         <ex>estueet par</ex>
         <ex>et conisteroiz</ex>
         <ex>elleet si
</ex>
         <ex>et entendre.</ex>
         <ex>et grant
</ex>
         <ex>et la</ex>
         <ex>eoitet mur</ex>
         <ex>autreset me</ex>
         <ex>estueet por</ex>
         <ex>et molt</ex>
         <ex>et molt</ex>
         <ex>iolset taster</ex>
         <ex>zet nepor</ex>
         <ex>et a</ex>
         <ex>et a</ex>
         <ex>pooitet si</ex>
         <ex>et </ex>
         <ex>et a</ex>
         <ex>ienentet de</ex>
         <ex>et eoir</ex>
         <ex>et die</ex>
         <ex>seuset li</ex>
         <ex>maniereet si
</ex>
         <ex>reet corone</ex>
         <ex>pierreset chau</ex>
         <ex>doreeet molt</ex>
         <ex>et de</ex>
         <ex>et de</ex>
         <ex> et por</ex>
         <ex>et si</ex>
         <ex>direet apr</ex>
         <ex>et corone</ex>
         <ex>et en</ex>
         <ex>mortet a</ex>
         <ex>oizet cele</ex>
         <ex>reet la</ex>
         <ex> et dit</ex>
         <ex>neset si</ex>
         <ex>et de</ex>
         <ex>biet raconterai</ex>
         <ex>gieret c</ex>
         <ex>piezet si</ex>
         <ex>et pechi</ex>
         <ex>et de</ex>
         <ex>siecleet qe
</ex>
         <ex>direet i</ex>
         <ex>et dire</ex>
         <ex>direet dont</ex>
         <ex>pluiseurset resuscitoit</ex>
         <ex>morset a</ex>
         <ex>et les
</ex>
         <ex>fuiet qi</ex>
         <ex>et dire.</ex>
         <ex>et por
</ex>
         <ex>set de</ex>
         <ex>et fesoit</ex>
         <ex>et gesir</ex>
         <ex>gesiret si</ex>
         <ex>estoitet oste</ex>
         <ex>et il</ex>
         <ex>et li
</ex>
         <ex>et la</ex>
         <ex>et si
</ex>
         <ex>et une
</ex>
         <ex>estet li</ex>
         <ex>ardoiret a</ex>
         <ex>et destraignoit</ex>
         <ex>et serrez</ex>
         <ex>et si</ex>
         <ex>sonset si</ex>
         <ex>foiet par</ex>
         <ex>desfermeret il
</ex>
         <ex>croizet ses</ex>
         <ex>entendreet sa</ex>
         <ex>definaet lessa</ex>
         <ex>decipleset a</ex>
         <ex>entreet </ex>
         <ex>oientet cha</ex>
         <ex>et men</ex>
         <ex>et si</ex>
         <ex>entet si</ex>
         <ex>et qant
</ex>
         <ex>et les</ex>
         <ex>leuet si</ex>
         <ex>et entendre</ex>
         <ex>et as
</ex>
         <ex>montaigneset li</ex>
         <ex>oitet la</ex>
         <ex>et grant</ex>
         <ex>demeneret se</ex>
         <ex>oizet si</ex>
         <ex>et descon</ex>
         <ex>saufet si</ex>
         <ex>et de</ex>
         <ex>et si</ex>
         <ex>ignoret a</ex>
         <ex>et faire.</ex>
         <ex>et en</ex>
         <ex>et seur</ex>
         <ex>et les</ex>
         <ex>cielet si</ex>
         <ex>et de</ex>
         <ex>lumiereet tot</ex>
         <ex>et tant</ex>
         <ex>indrentet tuit</ex>
         <ex>et as</ex>
         <ex>oieset me</ex>
         <ex>demenoientet com</ex>
         <ex>et assamblez</ex>
         <ex>et emis</ex>
         <ex>reet i</ex>
         <ex>et chantees.</ex>
         <ex>et un
</ex>
         <ex>eageet au</ex>
         <ex>deet si</ex>
         <ex>contet dit.</ex>
         <ex>aet il</ex>
         <ex>deet cil</ex>
         <ex>euset une</ex>
         <ex>oloientet si</ex>
         <ex>neet si</ex>
         <ex>et olons</ex>
         <ex>mondeet parti</ex>
         <ex>iandeset si</ex>
         <ex>onset esleeciez</ex>
         <ex>ertuzet de</ex>
         <ex>et doi</ex>
         <ex>entet nous</ex>
         <ex>deet si</ex>
         <ex>morzet a</ex>
         <ex>et pro</ex>
         <ex>et droiture</ex>
         <ex>et a</ex>
         <ex>loet l</ex>
         <ex>et la
</ex>
         <ex>et li</ex>
         <ex>et distrent</ex>
         <ex>et de</ex>
         <ex>nefet toutes</ex>
         <ex>confuzet repeirierent</ex>
         <ex>et de</ex>
         <ex>et entendue.</ex>
         <ex>et de</ex>
         <ex>et de</ex>
         <ex>et mout</ex>
         <ex>matineset de</ex>
         <ex>et de</ex>
         <ex>oet entendi</ex>
         <ex>et ent</ex>
         <ex>encoreet si</ex>
         <ex>tendreet les</ex>
         <ex>et por</ex>
         <ex>et li
</ex>
         <ex>acreset si</ex>
         <ex>et par
</ex>
         <ex>et entendoit</ex>
         <ex>et la</ex>
         <ex>et si</ex>
         <ex>et e</ex>
         <ex>ieet por</ex>
         <ex>et demeinent</ex>
         <ex> et entendu</ex>
         <ex>et lor</ex>
         <ex>sesiret prendre</ex>
         <ex>et confuz</ex>
         <ex>et tristres.</ex>
         <ex>et l</ex>
         <ex>et puis</ex>
         <ex>et isnielement</ex>
         <ex>et ent</ex>
         <ex>et florie.</ex>
         <ex>et il</ex>
         <ex>et finee</ex>
         <ex>fineeet cil</ex>
         <ex>et ennuiez</ex>
         <ex>troublezet bien</ex>
         <ex>ensambleet mout</ex>
         <ex>et l</ex>
         <ex>preudomet seinz</ex>
         <ex>homet bene</ex>
         <ex>et les</ex>
         <ex>enoientet cui</ex>
         <ex>confonduzet seinte</ex>
         <ex>enforcieet qi</ex>
         <ex>geleset la</ex>
         <ex>irgeset qi</ex>
         <ex>et leesche</ex>
         <ex>et crieres</ex>
         <ex>et regne</ex>
         <ex>homet de</ex>
         <ex> et en</ex>
         <ex>et plus</ex>
         <ex>estudeet molt
</ex>
         <ex>et consomee</ex>
         <ex>et dire</ex>
         <ex>et somee</ex>
         <ex>et toz</ex>
         <ex>et les</ex>
         <ex>et les</ex>
         <ex>et bene</ex>
         <ex>ret por</ex>
         <ex>et metre</ex>
         <ex>et a</ex>
         <ex>antet qant</ex>
         <ex>sarquet puis</ex>
         <ex>et por</ex>
         <ex>dolenzet si</ex>
         <ex>et molt
</ex>
         <ex>et si</ex>
         <ex>esqiet ceste</ex>
         <ex>et li
</ex>
         <ex>et en</ex>
         <ex>et en</ex>
         <ex>et por</ex>
         <ex>elset il</ex>
         <ex>estoitet il</ex>
         <ex>abbeset puis</ex>
         <ex>laet lor</ex>
         <ex>oset por</ex>
         <ex>et tristre</ex>
         <ex>reet li</ex>
         <ex>et li</ex>
         <ex>esqeet les</ex>
         <ex>et les</ex>
         <ex>et cierges</ex>
         <ex>chanteret si</ex>
         <ex>et misent</ex>
         <ex>et assis</ex>
         <ex>nonet la</ex>
         <ex>chanteeet il</ex>
         <ex>set si</ex>
         <ex> et dit</ex>
         <ex>eet qe</ex>
         <ex>autruiet ce</ex>
         <ex>et regne</ex>
         <ex>eet essaucie</ex>
         <ex>essaucieet qe</ex>
         <ex>et </ex>
         <ex> et en</ex>
         <ex>et nessent.</ex>
         <ex> et la</ex>
         <ex> et de</ex>
         <ex>contreeet mout</ex>
         <ex>oiret de</ex>
         <ex>et de</ex>
         <ex>et de
</ex>
         <ex>et cremoit</ex>
         <ex>et mout</ex>
         <ex>euet ser</ex>
         <ex>et de</ex>
         <ex>set so</ex>
         <ex>et dont</ex>
         <ex>et les</ex>
         <ex>eset les</ex>
         <ex>et les</ex>
         <ex>mengiet il</ex>
         <ex>et si
</ex>
         <ex>et e</ex>
         <ex>et en</ex>
         <ex>et chas</ex>
         <ex> et si
</ex>
         <ex>et si</ex>
         <ex>et mon</ex>
         <ex>contet dit</ex>
         <ex> et </ex>
         <ex>et mi</ex>
         <ex>sericorset qi</ex>
         <ex>et ape</ex>
         <ex>et entendre.</ex>
         <ex>et droiture.</ex>
         <ex>pereset la</ex>
         <ex>et le</ex>
         <ex>et amenda</ex>
         <ex>et la</ex>
         <ex>et par</ex>
         <ex>et rectori</ex>
         <ex>et di</ex>
         <ex>enfeset bien</ex>
         <ex>et ama</ex>
         <ex>reatouret son</ex>
         <ex>et entendans</ex>
         <ex>femeet si</ex>
         <ex>filet si</ex>
         <ex>oieet m</ex>
         <ex>esleeceet l</ex>
         <ex>et les</ex>
         <ex>estoitet furent</ex>
         <ex>mostieret menez</ex>
         <ex>et en</ex>
         <ex>et g</ex>
         <ex>et sa
</ex>
         <ex> et de</ex>
         <ex>et de</ex>
         <ex>et une</ex>
         <ex>et si
</ex>
         <ex>gardezet nostre
</ex>
         <ex>et retint.</ex>
         <ex>et argent</ex>
         <ex>plotet se</ex>
         <ex>et fors
</ex>
         <ex>saleet ala</ex>
         <ex>dedenzet na</ex>
         <ex>citet ala</ex>
         <ex>et si</ex>
         <ex>et dona</ex>
         <ex>et a</ex>
         <ex>reset le</ex>
         <ex>et dona</ex>
         <ex>ignoret dont</ex>
         <ex>aumosneset ce</ex>
         <ex>penseeet estoit</ex>
         <ex>et en</ex>
         <ex>et en</ex>
         <ex> et dit</ex>
         <ex>et demanda
</ex>
         <ex>ilet si</ex>
         <ex>et si</ex>
         <ex>et misericors
</ex>
         <ex>et secorables.</ex>
         <ex>et di</ex>
         <ex>direet gisoit
</ex>
         <ex>et disoit</ex>
         <ex>ignoret en</ex>
         <ex>ignoret li</ex>
         <ex>luiet la</ex>
         <ex>ditet parl</ex>
         <ex>celuiet cil</ex>
         <ex>et proia
</ex>
         <ex>demostrastet ensignast
</ex>
         <ex>misericordeet nostre</ex>
         <ex>eglisseet puis</ex>
         <ex>estoitet de</ex>
         <ex>et dist</ex>
         <ex>et pleinz
</ex>
         <ex>paroleset li</ex>
         <ex>et amener</ex>
         <ex>et sot</ex>
         <ex>et depueplez</ex>
         <ex>contreeet par</ex>
         <ex>et li</ex>
         <ex>et se</ex>
         <ex>portet tant</ex>
         <ex>terreet si</ex>
         <ex>empereoret ensemble</ex>
         <ex>luiet si</ex>
         <ex>et piti</ex>
         <ex>et misericor</ex>
         <ex>et besoigneus</ex>
         <ex>et si</ex>
         <ex>et done</ex>
         <ex>ieet si</ex>
         <ex>et oelle</ex>
         <ex>et raemplir</ex>
         <ex>et si</ex>
         <ex>et li</ex>
         <ex>et si</ex>
         <ex>et istrai</ex>
         <ex>oieet si</ex>
         <ex>maniereet si</ex>
         <ex>et men</ex>
         <ex>et dire</ex>
         <ex>et menoit</ex>
         <ex>et si</ex>
         <ex>et par
</ex>
         <ex>et atendrai</ex>
         <ex>et l</ex>
         <ex>et menoit</ex>
         <ex>entet qi</ex>
         <ex>anuizet de</ex>
         <ex>et les</ex>
         <ex>et le</ex>
         <ex>et sa</ex>
         <ex>et en</ex>
         <ex>et ceste</ex>
         <ex>et metre</ex>
         <ex>et departir</ex>
         <ex>et enque</ex>
         <ex>et pene</ex>
         <ex>ieet ment</ex>
         <ex>et esploiti</ex>
         <ex>esploitiet coment</ex>
         <ex>et coment</ex>
         <ex>oret la</ex>
         <ex>et de</ex>
         <ex>et la</ex>
         <ex>et li</ex>
         <ex>eilliezet qi</ex>
         <ex>esteset e</ex>
         <ex>et assoa</ex>
         <ex>et s</ex>
         <ex>et en</ex>
         <ex>euet si</ex>
         <ex>remestet trespassa</ex>
         <ex>et li</ex>
         <ex>et tuit</ex>
         <ex>maladeset rendoit</ex>
         <ex>et nuit</ex>
         <ex>et loenges</ex>
         <ex>loengeset li</ex>
         <ex>et pardon</ex>
         <ex>pechiezet qu</ex>
         <ex>ameet li
</ex>
         <ex>oieet a</ex>
         <ex>empereoret li
</ex>
         <ex>et enseignie.</ex>
         <ex>eet si</ex>
         <ex> et si</ex>
         <ex>et la</ex>
         <ex>signorieet si</ex>
         <ex>et dist</ex>
         <ex>et por</ex>
         <ex>et embraser</ex>
         <ex>et si</ex>
         <ex>et qieus</ex>
         <ex>et de</ex>
         <ex>eoitet qe</ex>
         <ex>et grant</ex>
         <ex>orissonset en
</ex>
         <ex>gaboientet assailloient</ex>
         <ex>et il
</ex>
         <ex>et trespassez</ex>
         <ex>et aussint</ex>
         <ex>resplendissanzet en</ex>
         <ex>et lire</ex>
         <ex>et si</ex>
         <ex>mesonet ore</ex>
         <ex>morzet tenoit</ex>
         <ex>richementet si</ex>
         <ex>tet ensemble</ex>
         <ex>et tuit</ex>
         <ex>omeet granz</ex>
         <ex>pereorset ci</ex>
         <ex>et q</ex>
         <ex>meinet lor</ex>
         <ex>et li</ex>
         <ex>et esponst</ex>
         <ex>reset si</ex>
         <ex>euset se</ex>
         <ex>plorantet criant</ex>
         <ex>et si
</ex>
         <ex>eet quel
</ex>
         <ex>pasmaet de</ex>
         <ex>et sostenue.</ex>
         <ex>descireret a</ex>
         <ex>eneorset ses
</ex>
         <ex>forseneeet regardoit
</ex>
         <ex>et a</ex>
         <ex>et cui</ex>
         <ex>et redemenoit</ex>
         <ex>oiset si</ex>
         <ex>et toutes</ex>
         <ex>et plorez</ex>
         <ex>et demenez</ex>
         <ex>et disoit</ex>
         <ex>et moi</ex>
         <ex>oset si</ex>
         <ex>et confortoient
</ex>
         <ex>et ploroit</ex>
         <ex>et a</ex>
         <ex>et si
</ex>
         <ex>et la</ex>
         <ex>et esmer</ex>
         <ex>et si</ex>
         <ex>et a</ex>
         <ex>mereet a</ex>
         <ex>citet si</ex>
         <ex>et dire</ex>
         <ex> et cil</ex>
         <ex>maladieset languereus</ex>
         <ex>et ooient</ex>
         <ex> et  </ex>
         <ex>et argent</ex>
         <ex>reet la</ex>
         <ex>et li</ex>
         <ex>et a</ex>
         <ex>et loenges</ex>
         <ex> et d</ex>
         <ex>et d</ex>
         <ex>tet de</ex>
         <ex>et mistrent</ex>
         <ex>et fet</ex>
         <ex> et </ex>
         <ex>mentet par</ex>
         <ex>atentet qi</ex>
         <ex>zet a</ex>
         <ex>eslongentet ser</ex>
         <ex>et pai</ex>
         <ex>irontet a</ex>
         <ex>et o</ex>
         <ex>et o</ex>
         <ex>et o</ex>
         <ex>et en</ex>
         <ex>tendreet la</ex>
         <ex>et regne</ex>
         <ex>entendieet o</ex>
         <ex>racontentet dient
</ex>
         <ex>et les</ex>
         <ex>et por</ex>
         <ex>et qi</ex>
         <ex>et sa</ex>
         <ex>et andui</ex>
         <ex>et ser</ex>
         <ex>et amer</ex>
         <ex>escoleet li</ex>
         <ex>et del</ex>
         <ex>gieet si</ex>
         <ex>et misericorde</ex>
         <ex>et oieus</ex>
         <ex>et l</ex>
         <ex>et sa</ex>
         <ex>et sa</ex>
         <ex>morurentet de</ex>
         <ex> et dona</ex>
         <ex>et en</ex>
         <ex>celuiet lors</ex>
         <ex> et par</ex>
         <ex>et gueriz.</ex>
         <ex>et muiant</ex>
         <ex>muiantet cil</ex>
         <ex>oientet li</ex>
         <ex>conselet a</ex>
         <ex>deet il</ex>
         <ex>metezet secoroit</ex>
         <ex>et esparse</ex>
         <ex>et sa</ex>
         <ex>contreeet trespasse</ex>
         <ex>et menroit</ex>
         <ex>et en</ex>
         <ex>et cil</ex>
         <ex> et deli</ex>
         <ex>estoitet por</ex>
         <ex>et q</ex>
         <ex>et pooir.</ex>
         <ex>piezet si
</ex>
         <ex>estionset qi</ex>
         <ex>corset amenisterrons</ex>
         <ex>liezet bene</ex>
         <ex>ignoret rendi</ex>
         <ex>et a</ex>
         <ex>et ses
</ex>
         <ex>liezet heitiez</ex>
         <ex>et li</ex>
         <ex>et droituriers</ex>
         <ex>et mis</ex>
         <ex>et nuiz</ex>
         <ex>et a</ex>
         <ex>et autres</ex>
         <ex>feteet qant</ex>
         <ex> et quel</ex>
         <ex>et escu</ex>
         <ex>et d</ex>
         <ex>et de</ex>
         <ex>et ni</ex>
         <ex>ieet puis</ex>
         <ex>et apr</ex>
         <ex>et l</ex>
         <ex>et puis</ex>
         <ex>entet alerent</ex>
         <ex>et menoit</ex>
         <ex>homeet por
</ex>
         <ex>et herber</ex>
         <ex>et donees</ex>
         <ex>et sanee</ex>
         <ex>et tant</ex>
         <ex>esqeset il</ex>
         <ex>et si</ex>
         <ex>luiet 
</ex>
         <ex>enerationet li</ex>
         <ex>esqeet qant</ex>
         <ex>et por</ex>
         <ex>et misericorz</ex>
         <ex>et par</ex>
         <ex>et bien
</ex>
         <ex>et alez</ex>
         <ex>et ostas</ex>
         <ex>et qi</ex>
         <ex>et molt</ex>
         <ex>plorantet tant</ex>
         <ex>et de</ex>
         <ex>ageet si
</ex>
         <ex>et pure</ex>
         <ex>et ren</ex>
         <ex>et atornee</ex>
         <ex>et de</ex>
         <ex>et meintenant</ex>
         <ex>et plus</ex>
         <ex>et comencie</ex>
         <ex>eet ele
</ex>
         <ex>et d</ex>
         <ex>et le</ex>
         <ex>et les</ex>
         <ex>orset si</ex>
         <ex>et la</ex>
         <ex>et ge</ex>
         <ex>et de</ex>
         <ex>ignoret si</ex>
         <ex>apaisastet si</ex>
         <ex>acostumeeet tuit</ex>
         <ex>et ne</ex>
         <ex>et dis</ex>
         <ex>et li
</ex>
         <ex>et de</ex>
         <ex>et de</ex>
         <ex>et por
</ex>
         <ex>fereet ele</ex>
         <ex>et bien</ex>
         <ex>et li</ex>
         <ex>et li</ex>
         <ex>reposteet aombree</ex>
         <ex>boiset de</ex>
         <ex>et a</ex>
         <ex>et plai</ex>
         <ex>et ses</ex>
         <ex> et en
</ex>
         <ex>et li</ex>
         <ex> et il</ex>
         <ex>estoitet de</ex>
         <ex>contreeet por</ex>
         <ex>et qi</ex>
         <ex> et na</ex>
         <ex>et le</ex>
         <ex>et l</ex>
         <ex>enet coment</ex>
         <ex>roiset li</ex>
         <ex>piezet si</ex>
         <ex>mesfetet si</ex>
         <ex>et despenses</ex>
         <ex>pardonastet si</ex>
         <ex>et li</ex>
         <ex>orissonset apr</ex>
         <ex>et por</ex>
         <ex>paroleset si</ex>
         <ex>et oloit
</ex>
         <ex>et granz</ex>
         <ex>et qi</ex>
         <ex>et or.</ex>
         <ex>paistreset go</ex>
         <ex>et par</ex>
         <ex>et par</ex>
         <ex>apostreet l</ex>
         <ex>et en</ex>
         <ex>et en</ex>
         <ex>et seint</ex>
         <ex>et a</ex>
         <ex>aet li</ex>
         <ex>terreet por</ex>
         <ex>et do</ex>
         <ex>moineset de</ex>
         <ex>regneet meesmement</ex>
         <ex>et par</ex>
         <ex>et par
</ex>
         <ex>et qu</ex>
         <ex>et mena
</ex>
         <ex>et par</ex>
         <ex>et ho</ex>
         <ex>luiet la</ex>
         <ex>et si</ex>
         <ex>et manda</ex>
         <ex>choseset tant</ex>
         <ex>et si</ex>
         <ex>et de</ex>
         <ex>et si</ex>
         <ex>et heiti</ex>
         <ex>racontezet si</ex>
         <ex>et de</ex>
         <ex>et de</ex>
         <ex>cleset del</ex>
         <ex>et il</ex>
         <ex>fetet q</ex>
         <ex>solementet le</ex>
         <ex>deguerpissoitet au</ex>
         <ex>et le</ex>
         <ex>piezet si</ex>
         <ex>proiereet li</ex>
         <ex>eet il</ex>
         <ex>et tel</ex>
         <ex> et de</ex>
         <ex>apostreset por</ex>
         <ex>apostoileet si</ex>
         <ex>graceset si</ex>
         <ex>et puis</ex>
         <ex>et si</ex>
         <ex>et por</ex>
         <ex>et dist</ex>
         <ex>meret qi</ex>
         <ex>et par</ex>
         <ex>et par</ex>
         <ex>et sanz</ex>
         <ex>et metre</ex>
         <ex> et por
</ex>
         <ex>et en</ex>
         <ex>et en</ex>
         <ex>tenset il</ex>
         <ex>et or</ex>
         <ex>finet il</ex>
         <ex>et dist</ex>
         <ex>espiritueuset si</ex>
         <ex>et ala</ex>
         <ex> et deguerpi</ex>
         <ex>siecleet re</ex>
         <ex>et la
</ex>
         <ex>et requerons</ex>
         <ex>et secorre</ex>
         <ex>et le</ex>
         <ex>et regne</ex>
         <ex>et enten</ex>
         <ex>et croit</ex>
         <ex>et les</ex>
         <ex>et droiture</ex>
         <ex>et che</ex>
         <ex>et puceles
</ex>
         <ex>et dire</ex>
         <ex>et pueplee</ex>
         <ex>et la</ex>
         <ex>et les
</ex>
         <ex>richesceset de</ex>
         <ex>et de</ex>
         <ex>et lor</ex>
         <ex>proiereset si</ex>
         <ex>et la</ex>
         <ex>et le</ex>
         <ex>foieet atant</ex>
         <ex>et il</ex>
         <ex>et sa</ex>
         <ex>seet si</ex>
         <ex>et retenoit</ex>
         <ex>et dire</ex>
         <ex>et de</ex>
         <ex>et tant</ex>
         <ex>et sa</ex>
         <ex>et lor
</ex>
         <ex>et conseillier</ex>
         <ex>et puce</ex>
         <ex>et cui</ex>
         <ex>et sostenoient.</ex>
         <ex>et po</ex>
         <ex>ilet eles</ex>
         <ex>pechiet de</ex>
         <ex>chemiseet ala</ex>
         <ex>coiementet pui</ex>
         <ex>et lez</ex>
         <ex>et si</ex>
         <ex>et establies</ex>
         <ex>et qi</ex>
         <ex>et qe</ex>
         <ex>homeset qe</ex>
         <ex>et disoit</ex>
         <ex>gardaet it</ex>
         <ex>et a</ex>
         <ex>toiet si</ex>
         <ex>et humles
</ex>
         <ex>et si</ex>
         <ex>rendueet si
</ex>
         <ex>et donoit</ex>
         <ex>et or</ex>
         <ex>et nuit</ex>
         <ex>et de
</ex>
         <ex> et de</ex>
         <ex>et a</ex>
         <ex>et cont</ex>
         <ex>contet li</ex>
         <ex>et son</ex>
         <ex>homet religieus</ex>
         <ex>religieuset a</ex>
         <ex> et li</ex>
         <ex>eslectionet proierent</ex>
         <ex>et a</ex>
         <ex>et a</ex>
         <ex>et clers</ex>
         <ex>et en</ex>
         <ex>et ensignier</ex>
         <ex>puepleet l</ex>
         <ex>amonestet proierent</ex>
         <ex>eschiet ententis</ex>
         <ex>forset s</ex>
         <ex>glisseet celui</ex>
         <ex>et si</ex>
         <ex>esqeet si</ex>
         <ex>oet si</ex>
         <ex>et en</ex>
         <ex>orissonset il</ex>
         <ex>fistet a</ex>
         <ex>oiastet si</ex>
         <ex>pristet si</ex>
         <ex>et dous
</ex>
         <ex>chiefet si</ex>
         <ex>et si</ex>
         <ex>oieet nostre</ex>
         <ex>et a</ex>
         <ex>donet dont</ex>
         <ex>et l</ex>
         <ex>chaereet l</ex>
         <ex>et costume</ex>
         <ex>durementet bien</ex>
         <ex>et de</ex>
         <ex>charitet cele
</ex>
         <ex>et amegrissoit</ex>
         <ex>euneset si</ex>
         <ex> et eschi</ex>
         <ex>et sa</ex>
         <ex>et les</ex>
         <ex>et ra</ex>
         <ex>renomeeet partout</ex>
         <ex>et li</ex>
         <ex>et li
</ex>
         <ex>puissanzet li</ex>
         <ex>et prees</ex>
         <ex>donet li</ex>
         <ex>tenset ie</ex>
         <ex>conteret dire.</ex>
         <ex>felonieet e</ex>
         <ex>esforciezet les</ex>
         <ex>et par</ex>
         <ex>et e</ex>
         <ex>et granz</ex>
         <ex>ieet lor</ex>
         <ex>et lor</ex>
         <ex>et lor
</ex>
         <ex>rompueset lor
</ex>
         <ex>et si</ex>
         <ex>et a</ex>
         <ex>euet a</ex>
         <ex>homeet ce</ex>
         <ex>et as
</ex>
         <ex>et la</ex>
         <ex>eet eus</ex>
         <ex>ignoret loant</ex>
         <ex>estoitet l</ex>
         <ex>estoitet tantost</ex>
         <ex>secorset a</ex>
         <ex>et distrent</ex>
         <ex>respondiet dist</ex>
         <ex>et par</ex>
         <ex>foiet par</ex>
         <ex>et de</ex>
         <ex>et de</ex>
         <ex> et secoruz</ex>
         <ex>terreet en</ex>
         <ex>aet si</ex>
         <ex>et aidast</ex>
         <ex>et secorust.</ex>
         <ex>det aloient</ex>
         <ex>nefet a</ex>
         <ex>et ses</ex>
         <ex>contreeet bien</ex>
         <ex>ancreset li</ex>
         <ex>bonset droituriers</ex>
         <ex>portet dont</ex>
         <ex>eillierentet neqedent</ex>
         <ex>empereoret lors</ex>
         <ex>ensambleet rendirent
</ex>
         <ex>et qu</ex>
         <ex>et sa</ex>
         <ex>autreet en</ex>
         <ex>et repleniez.</ex>
         <ex>seneet os</ex>
         <ex>et o</ex>
         <ex>et encore</ex>
         <ex>et eraie
</ex>
         <ex>et d</ex>
         <ex>aoroientet en</ex>
         <ex>fianceet la</ex>
         <ex>creanceet le</ex>
         <ex>et debrissa</ex>
         <ex>et en</ex>
         <ex>et est</ex>
         <ex>et engigne</ex>
         <ex>aet e</ex>
         <ex>et en</ex>
         <ex>reet li</ex>
         <ex>et debonaires</ex>
         <ex>et entr</ex>
         <ex>euset dist</ex>
         <ex>oreet qe</ex>
         <ex>ditet li</ex>
         <ex>et por</ex>
         <ex>et mand</ex>
         <ex>et arstrent</ex>
         <ex>elleet la</ex>
         <ex>oet a</ex>
         <ex>et de</ex>
         <ex>aleeet li</ex>
         <ex>et loenges</ex>
         <ex>costumeet puis</ex>
         <ex>et doctri</ex>
         <ex>reset so</ex>
         <ex>et de</ex>
         <ex>et doctrinez</ex>
         <ex>beneet puis</ex>
         <ex>et hetiez
</ex>
         <ex>eoret le</ex>
         <ex>et l</ex>
         <ex>autreet le</ex>
         <ex>neset genz</ex>
         <ex>euset alassent
</ex>
         <ex>et ser</ex>
         <ex>et iandes</ex>
         <ex>et tout</ex>
         <ex>mazet li</ex>
         <ex>meret il</ex>
         <ex>granzet orible</ex>
         <ex>terreet pristrent</ex>
         <ex>costumeet lor</ex>
         <ex>reet alerent</ex>
         <ex>et d</ex>
         <ex>et marchi</ex>
         <ex>marchiet grant</ex>
         <ex>et la</ex>
         <ex>et adont</ex>
         <ex>et si</ex>
         <ex>oset de</ex>
         <ex>et si</ex>
         <ex>et qi</ex>
         <ex>et sa</ex>
         <ex>otroierentet si</ex>
         <ex>uneet de</ex>
         <ex> et li</ex>
         <ex>et </ex>
         <ex>et homes</ex>
         <ex>luiet si</ex>
         <ex>ocirreet por</ex>
         <ex>et a</ex>
         <ex>et a</ex>
         <ex>et espris</ex>
         <ex>et eus</ex>
         <ex>et si</ex>
         <ex> et </ex>
         <ex>laet qant</ex>
         <ex>et a</ex>
         <ex>reet cil</ex>
         <ex>traiteset apareilliez</ex>
         <ex>toliet si</ex>
         <ex>et puissanz</ex>
         <ex>et granz</ex>
         <ex>et por</ex>
         <ex> et seur</ex>
         <ex>luiet li</ex>
         <ex>pooiret qi</ex>
         <ex>et entenz</ex>
         <ex>et celi</ex>
         <ex>et si</ex>
         <ex>et corroces</ex>
         <ex> et </ex>
         <ex>et si</ex>
         <ex>et de</ex>
         <ex>destruizet si</ex>
         <ex>et d</ex>
         <ex>esteret si</ex>
         <ex>doucementet si</ex>
         <ex>amoret 
</ex>
         <ex>ageet alerent</ex>
         <ex>aleret firent</ex>
         <ex>pereoret les</ex>
         <ex>et bo</ex>
         <ex>oiset damoi</ex>
         <ex>et les</ex>
         <ex>et de</ex>
         <ex>et quist</ex>
         <ex>et en</ex>
         <ex>ieet q</ex>
         <ex>et regarz</ex>
         <ex>entet qe</ex>
         <ex>sonet mortel</ex>
         <ex>bienet cil</ex>
         <ex>et argent</ex>
         <ex>oloiret a</ex>
         <ex>et d</ex>
         <ex>et si</ex>
         <ex>et conta
</ex>
         <ex>certeinementet sanz</ex>
         <ex>oset si
</ex>
         <ex>et qie</ex>
         <ex>et amis
</ex>
         <ex>et ous</ex>
         <ex>et entendue</ex>
         <ex>et dite.</ex>
         <ex>oet entendi</ex>
         <ex>et a</ex>
         <ex>et si</ex>
         <ex>et distrent</ex>
         <ex>et semons</ex>
         <ex>semonset si</ex>
         <ex>et aemplir</ex>
         <ex>forcieret si</ex>
         <ex>et mestiers</ex>
         <ex>peset si</ex>
         <ex>et si</ex>
         <ex>et sanz</ex>
         <ex>chartreet si</ex>
         <ex>bienet si</ex>
         <ex>homet pleins
</ex>
         <ex>treet si</ex>
         <ex>princeset si</ex>
         <ex>reret si</ex>
         <ex>espoentezet comencierent</ex>
         <ex>et a</ex>
         <ex>et lor</ex>
         <ex>detraireet a</ex>
         <ex>reset si</ex>
         <ex>et disoient</ex>
         <ex>et ceste</ex>
         <ex>et sanz</ex>
         <ex>et sanz</ex>
         <ex>grantet ne</ex>
         <ex>et plor</ex>
         <ex>et puis</ex>
         <ex>periret re</ex>
         <ex>et deli</ex>
         <ex>deet s</ex>
         <ex> et si</ex>
         <ex>aussintet si</ex>
         <ex>et besier
</ex>
         <ex>pitiet la</ex>
         <ex>et a</ex>
         <ex>et ne</ex>
         <ex>misericordeet ne</ex>
         <ex>ieet nostre</ex>
         <ex>litet li</ex>
         <ex>et si</ex>
         <ex>prissonet por</ex>
         <ex>et si</ex>
         <ex>ret se</ex>
         <ex>geet q</ex>
         <ex>ociset qe</ex>
         <ex>et as</ex>
         <ex>et de</ex>
         <ex>set tieus</ex>
         <ex>tiet ala
</ex>
         <ex>et perduz</ex>
         <ex>chartreet se</ex>
         <ex>mpereoret si</ex>
         <ex>et soit</ex>
         <ex>erset ta</ex>
         <ex>et li</ex>
         <ex>espoentezet manda</ex>
         <ex>et ses</ex>
         <ex>baronset si</ex>
         <ex>semblantet si</ex>
         <ex>et par
</ex>
         <ex>et espoen</ex>
         <ex>et respondi</ex>
         <ex>et si</ex>
         <ex>aprendreet bien</ex>
         <ex>et si</ex>
         <ex>ssentet si</ex>
         <ex>et de</ex>
         <ex>lignieet se</ex>
         <ex>et si</ex>
         <ex>et qe</ex>
         <ex>et nos</ex>
         <ex>deet si</ex>
         <ex>et entendus</ex>
         <ex>terreset ensus
</ex>
         <ex>distet puis</ex>
         <ex>estoitet de</ex>
         <ex>bontet si</ex>
         <ex>conteret dire</ex>
         <ex>et por</ex>
         <ex> et retraire</ex>
         <ex>et si</ex>
         <ex>et si</ex>
         <ex>et a</ex>
         <ex>rezet si
</ex>
         <ex>et essiaus</ex>
         <ex>et aornez</ex>
         <ex>eet q</ex>
         <ex>deraet si</ex>
         <ex>oioitet tant</ex>
         <ex>besieret por</ex>
         <ex>et si</ex>
         <ex>ceet autres</ex>
         <ex>estoitet si</ex>
         <ex>oioitet les</ex>
         <ex>cielet si</ex>
         <ex>et esmer</ex>
         <ex>et nule</ex>
         <ex>choseset tu</ex>
         <ex>et a</ex>
         <ex>et des
</ex>
         <ex>scritureset qu</ex>
         <ex>et as</ex>
         <ex>loantet bene</ex>
         <ex>itet regne</ex>
         <ex>geleet la</ex>
         <ex>corset le</ex>
         <ex>boucheet tantost</ex>
         <ex>et sa
</ex>
         <ex>et .</ex>
         <ex>adonqeset qant</ex>
         <ex>et si</ex>
         <ex>et tra</ex>
         <ex>celiet tantost</ex>
         <ex>ignoret la</ex>
         <ex>et </ex>
         <ex>euet sa
</ex>
         <ex>et la
</ex>
         <ex>nonet si</ex>
         <ex>et si</ex>
         <ex>et ait</ex>
         <ex>et par</ex>
         <ex>et les</ex>
         <ex>membreset pui</ex>
         <ex>ignoret tantost</ex>
         <ex>sanezet si</ex>
         <ex>et graciant</ex>
         <ex>et tro</ex>
         <ex>et d</ex>
         <ex>et pleines</ex>
         <ex>et a</ex>
         <ex>homeet si</ex>
         <ex>estet a</ex>
         <ex>et deli</ex>
         <ex>et haitiez</ex>
         <ex>et reclamez
</ex>
         <ex>miracleset d</ex>
         <ex>ieet ala</ex>
         <ex>tet si</ex>
         <ex>et si</ex>
         <ex>croizet puis</ex>
         <ex>et eripe</ex>
         <ex>tuamet sal</ex>
         <ex>protectoremet in</ex>
         <ex> et </ex>
         <ex>et 
</ex>
         <ex>et de
</ex>
         <ex>et si</ex>
         <ex>et eslee</ex>
         <ex>et li</ex>
         <ex>et de</ex>
         <ex>et desciroient</ex>
         <ex>et le</ex>
         <ex>et o</ex>
         <ex>eneet si</ex>
         <ex>esqeset cil</ex>
         <ex>corset si</ex>
         <ex>et co</ex>
         <ex>et li</ex>
         <ex>et par</ex>
         <ex>et molt
</ex>
         <ex>miracleet fet</ex>
         <ex>deset adonc</ex>
         <ex>et no</ex>
         <ex>et amoit</ex>
         <ex>et anz
</ex>
         <ex>oitet qe</ex>
         <ex>passionet </ex>
         <ex>elizet enfo</ex>
         <ex>eglisseet si</ex>
         <ex>tureet haute</ex>
         <ex> et esgard</ex>
         <ex>et l</ex>
         <ex> et de</ex>
         <ex>ret de</ex>
         <ex>ret de</ex>
         <ex>deet de</ex>
         <ex>et q</ex>
         <ex>liquieuret d</ex>
         <ex>ditet fet
</ex>
         <ex>et muz</ex>
         <ex>et der</ex>
         <ex>et envoiez</ex>
         <ex>uileet la</ex>
         <ex>et mis</ex>
         <ex>et en</ex>
         <ex>et li</ex>
         <ex>et entendre</ex>
         <ex>et acrut</ex>
         <ex>pluset plus</ex>
         <ex>loinget pres</ex>
         <ex>et des</ex>
         <ex> et qe</ex>
         <ex>genzet de</ex>
         <ex>anet la</ex>
         <ex>confessoret puis</ex>
         <ex>et molt</ex>
         <ex>rieret si</ex>
         <ex>et comen</ex>
         <ex>oeeet comen</ex>
         <ex>ret dont</ex>
         <ex>et la</ex>
         <ex>resgardaet si</ex>
         <ex>reet loa</ex>
         <ex> et celui</ex>
         <ex> et si
</ex>
         <ex>et les</ex>
         <ex>luiet puis
</ex>
         <ex>estet droiture</ex>
         <ex> et a</ex>
         <ex>homeet li</ex>
         <ex>charchiet les
</ex>
         <ex>et les</ex>
         <ex>et fist</ex>
         <ex>et besoinz.</ex>
         <ex>et sa</ex>
         <ex>et ses</ex>
         <ex>et ses
</ex>
         <ex>zet assez</ex>
         <ex>mesnieet puis</ex>
         <ex>et isnie</ex>
         <ex>et droiturier.</ex>
         <ex>et sa</ex>
         <ex>et che</ex>
         <ex>et ses</ex>
         <ex>leet por</ex>
         <ex>meret la</ex>
         <ex>et de
</ex>
         <ex>et son</ex>
         <ex>et perderont</ex>
         <ex>aet plus</ex>
         <ex>perduet la</ex>
         <ex>et toute</ex>
         <ex>et demenerent</ex>
         <ex>et del</ex>
         <ex>et sa</ex>
         <ex>signeuret si</ex>
         <ex>autelet si</ex>
         <ex>et raconta</ex>
         <ex>oitiseet coment</ex>
         <ex>et son</ex>
         <ex>et la</ex>
         <ex>et tuit</ex>
         <ex>oieet rendirent</ex>
         <ex>et loenges
</ex>
         <ex>et a</ex>
         <ex>et si</ex>
         <ex>oeeet puis</ex>
         <ex>meret si</ex>
         <ex>brazet port</ex>
         <ex>ageet li</ex>
         <ex>et puis</ex>
         <ex>et autres</ex>
         <ex>oieet si</ex>
         <ex>et le</ex>
         <ex>et li</ex>
         <ex>et a</ex>
         <ex>et oianz</ex>
         <ex>et a</ex>
         <ex>reset si
</ex>
         <ex>et par</ex>
         <ex>garderet par</ex>
         <ex>nieret rele</ex>
         <ex>homet q</ex>
         <ex>racleet por</ex>
         <ex>euet ses</ex>
         <ex>autelet si</ex>
         <ex>gageset </ex>
         <ex>et par</ex>
         <ex>et si</ex>
         <ex>respitet il</ex>
         <ex> et olentiers.</ex>
         <ex>faiteet li</ex>
         <ex>oitet si</ex>
         <ex>et pa</ex>
         <ex>et autres</ex>
         <ex>et si</ex>
         <ex>et pai</ex>
         <ex>et as</ex>
         <ex>et dist</ex>
         <ex>et par</ex>
         <ex>crestienet si</ex>
         <ex>et si</ex>
         <ex>creoitet </ex>
         <ex>et cre</ex>
         <ex>creet q</ex>
         <ex>et </ex>
         <ex>et re</ex>
         <ex>et autres</ex>
         <ex>et autres</ex>
         <ex>breet le</ex>
         <ex>eglisseet por</ex>
         <ex> et le</ex>
         <ex>boisdieet por</ex>
         <ex>et desco</ex>
         <ex>et ale</ex>
         <ex>autelet si</ex>
         <ex>et trest
</ex>
         <ex>oieet li</ex>
         <ex>oieet si</ex>
         <ex>entureet tant
</ex>
         <ex>crestienet si</ex>
         <ex> et si</ex>
         <ex>et defrois</ex>
         <ex>et bien</ex>
         <ex>et a</ex>
         <ex>parzet li</ex>
         <ex>intet si</ex>
         <ex>et prist</ex>
         <ex>et nurent</ex>
         <ex> et dece</ex>
         <ex>et qant</ex>
         <ex>toiet tres</ex>
         <ex>eet ho</ex>
         <ex>et ami</ex>
         <ex>boisiezet qe</ex>
         <ex>deserteet se</ex>
         <ex>et tote</ex>
         <ex>mesnieet toz
</ex>
         <ex>et hei</ex>
         <ex>et ala</ex>
         <ex>autelet si</ex>
         <ex>coupableset puis</ex>
         <ex>mentet si</ex>
         <ex>et tote
</ex>
         <ex>et honora</ex>
         <ex>tet mon</ex>
         <ex>ret sa</ex>
         <ex>et aempli</ex>
         <ex>et sa</ex>
         <ex>et regne
</ex>
         <ex>det si</ex>
         <ex>et ardoir</ex>
         <ex>et la</ex>
         <ex>et de</ex>
         <ex> et esgardee.</ex>
         <ex>nerentet si</ex>
         <ex>plorantet distrent</ex>
         <ex>et au</ex>
         <ex>et par</ex>
         <ex>et a</ex>
         <ex>oirset proies.</ex>
         <ex>et sa</ex>
         <ex>et d</ex>
         <ex>et de</ex>
         <ex>et sa</ex>
         <ex>richesceet puis</ex>
         <ex>et si</ex>
         <ex>changeet si</ex>
         <ex>et si</ex>
         <ex>et lessa</ex>
         <ex>endroientet pr</ex>
         <ex>et l</ex>
         <ex>et les</ex>
         <ex>et entendez</ex>
         <ex>et pree</ex>
         <ex>ploreret grant</ex>
         <ex>et qui</ex>
         <ex>et si</ex>
         <ex>et de</ex>
         <ex>et prisses</ex>
         <ex>arrazinet lors</ex>
         <ex>et si</ex>
         <ex>et chetif</ex>
         <ex>et ceste
</ex>
         <ex>et tolistes</ex>
         <ex>et autres</ex>
         <ex>et combien</ex>
         <ex>et prises</ex>
         <ex>et puis
</ex>
         <ex>lueset emblees</ex>
         <ex>gardeet si</ex>
         <ex>espoentezet por</ex>
         <ex>et sa</ex>
         <ex>oucementet si</ex>
         <ex>et droituriers</ex>
         <ex>et misericors</ex>
         <ex>et granz</ex>
         <ex>et puissanz</ex>
         <ex>et sanz</ex>
         <ex>et sanz</ex>
         <ex>omeet si</ex>
         <ex>et se</ex>
         <ex>et it</ex>
         <ex>et si</ex>
         <ex>luiet tote
</ex>
         <ex>et sa</ex>
         <ex>et si</ex>
         <ex>et gracierent</ex>
         <ex>et </ex>
         <ex>et en</ex>
         <ex>det einsi</ex>
         <ex>et honeurent</ex>
         <ex>miracleset ceste</ex>
         <ex>det totes</ex>
         <ex> et cil</ex>
         <ex>eglisseset li</ex>
         <ex>festeset honeur</ex>
         <ex>et honeurent.</ex>
         <ex>et entendez</ex>
         <ex>ieet ses</ex>
         <ex>festeset li</ex>
         <ex>et socors</ex>
         <ex>et secorre</ex>
         <ex>besoinzet desliier</ex>
         <ex>mestieret liiez</ex>
         <ex>et de</ex>
         <ex>et reg</ex>
         <ex>miracleet pluiseurs</ex>
         <ex>et embelir</ex>
         <ex>et d</ex>
         <ex>et corages</ex>
         <ex>et si</ex>
         <ex> et en</ex>
         <ex>indrentet q</ex>
         <ex>citet it</ex>
         <ex>et a</ex>
         <ex>et auques</ex>
         <ex>meret corurent</ex>
         <ex>et a</ex>
         <ex>et d</ex>
         <ex>et sorent</ex>
         <ex>et pis</ex>
         <ex>et sorent</ex>
         <ex>fereet si</ex>
         <ex>marcheandiseet de</ex>
         <ex>oileset repairierent</ex>
         <ex>et e</ex>
         <ex>gardoientet pou</ex>
         <ex>et lacierent</ex>
         <ex>heaumeset ceinstr</ex>
         <ex>et mistrent
</ex>
         <ex>forzet hardiz
</ex>
         <ex>et mout
</ex>
         <ex>et distrent</ex>
         <ex>et ou</ex>
         <ex>et lor</ex>
         <ex>et enseignierent</ex>
         <ex>eschaperet mout</ex>
         <ex>durementet li</ex>
         <ex>leuset la</ex>
         <ex>et duc
</ex>
         <ex>et disoient</ex>
         <ex>et au</ex>
         <ex>et si</ex>
         <ex>et enquerez</ex>
         <ex>et si</ex>
         <ex>et ist</ex>
         <ex>et departez</ex>
         <ex>et male</ex>
         <ex> et q</ex>
         <ex>et mout</ex>
         <ex>clerzet pueple</ex>
         <ex>isionet si</ex>
         <ex>regionet se
</ex>
         <ex>et il
</ex>
         <ex>et por</ex>
         <ex>et perdi</ex>
         <ex>et la</ex>
         <ex>duelet si</ex>
         <ex>et argent</ex>
         <ex>seet les</ex>
         <ex>et plo</ex>
         <ex>et crioient</ex>
         <ex>et si</ex>
         <ex> et estri</ex>
         <ex>eglisseet si</ex>
         <ex>et har</ex>
         <ex>et li</ex>
         <ex>toitet qant</ex>
         <ex>et si</ex>
         <ex>et ostas</ex>
         <ex>elizet il</ex>
         <ex>moitiet il</ex>
         <ex>estoitet si</ex>
         <ex>et atrest</ex>
         <ex>nonet li</ex>
         <ex>diligenseet par</ex>
         <ex>amoret par</ex>
         <ex>et atrest
</ex>
         <ex>ertureet il</ex>
         <ex>et toz</ex>
         <ex>et sanz</ex>
         <ex>et trest</ex>
         <ex>decoroientet si
</ex>
         <ex>et a</ex>
         <ex>durementet li</ex>
         <ex>et si</ex>
         <ex>estrangeset ers</ex>
         <ex>et ta</ex>
         <ex>et ceste
</ex>
         <ex>delet si</ex>
         <ex>et la</ex>
         <ex>et puis</ex>
         <ex>et mises</ex>
         <ex>et en</ex>
         <ex>et q</ex>
         <ex>et loerent</ex>
         <ex>et en</ex>
         <ex>et le</ex>
         <ex>et drecierent</ex>
         <ex>et trestrent</ex>
         <ex>et fort</ex>
         <ex>et droiturier
</ex>
         <ex>et si</ex>
         <ex>et tuit</ex>
         <ex>et il</ex>
         <ex>meret il</ex>
         <ex>et lor</ex>
         <ex>rompreet lor</ex>
         <ex>et a</ex>
         <ex>et si</ex>
         <ex>et dont</ex>
         <ex>et si</ex>
         <ex>et si</ex>
         <ex>et demenoient</ex>
         <ex>doleurset li</ex>
         <ex>et si
</ex>
         <ex>et nostre</ex>
         <ex>et nostre</ex>
         <ex>et si</ex>
         <ex>deet puis</ex>
         <ex>et par</ex>
         <ex>et disoient</ex>
         <ex>et s</ex>
         <ex>et depe</ex>
         <ex>leret a</ex>
         <ex>et qatre</ex>
         <ex>et mises</ex>
         <ex>borseet qe</ex>
         <ex>tet si
</ex>
         <ex>et entendez</ex>
         <ex>apesaet cil</ex>
         <ex>et mon</ex>
         <ex>fereet si</ex>
         <ex>et dedenz</ex>
         <ex>det puis</ex>
         <ex>otionet par</ex>
         <ex>cleret au</ex>
         <ex>leesceet la</ex>
         <ex> et corurent</ex>
         <ex>auet pristrent</ex>
         <ex>et lor</ex>
         <ex>zet toz</ex>
         <ex>et puceles</ex>
         <ex>ielet o</ex>
         <ex>chasteaet des
</ex>
         <ex> et plus</ex>
         <ex>et alez</ex>
         <ex>et a</ex>
         <ex>et a</ex>
         <ex>ardanzet chantoient</ex>
         <ex>et droiture.</ex>
         <ex>et a</ex>
         <ex>et bene</ex>
         <ex>et si</ex>
         <ex>otet bene</ex>
         <ex> et sa
</ex>
         <ex>chiet metre</ex>
         <ex>et l</ex>
         <ex>onset granz</ex>
         <ex>et esploitierent</ex>
         <ex>et par</ex>
         <ex>milet wi</ex>
         <ex>tanteet siet</ex>
         <ex>et mout</ex>
         <ex>deset peres</ex>
         <ex>et esqui</ex>
         <ex>et ense</ex>
         <ex>eglisseet la</ex>
         <ex>anzet sessante</ex>
         <ex>delet si</ex>
         <ex>et crestiens</ex>
         <ex> et conte
</ex>
         <ex>et pleins</ex>
         <ex>et disoit</ex>
         <ex>roiet tresq</ex>
         <ex>et au</ex>
         <ex>et dedenz</ex>
         <ex>et tot</ex>
         <ex>antet derriere</ex>
         <ex>ignoret par</ex>
         <ex>et heitiez</ex>
         <ex>et si</ex>
         <ex>et gueriz
</ex>
         <ex>et pluiseurs</ex>
         <ex>et del</ex>
         <ex>et des</ex>
         <ex>et des</ex>
         <ex>maladieet l</ex>
         <ex>et clope</ex>
         <ex>sechieet l</ex>
         <ex>enfermetet la</ex>
         <ex>et pale</ex>
         <ex>et a</ex>
         <ex>et ses</ex>
         <ex>et gueriz</ex>
         <ex>et sors</ex>
         <ex>et muz
</ex>
         <ex>et a</ex>
         <ex>corset por</ex>
         <ex>pechiezet le</ex>
         <ex>et </ex>
         <ex>det </ex>
         <ex>deet autres</ex>
         <ex>esqeset tuit</ex>
         <ex>det grant</ex>
         <ex>et si</ex>
         <ex>et sa</ex>
         <ex>et de</ex>
         <ex>et e</ex>
         <ex>et tantost</ex>
         <ex>et a</ex>
         <ex>et mon</ex>
         <ex>et mout
</ex>
         <ex>et le</ex>
         <ex>et le</ex>
         <ex>aleret au</ex>
         <ex>et por</ex>
         <ex>et por</ex>
         <ex>exet mes</ex>
         <ex>et aidast.</ex>
         <ex>ploreret a</ex>
         <ex>anuiet en</ex>
         <ex>deet si</ex>
         <ex>et il</ex>
         <ex>et par</ex>
         <ex>plaierentet ocistr</ex>
         <ex>fuelleset puis</ex>
         <ex>pelerinet en</ex>
         <ex>et enquist</ex>
         <ex>aloientet cil</ex>
         <ex>respondiet dist</ex>
         <ex>corrociet son</ex>
         <ex>et par</ex>
         <ex>piezet si</ex>
         <ex>luiet ses</ex>
         <ex>et en</ex>
         <ex>et par</ex>
         <ex>et loerent</ex>
         <ex>signeuret si</ex>
         <ex>et il</ex>
         <ex>et cruieus.</ex>
         <ex>et si
</ex>
         <ex>et li
</ex>
         <ex>et puis</ex>
         <ex>et grant
</ex>
         <ex>et lors</ex>
         <ex>et par</ex>
         <ex>et deli</ex>
         <ex>et de</ex>
         <ex>et reclaim</ex>
         <ex>teireet si</ex>
         <ex>et miseri</ex>
         <ex>et de</ex>
         <ex>et amoit</ex>
         <ex>ploreret a</ex>
         <ex> et secoruz</ex>
         <ex>finet si</ex>
         <ex>ignoret se</ex>
         <ex>et a</ex>
         <ex> et qe</ex>
         <ex>et si</ex>
         <ex>et gueriz</ex>
         <ex>aparuzet qu</ex>
         <ex>graceet il</ex>
         <ex>et proioient</ex>
         <ex>et deli</ex>
         <ex>premierset qi</ex>
         <ex>et honorez</ex>
         <ex>ieet qu</ex>
         <ex>et pardon</ex>
         <ex>prestreset as</ex>
         <ex>et les</ex>
         <ex>et irent</ex>
         <ex>et disoit</ex>
         <ex>confessoret si</ex>
         <ex>toiet a</ex>
         <ex>oieet qu</ex>
         <ex>et a</ex>
         <ex>et donee</ex>
         <ex>et consomee</ex>
         <ex> et dedia</ex>
         <ex>oneuret en</ex>
         <ex>et a</ex>
         <ex>et seintement</ex>
         <ex>et si</ex>
         <ex>et sa</ex>
         <ex>et si</ex>
         <ex>et orde</ex>
         <ex>et en</ex>
         <ex>proiaet requist</ex>
         <ex>et orz</ex>
         <ex>et del</ex>
         <ex>et des</ex>
         <ex>et mout</ex>
         <ex>genzet de</ex>
         <ex>et chascun</ex>
         <ex>et la</ex>
         <ex>icholaet fesoient
</ex>
         <ex>et sa</ex>
         <ex>et ses
</ex>
         <ex>fiuzet lor</ex>
         <ex>et lor</ex>
         <ex>et larrons</ex>
         <ex>et sa</ex>
         <ex>et lor</ex>
         <ex>et lor</ex>
         <ex> et sa</ex>
         <ex>et lor</ex>
         <ex>et lor</ex>
         <ex>et lor</ex>
         <ex>debatreet si</ex>
         <ex>et crioit</ex>
         <ex>et si</ex>
         <ex>et di</ex>
         <ex> et mes</ex>
         <ex>et do</ex>
         <ex>et qe</ex>
         <ex>ieet apr</ex>
         <ex>et nos
</ex>
         <ex>et si</ex>
         <ex>rentet si</ex>
         <ex>proiereset si</ex>
         <ex>et norri</ex>
         <ex>et alaitai</ex>
         <ex>et ausint</ex>
         <ex>risteet dolente</ex>
         <ex>et toz</ex>
         <ex>et qe</ex>
         <ex>et la</ex>
         <ex>femeet si</ex>
         <ex>et si</ex>
         <ex>et des</ex>
         <ex>et donons
</ex>
         <ex> et sa
</ex>
         <ex>et oelle</ex>
         <ex>et a</ex>
         <ex>rendreet e</ex>
         <ex>et si</ex>
         <ex>moiet si</ex>
         <ex>proiereet les</ex>
         <ex>et creons</ex>
         <ex>creatureet qe</ex>
         <ex>et de</ex>
         <ex>et des</ex>
         <ex>et regnes</ex>
         <ex>et de</ex>
         <ex>et les</ex>
         <ex>et finez</ex>
         <ex>apertenoitet li</ex>
         <ex>prestreet li</ex>
         <ex>et a</ex>
         <ex>doieet si</ex>
         <ex>reet li</ex>
         <ex>souspireret a</ex>
         <ex>et amenez</ex>
         <ex>prisonet qe</ex>
         <ex>et sa</ex>
         <ex>et celebroient</ex>
         <ex>humlementet mout</ex>
         <ex>et si</ex>
         <ex>et si</ex>
         <ex>et messires</ex>
         <ex>et sa
</ex>
         <ex>et li</ex>
         <ex> et .</ex>
         <ex>et si
</ex>
         <ex>et par</ex>
         <ex>proiereet </ex>
         <ex>iolset qe</ex>
         <ex>et regnes</ex>
         <ex>et la</ex>
         <ex>et de</ex>
         <ex> et dit</ex>
         <ex>ignoret loerent</ex>
         <ex>et apele</ex>
         <ex>et por</ex>
         <ex>et regne</ex>
         <ex>et nostre</ex>
         <ex>et des</ex>
         <ex>et son</ex>
         <ex>get pres</ex>
         <ex>et par</ex>
         <ex>sambleet alerent</ex>
         <ex>et si
</ex>
         <ex>et proierent</ex>
         <ex>et por</ex>
         <ex>douceet a</ex>
         <ex>et mue</ex>
         <ex>et autres</ex>
         <ex>et dist</ex>
         <ex>et font</ex>
         <ex>et lor
</ex>
         <ex>et st</ex>
         <ex>et trest</ex>
         <ex>estenduet lors</ex>
         <ex>et si
</ex>
         <ex>noteet d</ex>
         <ex>tostet qant</ex>
         <ex> et q</ex>
         <ex>et tant</ex>
         <ex>et par
</ex>
         <ex>et mout</ex>
         <ex>steset tres</ex>
         <ex>et les</ex>
         <ex>et socorre</ex>
         <ex>et esgarees</ex>
         <ex>et piti</ex>
         <ex>et regne</ex>
         <ex> et distrent</ex>
         <ex>et des</ex>
         <ex> et distrent</ex>
         <ex> et des
</ex>
         <ex>et de</ex>
         <ex>et baisai</ex>
         <ex>et men</ex>
         <ex>oieet un</ex>
         <ex> et si
</ex>
         <ex>et int
</ex>
         <ex>moiet si</ex>
         <ex>et qe</ex>
         <ex>et li
</ex>
         <ex>enuzet e</ex>
         <ex>aet de</ex>
         <ex>et tante</ex>
         <ex>et tu
</ex>
         <ex>et la</ex>
         <ex>oieet ment</ex>
         <ex>gardeeet qele</ex>
         <ex>et qele
</ex>
         <ex>doneeet quels</ex>
         <ex>et quels</ex>
         <ex>et ser</ex>
         <ex>et croient.</ex>
         <ex>et en</ex>
         <ex>ret entendre</ex>
         <ex>et son</ex>
         <ex> et si</ex>
         <ex> et se</ex>
         <ex>et raconte
</ex>
         <ex>set si
</ex>
         <ex>et de</ex>
         <ex>et lessiez.</ex>
         <ex>amiset puis</ex>
         <ex>orronset entenderons.</ex>
         <ex>meset fe</ex>
         <ex>escoutameset il</ex>
         <ex>toiet e</ex>
         <ex>et droit</ex>
         <ex>et sanz
</ex>
         <ex>et isiter</ex>
         <ex>seinzet me</ex>
         <ex>et feire</ex>
         <ex>et droiture.</ex>
         <ex>terreet noz
</ex>
         <ex>et periz</ex>
         <ex>compaignonset si
</ex>
         <ex>et enqerre</ex>
         <ex>feteet co</ex>
         <ex>et hisdeus.</ex>
         <ex>et de</ex>
         <ex>et de</ex>
         <ex>et par</ex>
         <ex>et cil</ex>
         <ex>benignementet si</ex>
         <ex>ageet q</ex>
         <ex>et raler
</ex>
         <ex>rreet de</ex>
         <ex>habitoientet s</ex>
         <ex>deseureet puis</ex>
         <ex>geet un</ex>
         <ex>et de</ex>
         <ex>et li</ex>
         <ex>et fumes</ex>
         <ex>et saou</ex>
         <ex>et delitable.</ex>
         <ex>orgeet bone</ex>
         <ex>paroleet si</ex>
         <ex>et la</ex>
         <ex>trespasseeet li</ex>
         <ex>habitacleet si</ex>
         <ex>et enclose</ex>
         <ex>encloseet faite</ex>
         <ex>et nos</ex>
         <ex>et entendu</ex>
         <ex>osteet ses
</ex>
         <ex>reset il</ex>
         <ex>ageet nos
</ex>
         <ex>et les</ex>
         <ex>et granz
</ex>
         <ex> et por</ex>
         <ex> et estoit</ex>
         <ex>et mes</ex>
         <ex>preudet mout</ex>
         <ex>et ensigniez
</ex>
         <ex>et endoctrinez</ex>
         <ex>latinet de</ex>
         <ex>greuet d</ex>
         <ex>parleret si</ex>
         <ex> et fait</ex>
         <ex>moigneset </ex>
         <ex>et d</ex>
         <ex>et d</ex>
         <ex>orgueilet de</ex>
         <ex>et li</ex>
         <ex>manoientet preudome
</ex>
         <ex>et se</ex>
         <ex>et de</ex>
         <ex>abet quanq</ex>
         <ex>euset qi</ex>
         <ex>et feire.</ex>
         <ex>et autre
</ex>
         <ex>et establi</ex>
         <ex>abbeset trametoit</ex>
         <ex>et le
</ex>
         <ex>anzet li</ex>
         <ex>et oribles.</ex>
         <ex>colet la</ex>
         <ex>luiet si</ex>
         <ex>fetet bien</ex>
         <ex>et li</ex>
         <ex>et ferme</ex>
         <ex>huiset si
</ex>
         <ex>et co</ex>
         <ex>ertuet por</ex>
         <ex>et alerent</ex>
         <ex>deserzet l</ex>
         <ex>neet la</ex>
         <ex>estoitet a</ex>
         <ex>et del</ex>
         <ex>et la
</ex>
         <ex>et seche</ex>
         <ex>et de</ex>
         <ex>et si
</ex>
         <ex>et sa</ex>
         <ex>besteet de</ex>
         <ex>et la
</ex>
         <ex> et es</ex>
         <ex>liueset del</ex>
         <ex>esbanoieret por
</ex>
         <ex>ermitageet de</ex>
         <ex>et de</ex>
         <ex>serainet por</ex>
         <ex>et mes
</ex>
         <ex>dotanceet nos</ex>
         <ex>iluecet ele</ex>
         <ex>arbreet donc</ex>
         <ex>et li</ex>
         <ex>donaet la</ex>
         <ex>et tint</ex>
         <ex>et entendre</ex>
         <ex>et de
</ex>
         <ex>ertuet qe</ex>
         <ex>et a</ex>
         <ex>toutet qant</ex>
         <ex>et q</ex>
         <ex>abessieet si</ex>
         <ex>testeet puis</ex>
         <ex>et plus</ex>
         <ex>et raconter</ex>
         <ex>et cels</ex>
         <ex>et de</ex>
         <ex>et si</ex>
         <ex>orneret sont</ex>
         <ex>et en</ex>
         <ex>et lo</ex>
         <ex>et por</ex>
         <ex>raconteret dire</ex>
         <ex>peinset lor</ex>
         <ex>et sau</ex>
         <ex>orset leur</ex>
         <ex>et a</ex>
         <ex>et a</ex>
         <ex>pitiet cil</ex>
         <ex>et il</ex>
         <ex>entet regardoit
</ex>
         <ex>eet por</ex>
         <ex>et do</ex>
         <ex>et demandoit</ex>
         <ex>lionceauset tantost</ex>
         <ex>isitet si</ex>
         <ex>homeet si</ex>
         <ex>faitet por</ex>
         <ex>et dire.</ex>
         <ex> et dit.</ex>
         <ex>erbeset de</ex>
         <ex>nuisableset legiere</ex>
         <ex>pristrentet i</ex>
         <ex>gieret la</ex>
         <ex>et a</ex>
         <ex>reret torner</ex>
         <ex>mengieret les
</ex>
         <ex>nonet einsint</ex>
         <ex>besteet ce
</ex>
         <ex>et de</ex>
         <ex>et qi</ex>
         <ex>habitentet qe</ex>
         <ex>et mois.</ex>
         <ex>et des</ex>
         <ex>et qe</ex>
         <ex>et dire</ex>
         <ex>aleret de</ex>
         <ex>puiet le</ex>
         <ex>buefet le</ex>
         <ex>aet a</ex>
         <ex>fistet en</ex>
         <ex>et habi</ex>
         <ex>ieet si
</ex>
         <ex>contreeet si</ex>
         <ex>nonet de</ex>
         <ex>et qi</ex>
         <ex> et dit</ex>
         <ex>et de</ex>
         <ex>solementet e</ex>
         <ex>foiet par</ex>
         <ex>omeset a</ex>
         <ex>et lor</ex>
         <ex>et d</ex>
         <ex>autreet e</ex>
         <ex>et lor</ex>
         <ex>ditet en</ex>
         <ex>mileet el</ex>
         <ex>ruileet tenoient
</ex>
         <ex>et esle</ex>
         <ex>et bien</ex>
         <ex>meurset de</ex>
         <ex>conseuset cest
</ex>
         <ex>et a</ex>
         <ex>et li</ex>
         <ex>soffriret ses</ex>
         <ex>et faire</ex>
         <ex>dreet si</ex>
         <ex>entureet si</ex>
         <ex>et feire.</ex>
         <ex>et par</ex>
         <ex>ignoret por</ex>
         <ex>atargementet meintenant</ex>
         <ex>mandet liez</ex>
         <ex>et pro</ex>
         <ex>et dist</ex>
         <ex>distet </ex>
         <ex>olontierset sanz</ex>
         <ex>penseeet qu</ex>
         <ex>meinet grant</ex>
         <ex>et d</ex>
         <ex>eillieret le</ex>
         <ex>finet adonc
</ex>
         <ex>et a</ex>
         <ex> et a</ex>
         <ex>et portant
</ex>
         <ex>fuelleset si</ex>
         <ex>et d</ex>
         <ex>et la</ex>
         <ex>et retreites</ex>
         <ex>et o</ex>
         <ex>et it</ex>
         <ex>homeset molt</ex>
         <ex> et doctrin</ex>
         <ex>et solitaire</ex>
         <ex>et pure</ex>
         <ex>et plus</ex>
         <ex>femeet a</ex>
         <ex>et a</ex>
         <ex>siecleet lessast
</ex>
         <ex>et a</ex>
         <ex>celleet l</ex>
         <ex>proceineet ou</ex>
         <ex>blasmeret li</ex>
         <ex>et a</ex>
         <ex>et les</ex>
         <ex>ermitageet si</ex>
         <ex>conteeset dites</ex>
         <ex>et de</ex>
         <ex>et a
</ex>
         <ex>et des</ex>
         <ex>et de</ex>
         <ex>moiet se
</ex>
         <ex>et a</ex>
         <ex>escriteet cis</ex>
         <ex>et mes</ex>
         <ex>et mer</ex>
         <ex>meret par</ex>
         <ex> portezet si
</ex>
         <ex>et dite.</ex>
         <ex>homet dont</ex>
         <ex>trespasseeet e</ex>
         <ex>et tuit</ex>
         <ex>et seit</ex>
         <ex>et en</ex>
         <ex>et en</ex>
         <ex>deet par
</ex>
         <ex>det meesmement</ex>
         <ex> et tes</ex>
         <ex>et pluiseurs</ex>
         <ex>et e</ex>
         <ex>et saces
</ex>
         <ex> et si</ex>
         <ex>et dire</ex>
         <ex>et dites</ex>
         <ex>et com</ex>
         <ex>siecleet si</ex>
         <ex>cielet si</ex>
         <ex>siecleet entre</ex>
         <ex>puepleet entre</ex>
         <ex>gaitoientet entre</ex>
         <ex>et de</ex>
         <ex>ieet chascun
</ex>
         <ex>et escandres.</ex>
         <ex>leuet eschapa</ex>
         <ex>et a</ex>
         <ex>et ra</ex>
         <ex>et guerissoit</ex>
         <ex>serpenzet apaisoit</ex>
         <ex>ageset curoit</ex>
         <ex>et sa</ex>
         <ex>reet por
</ex>
         <ex>firentet qe</ex>
         <ex>et il</ex>
         <ex>et dist</ex>
         <ex>det les
</ex>
         <ex>anacorinteset les
</ex>
         <ex>et toute
</ex>
         <ex>et tote</ex>
         <ex>et nde</ex>
         <ex>ndeet tote
</ex>
         <ex>aleeet le</ex>
         <ex>et par</ex>
         <ex>et conoissent</ex>
         <ex>prestreet clerc</ex>
         <ex>clercet roi</ex>
         <ex>roiet conte</ex>
         <ex>conteet prince</ex>
         <ex>princeet li</ex>
         <ex>et cre</ex>
         <ex>et ses</ex>
         <ex>et lor</ex>
         <ex>et fist</ex>
         <ex>pliret feire</ex>
         <ex>honteet ont</ex>
         <ex>et faisoit</ex>
         <ex>traitieret parler</ex>
         <ex>et la</ex>
         <ex>paroleet si</ex>
         <ex>aet si</ex>
         <ex>et dire</ex>
         <ex>enfanceet por</ex>
         <ex>et le</ex>
         <ex> et si
</ex>
         <ex>et proi</ex>
         <ex>et aurai.</ex>
         <ex>diet parole
</ex>
         <ex>et croi</ex>
         <ex>muset sanz</ex>
         <ex>paroleet tu</ex>
         <ex>et ses</ex>
         <ex>et si</ex>
         <ex>et e</ex>
         <ex>paroleset la
</ex>
         <ex>et si
</ex>
         <ex>et dit</ex>
         <ex>reet si</ex>
         <ex>et qant</ex>
         <ex>et dire</ex>
         <ex>luiet en</ex>
         <ex>siecleet qe</ex>
         <ex>mostet e
</ex>
         <ex>et pluiseur</ex>
         <ex>et si
</ex>
         <ex>et cou</ex>
         <ex>et a</ex>
         <ex>mellastet q</ex>
         <ex>et ure
</ex>
         <ex>euet si</ex>
         <ex>et si</ex>
         <ex>orissonset si</ex>
         <ex>mieet puis</ex>
         <ex>donaet se</ex>
         <ex>esqeet si</ex>
         <ex>et si</ex>
         <ex>estiret q</ex>
         <ex>aparellieet li</ex>
         <ex>paroleet par</ex>
         <ex>et par</ex>
         <ex>et corte</ex>
         <ex>petitet ce</ex>
         <ex>reet si</ex>
         <ex>reet il</ex>
         <ex>hautet ce</ex>
         <ex>puepleet non</ex>
         <ex>partieet une</ex>
         <ex>et uns
</ex>
         <ex>prestreset moine</ex>
         <ex>et bel
</ex>
         <ex>apelezet crestiens</ex>
         <ex>et si</ex>
         <ex>homeet re</ex>
         <ex> et entre</ex>
         <ex>et estendu</ex>
         <ex>et par</ex>
         <ex>forset sanc</ex>
         <ex>sonet en</ex>
         <ex>set tout</ex>
         <ex>haitiezet fu</ex>
         <ex>enimet de</ex>
         <ex>et nos</ex>
         <ex>estoientet por</ex>
         <ex>choseet il</ex>
         <ex>et il</ex>
         <ex>estemenzet asfublez</ex>
         <ex>et a</ex>
         <ex>eslancieret s</ex>
         <ex>peineset si
</ex>
         <ex>corrociezet molt</ex>
         <ex>homeet le</ex>
         <ex>et a</ex>
         <ex>batreet a</ex>
         <ex>motet de</ex>
         <ex>desciret tout
</ex>
         <ex>asneet puis</ex>
         <ex>bastonset de</ex>
         <ex>et eoir</ex>
         <ex>et a</ex>
         <ex>et enten</ex>
         <ex>zet molt</ex>
         <ex>oieset si</ex>
         <ex>oret par</ex>
         <ex>et benignement.</ex>
         <ex>et a</ex>
         <ex> et la
</ex>
         <ex>racleet pluiseurs</ex>
         <ex>celeeset tant</ex>
         <ex>et cela</ex>
         <ex>doutezet si</ex>
         <ex>et en</ex>
         <ex>et retraire
</ex>
         <ex>et de</ex>
         <ex>et sot</ex>
         <ex>et sot</ex>
         <ex>et esploiter.</ex>
         <ex>et a</ex>
         <ex>et a</ex>
         <ex>et a</ex>
         <ex>et creez.</ex>
         <ex>et a</ex>
         <ex>et si
</ex>
         <ex>et a</ex>
         <ex>aet la</ex>
         <ex>et lie.</ex>
         <ex>cielet a</ex>
         <ex>homeet li</ex>
         <ex>neret ne</ex>
         <ex>et si</ex>
         <ex>ieet il</ex>
         <ex>aet si</ex>
         <ex>et croi</ex>
         <ex>fermementet nus</ex>
         <ex>aussintet ce</ex>
         <ex>apostreset as
</ex>
         <ex>et de</ex>
         <ex>et di</ex>
         <ex>ret nos</ex>
         <ex>et dite.</ex>
         <ex>et de</ex>
         <ex>et autre</ex>
         <ex>chiefet si
</ex>
         <ex>et de</ex>
         <ex>mengierset si</ex>
         <ex>et nuiz</ex>
         <ex>et ses</ex>
         <ex>et si</ex>
         <ex>palezet q</ex>
         <ex>desfermeeset li
</ex>
         <ex>roiet qant</ex>
         <ex>seoitet toz</ex>
         <ex>et si</ex>
         <ex>proiereet le</ex>
         <ex>mengieret l</ex>
         <ex>et molt</ex>
         <ex>et o</ex>
         <ex>et a</ex>
         <ex>et e</ex>
         <ex>dureeet bien</ex>
         <ex>et miracles</ex>
         <ex>et seintes</ex>
         <ex>laet ut</ex>
         <ex>et de</ex>
         <ex>geet pristrent</ex>
         <ex>et porent.</ex>
         <ex>et grant
</ex>
         <ex>teet tantost</ex>
         <ex>entrezet cil</ex>
         <ex>et deli</ex>
         <ex>et sa</ex>
         <ex>paignieet la
</ex>
         <ex>corneset cruelment</ex>
         <ex>bleciezet ele</ex>
         <ex>et a</ex>
         <ex>et molt
</ex>
         <ex>encontreet si</ex>
         <ex>esteet si</ex>
         <ex>et adonc</ex>
         <ex>et se</ex>
         <ex>piezet li</ex>
         <ex>foucet a</ex>
         <ex>compaignieet ele</ex>
         <ex>et fu</ex>
         <ex>prestreset ceus</ex>
         <ex>eneorset chiens</ex>
         <ex>et lee</ex>
         <ex>leeet li
</ex>
         <ex>issentet q</ex>
         <ex>et fo</ex>
         <ex>paroleet se</ex>
         <ex>et ala</ex>
         <ex>et grant</ex>
         <ex>aet si</ex>
         <ex>corageet li</ex>
         <ex>enchauciet il</ex>
         <ex>ristet ele</ex>
         <ex>et si</ex>
         <ex>et en</ex>
         <ex> et orde</ex>
         <ex> et dit
</ex>
         <ex>noset si</ex>
         <ex>et en</ex>
         <ex>compaignieet si</ex>
         <ex>champaigneet la</ex>
         <ex>mesonet la</ex>
         <ex>abstinanceet si</ex>
         <ex> et si</ex>
         <ex>et amonester</ex>
         <ex>et par</ex>
         <ex>et dist.</ex>
         <ex>et honorer</ex>
         <ex>et de</ex>
         <ex>homeet si</ex>
         <ex>enueet qe</ex>
         <ex>et isiter</ex>
         <ex>et a</ex>
         <ex>demostreret une</ex>
         <ex>et molt</ex>
         <ex>oiret entendre</ex>
         <ex>doneeet de</ex>
         <ex>cheintureet il</ex>
         <ex>et celes</ex>
         <ex>et lor</ex>
         <ex>et quels</ex>
         <ex>et </ex>
         <ex>et bien
</ex>
         <ex>et a</ex>
         <ex>laet atendions</ex>
         <ex>et la</ex>
         <ex>parlassentet dont</ex>
         <ex>pooret fumes
</ex>
         <ex>autreset si
</ex>
         <ex>sentueet a</ex>
         <ex>et oiz</ex>
         <ex>mieet si</ex>
         <ex> et  </ex>
         <ex> et resnierent</ex>
         <ex>et lerent.</ex>
         <ex>et lor</ex>
         <ex>et l</ex>
         <ex>et dist.</ex>
         <ex> et </ex>
         <ex>et de</ex>
         <ex>et blasmoit</ex>
         <ex>et nos</ex>
         <ex>et espro</ex>
         <ex>et molt
</ex>
         <ex>et mer</ex>
         <ex>parzet a</ex>
         <ex>et dit.</ex>
         <ex>entureet si</ex>
         <ex>Signoret si</ex>
         <ex>et dist</ex>
         <ex>et enqe</ex>
         <ex>et les</ex>
         <ex>et dites</ex>
         <ex>diteset com</ex>
         <ex>et aprisses.</ex>
         <ex> et si</ex>
         <ex>paroleset il
</ex>
         <ex>estionset si
</ex>
         <ex>mesonet si</ex>
         <ex>amiset qi
</ex>
         <ex> et si
</ex>
         <ex>deguerpissomeset por</ex>
         <ex>trespasseeet la</ex>
         <ex> et </ex>
         <ex> et il</ex>
         <ex>et e</ex>
         <ex>qeroientet il
</ex>
         <ex>et qe</ex>
         <ex>et desiroient</ex>
         <ex> et </ex>
         <ex>et dire</ex>
         <ex>ieret 
</ex>
         <ex>choseset e</ex>
         <ex>et die</ex>
         <ex>et habitent</ex>
         <ex>et dire.</ex>
         <ex>homeet si</ex>
         <ex>et dist</ex>
         <ex> et li
</ex>
         <ex>et reqe</ex>
         <ex>et li</ex>
         <ex>beneet puis</ex>
         <ex>tet puis
</ex>
         <ex>et le</ex>
         <ex>entreet si</ex>
         <ex>et lonc</ex>
         <ex>encoreet si</ex>
         <ex>et d</ex>
         <ex>et disoit</ex>
         <ex>et diroit
</ex>
         <ex>ensambleet qant</ex>
         <ex>et engr</ex>
         <ex>issiret si</ex>
         <ex>et dire</ex>
         <ex>et a</ex>
         <ex>peineset lendemein
</ex>
         <ex>dormoientet il</ex>
         <ex>fermementet li</ex>
         <ex>et tu</ex>
         <ex>et si</ex>
         <ex>et firent</ex>
         <ex>signoret si
</ex>
         <ex>songeset qe</ex>
         <ex>porteet por</ex>
         <ex>quierset demandes.</ex>
         <ex>laet li</ex>
         <ex>et si</ex>
         <ex>et manda</ex>
         <ex>eilloitet destruisoit.</ex>
         <ex>et dire</ex>
         <ex>et dist</ex>
         <ex>contet se</ex>
         <ex>et i</ex>
         <ex>et ceste</ex>
         <ex>et son</ex>
         <ex>et a</ex>
         <ex>eret si</ex>
         <ex>airet si</ex>
         <ex>paumeset si</ex>
         <ex>et esparz</ex>
         <ex>nueset por</ex>
         <ex>mandastet si</ex>
         <ex>nonet li</ex>
         <ex> et batu</ex>
         <ex>et chaci</ex>
         <ex>et fors</ex>
         <ex>et contrue</ex>
         <ex>et tempeste</ex>
         <ex>et les</ex>
         <ex>et toz</ex>
         <ex>terreset tant</ex>
         <ex>et meintes
</ex>
         <ex>aet si</ex>
         <ex>et deman</ex>
         <ex>deet li</ex>
         <ex>feteet dite</ex>
         <ex>et si</ex>
         <ex>et le</ex>
         <ex>tet meesmement</ex>
         <ex>et dire
</ex>
         <ex>furentet cil</ex>
         <ex>contet dit</ex>
         <ex>et par
</ex>
         <ex>creatureet a</ex>
         <ex>desfendueet ala
</ex>
         <ex>zet si</ex>
         <ex>et plus</ex>
         <ex>et entendi</ex>
         <ex> et mis
</ex>
         <ex>grantet mer</ex>
         <ex>et espes
</ex>
         <ex>et mas</ex>
         <ex>toret la</ex>
         <ex>miseet aoree</ex>
         <ex>et li</ex>
         <ex>et la</ex>
         <ex>et abatist</ex>
         <ex>et en</ex>
         <ex>et si</ex>
         <ex>et une</ex>
         <ex>et les
</ex>
         <ex>et dite</ex>
         <ex>cestuiet si
</ex>
         <ex>et molt</ex>
         <ex>chastelet deseu</ex>
         <ex>et it</ex>
         <ex>et mer</ex>
         <ex>colombeet seur
</ex>
         <ex>et debrisa</ex>
         <ex>et </ex>
         <ex>et entent.</ex>
         <ex>eet uns
</ex>
         <ex>homeet si
</ex>
         <ex>et si
</ex>
         <ex>et enten</ex>
         <ex>dentet li</ex>
         <ex>solementet bien</ex>
         <ex>peschieret si</ex>
         <ex>et si</ex>
         <ex>et si</ex>
         <ex>aet si</ex>
         <ex>graceset loenges.</ex>
         <ex>gemmeset la</ex>
         <ex>et entendre</ex>
         <ex> et si</ex>
         <ex>empereoret meintenu</ex>
         <ex>aet la</ex>
         <ex>espoentezet si</ex>
         <ex>et ses</ex>
         <ex>hermiteset q</ex>
         <ex>et les</ex>
         <ex>et as</ex>
         <ex>et ceus</ex>
         <ex>mieet por</ex>
         <ex>fereet de</ex>
         <ex>encontreet si</ex>
         <ex>et a</ex>
         <ex>et si</ex>
         <ex>et dist</ex>
         <ex>palezet entre</ex>
         <ex>et a</ex>
         <ex>oret entendre</ex>
         <ex>et le</ex>
         <ex>parleret ce</ex>
         <ex>et cruiels</ex>
         <ex>et del</ex>
         <ex>emperereset neqe</ex>
         <ex>regneet </ex>
         <ex>despenduet l</ex>
         <ex>pooret </ex>
         <ex>et distrent</ex>
         <ex>mentet tel</ex>
         <ex>afaireet si</ex>
         <ex>et si</ex>
         <ex>et ou</ex>
         <ex>foiet de</ex>
         <ex> et de
</ex>
         <ex>aet si</ex>
         <ex>droitet qe</ex>
         <ex>et si</ex>
         <ex>comunitet a</ex>
         <ex>et de</ex>
         <ex>et a</ex>
         <ex>noireet a</ex>
         <ex>empereoret se</ex>
         <ex>olentierset si</ex>
         <ex>et preud</ex>
         <ex>raet si</ex>
         <ex>set il</ex>
         <ex>et si</ex>
         <ex>doleuret fere</ex>
         <ex>ertuet si</ex>
         <ex>et il</ex>
         <ex> et de</ex>
         <ex>et </ex>
         <ex>et tant</ex>
         <ex>puiset de</ex>
         <ex>et espro</ex>
         <ex>et si</ex>
         <ex>eet ein</ex>
         <ex>et gueriz.</ex>
         <ex>et dist</ex>
         <ex>et plui</ex>
         <ex>meret il</ex>
         <ex>et une</ex>
         <ex>et lor</ex>
         <ex>derrompreet leur</ex>
         <ex>et a</ex>
         <ex>et seqeur
</ex>
         <ex>et deli</ex>
         <ex>et la</ex>
         <ex>departieet cil</ex>
         <ex>et icaires</ex>
         <ex>et secors</ex>
         <ex>et de</ex>
         <ex>roigneet de</ex>
         <ex>ignoret si</ex>
         <ex>et par</ex>
         <ex>nuizet en
</ex>
         <ex>et si</ex>
         <ex>et conta</ex>
         <ex>et toute</ex>
         <ex>et si</ex>
         <ex>iandeset li</ex>
         <ex>et si
</ex>
         <ex>et este</ex>
         <ex>et cri</ex>
         <ex>et la</ex>
         <ex>maniereset a</ex>
         <ex>seureet li</ex>
         <ex>alerieet par
</ex>
         <ex>fantosmeet par</ex>
         <ex>et disoit.</ex>
         <ex>et autres</ex>
         <ex>et si</ex>
         <ex>et pardon</ex>
         <ex>et q</ex>
         <ex>et a</ex>
         <ex>choseset e</ex>
         <ex>et si</ex>
         <ex>et par</ex>
         <ex>conditionet de</ex>
         <ex>aet si</ex>
         <ex>et 
</ex>
         <ex>resconseet tens</ex>
         <ex>et les
</ex>
         <ex>nuleet si</ex>
         <ex>et si</ex>
         <ex>et le</ex>
         <ex>et es</ex>
         <ex>estrangeset </ex>
         <ex>et es</ex>
         <ex>et es</ex>
         <ex>et es</ex>
         <ex>citezet si</ex>
         <ex>et so</ex>
         <ex>et ra</ex>
         <ex>et ta
</ex>
         <ex>et qi</ex>
         <ex>et a</ex>
         <ex>huiet hier</ex>
         <ex>et raconteras</ex>
         <ex> et par</ex>
         <ex>et par</ex>
         <ex> et par</ex>
         <ex>enet encore</ex>
         <ex>racontasseset en</ex>
         <ex> et en</ex>
         <ex>et par</ex>
         <ex>et en</ex>
         <ex>et proi</ex>
         <ex>et cont</ex>
         <ex>contet si</ex>
         <ex>fleurset herbes</ex>
         <ex>et de</ex>
         <ex>fistet treita</ex>
         <ex>et si</ex>
         <ex>et os</ex>
      </td>
   </tr>
   <tr>
      <td>⁊ </td>
      <td>
         <em>Et </em>
         <ex>creanceEt si</ex>
      </td>
   </tr>
   <tr>
      <td>ꝙ</td>
      <td>
         <em>qe</em>
         <ex> qe</ex>
         <ex>qe</ex>
         <ex>qetu</ex>
         <ex>esqes</ex>
         <ex>ilueqes</ex>
         <ex>siqenus</ex>
      </td>
   </tr>
   <tr>
      <td>ꝯ</td>
      <td>
         <em>com</em>
         <ex>comil</ex>
         <ex>com</ex>
         <ex>com</ex>
         <ex>compeins</ex>
         <ex>comil</ex>
         <ex>comele</ex>
         <ex>compaignie</ex>
         <ex>compaig</ex>
         <ex>sacompaignie</ex>
      </td>
      <td>
         <em>con</em>
         <ex>Ciconmence</ex>
         <ex>Ciconmence</ex>
         <ex>Dontconmen</ex>
         <ex>conmanda</ex>
         <ex>conmanda.</ex>
         <ex>siconmanda
</ex>
         <ex>conmanda</ex>
         <ex>conmandoit</ex>
         <ex>conman</ex>
         <ex>tconme</ex>
         <ex>iconmencierent</ex>
         <ex>conmandement</ex>
         <ex>conmen</ex>
         <ex>conmanda</ex>
         <ex>conment</ex>
         <ex>conment</ex>
         <ex>moineconmanda</ex>
         <ex>connissoit</ex>
         <ex>conmanda</ex>
         <ex>conmandement</ex>
         <ex> conmencierent</ex>
         <ex>conmen</ex>
         <ex>conment</ex>
         <ex>conman</ex>
         <ex>conman</ex>
         <ex>contree</ex>
         <ex>conterai</ex>
         <ex>conmen</ex>
         <ex>conmanda</ex>
         <ex>conman</ex>
         <ex>conmandemenz</ex>
         <ex>conment</ex>
         <ex>conmanda</ex>
         <ex>conmencierent</ex>
         <ex>conmence</ex>
         <ex>conne</ex>
         <ex>conme</ex>
         <ex>conme</ex>
         <ex>entrerentconmencierent
</ex>
         <ex>conmandemenz</ex>
         <ex>conmen</ex>
         <ex>conmandement</ex>
         <ex>meconmandas</ex>
         <ex>conm</ex>
         <ex>conmandemenz</ex>
         <ex>conpaignons</ex>
         <ex>conmen</ex>
         <ex>conmencierent</ex>
         <ex>conmanda</ex>
         <ex>conmen</ex>
         <ex>conman</ex>
         <ex>conmen</ex>
         <ex>conmen</ex>
         <ex>conmen</ex>
         <ex>Doncconmanda</ex>
         <ex>conmen</ex>
         <ex>leconmant</ex>
         <ex>conment</ex>
         <ex>liconmanda</ex>
         <ex>conment</ex>
         <ex>conmanda</ex>
         <ex>conmen</ex>
         <ex>liconmencie</ex>
         <ex>conmen</ex>
         <ex>conmencierent</ex>
         <ex>conmen</ex>
         <ex>conmen</ex>
         <ex>siconme</ex>
         <ex>conmencie</ex>
         <ex>encontre</ex>
         <ex>conme
</ex>
         <ex>conmen</ex>
         <ex>Siconme</ex>
         <ex>liconmen</ex>
         <ex>conmen</ex>
         <ex>conmanda</ex>
         <ex>conselle</ex>
         <ex>conselle</ex>
         <ex>orsconmanda</ex>
         <ex>conmanda</ex>
         <ex>conment</ex>
         <ex>conmanda</ex>
         <ex>conpaignie</ex>
         <ex>conm</ex>
         <ex>sconmunement</ex>
         <ex>conmanda</ex>
         <ex>conment</ex>
         <ex>cont</ex>
         <ex>conmen</ex>
         <ex>conme</ex>
         <ex>conme</ex>
         <ex>conme</ex>
         <ex>conment</ex>
         <ex>leconmandement</ex>
         <ex>deconmander
</ex>
         <ex>conmencierent</ex>
         <ex>conmencierent</ex>
         <ex>conmen</ex>
         <ex>siconme</ex>
         <ex>conme</ex>
         <ex>conme</ex>
         <ex>conmen</ex>
         <ex>conmant</ex>
         <ex>conmencier
</ex>
         <ex>conmandement</ex>
         <ex> conmandez</ex>
         <ex>laconpagnie</ex>
         <ex>conmence</ex>
         <ex>conmence
</ex>
         <ex>conment</ex>
         <ex>consomee</ex>
         <ex>conmencierent</ex>
         <ex>conme
</ex>
         <ex>conmencierent</ex>
         <ex>siconil
</ex>
         <ex>conme</ex>
         <ex>ieconment</ex>
         <ex>conmen</ex>
         <ex>ilconmanderent</ex>
         <ex>conmanderent</ex>
         <ex>sesconmandemenz</ex>
         <ex>conmenci</ex>
         <ex>leconmandement</ex>
         <ex>conmencierent</ex>
         <ex>conme</ex>
         <ex>conme</ex>
         <ex>conmanda</ex>
         <ex>conmence</ex>
         <ex>conmence
</ex>
         <ex>conmen</ex>
         <ex>conme</ex>
         <ex>conmencent</ex>
         <ex>confessor.</ex>
         <ex>conmencent</ex>
         <ex>confessor.</ex>
         <ex>conmen</ex>
         <ex>oitconmand</ex>
         <ex>conmand</ex>
         <ex>leconmencierent
</ex>
         <ex>lorconmanda
</ex>
         <ex>conmandast
</ex>
         <ex>ocirreconment</ex>
         <ex>conme</ex>
         <ex>conmande</ex>
         <ex>conment</ex>
         <ex>connurent</ex>
         <ex>conmande</ex>
         <ex>conmencierent</ex>
         <ex>conmencie</ex>
         <ex>conmen</ex>
         <ex>conment</ex>
         <ex>conmande</ex>
         <ex>liconmandemens</ex>
         <ex>conmen</ex>
         <ex>conmencierent</ex>
         <ex>raconte</ex>
         <ex>raconte</ex>
         <ex>conmen</ex>
         <ex>oieconment</ex>
         <ex>conme</ex>
         <ex>conmen</ex>
         <ex>conmanda</ex>
         <ex>conmande</ex>
         <ex>leconmandement</ex>
         <ex>conme</ex>
         <ex>conme</ex>
         <ex>conmencier</ex>
         <ex>leconmen</ex>
         <ex>conmanda</ex>
         <ex>conme</ex>
         <ex>conme</ex>
         <ex>laconmanda
</ex>
         <ex>conmen</ex>
         <ex>oscontro</ex>
         <ex>conmencierent</ex>
         <ex>congi</ex>
         <ex>conmen</ex>
         <ex>conmen</ex>
         <ex>conme</ex>
         <ex>siconme
</ex>
         <ex>conme</ex>
         <ex>connoi</ex>
         <ex>conme</ex>
         <ex>conmen</ex>
         <ex>conmen</ex>
         <ex>liconmen</ex>
         <ex>conman</ex>
         <ex>conmen</ex>
         <ex>conmandoit</ex>
         <ex>conme
</ex>
         <ex>conmanda</ex>
         <ex>conmanz</ex>
         <ex>conmand</ex>
         <ex>conmanz</ex>
         <ex>conmandemenz</ex>
         <ex>conmanderoit</ex>
         <ex>conman</ex>
         <ex>conmandement</ex>
         <ex>conmen</ex>
         <ex>lesconmandemenz</ex>
         <ex>conman</ex>
         <ex>lacontree</ex>
         <ex>conmencierent</ex>
         <ex>conmenci</ex>
         <ex>conne</ex>
         <ex>encontre</ex>
         <ex>aconplir</ex>
         <ex>conme</ex>
         <ex>conmence
</ex>
         <ex>conmen</ex>
         <ex>conmencement</ex>
         <ex>conmand</ex>
         <ex>conmanda</ex>
         <ex>conment</ex>
         <ex>conient
</ex>
         <ex>conme</ex>
         <ex>conme</ex>
         <ex>conmencierent</ex>
         <ex>conmencierent</ex>
         <ex>conme</ex>
         <ex>lesconmencierent</ex>
         <ex>conne</ex>
         <ex>conmencement</ex>
         <ex>conment</ex>
         <ex>conmen</ex>
         <ex>conmen</ex>
         <ex>siconmen</ex>
         <ex>conmander</ex>
         <ex>conmanda</ex>
         <ex>conmencierent</ex>
         <ex>conmanda</ex>
         <ex>conmandement
</ex>
         <ex>liconmen</ex>
         <ex>conmen</ex>
         <ex>leconmandement</ex>
         <ex>conmen</ex>
         <ex>conmanda</ex>
         <ex>conme</ex>
         <ex>conmencierent
</ex>
         <ex>lacontree</ex>
         <ex>conment</ex>
         <ex>conmen</ex>
         <ex>conmanda</ex>
         <ex>conmen</ex>
         <ex>conme</ex>
      </td>
   </tr>
   <tr>
      <td></td>
      <td>
         <em>qe</em>
         <ex>onqes</ex>
         <ex>onqes</ex>
         <ex>tresqeas</ex>
         <ex>onqes</ex>
         <ex>esqeen</ex>
         <ex>qeil</ex>
         <ex>onqes</ex>
         <ex>onqes</ex>
         <ex>qels</ex>
         <ex>onqes</ex>
         <ex>anqeonqes</ex>
         <ex>onqes</ex>
         <ex>reisonsqetu</ex>
         <ex>auqes</ex>
         <ex>qee</ex>
         <ex>asqes</ex>
         <ex>reqerre</ex>
      </td>
   </tr>
   <tr>
      <td>﻿p</td>
      <td>
         <em>pre</em>
         <ex>pretres</ex>
         <ex>lipreost</ex>
      </td>
      <td>
         <em>pré</em>
         <ex>Aprés</ex>
         <ex>Aprés</ex>
      </td>
   </tr>
   <tr>
      <td>﻿ꝑ</td>
      <td>
         <em>Per</em>
         <ex>﻿Pere</ex>
      </td>
      <td>
         <em>par</em>
         <ex>ne﻿parla</ex>
         <ex>parmons</ex>
         <ex>departi
</ex>
         <ex>﻿partie.</ex>
         <ex>forceparla</ex>
         <ex>parmiracles</ex>
         <ex>oirpar
</ex>
         <ex>parta</ex>
         <ex>paroles</ex>
         <ex>parties</ex>
         <ex>es﻿partirent</ex>
         <ex>baptesmeparlor</ex>
         <ex>﻿parlor</ex>
         <ex>﻿parmoi</ex>
         <ex>foiparcoi</ex>
         <ex>﻿partirent</ex>
         <ex>aparut</ex>
         <ex>cenz﻿parn</ex>
         <ex>lumiere﻿parmenable</ex>
         <ex>﻿parta</ex>
         <ex>﻿parles</ex>
         <ex>parce</ex>
         <ex>parmenable.</ex>
         <ex>de﻿parti</ex>
         <ex>﻿partotes</ex>
         <ex>﻿parmenable</ex>
         <ex>﻿parler
</ex>
         <ex>departie</ex>
         <ex>﻿par</ex>
         <ex>departiroit</ex>
         <ex>﻿parcest</ex>
         <ex>﻿parcom
</ex>
         <ex>messepargrant</ex>
         <ex>partote
</ex>
         <ex>﻿parses
</ex>
         <ex>lesparoles</ex>
         <ex>﻿parnostre</ex>
         <ex>sacra﻿pargrant</ex>
         <ex>﻿partotes</ex>
         <ex>eparlui
</ex>
         <ex>de﻿parti</ex>
         <ex>pargeunes</ex>
         <ex>parmenable</ex>
         <ex>departoit</ex>
         <ex>departies.</ex>
         <ex>parmi</ex>
         <ex>partie</ex>
         <ex>parles</ex>
         <ex>seulementparnon</ex>
         <ex>departir</ex>
         <ex>partout
</ex>
         <ex>parma</ex>
         <ex>par
</ex>
         <ex>departi
</ex>
         <ex>seisiparmi</ex>
         <ex>parole</ex>
         <ex>departi</ex>
         <ex>amesparson</ex>
         <ex>partout</ex>
         <ex>pardesputisons</ex>
         <ex>pareraies</ex>
         <ex>part</ex>
         <ex>parl</ex>
         <ex>parl</ex>
         <ex>parsa</ex>
         <ex>deparnostre</ex>
         <ex>pardolereuse</ex>
         <ex>departi</ex>
         <ex>parla</ex>
         <ex>par</ex>
         <ex>parler</ex>
         <ex>autrepartie</ex>
         <ex>par</ex>
         <ex>sipar</ex>
         <ex>departi</ex>
         <ex>parsa</ex>
         <ex>parsa</ex>
         <ex>parla</ex>
         <ex>parla
</ex>
         <ex>pardon</ex>
         <ex>parla</ex>
         <ex>examplespartieus</ex>
         <ex>parla</ex>
         <ex>partoi</ex>
         <ex>dignesparcui
</ex>
         <ex>parla</ex>
         <ex>partel</ex>
         <ex>parle</ex>
         <ex>parbones</ex>
         <ex>depar</ex>
         <ex>departisist</ex>
         <ex>parsa
</ex>
         <ex>parla</ex>
         <ex>parderriers</ex>
         <ex>parla</ex>
         <ex>departi</ex>
         <ex>par
</ex>
         <ex>metezparce</ex>
         <ex>parmout</ex>
         <ex>donaparla</ex>
         <ex>parlui</ex>
         <ex>oitparla</ex>
         <ex>parsi</ex>
         <ex>alparune</ex>
         <ex>parne</ex>
         <ex>paroles
</ex>
         <ex>parle</ex>
         <ex>par.</ex>
         <ex>parmeintes</ex>
         <ex>siparloit</ex>
         <ex>parl</ex>
         <ex>parmout</ex>
         <ex>parlui
</ex>
         <ex>parses</ex>
         <ex>parmellor
</ex>
         <ex>parloit</ex>
         <ex>parla</ex>
         <ex>parla</ex>
         <ex>parler</ex>
         <ex>cezparoles.</ex>
         <ex>parmeintes</ex>
         <ex>parla</ex>
         <ex>aparut</ex>
         <ex>parler</ex>
         <ex>parle</ex>
         <ex>parmeintes</ex>
         <ex>pardeseure</ex>
         <ex>arsparla</ex>
         <ex>parson</ex>
         <ex>qeparraie</ex>
         <ex>parmenable</ex>
         <ex>mesparoles.</ex>
         <ex>parsa</ex>
         <ex>departirent</ex>
         <ex>parautel
</ex>
         <ex>parole
</ex>
         <ex>enparmenable</ex>
         <ex>parles</ex>
         <ex>parmenable.</ex>
         <ex>departi</ex>
         <ex>paroles</ex>
         <ex>paroles</ex>
         <ex>deparnostre</ex>
         <ex>parnostre</ex>
         <ex>departir
</ex>
         <ex>fuparles</ex>
         <ex>partie</ex>
         <ex>parerit</ex>
         <ex>enoientparcui</ex>
         <ex>partoz</ex>
         <ex>emparmenable</ex>
         <ex>sparenir.</ex>
         <ex>parmolt</ex>
         <ex>touteparfete</ex>
         <ex>parla</ex>
         <ex>paroles</ex>
         <ex>parla</ex>
         <ex>legierementparl</ex>
         <ex>croireparl</ex>
         <ex>﻿partout</ex>
         <ex>parsa</ex>
         <ex>parla</ex>
         <ex>departi</ex>
         <ex>﻿parties</ex>
         <ex>﻿parsa</ex>
         <ex>parle</ex>
         <ex>parmenable.</ex>
         <ex>mandaparmolt</ex>
         <ex>suesfrepartoi</ex>
         <ex>parses</ex>
         <ex>fuparle</ex>
         <ex>partoz</ex>
         <ex>﻿paroles</ex>
         <ex>﻿partout</ex>
         <ex>﻿partie</ex>
         <ex>﻿parsa</ex>
         <ex>oientpargrant
</ex>
         <ex>de﻿partie</ex>
         <ex> ﻿parla</ex>
         <ex>﻿parti</ex>
         <ex>﻿parmout</ex>
         <ex>﻿parmi</ex>
         <ex>﻿parmi</ex>
         <ex>parmenable</ex>
         <ex>tantparmer</ex>
         <ex>﻿partirent</ex>
         <ex>reporterentparnuit</ex>
         <ex>languagespartoute</ex>
         <ex>totespars.</ex>
         <ex>parmout</ex>
         <ex>totesparz</ex>
         <ex>teesparles</ex>
         <ex>﻿parmout</ex>
         <ex> parta</ex>
         <ex> parler</ex>
         <ex> parler</ex>
         <ex>nosparlions</ex>
         <ex>parla</ex>
         <ex>parsonges
</ex>
         <ex>parla</ex>
         <ex>paroles
</ex>
         <ex>departi</ex>
         <ex>partie</ex>
         <ex>departi</ex>
         <ex>departi</ex>
         <ex>partir</ex>
         <ex>para</ex>
         <ex>parcharmes.</ex>
         <ex>mparla</ex>
         <ex>abbesparla</ex>
         <ex>departi</ex>
         <ex>partie</ex>
         <ex>partoz</ex>
         <ex>par</ex>
         <ex>parbrief</ex>
         <ex>departoit.</ex>
         <ex>para</ex>
         <ex>pardon</ex>
         <ex>anzparces</ex>
         <ex>partrois</ex>
         <ex>parla</ex>
         <ex>arriereparce</ex>
         <ex>departirent</ex>
         <ex>parla</ex>
         <ex>parvomite.</ex>
         <ex>parla
</ex>
         <ex>paroles</ex>
         <ex>parenir
</ex>
         <ex>parla</ex>
         <ex>departiz</ex>
         <ex>part
</ex>
         <ex>oientparruile</ex>
         <ex>autrepartie</ex>
         <ex>parla
</ex>
         <ex>laparo</ex>
         <ex>departi</ex>
         <ex>sparceste</ex>
         <ex>departi</ex>
         <ex>parmer</ex>
         <ex>partote</ex>
         <ex>pareus</ex>
         <ex>parla</ex>
         <ex>parloient</ex>
         <ex>Tuparoles
</ex>
         <ex>ndepartote
</ex>
         <ex>parties</ex>
         <ex>pareu</ex>
         <ex>paroe</ex>
         <ex>departisist</ex>
         <ex>faitepargrant
</ex>
         <ex>partoz</ex>
         <ex>partoz</ex>
         <ex>partoz</ex>
         <ex>pargrant</ex>
         <ex>parmenable</ex>
         <ex>departi</ex>
         <ex>parl</ex>
         <ex>parmeintes</ex>
         <ex>foizparmi</ex>
         <ex>parlerent.</ex>
         <ex>lui par</ex>
         <ex>nespara</ex>
         <ex>parenue</ex>
         <ex>parlions</ex>
         <ex>parson</ex>
         <ex>departi</ex>
         <ex>partesmoins</ex>
         <ex>departement</ex>
         <ex>﻿parmout</ex>
         <ex>par﻿ses</ex>
         <ex>﻿par.</ex>
         <ex>autrepart</ex>
         <ex>﻿parlor</ex>
         <ex>﻿parole</ex>
         <ex>departirent</ex>
      </td>
      <td>
         <em>per</em>
         <ex>desesper﻿</ex>
         <ex>sperit</ex>
         <ex>a﻿pertement</ex>
         <ex>em﻿pereres</ex>
         <ex>empereres</ex>
         <ex>em﻿pereres</ex>
         <ex>﻿peres</ex>
         <ex>ses﻿peres</ex>
         <ex>em﻿pereres</ex>
         <ex>pere</ex>
         <ex>empereors</ex>
         <ex>empereor
</ex>
         <ex>empereres</ex>
         <ex>empereor</ex>
         <ex>empereres
</ex>
         <ex>empereres</ex>
         <ex>empereor</ex>
         <ex>aperut</ex>
         <ex>esperit</ex>
         <ex>peres</ex>
         <ex>empereres</ex>
         <ex>empereres</ex>
         <ex>empereor</ex>
         <ex>empereres</ex>
         <ex>empereres
</ex>
         <ex>empereres</ex>
         <ex>empereor
</ex>
         <ex>empereres</ex>
         <ex>empereres</ex>
         <ex>emperere</ex>
         <ex>empereor</ex>
         <ex>empereor</ex>
         <ex>empereor</ex>
         <ex>empereor</ex>
         <ex>empereres</ex>
         <ex>apertement</ex>
         <ex>sperit</ex>
         <ex>esperiz</ex>
         <ex>aperce</ex>
         <ex>esperiz</ex>
         <ex>em﻿pereor</ex>
         <ex>empereor</ex>
         <ex>em﻿pereor</ex>
         <ex>em﻿pereor</ex>
         <ex>em﻿pereor</ex>
         <ex>em﻿pereres
</ex>
         <ex>em﻿pereres</ex>
         <ex>empereres</ex>
         <ex>em﻿pereres
</ex>
         <ex>em﻿pereres</ex>
         <ex>mpereres</ex>
         <ex>empereres
</ex>
         <ex>empereor.</ex>
         <ex>a﻿pertement</ex>
         <ex>empereres</ex>
         <ex>﻿pere</ex>
         <ex>aperce</ex>
         <ex>aperce</ex>
         <ex>em﻿pereor</ex>
         <ex>empereres</ex>
         <ex>em﻿pereor
</ex>
      </td>
      <td>
         <em>pre</em>
         <ex>prestre</ex>
         <ex>Liprestres</ex>
         <ex>prestre</ex>
      </td>
      <td>
         <em>pro</em>
         <ex>apropinquabit</ex>
      </td>
   </tr>
   <tr>
      <td>﻿﻿﻿spū</td>
      <td>
         <em>spiritu</em>
         <ex>etspiritu</ex>
      </td>
   </tr>
   <tr>
      <td>﻿﻿﻿uͤ</td>
      <td>
         <em>vre</em>
         <ex>oevres</ex>
         <ex>povres</ex>
         <ex>oevres</ex>
         <ex>oevres</ex>
      </td>
   </tr>
   <tr>
      <td>﻿﻿﻿uͥ</td>
      <td>
         <em>uer</em>
         <ex>fuerit</ex>
      </td>
   </tr>
   <tr>
      <td>﻿﻿﻿ū</td>
      <td>
         <em>um</em>
         <ex>regnumcelo</ex>
         <ex>regnumDei</ex>
         <ex>epotianum</ex>
         <ex>eternumin</ex>
      </td>
      <td>
         <em>un</em>
         <ex>dunchastel</ex>
         <ex>chascunleu</ex>
         <ex>Aucunbien</ex>
         <ex>chascunor</ex>
      </td>
      <td>
         <em>ver</em>
         <ex>envers</ex>
         <ex>vertuz</ex>
         <ex>diverses</ex>
         <ex>envers</ex>
         <ex>envers</ex>
      </td>
   </tr>
</table>
